nohup: ignoring input
pdate shape is:  (16992,)
./save/pems04_stgcn17_in12_out12_addtimeFalse_adjTrue_lr0.001_hc32_train0.7_val0.1_test0.2_seedNone_lossquantile_version0_note:ensemble0_stq18_wait10000s300slen10t3000q300scheNo training started Thu Dec  7 22:27:40 2023
pdate shape is:  (16992,)
data load........
initial data shape is:  (16992, 307, 3)
train_mean shape : (307,)
train  :  (11873, 24, 307, 3)
val  :  (1697, 24, 307, 3)
test  :  (3388, 24, 307, 3)
Model Training Started ... Thu Dec  7 22:27:42 2023
TIMESTEP_IN, TIMESTEP_OUT 12 12
LOSS is : quantile
CL target length = 1
qcl init quantile loss is [0.010000000000000009, 0.5, 0.99]
In spatial CL model  Epoch 0: 
| 3  Horizon | RMSE: 33.072, 32.224; MAE: 21.510, 20.952; MAPE: 12.148, 12.136; Q10: 5.083, 4.924; Q50: 10.916, 10.618; Q90: 5.057, 4.973;
| 6  Horizon | RMSE: 35.199, 34.456; MAE: 22.882, 22.436; MAPE: 12.799, 12.876; Q10: 5.341, 5.192; Q50: 11.600, 11.356; Q90: 5.352, 5.302;
| 12 Horizon | RMSE: 40.415, 39.697; MAE: 26.729, 26.372; MAPE: 15.353, 15.576; Q10: 6.126, 5.988; Q50: 13.548, 13.347; Q90: 6.413, 6.371;
In quantile CL model  Epoch 0: 
| 3  Horizon | RMSE: 34.305, 33.210; MAE: 22.574, 21.864; MAPE: 12.385, 12.383; Q10: 5.212, 5.019; Q50: 11.448, 11.069; Q90: 5.174, 5.105;
| 6  Horizon | RMSE: 36.522, 35.454; MAE: 24.040, 23.392; MAPE: 13.389, 13.406; Q10: 5.581, 5.382; Q50: 12.200, 11.850; Q90: 5.442, 5.394;
| 12 Horizon | RMSE: 41.289, 40.259; MAE: 27.289, 26.831; MAPE: 15.198, 15.432; Q10: 6.295, 6.105; Q50: 13.837, 13.578; Q90: 6.454, 6.431;
In temporal CL model  Epoch 0: 
| 3  Horizon | RMSE: 33.906, 32.913; MAE: 22.153, 21.507; MAPE: 12.309, 12.293; Q10: 5.080, 4.916; Q50: 11.210, 10.866; Q90: 5.624, 5.476;
| 6  Horizon | RMSE: 36.748, 35.817; MAE: 24.092, 23.516; MAPE: 13.294, 13.372; Q10: 5.484, 5.330; Q50: 12.191, 11.881; Q90: 5.860, 5.753;
| 12 Horizon | RMSE: 42.730, 41.548; MAE: 28.432, 27.732; MAPE: 15.609, 15.740; Q10: 6.461, 6.287; Q50: 14.387, 14.011; Q90: 6.714, 6.580;
epoch 0 time used: 114  seconds  train loss: 26.84 val loss: 7.989299 test loss: 7.781031
In spatial CL model  Epoch 1: 
| 3  Horizon | RMSE: 31.895, 31.207; MAE: 20.409, 20.059; MAPE: 11.950, 12.187; Q10: 4.857, 4.746; Q50: 10.327, 10.132; Q90: 4.662, 4.630;
| 6  Horizon | RMSE: 34.150, 33.633; MAE: 21.971, 21.715; MAPE: 12.390, 12.666; Q10: 5.144, 5.062; Q50: 11.129, 10.978; Q90: 5.033, 5.018;
| 12 Horizon | RMSE: 38.317, 38.181; MAE: 25.033, 25.062; MAPE: 14.022, 14.487; Q10: 5.777, 5.745; Q50: 12.689, 12.677; Q90: 5.781, 5.825;
In quantile CL model  Epoch 1: 
| 3  Horizon | RMSE: 32.149, 31.320; MAE: 20.638, 20.280; MAPE: 11.906, 12.196; Q10: 4.884, 4.739; Q50: 10.444, 10.242; Q90: 4.719, 4.698;
| 6  Horizon | RMSE: 34.334, 33.578; MAE: 22.133, 21.825; MAPE: 12.542, 12.852; Q10: 5.166, 5.035; Q50: 11.207, 11.028; Q90: 5.065, 5.067;
| 12 Horizon | RMSE: 38.111, 37.710; MAE: 24.857, 24.844; MAPE: 14.099, 14.657; Q10: 5.708, 5.660; Q50: 12.580, 12.544; Q90: 5.771, 5.816;
In temporal CL model  Epoch 1: 
| 3  Horizon | RMSE: 31.683, 31.106; MAE: 20.470, 20.171; MAPE: 12.177, 12.501; Q10: 4.826, 4.722; Q50: 10.356, 10.185; Q90: 4.662, 4.631;
| 6  Horizon | RMSE: 34.177, 33.758; MAE: 22.155, 21.937; MAPE: 12.497, 12.786; Q10: 5.121, 5.025; Q50: 11.224, 11.091; Q90: 5.061, 5.069;
| 12 Horizon | RMSE: 38.371, 38.229; MAE: 25.218, 25.169; MAPE: 14.051, 14.439; Q10: 5.789, 5.742; Q50: 12.783, 12.733; Q90: 5.833, 5.885;
epoch 1 time used: 112  seconds  train loss: 21.118 val loss: 7.205323 test loss: 7.136033
In spatial CL model  Epoch 2: 
| 3  Horizon | RMSE: 31.703, 31.139; MAE: 20.096, 19.806; MAPE: 11.750, 11.875; Q10: 4.748, 4.648; Q50: 10.192, 10.028; Q90: 4.725, 4.699;
| 6  Horizon | RMSE: 33.431, 33.205; MAE: 21.280, 21.226; MAPE: 12.444, 12.806; Q10: 5.000, 4.965; Q50: 10.784, 10.734; Q90: 4.895, 4.924;
| 12 Horizon | RMSE: 36.490, 37.052; MAE: 23.575, 24.073; MAPE: 13.755, 14.507; Q10: 5.555, 5.658; Q50: 11.949, 12.174; Q90: 5.369, 5.543;
In quantile CL model  Epoch 2: 
| 3  Horizon | RMSE: 32.221, 31.447; MAE: 20.528, 20.095; MAPE: 12.054, 12.061; Q10: 4.791, 4.633; Q50: 10.418, 10.178; Q90: 4.773, 4.725;
| 6  Horizon | RMSE: 33.979, 33.590; MAE: 21.797, 21.677; MAPE: 12.961, 13.261; Q10: 5.056, 4.962; Q50: 11.044, 10.961; Q90: 5.006, 5.019;
| 12 Horizon | RMSE: 36.536, 36.960; MAE: 23.782, 24.216; MAPE: 14.316, 15.005; Q10: 5.579, 5.660; Q50: 12.041, 12.231; Q90: 5.417, 5.565;
In temporal CL model  Epoch 2: 
| 3  Horizon | RMSE: 31.327, 30.834; MAE: 20.011, 19.691; MAPE: 11.710, 11.789; Q10: 4.703, 4.585; Q50: 10.146, 9.965; Q90: 4.648, 4.608;
| 6  Horizon | RMSE: 32.976, 32.923; MAE: 21.239, 21.227; MAPE: 12.531, 12.920; Q10: 4.952, 4.899; Q50: 10.753, 10.726; Q90: 4.848, 4.884;
| 12 Horizon | RMSE: 36.044, 36.917; MAE: 23.511, 24.067; MAPE: 13.809, 14.537; Q10: 5.539, 5.648; Q50: 11.910, 12.166; Q90: 5.360, 5.550;
epoch 2 time used: 113  seconds  train loss: 20.216 val loss: 6.895729 test loss: 6.902633
In spatial CL model  Epoch 3: 
| 3  Horizon | RMSE: 31.733, 31.235; MAE: 20.694, 20.426; MAPE: 13.691, 13.537; Q10: 4.887, 4.810; Q50: 10.531, 10.378; Q90: 4.672, 4.650;
| 6  Horizon | RMSE: 33.267, 33.120; MAE: 21.561, 21.523; MAPE: 13.418, 13.435; Q10: 5.101, 5.090; Q50: 10.957, 10.910; Q90: 4.892, 4.941;
| 12 Horizon | RMSE: 36.373, 37.128; MAE: 23.949, 24.588; MAPE: 14.430, 15.476; Q10: 5.639, 5.817; Q50: 12.125, 12.418; Q90: 5.441, 5.637;
In quantile CL model  Epoch 3: 
| 3  Horizon | RMSE: 31.549, 31.057; MAE: 20.486, 20.242; MAPE: 13.013, 12.917; Q10: 4.824, 4.715; Q50: 10.418, 10.277; Q90: 4.670, 4.652;
| 6  Horizon | RMSE: 33.127, 32.928; MAE: 21.386, 21.370; MAPE: 12.910, 12.985; Q10: 5.053, 4.989; Q50: 10.859, 10.830; Q90: 4.855, 4.914;
| 12 Horizon | RMSE: 36.181, 36.604; MAE: 23.624, 24.018; MAPE: 13.856, 14.394; Q10: 5.549, 5.630; Q50: 11.976, 12.146; Q90: 5.385, 5.558;
In temporal CL model  Epoch 3: 
| 3  Horizon | RMSE: 31.994, 31.698; MAE: 21.165, 20.951; MAPE: 13.586, 13.563; Q10: 4.942, 4.877; Q50: 10.757, 10.634; Q90: 4.734, 4.727;
| 6  Horizon | RMSE: 33.585, 33.635; MAE: 22.125, 22.146; MAPE: 13.579, 13.708; Q10: 5.173, 5.172; Q50: 11.231, 11.223; Q90: 5.019, 5.080;
| 12 Horizon | RMSE: 36.944, 37.839; MAE: 24.611, 25.234; MAPE: 15.075, 15.835; Q10: 5.847, 6.010; Q50: 12.450, 12.743; Q90: 5.563, 5.760;
epoch 3 time used: 113  seconds  train loss: 19.805 val loss: 7.221403 test loss: 7.264029
In spatial CL model  Epoch 4: 
| 3  Horizon | RMSE: 31.056, 30.567; MAE: 19.614, 19.361; MAPE: 11.460, 11.530; Q10: 4.672, 4.580; Q50: 9.957, 9.811; Q90: 4.498, 4.478;
| 6  Horizon | RMSE: 32.624, 32.484; MAE: 20.612, 20.589; MAPE: 11.975, 12.224; Q10: 4.905, 4.878; Q50: 10.461, 10.427; Q90: 4.698, 4.741;
| 12 Horizon | RMSE: 35.522, 36.210; MAE: 22.827, 23.361; MAPE: 13.383, 14.174; Q10: 5.407, 5.562; Q50: 11.573, 11.814; Q90: 5.172, 5.340;
In quantile CL model  Epoch 4: 
| 3  Horizon | RMSE: 30.989, 30.436; MAE: 19.658, 19.428; MAPE: 11.459, 11.732; Q10: 4.729, 4.605; Q50: 9.964, 9.827; Q90: 4.438, 4.446;
| 6  Horizon | RMSE: 32.859, 32.611; MAE: 20.981, 20.961; MAPE: 12.371, 12.762; Q10: 4.961, 4.890; Q50: 10.633, 10.599; Q90: 4.708, 4.784;
| 12 Horizon | RMSE: 35.813, 36.315; MAE: 23.402, 23.865; MAPE: 14.059, 14.838; Q10: 5.566, 5.706; Q50: 11.852, 12.056; Q90: 5.285, 5.438;
In temporal CL model  Epoch 4: 
| 3  Horizon | RMSE: 30.737, 30.312; MAE: 19.576, 19.284; MAPE: 11.507, 11.497; Q10: 4.637, 4.518; Q50: 9.940, 9.774; Q90: 4.475, 4.465;
| 6  Horizon | RMSE: 32.325, 32.182; MAE: 20.639, 20.522; MAPE: 12.021, 12.135; Q10: 4.875, 4.804; Q50: 10.475, 10.396; Q90: 4.692, 4.746;
| 12 Horizon | RMSE: 35.300, 35.748; MAE: 22.890, 23.170; MAPE: 13.444, 13.925; Q10: 5.388, 5.429; Q50: 11.599, 11.717; Q90: 5.206, 5.341;
epoch 4 time used: 112  seconds  train loss: 19.418 val loss: 6.723114 test loss: 6.702046
In spatial CL model  Epoch 5: 
| 3  Horizon | RMSE: 31.237, 30.819; MAE: 20.116, 19.906; MAPE: 12.691, 12.629; Q10: 4.768, 4.680; Q50: 10.232, 10.108; Q90: 4.521, 4.531;
| 6  Horizon | RMSE: 32.557, 32.543; MAE: 20.814, 20.878; MAPE: 12.506, 12.606; Q10: 4.970, 4.942; Q50: 10.579, 10.589; Q90: 4.775, 4.881;
| 12 Horizon | RMSE: 35.037, 35.814; MAE: 22.487, 23.037; MAPE: 13.122, 13.666; Q10: 5.373, 5.463; Q50: 11.417, 11.670; Q90: 5.121, 5.392;
In quantile CL model  Epoch 5: 
| 3  Horizon | RMSE: 30.940, 30.611; MAE: 19.890, 19.738; MAPE: 11.928, 11.917; Q10: 4.666, 4.562; Q50: 10.105, 10.010; Q90: 4.505, 4.569;
| 6  Horizon | RMSE: 32.337, 32.428; MAE: 20.732, 20.871; MAPE: 12.124, 12.327; Q10: 4.899, 4.838; Q50: 10.524, 10.575; Q90: 4.745, 4.919;
| 12 Horizon | RMSE: 34.899, 35.646; MAE: 22.636, 23.161; MAPE: 13.479, 13.785; Q10: 5.340, 5.381; Q50: 11.499, 11.737; Q90: 5.185, 5.490;
In temporal CL model  Epoch 5: 
| 3  Horizon | RMSE: 30.934, 30.695; MAE: 20.051, 19.895; MAPE: 12.263, 12.316; Q10: 4.683, 4.602; Q50: 10.191, 10.098; Q90: 4.497, 4.539;
| 6  Horizon | RMSE: 32.305, 32.435; MAE: 20.840, 20.922; MAPE: 12.212, 12.393; Q10: 4.889, 4.855; Q50: 10.583, 10.607; Q90: 4.752, 4.904;
| 12 Horizon | RMSE: 34.746, 35.580; MAE: 22.485, 23.028; MAPE: 13.003, 13.557; Q10: 5.343, 5.409; Q50: 11.399, 11.654; Q90: 5.106, 5.409;
epoch 5 time used: 113  seconds  train loss: 19.15 val loss: 6.727253 test loss: 6.782253
In spatial CL model  Epoch 6: 
| 3  Horizon | RMSE: 31.186, 30.826; MAE: 19.941, 19.837; MAPE: 11.820, 12.140; Q10: 4.737, 4.657; Q50: 10.094, 10.020; Q90: 4.505, 4.543;
| 6  Horizon | RMSE: 32.498, 32.531; MAE: 20.736, 20.897; MAPE: 12.173, 12.702; Q10: 4.874, 4.863; Q50: 10.498, 10.556; Q90: 4.695, 4.805;
| 12 Horizon | RMSE: 34.979, 35.730; MAE: 22.456, 23.035; MAPE: 12.977, 13.874; Q10: 5.272, 5.385; Q50: 11.376, 11.640; Q90: 5.118, 5.356;
In quantile CL model  Epoch 6: 
| 3  Horizon | RMSE: 30.823, 30.716; MAE: 19.727, 19.792; MAPE: 11.413, 11.795; Q10: 4.651, 4.607; Q50: 9.990, 10.005; Q90: 4.449, 4.566;
| 6  Horizon | RMSE: 32.274, 32.629; MAE: 20.632, 20.978; MAPE: 11.801, 12.312; Q10: 4.849, 4.839; Q50: 10.455, 10.610; Q90: 4.642, 4.849;
| 12 Horizon | RMSE: 35.050, 36.018; MAE: 22.629, 23.345; MAPE: 12.846, 13.627; Q10: 5.330, 5.391; Q50: 11.467, 11.803; Q90: 5.184, 5.486;
In temporal CL model  Epoch 6: 
| 3  Horizon | RMSE: 30.615, 30.491; MAE: 19.530, 19.533; MAPE: 11.434, 11.733; Q10: 4.629, 4.579; Q50: 9.891, 9.875; Q90: 4.423, 4.492;
| 6  Horizon | RMSE: 31.997, 32.313; MAE: 20.425, 20.699; MAPE: 11.789, 12.231; Q10: 4.816, 4.823; Q50: 10.347, 10.466; Q90: 4.606, 4.741;
| 12 Horizon | RMSE: 34.704, 35.664; MAE: 22.405, 23.039; MAPE: 13.021, 13.735; Q10: 5.276, 5.378; Q50: 11.346, 11.644; Q90: 5.093, 5.361;
epoch 6 time used: 112  seconds  train loss: 18.975 val loss: 6.649291 test loss: 6.74841
In spatial CL model  Epoch 7: 
| 3  Horizon | RMSE: 31.355, 31.064; MAE: 19.790, 19.750; MAPE: 11.673, 11.926; Q10: 4.694, 4.637; Q50: 10.023, 9.985; Q90: 4.515, 4.553;
| 6  Horizon | RMSE: 33.622, 33.686; MAE: 21.504, 21.702; MAPE: 13.164, 13.634; Q10: 4.963, 4.996; Q50: 10.871, 10.953; Q90: 4.842, 4.931;
| 12 Horizon | RMSE: 35.879, 36.740; MAE: 23.024, 23.700; MAPE: 13.920, 14.723; Q10: 5.339, 5.505; Q50: 11.650, 11.970; Q90: 5.297, 5.473;
In quantile CL model  Epoch 7: 
| 3  Horizon | RMSE: 31.286, 30.960; MAE: 19.894, 19.800; MAPE: 11.647, 11.924; Q10: 4.647, 4.558; Q50: 10.080, 10.014; Q90: 4.559, 4.615;
| 6  Horizon | RMSE: 33.566, 33.622; MAE: 21.612, 21.732; MAPE: 13.139, 13.642; Q10: 5.065, 5.064; Q50: 10.934, 10.973; Q90: 4.914, 5.017;
| 12 Horizon | RMSE: 35.474, 36.473; MAE: 23.011, 23.672; MAPE: 13.917, 14.740; Q10: 5.352, 5.517; Q50: 11.646, 11.954; Q90: 5.341, 5.543;
In temporal CL model  Epoch 7: 
| 3  Horizon | RMSE: 31.089, 30.816; MAE: 19.729, 19.565; MAPE: 11.628, 11.744; Q10: 4.651, 4.581; Q50: 9.998, 9.900; Q90: 4.519, 4.532;
| 6  Horizon | RMSE: 33.162, 33.283; MAE: 21.319, 21.388; MAPE: 13.037, 13.342; Q10: 4.954, 4.962; Q50: 10.782, 10.801; Q90: 4.854, 4.930;
| 12 Horizon | RMSE: 35.383, 36.407; MAE: 22.901, 23.518; MAPE: 14.077, 14.661; Q10: 5.321, 5.481; Q50: 11.581, 11.876; Q90: 5.236, 5.446;
epoch 7 time used: 113  seconds  train loss: 18.784 val loss: 6.795924 test loss: 6.852284
In spatial CL model  Epoch 8: 
| 3  Horizon | RMSE: 30.931, 30.340; MAE: 19.459, 19.207; MAPE: 11.331, 11.377; Q10: 4.639, 4.520; Q50: 9.877, 9.730; Q90: 4.407, 4.416;
| 6  Horizon | RMSE: 32.240, 31.950; MAE: 20.293, 20.267; MAPE: 11.712, 11.996; Q10: 4.849, 4.787; Q50: 10.286, 10.252; Q90: 4.618, 4.710;
| 12 Horizon | RMSE: 34.694, 34.994; MAE: 22.110, 22.461; MAPE: 12.876, 13.464; Q10: 5.263, 5.312; Q50: 11.202, 11.355; Q90: 5.044, 5.216;
In quantile CL model  Epoch 8: 
| 3  Horizon | RMSE: 30.647, 30.278; MAE: 19.460, 19.305; MAPE: 11.309, 11.393; Q10: 4.573, 4.478; Q50: 9.880, 9.782; Q90: 4.425, 4.494;
| 6  Horizon | RMSE: 31.984, 31.962; MAE: 20.308, 20.398; MAPE: 11.629, 11.994; Q10: 4.797, 4.751; Q50: 10.297, 10.321; Q90: 4.645, 4.800;
| 12 Horizon | RMSE: 34.483, 34.866; MAE: 22.256, 22.618; MAPE: 12.801, 13.419; Q10: 5.249, 5.258; Q50: 11.276, 11.432; Q90: 5.141, 5.346;
In temporal CL model  Epoch 8: 
| 3  Horizon | RMSE: 30.725, 30.418; MAE: 19.518, 19.358; MAPE: 11.264, 11.348; Q10: 4.598, 4.511; Q50: 9.903, 9.803; Q90: 4.412, 4.453;
| 6  Horizon | RMSE: 32.061, 32.136; MAE: 20.388, 20.477; MAPE: 11.643, 11.911; Q10: 4.828, 4.794; Q50: 10.336, 10.360; Q90: 4.645, 4.802;
| 12 Horizon | RMSE: 34.642, 35.163; MAE: 22.297, 22.669; MAPE: 12.726, 13.193; Q10: 5.281, 5.307; Q50: 11.300, 11.465; Q90: 5.080, 5.331;
epoch 8 time used: 112  seconds  train loss: 18.666 val loss: 6.626531 test loss: 6.665118
In spatial CL model  Epoch 9: 
| 3  Horizon | RMSE: 31.011, 30.464; MAE: 19.546, 19.336; MAPE: 11.237, 11.356; Q10: 4.656, 4.539; Q50: 9.916, 9.792; Q90: 4.444, 4.475;
| 6  Horizon | RMSE: 32.606, 32.387; MAE: 20.625, 20.627; MAPE: 11.701, 11.978; Q10: 4.905, 4.844; Q50: 10.463, 10.445; Q90: 4.685, 4.797;
| 12 Horizon | RMSE: 34.969, 35.455; MAE: 22.385, 22.807; MAPE: 12.664, 13.250; Q10: 5.254, 5.323; Q50: 11.359, 11.548; Q90: 5.097, 5.348;
In quantile CL model  Epoch 9: 
| 3  Horizon | RMSE: 30.860, 30.792; MAE: 19.666, 19.707; MAPE: 11.185, 11.475; Q10: 4.631, 4.575; Q50: 9.969, 9.972; Q90: 4.514, 4.652;
| 6  Horizon | RMSE: 32.400, 32.797; MAE: 20.644, 20.976; MAPE: 11.555, 11.992; Q10: 4.838, 4.823; Q50: 10.472, 10.621; Q90: 4.694, 4.931;
| 12 Horizon | RMSE: 34.575, 35.642; MAE: 22.308, 23.062; MAPE: 12.546, 13.294; Q10: 5.257, 5.325; Q50: 11.310, 11.668; Q90: 5.085, 5.450;
In temporal CL model  Epoch 9: 
| 3  Horizon | RMSE: 30.617, 30.466; MAE: 19.477, 19.409; MAPE: 11.308, 11.478; Q10: 4.604, 4.545; Q50: 9.865, 9.815; Q90: 4.447, 4.517;
| 6  Horizon | RMSE: 32.237, 32.548; MAE: 20.557, 20.751; MAPE: 11.703, 11.972; Q10: 4.832, 4.825; Q50: 10.425, 10.505; Q90: 4.726, 4.907;
| 12 Horizon | RMSE: 34.922, 35.794; MAE: 22.614, 23.100; MAPE: 12.918, 13.338; Q10: 5.294, 5.369; Q50: 11.477, 11.702; Q90: 5.126, 5.440;
epoch 9 time used: 103  seconds  train loss: 18.572 val loss: 6.690824 test loss: 6.774473
In spatial CL model  Epoch 10: 
| 3  Horizon | RMSE: 30.993, 30.485; MAE: 19.493, 19.278; MAPE: 11.568, 11.555; Q10: 4.671, 4.564; Q50: 9.901, 9.776; Q90: 4.409, 4.425;
| 6  Horizon | RMSE: 32.552, 32.371; MAE: 20.667, 20.653; MAPE: 12.229, 12.275; Q10: 4.927, 4.870; Q50: 10.501, 10.474; Q90: 4.615, 4.718;
| 12 Horizon | RMSE: 34.680, 35.128; MAE: 22.210, 22.540; MAPE: 13.167, 13.344; Q10: 5.223, 5.292; Q50: 11.285, 11.427; Q90: 5.072, 5.283;
In quantile CL model  Epoch 10: 
| 3  Horizon | RMSE: 30.407, 30.189; MAE: 19.217, 19.159; MAPE: 11.107, 11.288; Q10: 4.543, 4.467; Q50: 9.751, 9.706; Q90: 4.370, 4.471;
| 6  Horizon | RMSE: 31.766, 32.082; MAE: 20.181, 20.462; MAPE: 11.604, 11.880; Q10: 4.796, 4.792; Q50: 10.245, 10.369; Q90: 4.568, 4.780;
| 12 Horizon | RMSE: 33.864, 34.699; MAE: 21.793, 22.363; MAPE: 12.807, 13.151; Q10: 5.121, 5.196; Q50: 11.071, 11.336; Q90: 4.993, 5.311;
In temporal CL model  Epoch 10: 
| 3  Horizon | RMSE: 30.480, 30.347; MAE: 19.280, 19.219; MAPE: 11.270, 11.404; Q10: 4.572, 4.520; Q50: 9.786, 9.742; Q90: 4.390, 4.459;
| 6  Horizon | RMSE: 31.904, 32.350; MAE: 20.356, 20.649; MAPE: 11.813, 12.081; Q10: 4.802, 4.821; Q50: 10.336, 10.468; Q90: 4.604, 4.808;
| 12 Horizon | RMSE: 34.163, 35.050; MAE: 21.965, 22.489; MAPE: 12.866, 13.188; Q10: 5.170, 5.274; Q50: 11.155, 11.400; Q90: 5.051, 5.356;
epoch 10 time used: 102  seconds  train loss: 18.431 val loss: 6.572463 test loss: 6.675853
In spatial CL model  Epoch 11: 
| 3  Horizon | RMSE: 30.988, 30.719; MAE: 19.343, 19.327; MAPE: 11.402, 11.576; Q10: 4.630, 4.563; Q50: 9.822, 9.797; Q90: 4.347, 4.401;
| 6  Horizon | RMSE: 32.571, 32.674; MAE: 20.306, 20.542; MAPE: 11.826, 12.175; Q10: 4.912, 4.932; Q50: 10.306, 10.406; Q90: 4.558, 4.692;
| 12 Horizon | RMSE: 34.766, 35.586; MAE: 21.952, 22.576; MAPE: 12.793, 13.372; Q10: 5.263, 5.420; Q50: 11.146, 11.438; Q90: 4.972, 5.205;
In quantile CL model  Epoch 11: 
| 3  Horizon | RMSE: 30.784, 30.464; MAE: 19.597, 19.407; MAPE: 11.765, 11.783; Q10: 4.606, 4.509; Q50: 9.957, 9.844; Q90: 4.392, 4.453;
| 6  Horizon | RMSE: 32.145, 32.160; MAE: 20.325, 20.362; MAPE: 11.828, 12.047; Q10: 4.804, 4.760; Q50: 10.318, 10.317; Q90: 4.578, 4.701;
| 12 Horizon | RMSE: 34.214, 34.907; MAE: 21.872, 22.390; MAPE: 12.642, 13.189; Q10: 5.175, 5.250; Q50: 11.103, 11.342; Q90: 4.959, 5.218;
In temporal CL model  Epoch 11: 
| 3  Horizon | RMSE: 30.811, 30.597; MAE: 19.492, 19.362; MAPE: 11.268, 11.394; Q10: 4.603, 4.539; Q50: 9.879, 9.799; Q90: 4.397, 4.427;
| 6  Horizon | RMSE: 32.282, 32.472; MAE: 20.472, 20.549; MAPE: 11.955, 12.163; Q10: 4.834, 4.823; Q50: 10.368, 10.389; Q90: 4.637, 4.731;
| 12 Horizon | RMSE: 34.580, 35.391; MAE: 22.129, 22.591; MAPE: 12.933, 13.334; Q10: 5.272, 5.358; Q50: 11.209, 11.424; Q90: 5.010, 5.234;
epoch 11 time used: 102  seconds  train loss: 18.338 val loss: 6.635133 test loss: 6.683844
In spatial CL model  Epoch 12: 
| 3  Horizon | RMSE: 30.823, 30.488; MAE: 19.316, 19.228; MAPE: 11.094, 11.287; Q10: 4.620, 4.527; Q50: 9.794, 9.732; Q90: 4.340, 4.398;
| 6  Horizon | RMSE: 32.130, 32.173; MAE: 20.182, 20.346; MAPE: 11.588, 11.943; Q10: 4.826, 4.795; Q50: 10.229, 10.292; Q90: 4.534, 4.673;
| 12 Horizon | RMSE: 34.335, 35.082; MAE: 21.933, 22.469; MAPE: 12.562, 13.154; Q10: 5.223, 5.297; Q50: 11.119, 11.364; Q90: 5.022, 5.304;
In quantile CL model  Epoch 12: 
| 3  Horizon | RMSE: 30.493, 30.463; MAE: 19.373, 19.419; MAPE: 11.118, 11.357; Q10: 4.566, 4.501; Q50: 9.831, 9.837; Q90: 4.379, 4.516;
| 6  Horizon | RMSE: 31.780, 32.202; MAE: 20.149, 20.482; MAPE: 11.538, 11.939; Q10: 4.759, 4.750; Q50: 10.222, 10.370; Q90: 4.548, 4.760;
| 12 Horizon | RMSE: 34.028, 35.080; MAE: 21.884, 22.580; MAPE: 12.610, 13.259; Q10: 5.189, 5.280; Q50: 11.095, 11.424; Q90: 5.057, 5.427;
In temporal CL model  Epoch 12: 
| 3  Horizon | RMSE: 30.479, 30.438; MAE: 19.369, 19.347; MAPE: 11.167, 11.342; Q10: 4.576, 4.528; Q50: 9.825, 9.801; Q90: 4.366, 4.445;
| 6  Horizon | RMSE: 31.805, 32.312; MAE: 20.258, 20.550; MAPE: 11.626, 11.887; Q10: 4.770, 4.788; Q50: 10.273, 10.406; Q90: 4.538, 4.707;
| 12 Horizon | RMSE: 34.075, 35.170; MAE: 21.936, 22.544; MAPE: 12.707, 13.062; Q10: 5.204, 5.311; Q50: 11.129, 11.416; Q90: 5.054, 5.411;
epoch 12 time used: 102  seconds  train loss: 18.274 val loss: 6.550247 test loss: 6.658756
In spatial CL model  Epoch 13: 
| 3  Horizon | RMSE: 30.775, 30.455; MAE: 19.401, 19.346; MAPE: 11.532, 11.757; Q10: 4.615, 4.530; Q50: 9.828, 9.783; Q90: 4.351, 4.406;
| 6  Horizon | RMSE: 31.960, 31.943; MAE: 20.095, 20.226; MAPE: 11.638, 11.958; Q10: 4.819, 4.783; Q50: 10.191, 10.240; Q90: 4.546, 4.690;
| 12 Horizon | RMSE: 33.869, 34.461; MAE: 21.484, 22.009; MAPE: 12.589, 13.214; Q10: 5.158, 5.232; Q50: 10.889, 11.132; Q90: 4.863, 5.084;
In quantile CL model  Epoch 13: 
| 3  Horizon | RMSE: 30.377, 30.168; MAE: 19.190, 19.172; MAPE: 11.215, 11.478; Q10: 4.535, 4.466; Q50: 9.724, 9.699; Q90: 4.341, 4.462;
| 6  Horizon | RMSE: 31.544, 31.815; MAE: 19.928, 20.193; MAPE: 11.460, 11.813; Q10: 4.730, 4.718; Q50: 10.107, 10.223; Q90: 4.519, 4.733;
| 12 Horizon | RMSE: 33.516, 34.242; MAE: 21.412, 21.938; MAPE: 12.391, 12.959; Q10: 5.108, 5.166; Q50: 10.856, 11.099; Q90: 4.852, 5.112;
In temporal CL model  Epoch 13: 
| 3  Horizon | RMSE: 30.535, 30.405; MAE: 19.343, 19.240; MAPE: 11.394, 11.514; Q10: 4.560, 4.512; Q50: 9.801, 9.737; Q90: 4.335, 4.389;
| 6  Horizon | RMSE: 31.591, 31.988; MAE: 20.030, 20.239; MAPE: 11.643, 11.940; Q10: 4.765, 4.777; Q50: 10.163, 10.256; Q90: 4.545, 4.736;
| 12 Horizon | RMSE: 34.102, 34.813; MAE: 21.795, 22.173; MAPE: 12.765, 13.093; Q10: 5.202, 5.283; Q50: 11.051, 11.226; Q90: 4.924, 5.123;
epoch 13 time used: 102  seconds  train loss: 18.169 val loss: 6.518943 test loss: 6.589669
In spatial CL model  Epoch 14: 
| 3  Horizon | RMSE: 30.689, 30.321; MAE: 19.190, 19.076; MAPE: 11.082, 11.278; Q10: 4.575, 4.488; Q50: 9.724, 9.651; Q90: 4.368, 4.420;
| 6  Horizon | RMSE: 31.845, 31.770; MAE: 19.817, 19.915; MAPE: 11.391, 11.698; Q10: 4.777, 4.740; Q50: 10.050, 10.081; Q90: 4.498, 4.631;
| 12 Horizon | RMSE: 33.866, 34.443; MAE: 21.457, 21.904; MAPE: 12.271, 12.759; Q10: 5.118, 5.193; Q50: 10.895, 11.096; Q90: 4.892, 5.135;
In quantile CL model  Epoch 14: 
| 3  Horizon | RMSE: 30.192, 30.035; MAE: 19.019, 19.011; MAPE: 10.882, 11.144; Q10: 4.498, 4.430; Q50: 9.647, 9.627; Q90: 4.293, 4.400;
| 6  Horizon | RMSE: 31.431, 31.639; MAE: 19.730, 19.957; MAPE: 11.293, 11.679; Q10: 4.698, 4.686; Q50: 10.011, 10.108; Q90: 4.467, 4.663;
| 12 Horizon | RMSE: 33.684, 34.600; MAE: 21.599, 22.241; MAPE: 12.679, 13.164; Q10: 5.109, 5.194; Q50: 10.978, 11.280; Q90: 4.876, 5.219;
In temporal CL model  Epoch 14: 
| 3  Horizon | RMSE: 30.213, 30.127; MAE: 19.083, 19.023; MAPE: 11.147, 11.277; Q10: 4.526, 4.475; Q50: 9.666, 9.623; Q90: 4.324, 4.397;
| 6  Horizon | RMSE: 31.440, 31.837; MAE: 19.828, 20.029; MAPE: 11.491, 11.732; Q10: 4.718, 4.738; Q50: 10.049, 10.137; Q90: 4.494, 4.670;
| 12 Horizon | RMSE: 33.695, 34.646; MAE: 21.508, 22.048; MAPE: 12.497, 12.876; Q10: 5.122, 5.238; Q50: 10.919, 11.175; Q90: 4.883, 5.179;
epoch 14 time used: 102  seconds  train loss: 18.107 val loss: 6.445414 test loss: 6.539146
In spatial CL model  Epoch 15: 
| 3  Horizon | RMSE: 30.976, 30.697; MAE: 19.313, 19.274; MAPE: 11.293, 11.496; Q10: 4.613, 4.557; Q50: 9.790, 9.753; Q90: 4.330, 4.377;
| 6  Horizon | RMSE: 32.189, 32.223; MAE: 20.064, 20.210; MAPE: 11.695, 12.018; Q10: 4.853, 4.857; Q50: 10.179, 10.233; Q90: 4.504, 4.623;
| 12 Horizon | RMSE: 34.424, 35.124; MAE: 21.824, 22.328; MAPE: 12.812, 13.428; Q10: 5.208, 5.378; Q50: 11.070, 11.299; Q90: 4.929, 5.114;
In quantile CL model  Epoch 15: 
| 3  Horizon | RMSE: 30.444, 30.253; MAE: 19.223, 19.150; MAPE: 11.163, 11.407; Q10: 4.539, 4.470; Q50: 9.742, 9.686; Q90: 4.343, 4.417;
| 6  Horizon | RMSE: 31.595, 31.831; MAE: 19.873, 20.029; MAPE: 11.486, 11.818; Q10: 4.744, 4.728; Q50: 10.082, 10.141; Q90: 4.482, 4.638;
| 12 Horizon | RMSE: 34.065, 34.779; MAE: 21.704, 22.117; MAPE: 12.611, 13.135; Q10: 5.155, 5.253; Q50: 11.007, 11.192; Q90: 4.902, 5.108;
In temporal CL model  Epoch 15: 
| 3  Horizon | RMSE: 30.443, 30.449; MAE: 19.230, 19.213; MAPE: 11.161, 11.371; Q10: 4.539, 4.526; Q50: 9.751, 9.731; Q90: 4.332, 4.385;
| 6  Horizon | RMSE: 31.644, 32.193; MAE: 19.948, 20.220; MAPE: 11.581, 11.955; Q10: 4.754, 4.826; Q50: 10.119, 10.244; Q90: 4.499, 4.647;
| 12 Horizon | RMSE: 34.055, 35.088; MAE: 21.742, 22.270; MAPE: 12.812, 13.312; Q10: 5.160, 5.358; Q50: 11.015, 11.266; Q90: 4.887, 5.096;
epoch 15 time used: 102  seconds  train loss: 18.047 val loss: 6.488349 test loss: 6.598433
In spatial CL model  Epoch 16: 
| 3  Horizon | RMSE: 30.811, 30.499; MAE: 19.199, 19.144; MAPE: 11.199, 11.438; Q10: 4.605, 4.530; Q50: 9.722, 9.678; Q90: 4.306, 4.352;
| 6  Horizon | RMSE: 31.934, 31.951; MAE: 19.950, 20.095; MAPE: 11.418, 11.766; Q10: 4.827, 4.793; Q50: 10.117, 10.173; Q90: 4.476, 4.609;
| 12 Horizon | RMSE: 33.823, 34.445; MAE: 21.548, 22.013; MAPE: 12.352, 12.894; Q10: 5.219, 5.290; Q50: 10.928, 11.139; Q90: 4.869, 5.072;
In quantile CL model  Epoch 16: 
| 3  Horizon | RMSE: 30.331, 30.144; MAE: 19.158, 19.126; MAPE: 11.095, 11.423; Q10: 4.531, 4.465; Q50: 9.699, 9.664; Q90: 4.302, 4.379;
| 6  Horizon | RMSE: 31.592, 31.804; MAE: 19.933, 20.103; MAPE: 11.385, 11.749; Q10: 4.751, 4.734; Q50: 10.107, 10.173; Q90: 4.492, 4.653;
| 12 Horizon | RMSE: 33.895, 34.620; MAE: 21.711, 22.169; MAPE: 12.443, 12.981; Q10: 5.161, 5.239; Q50: 11.007, 11.214; Q90: 4.963, 5.168;
In temporal CL model  Epoch 16: 
| 3  Horizon | RMSE: 30.396, 30.341; MAE: 19.252, 19.208; MAPE: 11.282, 11.542; Q10: 4.540, 4.503; Q50: 9.742, 9.705; Q90: 4.314, 4.374;
| 6  Horizon | RMSE: 31.652, 32.092; MAE: 20.065, 20.255; MAPE: 11.547, 11.871; Q10: 4.772, 4.794; Q50: 10.162, 10.241; Q90: 4.507, 4.657;
| 12 Horizon | RMSE: 33.963, 34.791; MAE: 21.810, 22.230; MAPE: 12.767, 13.178; Q10: 5.233, 5.344; Q50: 11.042, 11.237; Q90: 4.972, 5.141;
epoch 16 time used: 102  seconds  train loss: 17.986 val loss: 6.511153 test loss: 6.582499
In spatial CL model  Epoch 17: 
| 3  Horizon | RMSE: 30.755, 30.605; MAE: 19.176, 19.208; MAPE: 11.050, 11.310; Q10: 4.625, 4.562; Q50: 9.727, 9.728; Q90: 4.303, 4.388;
| 6  Horizon | RMSE: 31.943, 32.091; MAE: 19.872, 20.118; MAPE: 11.584, 12.016; Q10: 4.814, 4.805; Q50: 10.068, 10.175; Q90: 4.458, 4.628;
| 12 Horizon | RMSE: 33.580, 34.386; MAE: 21.315, 21.919; MAPE: 12.333, 13.028; Q10: 5.171, 5.259; Q50: 10.801, 11.085; Q90: 4.813, 5.076;
In quantile CL model  Epoch 17: 
| 3  Horizon | RMSE: 30.297, 30.322; MAE: 19.152, 19.245; MAPE: 11.017, 11.332; Q10: 4.555, 4.515; Q50: 9.718, 9.751; Q90: 4.341, 4.478;
| 6  Horizon | RMSE: 31.444, 31.801; MAE: 19.773, 20.063; MAPE: 11.466, 11.957; Q10: 4.714, 4.732; Q50: 10.023, 10.152; Q90: 4.466, 4.677;
| 12 Horizon | RMSE: 33.465, 34.450; MAE: 21.264, 21.925; MAPE: 12.262, 13.006; Q10: 5.103, 5.218; Q50: 10.781, 11.094; Q90: 4.827, 5.118;
In temporal CL model  Epoch 17: 
| 3  Horizon | RMSE: 30.413, 30.550; MAE: 19.294, 19.381; MAPE: 10.988, 11.277; Q10: 4.579, 4.569; Q50: 9.787, 9.819; Q90: 4.339, 4.453;
| 6  Horizon | RMSE: 31.452, 32.050; MAE: 19.842, 20.159; MAPE: 11.418, 11.783; Q10: 4.746, 4.809; Q50: 10.052, 10.200; Q90: 4.491, 4.698;
| 12 Horizon | RMSE: 33.488, 34.650; MAE: 21.328, 21.988; MAPE: 12.200, 12.751; Q10: 5.164, 5.322; Q50: 10.815, 11.133; Q90: 4.816, 5.109;
epoch 17 time used: 102  seconds  train loss: 17.964 val loss: 6.450912 test loss: 6.591148
In spatial CL model  Epoch 18: 
| 3  Horizon | RMSE: 30.892, 30.698; MAE: 19.384, 19.364; MAPE: 11.556, 11.795; Q10: 4.651, 4.593; Q50: 9.844, 9.822; Q90: 4.413, 4.496;
| 6  Horizon | RMSE: 32.083, 32.164; MAE: 20.142, 20.292; MAPE: 11.706, 12.023; Q10: 4.837, 4.811; Q50: 10.224, 10.285; Q90: 4.543, 4.704;
| 12 Horizon | RMSE: 33.922, 34.574; MAE: 21.656, 22.146; MAPE: 12.510, 13.042; Q10: 5.203, 5.259; Q50: 10.987, 11.215; Q90: 4.899, 5.151;
In quantile CL model  Epoch 18: 
| 3  Horizon | RMSE: 30.394, 30.194; MAE: 19.243, 19.149; MAPE: 11.528, 11.648; Q10: 4.582, 4.502; Q50: 9.777, 9.713; Q90: 4.361, 4.439;
| 6  Horizon | RMSE: 31.566, 31.789; MAE: 19.888, 20.056; MAPE: 11.579, 11.860; Q10: 4.750, 4.727; Q50: 10.096, 10.163; Q90: 4.480, 4.649;
| 12 Horizon | RMSE: 33.798, 34.597; MAE: 21.577, 22.159; MAPE: 12.477, 13.029; Q10: 5.142, 5.213; Q50: 10.954, 11.226; Q90: 4.874, 5.156;
In temporal CL model  Epoch 18: 
| 3  Horizon | RMSE: 30.513, 30.605; MAE: 19.343, 19.322; MAPE: 11.496, 11.668; Q10: 4.616, 4.590; Q50: 9.823, 9.799; Q90: 4.418, 4.489;
| 6  Horizon | RMSE: 31.739, 32.312; MAE: 20.044, 20.264; MAPE: 11.569, 11.847; Q10: 4.798, 4.842; Q50: 10.163, 10.259; Q90: 4.540, 4.707;
| 12 Horizon | RMSE: 33.798, 34.916; MAE: 21.618, 22.221; MAPE: 12.522, 13.051; Q10: 5.173, 5.326; Q50: 10.949, 11.237; Q90: 4.877, 5.144;
epoch 18 time used: 102  seconds  train loss: 17.904 val loss: 6.527034 test loss: 6.629348
In spatial CL model  Epoch 19: 
| 3  Horizon | RMSE: 30.724, 30.516; MAE: 19.201, 19.190; MAPE: 11.289, 11.508; Q10: 4.623, 4.562; Q50: 9.751, 9.733; Q90: 4.324, 4.405;
| 6  Horizon | RMSE: 31.950, 32.073; MAE: 20.142, 20.343; MAPE: 12.071, 12.402; Q10: 4.855, 4.837; Q50: 10.236, 10.322; Q90: 4.577, 4.763;
| 12 Horizon | RMSE: 34.237, 34.979; MAE: 22.264, 22.818; MAPE: 13.483, 13.979; Q10: 5.223, 5.285; Q50: 11.321, 11.580; Q90: 5.047, 5.341;
In quantile CL model  Epoch 19: 
| 3  Horizon | RMSE: 30.216, 30.110; MAE: 19.073, 19.071; MAPE: 10.997, 11.220; Q10: 4.536, 4.481; Q50: 9.677, 9.663; Q90: 4.369, 4.503;
| 6  Horizon | RMSE: 31.567, 31.912; MAE: 20.043, 20.340; MAPE: 11.915, 12.239; Q10: 4.730, 4.729; Q50: 10.186, 10.320; Q90: 4.574, 4.809;
| 12 Horizon | RMSE: 34.559, 35.556; MAE: 22.572, 23.293; MAPE: 13.511, 14.033; Q10: 5.202, 5.273; Q50: 11.482, 11.825; Q90: 5.088, 5.461;
In temporal CL model  Epoch 19: 
| 3  Horizon | RMSE: 30.218, 30.352; MAE: 19.009, 19.053; MAPE: 11.057, 11.285; Q10: 4.522, 4.522; Q50: 9.632, 9.640; Q90: 4.279, 4.362;
| 6  Horizon | RMSE: 31.499, 32.104; MAE: 19.764, 20.059; MAPE: 11.399, 11.722; Q10: 4.728, 4.800; Q50: 10.027, 10.160; Q90: 4.457, 4.641;
| 12 Horizon | RMSE: 34.059, 35.174; MAE: 21.972, 22.622; MAPE: 13.065, 13.469; Q10: 5.197, 5.343; Q50: 11.166, 11.474; Q90: 4.988, 5.284;
epoch 19 time used: 102  seconds  train loss: 17.848 val loss: 6.480687 test loss: 6.613548
In spatial CL model  Epoch 20: 
| 3  Horizon | RMSE: 30.824, 30.704; MAE: 19.096, 19.098; MAPE: 11.135, 11.341; Q10: 4.582, 4.526; Q50: 9.683, 9.671; Q90: 4.290, 4.360;
| 6  Horizon | RMSE: 31.965, 32.185; MAE: 19.871, 20.092; MAPE: 11.551, 11.864; Q10: 4.819, 4.812; Q50: 10.080, 10.175; Q90: 4.460, 4.617;
| 12 Horizon | RMSE: 34.366, 35.068; MAE: 21.756, 22.252; MAPE: 12.752, 13.238; Q10: 5.218, 5.332; Q50: 11.032, 11.261; Q90: 4.893, 5.095;
In quantile CL model  Epoch 20: 
| 3  Horizon | RMSE: 30.234, 30.069; MAE: 18.979, 18.977; MAPE: 10.913, 11.201; Q10: 4.506, 4.444; Q50: 9.623, 9.605; Q90: 4.271, 4.359;
| 6  Horizon | RMSE: 31.421, 31.633; MAE: 19.673, 19.884; MAPE: 11.290, 11.652; Q10: 4.690, 4.682; Q50: 9.982, 10.071; Q90: 4.432, 4.601;
| 12 Horizon | RMSE: 33.789, 34.411; MAE: 21.325, 21.794; MAPE: 12.337, 12.859; Q10: 5.080, 5.170; Q50: 10.817, 11.032; Q90: 4.871, 5.091;
In temporal CL model  Epoch 20: 
| 3  Horizon | RMSE: 30.355, 30.414; MAE: 19.045, 19.070; MAPE: 10.992, 11.211; Q10: 4.536, 4.526; Q50: 9.657, 9.653; Q90: 4.289, 4.364;
| 6  Horizon | RMSE: 31.554, 32.140; MAE: 19.807, 20.111; MAPE: 11.427, 11.747; Q10: 4.740, 4.804; Q50: 10.049, 10.186; Q90: 4.442, 4.617;
| 12 Horizon | RMSE: 33.943, 34.844; MAE: 21.520, 21.988; MAPE: 12.525, 12.957; Q10: 5.152, 5.309; Q50: 10.912, 11.128; Q90: 4.841, 5.072;
epoch 20 time used: 102  seconds  train loss: 17.821 val loss: 6.437588 test loss: 6.553566
In spatial CL model  Epoch 21: 
| 3  Horizon | RMSE: 30.775, 30.615; MAE: 19.188, 19.189; MAPE: 11.220, 11.397; Q10: 4.595, 4.536; Q50: 9.739, 9.727; Q90: 4.303, 4.383;
| 6  Horizon | RMSE: 31.875, 32.086; MAE: 20.051, 20.279; MAPE: 11.556, 11.901; Q10: 4.788, 4.773; Q50: 10.180, 10.281; Q90: 4.533, 4.728;
| 12 Horizon | RMSE: 33.495, 34.341; MAE: 21.405, 22.007; MAPE: 12.325, 12.893; Q10: 5.115, 5.213; Q50: 10.868, 11.152; Q90: 4.857, 5.155;
In quantile CL model  Epoch 21: 
| 3  Horizon | RMSE: 30.274, 30.096; MAE: 19.106, 19.055; MAPE: 11.078, 11.313; Q10: 4.526, 4.456; Q50: 9.701, 9.661; Q90: 4.297, 4.396;
| 6  Horizon | RMSE: 31.582, 31.910; MAE: 20.059, 20.338; MAPE: 11.496, 11.894; Q10: 4.703, 4.693; Q50: 10.189, 10.314; Q90: 4.495, 4.711;
| 12 Horizon | RMSE: 33.486, 34.417; MAE: 21.404, 22.081; MAPE: 12.215, 12.842; Q10: 5.056, 5.145; Q50: 10.870, 11.192; Q90: 4.844, 5.200;
In temporal CL model  Epoch 21: 
| 3  Horizon | RMSE: 30.391, 30.486; MAE: 19.079, 19.124; MAPE: 10.983, 11.232; Q10: 4.546, 4.539; Q50: 9.678, 9.687; Q90: 4.282, 4.366;
| 6  Horizon | RMSE: 31.668, 32.311; MAE: 19.959, 20.322; MAPE: 11.326, 11.738; Q10: 4.760, 4.826; Q50: 10.126, 10.293; Q90: 4.519, 4.739;
| 12 Horizon | RMSE: 33.604, 34.723; MAE: 21.361, 22.027; MAPE: 12.221, 12.768; Q10: 5.122, 5.275; Q50: 10.840, 11.157; Q90: 4.903, 5.238;
epoch 21 time used: 102  seconds  train loss: 17.779 val loss: 6.464383 test loss: 6.609592
In spatial CL model  Epoch 22: 
| 3  Horizon | RMSE: 30.704, 30.531; MAE: 19.260, 19.213; MAPE: 11.361, 11.545; Q10: 4.612, 4.561; Q50: 9.760, 9.722; Q90: 4.330, 4.392;
| 6  Horizon | RMSE: 31.907, 32.101; MAE: 20.076, 20.260; MAPE: 11.598, 11.938; Q10: 4.826, 4.829; Q50: 10.184, 10.262; Q90: 4.532, 4.696;
| 12 Horizon | RMSE: 33.626, 34.449; MAE: 21.540, 22.098; MAPE: 12.585, 13.189; Q10: 5.186, 5.307; Q50: 10.921, 11.184; Q90: 4.942, 5.229;
In quantile CL model  Epoch 22: 
| 3  Horizon | RMSE: 30.290, 30.008; MAE: 19.038, 18.925; MAPE: 11.122, 11.359; Q10: 4.517, 4.439; Q50: 9.649, 9.575; Q90: 4.265, 4.333;
| 6  Horizon | RMSE: 31.349, 31.494; MAE: 19.631, 19.761; MAPE: 11.373, 11.700; Q10: 4.704, 4.687; Q50: 9.963, 10.012; Q90: 4.432, 4.593;
| 12 Horizon | RMSE: 33.368, 34.166; MAE: 21.192, 21.735; MAPE: 12.392, 13.032; Q10: 5.095, 5.187; Q50: 10.740, 10.994; Q90: 4.811, 5.110;
In temporal CL model  Epoch 22: 
| 3  Horizon | RMSE: 30.476, 30.680; MAE: 19.283, 19.433; MAPE: 11.477, 11.907; Q10: 4.603, 4.622; Q50: 9.767, 9.825; Q90: 4.311, 4.406;
| 6  Horizon | RMSE: 31.620, 32.343; MAE: 19.946, 20.365; MAPE: 11.719, 12.212; Q10: 4.817, 4.922; Q50: 10.116, 10.309; Q90: 4.485, 4.690;
| 12 Horizon | RMSE: 33.638, 34.991; MAE: 21.552, 22.393; MAPE: 12.892, 13.698; Q10: 5.285, 5.509; Q50: 10.924, 11.328; Q90: 4.893, 5.255;
epoch 22 time used: 102  seconds  train loss: 17.74 val loss: 6.508354 test loss: 6.682918
In spatial CL model  Epoch 23: 
| 3  Horizon | RMSE: 30.555, 30.496; MAE: 18.986, 19.017; MAPE: 11.084, 11.276; Q10: 4.562, 4.519; Q50: 9.634, 9.638; Q90: 4.295, 4.395;
| 6  Horizon | RMSE: 31.706, 32.024; MAE: 19.687, 19.958; MAPE: 11.524, 11.860; Q10: 4.792, 4.814; Q50: 9.989, 10.113; Q90: 4.422, 4.594;
| 12 Horizon | RMSE: 33.250, 34.345; MAE: 21.067, 21.816; MAPE: 12.316, 12.938; Q10: 5.076, 5.221; Q50: 10.696, 11.057; Q90: 4.805, 5.141;
In quantile CL model  Epoch 23: 
| 3  Horizon | RMSE: 30.200, 30.087; MAE: 18.997, 18.976; MAPE: 11.116, 11.319; Q10: 4.503, 4.436; Q50: 9.649, 9.623; Q90: 4.323, 4.444;
| 6  Horizon | RMSE: 31.391, 31.667; MAE: 19.628, 19.861; MAPE: 11.435, 11.784; Q10: 4.721, 4.709; Q50: 9.968, 10.069; Q90: 4.426, 4.627;
| 12 Horizon | RMSE: 33.462, 34.484; MAE: 21.206, 21.957; MAPE: 12.255, 12.900; Q10: 5.076, 5.173; Q50: 10.771, 11.131; Q90: 4.859, 5.248;
In temporal CL model  Epoch 23: 
| 3  Horizon | RMSE: 30.343, 30.618; MAE: 19.003, 19.097; MAPE: 11.034, 11.268; Q10: 4.561, 4.573; Q50: 9.637, 9.671; Q90: 4.284, 4.395;
| 6  Horizon | RMSE: 31.808, 32.513; MAE: 19.841, 20.158; MAPE: 11.588, 11.925; Q10: 4.848, 4.936; Q50: 10.059, 10.204; Q90: 4.421, 4.617;
| 12 Horizon | RMSE: 33.454, 34.800; MAE: 21.078, 21.811; MAPE: 12.286, 12.829; Q10: 5.148, 5.342; Q50: 10.690, 11.043; Q90: 4.752, 5.098;
epoch 23 time used: 102  seconds  train loss: 17.714 val loss: 6.42437 test loss: 6.584101
In spatial CL model  Epoch 24: 
| 3  Horizon | RMSE: 30.994, 30.985; MAE: 19.601, 19.634; MAPE: 11.994, 12.136; Q10: 4.696, 4.674; Q50: 9.917, 9.921; Q90: 4.354, 4.440;
| 6  Horizon | RMSE: 32.162, 32.534; MAE: 20.539, 20.803; MAPE: 12.919, 13.239; Q10: 4.936, 4.981; Q50: 10.382, 10.503; Q90: 4.603, 4.759;
| 12 Horizon | RMSE: 33.617, 34.668; MAE: 21.495, 22.172; MAPE: 12.945, 13.538; Q10: 5.173, 5.359; Q50: 10.889, 11.213; Q90: 4.818, 5.094;
In quantile CL model  Epoch 24: 
| 3  Horizon | RMSE: 30.412, 30.305; MAE: 19.293, 19.296; MAPE: 11.560, 11.835; Q10: 4.630, 4.563; Q50: 9.765, 9.751; Q90: 4.343, 4.457;
| 6  Horizon | RMSE: 31.631, 31.892; MAE: 20.157, 20.395; MAPE: 12.360, 12.778; Q10: 4.794, 4.791; Q50: 10.193, 10.298; Q90: 4.551, 4.730;
| 12 Horizon | RMSE: 33.585, 34.358; MAE: 21.341, 21.937; MAPE: 12.582, 13.221; Q10: 5.117, 5.215; Q50: 10.812, 11.093; Q90: 4.841, 5.127;
In temporal CL model  Epoch 24: 
| 3  Horizon | RMSE: 30.982, 31.135; MAE: 19.791, 19.831; MAPE: 12.166, 12.324; Q10: 4.763, 4.773; Q50: 10.008, 10.020; Q90: 4.367, 4.445;
| 6  Horizon | RMSE: 32.197, 32.868; MAE: 20.532, 20.860; MAPE: 12.616, 12.900; Q10: 4.976, 5.075; Q50: 10.383, 10.540; Q90: 4.620, 4.785;
| 12 Horizon | RMSE: 34.232, 35.431; MAE: 21.747, 22.443; MAPE: 12.816, 13.420; Q10: 5.328, 5.537; Q50: 11.027, 11.365; Q90: 4.858, 5.137;
epoch 24 time used: 102  seconds  train loss: 17.674 val loss: 6.622215 test loss: 6.76533
In spatial CL model  Epoch 25: 
| 3  Horizon | RMSE: 30.652, 30.671; MAE: 18.997, 19.080; MAPE: 11.193, 11.452; Q10: 4.571, 4.547; Q50: 9.644, 9.674; Q90: 4.260, 4.342;
| 6  Horizon | RMSE: 31.756, 32.141; MAE: 19.686, 19.966; MAPE: 11.523, 11.833; Q10: 4.773, 4.804; Q50: 9.981, 10.110; Q90: 4.423, 4.597;
| 12 Horizon | RMSE: 33.351, 34.405; MAE: 21.089, 21.761; MAPE: 12.444, 12.943; Q10: 5.069, 5.216; Q50: 10.683, 11.006; Q90: 4.777, 5.061;
In quantile CL model  Epoch 25: 
| 3  Horizon | RMSE: 30.280, 30.151; MAE: 18.983, 18.981; MAPE: 11.072, 11.310; Q10: 4.514, 4.453; Q50: 9.637, 9.622; Q90: 4.268, 4.356;
| 6  Horizon | RMSE: 31.448, 31.689; MAE: 19.634, 19.868; MAPE: 11.362, 11.709; Q10: 4.719, 4.715; Q50: 9.955, 10.057; Q90: 4.414, 4.597;
| 12 Horizon | RMSE: 33.475, 34.347; MAE: 21.089, 21.760; MAPE: 12.172, 12.769; Q10: 5.063, 5.159; Q50: 10.690, 11.011; Q90: 4.813, 5.147;
In temporal CL model  Epoch 25: 
| 3  Horizon | RMSE: 30.416, 30.678; MAE: 19.007, 19.106; MAPE: 11.210, 11.396; Q10: 4.556, 4.576; Q50: 9.648, 9.682; Q90: 4.264, 4.351;
| 6  Horizon | RMSE: 31.678, 32.457; MAE: 19.735, 20.157; MAPE: 11.548, 11.995; Q10: 4.789, 4.896; Q50: 10.001, 10.195; Q90: 4.427, 4.617;
| 12 Horizon | RMSE: 33.554, 34.957; MAE: 21.173, 21.961; MAPE: 12.540, 13.210; Q10: 5.121, 5.332; Q50: 10.723, 11.101; Q90: 4.754, 5.066;
epoch 25 time used: 102  seconds  train loss: 17.649 val loss: 6.407039 test loss: 6.572976
In spatial CL model  Epoch 26: 
| 3  Horizon | RMSE: 30.535, 30.429; MAE: 19.078, 19.086; MAPE: 11.295, 11.511; Q10: 4.579, 4.531; Q50: 9.689, 9.683; Q90: 4.307, 4.394;
| 6  Horizon | RMSE: 31.636, 31.886; MAE: 19.756, 19.954; MAPE: 11.614, 11.920; Q10: 4.770, 4.771; Q50: 10.029, 10.118; Q90: 4.448, 4.624;
| 12 Horizon | RMSE: 33.233, 34.157; MAE: 21.103, 21.683; MAPE: 12.344, 12.818; Q10: 5.113, 5.228; Q50: 10.703, 10.982; Q90: 4.775, 5.061;
In quantile CL model  Epoch 26: 
| 3  Horizon | RMSE: 30.212, 30.122; MAE: 19.124, 19.126; MAPE: 11.365, 11.587; Q10: 4.519, 4.461; Q50: 9.720, 9.706; Q90: 4.389, 4.504;
| 6  Horizon | RMSE: 31.335, 31.553; MAE: 19.737, 19.943; MAPE: 11.664, 11.971; Q10: 4.693, 4.682; Q50: 10.030, 10.117; Q90: 4.466, 4.646;
| 12 Horizon | RMSE: 33.385, 34.124; MAE: 21.200, 21.749; MAPE: 12.293, 12.819; Q10: 5.055, 5.133; Q50: 10.767, 11.024; Q90: 4.799, 5.098;
In temporal CL model  Epoch 26: 
| 3  Horizon | RMSE: 30.521, 30.782; MAE: 19.270, 19.424; MAPE: 11.471, 11.876; Q10: 4.588, 4.616; Q50: 9.792, 9.860; Q90: 4.349, 4.471;
| 6  Horizon | RMSE: 31.721, 32.449; MAE: 19.899, 20.293; MAPE: 11.599, 12.064; Q10: 4.780, 4.875; Q50: 10.105, 10.294; Q90: 4.490, 4.710;
| 12 Horizon | RMSE: 33.739, 35.049; MAE: 21.391, 22.130; MAPE: 12.262, 12.848; Q10: 5.141, 5.333; Q50: 10.853, 11.216; Q90: 4.813, 5.140;
epoch 26 time used: 102  seconds  train loss: 17.631 val loss: 6.488079 test loss: 6.659376
In spatial CL model  Epoch 27: 
| 3  Horizon | RMSE: 30.463, 30.316; MAE: 18.974, 18.950; MAPE: 11.080, 11.243; Q10: 4.550, 4.505; Q50: 9.628, 9.603; Q90: 4.308, 4.389;
| 6  Horizon | RMSE: 31.621, 31.814; MAE: 19.690, 19.874; MAPE: 11.488, 11.777; Q10: 4.749, 4.760; Q50: 9.987, 10.065; Q90: 4.450, 4.588;
| 12 Horizon | RMSE: 33.331, 34.178; MAE: 21.147, 21.708; MAPE: 12.301, 12.819; Q10: 5.076, 5.201; Q50: 10.732, 10.997; Q90: 4.821, 5.101;
In quantile CL model  Epoch 27: 
| 3  Horizon | RMSE: 30.335, 30.023; MAE: 18.947, 18.841; MAPE: 11.024, 11.212; Q10: 4.522, 4.449; Q50: 9.615, 9.545; Q90: 4.268, 4.355;
| 6  Horizon | RMSE: 31.518, 31.536; MAE: 19.626, 19.729; MAPE: 11.377, 11.683; Q10: 4.749, 4.725; Q50: 9.955, 9.989; Q90: 4.428, 4.571;
| 12 Horizon | RMSE: 33.461, 34.075; MAE: 21.065, 21.550; MAPE: 12.208, 12.663; Q10: 5.090, 5.159; Q50: 10.692, 10.915; Q90: 4.776, 5.062;
In temporal CL model  Epoch 27: 
| 3  Horizon | RMSE: 30.351, 30.497; MAE: 19.008, 19.085; MAPE: 11.031, 11.280; Q10: 4.550, 4.553; Q50: 9.639, 9.663; Q90: 4.295, 4.393;
| 6  Horizon | RMSE: 31.523, 32.115; MAE: 19.723, 20.072; MAPE: 11.496, 11.900; Q10: 4.780, 4.868; Q50: 9.994, 10.154; Q90: 4.450, 4.625;
| 12 Horizon | RMSE: 33.424, 34.618; MAE: 21.135, 21.865; MAPE: 12.184, 12.789; Q10: 5.087, 5.277; Q50: 10.719, 11.069; Q90: 4.756, 5.062;
epoch 27 time used: 102  seconds  train loss: 17.597 val loss: 6.41703 test loss: 6.566701
In spatial CL model  Epoch 28: 
| 3  Horizon | RMSE: 30.629, 30.615; MAE: 19.205, 19.299; MAPE: 10.996, 11.217; Q10: 4.555, 4.511; Q50: 9.745, 9.780; Q90: 4.359, 4.480;
| 6  Horizon | RMSE: 31.687, 32.050; MAE: 19.829, 20.147; MAPE: 11.279, 11.639; Q10: 4.746, 4.758; Q50: 10.060, 10.207; Q90: 4.525, 4.745;
| 12 Horizon | RMSE: 33.492, 34.440; MAE: 21.332, 21.992; MAPE: 12.122, 12.681; Q10: 5.032, 5.132; Q50: 10.830, 11.144; Q90: 4.914, 5.246;
In quantile CL model  Epoch 28: 
| 3  Horizon | RMSE: 30.396, 30.401; MAE: 19.202, 19.323; MAPE: 10.927, 11.244; Q10: 4.507, 4.460; Q50: 9.746, 9.793; Q90: 4.379, 4.545;
| 6  Horizon | RMSE: 31.376, 31.660; MAE: 19.653, 19.957; MAPE: 11.200, 11.618; Q10: 4.695, 4.700; Q50: 9.969, 10.107; Q90: 4.463, 4.693;
| 12 Horizon | RMSE: 33.546, 34.336; MAE: 21.224, 21.874; MAPE: 12.032, 12.623; Q10: 5.033, 5.109; Q50: 10.775, 11.084; Q90: 4.873, 5.225;
In temporal CL model  Epoch 28: 
| 3  Horizon | RMSE: 30.501, 30.832; MAE: 19.213, 19.363; MAPE: 11.239, 11.470; Q10: 4.608, 4.617; Q50: 9.729, 9.794; Q90: 4.405, 4.557;
| 6  Horizon | RMSE: 31.614, 32.364; MAE: 19.831, 20.232; MAPE: 11.625, 11.960; Q10: 4.779, 4.856; Q50: 10.040, 10.230; Q90: 4.514, 4.770;
| 12 Horizon | RMSE: 33.774, 34.915; MAE: 21.366, 22.053; MAPE: 12.282, 12.773; Q10: 5.121, 5.259; Q50: 10.826, 11.157; Q90: 4.893, 5.244;
epoch 28 time used: 102  seconds  train loss: 17.564 val loss: 6.473352 test loss: 6.640209
In spatial CL model  Epoch 29: 
| 3  Horizon | RMSE: 30.680, 30.522; MAE: 19.070, 19.019; MAPE: 11.110, 11.250; Q10: 4.603, 4.559; Q50: 9.674, 9.633; Q90: 4.296, 4.344;
| 6  Horizon | RMSE: 31.793, 32.034; MAE: 19.807, 19.981; MAPE: 11.532, 11.824; Q10: 4.791, 4.812; Q50: 10.044, 10.115; Q90: 4.446, 4.571;
| 12 Horizon | RMSE: 33.351, 34.270; MAE: 21.170, 21.738; MAPE: 12.363, 12.871; Q10: 5.151, 5.304; Q50: 10.743, 11.010; Q90: 4.804, 5.049;
In quantile CL model  Epoch 29: 
| 3  Horizon | RMSE: 30.317, 30.157; MAE: 19.072, 19.025; MAPE: 11.274, 11.406; Q10: 4.547, 4.484; Q50: 9.690, 9.650; Q90: 4.269, 4.352;
| 6  Horizon | RMSE: 31.448, 31.626; MAE: 19.651, 19.844; MAPE: 11.348, 11.656; Q10: 4.727, 4.721; Q50: 9.974, 10.053; Q90: 4.415, 4.584;
| 12 Horizon | RMSE: 33.431, 34.218; MAE: 21.132, 21.712; MAPE: 12.476, 12.886; Q10: 5.132, 5.246; Q50: 10.737, 11.006; Q90: 4.830, 5.122;
In temporal CL model  Epoch 29: 
| 3  Horizon | RMSE: 30.443, 30.663; MAE: 19.018, 19.106; MAPE: 11.002, 11.214; Q10: 4.556, 4.569; Q50: 9.653, 9.682; Q90: 4.253, 4.339;
| 6  Horizon | RMSE: 31.583, 32.275; MAE: 19.689, 20.046; MAPE: 11.326, 11.697; Q10: 4.762, 4.853; Q50: 9.982, 10.146; Q90: 4.420, 4.601;
| 12 Horizon | RMSE: 33.535, 34.675; MAE: 21.157, 21.773; MAPE: 12.304, 12.788; Q10: 5.191, 5.374; Q50: 10.726, 11.019; Q90: 4.804, 5.093;
epoch 29 time used: 102  seconds  train loss: 17.558 val loss: 6.41329 test loss: 6.557046
In spatial CL model  Epoch 30: 
| 3  Horizon | RMSE: 30.548, 30.520; MAE: 19.011, 19.041; MAPE: 11.023, 11.165; Q10: 4.561, 4.525; Q50: 9.640, 9.644; Q90: 4.265, 4.346;
| 6  Horizon | RMSE: 31.725, 32.136; MAE: 19.813, 20.109; MAPE: 11.404, 11.707; Q10: 4.768, 4.793; Q50: 10.054, 10.190; Q90: 4.455, 4.658;
| 12 Horizon | RMSE: 33.281, 34.213; MAE: 21.110, 21.697; MAPE: 12.301, 12.728; Q10: 5.080, 5.204; Q50: 10.704, 10.985; Q90: 4.778, 5.045;
In quantile CL model  Epoch 30: 
| 3  Horizon | RMSE: 30.291, 30.254; MAE: 19.047, 19.086; MAPE: 10.896, 11.169; Q10: 4.516, 4.459; Q50: 9.668, 9.673; Q90: 4.268, 4.368;
| 6  Horizon | RMSE: 31.420, 31.684; MAE: 19.726, 19.961; MAPE: 11.282, 11.623; Q10: 4.724, 4.721; Q50: 10.014, 10.117; Q90: 4.444, 4.642;
| 12 Horizon | RMSE: 33.451, 34.124; MAE: 21.171, 21.669; MAPE: 12.163, 12.623; Q10: 5.076, 5.154; Q50: 10.740, 10.972; Q90: 4.816, 5.087;
In temporal CL model  Epoch 30: 
| 3  Horizon | RMSE: 30.512, 30.778; MAE: 19.060, 19.159; MAPE: 11.021, 11.214; Q10: 4.562, 4.569; Q50: 9.666, 9.706; Q90: 4.271, 4.359;
| 6  Horizon | RMSE: 31.724, 32.443; MAE: 19.824, 20.176; MAPE: 11.396, 11.685; Q10: 4.772, 4.853; Q50: 10.057, 10.222; Q90: 4.449, 4.649;
| 12 Horizon | RMSE: 33.720, 34.778; MAE: 21.297, 21.811; MAPE: 12.474, 12.790; Q10: 5.142, 5.296; Q50: 10.797, 11.041; Q90: 4.813, 5.030;
epoch 30 time used: 102  seconds  train loss: 17.543 val loss: 6.437784 test loss: 6.562378
In spatial CL model  Epoch 31: 
| 3  Horizon | RMSE: 30.527, 30.486; MAE: 19.029, 19.097; MAPE: 11.072, 11.258; Q10: 4.574, 4.542; Q50: 9.662, 9.683; Q90: 4.295, 4.404;
| 6  Horizon | RMSE: 31.629, 31.963; MAE: 19.716, 20.014; MAPE: 11.525, 11.836; Q10: 4.752, 4.770; Q50: 10.014, 10.149; Q90: 4.414, 4.608;
| 12 Horizon | RMSE: 33.338, 34.169; MAE: 21.009, 21.585; MAPE: 12.216, 12.678; Q10: 5.091, 5.198; Q50: 10.656, 10.929; Q90: 4.749, 5.002;
In quantile CL model  Epoch 31: 
| 3  Horizon | RMSE: 30.308, 30.258; MAE: 19.178, 19.203; MAPE: 11.165, 11.347; Q10: 4.545, 4.485; Q50: 9.744, 9.741; Q90: 4.346, 4.490;
| 6  Horizon | RMSE: 31.441, 31.630; MAE: 19.836, 20.039; MAPE: 11.712, 11.928; Q10: 4.710, 4.685; Q50: 10.082, 10.167; Q90: 4.435, 4.638;
| 12 Horizon | RMSE: 33.498, 33.979; MAE: 21.081, 21.508; MAPE: 12.185, 12.613; Q10: 5.076, 5.120; Q50: 10.691, 10.886; Q90: 4.775, 5.026;
In temporal CL model  Epoch 31: 
| 3  Horizon | RMSE: 30.487, 30.657; MAE: 19.154, 19.232; MAPE: 11.053, 11.273; Q10: 4.580, 4.575; Q50: 9.724, 9.749; Q90: 4.330, 4.448;
| 6  Horizon | RMSE: 31.612, 32.176; MAE: 19.792, 20.119; MAPE: 11.528, 11.855; Q10: 4.754, 4.812; Q50: 10.052, 10.201; Q90: 4.429, 4.632;
| 12 Horizon | RMSE: 33.706, 34.546; MAE: 21.197, 21.679; MAPE: 12.372, 12.781; Q10: 5.149, 5.276; Q50: 10.743, 10.970; Q90: 4.763, 4.991;
epoch 31 time used: 102  seconds  train loss: 17.505 val loss: 6.416828 test loss: 6.544253
In spatial CL model  Epoch 32: 
| 3  Horizon | RMSE: 30.705, 30.636; MAE: 19.168, 19.175; MAPE: 11.390, 11.509; Q10: 4.604, 4.564; Q50: 9.718, 9.707; Q90: 4.312, 4.399;
| 6  Horizon | RMSE: 31.927, 32.284; MAE: 20.229, 20.482; MAPE: 12.636, 12.914; Q10: 4.864, 4.890; Q50: 10.229, 10.343; Q90: 4.509, 4.684;
| 12 Horizon | RMSE: 33.353, 34.431; MAE: 21.313, 22.025; MAPE: 12.641, 13.200; Q10: 5.080, 5.215; Q50: 10.792, 11.133; Q90: 4.843, 5.177;
In quantile CL model  Epoch 32: 
| 3  Horizon | RMSE: 30.322, 30.131; MAE: 18.942, 18.905; MAPE: 10.982, 11.185; Q10: 4.520, 4.455; Q50: 9.611, 9.577; Q90: 4.268, 4.368;
| 6  Horizon | RMSE: 31.571, 31.691; MAE: 19.802, 19.958; MAPE: 11.752, 12.059; Q10: 4.755, 4.736; Q50: 10.025, 10.088; Q90: 4.457, 4.614;
| 12 Horizon | RMSE: 33.548, 34.280; MAE: 21.151, 21.721; MAPE: 12.127, 12.656; Q10: 5.080, 5.167; Q50: 10.726, 10.993; Q90: 4.809, 5.110;
In temporal CL model  Epoch 32: 
| 3  Horizon | RMSE: 30.653, 30.834; MAE: 19.116, 19.200; MAPE: 11.226, 11.432; Q10: 4.606, 4.610; Q50: 9.691, 9.721; Q90: 4.288, 4.386;
| 6  Horizon | RMSE: 32.044, 32.666; MAE: 20.301, 20.613; MAPE: 12.741, 13.009; Q10: 4.859, 4.933; Q50: 10.260, 10.406; Q90: 4.524, 4.715;
| 12 Horizon | RMSE: 33.796, 35.026; MAE: 21.374, 22.088; MAPE: 12.439, 12.943; Q10: 5.170, 5.344; Q50: 10.830, 11.175; Q90: 4.807, 5.139;
epoch 32 time used: 102  seconds  train loss: 17.482 val loss: 6.478519 test loss: 6.629017
In spatial CL model  Epoch 33: 
| 3  Horizon | RMSE: 30.589, 30.408; MAE: 19.069, 18.992; MAPE: 11.319, 11.371; Q10: 4.561, 4.520; Q50: 9.655, 9.606; Q90: 4.279, 4.359;
| 6  Horizon | RMSE: 31.602, 31.898; MAE: 19.671, 19.881; MAPE: 11.479, 11.720; Q10: 4.741, 4.767; Q50: 9.972, 10.066; Q90: 4.477, 4.674;
| 12 Horizon | RMSE: 33.143, 34.123; MAE: 20.954, 21.566; MAPE: 12.313, 12.774; Q10: 5.068, 5.205; Q50: 10.622, 10.917; Q90: 4.745, 5.044;
In quantile CL model  Epoch 33: 
| 3  Horizon | RMSE: 30.239, 30.059; MAE: 18.960, 18.909; MAPE: 10.990, 11.217; Q10: 4.532, 4.468; Q50: 9.613, 9.572; Q90: 4.277, 4.375;
| 6  Horizon | RMSE: 31.398, 31.557; MAE: 19.638, 19.810; MAPE: 11.335, 11.665; Q10: 4.711, 4.697; Q50: 9.962, 10.033; Q90: 4.477, 4.678;
| 12 Horizon | RMSE: 33.528, 34.229; MAE: 21.241, 21.751; MAPE: 12.217, 12.711; Q10: 5.115, 5.184; Q50: 10.781, 11.017; Q90: 4.825, 5.113;
In temporal CL model  Epoch 33: 
| 3  Horizon | RMSE: 30.677, 30.777; MAE: 19.164, 19.189; MAPE: 11.199, 11.450; Q10: 4.634, 4.635; Q50: 9.709, 9.708; Q90: 4.262, 4.345;
| 6  Horizon | RMSE: 31.548, 32.188; MAE: 19.655, 20.023; MAPE: 11.347, 11.757; Q10: 4.761, 4.838; Q50: 9.967, 10.139; Q90: 4.443, 4.662;
| 12 Horizon | RMSE: 33.480, 34.590; MAE: 21.096, 21.753; MAPE: 12.262, 12.831; Q10: 5.164, 5.344; Q50: 10.698, 11.012; Q90: 4.749, 5.035;
epoch 33 time used: 102  seconds  train loss: 17.472 val loss: 6.422257 test loss: 6.563683
In spatial CL model  Epoch 34: 
| 3  Horizon | RMSE: 30.628, 30.593; MAE: 19.048, 19.052; MAPE: 11.119, 11.277; Q10: 4.568, 4.534; Q50: 9.657, 9.645; Q90: 4.285, 4.360;
| 6  Horizon | RMSE: 31.834, 32.213; MAE: 19.879, 20.132; MAPE: 11.344, 11.681; Q10: 4.750, 4.770; Q50: 10.087, 10.200; Q90: 4.565, 4.770;
| 12 Horizon | RMSE: 33.302, 34.299; MAE: 21.093, 21.727; MAPE: 12.214, 12.788; Q10: 5.060, 5.177; Q50: 10.692, 10.994; Q90: 4.777, 5.056;
In quantile CL model  Epoch 34: 
| 3  Horizon | RMSE: 30.243, 30.181; MAE: 18.896, 18.935; MAPE: 10.904, 11.155; Q10: 4.507, 4.461; Q50: 9.585, 9.590; Q90: 4.264, 4.389;
| 6  Horizon | RMSE: 31.450, 31.711; MAE: 19.656, 19.921; MAPE: 11.225, 11.586; Q10: 4.709, 4.709; Q50: 9.978, 10.096; Q90: 4.547, 4.798;
| 12 Horizon | RMSE: 33.334, 34.110; MAE: 20.972, 21.590; MAPE: 12.119, 12.734; Q10: 5.065, 5.165; Q50: 10.628, 10.921; Q90: 4.737, 5.037;
In temporal CL model  Epoch 34: 
| 3  Horizon | RMSE: 30.473, 30.710; MAE: 18.974, 19.124; MAPE: 11.085, 11.424; Q10: 4.557, 4.586; Q50: 9.616, 9.675; Q90: 4.263, 4.381;
| 6  Horizon | RMSE: 31.708, 32.406; MAE: 19.794, 20.217; MAPE: 11.294, 11.747; Q10: 4.751, 4.834; Q50: 10.040, 10.235; Q90: 4.528, 4.788;
| 12 Horizon | RMSE: 33.485, 34.687; MAE: 21.118, 21.883; MAPE: 12.477, 13.227; Q10: 5.118, 5.320; Q50: 10.695, 11.061; Q90: 4.759, 5.067;
epoch 34 time used: 102  seconds  train loss: 17.439 val loss: 6.42228 test loss: 6.595307
In spatial CL model  Epoch 35: 
| 3  Horizon | RMSE: 30.635, 30.572; MAE: 19.001, 18.971; MAPE: 11.100, 11.200; Q10: 4.577, 4.544; Q50: 9.635, 9.606; Q90: 4.257, 4.322;
| 6  Horizon | RMSE: 31.643, 32.022; MAE: 19.623, 19.853; MAPE: 11.377, 11.632; Q10: 4.751, 4.778; Q50: 9.951, 10.053; Q90: 4.412, 4.579;
| 12 Horizon | RMSE: 33.196, 34.209; MAE: 20.954, 21.578; MAPE: 12.095, 12.594; Q10: 5.078, 5.198; Q50: 10.628, 10.926; Q90: 4.768, 5.075;
In quantile CL model  Epoch 35: 
| 3  Horizon | RMSE: 30.252, 30.166; MAE: 18.949, 18.934; MAPE: 10.911, 11.101; Q10: 4.513, 4.462; Q50: 9.611, 9.588; Q90: 4.267, 4.353;
| 6  Horizon | RMSE: 31.422, 31.680; MAE: 19.635, 19.863; MAPE: 11.210, 11.526; Q10: 4.702, 4.697; Q50: 9.960, 10.060; Q90: 4.451, 4.654;
| 12 Horizon | RMSE: 33.575, 34.357; MAE: 21.182, 21.773; MAPE: 12.102, 12.596; Q10: 5.091, 5.164; Q50: 10.753, 11.031; Q90: 4.827, 5.152;
In temporal CL model  Epoch 35: 
| 3  Horizon | RMSE: 30.577, 30.790; MAE: 19.026, 19.133; MAPE: 11.003, 11.230; Q10: 4.579, 4.587; Q50: 9.646, 9.684; Q90: 4.258, 4.355;
| 6  Horizon | RMSE: 31.754, 32.417; MAE: 19.727, 20.097; MAPE: 11.375, 11.712; Q10: 4.791, 4.863; Q50: 10.008, 10.176; Q90: 4.437, 4.653;
| 12 Horizon | RMSE: 33.787, 34.956; MAE: 21.309, 21.977; MAPE: 12.398, 12.841; Q10: 5.191, 5.359; Q50: 10.821, 11.137; Q90: 4.807, 5.136;
***************************
***************************
temporal CL model  Early stopping at epoch: 35
***************************
***************************
epoch 35 time used: 102  seconds  train loss: 17.431 val loss: 6.441132 test loss: 6.591792
In spatial CL model  Epoch 36: 
| 3  Horizon | RMSE: 30.698, 30.756; MAE: 18.996, 19.090; MAPE: 11.027, 11.198; Q10: 4.560, 4.549; Q50: 9.632, 9.668; Q90: 4.259, 4.352;
| 6  Horizon | RMSE: 31.853, 32.359; MAE: 19.657, 19.996; MAPE: 11.350, 11.685; Q10: 4.747, 4.806; Q50: 9.971, 10.129; Q90: 4.412, 4.586;
| 12 Horizon | RMSE: 33.355, 34.698; MAE: 20.999, 21.828; MAPE: 12.073, 12.673; Q10: 5.057, 5.224; Q50: 10.653, 11.054; Q90: 4.763, 5.118;
In quantile CL model  Epoch 36: 
| 3  Horizon | RMSE: 30.260, 30.246; MAE: 18.951, 19.039; MAPE: 10.909, 11.188; Q10: 4.519, 4.485; Q50: 9.606, 9.637; Q90: 4.254, 4.372;
| 6  Horizon | RMSE: 31.450, 31.745; MAE: 19.527, 19.831; MAPE: 11.223, 11.616; Q10: 4.701, 4.722; Q50: 9.903, 10.043; Q90: 4.402, 4.600;
| 12 Horizon | RMSE: 33.513, 34.440; MAE: 20.960, 21.680; MAPE: 12.150, 12.779; Q10: 5.079, 5.214; Q50: 10.624, 10.969; Q90: 4.752, 5.089;
In temporal CL model  Epoch 36: 
| 3  Horizon | RMSE: 30.577, 30.790; MAE: 19.026, 19.133; MAPE: 11.003, 11.230; Q10: 4.579, 4.587; Q50: 9.646, 9.684; Q90: 4.258, 4.355;
| 6  Horizon | RMSE: 31.754, 32.417; MAE: 19.727, 20.097; MAPE: 11.375, 11.712; Q10: 4.791, 4.863; Q50: 10.008, 10.176; Q90: 4.437, 4.653;
| 12 Horizon | RMSE: 33.787, 34.956; MAE: 21.309, 21.977; MAPE: 12.398, 12.841; Q10: 5.191, 5.359; Q50: 10.821, 11.137; Q90: 4.807, 5.136;
epoch 36 time used: 72  seconds  train loss: 17.418 val loss: 6.441132 test loss: 6.591792
In spatial CL model  Epoch 37: 
| 3  Horizon | RMSE: 30.539, 30.438; MAE: 18.980, 18.968; MAPE: 11.284, 11.390; Q10: 4.551, 4.511; Q50: 9.615, 9.594; Q90: 4.263, 4.349;
| 6  Horizon | RMSE: 31.701, 31.977; MAE: 19.728, 19.925; MAPE: 11.823, 12.051; Q10: 4.764, 4.779; Q50: 9.989, 10.074; Q90: 4.423, 4.568;
| 12 Horizon | RMSE: 33.161, 34.170; MAE: 20.918, 21.566; MAPE: 12.270, 12.739; Q10: 5.023, 5.143; Q50: 10.600, 10.909; Q90: 4.748, 5.038;
In quantile CL model  Epoch 37: 
| 3  Horizon | RMSE: 30.248, 30.122; MAE: 18.895, 18.916; MAPE: 10.957, 11.215; Q10: 4.498, 4.454; Q50: 9.578, 9.572; Q90: 4.264, 4.374;
| 6  Horizon | RMSE: 31.511, 31.669; MAE: 19.610, 19.820; MAPE: 11.436, 11.779; Q10: 4.698, 4.704; Q50: 9.937, 10.026; Q90: 4.409, 4.591;
| 12 Horizon | RMSE: 33.629, 34.393; MAE: 21.070, 21.673; MAPE: 12.146, 12.600; Q10: 5.070, 5.166; Q50: 10.688, 10.971; Q90: 4.834, 5.163;
In temporal CL model  Epoch 37: 
| 3  Horizon | RMSE: 30.577, 30.790; MAE: 19.026, 19.133; MAPE: 11.003, 11.230; Q10: 4.579, 4.587; Q50: 9.646, 9.684; Q90: 4.258, 4.355;
| 6  Horizon | RMSE: 31.754, 32.417; MAE: 19.727, 20.097; MAPE: 11.375, 11.712; Q10: 4.791, 4.863; Q50: 10.008, 10.176; Q90: 4.437, 4.653;
| 12 Horizon | RMSE: 33.787, 34.956; MAE: 21.309, 21.977; MAPE: 12.398, 12.841; Q10: 5.191, 5.359; Q50: 10.821, 11.137; Q90: 4.807, 5.136;
epoch 37 time used: 72  seconds  train loss: 17.392 val loss: 6.441132 test loss: 6.591792
In spatial CL model  Epoch 38: 
| 3  Horizon | RMSE: 30.640, 30.459; MAE: 19.054, 18.969; MAPE: 11.095, 11.182; Q10: 4.606, 4.552; Q50: 9.664, 9.609; Q90: 4.279, 4.348;
| 6  Horizon | RMSE: 31.686, 32.034; MAE: 19.773, 20.004; MAPE: 11.554, 11.845; Q10: 4.804, 4.812; Q50: 10.041, 10.144; Q90: 4.445, 4.604;
| 12 Horizon | RMSE: 33.387, 34.406; MAE: 21.248, 21.848; MAPE: 12.566, 13.031; Q10: 5.115, 5.241; Q50: 10.796, 11.080; Q90: 4.804, 5.108;
In quantile CL model  Epoch 38: 
| 3  Horizon | RMSE: 30.322, 30.149; MAE: 18.975, 18.945; MAPE: 11.005, 11.212; Q10: 4.558, 4.497; Q50: 9.617, 9.586; Q90: 4.258, 4.351;
| 6  Horizon | RMSE: 31.489, 31.746; MAE: 19.639, 19.894; MAPE: 11.324, 11.632; Q10: 4.733, 4.742; Q50: 9.969, 10.082; Q90: 4.423, 4.622;
| 12 Horizon | RMSE: 33.684, 34.598; MAE: 21.249, 21.927; MAPE: 12.577, 12.990; Q10: 5.113, 5.232; Q50: 10.799, 11.121; Q90: 4.805, 5.137;
In temporal CL model  Epoch 38: 
| 3  Horizon | RMSE: 30.577, 30.790; MAE: 19.026, 19.133; MAPE: 11.003, 11.230; Q10: 4.579, 4.587; Q50: 9.646, 9.684; Q90: 4.258, 4.355;
| 6  Horizon | RMSE: 31.754, 32.417; MAE: 19.727, 20.097; MAPE: 11.375, 11.712; Q10: 4.791, 4.863; Q50: 10.008, 10.176; Q90: 4.437, 4.653;
| 12 Horizon | RMSE: 33.787, 34.956; MAE: 21.309, 21.977; MAPE: 12.398, 12.841; Q10: 5.191, 5.359; Q50: 10.821, 11.137; Q90: 4.807, 5.136;
epoch 38 time used: 72  seconds  train loss: 17.39 val loss: 6.441132 test loss: 6.591792
In spatial CL model  Epoch 39: 
| 3  Horizon | RMSE: 30.597, 30.633; MAE: 19.063, 19.093; MAPE: 11.028, 11.157; Q10: 4.557, 4.524; Q50: 9.670, 9.674; Q90: 4.382, 4.491;
| 6  Horizon | RMSE: 31.729, 32.179; MAE: 19.807, 20.055; MAPE: 11.450, 11.732; Q10: 4.783, 4.798; Q50: 10.052, 10.165; Q90: 4.472, 4.661;
| 12 Horizon | RMSE: 33.550, 34.758; MAE: 21.343, 22.071; MAPE: 12.179, 12.715; Q10: 5.092, 5.222; Q50: 10.826, 11.177; Q90: 4.885, 5.231;
In quantile CL model  Epoch 39: 
| 3  Horizon | RMSE: 30.359, 30.387; MAE: 19.004, 19.079; MAPE: 10.926, 11.179; Q10: 4.545, 4.509; Q50: 9.644, 9.668; Q90: 4.302, 4.436;
| 6  Horizon | RMSE: 31.611, 31.952; MAE: 19.784, 20.068; MAPE: 11.430, 11.779; Q10: 4.774, 4.780; Q50: 10.046, 10.175; Q90: 4.470, 4.700;
| 12 Horizon | RMSE: 33.764, 34.713; MAE: 21.294, 22.024; MAPE: 12.197, 12.847; Q10: 5.152, 5.271; Q50: 10.806, 11.156; Q90: 4.860, 5.231;
In temporal CL model  Epoch 39: 
| 3  Horizon | RMSE: 30.577, 30.790; MAE: 19.026, 19.133; MAPE: 11.003, 11.230; Q10: 4.579, 4.587; Q50: 9.646, 9.684; Q90: 4.258, 4.355;
| 6  Horizon | RMSE: 31.754, 32.417; MAE: 19.727, 20.097; MAPE: 11.375, 11.712; Q10: 4.791, 4.863; Q50: 10.008, 10.176; Q90: 4.437, 4.653;
| 12 Horizon | RMSE: 33.787, 34.956; MAE: 21.309, 21.977; MAPE: 12.398, 12.841; Q10: 5.191, 5.359; Q50: 10.821, 11.137; Q90: 4.807, 5.136;
epoch 39 time used: 72  seconds  train loss: 17.362 val loss: 6.441132 test loss: 6.591792
In spatial CL model  Epoch 40: 
| 3  Horizon | RMSE: 30.614, 30.592; MAE: 19.092, 19.143; MAPE: 11.305, 11.453; Q10: 4.607, 4.569; Q50: 9.676, 9.688; Q90: 4.307, 4.409;
| 6  Horizon | RMSE: 31.804, 32.154; MAE: 19.979, 20.215; MAPE: 12.183, 12.427; Q10: 4.911, 4.924; Q50: 10.113, 10.218; Q90: 4.502, 4.700;
| 12 Horizon | RMSE: 33.383, 34.342; MAE: 21.277, 21.864; MAPE: 13.008, 13.464; Q10: 5.100, 5.225; Q50: 10.769, 11.050; Q90: 4.842, 5.130;
In quantile CL model  Epoch 40: 
| 3  Horizon | RMSE: 30.346, 30.220; MAE: 18.926, 18.909; MAPE: 11.043, 11.226; Q10: 4.536, 4.491; Q50: 9.595, 9.574; Q90: 4.257, 4.363;
| 6  Horizon | RMSE: 31.589, 31.770; MAE: 19.663, 19.851; MAPE: 11.530, 11.789; Q10: 4.804, 4.800; Q50: 9.965, 10.046; Q90: 4.420, 4.609;
| 12 Horizon | RMSE: 33.750, 34.501; MAE: 21.125, 21.665; MAPE: 12.299, 12.717; Q10: 5.109, 5.208; Q50: 10.716, 10.971; Q90: 4.836, 5.147;
In temporal CL model  Epoch 40: 
| 3  Horizon | RMSE: 30.577, 30.790; MAE: 19.026, 19.133; MAPE: 11.003, 11.230; Q10: 4.579, 4.587; Q50: 9.646, 9.684; Q90: 4.258, 4.355;
| 6  Horizon | RMSE: 31.754, 32.417; MAE: 19.727, 20.097; MAPE: 11.375, 11.712; Q10: 4.791, 4.863; Q50: 10.008, 10.176; Q90: 4.437, 4.653;
| 12 Horizon | RMSE: 33.787, 34.956; MAE: 21.309, 21.977; MAPE: 12.398, 12.841; Q10: 5.191, 5.359; Q50: 10.821, 11.137; Q90: 4.807, 5.136;
epoch 40 time used: 72  seconds  train loss: 17.339 val loss: 6.441132 test loss: 6.591792
In spatial CL model  Epoch 41: 
| 3  Horizon | RMSE: 30.570, 30.598; MAE: 18.910, 18.982; MAPE: 11.068, 11.254; Q10: 4.561, 4.544; Q50: 9.594, 9.618; Q90: 4.246, 4.359;
| 6  Horizon | RMSE: 31.729, 32.179; MAE: 19.732, 20.023; MAPE: 11.727, 12.003; Q10: 4.832, 4.865; Q50: 9.996, 10.129; Q90: 4.417, 4.613;
| 12 Horizon | RMSE: 33.292, 34.469; MAE: 21.160, 21.874; MAPE: 12.437, 12.948; Q10: 5.077, 5.223; Q50: 10.723, 11.066; Q90: 4.811, 5.138;
In quantile CL model  Epoch 41: 
| 3  Horizon | RMSE: 30.335, 30.314; MAE: 18.917, 18.999; MAPE: 10.985, 11.226; Q10: 4.528, 4.493; Q50: 9.605, 9.632; Q90: 4.276, 4.417;
| 6  Horizon | RMSE: 31.610, 31.874; MAE: 19.563, 19.855; MAPE: 11.290, 11.650; Q10: 4.744, 4.758; Q50: 9.924, 10.056; Q90: 4.408, 4.618;
| 12 Horizon | RMSE: 33.795, 34.680; MAE: 21.152, 21.846; MAPE: 12.204, 12.756; Q10: 5.102, 5.215; Q50: 10.722, 11.054; Q90: 4.845, 5.202;
In temporal CL model  Epoch 41: 
| 3  Horizon | RMSE: 30.577, 30.790; MAE: 19.026, 19.133; MAPE: 11.003, 11.230; Q10: 4.579, 4.587; Q50: 9.646, 9.684; Q90: 4.258, 4.355;
| 6  Horizon | RMSE: 31.754, 32.417; MAE: 19.727, 20.097; MAPE: 11.375, 11.712; Q10: 4.791, 4.863; Q50: 10.008, 10.176; Q90: 4.437, 4.653;
| 12 Horizon | RMSE: 33.787, 34.956; MAE: 21.309, 21.977; MAPE: 12.398, 12.841; Q10: 5.191, 5.359; Q50: 10.821, 11.137; Q90: 4.807, 5.136;
epoch 41 time used: 72  seconds  train loss: 17.347 val loss: 6.441132 test loss: 6.591792
In spatial CL model  Epoch 42: 
| 3  Horizon | RMSE: 30.662, 30.706; MAE: 19.100, 19.223; MAPE: 11.016, 11.231; Q10: 4.556, 4.530; Q50: 9.696, 9.746; Q90: 4.285, 4.403;
| 6  Horizon | RMSE: 31.708, 32.127; MAE: 19.699, 20.027; MAPE: 11.343, 11.665; Q10: 4.753, 4.772; Q50: 9.999, 10.151; Q90: 4.452, 4.676;
| 12 Horizon | RMSE: 33.295, 34.409; MAE: 21.040, 21.761; MAPE: 12.052, 12.559; Q10: 5.066, 5.184; Q50: 10.671, 11.018; Q90: 4.749, 5.060;
In quantile CL model  Epoch 42: 
| 3  Horizon | RMSE: 30.349, 30.516; MAE: 19.048, 19.255; MAPE: 10.860, 11.181; Q10: 4.508, 4.496; Q50: 9.661, 9.750; Q90: 4.347, 4.523;
| 6  Horizon | RMSE: 31.489, 31.976; MAE: 19.607, 20.033; MAPE: 11.201, 11.619; Q10: 4.696, 4.744; Q50: 9.948, 10.147; Q90: 4.452, 4.718;
| 12 Horizon | RMSE: 33.675, 34.849; MAE: 21.100, 21.996; MAPE: 11.985, 12.670; Q10: 5.062, 5.224; Q50: 10.704, 11.136; Q90: 4.759, 5.131;
In temporal CL model  Epoch 42: 
| 3  Horizon | RMSE: 30.577, 30.790; MAE: 19.026, 19.133; MAPE: 11.003, 11.230; Q10: 4.579, 4.587; Q50: 9.646, 9.684; Q90: 4.258, 4.355;
| 6  Horizon | RMSE: 31.754, 32.417; MAE: 19.727, 20.097; MAPE: 11.375, 11.712; Q10: 4.791, 4.863; Q50: 10.008, 10.176; Q90: 4.437, 4.653;
| 12 Horizon | RMSE: 33.787, 34.956; MAE: 21.309, 21.977; MAPE: 12.398, 12.841; Q10: 5.191, 5.359; Q50: 10.821, 11.137; Q90: 4.807, 5.136;
epoch 42 time used: 72  seconds  train loss: 17.329 val loss: 6.441132 test loss: 6.591792
In spatial CL model  Epoch 43: 
| 3  Horizon | RMSE: 30.737, 30.650; MAE: 19.056, 19.033; MAPE: 11.219, 11.320; Q10: 4.588, 4.562; Q50: 9.654, 9.630; Q90: 4.262, 4.340;
| 6  Horizon | RMSE: 31.803, 32.148; MAE: 19.755, 19.969; MAPE: 11.495, 11.723; Q10: 4.836, 4.847; Q50: 10.015, 10.109; Q90: 4.439, 4.623;
| 12 Horizon | RMSE: 33.523, 34.492; MAE: 21.231, 21.786; MAPE: 12.337, 12.754; Q10: 5.156, 5.271; Q50: 10.766, 11.027; Q90: 4.809, 5.101;
In quantile CL model  Epoch 43: 
| 3  Horizon | RMSE: 30.622, 30.482; MAE: 19.104, 19.072; MAPE: 11.134, 11.356; Q10: 4.623, 4.577; Q50: 9.683, 9.652; Q90: 4.262, 4.346;
| 6  Horizon | RMSE: 31.954, 32.052; MAE: 19.849, 19.979; MAPE: 11.514, 11.802; Q10: 4.869, 4.853; Q50: 10.065, 10.115; Q90: 4.421, 4.612;
| 12 Horizon | RMSE: 34.019, 34.699; MAE: 21.327, 21.801; MAPE: 12.345, 12.747; Q10: 5.207, 5.295; Q50: 10.819, 11.038; Q90: 4.816, 5.092;
In temporal CL model  Epoch 43: 
| 3  Horizon | RMSE: 30.577, 30.790; MAE: 19.026, 19.133; MAPE: 11.003, 11.230; Q10: 4.579, 4.587; Q50: 9.646, 9.684; Q90: 4.258, 4.355;
| 6  Horizon | RMSE: 31.754, 32.417; MAE: 19.727, 20.097; MAPE: 11.375, 11.712; Q10: 4.791, 4.863; Q50: 10.008, 10.176; Q90: 4.437, 4.653;
| 12 Horizon | RMSE: 33.787, 34.956; MAE: 21.309, 21.977; MAPE: 12.398, 12.841; Q10: 5.191, 5.359; Q50: 10.821, 11.137; Q90: 4.807, 5.136;
epoch 43 time used: 72  seconds  train loss: 17.299 val loss: 6.441132 test loss: 6.591792
In spatial CL model  Epoch 44: 
| 3  Horizon | RMSE: 30.610, 30.563; MAE: 18.998, 19.038; MAPE: 11.204, 11.344; Q10: 4.573, 4.546; Q50: 9.630, 9.637; Q90: 4.291, 4.393;
| 6  Horizon | RMSE: 31.819, 32.168; MAE: 19.781, 20.024; MAPE: 11.795, 12.060; Q10: 4.773, 4.804; Q50: 10.019, 10.127; Q90: 4.441, 4.614;
| 12 Horizon | RMSE: 33.406, 34.503; MAE: 21.091, 21.745; MAPE: 12.293, 12.800; Q10: 5.064, 5.217; Q50: 10.694, 11.006; Q90: 4.784, 5.076;
In quantile CL model  Epoch 44: 
| 3  Horizon | RMSE: 30.430, 30.403; MAE: 18.978, 19.126; MAPE: 11.078, 11.427; Q10: 4.533, 4.510; Q50: 9.619, 9.679; Q90: 4.299, 4.460;
| 6  Horizon | RMSE: 31.771, 32.048; MAE: 19.656, 20.030; MAPE: 11.446, 11.892; Q10: 4.739, 4.775; Q50: 9.962, 10.134; Q90: 4.411, 4.641;
| 12 Horizon | RMSE: 34.174, 35.072; MAE: 21.207, 21.967; MAPE: 12.131, 12.673; Q10: 5.120, 5.260; Q50: 10.765, 11.128; Q90: 4.798, 5.158;
In temporal CL model  Epoch 44: 
| 3  Horizon | RMSE: 30.577, 30.790; MAE: 19.026, 19.133; MAPE: 11.003, 11.230; Q10: 4.579, 4.587; Q50: 9.646, 9.684; Q90: 4.258, 4.355;
| 6  Horizon | RMSE: 31.754, 32.417; MAE: 19.727, 20.097; MAPE: 11.375, 11.712; Q10: 4.791, 4.863; Q50: 10.008, 10.176; Q90: 4.437, 4.653;
| 12 Horizon | RMSE: 33.787, 34.956; MAE: 21.309, 21.977; MAPE: 12.398, 12.841; Q10: 5.191, 5.359; Q50: 10.821, 11.137; Q90: 4.807, 5.136;
epoch 44 time used: 71  seconds  train loss: 17.303 val loss: 6.441132 test loss: 6.591792
In spatial CL model  Epoch 45: 
| 3  Horizon | RMSE: 30.750, 30.748; MAE: 19.204, 19.165; MAPE: 11.271, 11.133; Q10: 4.606, 4.548; Q50: 9.734, 9.709; Q90: 4.304, 4.396;
| 6  Horizon | RMSE: 31.772, 32.168; MAE: 19.773, 19.976; MAPE: 11.592, 11.667; Q10: 4.758, 4.779; Q50: 10.033, 10.128; Q90: 4.460, 4.644;
| 12 Horizon | RMSE: 33.294, 34.299; MAE: 21.022, 21.516; MAPE: 12.476, 12.600; Q10: 5.116, 5.199; Q50: 10.657, 10.895; Q90: 4.802, 5.103;
In quantile CL model  Epoch 45: 
| 3  Horizon | RMSE: 30.367, 30.398; MAE: 19.124, 19.189; MAPE: 11.130, 11.361; Q10: 4.566, 4.533; Q50: 9.685, 9.706; Q90: 4.289, 4.414;
| 6  Horizon | RMSE: 31.523, 31.822; MAE: 19.597, 19.878; MAPE: 11.214, 11.578; Q10: 4.704, 4.725; Q50: 9.943, 10.071; Q90: 4.426, 4.635;
| 12 Horizon | RMSE: 33.821, 34.572; MAE: 21.194, 21.734; MAPE: 12.538, 13.025; Q10: 5.159, 5.275; Q50: 10.733, 10.987; Q90: 4.782, 5.089;
In temporal CL model  Epoch 45: 
| 3  Horizon | RMSE: 30.577, 30.790; MAE: 19.026, 19.133; MAPE: 11.003, 11.230; Q10: 4.579, 4.587; Q50: 9.646, 9.684; Q90: 4.258, 4.355;
| 6  Horizon | RMSE: 31.754, 32.417; MAE: 19.727, 20.097; MAPE: 11.375, 11.712; Q10: 4.791, 4.863; Q50: 10.008, 10.176; Q90: 4.437, 4.653;
| 12 Horizon | RMSE: 33.787, 34.956; MAE: 21.309, 21.977; MAPE: 12.398, 12.841; Q10: 5.191, 5.359; Q50: 10.821, 11.137; Q90: 4.807, 5.136;
epoch 45 time used: 71  seconds  train loss: 17.269 val loss: 6.441132 test loss: 6.591792
In spatial CL model  Epoch 46: 
| 3  Horizon | RMSE: 30.633, 30.601; MAE: 18.982, 18.994; MAPE: 11.018, 11.144; Q10: 4.554, 4.520; Q50: 9.634, 9.627; Q90: 4.293, 4.373;
| 6  Horizon | RMSE: 31.847, 32.215; MAE: 19.765, 19.968; MAPE: 11.587, 11.828; Q10: 4.786, 4.795; Q50: 10.038, 10.126; Q90: 4.458, 4.628;
| 12 Horizon | RMSE: 33.589, 34.453; MAE: 21.222, 21.652; MAPE: 12.387, 12.729; Q10: 5.142, 5.230; Q50: 10.762, 10.961; Q90: 4.804, 5.063;
In quantile CL model  Epoch 46: 
| 3  Horizon | RMSE: 30.356, 30.298; MAE: 18.984, 19.026; MAPE: 11.039, 11.245; Q10: 4.539, 4.506; Q50: 9.638, 9.645; Q90: 4.275, 4.371;
| 6  Horizon | RMSE: 31.788, 32.015; MAE: 19.914, 20.141; MAPE: 11.925, 12.189; Q10: 4.794, 4.792; Q50: 10.122, 10.221; Q90: 4.472, 4.663;
| 12 Horizon | RMSE: 34.125, 34.750; MAE: 21.355, 21.792; MAPE: 12.393, 12.787; Q10: 5.215, 5.295; Q50: 10.839, 11.040; Q90: 4.814, 5.084;
***************************
***************************
quantile CL model  Early stopping at epoch: 46
***************************
***************************
In temporal CL model  Epoch 46: 
| 3  Horizon | RMSE: 30.577, 30.790; MAE: 19.026, 19.133; MAPE: 11.003, 11.230; Q10: 4.579, 4.587; Q50: 9.646, 9.684; Q90: 4.258, 4.355;
| 6  Horizon | RMSE: 31.754, 32.417; MAE: 19.727, 20.097; MAPE: 11.375, 11.712; Q10: 4.791, 4.863; Q50: 10.008, 10.176; Q90: 4.437, 4.653;
| 12 Horizon | RMSE: 33.787, 34.956; MAE: 21.309, 21.977; MAPE: 12.398, 12.841; Q10: 5.191, 5.359; Q50: 10.821, 11.137; Q90: 4.807, 5.136;
epoch 46 time used: 75  seconds  train loss: 17.269 val loss: 6.441132 test loss: 6.591792
In spatial CL model  Epoch 47: 
| 3  Horizon | RMSE: 30.527, 30.539; MAE: 18.968, 18.977; MAPE: 11.069, 11.166; Q10: 4.546, 4.522; Q50: 9.612, 9.605; Q90: 4.266, 4.345;
| 6  Horizon | RMSE: 31.693, 32.118; MAE: 19.681, 19.934; MAPE: 11.301, 11.560; Q10: 4.759, 4.776; Q50: 9.983, 10.097; Q90: 4.424, 4.599;
| 12 Horizon | RMSE: 33.601, 34.459; MAE: 21.170, 21.662; MAPE: 12.241, 12.637; Q10: 5.111, 5.210; Q50: 10.738, 10.970; Q90: 4.774, 5.037;
***************************
***************************
spatial CL model  Early stopping at epoch: 47
***************************
***************************
In quantile CL model  Epoch 47: 
| 3  Horizon | RMSE: 30.356, 30.298; MAE: 18.984, 19.026; MAPE: 11.039, 11.245; Q10: 4.539, 4.506; Q50: 9.638, 9.645; Q90: 4.275, 4.371;
| 6  Horizon | RMSE: 31.788, 32.015; MAE: 19.914, 20.141; MAPE: 11.925, 12.189; Q10: 4.794, 4.792; Q50: 10.122, 10.221; Q90: 4.472, 4.663;
| 12 Horizon | RMSE: 34.125, 34.750; MAE: 21.355, 21.792; MAPE: 12.393, 12.787; Q10: 5.215, 5.295; Q50: 10.839, 11.040; Q90: 4.814, 5.084;
In temporal CL model  Epoch 47: 
| 3  Horizon | RMSE: 30.577, 30.790; MAE: 19.026, 19.133; MAPE: 11.003, 11.230; Q10: 4.579, 4.587; Q50: 9.646, 9.684; Q90: 4.258, 4.355;
| 6  Horizon | RMSE: 31.754, 32.417; MAE: 19.727, 20.097; MAPE: 11.375, 11.712; Q10: 4.791, 4.863; Q50: 10.008, 10.176; Q90: 4.437, 4.653;
| 12 Horizon | RMSE: 33.787, 34.956; MAE: 21.309, 21.977; MAPE: 12.398, 12.841; Q10: 5.191, 5.359; Q50: 10.821, 11.137; Q90: 4.807, 5.136;
epoch 47 time used: 45  seconds  train loss: 17.201 val loss: 6.441132 test loss: 6.591792
Model  stgcn17  Best Results:
Epoch {'spatial CL model': 37, 'quantile CL model': 36, 'temporal CL model': 25}: 
=        =        Horizon  3        =        =        =        =        Horizon  6        =        =        =        =        Horizon  12       =        =       
RMSE     MAE      MAPE     Q10      Q50      Q90      RMSE     MAE      MAPE     Q10      Q50      Q90      RMSE     MAE      MAPE     Q10      Q50      Q90     
29.894   18.607   11.014   4.427    9.421    4.235    31.404   19.487   11.590   4.685    9.858    4.462    33.607   21.062   12.529   5.088    10.652   4.857   
Model Training Ended ... Thu Dec  7 23:45:02 2023
