pdate shape is:  (16992,)
./save/pems04_stgcn3_in12_out12_addtimeFalse_adjTrue_lr0.001_hc32_train0.6_val0.2_test0.2_seed233_lossquantile_version0_note:final2_stacking_q300qlen10 training started Fri Dec 29 23:32:02 2023
pdate shape is:  (16992,)
data load........
initial data shape is:  (16992, 307, 3)
train_mean shape : (307,)
train  :  (10177, 24, 307, 3)
val  :  (3393, 24, 307, 3)
test  :  (3388, 24, 307, 3)
Model Training Started ... Fri Dec 29 23:32:04 2023
TIMESTEP_IN, TIMESTEP_OUT 12 12
LOSS is : quantile
Quantile1 cl loss is [0.009999999999999995, 0.5, 0.99]
Quantile2 cl loss is [0.19, 0.5, 0.81]
Quantile1 cl loss is [0.020000000000000004, 0.5, 0.98]
Quantile2 cl loss is [0.18000000000000002, 0.5, 0.8200000000000001]
Quantile1 cl loss is [0.03, 0.5, 0.97]
Quantile2 cl loss is [0.17, 0.5, 0.8300000000000001]
Quantile1 cl loss is [0.04, 0.5, 0.96]
Quantile2 cl loss is [0.16, 0.5, 0.8400000000000001]
In quantile1 CL model  Epoch 0: 
| 3  Horizon | RMSE: 33.496, 32.706; MAE: 22.059, 21.668; MAPE: 14.112, 14.136; Q10: 5.316, 5.179; Q50: 11.141, 10.924; Q90: 6.197, 6.145;
| 6  Horizon | RMSE: 35.906, 35.074; MAE: 23.534, 23.167; MAPE: 14.508, 14.495; Q10: 5.890, 5.746; Q50: 11.904, 11.698; Q90: 6.327, 6.265;
| 12 Horizon | RMSE: 41.341, 40.472; MAE: 27.399, 27.115; MAPE: 16.728, 16.907; Q10: 7.076, 6.947; Q50: 13.859, 13.693; Q90: 7.504, 7.421;
In quantile2 CL model  Epoch 0: 
| 3  Horizon | RMSE: 33.296, 32.288; MAE: 21.574, 20.983; MAPE: 13.096, 12.877; Q10: 5.805, 5.543; Q50: 10.917, 10.603; Q90: 4.914, 4.802;
| 6  Horizon | RMSE: 35.540, 34.533; MAE: 23.001, 22.469; MAPE: 13.674, 13.425; Q10: 5.829, 5.606; Q50: 11.650, 11.365; Q90: 5.437, 5.367;
| 12 Horizon | RMSE: 40.669, 39.734; MAE: 26.628, 26.272; MAPE: 15.550, 15.452; Q10: 6.244, 6.077; Q50: 13.494, 13.296; Q90: 6.480, 6.443;
epoch 0 time used: 81  seconds  train loss: 25.904 val loss: 7.735585 test loss: 7.544421
Quantile1 cl loss is [0.05, 0.5, 0.95]
Quantile2 cl loss is [0.15000000000000002, 0.5, 0.8500000000000001]
Quantile1 cl loss is [0.06000000000000001, 0.5, 0.94]
Quantile2 cl loss is [0.14, 0.5, 0.8600000000000001]
Quantile1 cl loss is [0.07, 0.5, 0.9299999999999999]
Quantile2 cl loss is [0.13, 0.5, 0.8700000000000001]
Quantile1 cl loss is [0.08, 0.5, 0.92]
Quantile2 cl loss is [0.12000000000000001, 0.5, 0.88]
In quantile1 CL model  Epoch 1: 
| 3  Horizon | RMSE: 32.038, 31.650; MAE: 20.612, 20.452; MAPE: 12.320, 12.329; Q10: 4.877, 4.825; Q50: 10.438, 10.339; Q90: 4.813, 4.789;
| 6  Horizon | RMSE: 34.153, 33.898; MAE: 22.150, 22.110; MAPE: 13.612, 13.740; Q10: 5.195, 5.160; Q50: 11.205, 11.167; Q90: 5.189, 5.192;
| 12 Horizon | RMSE: 38.184, 38.259; MAE: 25.002, 25.183; MAPE: 14.783, 15.000; Q10: 6.007, 5.983; Q50: 12.663, 12.735; Q90: 5.820, 5.898;
In quantile2 CL model  Epoch 1: 
| 3  Horizon | RMSE: 31.751, 30.955; MAE: 20.278, 19.888; MAPE: 11.997, 11.895; Q10: 4.808, 4.669; Q50: 10.277, 10.063; Q90: 4.680, 4.612;
| 6  Horizon | RMSE: 33.940, 33.154; MAE: 21.760, 21.407; MAPE: 12.884, 12.766; Q10: 5.119, 4.980; Q50: 11.021, 10.824; Q90: 5.046, 4.993;
| 12 Horizon | RMSE: 38.020, 37.483; MAE: 24.690, 24.499; MAPE: 14.492, 14.382; Q10: 5.780, 5.704; Q50: 12.523, 12.406; Q90: 5.779, 5.774;
epoch 1 time used: 79  seconds  train loss: 20.922 val loss: 7.124646 test loss: 7.010871
Quantile1 cl loss is [0.09, 0.5, 0.91]
Quantile2 cl loss is [0.11000000000000001, 0.5, 0.89]
Quantile1 cl loss is [0.1, 0.5, 0.9]
Quantile2 cl loss is [0.1, 0.5, 0.9]
In quantile1 CL model  Epoch 2: 
| 3  Horizon | RMSE: 32.251, 32.006; MAE: 20.727, 20.557; MAPE: 12.964, 12.860; Q10: 4.895, 4.894; Q50: 10.534, 10.433; Q90: 4.688, 4.673;
| 6  Horizon | RMSE: 33.895, 33.933; MAE: 21.558, 21.620; MAPE: 12.749, 12.830; Q10: 5.110, 5.144; Q50: 10.932, 10.947; Q90: 5.009, 5.037;
| 12 Horizon | RMSE: 37.620, 38.329; MAE: 24.500, 25.055; MAPE: 15.486, 16.000; Q10: 5.692, 5.811; Q50: 12.378, 12.644; Q90: 5.780, 5.899;
In quantile2 CL model  Epoch 2: 
| 3  Horizon | RMSE: 31.826, 31.103; MAE: 20.396, 20.086; MAPE: 12.348, 12.261; Q10: 4.934, 4.849; Q50: 10.357, 10.184; Q90: 4.696, 4.646;
| 6  Horizon | RMSE: 33.666, 33.091; MAE: 21.497, 21.339; MAPE: 12.553, 12.579; Q10: 5.096, 5.015; Q50: 10.899, 10.801; Q90: 5.059, 5.047;
| 12 Horizon | RMSE: 37.190, 37.271; MAE: 24.058, 24.299; MAPE: 14.241, 14.603; Q10: 5.623, 5.649; Q50: 12.175, 12.279; Q90: 5.661, 5.739;
epoch 2 time used: 79  seconds  train loss: 20.342 val loss: 7.079833 test loss: 7.045313
In quantile1 CL model  Epoch 3: 
| 3  Horizon | RMSE: 31.950, 31.684; MAE: 20.636, 20.483; MAPE: 12.971, 13.074; Q10: 4.988, 4.979; Q50: 10.429, 10.338; Q90: 4.612, 4.608;
| 6  Horizon | RMSE: 33.422, 33.384; MAE: 21.392, 21.422; MAPE: 12.982, 13.141; Q10: 5.268, 5.302; Q50: 10.827, 10.824; Q90: 4.856, 4.886;
| 12 Horizon | RMSE: 36.492, 37.026; MAE: 23.653, 24.094; MAPE: 14.468, 14.868; Q10: 5.630, 5.748; Q50: 11.972, 12.174; Q90: 5.436, 5.555;
In quantile2 CL model  Epoch 3: 
| 3  Horizon | RMSE: 31.765, 30.944; MAE: 20.388, 20.005; MAPE: 12.418, 12.417; Q10: 4.801, 4.677; Q50: 10.313, 10.103; Q90: 4.617, 4.568;
| 6  Horizon | RMSE: 33.379, 32.724; MAE: 21.339, 21.101; MAPE: 12.683, 12.728; Q10: 5.198, 5.084; Q50: 10.805, 10.665; Q90: 4.861, 4.861;
| 12 Horizon | RMSE: 36.469, 36.450; MAE: 23.666, 23.830; MAPE: 14.330, 14.618; Q10: 5.560, 5.557; Q50: 11.980, 12.041; Q90: 5.437, 5.528;
epoch 3 time used: 79  seconds  train loss: 19.839 val loss: 6.960777 test loss: 6.903961
In quantile1 CL model  Epoch 4: 
| 3  Horizon | RMSE: 32.053, 31.805; MAE: 20.610, 20.439; MAPE: 12.245, 12.166; Q10: 4.916, 4.892; Q50: 10.472, 10.369; Q90: 4.716, 4.691;
| 6  Horizon | RMSE: 34.299, 34.163; MAE: 22.108, 22.018; MAPE: 13.032, 12.924; Q10: 5.274, 5.258; Q50: 11.232, 11.169; Q90: 4.922, 4.924;
| 12 Horizon | RMSE: 37.453, 37.653; MAE: 24.247, 24.331; MAPE: 14.359, 14.231; Q10: 5.740, 5.759; Q50: 12.320, 12.340; Q90: 5.588, 5.680;
In quantile2 CL model  Epoch 4: 
| 3  Horizon | RMSE: 31.203, 30.519; MAE: 19.853, 19.525; MAPE: 11.784, 11.626; Q10: 4.726, 4.629; Q50: 10.076, 9.894; Q90: 4.550, 4.510;
| 6  Horizon | RMSE: 33.000, 32.451; MAE: 20.992, 20.811; MAPE: 12.354, 12.237; Q10: 4.968, 4.877; Q50: 10.658, 10.548; Q90: 4.841, 4.844;
| 12 Horizon | RMSE: 35.960, 35.912; MAE: 23.084, 23.214; MAPE: 13.487, 13.575; Q10: 5.442, 5.384; Q50: 11.713, 11.758; Q90: 5.382, 5.504;
epoch 4 time used: 79  seconds  train loss: 19.467 val loss: 6.843225 test loss: 6.793702
In quantile1 CL model  Epoch 5: 
| 3  Horizon | RMSE: 31.282, 31.150; MAE: 19.880, 19.759; MAPE: 11.681, 11.629; Q10: 4.689, 4.686; Q50: 10.092, 10.012; Q90: 4.532, 4.542;
| 6  Horizon | RMSE: 32.784, 32.833; MAE: 20.683, 20.726; MAPE: 12.039, 12.076; Q10: 4.904, 4.927; Q50: 10.494, 10.495; Q90: 4.722, 4.766;
| 12 Horizon | RMSE: 36.110, 36.581; MAE: 23.117, 23.511; MAPE: 13.277, 13.670; Q10: 5.515, 5.571; Q50: 11.717, 11.890; Q90: 5.252, 5.419;
In quantile2 CL model  Epoch 5: 
| 3  Horizon | RMSE: 31.132, 30.513; MAE: 19.802, 19.555; MAPE: 11.617, 11.493; Q10: 4.671, 4.568; Q50: 10.052, 9.910; Q90: 4.533, 4.535;
| 6  Horizon | RMSE: 32.825, 32.292; MAE: 20.809, 20.664; MAPE: 12.204, 12.074; Q10: 4.932, 4.829; Q50: 10.565, 10.470; Q90: 4.789, 4.808;
| 12 Horizon | RMSE: 36.046, 35.966; MAE: 23.150, 23.301; MAPE: 13.309, 13.368; Q10: 5.557, 5.494; Q50: 11.746, 11.799; Q90: 5.323, 5.459;
epoch 5 time used: 78  seconds  train loss: 19.019 val loss: 6.819194 test loss: 6.780728
In quantile1 CL model  Epoch 6: 
| 3  Horizon | RMSE: 30.967, 30.862; MAE: 19.495, 19.396; MAPE: 11.466, 11.451; Q10: 4.628, 4.631; Q50: 9.896, 9.829; Q90: 4.442, 4.457;
| 6  Horizon | RMSE: 32.562, 32.720; MAE: 20.457, 20.571; MAPE: 11.863, 11.962; Q10: 4.862, 4.906; Q50: 10.379, 10.417; Q90: 4.672, 4.732;
| 12 Horizon | RMSE: 35.391, 36.077; MAE: 22.439, 22.912; MAPE: 13.055, 13.380; Q10: 5.356, 5.479; Q50: 11.379, 11.593; Q90: 5.210, 5.383;
In quantile2 CL model  Epoch 6: 
| 3  Horizon | RMSE: 30.919, 30.296; MAE: 19.579, 19.338; MAPE: 11.566, 11.459; Q10: 4.622, 4.523; Q50: 9.940, 9.801; Q90: 4.470, 4.469;
| 6  Horizon | RMSE: 32.530, 32.174; MAE: 20.557, 20.560; MAPE: 11.848, 11.904; Q10: 4.836, 4.764; Q50: 10.432, 10.412; Q90: 4.723, 4.783;
| 12 Horizon | RMSE: 35.248, 35.465; MAE: 22.511, 22.881; MAPE: 12.931, 13.247; Q10: 5.322, 5.329; Q50: 11.414, 11.578; Q90: 5.232, 5.437;
epoch 6 time used: 78  seconds  train loss: 18.945 val loss: 6.714245 test loss: 6.71796
In quantile1 CL model  Epoch 7: 
| 3  Horizon | RMSE: 31.041, 31.104; MAE: 19.648, 19.658; MAPE: 11.348, 11.499; Q10: 4.647, 4.678; Q50: 9.956, 9.946; Q90: 4.454, 4.493;
| 6  Horizon | RMSE: 32.413, 32.795; MAE: 20.369, 20.614; MAPE: 11.913, 12.169; Q10: 4.872, 4.950; Q50: 10.317, 10.423; Q90: 4.650, 4.736;
| 12 Horizon | RMSE: 35.155, 36.121; MAE: 22.333, 22.989; MAPE: 13.239, 13.782; Q10: 5.361, 5.536; Q50: 11.308, 11.618; Q90: 5.122, 5.313;
In quantile2 CL model  Epoch 7: 
| 3  Horizon | RMSE: 30.888, 30.441; MAE: 19.665, 19.563; MAPE: 11.496, 11.606; Q10: 4.636, 4.556; Q50: 9.957, 9.888; Q90: 4.484, 4.526;
| 6  Horizon | RMSE: 32.377, 32.035; MAE: 20.481, 20.489; MAPE: 11.960, 12.095; Q10: 4.846, 4.783; Q50: 10.377, 10.361; Q90: 4.699, 4.782;
| 12 Horizon | RMSE: 34.928, 35.228; MAE: 22.364, 22.761; MAPE: 13.093, 13.390; Q10: 5.350, 5.359; Q50: 11.334, 11.510; Q90: 5.181, 5.376;
epoch 7 time used: 77  seconds  train loss: 18.724 val loss: 6.698109 test loss: 6.719326
In quantile1 CL model  Epoch 8: 
| 3  Horizon | RMSE: 31.028, 31.148; MAE: 19.515, 19.572; MAPE: 11.691, 11.886; Q10: 4.593, 4.640; Q50: 9.886, 9.898; Q90: 4.434, 4.457;
| 6  Horizon | RMSE: 32.602, 33.066; MAE: 20.449, 20.755; MAPE: 12.274, 12.593; Q10: 4.847, 4.950; Q50: 10.355, 10.490; Q90: 4.681, 4.756;
| 12 Horizon | RMSE: 35.239, 36.373; MAE: 22.374, 23.039; MAPE: 13.139, 13.370; Q10: 5.380, 5.538; Q50: 11.360, 11.668; Q90: 5.113, 5.346;
In quantile2 CL model  Epoch 8: 
| 3  Horizon | RMSE: 30.875, 30.248; MAE: 19.469, 19.239; MAPE: 11.513, 11.512; Q10: 4.589, 4.495; Q50: 9.868, 9.734; Q90: 4.456, 4.439;
| 6  Horizon | RMSE: 32.454, 32.093; MAE: 20.439, 20.426; MAPE: 12.037, 12.176; Q10: 4.830, 4.765; Q50: 10.357, 10.331; Q90: 4.674, 4.731;
| 12 Horizon | RMSE: 35.143, 35.596; MAE: 22.594, 23.016; MAPE: 13.424, 13.450; Q10: 5.404, 5.413; Q50: 11.477, 11.666; Q90: 5.128, 5.367;
epoch 8 time used: 77  seconds  train loss: 18.598 val loss: 6.655639 test loss: 6.664327
In quantile1 CL model  Epoch 9: 
| 3  Horizon | RMSE: 30.977, 31.063; MAE: 19.544, 19.604; MAPE: 11.344, 11.491; Q10: 4.598, 4.637; Q50: 9.905, 9.922; Q90: 4.467, 4.522;
| 6  Horizon | RMSE: 32.707, 33.072; MAE: 20.596, 20.864; MAPE: 11.844, 12.024; Q10: 4.854, 4.924; Q50: 10.447, 10.566; Q90: 4.735, 4.858;
| 12 Horizon | RMSE: 36.065, 36.841; MAE: 23.054, 23.584; MAPE: 13.539, 13.655; Q10: 5.375, 5.496; Q50: 11.712, 11.957; Q90: 5.685, 5.917;
In quantile2 CL model  Epoch 9: 
| 3  Horizon | RMSE: 30.886, 30.505; MAE: 19.557, 19.502; MAPE: 11.307, 11.326; Q10: 4.594, 4.511; Q50: 9.912, 9.869; Q90: 4.487, 4.536;
| 6  Horizon | RMSE: 32.389, 32.260; MAE: 20.421, 20.568; MAPE: 11.741, 11.847; Q10: 4.819, 4.763; Q50: 10.357, 10.414; Q90: 4.692, 4.806;
| 12 Horizon | RMSE: 35.319, 35.808; MAE: 22.679, 23.186; MAPE: 13.162, 13.309; Q10: 5.325, 5.335; Q50: 11.518, 11.751; Q90: 5.335, 5.613;
epoch 9 time used: 77  seconds  train loss: 18.514 val loss: 6.707942 test loss: 6.766807
In quantile1 CL model  Epoch 10: 
| 3  Horizon | RMSE: 30.741, 30.879; MAE: 19.409, 19.441; MAPE: 11.752, 11.760; Q10: 4.580, 4.623; Q50: 9.857, 9.858; Q90: 4.418, 4.467;
| 6  Horizon | RMSE: 32.322, 32.849; MAE: 20.320, 20.614; MAPE: 11.991, 12.088; Q10: 4.839, 4.927; Q50: 10.312, 10.443; Q90: 4.655, 4.776;
| 12 Horizon | RMSE: 35.008, 36.169; MAE: 22.221, 22.915; MAPE: 13.090, 13.395; Q10: 5.309, 5.475; Q50: 11.273, 11.601; Q90: 5.099, 5.371;
In quantile2 CL model  Epoch 10: 
| 3  Horizon | RMSE: 30.680, 30.168; MAE: 19.364, 19.173; MAPE: 11.628, 11.475; Q10: 4.570, 4.479; Q50: 9.834, 9.720; Q90: 4.420, 4.436;
| 6  Horizon | RMSE: 32.170, 31.970; MAE: 20.200, 20.282; MAPE: 11.815, 11.854; Q10: 4.797, 4.740; Q50: 10.252, 10.274; Q90: 4.659, 4.762;
| 12 Horizon | RMSE: 34.809, 35.395; MAE: 22.144, 22.724; MAPE: 12.856, 13.168; Q10: 5.277, 5.298; Q50: 11.230, 11.500; Q90: 5.094, 5.373;
epoch 10 time used: 77  seconds  train loss: 18.291 val loss: 6.604611 test loss: 6.642339
In quantile1 CL model  Epoch 11: 
| 3  Horizon | RMSE: 31.011, 31.054; MAE: 19.395, 19.389; MAPE: 11.533, 11.577; Q10: 4.607, 4.649; Q50: 9.842, 9.824; Q90: 4.401, 4.422;
| 6  Horizon | RMSE: 32.473, 32.967; MAE: 20.240, 20.540; MAPE: 11.951, 12.121; Q10: 4.845, 4.952; Q50: 10.263, 10.397; Q90: 4.602, 4.708;
| 12 Horizon | RMSE: 35.074, 36.390; MAE: 22.118, 22.935; MAPE: 13.320, 13.849; Q10: 5.332, 5.581; Q50: 11.202, 11.593; Q90: 5.052, 5.291;
In quantile2 CL model  Epoch 11: 
| 3  Horizon | RMSE: 30.758, 30.168; MAE: 19.316, 19.098; MAPE: 11.372, 11.310; Q10: 4.574, 4.485; Q50: 9.796, 9.669; Q90: 4.394, 4.393;
| 6  Horizon | RMSE: 32.330, 32.030; MAE: 20.262, 20.267; MAPE: 11.891, 11.966; Q10: 4.813, 4.761; Q50: 10.272, 10.255; Q90: 4.626, 4.695;
| 12 Horizon | RMSE: 35.047, 35.374; MAE: 22.218, 22.568; MAPE: 13.135, 13.374; Q10: 5.309, 5.349; Q50: 11.259, 11.412; Q90: 5.076, 5.272;
epoch 11 time used: 77  seconds  train loss: 18.22 val loss: 6.605057 test loss: 6.617698
In quantile1 CL model  Epoch 12: 
| 3  Horizon | RMSE: 30.589, 30.741; MAE: 19.177, 19.222; MAPE: 11.305, 11.385; Q10: 4.573, 4.615; Q50: 9.730, 9.738; Q90: 4.349, 4.389;
| 6  Horizon | RMSE: 32.185, 32.692; MAE: 20.160, 20.421; MAPE: 11.773, 11.908; Q10: 4.820, 4.911; Q50: 10.227, 10.342; Q90: 4.580, 4.692;
| 12 Horizon | RMSE: 34.728, 35.909; MAE: 21.945, 22.625; MAPE: 12.959, 13.343; Q10: 5.300, 5.482; Q50: 11.125, 11.446; Q90: 5.039, 5.279;
In quantile2 CL model  Epoch 12: 
| 3  Horizon | RMSE: 30.675, 30.159; MAE: 19.244, 19.087; MAPE: 11.215, 11.226; Q10: 4.555, 4.480; Q50: 9.757, 9.660; Q90: 4.386, 4.400;
| 6  Horizon | RMSE: 32.276, 32.054; MAE: 20.208, 20.282; MAPE: 11.701, 11.827; Q10: 4.818, 4.769; Q50: 10.248, 10.264; Q90: 4.624, 4.725;
| 12 Horizon | RMSE: 34.934, 35.305; MAE: 22.095, 22.507; MAPE: 12.900, 13.172; Q10: 5.301, 5.325; Q50: 11.202, 11.384; Q90: 5.081, 5.316;
epoch 12 time used: 77  seconds  train loss: 18.156 val loss: 6.581917 test loss: 6.616786
In quantile1 CL model  Epoch 13: 
| 3  Horizon | RMSE: 31.781, 31.798; MAE: 20.242, 20.227; MAPE: 11.556, 11.600; Q10: 4.669, 4.689; Q50: 10.279, 10.256; Q90: 4.637, 4.673;
| 6  Horizon | RMSE: 32.865, 33.070; MAE: 20.666, 20.784; MAPE: 11.763, 11.918; Q10: 4.887, 4.935; Q50: 10.479, 10.521; Q90: 4.764, 4.843;
| 12 Horizon | RMSE: 36.077, 36.686; MAE: 22.961, 23.346; MAPE: 12.997, 13.317; Q10: 5.372, 5.468; Q50: 11.644, 11.813; Q90: 5.495, 5.696;
In quantile2 CL model  Epoch 13: 
| 3  Horizon | RMSE: 31.299, 31.074; MAE: 20.004, 20.036; MAPE: 11.614, 11.616; Q10: 4.616, 4.557; Q50: 10.161, 10.161; Q90: 4.584, 4.659;
| 6  Horizon | RMSE: 32.360, 32.230; MAE: 20.367, 20.500; MAPE: 11.718, 11.841; Q10: 4.798, 4.756; Q50: 10.338, 10.386; Q90: 4.688, 4.808;
| 12 Horizon | RMSE: 35.051, 35.541; MAE: 22.278, 22.769; MAPE: 12.726, 12.993; Q10: 5.273, 5.292; Q50: 11.302, 11.527; Q90: 5.181, 5.458;
epoch 13 time used: 77  seconds  train loss: 18.13 val loss: 6.675747 test loss: 6.74169
In quantile1 CL model  Epoch 14: 
| 3  Horizon | RMSE: 30.709, 30.936; MAE: 19.395, 19.526; MAPE: 11.689, 11.907; Q10: 4.587, 4.653; Q50: 9.813, 9.866; Q90: 4.384, 4.451;
| 6  Horizon | RMSE: 32.198, 32.782; MAE: 20.096, 20.446; MAPE: 11.716, 11.966; Q10: 4.816, 4.919; Q50: 10.187, 10.346; Q90: 4.591, 4.728;
| 12 Horizon | RMSE: 34.667, 35.898; MAE: 21.783, 22.529; MAPE: 12.741, 13.186; Q10: 5.237, 5.438; Q50: 11.047, 11.401; Q90: 5.045, 5.318;
In quantile2 CL model  Epoch 14: 
| 3  Horizon | RMSE: 30.736, 30.318; MAE: 19.448, 19.355; MAPE: 11.702, 11.807; Q10: 4.600, 4.537; Q50: 9.841, 9.779; Q90: 4.401, 4.432;
| 6  Horizon | RMSE: 32.229, 32.105; MAE: 20.164, 20.266; MAPE: 11.811, 11.934; Q10: 4.815, 4.792; Q50: 10.225, 10.258; Q90: 4.595, 4.696;
| 12 Horizon | RMSE: 34.659, 35.341; MAE: 21.869, 22.431; MAPE: 12.759, 13.014; Q10: 5.266, 5.332; Q50: 11.094, 11.356; Q90: 5.025, 5.314;
epoch 14 time used: 77  seconds  train loss: 18.06 val loss: 6.565337 test loss: 6.626942
In quantile1 CL model  Epoch 15: 
| 3  Horizon | RMSE: 30.554, 30.783; MAE: 19.138, 19.231; MAPE: 11.281, 11.441; Q10: 4.549, 4.615; Q50: 9.696, 9.729; Q90: 4.342, 4.397;
| 6  Horizon | RMSE: 32.079, 32.754; MAE: 20.000, 20.363; MAPE: 11.658, 11.900; Q10: 4.792, 4.910; Q50: 10.139, 10.305; Q90: 4.573, 4.715;
| 12 Horizon | RMSE: 34.587, 36.045; MAE: 21.732, 22.575; MAPE: 12.698, 13.186; Q10: 5.237, 5.453; Q50: 11.019, 11.423; Q90: 5.020, 5.329;
In quantile2 CL model  Epoch 15: 
| 3  Horizon | RMSE: 30.506, 30.073; MAE: 19.175, 19.060; MAPE: 11.262, 11.322; Q10: 4.560, 4.486; Q50: 9.714, 9.640; Q90: 4.359, 4.388;
| 6  Horizon | RMSE: 31.979, 31.858; MAE: 20.021, 20.129; MAPE: 11.640, 11.764; Q10: 4.780, 4.741; Q50: 10.153, 10.189; Q90: 4.580, 4.697;
| 12 Horizon | RMSE: 34.422, 35.030; MAE: 21.776, 22.302; MAPE: 12.648, 12.893; Q10: 5.235, 5.280; Q50: 11.045, 11.289; Q90: 5.008, 5.296;
epoch 15 time used: 77  seconds  train loss: 17.925 val loss: 6.528482 test loss: 6.580564
In quantile1 CL model  Epoch 16: 
| 3  Horizon | RMSE: 30.506, 30.672; MAE: 19.101, 19.176; MAPE: 11.147, 11.234; Q10: 4.535, 4.584; Q50: 9.688, 9.712; Q90: 4.348, 4.399;
| 6  Horizon | RMSE: 32.005, 32.594; MAE: 19.944, 20.282; MAPE: 11.631, 11.844; Q10: 4.784, 4.891; Q50: 10.106, 10.260; Q90: 4.554, 4.686;
| 12 Horizon | RMSE: 34.386, 35.754; MAE: 21.537, 22.331; MAPE: 12.615, 13.053; Q10: 5.196, 5.427; Q50: 10.920, 11.300; Q90: 4.962, 5.234;
In quantile2 CL model  Epoch 16: 
| 3  Horizon | RMSE: 30.475, 30.072; MAE: 19.112, 19.049; MAPE: 11.133, 11.171; Q10: 4.529, 4.462; Q50: 9.689, 9.641; Q90: 4.359, 4.406;
| 6  Horizon | RMSE: 31.983, 31.909; MAE: 20.004, 20.204; MAPE: 11.654, 11.865; Q10: 4.787, 4.770; Q50: 10.133, 10.217; Q90: 4.569, 4.704;
| 12 Horizon | RMSE: 34.409, 35.120; MAE: 21.692, 22.352; MAPE: 12.579, 12.937; Q10: 5.221, 5.302; Q50: 10.997, 11.310; Q90: 5.002, 5.332;
epoch 16 time used: 77  seconds  train loss: 17.89 val loss: 6.51172 test loss: 6.594839
In quantile1 CL model  Epoch 17: 
| 3  Horizon | RMSE: 30.603, 30.758; MAE: 19.254, 19.294; MAPE: 11.413, 11.451; Q10: 4.568, 4.608; Q50: 9.777, 9.782; Q90: 4.361, 4.403;
| 6  Horizon | RMSE: 32.108, 32.641; MAE: 20.072, 20.343; MAPE: 11.688, 11.837; Q10: 4.799, 4.890; Q50: 10.182, 10.302; Q90: 4.567, 4.676;
| 12 Horizon | RMSE: 34.616, 35.794; MAE: 21.818, 22.463; MAPE: 12.760, 13.083; Q10: 5.239, 5.419; Q50: 11.069, 11.372; Q90: 5.031, 5.267;
In quantile2 CL model  Epoch 17: 
| 3  Horizon | RMSE: 30.611, 30.311; MAE: 19.352, 19.305; MAPE: 11.508, 11.412; Q10: 4.576, 4.520; Q50: 9.829, 9.789; Q90: 4.379, 4.414;
| 6  Horizon | RMSE: 32.041, 31.995; MAE: 20.069, 20.242; MAPE: 11.652, 11.724; Q10: 4.781, 4.756; Q50: 10.186, 10.254; Q90: 4.581, 4.714;
| 12 Horizon | RMSE: 34.485, 35.070; MAE: 21.766, 22.323; MAPE: 12.616, 12.874; Q10: 5.228, 5.279; Q50: 11.040, 11.301; Q90: 5.009, 5.300;
epoch 17 time used: 77  seconds  train loss: 17.857 val loss: 6.544466 test loss: 6.613461
In quantile1 CL model  Epoch 18: 
| 3  Horizon | RMSE: 30.656, 30.801; MAE: 19.313, 19.370; MAPE: 11.240, 11.313; Q10: 4.547, 4.588; Q50: 9.801, 9.815; Q90: 4.412, 4.470;
| 6  Horizon | RMSE: 32.051, 32.606; MAE: 20.064, 20.382; MAPE: 11.688, 11.904; Q10: 4.786, 4.883; Q50: 10.174, 10.318; Q90: 4.579, 4.711;
| 12 Horizon | RMSE: 34.553, 35.947; MAE: 21.829, 22.650; MAPE: 12.841, 13.332; Q10: 5.245, 5.468; Q50: 11.069, 11.463; Q90: 5.050, 5.360;
In quantile2 CL model  Epoch 18: 
| 3  Horizon | RMSE: 30.580, 30.372; MAE: 19.295, 19.319; MAPE: 11.225, 11.244; Q10: 4.539, 4.490; Q50: 9.790, 9.787; Q90: 4.407, 4.484;
| 6  Horizon | RMSE: 31.967, 31.953; MAE: 20.028, 20.224; MAPE: 11.708, 11.847; Q10: 4.781, 4.766; Q50: 10.157, 10.239; Q90: 4.576, 4.719;
| 12 Horizon | RMSE: 34.446, 35.240; MAE: 21.821, 22.484; MAPE: 12.828, 13.147; Q10: 5.266, 5.357; Q50: 11.063, 11.379; Q90: 5.020, 5.360;
epoch 18 time used: 77  seconds  train loss: 17.832 val loss: 6.543629 test loss: 6.640548
In quantile1 CL model  Epoch 19: 
| 3  Horizon | RMSE: 30.470, 30.678; MAE: 19.055, 19.144; MAPE: 11.159, 11.275; Q10: 4.533, 4.592; Q50: 9.663, 9.694; Q90: 4.330, 4.380;
| 6  Horizon | RMSE: 32.020, 32.627; MAE: 19.951, 20.275; MAPE: 11.634, 11.799; Q10: 4.782, 4.894; Q50: 10.122, 10.269; Q90: 4.586, 4.718;
| 12 Horizon | RMSE: 34.387, 35.675; MAE: 21.588, 22.330; MAPE: 12.654, 13.043; Q10: 5.209, 5.428; Q50: 10.950, 11.304; Q90: 4.999, 5.262;
In quantile2 CL model  Epoch 19: 
| 3  Horizon | RMSE: 30.513, 30.221; MAE: 19.162, 19.152; MAPE: 11.224, 11.228; Q10: 4.551, 4.507; Q50: 9.726, 9.706; Q90: 4.361, 4.409;
| 6  Horizon | RMSE: 32.100, 32.082; MAE: 20.113, 20.311; MAPE: 11.834, 11.876; Q10: 4.799, 4.786; Q50: 10.215, 10.297; Q90: 4.653, 4.809;
| 12 Horizon | RMSE: 34.592, 35.236; MAE: 21.820, 22.420; MAPE: 12.750, 12.978; Q10: 5.244, 5.322; Q50: 11.077, 11.360; Q90: 5.054, 5.364;
epoch 19 time used: 77  seconds  train loss: 17.805 val loss: 6.547498 test loss: 6.632565
In quantile1 CL model  Epoch 20: 
| 3  Horizon | RMSE: 30.477, 30.699; MAE: 19.102, 19.208; MAPE: 11.221, 11.321; Q10: 4.534, 4.586; Q50: 9.696, 9.735; Q90: 4.359, 4.419;
| 6  Horizon | RMSE: 31.980, 32.580; MAE: 19.903, 20.234; MAPE: 11.620, 11.824; Q10: 4.786, 4.884; Q50: 10.092, 10.243; Q90: 4.544, 4.677;
| 12 Horizon | RMSE: 34.391, 35.706; MAE: 21.575, 22.327; MAPE: 12.641, 13.015; Q10: 5.209, 5.408; Q50: 10.944, 11.303; Q90: 4.992, 5.270;
In quantile2 CL model  Epoch 20: 
| 3  Horizon | RMSE: 30.462, 30.201; MAE: 19.122, 19.118; MAPE: 11.171, 11.171; Q10: 4.531, 4.485; Q50: 9.703, 9.685; Q90: 4.384, 4.449;
| 6  Horizon | RMSE: 31.961, 31.891; MAE: 19.949, 20.101; MAPE: 11.622, 11.740; Q10: 4.776, 4.758; Q50: 10.116, 10.176; Q90: 4.555, 4.696;
| 12 Horizon | RMSE: 34.519, 35.095; MAE: 21.730, 22.239; MAPE: 12.670, 12.870; Q10: 5.241, 5.298; Q50: 11.025, 11.261; Q90: 5.022, 5.318;
epoch 20 time used: 77  seconds  train loss: 17.719 val loss: 6.526068 test loss: 6.605466
In quantile1 CL model  Epoch 21: 
| 3  Horizon | RMSE: 30.452, 30.610; MAE: 19.012, 19.070; MAPE: 11.136, 11.249; Q10: 4.532, 4.580; Q50: 9.645, 9.659; Q90: 4.320, 4.370;
| 6  Horizon | RMSE: 31.981, 32.499; MAE: 19.897, 20.177; MAPE: 11.632, 11.858; Q10: 4.787, 4.886; Q50: 10.087, 10.212; Q90: 4.538, 4.661;
| 12 Horizon | RMSE: 34.284, 35.516; MAE: 21.534, 22.239; MAPE: 12.642, 13.051; Q10: 5.203, 5.399; Q50: 10.922, 11.257; Q90: 4.994, 5.273;
In quantile2 CL model  Epoch 21: 
| 3  Horizon | RMSE: 30.482, 30.120; MAE: 19.093, 19.012; MAPE: 11.170, 11.161; Q10: 4.533, 4.478; Q50: 9.688, 9.632; Q90: 4.367, 4.419;
| 6  Horizon | RMSE: 31.976, 31.853; MAE: 19.953, 20.057; MAPE: 11.613, 11.694; Q10: 4.774, 4.748; Q50: 10.124, 10.159; Q90: 4.572, 4.708;
| 12 Horizon | RMSE: 34.449, 35.040; MAE: 21.758, 22.278; MAPE: 12.737, 12.909; Q10: 5.231, 5.280; Q50: 11.046, 11.289; Q90: 5.047, 5.372;
epoch 21 time used: 77  seconds  train loss: 17.7 val loss: 6.507519 test loss: 6.572207
In quantile1 CL model  Epoch 22: 
| 3  Horizon | RMSE: 30.468, 30.603; MAE: 19.112, 19.175; MAPE: 11.127, 11.272; Q10: 4.534, 4.578; Q50: 9.691, 9.708; Q90: 4.343, 4.395;
| 6  Horizon | RMSE: 31.959, 32.422; MAE: 19.987, 20.271; MAPE: 11.669, 11.936; Q10: 4.789, 4.883; Q50: 10.129, 10.255; Q90: 4.592, 4.722;
| 12 Horizon | RMSE: 34.339, 35.421; MAE: 21.675, 22.361; MAPE: 12.728, 13.228; Q10: 5.211, 5.393; Q50: 10.984, 11.309; Q90: 5.012, 5.271;
In quantile2 CL model  Epoch 22: 
| 3  Horizon | RMSE: 30.488, 30.160; MAE: 19.113, 19.057; MAPE: 11.160, 11.224; Q10: 4.536, 4.492; Q50: 9.689, 9.645; Q90: 4.342, 4.384;
| 6  Horizon | RMSE: 31.999, 31.916; MAE: 20.009, 20.149; MAPE: 11.621, 11.782; Q10: 4.795, 4.779; Q50: 10.144, 10.197; Q90: 4.573, 4.721;
| 12 Horizon | RMSE: 34.446, 35.035; MAE: 21.774, 22.307; MAPE: 12.720, 13.011; Q10: 5.251, 5.313; Q50: 11.036, 11.284; Q90: 5.013, 5.323;
epoch 22 time used: 80  seconds  train loss: 17.685 val loss: 6.519464 test loss: 6.592158
In quantile1 CL model  Epoch 23: 
| 3  Horizon | RMSE: 30.455, 30.593; MAE: 19.088, 19.140; MAPE: 11.213, 11.291; Q10: 4.524, 4.567; Q50: 9.689, 9.700; Q90: 4.356, 4.410;
| 6  Horizon | RMSE: 31.964, 32.465; MAE: 19.949, 20.225; MAPE: 11.618, 11.781; Q10: 4.774, 4.861; Q50: 10.121, 10.244; Q90: 4.577, 4.710;
| 12 Horizon | RMSE: 34.358, 35.572; MAE: 21.630, 22.346; MAPE: 12.594, 13.008; Q10: 5.195, 5.375; Q50: 10.972, 11.314; Q90: 4.995, 5.272;
In quantile2 CL model  Epoch 23: 
| 3  Horizon | RMSE: 30.448, 30.246; MAE: 19.095, 19.137; MAPE: 11.104, 11.181; Q10: 4.524, 4.495; Q50: 9.684, 9.690; Q90: 4.364, 4.451;
| 6  Horizon | RMSE: 31.935, 32.012; MAE: 19.943, 20.214; MAPE: 11.523, 11.720; Q10: 4.758, 4.753; Q50: 10.111, 10.231; Q90: 4.579, 4.771;
| 12 Horizon | RMSE: 34.405, 35.227; MAE: 21.677, 22.388; MAPE: 12.484, 12.840; Q10: 5.197, 5.276; Q50: 10.991, 11.330; Q90: 4.989, 5.351;
epoch 23 time used: 82  seconds  train loss: 17.665 val loss: 6.499731 test loss: 6.615788
In quantile1 CL model  Epoch 24: 
| 3  Horizon | RMSE: 30.394, 30.618; MAE: 19.007, 19.120; MAPE: 11.113, 11.248; Q10: 4.519, 4.575; Q50: 9.637, 9.680; Q90: 4.313, 4.376;
| 6  Horizon | RMSE: 31.916, 32.559; MAE: 19.875, 20.244; MAPE: 11.608, 11.843; Q10: 4.770, 4.883; Q50: 10.077, 10.247; Q90: 4.536, 4.684;
| 12 Horizon | RMSE: 34.324, 35.652; MAE: 21.558, 22.345; MAPE: 12.818, 13.310; Q10: 5.216, 5.438; Q50: 10.924, 11.301; Q90: 4.934, 5.204;
In quantile2 CL model  Epoch 24: 
| 3  Horizon | RMSE: 30.463, 30.157; MAE: 19.044, 19.022; MAPE: 11.098, 11.157; Q10: 4.519, 4.486; Q50: 9.657, 9.630; Q90: 4.329, 4.371;
| 6  Horizon | RMSE: 32.010, 31.974; MAE: 19.920, 20.112; MAPE: 11.575, 11.745; Q10: 4.762, 4.769; Q50: 10.100, 10.180; Q90: 4.546, 4.694;
| 12 Horizon | RMSE: 34.511, 35.177; MAE: 21.662, 22.269; MAPE: 12.704, 13.030; Q10: 5.232, 5.336; Q50: 10.977, 11.265; Q90: 4.954, 5.252;
epoch 24 time used: 82  seconds  train loss: 17.643 val loss: 6.487253 test loss: 6.579633
In quantile1 CL model  Epoch 25: 
| 3  Horizon | RMSE: 30.409, 30.636; MAE: 18.992, 19.103; MAPE: 11.120, 11.230; Q10: 4.517, 4.574; Q50: 9.635, 9.676; Q90: 4.312, 4.369;
| 6  Horizon | RMSE: 31.924, 32.562; MAE: 19.839, 20.202; MAPE: 11.563, 11.813; Q10: 4.767, 4.878; Q50: 10.059, 10.226; Q90: 4.528, 4.669;
| 12 Horizon | RMSE: 34.289, 35.639; MAE: 21.418, 22.212; MAPE: 12.592, 13.086; Q10: 5.180, 5.412; Q50: 10.860, 11.241; Q90: 4.918, 5.185;
In quantile2 CL model  Epoch 25: 
| 3  Horizon | RMSE: 30.418, 30.195; MAE: 19.032, 19.053; MAPE: 11.084, 11.152; Q10: 4.520, 4.497; Q50: 9.654, 9.650; Q90: 4.323, 4.374;
| 6  Horizon | RMSE: 31.897, 31.966; MAE: 19.862, 20.115; MAPE: 11.507, 11.707; Q10: 4.756, 4.768; Q50: 10.072, 10.183; Q90: 4.538, 4.705;
| 12 Horizon | RMSE: 34.295, 35.103; MAE: 21.487, 22.173; MAPE: 12.474, 12.823; Q10: 5.184, 5.299; Q50: 10.899, 11.226; Q90: 4.938, 5.280;
epoch 25 time used: 82  seconds  train loss: 17.587 val loss: 6.468445 test loss: 6.58008
In quantile1 CL model  Epoch 26: 
| 3  Horizon | RMSE: 30.374, 30.549; MAE: 18.998, 19.083; MAPE: 11.081, 11.220; Q10: 4.510, 4.556; Q50: 9.634, 9.663; Q90: 4.319, 4.375;
| 6  Horizon | RMSE: 31.858, 32.405; MAE: 19.842, 20.157; MAPE: 11.531, 11.763; Q10: 4.753, 4.847; Q50: 10.060, 10.203; Q90: 4.533, 4.668;
| 12 Horizon | RMSE: 34.124, 35.310; MAE: 21.392, 22.091; MAPE: 12.521, 12.943; Q10: 5.156, 5.344; Q50: 10.848, 11.180; Q90: 4.943, 5.208;
In quantile2 CL model  Epoch 26: 
| 3  Horizon | RMSE: 30.418, 30.192; MAE: 19.047, 19.049; MAPE: 11.081, 11.133; Q10: 4.517, 4.486; Q50: 9.660, 9.646; Q90: 4.333, 4.390;
| 6  Horizon | RMSE: 31.908, 31.975; MAE: 19.910, 20.146; MAPE: 11.504, 11.665; Q10: 4.753, 4.748; Q50: 10.097, 10.200; Q90: 4.550, 4.713;
| 12 Horizon | RMSE: 34.293, 35.018; MAE: 21.559, 22.162; MAPE: 12.499, 12.766; Q10: 5.187, 5.261; Q50: 10.933, 11.218; Q90: 4.988, 5.332;
epoch 26 time used: 82  seconds  train loss: 17.576 val loss: 6.480475 test loss: 6.578111
In quantile1 CL model  Epoch 27: 
| 3  Horizon | RMSE: 30.377, 30.549; MAE: 19.012, 19.096; MAPE: 11.060, 11.178; Q10: 4.513, 4.556; Q50: 9.642, 9.670; Q90: 4.337, 4.399;
| 6  Horizon | RMSE: 31.964, 32.518; MAE: 19.997, 20.306; MAPE: 11.582, 11.733; Q10: 4.762, 4.846; Q50: 10.149, 10.288; Q90: 4.585, 4.735;
| 12 Horizon | RMSE: 34.147, 35.321; MAE: 21.464, 22.167; MAPE: 12.544, 12.930; Q10: 5.183, 5.363; Q50: 10.887, 11.220; Q90: 4.995, 5.286;
In quantile2 CL model  Epoch 27: 
| 3  Horizon | RMSE: 30.416, 30.197; MAE: 19.056, 19.062; MAPE: 11.082, 11.159; Q10: 4.519, 4.491; Q50: 9.661, 9.649; Q90: 4.341, 4.413;
| 6  Horizon | RMSE: 32.000, 32.118; MAE: 20.045, 20.301; MAPE: 11.595, 11.714; Q10: 4.768, 4.769; Q50: 10.175, 10.287; Q90: 4.596, 4.784;
| 12 Horizon | RMSE: 34.377, 35.091; MAE: 21.672, 22.284; MAPE: 12.524, 12.801; Q10: 5.205, 5.274; Q50: 10.996, 11.286; Q90: 5.047, 5.411;
epoch 27 time used: 82  seconds  train loss: 17.563 val loss: 6.500783 test loss: 6.600743
In quantile1 CL model  Epoch 28: 
| 3  Horizon | RMSE: 30.347, 30.534; MAE: 18.962, 19.053; MAPE: 11.112, 11.225; Q10: 4.506, 4.556; Q50: 9.620, 9.652; Q90: 4.314, 4.369;
| 6  Horizon | RMSE: 31.855, 32.424; MAE: 19.793, 20.117; MAPE: 11.566, 11.796; Q10: 4.757, 4.859; Q50: 10.038, 10.185; Q90: 4.518, 4.654;
| 12 Horizon | RMSE: 34.184, 35.436; MAE: 21.420, 22.153; MAPE: 12.600, 13.065; Q10: 5.172, 5.364; Q50: 10.861, 11.210; Q90: 4.919, 5.179;
In quantile2 CL model  Epoch 28: 
| 3  Horizon | RMSE: 30.399, 30.201; MAE: 19.010, 19.011; MAPE: 11.146, 11.187; Q10: 4.517, 4.498; Q50: 9.645, 9.631; Q90: 4.328, 4.381;
| 6  Horizon | RMSE: 31.915, 31.943; MAE: 19.856, 20.045; MAPE: 11.587, 11.732; Q10: 4.773, 4.780; Q50: 10.072, 10.150; Q90: 4.527, 4.674;
| 12 Horizon | RMSE: 34.342, 35.036; MAE: 21.560, 22.139; MAPE: 12.579, 12.862; Q10: 5.215, 5.303; Q50: 10.934, 11.207; Q90: 4.940, 5.227;
epoch 28 time used: 82  seconds  train loss: 17.55 val loss: 6.475587 test loss: 6.567916
In quantile1 CL model  Epoch 29: 
| 3  Horizon | RMSE: 30.402, 30.596; MAE: 19.040, 19.149; MAPE: 11.109, 11.229; Q10: 4.517, 4.567; Q50: 9.659, 9.700; Q90: 4.327, 4.395;
| 6  Horizon | RMSE: 31.881, 32.483; MAE: 19.884, 20.245; MAPE: 11.589, 11.820; Q10: 4.771, 4.872; Q50: 10.083, 10.250; Q90: 4.536, 4.690;
| 12 Horizon | RMSE: 34.194, 35.454; MAE: 21.477, 22.243; MAPE: 12.649, 13.077; Q10: 5.200, 5.396; Q50: 10.891, 11.259; Q90: 4.943, 5.223;
In quantile2 CL model  Epoch 29: 
| 3  Horizon | RMSE: 30.396, 30.269; MAE: 19.051, 19.110; MAPE: 11.103, 11.177; Q10: 4.515, 4.501; Q50: 9.666, 9.681; Q90: 4.338, 4.419;
| 6  Horizon | RMSE: 31.882, 32.041; MAE: 19.896, 20.184; MAPE: 11.540, 11.725; Q10: 4.757, 4.775; Q50: 10.092, 10.221; Q90: 4.545, 4.730;
| 12 Horizon | RMSE: 34.328, 35.104; MAE: 21.568, 22.211; MAPE: 12.577, 12.859; Q10: 5.207, 5.298; Q50: 10.942, 11.248; Q90: 4.973, 5.312;
epoch 29 time used: 82  seconds  train loss: 17.538 val loss: 6.482263 test loss: 6.600809
In quantile1 CL model  Epoch 30: 
| 3  Horizon | RMSE: 30.385, 30.584; MAE: 19.027, 19.137; MAPE: 11.098, 11.244; Q10: 4.515, 4.561; Q50: 9.645, 9.687; Q90: 4.344, 4.419;
| 6  Horizon | RMSE: 31.898, 32.467; MAE: 19.898, 20.237; MAPE: 11.551, 11.804; Q10: 4.762, 4.855; Q50: 10.086, 10.241; Q90: 4.560, 4.718;
| 12 Horizon | RMSE: 34.226, 35.421; MAE: 21.506, 22.239; MAPE: 12.581, 13.045; Q10: 5.174, 5.349; Q50: 10.902, 11.250; Q90: 4.987, 5.275;
In quantile2 CL model  Epoch 30: 
| 3  Horizon | RMSE: 30.366, 30.274; MAE: 19.016, 19.088; MAPE: 11.090, 11.195; Q10: 4.511, 4.506; Q50: 9.639, 9.661; Q90: 4.332, 4.422;
| 6  Horizon | RMSE: 31.857, 32.015; MAE: 19.847, 20.128; MAPE: 11.516, 11.721; Q10: 4.749, 4.773; Q50: 10.063, 10.188; Q90: 4.547, 4.742;
| 12 Horizon | RMSE: 34.281, 35.095; MAE: 21.523, 22.194; MAPE: 12.527, 12.867; Q10: 5.189, 5.283; Q50: 10.910, 11.231; Q90: 4.966, 5.323;
epoch 30 time used: 82  seconds  train loss: 17.498 val loss: 6.466853 test loss: 6.590239
In quantile1 CL model  Epoch 31: 
| 3  Horizon | RMSE: 30.396, 30.634; MAE: 19.029, 19.154; MAPE: 11.067, 11.217; Q10: 4.522, 4.579; Q50: 9.647, 9.697; Q90: 4.333, 4.402;
| 6  Horizon | RMSE: 31.865, 32.487; MAE: 19.817, 20.171; MAPE: 11.496, 11.736; Q10: 4.760, 4.868; Q50: 10.050, 10.214; Q90: 4.549, 4.704;
| 12 Horizon | RMSE: 34.163, 35.484; MAE: 21.407, 22.182; MAPE: 12.461, 12.898; Q10: 5.157, 5.360; Q50: 10.859, 11.230; Q90: 4.947, 5.233;
In quantile2 CL model  Epoch 31: 
| 3  Horizon | RMSE: 30.445, 30.412; MAE: 19.077, 19.185; MAPE: 11.062, 11.173; Q10: 4.518, 4.521; Q50: 9.674, 9.713; Q90: 4.358, 4.454;
| 6  Horizon | RMSE: 31.942, 32.145; MAE: 19.892, 20.194; MAPE: 11.502, 11.685; Q10: 4.757, 4.784; Q50: 10.093, 10.228; Q90: 4.580, 4.790;
| 12 Horizon | RMSE: 34.357, 35.322; MAE: 21.557, 22.316; MAPE: 12.410, 12.780; Q10: 5.183, 5.296; Q50: 10.936, 11.300; Q90: 4.994, 5.381;
epoch 31 time used: 82  seconds  train loss: 17.489 val loss: 6.489635 test loss: 6.630379
In quantile1 CL model  Epoch 32: 
| 3  Horizon | RMSE: 30.395, 30.608; MAE: 18.973, 19.075; MAPE: 11.112, 11.247; Q10: 4.520, 4.571; Q50: 9.620, 9.658; Q90: 4.309, 4.372;
| 6  Horizon | RMSE: 31.892, 32.554; MAE: 19.845, 20.219; MAPE: 11.550, 11.791; Q10: 4.765, 4.870; Q50: 10.061, 10.235; Q90: 4.545, 4.710;
| 12 Horizon | RMSE: 34.273, 35.650; MAE: 21.510, 22.321; MAPE: 12.549, 12.995; Q10: 5.187, 5.382; Q50: 10.909, 11.298; Q90: 4.982, 5.306;
In quantile2 CL model  Epoch 32: 
| 3  Horizon | RMSE: 30.417, 30.283; MAE: 19.003, 19.033; MAPE: 11.117, 11.179; Q10: 4.517, 4.506; Q50: 9.637, 9.638; Q90: 4.318, 4.396;
| 6  Horizon | RMSE: 31.917, 32.099; MAE: 19.875, 20.154; MAPE: 11.530, 11.708; Q10: 4.758, 4.782; Q50: 10.078, 10.203; Q90: 4.547, 4.743;
| 12 Horizon | RMSE: 34.430, 35.317; MAE: 21.605, 22.307; MAPE: 12.513, 12.824; Q10: 5.207, 5.305; Q50: 10.961, 11.297; Q90: 5.001, 5.387;
epoch 32 time used: 80  seconds  train loss: 17.479 val loss: 6.480573 test loss: 6.607069
In quantile1 CL model  Epoch 33: 
| 3  Horizon | RMSE: 30.386, 30.624; MAE: 19.028, 19.155; MAPE: 11.093, 11.218; Q10: 4.523, 4.573; Q50: 9.653, 9.704; Q90: 4.317, 4.385;
| 6  Horizon | RMSE: 31.874, 32.532; MAE: 19.851, 20.226; MAPE: 11.571, 11.791; Q10: 4.769, 4.873; Q50: 10.068, 10.242; Q90: 4.526, 4.678;
| 12 Horizon | RMSE: 34.200, 35.581; MAE: 21.463, 22.284; MAPE: 12.739, 13.254; Q10: 5.209, 5.430; Q50: 10.877, 11.271; Q90: 4.918, 5.203;
In quantile2 CL model  Epoch 33: 
| 3  Horizon | RMSE: 30.430, 30.417; MAE: 19.066, 19.168; MAPE: 11.078, 11.157; Q10: 4.530, 4.529; Q50: 9.674, 9.711; Q90: 4.325, 4.413;
| 6  Horizon | RMSE: 31.925, 32.141; MAE: 19.880, 20.173; MAPE: 11.514, 11.684; Q10: 4.761, 4.783; Q50: 10.086, 10.218; Q90: 4.533, 4.716;
| 12 Horizon | RMSE: 34.347, 35.202; MAE: 21.535, 22.202; MAPE: 12.538, 12.856; Q10: 5.209, 5.310; Q50: 10.919, 11.237; Q90: 4.941, 5.278;
epoch 33 time used: 77  seconds  train loss: 17.471 val loss: 6.48024 test loss: 6.608582
In quantile1 CL model  Epoch 34: 
| 3  Horizon | RMSE: 30.382, 30.603; MAE: 19.057, 19.175; MAPE: 11.178, 11.317; Q10: 4.530, 4.584; Q50: 9.662, 9.707; Q90: 4.342, 4.418;
| 6  Horizon | RMSE: 31.911, 32.502; MAE: 19.969, 20.323; MAPE: 11.877, 12.164; Q10: 4.803, 4.914; Q50: 10.114, 10.276; Q90: 4.546, 4.695;
| 12 Horizon | RMSE: 34.204, 35.498; MAE: 21.593, 22.386; MAPE: 13.020, 13.587; Q10: 5.250, 5.472; Q50: 10.935, 11.316; Q90: 4.941, 5.223;
In quantile2 CL model  Epoch 34: 
| 3  Horizon | RMSE: 30.390, 30.346; MAE: 19.047, 19.119; MAPE: 11.128, 11.178; Q10: 4.517, 4.515; Q50: 9.663, 9.684; Q90: 4.348, 4.442;
| 6  Horizon | RMSE: 31.897, 32.014; MAE: 19.894, 20.120; MAPE: 11.659, 11.833; Q10: 4.776, 4.799; Q50: 10.084, 10.181; Q90: 4.536, 4.709;
| 12 Horizon | RMSE: 34.268, 35.082; MAE: 21.546, 22.189; MAPE: 12.695, 13.036; Q10: 5.230, 5.335; Q50: 10.918, 11.224; Q90: 4.941, 5.276;
epoch 34 time used: 77  seconds  train loss: 17.467 val loss: 6.481173 test loss: 6.60384
In quantile1 CL model  Epoch 35: 
| 3  Horizon | RMSE: 30.332, 30.492; MAE: 18.981, 19.075; MAPE: 11.090, 11.215; Q10: 4.507, 4.548; Q50: 9.625, 9.658; Q90: 4.324, 4.390;
| 6  Horizon | RMSE: 31.869, 32.436; MAE: 19.881, 20.224; MAPE: 11.574, 11.761; Q10: 4.755, 4.845; Q50: 10.085, 10.242; Q90: 4.551, 4.708;
| 12 Horizon | RMSE: 34.153, 35.339; MAE: 21.441, 22.171; MAPE: 12.585, 13.009; Q10: 5.178, 5.361; Q50: 10.870, 11.217; Q90: 4.960, 5.250;
In quantile2 CL model  Epoch 35: 
| 3  Horizon | RMSE: 30.350, 30.273; MAE: 18.985, 19.049; MAPE: 11.076, 11.138; Q10: 4.506, 4.501; Q50: 9.630, 9.648; Q90: 4.323, 4.407;
| 6  Horizon | RMSE: 31.884, 32.099; MAE: 19.882, 20.183; MAPE: 11.560, 11.692; Q10: 4.745, 4.767; Q50: 10.091, 10.226; Q90: 4.560, 4.761;
| 12 Horizon | RMSE: 34.255, 35.068; MAE: 21.464, 22.135; MAPE: 12.433, 12.738; Q10: 5.173, 5.268; Q50: 10.887, 11.207; Q90: 4.964, 5.325;
epoch 35 time used: 77  seconds  train loss: 17.435 val loss: 6.471112 test loss: 6.601387
In quantile1 CL model  Epoch 36: 
| 3  Horizon | RMSE: 30.347, 30.556; MAE: 18.973, 19.081; MAPE: 11.097, 11.247; Q10: 4.508, 4.559; Q50: 9.618, 9.659; Q90: 4.309, 4.369;
| 6  Horizon | RMSE: 31.860, 32.495; MAE: 19.846, 20.214; MAPE: 11.558, 11.817; Q10: 4.761, 4.867; Q50: 10.061, 10.230; Q90: 4.533, 4.684;
| 12 Horizon | RMSE: 34.210, 35.543; MAE: 21.471, 22.251; MAPE: 12.578, 13.026; Q10: 5.181, 5.386; Q50: 10.888, 11.260; Q90: 4.966, 5.260;
In quantile2 CL model  Epoch 36: 
| 3  Horizon | RMSE: 30.389, 30.335; MAE: 18.987, 19.070; MAPE: 11.087, 11.204; Q10: 4.510, 4.516; Q50: 9.625, 9.652; Q90: 4.313, 4.393;
| 6  Horizon | RMSE: 31.902, 32.131; MAE: 19.840, 20.145; MAPE: 11.497, 11.720; Q10: 4.754, 4.791; Q50: 10.059, 10.197; Q90: 4.532, 4.721;
| 12 Horizon | RMSE: 34.368, 35.302; MAE: 21.527, 22.257; MAPE: 12.460, 12.814; Q10: 5.197, 5.320; Q50: 10.919, 11.268; Q90: 4.964, 5.324;
epoch 36 time used: 77  seconds  train loss: 17.43 val loss: 6.465431 test loss: 6.600113
In quantile1 CL model  Epoch 37: 
| 3  Horizon | RMSE: 30.365, 30.548; MAE: 18.990, 19.086; MAPE: 11.052, 11.203; Q10: 4.512, 4.556; Q50: 9.630, 9.665; Q90: 4.319, 4.378;
| 6  Horizon | RMSE: 31.876, 32.439; MAE: 19.863, 20.179; MAPE: 11.513, 11.753; Q10: 4.761, 4.853; Q50: 10.073, 10.218; Q90: 4.549, 4.692;
| 12 Horizon | RMSE: 34.175, 35.391; MAE: 21.467, 22.184; MAPE: 12.596, 13.053; Q10: 5.187, 5.374; Q50: 10.885, 11.226; Q90: 4.963, 5.238;
In quantile2 CL model  Epoch 37: 
| 3  Horizon | RMSE: 30.402, 30.358; MAE: 19.035, 19.111; MAPE: 11.054, 11.137; Q10: 4.515, 4.514; Q50: 9.655, 9.678; Q90: 4.337, 4.426;
| 6  Horizon | RMSE: 31.928, 32.132; MAE: 19.915, 20.191; MAPE: 11.505, 11.680; Q10: 4.758, 4.780; Q50: 10.103, 10.226; Q90: 4.569, 4.766;
| 12 Horizon | RMSE: 34.362, 35.179; MAE: 21.592, 22.243; MAPE: 12.503, 12.838; Q10: 5.203, 5.298; Q50: 10.948, 11.258; Q90: 4.984, 5.341;
epoch 37 time used: 77  seconds  train loss: 17.426 val loss: 6.484523 test loss: 6.606873
In quantile1 CL model  Epoch 38: 
| 3  Horizon | RMSE: 30.329, 30.486; MAE: 18.946, 19.028; MAPE: 11.075, 11.209; Q10: 4.503, 4.546; Q50: 9.606, 9.634; Q90: 4.308, 4.367;
| 6  Horizon | RMSE: 31.812, 32.369; MAE: 19.798, 20.127; MAPE: 11.517, 11.730; Q10: 4.751, 4.842; Q50: 10.042, 10.192; Q90: 4.527, 4.676;
| 12 Horizon | RMSE: 34.085, 35.295; MAE: 21.377, 22.115; MAPE: 12.528, 12.979; Q10: 5.174, 5.363; Q50: 10.839, 11.191; Q90: 4.926, 5.212;
In quantile2 CL model  Epoch 38: 
| 3  Horizon | RMSE: 30.388, 30.330; MAE: 19.003, 19.058; MAPE: 11.088, 11.173; Q10: 4.513, 4.514; Q50: 9.636, 9.649; Q90: 4.322, 4.409;
| 6  Horizon | RMSE: 31.884, 32.098; MAE: 19.860, 20.128; MAPE: 11.529, 11.678; Q10: 4.754, 4.780; Q50: 10.078, 10.196; Q90: 4.541, 4.733;
| 12 Horizon | RMSE: 34.273, 35.110; MAE: 21.483, 22.137; MAPE: 12.461, 12.774; Q10: 5.190, 5.288; Q50: 10.897, 11.209; Q90: 4.953, 5.314;
epoch 38 time used: 77  seconds  train loss: 17.42 val loss: 6.4651 test loss: 6.589558
In quantile1 CL model  Epoch 39: 
| 3  Horizon | RMSE: 30.354, 30.515; MAE: 18.990, 19.070; MAPE: 11.113, 11.248; Q10: 4.519, 4.560; Q50: 9.628, 9.655; Q90: 4.316, 4.374;
| 6  Horizon | RMSE: 31.906, 32.465; MAE: 19.917, 20.244; MAPE: 11.560, 11.805; Q10: 4.772, 4.860; Q50: 10.097, 10.247; Q90: 4.559, 4.712;
| 12 Horizon | RMSE: 34.205, 35.385; MAE: 21.501, 22.209; MAPE: 12.621, 13.065; Q10: 5.202, 5.378; Q50: 10.900, 11.237; Q90: 4.972, 5.254;
In quantile2 CL model  Epoch 39: 
| 3  Horizon | RMSE: 30.414, 30.379; MAE: 19.019, 19.077; MAPE: 11.090, 11.165; Q10: 4.520, 4.523; Q50: 9.646, 9.660; Q90: 4.326, 4.413;
| 6  Horizon | RMSE: 31.947, 32.207; MAE: 19.913, 20.209; MAPE: 11.495, 11.682; Q10: 4.766, 4.794; Q50: 10.099, 10.232; Q90: 4.570, 4.782;
| 12 Horizon | RMSE: 34.373, 35.274; MAE: 21.570, 22.250; MAPE: 12.497, 12.806; Q10: 5.214, 5.316; Q50: 10.940, 11.265; Q90: 4.991, 5.372;
epoch 39 time used: 77  seconds  train loss: 17.412 val loss: 6.486018 test loss: 6.617737
In quantile1 CL model  Epoch 40: 
| 3  Horizon | RMSE: 30.338, 30.505; MAE: 18.961, 19.062; MAPE: 11.049, 11.176; Q10: 4.504, 4.545; Q50: 9.617, 9.654; Q90: 4.318, 4.383;
| 6  Horizon | RMSE: 31.842, 32.383; MAE: 19.809, 20.141; MAPE: 11.527, 11.757; Q10: 4.754, 4.843; Q50: 10.044, 10.196; Q90: 4.532, 4.683;
| 12 Horizon | RMSE: 34.142, 35.393; MAE: 21.418, 22.192; MAPE: 12.539, 12.987; Q10: 5.170, 5.354; Q50: 10.860, 11.230; Q90: 4.955, 5.262;
In quantile2 CL model  Epoch 40: 
| 3  Horizon | RMSE: 30.354, 30.319; MAE: 18.969, 19.053; MAPE: 11.035, 11.131; Q10: 4.505, 4.508; Q50: 9.621, 9.649; Q90: 4.315, 4.401;
| 6  Horizon | RMSE: 31.868, 32.021; MAE: 19.801, 20.050; MAPE: 11.493, 11.681; Q10: 4.751, 4.776; Q50: 10.040, 10.150; Q90: 4.519, 4.697;
| 12 Horizon | RMSE: 34.253, 35.112; MAE: 21.439, 22.123; MAPE: 12.440, 12.770; Q10: 5.179, 5.283; Q50: 10.873, 11.200; Q90: 4.939, 5.300;
epoch 40 time used: 77  seconds  train loss: 17.394 val loss: 6.45187 test loss: 6.577751
In quantile1 CL model  Epoch 41: 
| 3  Horizon | RMSE: 30.337, 30.514; MAE: 18.976, 19.075; MAPE: 11.085, 11.203; Q10: 4.507, 4.548; Q50: 9.627, 9.663; Q90: 4.327, 4.395;
| 6  Horizon | RMSE: 31.844, 32.443; MAE: 19.857, 20.210; MAPE: 11.534, 11.770; Q10: 4.756, 4.849; Q50: 10.069, 10.232; Q90: 4.547, 4.708;
| 12 Horizon | RMSE: 34.189, 35.491; MAE: 21.494, 22.273; MAPE: 12.541, 12.964; Q10: 5.172, 5.358; Q50: 10.902, 11.275; Q90: 4.982, 5.298;
In quantile2 CL model  Epoch 41: 
| 3  Horizon | RMSE: 30.372, 30.388; MAE: 19.001, 19.107; MAPE: 11.065, 11.150; Q10: 4.511, 4.517; Q50: 9.641, 9.679; Q90: 4.326, 4.425;
| 6  Horizon | RMSE: 31.875, 32.149; MAE: 19.852, 20.167; MAPE: 11.483, 11.683; Q10: 4.752, 4.784; Q50: 10.069, 10.212; Q90: 4.544, 4.753;
| 12 Horizon | RMSE: 34.365, 35.307; MAE: 21.565, 22.284; MAPE: 12.479, 12.806; Q10: 5.195, 5.302; Q50: 10.942, 11.287; Q90: 4.987, 5.377;
epoch 41 time used: 77  seconds  train loss: 17.388 val loss: 6.472154 test loss: 6.612087
In quantile1 CL model  Epoch 42: 
| 3  Horizon | RMSE: 30.342, 30.527; MAE: 18.986, 19.095; MAPE: 11.045, 11.180; Q10: 4.506, 4.549; Q50: 9.631, 9.672; Q90: 4.330, 4.399;
| 6  Horizon | RMSE: 31.813, 32.388; MAE: 19.799, 20.142; MAPE: 11.498, 11.732; Q10: 4.753, 4.847; Q50: 10.040, 10.197; Q90: 4.534, 4.691;
| 12 Horizon | RMSE: 34.104, 35.367; MAE: 21.392, 22.140; MAPE: 12.521, 12.942; Q10: 5.173, 5.360; Q50: 10.849, 11.206; Q90: 4.957, 5.254;
In quantile2 CL model  Epoch 42: 
| 3  Horizon | RMSE: 30.388, 30.416; MAE: 19.028, 19.141; MAPE: 11.090, 11.161; Q10: 4.512, 4.521; Q50: 9.656, 9.698; Q90: 4.338, 4.443;
| 6  Horizon | RMSE: 31.856, 32.114; MAE: 19.826, 20.134; MAPE: 11.483, 11.659; Q10: 4.746, 4.779; Q50: 10.060, 10.198; Q90: 4.538, 4.746;
| 12 Horizon | RMSE: 34.257, 35.186; MAE: 21.476, 22.188; MAPE: 12.468, 12.774; Q10: 5.179, 5.287; Q50: 10.899, 11.239; Q90: 4.976, 5.369;
epoch 42 time used: 77  seconds  train loss: 17.385 val loss: 6.466879 test loss: 6.607337
In quantile1 CL model  Epoch 43: 
| 3  Horizon | RMSE: 30.324, 30.488; MAE: 18.966, 19.062; MAPE: 11.054, 11.179; Q10: 4.503, 4.542; Q50: 9.623, 9.657; Q90: 4.331, 4.397;
| 6  Horizon | RMSE: 31.807, 32.358; MAE: 19.809, 20.137; MAPE: 11.508, 11.740; Q10: 4.756, 4.847; Q50: 10.045, 10.195; Q90: 4.541, 4.692;
| 12 Horizon | RMSE: 34.115, 35.314; MAE: 21.407, 22.126; MAPE: 12.576, 13.005; Q10: 5.184, 5.370; Q50: 10.856, 11.198; Q90: 4.939, 5.213;
In quantile2 CL model  Epoch 43: 
| 3  Horizon | RMSE: 30.349, 30.349; MAE: 18.978, 19.073; MAPE: 11.066, 11.135; Q10: 4.504, 4.508; Q50: 9.631, 9.663; Q90: 4.332, 4.431;
| 6  Horizon | RMSE: 31.826, 32.057; MAE: 19.793, 20.079; MAPE: 11.469, 11.648; Q10: 4.745, 4.777; Q50: 10.040, 10.168; Q90: 4.537, 4.741;
| 12 Horizon | RMSE: 34.244, 35.102; MAE: 21.436, 22.104; MAPE: 12.454, 12.767; Q10: 5.184, 5.294; Q50: 10.874, 11.193; Q90: 4.940, 5.301;
epoch 43 time used: 77  seconds  train loss: 17.381 val loss: 6.456833 test loss: 6.591701
In quantile1 CL model  Epoch 44: 
| 3  Horizon | RMSE: 30.339, 30.526; MAE: 18.980, 19.090; MAPE: 11.060, 11.213; Q10: 4.507, 4.549; Q50: 9.622, 9.664; Q90: 4.322, 4.392;
| 6  Horizon | RMSE: 31.855, 32.423; MAE: 19.839, 20.189; MAPE: 11.514, 11.765; Q10: 4.757, 4.847; Q50: 10.058, 10.218; Q90: 4.552, 4.716;
| 12 Horizon | RMSE: 34.183, 35.396; MAE: 21.461, 22.210; MAPE: 12.527, 12.968; Q10: 5.177, 5.347; Q50: 10.883, 11.240; Q90: 4.986, 5.294;
In quantile2 CL model  Epoch 44: 
| 3  Horizon | RMSE: 30.359, 30.391; MAE: 18.985, 19.103; MAPE: 11.042, 11.164; Q10: 4.508, 4.519; Q50: 9.625, 9.670; Q90: 4.318, 4.421;
| 6  Horizon | RMSE: 31.877, 32.127; MAE: 19.826, 20.132; MAPE: 11.476, 11.687; Q10: 4.753, 4.786; Q50: 10.054, 10.192; Q90: 4.538, 4.748;
| 12 Horizon | RMSE: 34.339, 35.243; MAE: 21.526, 22.240; MAPE: 12.455, 12.794; Q10: 5.193, 5.299; Q50: 10.919, 11.261; Q90: 4.988, 5.379;
epoch 44 time used: 77  seconds  train loss: 17.375 val loss: 6.466948 test loss: 6.610038
In quantile1 CL model  Epoch 45: 
| 3  Horizon | RMSE: 30.347, 30.534; MAE: 18.966, 19.073; MAPE: 11.072, 11.215; Q10: 4.508, 4.551; Q50: 9.615, 9.656; Q90: 4.315, 4.383;
| 6  Horizon | RMSE: 31.864, 32.467; MAE: 19.832, 20.193; MAPE: 11.513, 11.756; Q10: 4.756, 4.849; Q50: 10.055, 10.222; Q90: 4.548, 4.716;
| 12 Horizon | RMSE: 34.184, 35.459; MAE: 21.437, 22.210; MAPE: 12.528, 12.988; Q10: 5.171, 5.354; Q50: 10.869, 11.239; Q90: 4.960, 5.266;
In quantile2 CL model  Epoch 45: 
| 3  Horizon | RMSE: 30.359, 30.369; MAE: 18.971, 19.070; MAPE: 11.073, 11.177; Q10: 4.506, 4.516; Q50: 9.618, 9.654; Q90: 4.313, 4.414;
| 6  Horizon | RMSE: 31.871, 32.150; MAE: 19.818, 20.137; MAPE: 11.476, 11.674; Q10: 4.747, 4.781; Q50: 10.051, 10.196; Q90: 4.542, 4.759;
| 12 Horizon | RMSE: 34.305, 35.240; MAE: 21.478, 22.202; MAPE: 12.435, 12.767; Q10: 5.185, 5.289; Q50: 10.895, 11.242; Q90: 4.960, 5.348;
epoch 45 time used: 77  seconds  train loss: 17.362 val loss: 6.462196 test loss: 6.607136
In quantile1 CL model  Epoch 46: 
| 3  Horizon | RMSE: 30.330, 30.511; MAE: 18.935, 19.037; MAPE: 11.037, 11.178; Q10: 4.504, 4.547; Q50: 9.604, 9.642; Q90: 4.313, 4.378;
| 6  Horizon | RMSE: 31.825, 32.409; MAE: 19.792, 20.141; MAPE: 11.508, 11.765; Q10: 4.754, 4.850; Q50: 10.034, 10.195; Q90: 4.529, 4.687;
| 12 Horizon | RMSE: 34.128, 35.444; MAE: 21.412, 22.218; MAPE: 12.538, 13.038; Q10: 5.177, 5.375; Q50: 10.856, 11.242; Q90: 4.950, 5.263;
In quantile2 CL model  Epoch 46: 
| 3  Horizon | RMSE: 30.357, 30.370; MAE: 18.962, 19.059; MAPE: 11.070, 11.148; Q10: 4.508, 4.517; Q50: 9.621, 9.655; Q90: 4.318, 4.416;
| 6  Horizon | RMSE: 31.860, 32.100; MAE: 19.794, 20.082; MAPE: 11.495, 11.681; Q10: 4.752, 4.787; Q50: 10.041, 10.170; Q90: 4.523, 4.725;
| 12 Horizon | RMSE: 34.262, 35.216; MAE: 21.448, 22.184; MAPE: 12.452, 12.804; Q10: 5.190, 5.309; Q50: 10.881, 11.234; Q90: 4.938, 5.322;
epoch 46 time used: 77  seconds  train loss: 17.362 val loss: 6.457746 test loss: 6.60141
In quantile1 CL model  Epoch 47: 
| 3  Horizon | RMSE: 30.327, 30.502; MAE: 18.944, 19.048; MAPE: 11.051, 11.199; Q10: 4.502, 4.546; Q50: 9.605, 9.644; Q90: 4.307, 4.369;
| 6  Horizon | RMSE: 31.823, 32.413; MAE: 19.806, 20.170; MAPE: 11.489, 11.748; Q10: 4.749, 4.844; Q50: 10.042, 10.210; Q90: 4.530, 4.689;
| 12 Horizon | RMSE: 34.100, 35.336; MAE: 21.361, 22.117; MAPE: 12.520, 12.990; Q10: 5.164, 5.353; Q50: 10.831, 11.191; Q90: 4.937, 5.231;
In quantile2 CL model  Epoch 47: 
| 3  Horizon | RMSE: 30.348, 30.353; MAE: 18.957, 19.061; MAPE: 11.062, 11.183; Q10: 4.504, 4.516; Q50: 9.610, 9.648; Q90: 4.305, 4.397;
| 6  Horizon | RMSE: 31.843, 32.118; MAE: 19.802, 20.124; MAPE: 11.460, 11.685; Q10: 4.745, 4.782; Q50: 10.041, 10.187; Q90: 4.525, 4.733;
| 12 Horizon | RMSE: 34.263, 35.154; MAE: 21.434, 22.133; MAPE: 12.421, 12.777; Q10: 5.182, 5.293; Q50: 10.869, 11.203; Q90: 4.947, 5.326;
epoch 47 time used: 77  seconds  train loss: 17.358 val loss: 6.449924 test loss: 6.590656
In quantile1 CL model  Epoch 48: 
| 3  Horizon | RMSE: 30.319, 30.480; MAE: 18.950, 19.049; MAPE: 11.011, 11.157; Q10: 4.501, 4.542; Q50: 9.609, 9.646; Q90: 4.315, 4.378;
| 6  Horizon | RMSE: 31.833, 32.393; MAE: 19.826, 20.173; MAPE: 11.472, 11.701; Q10: 4.747, 4.836; Q50: 10.057, 10.217; Q90: 4.551, 4.713;
| 12 Horizon | RMSE: 34.083, 35.286; MAE: 21.374, 22.120; MAPE: 12.512, 12.959; Q10: 5.168, 5.349; Q50: 10.839, 11.194; Q90: 4.939, 5.230;
In quantile2 CL model  Epoch 48: 
| 3  Horizon | RMSE: 30.359, 30.378; MAE: 18.963, 19.070; MAPE: 11.036, 11.146; Q10: 4.505, 4.516; Q50: 9.617, 9.657; Q90: 4.313, 4.413;
| 6  Horizon | RMSE: 31.881, 32.175; MAE: 19.833, 20.161; MAPE: 11.475, 11.669; Q10: 4.747, 4.781; Q50: 10.064, 10.213; Q90: 4.547, 4.769;
| 12 Horizon | RMSE: 34.292, 35.211; MAE: 21.461, 22.177; MAPE: 12.443, 12.789; Q10: 5.188, 5.296; Q50: 10.887, 11.229; Q90: 4.950, 5.335;
epoch 48 time used: 77  seconds  train loss: 17.355 val loss: 6.459223 test loss: 6.603337
In quantile1 CL model  Epoch 49: 
| 3  Horizon | RMSE: 30.341, 30.530; MAE: 18.986, 19.097; MAPE: 11.050, 11.180; Q10: 4.504, 4.546; Q50: 9.632, 9.674; Q90: 4.331, 4.401;
| 6  Horizon | RMSE: 31.804, 32.382; MAE: 19.801, 20.146; MAPE: 11.510, 11.752; Q10: 4.754, 4.849; Q50: 10.041, 10.199; Q90: 4.526, 4.678;
| 12 Horizon | RMSE: 34.099, 35.356; MAE: 21.410, 22.166; MAPE: 12.560, 13.006; Q10: 5.182, 5.372; Q50: 10.857, 11.217; Q90: 4.946, 5.240;
In quantile2 CL model  Epoch 49: 
| 3  Horizon | RMSE: 30.366, 30.423; MAE: 18.998, 19.120; MAPE: 11.048, 11.143; Q10: 4.507, 4.517; Q50: 9.638, 9.685; Q90: 4.327, 4.435;
| 6  Horizon | RMSE: 31.850, 32.104; MAE: 19.812, 20.105; MAPE: 11.485, 11.676; Q10: 4.750, 4.781; Q50: 10.048, 10.179; Q90: 4.523, 4.720;
| 12 Horizon | RMSE: 34.275, 35.167; MAE: 21.483, 22.167; MAPE: 12.466, 12.781; Q10: 5.190, 5.294; Q50: 10.897, 11.223; Q90: 4.958, 5.331;
epoch 49 time used: 75  seconds  train loss: 17.353 val loss: 6.4617 test loss: 6.600852
In quantile1 CL model  Epoch 50: 
| 3  Horizon | RMSE: 30.332, 30.529; MAE: 18.968, 19.084; MAPE: 11.082, 11.202; Q10: 4.505, 4.548; Q50: 9.623, 9.667; Q90: 4.326, 4.400;
| 6  Horizon | RMSE: 31.826, 32.447; MAE: 19.822, 20.198; MAPE: 11.525, 11.767; Q10: 4.758, 4.854; Q50: 10.052, 10.226; Q90: 4.538, 4.708;
| 12 Horizon | RMSE: 34.137, 35.462; MAE: 21.439, 22.249; MAPE: 12.577, 13.054; Q10: 5.193, 5.388; Q50: 10.871, 11.259; Q90: 4.957, 5.281;
In quantile2 CL model  Epoch 50: 
| 3  Horizon | RMSE: 30.347, 30.414; MAE: 18.975, 19.100; MAPE: 11.061, 11.144; Q10: 4.505, 4.517; Q50: 9.627, 9.675; Q90: 4.321, 4.432;
| 6  Horizon | RMSE: 31.848, 32.157; MAE: 19.812, 20.136; MAPE: 11.479, 11.673; Q10: 4.750, 4.786; Q50: 10.049, 10.196; Q90: 4.535, 4.756;
| 12 Horizon | RMSE: 34.286, 35.243; MAE: 21.478, 22.200; MAPE: 12.468, 12.799; Q10: 5.199, 5.308; Q50: 10.895, 11.241; Q90: 4.958, 5.352;
epoch 50 time used: 75  seconds  train loss: 17.342 val loss: 6.461806 test loss: 6.610275
In quantile1 CL model  Epoch 51: 
| 3  Horizon | RMSE: 30.321, 30.500; MAE: 18.942, 19.050; MAPE: 11.039, 11.193; Q10: 4.503, 4.547; Q50: 9.605, 9.645; Q90: 4.315, 4.383;
| 6  Horizon | RMSE: 31.812, 32.400; MAE: 19.797, 20.157; MAPE: 11.490, 11.747; Q10: 4.750, 4.845; Q50: 10.037, 10.203; Q90: 4.533, 4.694;
| 12 Horizon | RMSE: 34.107, 35.369; MAE: 21.395, 22.172; MAPE: 12.513, 12.987; Q10: 5.171, 5.360; Q50: 10.848, 11.219; Q90: 4.959, 5.270;
In quantile2 CL model  Epoch 51: 
| 3  Horizon | RMSE: 30.345, 30.384; MAE: 18.952, 19.065; MAPE: 11.035, 11.145; Q10: 4.504, 4.517; Q50: 9.612, 9.654; Q90: 4.312, 4.417;
| 6  Horizon | RMSE: 31.845, 32.140; MAE: 19.801, 20.123; MAPE: 11.457, 11.662; Q10: 4.745, 4.783; Q50: 10.044, 10.190; Q90: 4.531, 4.746;
| 12 Horizon | RMSE: 34.272, 35.208; MAE: 21.459, 22.182; MAPE: 12.413, 12.759; Q10: 5.182, 5.293; Q50: 10.884, 11.231; Q90: 4.963, 5.360;
epoch 51 time used: 75  seconds  train loss: 17.34 val loss: 6.454681 test loss: 6.602388
In quantile1 CL model  Epoch 52: 
| 3  Horizon | RMSE: 30.327, 30.491; MAE: 18.946, 19.047; MAPE: 11.042, 11.176; Q10: 4.502, 4.541; Q50: 9.611, 9.649; Q90: 4.317, 4.383;
| 6  Horizon | RMSE: 31.822, 32.367; MAE: 19.795, 20.133; MAPE: 11.490, 11.720; Q10: 4.753, 4.842; Q50: 10.041, 10.195; Q90: 4.540, 4.700;
| 12 Horizon | RMSE: 34.119, 35.336; MAE: 21.406, 22.160; MAPE: 12.502, 12.913; Q10: 5.169, 5.345; Q50: 10.859, 11.218; Q90: 4.962, 5.269;
In quantile2 CL model  Epoch 52: 
| 3  Horizon | RMSE: 30.352, 30.399; MAE: 18.953, 19.074; MAPE: 11.036, 11.133; Q10: 4.504, 4.518; Q50: 9.615, 9.661; Q90: 4.315, 4.420;
| 6  Horizon | RMSE: 31.856, 32.144; MAE: 19.800, 20.120; MAPE: 11.464, 11.657; Q10: 4.751, 4.787; Q50: 10.045, 10.190; Q90: 4.537, 4.756;
| 12 Horizon | RMSE: 34.292, 35.232; MAE: 21.480, 22.206; MAPE: 12.441, 12.769; Q10: 5.186, 5.295; Q50: 10.898, 11.246; Q90: 4.973, 5.372;
epoch 52 time used: 73  seconds  train loss: 17.339 val loss: 6.459558 test loss: 6.607401
In quantile1 CL model  Epoch 53: 
| 3  Horizon | RMSE: 30.331, 30.532; MAE: 18.966, 19.088; MAPE: 11.043, 11.184; Q10: 4.505, 4.550; Q50: 9.619, 9.667; Q90: 4.320, 4.391;
| 6  Horizon | RMSE: 31.815, 32.426; MAE: 19.805, 20.179; MAPE: 11.511, 11.771; Q10: 4.755, 4.853; Q50: 10.041, 10.213; Q90: 4.531, 4.694;
| 12 Horizon | RMSE: 34.105, 35.417; MAE: 21.384, 22.184; MAPE: 12.539, 13.024; Q10: 5.176, 5.373; Q50: 10.842, 11.225; Q90: 4.937, 5.247;
In quantile2 CL model  Epoch 53: 
| 3  Horizon | RMSE: 30.349, 30.436; MAE: 18.978, 19.119; MAPE: 11.028, 11.137; Q10: 4.507, 4.523; Q50: 9.625, 9.682; Q90: 4.322, 4.437;
| 6  Horizon | RMSE: 31.843, 32.173; MAE: 19.810, 20.154; MAPE: 11.451, 11.662; Q10: 4.744, 4.784; Q50: 10.047, 10.204; Q90: 4.532, 4.753;
| 12 Horizon | RMSE: 34.269, 35.239; MAE: 21.464, 22.202; MAPE: 12.421, 12.766; Q10: 5.181, 5.293; Q50: 10.887, 11.241; Q90: 4.960, 5.357;
epoch 53 time used: 72  seconds  train loss: 17.336 val loss: 6.457449 test loss: 6.610287
In quantile1 CL model  Epoch 54: 
| 3  Horizon | RMSE: 30.332, 30.487; MAE: 18.962, 19.059; MAPE: 11.041, 11.179; Q10: 4.502, 4.540; Q50: 9.617, 9.652; Q90: 4.320, 4.385;
| 6  Horizon | RMSE: 31.820, 32.359; MAE: 19.807, 20.145; MAPE: 11.499, 11.749; Q10: 4.749, 4.836; Q50: 10.043, 10.197; Q90: 4.545, 4.706;
| 12 Horizon | RMSE: 34.093, 35.281; MAE: 21.373, 22.113; MAPE: 12.513, 12.977; Q10: 5.170, 5.348; Q50: 10.837, 11.189; Q90: 4.940, 5.236;
In quantile2 CL model  Epoch 54: 
| 3  Horizon | RMSE: 30.352, 30.439; MAE: 18.978, 19.115; MAPE: 11.044, 11.152; Q10: 4.504, 4.520; Q50: 9.625, 9.680; Q90: 4.318, 4.434;
| 6  Horizon | RMSE: 31.849, 32.168; MAE: 19.817, 20.152; MAPE: 11.468, 11.677; Q10: 4.746, 4.783; Q50: 10.050, 10.203; Q90: 4.548, 4.782;
| 12 Horizon | RMSE: 34.264, 35.181; MAE: 21.453, 22.162; MAPE: 12.438, 12.777; Q10: 5.187, 5.290; Q50: 10.880, 11.219; Q90: 4.952, 5.347;
epoch 54 time used: 72  seconds  train loss: 17.333 val loss: 6.458614 test loss: 6.609029
In quantile1 CL model  Epoch 55: 
| 3  Horizon | RMSE: 30.337, 30.525; MAE: 18.970, 19.085; MAPE: 11.044, 11.184; Q10: 4.503, 4.544; Q50: 9.624, 9.668; Q90: 4.329, 4.402;
| 6  Horizon | RMSE: 31.831, 32.410; MAE: 19.810, 20.163; MAPE: 11.496, 11.738; Q10: 4.754, 4.844; Q50: 10.047, 10.210; Q90: 4.541, 4.705;
| 12 Horizon | RMSE: 34.138, 35.393; MAE: 21.415, 22.185; MAPE: 12.527, 12.976; Q10: 5.174, 5.357; Q50: 10.861, 11.228; Q90: 4.951, 5.254;
In quantile2 CL model  Epoch 55: 
| 3  Horizon | RMSE: 30.369, 30.457; MAE: 18.985, 19.123; MAPE: 11.045, 11.145; Q10: 4.505, 4.520; Q50: 9.632, 9.688; Q90: 4.327, 4.445;
| 6  Horizon | RMSE: 31.871, 32.181; MAE: 19.812, 20.141; MAPE: 11.467, 11.665; Q10: 4.749, 4.785; Q50: 10.051, 10.201; Q90: 4.540, 4.766;
| 12 Horizon | RMSE: 34.314, 35.263; MAE: 21.481, 22.214; MAPE: 12.434, 12.779; Q10: 5.186, 5.294; Q50: 10.897, 11.248; Q90: 4.964, 5.362;
epoch 55 time used: 73  seconds  train loss: 17.327 val loss: 6.462497 test loss: 6.614866
In quantile1 CL model  Epoch 56: 
| 3  Horizon | RMSE: 30.307, 30.480; MAE: 18.943, 19.043; MAPE: 11.045, 11.186; Q10: 4.503, 4.543; Q50: 9.607, 9.644; Q90: 4.314, 4.380;
| 6  Horizon | RMSE: 31.792, 32.358; MAE: 19.794, 20.133; MAPE: 11.511, 11.755; Q10: 4.753, 4.844; Q50: 10.037, 10.192; Q90: 4.530, 4.687;
| 12 Horizon | RMSE: 34.092, 35.343; MAE: 21.416, 22.177; MAPE: 12.541, 12.996; Q10: 5.178, 5.360; Q50: 10.860, 11.223; Q90: 4.952, 5.255;
In quantile2 CL model  Epoch 56: 
| 3  Horizon | RMSE: 30.345, 30.412; MAE: 18.957, 19.076; MAPE: 11.056, 11.156; Q10: 4.505, 4.520; Q50: 9.615, 9.661; Q90: 4.312, 4.420;
| 6  Horizon | RMSE: 31.846, 32.147; MAE: 19.805, 20.117; MAPE: 11.486, 11.680; Q10: 4.751, 4.788; Q50: 10.046, 10.187; Q90: 4.527, 4.742;
| 12 Horizon | RMSE: 34.266, 35.220; MAE: 21.473, 22.192; MAPE: 12.457, 12.794; Q10: 5.190, 5.301; Q50: 10.892, 11.237; Q90: 4.951, 5.340;
epoch 56 time used: 72  seconds  train loss: 17.326 val loss: 6.456906 test loss: 6.603516
In quantile1 CL model  Epoch 57: 
| 3  Horizon | RMSE: 30.321, 30.499; MAE: 18.953, 19.060; MAPE: 11.043, 11.184; Q10: 4.502, 4.543; Q50: 9.613, 9.653; Q90: 4.315, 4.384;
| 6  Horizon | RMSE: 31.828, 32.407; MAE: 19.822, 20.180; MAPE: 11.494, 11.742; Q10: 4.752, 4.842; Q50: 10.051, 10.216; Q90: 4.539, 4.703;
| 12 Horizon | RMSE: 34.154, 35.411; MAE: 21.449, 22.225; MAPE: 12.509, 12.946; Q10: 5.172, 5.351; Q50: 10.880, 11.250; Q90: 4.969, 5.282;
***************************
***************************
quantile1 CL model  Early stopping at epoch: 57
***************************
***************************
In quantile2 CL model  Epoch 57: 
| 3  Horizon | RMSE: 30.349, 30.434; MAE: 18.967, 19.099; MAPE: 11.039, 11.146; Q10: 4.505, 4.520; Q50: 9.620, 9.672; Q90: 4.315, 4.429;
| 6  Horizon | RMSE: 31.865, 32.204; MAE: 19.831, 20.173; MAPE: 11.454, 11.664; Q10: 4.747, 4.787; Q50: 10.058, 10.214; Q90: 4.538, 4.763;
| 12 Horizon | RMSE: 34.327, 35.317; MAE: 21.528, 22.277; MAPE: 12.430, 12.773; Q10: 5.186, 5.294; Q50: 10.922, 11.281; Q90: 4.988, 5.399;
***************************
***************************
quantile2 CL model  Early stopping at epoch: 57
***************************
***************************
epoch 57 time used: 75  seconds  train loss: 17.325 val loss: 6.465468 test loss: 6.620649
***************************
***************************
stacking start: 
***************************
***************************
In Stacking model  Epoch 0: 
| 3  Horizon | RMSE: 30.114, 30.215; MAE: 18.845, 18.922; MAPE: 11.065, 11.118; Q10: 9.159, 8.887; Q50: 9.563, 9.588; Q90: 9.879, 10.220;
| 6  Horizon | RMSE: 31.544, 31.962; MAE: 19.657, 19.951; MAPE: 11.467, 11.603; Q10: 9.324, 9.070; Q50: 9.976, 10.107; Q90: 10.505, 11.061;
| 12 Horizon | RMSE: 33.711, 34.738; MAE: 21.131, 21.804; MAPE: 12.334, 12.620; Q10: 10.063, 9.902; Q50: 10.722, 11.042; Q90: 11.274, 12.127;
----------val loss is :  19.658895 ----------test loss is :  19.982023
In Stacking model  Epoch 1: 
| 3  Horizon | RMSE: 30.086, 30.175; MAE: 18.802, 18.874; MAPE: 10.978, 11.070; Q10: 9.314, 9.021; Q50: 9.535, 9.557; Q90: 9.721, 10.042;
| 6  Horizon | RMSE: 31.506, 31.914; MAE: 19.608, 19.899; MAPE: 11.378, 11.575; Q10: 9.471, 9.193; Q50: 9.944, 10.075; Q90: 10.358, 10.887;
| 12 Horizon | RMSE: 33.657, 34.671; MAE: 21.073, 21.744; MAPE: 12.275, 12.632; Q10: 10.214, 10.029; Q50: 10.686, 11.005; Q90: 11.106, 11.921;
----------val loss is :  19.610204 ----------test loss is :  19.930534
In Stacking model  Epoch 2: 
| 3  Horizon | RMSE: 30.094, 30.195; MAE: 18.828, 18.916; MAPE: 10.987, 11.104; Q10: 9.329, 9.068; Q50: 9.542, 9.572; Q90: 9.731, 10.045;
| 6  Horizon | RMSE: 31.520, 31.944; MAE: 19.638, 19.952; MAPE: 11.387, 11.627; Q10: 9.491, 9.249; Q50: 9.953, 10.096; Q90: 10.371, 10.897;
| 12 Horizon | RMSE: 33.663, 34.691; MAE: 21.102, 21.797; MAPE: 12.305, 12.712; Q10: 10.238, 10.090; Q50: 10.695, 11.026; Q90: 11.104, 11.917;
----------val loss is :  19.636373 ----------test loss is :  19.978199
In Stacking model  Epoch 3: 
| 3  Horizon | RMSE: 30.117, 30.132; MAE: 18.807, 18.825; MAPE: 11.130, 11.157; Q10: 9.642, 9.303; Q50: 9.545, 9.539; Q90: 9.404, 9.718;
| 6  Horizon | RMSE: 31.516, 31.843; MAE: 19.593, 19.819; MAPE: 11.527, 11.628; Q10: 9.788, 9.459; Q50: 9.944, 10.042; Q90: 10.039, 10.556;
| 12 Horizon | RMSE: 33.665, 34.594; MAE: 21.039, 21.638; MAPE: 12.393, 12.640; Q10: 10.547, 10.305; Q50: 10.677, 10.959; Q90: 10.763, 11.559;
----------val loss is :  19.602361 ----------test loss is :  19.858843
In Stacking model  Epoch 4: 
| 3  Horizon | RMSE: 30.087, 30.140; MAE: 18.793, 18.845; MAPE: 11.040, 11.093; Q10: 9.288, 8.981; Q50: 9.537, 9.549; Q90: 9.740, 10.061;
| 6  Horizon | RMSE: 31.509, 31.883; MAE: 19.599, 19.868; MAPE: 11.442, 11.583; Q10: 9.447, 9.153; Q50: 9.946, 10.066; Q90: 10.388, 10.916;
| 12 Horizon | RMSE: 33.656, 34.633; MAE: 21.050, 21.695; MAPE: 12.317, 12.608; Q10: 10.205, 10.000; Q50: 10.682, 10.987; Q90: 11.109, 11.919;
----------val loss is :  19.599114 ----------test loss is :  19.897167
In Stacking model  Epoch 5: 
| 3  Horizon | RMSE: 30.126, 30.235; MAE: 18.861, 18.965; MAPE: 10.967, 11.096; Q10: 9.018, 8.771; Q50: 9.559, 9.598; Q90: 10.067, 10.387;
| 6  Horizon | RMSE: 31.569, 32.007; MAE: 19.685, 20.023; MAPE: 11.368, 11.623; Q10: 9.189, 8.964; Q50: 9.977, 10.132; Q90: 10.724, 11.258;
| 12 Horizon | RMSE: 33.699, 34.740; MAE: 21.138, 21.857; MAPE: 12.282, 12.705; Q10: 9.943, 9.809; Q50: 10.714, 11.058; Q90: 11.437, 12.259;
----------val loss is :  19.673741 ----------test loss is :  20.036943
In Stacking model  Epoch 6: 
| 3  Horizon | RMSE: 30.096, 30.137; MAE: 18.805, 18.852; MAPE: 11.101, 11.137; Q10: 9.213, 8.903; Q50: 9.546, 9.555; Q90: 9.829, 10.154;
| 6  Horizon | RMSE: 31.522, 31.883; MAE: 19.614, 19.878; MAPE: 11.508, 11.619; Q10: 9.374, 9.077; Q50: 9.957, 10.073; Q90: 10.483, 11.015;
| 12 Horizon | RMSE: 33.667, 34.629; MAE: 21.060, 21.696; MAPE: 12.372, 12.630; Q10: 10.139, 9.929; Q50: 10.690, 10.990; Q90: 11.191, 12.004;
----------val loss is :  19.612364 ----------test loss is :  19.903384
In Stacking model  Epoch 7: 
| 3  Horizon | RMSE: 30.077, 30.108; MAE: 18.764, 18.813; MAPE: 10.962, 11.054; Q10: 9.551, 9.254; Q50: 9.515, 9.526; Q90: 9.450, 9.767;
| 6  Horizon | RMSE: 31.489, 31.837; MAE: 19.560, 19.830; MAPE: 11.356, 11.556; Q10: 9.702, 9.421; Q50: 9.919, 10.040; Q90: 10.097, 10.623;
| 12 Horizon | RMSE: 33.632, 34.578; MAE: 21.011, 21.655; MAPE: 12.260, 12.618; Q10: 10.471, 10.277; Q50: 10.655, 10.960; Q90: 10.807, 11.616;
----------val loss is :  19.563895 ----------test loss is :  19.860424
In Stacking model  Epoch 8: 
| 3  Horizon | RMSE: 30.081, 30.144; MAE: 18.783, 18.855; MAPE: 10.938, 11.033; Q10: 9.167, 8.885; Q50: 9.527, 9.549; Q90: 9.848, 10.172;
| 6  Horizon | RMSE: 31.515, 31.902; MAE: 19.598, 19.897; MAPE: 11.339, 11.540; Q10: 9.329, 9.064; Q50: 9.941, 10.076; Q90: 10.508, 11.043;
| 12 Horizon | RMSE: 33.653, 34.639; MAE: 21.047, 21.722; MAPE: 12.235, 12.597; Q10: 10.094, 9.917; Q50: 10.675, 10.996; Q90: 11.215, 12.035;
----------val loss is :  19.591992 ----------test loss is :  19.916187
In Stacking model  Epoch 9: 
| 3  Horizon | RMSE: 30.076, 30.119; MAE: 18.767, 18.827; MAPE: 10.947, 11.036; Q10: 9.293, 9.003; Q50: 9.519, 9.535; Q90: 9.711, 10.034;
| 6  Horizon | RMSE: 31.502, 31.866; MAE: 19.575, 19.859; MAPE: 11.345, 11.540; Q10: 9.450, 9.177; Q50: 9.929, 10.057; Q90: 10.370, 10.902;
| 12 Horizon | RMSE: 33.642, 34.603; MAE: 21.024, 21.681; MAPE: 12.242, 12.596; Q10: 10.220, 10.034; Q50: 10.664, 10.976; Q90: 11.073, 11.889;
----------val loss is :  19.572714 ----------test loss is :  19.882021
In Stacking model  Epoch 10: 
| 3  Horizon | RMSE: 30.084, 30.126; MAE: 18.777, 18.834; MAPE: 10.983, 11.051; Q10: 9.193, 8.897; Q50: 9.528, 9.542; Q90: 9.817, 10.143;
| 6  Horizon | RMSE: 31.515, 31.878; MAE: 19.590, 19.869; MAPE: 11.389, 11.554; Q10: 9.353, 9.073; Q50: 9.941, 10.066; Q90: 10.479, 11.013;
| 12 Horizon | RMSE: 33.656, 34.616; MAE: 21.036, 21.687; MAPE: 12.272, 12.589; Q10: 10.124, 9.931; Q50: 10.674, 10.982; Q90: 11.177, 11.995;
----------val loss is :  19.585287 ----------test loss is :  19.89014
In Stacking model  Epoch 11: 
| 3  Horizon | RMSE: 30.076, 30.101; MAE: 18.757, 18.807; MAPE: 10.951, 11.045; Q10: 9.494, 9.202; Q50: 9.512, 9.523; Q90: 9.499, 9.818;
| 6  Horizon | RMSE: 31.492, 31.833; MAE: 19.556, 19.827; MAPE: 11.345, 11.548; Q10: 9.646, 9.371; Q50: 9.917, 10.039; Q90: 10.153, 10.681;
| 12 Horizon | RMSE: 33.634, 34.569; MAE: 21.004, 21.648; MAPE: 12.251, 12.614; Q10: 10.422, 10.233; Q50: 10.652, 10.957; Q90: 10.849, 11.662;
----------val loss is :  19.557762 ----------test loss is :  19.854895
In Stacking model  Epoch 12: 
| 3  Horizon | RMSE: 30.081, 30.110; MAE: 18.764, 18.814; MAPE: 10.966, 11.040; Q10: 9.332, 9.031; Q50: 9.520, 9.531; Q90: 9.665, 9.989;
| 6  Horizon | RMSE: 31.506, 31.855; MAE: 19.572, 19.843; MAPE: 11.367, 11.543; Q10: 9.486, 9.199; Q50: 9.930, 10.051; Q90: 10.327, 10.859;
| 12 Horizon | RMSE: 33.650, 34.593; MAE: 21.019, 21.661; MAPE: 12.258, 12.584; Q10: 10.259, 10.058; Q50: 10.664, 10.968; Q90: 11.026, 11.841;
----------val loss is :  19.570042 ----------test loss is :  19.866756
In Stacking model  Epoch 13: 
| 3  Horizon | RMSE: 30.073, 30.114; MAE: 18.768, 18.833; MAPE: 10.945, 11.055; Q10: 9.386, 9.102; Q50: 9.515, 9.534; Q90: 9.618, 9.939;
| 6  Horizon | RMSE: 31.497, 31.857; MAE: 19.573, 19.865; MAPE: 11.339, 11.564; Q10: 9.541, 9.275; Q50: 9.924, 10.056; Q90: 10.276, 10.808;
| 12 Horizon | RMSE: 33.634, 34.588; MAE: 21.020, 21.684; MAPE: 12.252, 12.639; Q10: 10.320, 10.139; Q50: 10.658, 10.973; Q90: 10.966, 11.783;
----------val loss is :  19.570869 ----------test loss is :  19.886286
In Stacking model  Epoch 14: 
| 3  Horizon | RMSE: 30.089, 30.125; MAE: 18.780, 18.835; MAPE: 10.990, 11.053; Q10: 9.168, 8.868; Q50: 9.531, 9.544; Q90: 9.849, 10.177;
| 6  Horizon | RMSE: 31.524, 31.882; MAE: 19.597, 19.874; MAPE: 11.398, 11.556; Q10: 9.324, 9.040; Q50: 9.946, 10.069; Q90: 10.518, 11.055;
| 12 Horizon | RMSE: 33.666, 34.620; MAE: 21.041, 21.689; MAPE: 12.280, 12.587; Q10: 10.095, 9.896; Q50: 10.678, 10.985; Q90: 11.216, 12.036;
----------val loss is :  19.590664 ----------test loss is :  19.892305
In Stacking model  Epoch 15: 
| 3  Horizon | RMSE: 30.076, 30.126; MAE: 18.780, 18.853; MAPE: 10.945, 11.063; Q10: 9.300, 9.024; Q50: 9.520, 9.543; Q90: 9.715, 10.038;
| 6  Horizon | RMSE: 31.506, 31.878; MAE: 19.590, 19.893; MAPE: 11.339, 11.574; Q10: 9.457, 9.200; Q50: 9.932, 10.069; Q90: 10.377, 10.911;
| 12 Horizon | RMSE: 33.640, 34.605; MAE: 21.035, 21.710; MAPE: 12.253, 12.651; Q10: 10.235, 10.064; Q50: 10.665, 10.986; Q90: 11.064, 11.885;
----------val loss is :  19.584175 ----------test loss is :  19.910187
In Stacking model  Epoch 16: 
| 3  Horizon | RMSE: 30.099, 30.104; MAE: 18.772, 18.805; MAPE: 11.033, 11.080; Q10: 9.391, 9.071; Q50: 9.528, 9.530; Q90: 9.621, 9.946;
| 6  Horizon | RMSE: 31.519, 31.841; MAE: 19.576, 19.826; MAPE: 11.442, 11.574; Q10: 9.542, 9.234; Q50: 9.936, 10.046; Q90: 10.284, 10.814;
| 12 Horizon | RMSE: 33.668, 34.581; MAE: 21.021, 21.638; MAPE: 12.320, 12.600; Q10: 10.323, 10.099; Q50: 10.669, 10.960; Q90: 10.972, 11.785;
----------val loss is :  19.577113 ----------test loss is :  19.852142
In Stacking model  Epoch 17: 
| 3  Horizon | RMSE: 30.091, 30.110; MAE: 18.770, 18.815; MAPE: 11.008, 11.066; Q10: 9.294, 8.984; Q50: 9.526, 9.534; Q90: 9.721, 10.047;
| 6  Horizon | RMSE: 31.518, 31.856; MAE: 19.581, 19.845; MAPE: 11.417, 11.564; Q10: 9.449, 9.154; Q50: 9.938, 10.055; Q90: 10.386, 10.919;
| 12 Horizon | RMSE: 33.663, 34.592; MAE: 21.024, 21.656; MAPE: 12.296, 12.596; Q10: 10.233, 10.021; Q50: 10.670, 10.968; Q90: 11.068, 11.885;
----------val loss is :  19.57741 ----------test loss is :  19.866701
In Stacking model  Epoch 18: 
| 3  Horizon | RMSE: 30.086, 30.125; MAE: 18.773, 18.835; MAPE: 10.953, 11.033; Q10: 9.153, 8.859; Q50: 9.525, 9.542; Q90: 9.858, 10.187;
| 6  Horizon | RMSE: 31.523, 31.885; MAE: 19.592, 19.878; MAPE: 11.360, 11.541; Q10: 9.310, 9.034; Q50: 9.941, 10.070; Q90: 10.529, 11.067;
| 12 Horizon | RMSE: 33.662, 34.617; MAE: 21.035, 21.691; MAPE: 12.249, 12.581; Q10: 10.088, 9.896; Q50: 10.673, 10.984; Q90: 11.217, 12.039;
----------val loss is :  19.583686 ----------test loss is :  19.893669
In Stacking model  Epoch 19: 
| 3  Horizon | RMSE: 30.075, 30.102; MAE: 18.760, 18.817; MAPE: 10.938, 11.046; Q10: 9.428, 9.135; Q50: 9.511, 9.526; Q90: 9.563, 9.886;
| 6  Horizon | RMSE: 31.497, 31.844; MAE: 19.563, 19.847; MAPE: 11.333, 11.553; Q10: 9.578, 9.302; Q50: 9.920, 10.047; Q90: 10.226, 10.758;
| 12 Horizon | RMSE: 33.637, 34.574; MAE: 21.009, 21.663; MAPE: 12.245, 12.628; Q10: 10.361, 10.169; Q50: 10.653, 10.963; Q90: 10.911, 11.728;
----------val loss is :  19.561457 ----------test loss is :  19.868642
In Stacking model  Epoch 20: 
| 3  Horizon | RMSE: 30.076, 30.115; MAE: 18.786, 18.854; MAPE: 10.988, 11.108; Q10: 9.451, 9.171; Q50: 9.520, 9.540; Q90: 9.561, 9.881;
| 6  Horizon | RMSE: 31.499, 31.858; MAE: 19.589, 19.886; MAPE: 11.374, 11.624; Q10: 9.603, 9.341; Q50: 9.927, 10.062; Q90: 10.221, 10.752;
| 12 Horizon | RMSE: 33.633, 34.581; MAE: 21.032, 21.701; MAPE: 12.296, 12.711; Q10: 10.387, 10.210; Q50: 10.660, 10.978; Q90: 10.901, 11.719;
----------val loss is :  19.585416 ----------test loss is :  19.906286
In Stacking model  Epoch 21: 
| 3  Horizon | RMSE: 30.093, 30.112; MAE: 18.772, 18.818; MAPE: 11.001, 11.058; Q10: 9.242, 8.934; Q50: 9.527, 9.536; Q90: 9.772, 10.100;
| 6  Horizon | RMSE: 31.524, 31.863; MAE: 19.586, 19.853; MAPE: 11.410, 11.559; Q10: 9.396, 9.103; Q50: 9.941, 10.059; Q90: 10.442, 10.978;
| 12 Horizon | RMSE: 33.669, 34.599; MAE: 21.029, 21.663; MAPE: 12.292, 12.590; Q10: 10.177, 9.967; Q50: 10.673, 10.972; Q90: 11.127, 11.946;
----------val loss is :  19.58146 ----------test loss is :  19.872272
***************************
***************************
Stack Model Early stopping at epoch: 21
***************************
***************************
Model  stgcn3  Best Results:
Epoch {'quantile1 CL model': 47, 'quantile2 CL model': 47}: 
=        =        Horizon  3        =        =        =        =        Horizon  6        =        =        =        =        Horizon  12       =        =       
RMSE     MAE      MAPE     Q10      Q50      Q90      RMSE     MAE      MAPE     Q10      Q50      Q90      RMSE     MAE      MAPE     Q10      Q50      Q90     
30.101   18.807   11.045   9.202    9.523    9.818    31.833   19.827   11.548   9.371    10.039   10.681   34.569   21.648   12.614   10.233   10.957   11.662  
Model Training Ended ... Sat Dec 30 00:52:57 2023
