nohup: ignoring input
pdate shape is:  (16992,)
./save/pems04_stgcn7_in12_out12_addtimeFalse_adjTrue_lr0.001_hc32_train0.7_val0.1_test0.2_seedNone_lossquantile_version2_note:new1_st_scl_s2000_ymask_scheNo training started Wed Dec  6 23:34:20 2023
pdate shape is:  (16992,)
data load........
initial data shape is:  (16992, 307, 3)
train_mean shape : (307,)
train  :  (11873, 24, 307, 3)
val  :  (1697, 24, 307, 3)
test  :  (3388, 24, 307, 3)
Model Training Started ... Wed Dec  6 23:34:22 2023
TIMESTEP_IN, TIMESTEP_OUT 12 12
LOSS is : quantile
Spatial CL target length = 1
Current Spatial CL Size = 0
Current Spatial CL Size = 100
Current Spatial CL Size = 200
Current Spatial CL Size = 300
Current Spatial CL Size = 400
Epoch 0: 
| 3  Horizon | RMSE: 32.708, 31.802; MAE: 21.150, 20.594; MAPE: 12.346, 12.354; Q10: 4.954, 4.794; Q50: 10.732, 10.434; Q90: 4.942, 4.845;
| 6  Horizon | RMSE: 35.384, 34.519; MAE: 23.172, 22.666; MAPE: 13.785, 13.802; Q10: 5.346, 5.205; Q50: 11.763, 11.489; Q90: 5.361, 5.290;
| 12 Horizon | RMSE: 41.768, 40.506; MAE: 27.666, 26.984; MAPE: 16.309, 16.267; Q10: 6.198, 6.041; Q50: 14.039, 13.669; Q90: 6.580, 6.421;
epoch 0 time used: 42  seconds  train loss: 27.055 val loss: 7.629494 test loss: 7.442517
Current Spatial CL Size = 500
Current Spatial CL Size = 600
Current Spatial CL Size = 700
Current Spatial CL Size = 800
Current Spatial CL Size = 900
Current Spatial CL Size = 1000
Current Spatial CL Size = 1100
Current Spatial CL Size = 1200
Current Spatial CL Size = 1300
Current Spatial CL Size = 1400
Current Spatial CL Size = 1500
Current Spatial CL Size = 1600
Current Spatial CL Size = 1700
Current Spatial CL Size = 1800
Current Spatial CL Size = 1900
Epoch 1: 
| 3  Horizon | RMSE: 32.020, 31.310; MAE: 20.504, 20.144; MAPE: 12.071, 12.318; Q10: 4.857, 4.723; Q50: 10.379, 10.177; Q90: 4.691, 4.641;
| 6  Horizon | RMSE: 34.034, 33.565; MAE: 21.914, 21.717; MAPE: 12.873, 13.204; Q10: 5.105, 5.017; Q50: 11.096, 10.975; Q90: 5.067, 5.072;
| 12 Horizon | RMSE: 37.806, 37.965; MAE: 24.798, 25.042; MAPE: 15.135, 15.867; Q10: 5.733, 5.725; Q50: 12.540, 12.639; Q90: 5.689, 5.793;
epoch 1 time used: 43  seconds  train loss: 21.423 val loss: 7.138834 test loss: 7.091073
Current Spatial CL Size = 2000
Epoch 2: 
| 3  Horizon | RMSE: 31.716, 31.042; MAE: 20.236, 19.883; MAPE: 11.911, 12.170; Q10: 4.733, 4.614; Q50: 10.235, 10.037; Q90: 4.664, 4.631;
| 6  Horizon | RMSE: 33.575, 33.072; MAE: 21.481, 21.186; MAPE: 12.225, 12.408; Q10: 5.025, 4.953; Q50: 10.890, 10.718; Q90: 4.946, 4.919;
| 12 Horizon | RMSE: 37.261, 37.282; MAE: 24.115, 24.173; MAPE: 13.823, 14.312; Q10: 5.619, 5.638; Q50: 12.213, 12.217; Q90: 5.594, 5.652;
epoch 2 time used: 39  seconds  train loss: 20.339 val loss: 7.00149 test loss: 6.938623
Epoch 3: 
| 3  Horizon | RMSE: 31.315, 30.914; MAE: 20.078, 19.869; MAPE: 11.821, 11.920; Q10: 4.786, 4.703; Q50: 10.194, 10.072; Q90: 4.542, 4.546;
| 6  Horizon | RMSE: 32.855, 32.851; MAE: 21.053, 21.087; MAPE: 12.524, 12.708; Q10: 5.010, 5.003; Q50: 10.694, 10.691; Q90: 4.737, 4.819;
| 12 Horizon | RMSE: 36.111, 36.943; MAE: 23.325, 23.865; MAPE: 13.739, 14.281; Q10: 5.555, 5.688; Q50: 11.838, 12.088; Q90: 5.318, 5.517;
epoch 3 time used: 38  seconds  train loss: 19.836 val loss: 6.897732 test loss: 6.935295
Epoch 4: 
| 3  Horizon | RMSE: 30.845, 30.465; MAE: 19.731, 19.582; MAPE: 11.651, 12.011; Q10: 4.656, 4.570; Q50: 9.989, 9.893; Q90: 4.463, 4.485;
| 6  Horizon | RMSE: 32.383, 32.326; MAE: 20.660, 20.651; MAPE: 11.897, 12.176; Q10: 4.934, 4.894; Q50: 10.478, 10.451; Q90: 4.683, 4.766;
| 12 Horizon | RMSE: 35.313, 35.908; MAE: 22.784, 23.130; MAPE: 13.099, 13.470; Q10: 5.418, 5.464; Q50: 11.561, 11.711; Q90: 5.160, 5.381;
epoch 4 time used: 38  seconds  train loss: 19.479 val loss: 6.718178 test loss: 6.74422
Epoch 5: 
| 3  Horizon | RMSE: 30.795, 30.399; MAE: 19.440, 19.222; MAPE: 11.220, 11.396; Q10: 4.614, 4.540; Q50: 9.853, 9.722; Q90: 4.389, 4.398;
| 6  Horizon | RMSE: 32.354, 32.356; MAE: 20.480, 20.490; MAPE: 11.799, 12.152; Q10: 4.849, 4.840; Q50: 10.379, 10.361; Q90: 4.644, 4.711;
| 12 Horizon | RMSE: 34.954, 35.744; MAE: 22.376, 22.876; MAPE: 12.977, 13.804; Q10: 5.319, 5.442; Q50: 11.328, 11.557; Q90: 5.093, 5.293;
epoch 5 time used: 38  seconds  train loss: 19.186 val loss: 6.642894 test loss: 6.671056
Epoch 6: 
| 3  Horizon | RMSE: 30.760, 30.462; MAE: 19.526, 19.391; MAPE: 11.327, 11.490; Q10: 4.632, 4.568; Q50: 9.909, 9.823; Q90: 4.400, 4.428;
| 6  Horizon | RMSE: 32.104, 32.295; MAE: 20.377, 20.513; MAPE: 11.800, 12.084; Q10: 4.847, 4.867; Q50: 10.344, 10.392; Q90: 4.624, 4.744;
| 12 Horizon | RMSE: 34.639, 35.621; MAE: 22.221, 22.808; MAPE: 13.012, 13.449; Q10: 5.298, 5.439; Q50: 11.286, 11.560; Q90: 5.096, 5.351;
epoch 6 time used: 38  seconds  train loss: 18.974 val loss: 6.62316 test loss: 6.695575
Epoch 7: 
| 3  Horizon | RMSE: 30.588, 30.243; MAE: 19.331, 19.131; MAPE: 11.155, 11.291; Q10: 4.598, 4.515; Q50: 9.796, 9.675; Q90: 4.391, 4.412;
| 6  Horizon | RMSE: 32.300, 32.345; MAE: 20.462, 20.475; MAPE: 11.647, 11.914; Q10: 4.878, 4.853; Q50: 10.373, 10.357; Q90: 4.748, 4.845;
| 12 Horizon | RMSE: 35.698, 36.206; MAE: 22.981, 23.236; MAPE: 13.014, 13.265; Q10: 5.366, 5.400; Q50: 11.671, 11.774; Q90: 5.280, 5.433;
epoch 7 time used: 38  seconds  train loss: 18.813 val loss: 6.687496 test loss: 6.700353
Epoch 8: 
| 3  Horizon | RMSE: 30.809, 30.600; MAE: 19.561, 19.446; MAPE: 11.574, 11.702; Q10: 4.661, 4.606; Q50: 9.932, 9.858; Q90: 4.404, 4.435;
| 6  Horizon | RMSE: 32.474, 32.858; MAE: 20.877, 21.067; MAPE: 12.599, 12.834; Q10: 5.018, 5.038; Q50: 10.612, 10.691; Q90: 4.694, 4.828;
| 12 Horizon | RMSE: 35.271, 36.464; MAE: 22.996, 23.625; MAPE: 13.984, 14.343; Q10: 5.483, 5.603; Q50: 11.692, 11.988; Q90: 5.211, 5.485;
epoch 8 time used: 38  seconds  train loss: 18.668 val loss: 6.760619 test loss: 6.845193
Epoch 9: 
| 3  Horizon | RMSE: 30.647, 30.331; MAE: 19.319, 19.119; MAPE: 11.173, 11.356; Q10: 4.634, 4.568; Q50: 9.790, 9.669; Q90: 4.334, 4.344;
| 6  Horizon | RMSE: 31.748, 32.019; MAE: 20.004, 20.108; MAPE: 11.435, 11.743; Q10: 4.790, 4.805; Q50: 10.145, 10.176; Q90: 4.518, 4.608;
| 12 Horizon | RMSE: 34.110, 35.072; MAE: 21.803, 22.250; MAPE: 12.464, 12.887; Q10: 5.180, 5.311; Q50: 11.066, 11.268; Q90: 4.977, 5.174;
epoch 9 time used: 38  seconds  train loss: 18.508 val loss: 6.521841 test loss: 6.56976
Epoch 10: 
| 3  Horizon | RMSE: 30.431, 30.181; MAE: 19.193, 19.102; MAPE: 11.235, 11.556; Q10: 4.568, 4.522; Q50: 9.718, 9.653; Q90: 4.369, 4.421;
| 6  Horizon | RMSE: 31.805, 32.093; MAE: 20.082, 20.293; MAPE: 11.946, 12.479; Q10: 4.784, 4.822; Q50: 10.163, 10.249; Q90: 4.513, 4.633;
| 12 Horizon | RMSE: 33.898, 35.055; MAE: 21.601, 22.356; MAPE: 12.501, 13.432; Q10: 5.169, 5.349; Q50: 10.943, 11.301; Q90: 4.878, 5.155;
epoch 10 time used: 38  seconds  train loss: 18.448 val loss: 6.492507 test loss: 6.592609
Epoch 11: 
| 3  Horizon | RMSE: 30.542, 30.309; MAE: 19.199, 19.069; MAPE: 11.144, 11.401; Q10: 4.563, 4.511; Q50: 9.733, 9.646; Q90: 4.319, 4.339;
| 6  Horizon | RMSE: 31.675, 32.063; MAE: 19.947, 20.153; MAPE: 11.569, 12.051; Q10: 4.783, 4.820; Q50: 10.110, 10.189; Q90: 4.489, 4.609;
| 12 Horizon | RMSE: 33.825, 35.087; MAE: 21.576, 22.259; MAPE: 12.541, 13.417; Q10: 5.188, 5.352; Q50: 10.935, 11.251; Q90: 4.882, 5.145;
epoch 11 time used: 39  seconds  train loss: 18.341 val loss: 6.497284 test loss: 6.587903
Epoch 12: 
| 3  Horizon | RMSE: 30.347, 30.282; MAE: 19.098, 19.052; MAPE: 11.108, 11.264; Q10: 4.559, 4.525; Q50: 9.690, 9.649; Q90: 4.301, 4.345;
| 6  Horizon | RMSE: 31.686, 32.203; MAE: 19.925, 20.156; MAPE: 12.020, 12.173; Q10: 4.767, 4.826; Q50: 10.124, 10.219; Q90: 4.463, 4.591;
| 12 Horizon | RMSE: 33.787, 35.243; MAE: 21.475, 22.180; MAPE: 12.855, 13.195; Q10: 5.200, 5.388; Q50: 10.910, 11.240; Q90: 4.839, 5.131;
epoch 12 time used: 39  seconds  train loss: 18.273 val loss: 6.471228 test loss: 6.583057
Epoch 13: 
| 3  Horizon | RMSE: 31.277, 31.072; MAE: 20.032, 19.904; MAPE: 11.444, 11.536; Q10: 4.788, 4.734; Q50: 10.175, 10.091; Q90: 4.588, 4.623;
| 6  Horizon | RMSE: 33.023, 33.404; MAE: 21.393, 21.540; MAPE: 12.519, 12.621; Q10: 4.998, 5.014; Q50: 10.875, 10.928; Q90: 4.990, 5.141;
| 12 Horizon | RMSE: 35.407, 36.667; MAE: 23.009, 23.631; MAPE: 12.861, 13.267; Q10: 5.391, 5.510; Q50: 11.690, 11.980; Q90: 4.990, 5.304;
epoch 13 time used: 38  seconds  train loss: 18.151 val loss: 6.840351 test loss: 6.926983
Epoch 14: 
| 3  Horizon | RMSE: 30.365, 30.161; MAE: 18.991, 18.902; MAPE: 10.976, 11.228; Q10: 4.545, 4.505; Q50: 9.626, 9.564; Q90: 4.264, 4.301;
| 6  Horizon | RMSE: 31.689, 32.049; MAE: 19.790, 20.016; MAPE: 11.561, 12.037; Q10: 4.768, 4.809; Q50: 10.023, 10.118; Q90: 4.453, 4.577;
| 12 Horizon | RMSE: 33.774, 34.917; MAE: 21.373, 22.002; MAPE: 12.499, 13.253; Q10: 5.155, 5.327; Q50: 10.828, 11.122; Q90: 4.829, 5.084;
epoch 14 time used: 38  seconds  train loss: 18.094 val loss: 6.434164 test loss: 6.527845
Epoch 15: 
| 3  Horizon | RMSE: 30.335, 30.210; MAE: 19.135, 19.080; MAPE: 11.061, 11.265; Q10: 4.553, 4.511; Q50: 9.705, 9.660; Q90: 4.382, 4.452;
| 6  Horizon | RMSE: 31.670, 32.068; MAE: 19.976, 20.170; MAPE: 11.481, 11.740; Q10: 4.779, 4.797; Q50: 10.140, 10.219; Q90: 4.597, 4.765;
| 12 Horizon | RMSE: 33.899, 34.731; MAE: 21.634, 21.975; MAPE: 12.659, 13.031; Q10: 5.237, 5.355; Q50: 10.977, 11.123; Q90: 4.912, 5.093;
epoch 15 time used: 38  seconds  train loss: 18.037 val loss: 6.509938 test loss: 6.586691
Epoch 16: 
| 3  Horizon | RMSE: 30.578, 30.585; MAE: 19.246, 19.237; MAPE: 11.409, 11.721; Q10: 4.616, 4.619; Q50: 9.740, 9.717; Q90: 4.365, 4.403;
| 6  Horizon | RMSE: 31.711, 32.349; MAE: 19.817, 20.054; MAPE: 11.514, 11.807; Q10: 4.776, 4.855; Q50: 10.052, 10.152; Q90: 4.470, 4.603;
| 12 Horizon | RMSE: 33.842, 35.257; MAE: 21.536, 22.183; MAPE: 12.530, 13.168; Q10: 5.164, 5.357; Q50: 10.912, 11.214; Q90: 4.895, 5.132;
epoch 16 time used: 38  seconds  train loss: 17.967 val loss: 6.479777 test loss: 6.587222
Epoch 17: 
| 3  Horizon | RMSE: 30.298, 30.242; MAE: 18.979, 18.985; MAPE: 11.001, 11.305; Q10: 4.556, 4.548; Q50: 9.623, 9.609; Q90: 4.268, 4.329;
| 6  Horizon | RMSE: 31.805, 32.304; MAE: 19.961, 20.259; MAPE: 11.825, 12.368; Q10: 4.797, 4.884; Q50: 10.110, 10.240; Q90: 4.448, 4.596;
| 12 Horizon | RMSE: 33.991, 35.062; MAE: 21.687, 22.248; MAPE: 12.963, 13.702; Q10: 5.286, 5.497; Q50: 10.982, 11.239; Q90: 4.863, 5.090;
epoch 17 time used: 38  seconds  train loss: 17.935 val loss: 6.465005 test loss: 6.575935
Epoch 18: 
| 3  Horizon | RMSE: 30.219, 30.189; MAE: 18.938, 18.940; MAPE: 10.949, 11.175; Q10: 4.520, 4.497; Q50: 9.608, 9.592; Q90: 4.265, 4.333;
| 6  Horizon | RMSE: 31.516, 32.111; MAE: 19.728, 20.061; MAPE: 11.305, 11.728; Q10: 4.736, 4.790; Q50: 10.005, 10.154; Q90: 4.463, 4.649;
| 12 Horizon | RMSE: 33.506, 34.916; MAE: 21.177, 21.900; MAPE: 12.161, 12.756; Q10: 5.094, 5.264; Q50: 10.744, 11.085; Q90: 4.790, 5.081;
epoch 18 time used: 38  seconds  train loss: 17.864 val loss: 6.416064 test loss: 6.546316
Epoch 19: 
| 3  Horizon | RMSE: 30.278, 30.289; MAE: 18.851, 18.874; MAPE: 10.886, 11.103; Q10: 4.526, 4.519; Q50: 9.559, 9.557; Q90: 4.239, 4.305;
| 6  Horizon | RMSE: 31.787, 32.524; MAE: 20.022, 20.431; MAPE: 11.375, 11.753; Q10: 4.764, 4.839; Q50: 10.165, 10.356; Q90: 4.569, 4.816;
| 12 Horizon | RMSE: 33.872, 35.390; MAE: 21.561, 22.386; MAPE: 12.141, 12.730; Q10: 5.134, 5.318; Q50: 10.943, 11.338; Q90: 4.854, 5.203;
epoch 19 time used: 38  seconds  train loss: 17.811 val loss: 6.447316 test loss: 6.605816
Epoch 20: 
| 3  Horizon | RMSE: 30.384, 30.395; MAE: 19.028, 19.056; MAPE: 11.173, 11.517; Q10: 4.559, 4.564; Q50: 9.641, 9.638; Q90: 4.289, 4.346;
| 6  Horizon | RMSE: 31.873, 32.412; MAE: 19.966, 20.248; MAPE: 11.766, 12.286; Q10: 4.789, 4.863; Q50: 10.112, 10.235; Q90: 4.475, 4.613;
| 12 Horizon | RMSE: 33.933, 35.219; MAE: 21.664, 22.323; MAPE: 12.935, 13.730; Q10: 5.214, 5.417; Q50: 10.967, 11.277; Q90: 4.889, 5.131;
epoch 20 time used: 38  seconds  train loss: 17.799 val loss: 6.483459 test loss: 6.600477
Epoch 21: 
| 3  Horizon | RMSE: 30.380, 30.410; MAE: 19.068, 19.111; MAPE: 10.911, 11.131; Q10: 4.538, 4.532; Q50: 9.672, 9.680; Q90: 4.315, 4.410;
| 6  Horizon | RMSE: 31.608, 32.279; MAE: 19.738, 20.129; MAPE: 11.292, 11.677; Q10: 4.741, 4.812; Q50: 10.014, 10.196; Q90: 4.459, 4.683;
| 12 Horizon | RMSE: 33.586, 34.965; MAE: 21.133, 21.880; MAPE: 12.506, 13.199; Q10: 5.101, 5.318; Q50: 10.699, 11.057; Q90: 4.764, 5.099;
epoch 21 time used: 38  seconds  train loss: 17.732 val loss: 6.429229 test loss: 6.592008
Epoch 22: 
| 3  Horizon | RMSE: 30.324, 30.397; MAE: 18.970, 19.027; MAPE: 11.019, 11.246; Q10: 4.529, 4.539; Q50: 9.632, 9.647; Q90: 4.269, 4.346;
| 6  Horizon | RMSE: 31.504, 32.137; MAE: 19.502, 19.858; MAPE: 11.236, 11.620; Q10: 4.719, 4.812; Q50: 9.895, 10.059; Q90: 4.392, 4.565;
| 12 Horizon | RMSE: 33.478, 34.862; MAE: 20.981, 21.694; MAPE: 12.276, 12.790; Q10: 5.064, 5.291; Q50: 10.655, 10.993; Q90: 4.762, 5.067;
epoch 22 time used: 38  seconds  train loss: 17.711 val loss: 6.370423 test loss: 6.515409
Epoch 23: 
| 3  Horizon | RMSE: 30.531, 30.476; MAE: 18.988, 18.975; MAPE: 11.049, 11.260; Q10: 4.574, 4.581; Q50: 9.633, 9.612; Q90: 4.276, 4.339;
| 6  Horizon | RMSE: 32.369, 32.849; MAE: 20.090, 20.321; MAPE: 11.687, 12.038; Q10: 4.937, 5.026; Q50: 10.189, 10.288; Q90: 4.434, 4.577;
| 12 Horizon | RMSE: 34.840, 36.097; MAE: 22.043, 22.706; MAPE: 13.136, 13.890; Q10: 5.382, 5.658; Q50: 11.161, 11.474; Q90: 4.828, 5.064;
epoch 23 time used: 38  seconds  train loss: 17.68 val loss: 6.525833 test loss: 6.646649
Epoch 24: 
| 3  Horizon | RMSE: 30.529, 30.584; MAE: 19.196, 19.223; MAPE: 11.102, 11.306; Q10: 4.561, 4.561; Q50: 9.753, 9.752; Q90: 4.324, 4.404;
| 6  Horizon | RMSE: 31.574, 32.336; MAE: 19.609, 19.994; MAPE: 11.255, 11.656; Q10: 4.740, 4.840; Q50: 9.948, 10.127; Q90: 4.426, 4.623;
| 12 Horizon | RMSE: 33.699, 35.378; MAE: 21.245, 22.026; MAPE: 12.338, 12.843; Q10: 5.118, 5.336; Q50: 10.790, 11.163; Q90: 4.799, 5.137;
epoch 24 time used: 38  seconds  train loss: 17.639 val loss: 6.42359 test loss: 6.578528
Epoch 25: 
| 3  Horizon | RMSE: 30.700, 30.590; MAE: 19.382, 19.309; MAPE: 11.255, 11.355; Q10: 4.603, 4.575; Q50: 9.840, 9.786; Q90: 4.392, 4.422;
| 6  Horizon | RMSE: 31.852, 32.345; MAE: 19.874, 20.092; MAPE: 11.387, 11.717; Q10: 4.764, 4.827; Q50: 10.075, 10.166; Q90: 4.495, 4.620;
| 12 Horizon | RMSE: 34.004, 35.246; MAE: 21.347, 21.934; MAPE: 12.201, 12.768; Q10: 5.120, 5.301; Q50: 10.822, 11.095; Q90: 4.881, 5.135;
epoch 25 time used: 38  seconds  train loss: 17.61 val loss: 6.485508 test loss: 6.581554
Epoch 26: 
| 3  Horizon | RMSE: 30.279, 30.254; MAE: 18.919, 18.946; MAPE: 10.834, 11.066; Q10: 4.508, 4.497; Q50: 9.600, 9.598; Q90: 4.261, 4.340;
| 6  Horizon | RMSE: 31.516, 32.084; MAE: 19.524, 19.873; MAPE: 11.213, 11.632; Q10: 4.718, 4.789; Q50: 9.903, 10.061; Q90: 4.415, 4.609;
| 12 Horizon | RMSE: 33.617, 34.895; MAE: 21.091, 21.833; MAPE: 12.204, 12.901; Q10: 5.089, 5.284; Q50: 10.689, 11.041; Q90: 4.794, 5.103;
epoch 26 time used: 38  seconds  train loss: 17.578 val loss: 6.376841 test loss: 6.518621
Epoch 27: 
| 3  Horizon | RMSE: 30.292, 30.238; MAE: 18.967, 19.002; MAPE: 11.051, 11.341; Q10: 4.553, 4.542; Q50: 9.604, 9.606; Q90: 4.237, 4.307;
| 6  Horizon | RMSE: 31.651, 32.323; MAE: 19.666, 20.103; MAPE: 11.176, 11.614; Q10: 4.739, 4.824; Q50: 9.972, 10.176; Q90: 4.412, 4.619;
| 12 Horizon | RMSE: 34.023, 35.332; MAE: 21.416, 22.193; MAPE: 13.082, 13.860; Q10: 5.188, 5.431; Q50: 10.830, 11.203; Q90: 4.791, 5.079;
epoch 27 time used: 38  seconds  train loss: 17.54 val loss: 6.404612 test loss: 6.561223
Epoch 28: 
| 3  Horizon | RMSE: 30.246, 30.211; MAE: 18.888, 18.876; MAPE: 10.841, 11.066; Q10: 4.514, 4.501; Q50: 9.578, 9.557; Q90: 4.250, 4.319;
| 6  Horizon | RMSE: 31.519, 32.062; MAE: 19.535, 19.825; MAPE: 11.234, 11.608; Q10: 4.721, 4.793; Q50: 9.908, 10.038; Q90: 4.394, 4.561;
| 12 Horizon | RMSE: 33.787, 35.070; MAE: 21.280, 21.851; MAPE: 12.663, 12.966; Q10: 5.128, 5.308; Q50: 10.812, 11.077; Q90: 4.792, 5.074;
epoch 28 time used: 39  seconds  train loss: 17.538 val loss: 6.385454 test loss: 6.504909
Epoch 29: 
| 3  Horizon | RMSE: 30.484, 30.432; MAE: 18.944, 18.914; MAPE: 11.180, 11.328; Q10: 4.562, 4.552; Q50: 9.623, 9.591; Q90: 4.244, 4.298;
| 6  Horizon | RMSE: 31.933, 32.510; MAE: 19.715, 19.981; MAPE: 11.583, 11.830; Q10: 4.832, 4.907; Q50: 10.015, 10.131; Q90: 4.419, 4.553;
| 12 Horizon | RMSE: 33.892, 35.310; MAE: 21.157, 21.833; MAPE: 12.245, 12.683; Q10: 5.168, 5.365; Q50: 10.745, 11.064; Q90: 4.754, 5.044;
epoch 29 time used: 38  seconds  train loss: 17.506 val loss: 6.420045 test loss: 6.540023
Epoch 30: 
| 3  Horizon | RMSE: 30.249, 30.257; MAE: 18.881, 18.943; MAPE: 10.873, 11.146; Q10: 4.525, 4.519; Q50: 9.577, 9.592; Q90: 4.285, 4.382;
| 6  Horizon | RMSE: 31.497, 32.080; MAE: 19.460, 19.848; MAPE: 11.217, 11.616; Q10: 4.717, 4.796; Q50: 9.872, 10.051; Q90: 4.374, 4.571;
| 12 Horizon | RMSE: 33.612, 34.935; MAE: 20.955, 21.700; MAPE: 12.194, 12.786; Q10: 5.132, 5.318; Q50: 10.628, 10.982; Q90: 4.714, 5.020;
epoch 30 time used: 38  seconds  train loss: 17.482 val loss: 6.358685 test loss: 6.501561
Epoch 31: 
| 3  Horizon | RMSE: 30.212, 30.126; MAE: 18.814, 18.827; MAPE: 10.902, 11.149; Q10: 4.517, 4.502; Q50: 9.536, 9.527; Q90: 4.227, 4.300;
| 6  Horizon | RMSE: 31.513, 32.079; MAE: 19.471, 19.842; MAPE: 11.228, 11.618; Q10: 4.732, 4.809; Q50: 9.876, 10.046; Q90: 4.375, 4.564;
| 12 Horizon | RMSE: 33.577, 34.937; MAE: 20.919, 21.645; MAPE: 12.062, 12.581; Q10: 5.105, 5.303; Q50: 10.616, 10.961; Q90: 4.718, 5.040;
epoch 31 time used: 39  seconds  train loss: 17.471 val loss: 6.353634 test loss: 6.49299
Epoch 32: 
| 3  Horizon | RMSE: 30.341, 30.239; MAE: 18.835, 18.793; MAPE: 10.957, 11.161; Q10: 4.552, 4.534; Q50: 9.555, 9.517; Q90: 4.220, 4.275;
| 6  Horizon | RMSE: 31.492, 32.021; MAE: 19.530, 19.807; MAPE: 11.351, 11.624; Q10: 4.755, 4.816; Q50: 9.916, 10.038; Q90: 4.396, 4.569;
| 12 Horizon | RMSE: 33.655, 34.940; MAE: 21.057, 21.748; MAPE: 12.386, 13.069; Q10: 5.185, 5.370; Q50: 10.668, 10.994; Q90: 4.717, 5.016;
epoch 32 time used: 39  seconds  train loss: 17.436 val loss: 6.370351 test loss: 6.490627
Epoch 33: 
| 3  Horizon | RMSE: 30.268, 30.280; MAE: 18.830, 18.868; MAPE: 10.955, 11.180; Q10: 4.519, 4.507; Q50: 9.560, 9.564; Q90: 4.229, 4.310;
| 6  Horizon | RMSE: 31.660, 32.306; MAE: 19.560, 19.969; MAPE: 11.375, 11.818; Q10: 4.759, 4.849; Q50: 9.917, 10.106; Q90: 4.386, 4.571;
| 12 Horizon | RMSE: 33.742, 35.281; MAE: 21.109, 21.991; MAPE: 12.391, 13.140; Q10: 5.122, 5.334; Q50: 10.692, 11.117; Q90: 4.733, 5.089;
epoch 33 time used: 39  seconds  train loss: 17.406 val loss: 6.374027 test loss: 6.533228
Epoch 34: 
| 3  Horizon | RMSE: 30.313, 30.214; MAE: 18.980, 18.965; MAPE: 10.873, 11.073; Q10: 4.546, 4.515; Q50: 9.632, 9.609; Q90: 4.259, 4.341;
| 6  Horizon | RMSE: 31.520, 31.976; MAE: 19.598, 19.927; MAPE: 11.179, 11.574; Q10: 4.744, 4.781; Q50: 9.939, 10.087; Q90: 4.441, 4.655;
| 12 Horizon | RMSE: 33.566, 34.627; MAE: 20.942, 21.572; MAPE: 12.103, 12.686; Q10: 5.091, 5.236; Q50: 10.622, 10.917; Q90: 4.723, 5.038;
epoch 34 time used: 38  seconds  train loss: 17.408 val loss: 6.381395 test loss: 6.504821
Epoch 35: 
| 3  Horizon | RMSE: 30.198, 30.146; MAE: 18.786, 18.789; MAPE: 10.836, 11.081; Q10: 4.505, 4.478; Q50: 9.531, 9.516; Q90: 4.234, 4.309;
| 6  Horizon | RMSE: 31.451, 32.061; MAE: 19.502, 19.884; MAPE: 11.245, 11.706; Q10: 4.707, 4.777; Q50: 9.881, 10.056; Q90: 4.372, 4.567;
| 12 Horizon | RMSE: 33.498, 35.035; MAE: 20.879, 21.702; MAPE: 12.059, 12.686; Q10: 5.078, 5.275; Q50: 10.593, 10.987; Q90: 4.757, 5.145;
epoch 35 time used: 39  seconds  train loss: 17.372 val loss: 6.34764 test loss: 6.498574
Epoch 36: 
| 3  Horizon | RMSE: 30.209, 30.253; MAE: 18.870, 18.926; MAPE: 10.903, 11.154; Q10: 4.504, 4.490; Q50: 9.579, 9.592; Q90: 4.279, 4.368;
| 6  Horizon | RMSE: 31.505, 32.230; MAE: 19.605, 20.040; MAPE: 11.289, 11.676; Q10: 4.728, 4.795; Q50: 9.954, 10.156; Q90: 4.392, 4.607;
| 12 Horizon | RMSE: 33.650, 35.255; MAE: 21.139, 21.987; MAPE: 12.304, 12.802; Q10: 5.098, 5.282; Q50: 10.735, 11.142; Q90: 4.774, 5.166;
epoch 36 time used: 36  seconds  train loss: 17.359 val loss: 6.385115 test loss: 6.547547
Epoch 37: 
| 3  Horizon | RMSE: 30.343, 30.249; MAE: 18.814, 18.793; MAPE: 10.878, 11.121; Q10: 4.534, 4.508; Q50: 9.539, 9.513; Q90: 4.246, 4.324;
| 6  Horizon | RMSE: 31.597, 32.115; MAE: 19.507, 19.825; MAPE: 11.195, 11.590; Q10: 4.778, 4.826; Q50: 9.896, 10.039; Q90: 4.387, 4.584;
| 12 Horizon | RMSE: 34.169, 35.217; MAE: 21.254, 21.768; MAPE: 12.328, 12.864; Q10: 5.393, 5.518; Q50: 10.778, 11.015; Q90: 4.735, 5.022;
epoch 37 time used: 35  seconds  train loss: 17.366 val loss: 6.400992 test loss: 6.511471
Epoch 38: 
| 3  Horizon | RMSE: 30.316, 30.309; MAE: 19.059, 19.089; MAPE: 11.118, 11.417; Q10: 4.554, 4.524; Q50: 9.654, 9.653; Q90: 4.269, 4.355;
| 6  Horizon | RMSE: 31.486, 31.999; MAE: 19.628, 19.939; MAPE: 11.422, 11.851; Q10: 4.744, 4.788; Q50: 9.943, 10.082; Q90: 4.393, 4.590;
| 12 Horizon | RMSE: 33.648, 34.798; MAE: 21.064, 21.697; MAPE: 12.456, 13.137; Q10: 5.142, 5.280; Q50: 10.666, 10.963; Q90: 4.736, 5.059;
epoch 38 time used: 35  seconds  train loss: 17.329 val loss: 6.389999 test loss: 6.512791
Epoch 39: 
| 3  Horizon | RMSE: 30.225, 30.220; MAE: 18.779, 18.782; MAPE: 10.893, 11.107; Q10: 4.512, 4.492; Q50: 9.531, 9.518; Q90: 4.211, 4.283;
| 6  Horizon | RMSE: 31.491, 32.003; MAE: 19.496, 19.796; MAPE: 11.308, 11.636; Q10: 4.714, 4.763; Q50: 9.899, 10.034; Q90: 4.385, 4.582;
| 12 Horizon | RMSE: 33.668, 34.898; MAE: 21.009, 21.686; MAPE: 12.114, 12.681; Q10: 5.124, 5.273; Q50: 10.659, 10.980; Q90: 4.773, 5.098;
epoch 39 time used: 35  seconds  train loss: 17.302 val loss: 6.366762 test loss: 6.49184
Epoch 40: 
| 3  Horizon | RMSE: 30.463, 30.497; MAE: 19.143, 19.208; MAPE: 10.877, 11.166; Q10: 4.516, 4.503; Q50: 9.710, 9.726; Q90: 4.386, 4.493;
| 6  Horizon | RMSE: 31.384, 31.969; MAE: 19.496, 19.929; MAPE: 11.376, 11.885; Q10: 4.719, 4.795; Q50: 9.879, 10.079; Q90: 4.366, 4.567;
| 12 Horizon | RMSE: 33.531, 34.958; MAE: 20.999, 21.861; MAPE: 12.399, 13.171; Q10: 5.096, 5.285; Q50: 10.639, 11.053; Q90: 4.723, 5.064;
epoch 40 time used: 35  seconds  train loss: 17.32 val loss: 6.393092 test loss: 6.55432
Epoch 41: 
| 3  Horizon | RMSE: 30.361, 30.529; MAE: 19.174, 19.323; MAPE: 11.271, 11.643; Q10: 4.522, 4.534; Q50: 9.705, 9.765; Q90: 4.342, 4.468;
| 6  Horizon | RMSE: 31.395, 32.143; MAE: 19.575, 20.048; MAPE: 11.242, 11.726; Q10: 4.718, 4.811; Q50: 9.927, 10.148; Q90: 4.464, 4.723;
| 12 Horizon | RMSE: 33.495, 35.043; MAE: 21.014, 21.860; MAPE: 12.259, 12.820; Q10: 5.097, 5.300; Q50: 10.669, 11.075; Q90: 4.748, 5.144;
epoch 41 time used: 34  seconds  train loss: 17.287 val loss: 6.406738 test loss: 6.594844
Epoch 42: 
| 3  Horizon | RMSE: 30.251, 30.289; MAE: 18.913, 18.981; MAPE: 10.851, 11.114; Q10: 4.515, 4.496; Q50: 9.596, 9.616; Q90: 4.232, 4.317;
| 6  Horizon | RMSE: 31.414, 31.956; MAE: 19.484, 19.839; MAPE: 11.154, 11.551; Q10: 4.711, 4.758; Q50: 9.887, 10.049; Q90: 4.374, 4.580;
| 12 Horizon | RMSE: 33.628, 35.123; MAE: 21.023, 21.905; MAPE: 11.943, 12.615; Q10: 5.052, 5.230; Q50: 10.671, 11.093; Q90: 4.772, 5.163;
epoch 42 time used: 34  seconds  train loss: 17.271 val loss: 6.359557 test loss: 6.511089
Epoch 43: 
| 3  Horizon | RMSE: 30.353, 30.256; MAE: 18.859, 18.786; MAPE: 10.979, 11.198; Q10: 4.519, 4.496; Q50: 9.572, 9.520; Q90: 4.208, 4.262;
| 6  Horizon | RMSE: 31.695, 32.044; MAE: 19.623, 19.788; MAPE: 11.355, 11.694; Q10: 4.766, 4.800; Q50: 9.955, 10.021; Q90: 4.355, 4.515;
| 12 Horizon | RMSE: 33.822, 34.889; MAE: 21.089, 21.590; MAPE: 12.274, 12.728; Q10: 5.180, 5.302; Q50: 10.705, 10.936; Q90: 4.716, 4.977;
epoch 43 time used: 34  seconds  train loss: 17.257 val loss: 6.390526 test loss: 6.470348
Epoch 44: 
| 3  Horizon | RMSE: 30.307, 30.235; MAE: 18.901, 18.878; MAPE: 11.084, 11.350; Q10: 4.529, 4.503; Q50: 9.582, 9.555; Q90: 4.228, 4.285;
| 6  Horizon | RMSE: 31.490, 31.965; MAE: 19.595, 19.888; MAPE: 11.457, 11.857; Q10: 4.742, 4.795; Q50: 9.930, 10.062; Q90: 4.377, 4.528;
| 12 Horizon | RMSE: 33.606, 34.850; MAE: 20.991, 21.697; MAPE: 12.315, 12.915; Q10: 5.201, 5.370; Q50: 10.643, 10.981; Q90: 4.711, 5.002;
epoch 44 time used: 34  seconds  train loss: 17.253 val loss: 6.376759 test loss: 6.489666
Epoch 45: 
| 3  Horizon | RMSE: 30.254, 30.271; MAE: 18.815, 18.839; MAPE: 10.882, 11.101; Q10: 4.515, 4.498; Q50: 9.546, 9.544; Q90: 4.223, 4.301;
| 6  Horizon | RMSE: 31.465, 32.158; MAE: 19.551, 19.952; MAPE: 11.309, 11.656; Q10: 4.719, 4.788; Q50: 9.930, 10.116; Q90: 4.371, 4.589;
| 12 Horizon | RMSE: 33.831, 35.256; MAE: 21.037, 21.738; MAPE: 12.259, 12.733; Q10: 5.136, 5.328; Q50: 10.683, 11.016; Q90: 4.724, 5.089;
Early stopping at epoch: 45
Model  stgcn7  Best Results:
Epoch 35: 
=        =        Horizon  3        =        =        =        =        Horizon  6        =        =        =        =        Horizon  12       =        =       
RMSE     MAE      MAPE     Q10      Q50      Q90      RMSE     MAE      MAPE     Q10      Q50      Q90      RMSE     MAE      MAPE     Q10      Q50      Q90     
30.146   18.789   11.081   4.478    9.516    4.309    32.061   19.884   11.706   4.777    10.056   4.567    35.035   21.702   12.686   5.275    10.987   5.145   
Model Training Ended ... Thu Dec  7 00:03:47 2023
