pdate shape is:  (16992,)
./save/pems04_stgcn7_in12_out12_addtimeFalse_adjTrue_lr0.001_hc32_train0.7_val0.1_test0.2_seedNone_lossquantile_version1_note:new3_scl_wait20_sepoch30_batch8_scheNo training started Wed Dec  6 01:13:15 2023
pdate shape is:  (16992,)
data load........
initial data shape is:  (16992, 307, 3)
train_mean shape : (307,)
train  :  (11873, 24, 307, 3)
val  :  (1697, 24, 307, 3)
test  :  (3388, 24, 307, 3)
Model Training Started ... Wed Dec  6 01:13:17 2023
TIMESTEP_IN, TIMESTEP_OUT 12 12
all batch is  1485
LOSS is : quantile
Spatial CL target length = 1
Epoch 0: 
| 3  Horizon | RMSE: 33.306, 32.528; MAE: 21.552, 21.037; MAPE: 12.724, 12.665; Q10: 4.937, 4.792; Q50: 10.919, 10.643; Q90: 4.990, 4.916;
| 6  Horizon | RMSE: 35.046, 34.498; MAE: 22.885, 22.563; MAPE: 13.628, 13.684; Q10: 5.266, 5.130; Q50: 11.607, 11.425; Q90: 5.290, 5.285;
| 12 Horizon | RMSE: 40.035, 39.474; MAE: 26.494, 26.282; MAPE: 15.816, 15.990; Q10: 6.020, 5.907; Q50: 13.454, 13.322; Q90: 6.274, 6.256;
epoch 0 time used: 36  seconds  train loss: 26.373 val loss: 7.523864 test loss: 7.403194
Epoch 1: 
| 3  Horizon | RMSE: 33.069, 32.447; MAE: 21.559, 21.229; MAPE: 12.541, 12.447; Q10: 5.028, 4.891; Q50: 10.948, 10.764; Q90: 4.931, 4.891;
| 6  Horizon | RMSE: 35.006, 34.615; MAE: 22.763, 22.619; MAPE: 12.924, 12.939; Q10: 5.305, 5.202; Q50: 11.551, 11.460; Q90: 5.267, 5.301;
| 12 Horizon | RMSE: 39.591, 39.755; MAE: 26.114, 26.390; MAPE: 14.479, 14.787; Q10: 6.007, 5.962; Q50: 13.253, 13.368; Q90: 5.943, 6.152;
epoch 1 time used: 35  seconds  train loss: 21.108 val loss: 7.441623 test loss: 7.407332
Epoch 2: 
| 3  Horizon | RMSE: 32.496, 31.841; MAE: 20.730, 20.403; MAPE: 12.204, 12.376; Q10: 4.796, 4.700; Q50: 10.493, 10.311; Q90: 4.795, 4.759;
| 6  Horizon | RMSE: 34.202, 33.780; MAE: 21.721, 21.572; MAPE: 12.540, 12.781; Q10: 5.103, 5.030; Q50: 11.008, 10.914; Q90: 5.024, 5.045;
| 12 Horizon | RMSE: 36.899, 37.340; MAE: 23.733, 24.217; MAPE: 13.686, 14.322; Q10: 5.601, 5.653; Q50: 12.036, 12.261; Q90: 5.424, 5.622;
epoch 2 time used: 37  seconds  train loss: 20.3 val loss: 7.04867 test loss: 7.044604
Epoch 3: 
| 3  Horizon | RMSE: 33.442, 33.084; MAE: 23.167, 23.054; MAPE: 18.008, 18.198; Q10: 5.345, 5.271; Q50: 11.764, 11.697; Q90: 5.776, 5.803;
| 6  Horizon | RMSE: 34.899, 34.710; MAE: 24.010, 23.965; MAPE: 18.348, 18.552; Q10: 5.499, 5.452; Q50: 12.186, 12.152; Q90: 6.356, 6.454;
| 12 Horizon | RMSE: 38.321, 38.611; MAE: 25.998, 26.331; MAPE: 18.377, 18.778; Q10: 5.910, 5.956; Q50: 13.207, 13.357; Q90: 6.414, 6.569;
epoch 3 time used: 37  seconds  train loss: 19.828 val loss: 7.943973 test loss: 7.965025
Epoch 4: 
| 3  Horizon | RMSE: 31.291, 30.878; MAE: 20.160, 19.986; MAPE: 12.864, 13.170; Q10: 4.827, 4.738; Q50: 10.180, 10.077; Q90: 4.554, 4.571;
| 6  Horizon | RMSE: 32.941, 32.890; MAE: 21.185, 21.218; MAPE: 12.940, 13.332; Q10: 5.007, 4.979; Q50: 10.710, 10.708; Q90: 4.791, 4.885;
| 12 Horizon | RMSE: 36.143, 36.789; MAE: 23.225, 23.694; MAPE: 13.360, 13.941; Q10: 5.439, 5.530; Q50: 11.769, 11.983; Q90: 5.495, 5.748;
epoch 4 time used: 37  seconds  train loss: 19.482 val loss: 6.891808 test loss: 6.933878
Epoch 5: 
| 3  Horizon | RMSE: 31.028, 30.712; MAE: 19.819, 19.703; MAPE: 12.096, 12.157; Q10: 4.723, 4.625; Q50: 10.068, 9.995; Q90: 4.445, 4.497;
| 6  Horizon | RMSE: 32.609, 32.753; MAE: 20.873, 21.039; MAPE: 12.496, 12.683; Q10: 4.974, 4.965; Q50: 10.604, 10.671; Q90: 4.734, 4.899;
| 12 Horizon | RMSE: 35.726, 36.900; MAE: 23.384, 24.164; MAPE: 14.812, 15.252; Q10: 5.449, 5.595; Q50: 11.891, 12.264; Q90: 5.540, 5.927;
epoch 5 time used: 37  seconds  train loss: 19.208 val loss: 6.859633 test loss: 6.961807
Epoch 6: 
| 3  Horizon | RMSE: 31.062, 30.797; MAE: 19.680, 19.569; MAPE: 11.687, 11.728; Q10: 4.706, 4.637; Q50: 9.990, 9.916; Q90: 4.436, 4.494;
| 6  Horizon | RMSE: 32.665, 32.887; MAE: 20.656, 20.887; MAPE: 12.162, 12.451; Q10: 4.955, 5.002; Q50: 10.480, 10.576; Q90: 4.656, 4.804;
| 12 Horizon | RMSE: 36.229, 37.525; MAE: 23.303, 24.220; MAPE: 14.068, 14.966; Q10: 5.557, 5.866; Q50: 11.803, 12.243; Q90: 5.222, 5.493;
epoch 6 time used: 38  seconds  train loss: 18.99 val loss: 6.766068 test loss: 6.890773
Epoch 7: 
| 3  Horizon | RMSE: 30.930, 30.655; MAE: 19.652, 19.504; MAPE: 11.479, 11.571; Q10: 4.675, 4.587; Q50: 9.981, 9.889; Q90: 4.423, 4.460;
| 6  Horizon | RMSE: 32.266, 32.376; MAE: 20.394, 20.487; MAPE: 11.711, 12.002; Q10: 4.862, 4.845; Q50: 10.348, 10.376; Q90: 4.627, 4.740;
| 12 Horizon | RMSE: 35.107, 36.090; MAE: 22.401, 23.020; MAPE: 12.988, 13.584; Q10: 5.321, 5.494; Q50: 11.362, 11.652; Q90: 5.096, 5.318;
epoch 7 time used: 37  seconds  train loss: 18.882 val loss: 6.684806 test loss: 6.746988
Epoch 8: 
| 3  Horizon | RMSE: 30.924, 30.756; MAE: 19.676, 19.607; MAPE: 11.304, 11.418; Q10: 4.670, 4.596; Q50: 9.979, 9.927; Q90: 4.452, 4.531;
| 6  Horizon | RMSE: 32.079, 32.299; MAE: 20.377, 20.567; MAPE: 12.052, 12.371; Q10: 4.870, 4.880; Q50: 10.319, 10.397; Q90: 4.648, 4.819;
| 12 Horizon | RMSE: 34.553, 35.800; MAE: 22.012, 22.833; MAPE: 12.869, 13.473; Q10: 5.250, 5.436; Q50: 11.155, 11.549; Q90: 5.012, 5.342;
epoch 8 time used: 37  seconds  train loss: 18.663 val loss: 6.626256 test loss: 6.739633
Epoch 9: 
| 3  Horizon | RMSE: 30.516, 30.210; MAE: 19.259, 19.137; MAPE: 11.180, 11.280; Q10: 4.651, 4.575; Q50: 9.766, 9.688; Q90: 4.352, 4.408;
| 6  Horizon | RMSE: 31.847, 32.042; MAE: 20.055, 20.255; MAPE: 11.722, 11.920; Q10: 4.809, 4.795; Q50: 10.179, 10.261; Q90: 4.521, 4.672;
| 12 Horizon | RMSE: 34.326, 35.677; MAE: 21.797, 22.727; MAPE: 12.593, 13.161; Q10: 5.214, 5.372; Q50: 11.066, 11.514; Q90: 4.949, 5.338;
epoch 9 time used: 37  seconds  train loss: 18.58 val loss: 6.541191 test loss: 6.652859
Epoch 10: 
| 3  Horizon | RMSE: 30.589, 30.249; MAE: 19.257, 19.127; MAPE: 11.347, 11.533; Q10: 4.594, 4.516; Q50: 9.749, 9.668; Q90: 4.326, 4.362;
| 6  Horizon | RMSE: 32.074, 32.160; MAE: 20.003, 20.121; MAPE: 11.553, 11.829; Q10: 4.783, 4.783; Q50: 10.144, 10.185; Q90: 4.502, 4.632;
| 12 Horizon | RMSE: 34.125, 35.317; MAE: 21.562, 22.372; MAPE: 12.447, 13.048; Q10: 5.170, 5.331; Q50: 10.947, 11.335; Q90: 4.905, 5.249;
epoch 10 time used: 37  seconds  train loss: 18.454 val loss: 6.493729 test loss: 6.585037
Epoch 11: 
| 3  Horizon | RMSE: 30.770, 30.396; MAE: 19.435, 19.346; MAPE: 11.758, 12.064; Q10: 4.605, 4.539; Q50: 9.839, 9.776; Q90: 4.426, 4.457;
| 6  Horizon | RMSE: 31.900, 32.078; MAE: 20.148, 20.412; MAPE: 12.181, 12.663; Q10: 4.830, 4.868; Q50: 10.198, 10.311; Q90: 4.519, 4.674;
| 12 Horizon | RMSE: 34.263, 35.537; MAE: 21.798, 22.747; MAPE: 13.234, 14.131; Q10: 5.228, 5.460; Q50: 11.033, 11.491; Q90: 4.952, 5.268;
epoch 11 time used: 37  seconds  train loss: 18.339 val loss: 6.547711 test loss: 6.666296
Epoch 12: 
| 3  Horizon | RMSE: 30.494, 30.175; MAE: 19.204, 19.138; MAPE: 11.236, 11.528; Q10: 4.592, 4.526; Q50: 9.731, 9.680; Q90: 4.328, 4.370;
| 6  Horizon | RMSE: 31.820, 31.885; MAE: 19.941, 20.117; MAPE: 11.657, 12.072; Q10: 4.786, 4.799; Q50: 10.104, 10.175; Q90: 4.513, 4.634;
| 12 Horizon | RMSE: 34.083, 35.074; MAE: 21.488, 22.238; MAPE: 12.487, 13.166; Q10: 5.181, 5.326; Q50: 10.890, 11.248; Q90: 4.852, 5.161;
epoch 12 time used: 37  seconds  train loss: 18.261 val loss: 6.493326 test loss: 6.585073
Epoch 13: 
| 3  Horizon | RMSE: 30.517, 30.258; MAE: 19.147, 19.096; MAPE: 11.059, 11.297; Q10: 4.573, 4.521; Q50: 9.716, 9.672; Q90: 4.320, 4.386;
| 6  Horizon | RMSE: 31.870, 32.046; MAE: 19.898, 20.115; MAPE: 11.434, 11.831; Q10: 4.770, 4.803; Q50: 10.091, 10.182; Q90: 4.506, 4.664;
| 12 Horizon | RMSE: 34.156, 35.204; MAE: 21.475, 22.224; MAPE: 12.315, 13.001; Q10: 5.166, 5.340; Q50: 10.891, 11.248; Q90: 4.871, 5.179;
epoch 13 time used: 37  seconds  train loss: 18.205 val loss: 6.482826 test loss: 6.590985
Epoch 14: 
| 3  Horizon | RMSE: 30.644, 30.485; MAE: 19.431, 19.427; MAPE: 11.325, 11.529; Q10: 4.615, 4.549; Q50: 9.865, 9.848; Q90: 4.364, 4.456;
| 6  Horizon | RMSE: 31.862, 32.123; MAE: 20.023, 20.294; MAPE: 11.700, 12.045; Q10: 4.795, 4.806; Q50: 10.150, 10.272; Q90: 4.522, 4.700;
| 12 Horizon | RMSE: 34.167, 35.512; MAE: 21.746, 22.670; MAPE: 12.748, 13.454; Q10: 5.211, 5.381; Q50: 11.014, 11.466; Q90: 4.948, 5.333;
epoch 14 time used: 37  seconds  train loss: 18.132 val loss: 6.552373 test loss: 6.685592
Epoch 15: 
| 3  Horizon | RMSE: 30.450, 30.249; MAE: 19.104, 19.054; MAPE: 10.990, 11.203; Q10: 4.573, 4.518; Q50: 9.691, 9.647; Q90: 4.286, 4.353;
| 6  Horizon | RMSE: 31.772, 32.085; MAE: 19.939, 20.185; MAPE: 11.522, 11.811; Q10: 4.802, 4.821; Q50: 10.123, 10.227; Q90: 4.463, 4.639;
| 12 Horizon | RMSE: 33.916, 35.157; MAE: 21.360, 22.196; MAPE: 12.354, 13.062; Q10: 5.174, 5.343; Q50: 10.831, 11.232; Q90: 4.829, 5.183;
epoch 15 time used: 37  seconds  train loss: 18.089 val loss: 6.473675 test loss: 6.598001
Epoch 16: 
| 3  Horizon | RMSE: 30.425, 30.134; MAE: 19.092, 18.987; MAPE: 11.071, 11.240; Q10: 4.556, 4.491; Q50: 9.692, 9.622; Q90: 4.371, 4.428;
| 6  Horizon | RMSE: 31.741, 31.919; MAE: 19.886, 20.051; MAPE: 11.377, 11.694; Q10: 4.791, 4.795; Q50: 10.093, 10.159; Q90: 4.504, 4.671;
| 12 Horizon | RMSE: 33.791, 34.815; MAE: 21.208, 21.889; MAPE: 12.278, 12.907; Q10: 5.132, 5.302; Q50: 10.754, 11.077; Q90: 4.793, 5.103;
epoch 16 time used: 37  seconds  train loss: 18.026 val loss: 6.454473 test loss: 6.548033
Epoch 17: 
| 3  Horizon | RMSE: 30.542, 30.180; MAE: 19.181, 19.023; MAPE: 11.231, 11.324; Q10: 4.600, 4.526; Q50: 9.741, 9.643; Q90: 4.320, 4.351;
| 6  Horizon | RMSE: 31.973, 32.097; MAE: 20.106, 20.242; MAPE: 11.639, 11.867; Q10: 4.825, 4.820; Q50: 10.212, 10.260; Q90: 4.507, 4.645;
| 12 Horizon | RMSE: 34.599, 35.479; MAE: 22.037, 22.616; MAPE: 12.607, 13.049; Q10: 5.279, 5.367; Q50: 11.196, 11.463; Q90: 4.993, 5.310;
epoch 17 time used: 37  seconds  train loss: 17.955 val loss: 6.535953 test loss: 6.60728
Epoch 18: 
| 3  Horizon | RMSE: 30.424, 30.149; MAE: 19.153, 19.099; MAPE: 11.235, 11.582; Q10: 4.577, 4.533; Q50: 9.707, 9.659; Q90: 4.328, 4.389;
| 6  Horizon | RMSE: 31.731, 31.943; MAE: 19.994, 20.237; MAPE: 11.672, 12.189; Q10: 4.866, 4.924; Q50: 10.129, 10.231; Q90: 4.529, 4.688;
| 12 Horizon | RMSE: 34.025, 34.986; MAE: 21.590, 22.280; MAPE: 12.552, 13.272; Q10: 5.240, 5.428; Q50: 10.943, 11.267; Q90: 4.978, 5.301;
epoch 18 time used: 37  seconds  train loss: 17.902 val loss: 6.520657 test loss: 6.633731
yes
Epoch 19: 
| 3  Horizon | RMSE: 30.471, 30.246; MAE: 19.053, 19.002; MAPE: 11.069, 11.229; Q10: 4.593, 4.542; Q50: 9.668, 9.625; Q90: 4.282, 4.354;
| 6  Horizon | RMSE: 31.822, 32.080; MAE: 19.790, 20.038; MAPE: 11.452, 11.812; Q10: 4.802, 4.837; Q50: 10.037, 10.144; Q90: 4.473, 4.625;
| 12 Horizon | RMSE: 33.725, 34.969; MAE: 21.156, 22.027; MAPE: 12.236, 12.962; Q10: 5.161, 5.379; Q50: 10.728, 11.147; Q90: 4.773, 5.141;
epoch 19 time used: 37  seconds  train loss: 17.901 val loss: 6.441066 test loss: 6.571279
Current Spatial CL Epoch = 0
Epoch 20: 
| 3  Horizon | RMSE: 30.971, 30.595; MAE: 19.448, 19.290; MAPE: 11.459, 11.623; Q10: 4.668, 4.618; Q50: 9.868, 9.773; Q90: 4.401, 4.428;
| 6  Horizon | RMSE: 32.001, 32.222; MAE: 20.054, 20.261; MAPE: 11.719, 12.059; Q10: 4.868, 4.904; Q50: 10.179, 10.266; Q90: 4.510, 4.651;
| 12 Horizon | RMSE: 34.098, 35.247; MAE: 21.531, 22.329; MAPE: 12.599, 13.244; Q10: 5.242, 5.409; Q50: 10.932, 11.315; Q90: 4.881, 5.162;
epoch 20 time used: 40  seconds  train loss: 20.42 val loss: 6.555346 test loss: 6.6539
Current Spatial CL Epoch = 1
Epoch 21: 
| 3  Horizon | RMSE: 30.642, 30.330; MAE: 19.298, 19.190; MAPE: 11.287, 11.600; Q10: 4.608, 4.548; Q50: 9.773, 9.699; Q90: 4.348, 4.384;
| 6  Horizon | RMSE: 31.709, 31.953; MAE: 19.910, 20.121; MAPE: 11.465, 11.874; Q10: 4.805, 4.837; Q50: 10.091, 10.176; Q90: 4.504, 4.630;
| 12 Horizon | RMSE: 34.080, 35.094; MAE: 21.650, 22.315; MAPE: 12.808, 13.509; Q10: 5.194, 5.343; Q50: 10.961, 11.275; Q90: 4.909, 5.152;
epoch 21 time used: 40  seconds  train loss: 20.237 val loss: 6.50528 test loss: 6.591569
Current Spatial CL Epoch = 2
Epoch 22: 
| 3  Horizon | RMSE: 30.510, 30.350; MAE: 19.212, 19.202; MAPE: 11.202, 11.442; Q10: 4.616, 4.576; Q50: 9.738, 9.718; Q90: 4.330, 4.405;
| 6  Horizon | RMSE: 31.754, 32.166; MAE: 19.913, 20.256; MAPE: 11.544, 11.941; Q10: 4.811, 4.859; Q50: 10.102, 10.259; Q90: 4.530, 4.680;
| 12 Horizon | RMSE: 34.020, 35.605; MAE: 21.569, 22.648; MAPE: 12.579, 13.416; Q10: 5.329, 5.520; Q50: 10.937, 11.461; Q90: 4.856, 5.251;
epoch 22 time used: 40  seconds  train loss: 20.212 val loss: 6.530406 test loss: 6.682897
Current Spatial CL Epoch = 3
Epoch 23: 
| 3  Horizon | RMSE: 30.474, 30.302; MAE: 19.301, 19.301; MAPE: 11.289, 11.631; Q10: 4.690, 4.646; Q50: 9.775, 9.755; Q90: 4.360, 4.425;
| 6  Horizon | RMSE: 31.751, 32.044; MAE: 20.127, 20.411; MAPE: 11.663, 12.145; Q10: 4.815, 4.827; Q50: 10.194, 10.317; Q90: 4.525, 4.682;
| 12 Horizon | RMSE: 33.757, 34.824; MAE: 21.524, 22.356; MAPE: 12.699, 13.552; Q10: 5.204, 5.366; Q50: 10.896, 11.295; Q90: 4.890, 5.205;
epoch 23 time used: 40  seconds  train loss: 20.191 val loss: 6.536597 test loss: 6.650694
Current Spatial CL Epoch = 4
Epoch 24: 
| 3  Horizon | RMSE: 30.563, 30.370; MAE: 19.255, 19.228; MAPE: 11.203, 11.439; Q10: 4.629, 4.573; Q50: 9.767, 9.735; Q90: 4.378, 4.448;
| 6  Horizon | RMSE: 32.050, 32.471; MAE: 20.301, 20.639; MAPE: 11.545, 11.930; Q10: 4.935, 4.945; Q50: 10.299, 10.451; Q90: 4.540, 4.738;
| 12 Horizon | RMSE: 34.357, 35.409; MAE: 21.942, 22.691; MAPE: 12.762, 13.429; Q10: 5.310, 5.432; Q50: 11.119, 11.476; Q90: 4.950, 5.267;
epoch 24 time used: 40  seconds  train loss: 20.13 val loss: 6.58708 test loss: 6.705823
Current Spatial CL Epoch = 5
Epoch 25: 
| 3  Horizon | RMSE: 30.950, 30.693; MAE: 19.888, 19.867; MAPE: 12.310, 12.740; Q10: 4.660, 4.620; Q50: 10.060, 10.030; Q90: 4.397, 4.436;
| 6  Horizon | RMSE: 32.226, 32.431; MAE: 20.685, 20.965; MAPE: 12.874, 13.490; Q10: 4.902, 4.956; Q50: 10.459, 10.580; Q90: 4.586, 4.731;
| 12 Horizon | RMSE: 34.302, 35.610; MAE: 22.227, 23.225; MAPE: 13.985, 15.037; Q10: 5.301, 5.521; Q50: 11.233, 11.717; Q90: 5.105, 5.383;
epoch 25 time used: 40  seconds  train loss: 20.114 val loss: 6.67777 test loss: 6.812436
Current Spatial CL Epoch = 6
Epoch 26: 
| 3  Horizon | RMSE: 30.805, 30.662; MAE: 19.599, 19.610; MAPE: 11.712, 12.018; Q10: 4.647, 4.601; Q50: 9.929, 9.917; Q90: 4.462, 4.530;
| 6  Horizon | RMSE: 31.952, 32.447; MAE: 20.263, 20.671; MAPE: 11.896, 12.347; Q10: 4.876, 4.917; Q50: 10.274, 10.463; Q90: 4.589, 4.814;
| 12 Horizon | RMSE: 34.128, 35.456; MAE: 21.880, 22.811; MAPE: 13.133, 13.904; Q10: 5.303, 5.499; Q50: 11.086, 11.537; Q90: 4.929, 5.352;
epoch 26 time used: 41  seconds  train loss: 20.078 val loss: 6.601446 test loss: 6.755323
Current Spatial CL Epoch = 7
Epoch 27: 
| 3  Horizon | RMSE: 30.784, 30.690; MAE: 19.523, 19.525; MAPE: 11.174, 11.439; Q10: 4.732, 4.669; Q50: 9.909, 9.892; Q90: 4.393, 4.495;
| 6  Horizon | RMSE: 31.932, 32.302; MAE: 20.189, 20.539; MAPE: 11.614, 12.176; Q10: 4.848, 4.869; Q50: 10.233, 10.390; Q90: 4.557, 4.755;
| 12 Horizon | RMSE: 34.102, 35.409; MAE: 21.708, 22.650; MAPE: 12.689, 13.626; Q10: 5.243, 5.416; Q50: 11.003, 11.457; Q90: 4.990, 5.335;
epoch 27 time used: 40  seconds  train loss: 20.042 val loss: 6.602046 test loss: 6.735817
Current Spatial CL Epoch = 8
Epoch 28: 
| 3  Horizon | RMSE: 30.905, 31.030; MAE: 19.727, 19.862; MAPE: 11.220, 11.461; Q10: 4.780, 4.743; Q50: 10.016, 10.063; Q90: 4.341, 4.452;
| 6  Horizon | RMSE: 32.163, 32.799; MAE: 20.443, 20.918; MAPE: 11.541, 11.981; Q10: 5.009, 5.036; Q50: 10.377, 10.595; Q90: 4.591, 4.862;
| 12 Horizon | RMSE: 35.233, 36.925; MAE: 22.761, 23.895; MAPE: 12.556, 13.368; Q10: 5.503, 5.638; Q50: 11.548, 12.095; Q90: 5.027, 5.546;
epoch 28 time used: 40  seconds  train loss: 20.035 val loss: 6.70196 test loss: 6.889368
Current Spatial CL Epoch = 9
Epoch 29: 
| 3  Horizon | RMSE: 30.944, 30.597; MAE: 19.443, 19.309; MAPE: 11.397, 11.611; Q10: 4.636, 4.579; Q50: 9.863, 9.775; Q90: 4.351, 4.395;
| 6  Horizon | RMSE: 32.809, 32.833; MAE: 20.614, 20.720; MAPE: 12.143, 12.562; Q10: 4.905, 4.920; Q50: 10.449, 10.481; Q90: 4.674, 4.774;
| 12 Horizon | RMSE: 34.789, 35.704; MAE: 21.922, 22.522; MAPE: 12.846, 13.302; Q10: 5.338, 5.477; Q50: 11.131, 11.408; Q90: 4.903, 5.176;
epoch 29 time used: 40  seconds  train loss: 19.966 val loss: 6.623001 test loss: 6.691807
Current Spatial CL Epoch = 10
Epoch 30: 
| 3  Horizon | RMSE: 30.657, 30.782; MAE: 19.474, 19.675; MAPE: 11.391, 11.829; Q10: 4.695, 4.675; Q50: 9.860, 9.942; Q90: 4.378, 4.488;
| 6  Horizon | RMSE: 31.824, 32.343; MAE: 20.086, 20.530; MAPE: 11.731, 12.248; Q10: 4.939, 4.995; Q50: 10.177, 10.380; Q90: 4.522, 4.722;
| 12 Horizon | RMSE: 33.992, 35.334; MAE: 21.648, 22.574; MAPE: 12.518, 13.195; Q10: 5.296, 5.446; Q50: 10.978, 11.422; Q90: 4.860, 5.276;
epoch 30 time used: 40  seconds  train loss: 19.929 val loss: 6.557033 test loss: 6.72589
Current Spatial CL Epoch = 11
Epoch 31: 
| 3  Horizon | RMSE: 30.824, 30.775; MAE: 19.515, 19.607; MAPE: 11.614, 11.829; Q10: 4.690, 4.645; Q50: 9.919, 9.950; Q90: 4.384, 4.511;
| 6  Horizon | RMSE: 31.942, 32.421; MAE: 20.071, 20.529; MAPE: 11.717, 12.096; Q10: 4.865, 4.901; Q50: 10.198, 10.410; Q90: 4.485, 4.700;
| 12 Horizon | RMSE: 34.063, 35.621; MAE: 21.571, 22.728; MAPE: 12.287, 13.118; Q10: 5.311, 5.478; Q50: 10.944, 11.508; Q90: 4.863, 5.343;
epoch 31 time used: 39  seconds  train loss: 19.943 val loss: 6.552775 test loss: 6.730828
Current Spatial CL Epoch = 12
Epoch 32: 
| 3  Horizon | RMSE: 30.707, 30.715; MAE: 19.472, 19.653; MAPE: 11.667, 12.226; Q10: 4.608, 4.588; Q50: 9.854, 9.925; Q90: 4.464, 4.556;
| 6  Horizon | RMSE: 32.105, 32.495; MAE: 20.377, 20.824; MAPE: 12.599, 13.357; Q10: 4.849, 4.930; Q50: 10.301, 10.506; Q90: 4.624, 4.854;
| 12 Horizon | RMSE: 34.285, 35.503; MAE: 22.011, 22.963; MAPE: 13.539, 14.544; Q10: 5.217, 5.395; Q50: 11.127, 11.586; Q90: 4.975, 5.398;
epoch 32 time used: 39  seconds  train loss: 19.952 val loss: 6.589682 test loss: 6.769708
Current Spatial CL Epoch = 13
Epoch 33: 
| 3  Horizon | RMSE: 30.781, 30.474; MAE: 19.309, 19.192; MAPE: 11.462, 11.570; Q10: 4.655, 4.608; Q50: 9.807, 9.730; Q90: 4.294, 4.379;
| 6  Horizon | RMSE: 31.886, 32.195; MAE: 19.850, 20.163; MAPE: 11.429, 11.880; Q10: 4.850, 4.849; Q50: 10.064, 10.203; Q90: 4.451, 4.649;
| 12 Horizon | RMSE: 34.052, 35.256; MAE: 21.456, 22.313; MAPE: 12.326, 12.953; Q10: 5.204, 5.347; Q50: 10.891, 11.300; Q90: 4.825, 5.214;
epoch 33 time used: 40  seconds  train loss: 19.96 val loss: 6.497894 test loss: 6.62189
Current Spatial CL Epoch = 14
Epoch 34: 
| 3  Horizon | RMSE: 30.536, 30.529; MAE: 19.229, 19.359; MAPE: 11.172, 11.521; Q10: 4.628, 4.606; Q50: 9.750, 9.797; Q90: 4.334, 4.429;
| 6  Horizon | RMSE: 31.855, 32.376; MAE: 20.052, 20.550; MAPE: 11.706, 12.285; Q10: 4.818, 4.874; Q50: 10.159, 10.391; Q90: 4.529, 4.746;
| 12 Horizon | RMSE: 33.962, 35.421; MAE: 21.533, 22.617; MAPE: 12.469, 13.349; Q10: 5.208, 5.413; Q50: 10.916, 11.441; Q90: 4.866, 5.294;
epoch 34 time used: 40  seconds  train loss: 19.783 val loss: 6.514618 test loss: 6.69943
Current Spatial CL Epoch = 15
Epoch 35: 
| 3  Horizon | RMSE: 30.463, 30.395; MAE: 19.186, 19.247; MAPE: 11.284, 11.494; Q10: 4.626, 4.595; Q50: 9.746, 9.759; Q90: 4.298, 4.386;
| 6  Horizon | RMSE: 31.787, 32.315; MAE: 20.047, 20.505; MAPE: 11.904, 12.256; Q10: 4.852, 4.897; Q50: 10.188, 10.400; Q90: 4.515, 4.760;
| 12 Horizon | RMSE: 33.997, 35.466; MAE: 21.653, 22.702; MAPE: 12.673, 13.320; Q10: 5.270, 5.435; Q50: 10.998, 11.504; Q90: 5.022, 5.502;
epoch 35 time used: 39  seconds  train loss: 19.953 val loss: 6.547287 test loss: 6.724389
Current Spatial CL Epoch = 16
Epoch 36: 
| 3  Horizon | RMSE: 30.780, 31.069; MAE: 19.594, 19.920; MAPE: 11.871, 12.347; Q10: 4.718, 4.741; Q50: 9.909, 10.058; Q90: 4.347, 4.477;
| 6  Horizon | RMSE: 31.997, 32.871; MAE: 20.230, 20.922; MAPE: 12.086, 12.756; Q10: 4.883, 4.996; Q50: 10.234, 10.567; Q90: 4.533, 4.752;
| 12 Horizon | RMSE: 34.109, 36.066; MAE: 21.658, 22.988; MAPE: 12.556, 13.527; Q10: 5.206, 5.448; Q50: 10.969, 11.620; Q90: 4.868, 5.395;
epoch 36 time used: 39  seconds  train loss: 19.857 val loss: 6.577602 test loss: 6.823331
Current Spatial CL Epoch = 17
Epoch 37: 
| 3  Horizon | RMSE: 30.446, 30.368; MAE: 19.099, 19.186; MAPE: 11.183, 11.474; Q10: 4.613, 4.579; Q50: 9.686, 9.711; Q90: 4.293, 4.390;
| 6  Horizon | RMSE: 31.762, 32.206; MAE: 19.867, 20.301; MAPE: 11.716, 12.220; Q10: 4.829, 4.872; Q50: 10.066, 10.265; Q90: 4.463, 4.677;
| 12 Horizon | RMSE: 33.878, 35.357; MAE: 21.432, 22.502; MAPE: 12.595, 13.414; Q10: 5.212, 5.384; Q50: 10.856, 11.373; Q90: 4.808, 5.200;
epoch 37 time used: 40  seconds  train loss: 19.82 val loss: 6.492513 test loss: 6.673185
Current Spatial CL Epoch = 18
Epoch 38: 
| 3  Horizon | RMSE: 30.678, 30.844; MAE: 19.312, 19.458; MAPE: 11.305, 11.507; Q10: 4.699, 4.684; Q50: 9.809, 9.866; Q90: 4.391, 4.446;
| 6  Horizon | RMSE: 31.947, 32.655; MAE: 19.966, 20.441; MAPE: 11.448, 11.894; Q10: 4.880, 4.934; Q50: 10.131, 10.353; Q90: 4.493, 4.694;
| 12 Horizon | RMSE: 34.108, 35.716; MAE: 21.398, 22.429; MAPE: 12.320, 13.122; Q10: 5.218, 5.428; Q50: 10.854, 11.352; Q90: 4.826, 5.231;
epoch 38 time used: 40  seconds  train loss: 19.8 val loss: 6.533986 test loss: 6.712271
Current Spatial CL Epoch = 19
Epoch 39: 
| 3  Horizon | RMSE: 30.531, 30.623; MAE: 19.149, 19.359; MAPE: 11.130, 11.443; Q10: 4.603, 4.588; Q50: 9.711, 9.801; Q90: 4.303, 4.439;
| 6  Horizon | RMSE: 31.896, 32.699; MAE: 20.023, 20.670; MAPE: 11.494, 11.955; Q10: 4.844, 4.917; Q50: 10.161, 10.470; Q90: 4.504, 4.806;
| 12 Horizon | RMSE: 34.295, 35.996; MAE: 21.844, 23.032; MAPE: 12.594, 13.296; Q10: 5.269, 5.470; Q50: 11.079, 11.656; Q90: 4.964, 5.492;
epoch 39 time used: 39  seconds  train loss: 19.748 val loss: 6.533876 test loss: 6.759537
Current Spatial CL Epoch = 20
Epoch 40: 
| 3  Horizon | RMSE: 30.679, 30.753; MAE: 19.496, 19.686; MAPE: 11.678, 11.894; Q10: 4.666, 4.635; Q50: 9.906, 9.988; Q90: 4.298, 4.437;
| 6  Horizon | RMSE: 31.734, 32.218; MAE: 19.860, 20.332; MAPE: 11.421, 11.862; Q10: 4.864, 4.920; Q50: 10.080, 10.301; Q90: 4.515, 4.792;
| 12 Horizon | RMSE: 33.922, 35.293; MAE: 21.447, 22.467; MAPE: 12.261, 13.001; Q10: 5.231, 5.397; Q50: 10.878, 11.372; Q90: 4.834, 5.252;
epoch 40 time used: 40  seconds  train loss: 19.797 val loss: 6.512355 test loss: 6.700038
Current Spatial CL Epoch = 21
Epoch 41: 
| 3  Horizon | RMSE: 31.121, 31.258; MAE: 19.815, 20.103; MAPE: 12.078, 12.646; Q10: 4.675, 4.707; Q50: 10.024, 10.151; Q90: 4.409, 4.608;
| 6  Horizon | RMSE: 32.144, 33.148; MAE: 20.317, 21.163; MAPE: 12.061, 12.847; Q10: 4.938, 5.084; Q50: 10.283, 10.691; Q90: 4.581, 4.857;
| 12 Horizon | RMSE: 34.248, 35.873; MAE: 21.595, 22.799; MAPE: 12.689, 13.673; Q10: 5.218, 5.516; Q50: 10.944, 11.528; Q90: 4.932, 5.343;
epoch 41 time used: 39  seconds  train loss: 19.753 val loss: 6.598724 test loss: 6.857787
Current Spatial CL Epoch = 22
Epoch 42: 
| 3  Horizon | RMSE: 30.707, 30.498; MAE: 19.379, 19.373; MAPE: 11.647, 11.976; Q10: 4.598, 4.567; Q50: 9.804, 9.785; Q90: 4.392, 4.487;
| 6  Horizon | RMSE: 31.697, 32.193; MAE: 19.838, 20.277; MAPE: 11.406, 11.829; Q10: 4.813, 4.829; Q50: 10.056, 10.259; Q90: 4.486, 4.705;
| 12 Horizon | RMSE: 33.870, 34.934; MAE: 21.354, 22.124; MAPE: 12.319, 12.984; Q10: 5.232, 5.357; Q50: 10.824, 11.191; Q90: 4.836, 5.132;
epoch 42 time used: 39  seconds  train loss: 19.828 val loss: 6.485968 test loss: 6.612237
Current Spatial CL Epoch = 23
Epoch 43: 
| 3  Horizon | RMSE: 30.545, 30.514; MAE: 19.153, 19.278; MAPE: 11.183, 11.545; Q10: 4.613, 4.588; Q50: 9.708, 9.753; Q90: 4.299, 4.397;
| 6  Horizon | RMSE: 31.840, 32.391; MAE: 19.919, 20.404; MAPE: 11.667, 12.252; Q10: 4.850, 4.942; Q50: 10.092, 10.317; Q90: 4.473, 4.672;
| 12 Horizon | RMSE: 33.966, 35.615; MAE: 21.505, 22.697; MAPE: 12.820, 13.859; Q10: 5.271, 5.510; Q50: 10.886, 11.467; Q90: 4.832, 5.255;
epoch 43 time used: 40  seconds  train loss: 19.697 val loss: 6.499047 test loss: 6.702017
Current Spatial CL Epoch = 24
Epoch 44: 
| 3  Horizon | RMSE: 30.459, 30.527; MAE: 19.090, 19.288; MAPE: 11.041, 11.356; Q10: 4.621, 4.609; Q50: 9.681, 9.762; Q90: 4.292, 4.423;
| 6  Horizon | RMSE: 31.708, 32.294; MAE: 19.804, 20.324; MAPE: 11.490, 12.033; Q10: 4.785, 4.840; Q50: 10.038, 10.280; Q90: 4.476, 4.708;
| 12 Horizon | RMSE: 33.783, 35.222; MAE: 21.347, 22.387; MAPE: 12.681, 13.649; Q10: 5.161, 5.368; Q50: 10.809, 11.313; Q90: 4.813, 5.238;
epoch 44 time used: 39  seconds  train loss: 19.701 val loss: 6.449335 test loss: 6.652301
Current Spatial CL Epoch = 25
Epoch 45: 
| 3  Horizon | RMSE: 30.534, 30.693; MAE: 19.164, 19.405; MAPE: 11.103, 11.443; Q10: 4.590, 4.568; Q50: 9.717, 9.822; Q90: 4.310, 4.449;
| 6  Horizon | RMSE: 31.863, 32.823; MAE: 19.969, 20.711; MAPE: 11.386, 11.926; Q10: 4.847, 4.934; Q50: 10.129, 10.485; Q90: 4.474, 4.758;
| 12 Horizon | RMSE: 34.087, 36.121; MAE: 21.553, 22.966; MAPE: 12.269, 13.192; Q10: 5.261, 5.505; Q50: 10.927, 11.619; Q90: 4.884, 5.517;
epoch 45 time used: 39  seconds  train loss: 19.654 val loss: 6.507472 test loss: 6.782991
Current Spatial CL Epoch = 26
Epoch 46: 
| 3  Horizon | RMSE: 30.768, 30.945; MAE: 19.396, 19.712; MAPE: 11.446, 11.904; Q10: 4.626, 4.609; Q50: 9.819, 9.961; Q90: 4.399, 4.534;
| 6  Horizon | RMSE: 32.094, 32.939; MAE: 20.147, 20.887; MAPE: 11.878, 12.560; Q10: 4.835, 4.936; Q50: 10.199, 10.554; Q90: 4.539, 4.800;
| 12 Horizon | RMSE: 34.278, 36.226; MAE: 21.637, 23.054; MAPE: 12.486, 13.456; Q10: 5.234, 5.489; Q50: 10.967, 11.660; Q90: 4.924, 5.486;
epoch 46 time used: 40  seconds  train loss: 19.687 val loss: 6.542014 test loss: 6.790317
Current Spatial CL Epoch = 27
Epoch 47: 
| 3  Horizon | RMSE: 30.501, 30.443; MAE: 19.081, 19.135; MAPE: 11.016, 11.321; Q10: 4.574, 4.534; Q50: 9.679, 9.688; Q90: 4.317, 4.398;
| 6  Horizon | RMSE: 31.765, 32.228; MAE: 19.854, 20.255; MAPE: 11.630, 12.191; Q10: 4.771, 4.814; Q50: 10.056, 10.239; Q90: 4.452, 4.657;
| 12 Horizon | RMSE: 33.818, 35.155; MAE: 21.332, 22.240; MAPE: 12.267, 12.959; Q10: 5.180, 5.334; Q50: 10.829, 11.263; Q90: 4.801, 5.193;
epoch 47 time used: 40  seconds  train loss: 19.625 val loss: 6.452785 test loss: 6.603034
Current Spatial CL Epoch = 28
Epoch 48: 
| 3  Horizon | RMSE: 30.902, 31.074; MAE: 19.523, 19.755; MAPE: 11.433, 11.764; Q10: 4.699, 4.709; Q50: 9.904, 10.005; Q90: 4.402, 4.586;
| 6  Horizon | RMSE: 32.232, 32.962; MAE: 20.351, 20.970; MAPE: 11.967, 12.601; Q10: 4.892, 5.007; Q50: 10.310, 10.606; Q90: 4.564, 4.862;
| 12 Horizon | RMSE: 34.274, 36.044; MAE: 21.786, 23.084; MAPE: 12.784, 13.789; Q10: 5.261, 5.530; Q50: 11.037, 11.671; Q90: 4.939, 5.361;
epoch 48 time used: 39  seconds  train loss: 19.721 val loss: 6.606733 test loss: 6.84077
Current Spatial CL Epoch = 29
Epoch 49: 
| 3  Horizon | RMSE: 30.635, 30.886; MAE: 19.221, 19.471; MAPE: 11.056, 11.371; Q10: 4.641, 4.632; Q50: 9.750, 9.862; Q90: 4.311, 4.434;
| 6  Horizon | RMSE: 31.932, 32.825; MAE: 19.998, 20.640; MAPE: 11.446, 11.959; Q10: 4.867, 4.953; Q50: 10.144, 10.452; Q90: 4.476, 4.722;
| 12 Horizon | RMSE: 34.323, 36.343; MAE: 21.803, 23.142; MAPE: 12.348, 13.227; Q10: 5.241, 5.476; Q50: 11.061, 11.718; Q90: 4.891, 5.449;
epoch 49 time used: 39  seconds  train loss: 19.564 val loss: 6.512128 test loss: 6.732785
Epoch 50: 
| 3  Horizon | RMSE: 30.377, 30.640; MAE: 18.959, 19.225; MAPE: 10.966, 11.244; Q10: 4.553, 4.534; Q50: 9.623, 9.740; Q90: 4.265, 4.475;
| 6  Horizon | RMSE: 31.575, 32.524; MAE: 19.633, 20.333; MAPE: 11.217, 11.743; Q10: 4.748, 4.815; Q50: 9.957, 10.292; Q90: 4.424, 4.767;
| 12 Horizon | RMSE: 33.714, 35.292; MAE: 21.093, 22.114; MAPE: 12.114, 12.755; Q10: 5.151, 5.309; Q50: 10.705, 11.198; Q90: 4.799, 5.403;
epoch 50 time used: 37  seconds  train loss: 17.281 val loss: 6.410921 test loss: 6.669405
Epoch 51: 
| 3  Horizon | RMSE: 30.806, 30.608; MAE: 19.281, 19.285; MAPE: 11.432, 11.787; Q10: 4.625, 4.584; Q50: 9.769, 9.753; Q90: 4.298, 4.412;
| 6  Horizon | RMSE: 31.773, 32.496; MAE: 19.823, 20.409; MAPE: 11.653, 12.244; Q10: 4.787, 4.869; Q50: 10.046, 10.323; Q90: 4.464, 4.788;
| 12 Horizon | RMSE: 33.731, 35.686; MAE: 21.232, 22.570; MAPE: 12.301, 13.218; Q10: 5.170, 5.418; Q50: 10.769, 11.422; Q90: 4.879, 5.530;
epoch 51 time used: 36  seconds  train loss: 17.313 val loss: 6.455123 test loss: 6.691732
Epoch 52: 
| 3  Horizon | RMSE: 30.360, 30.506; MAE: 18.978, 19.207; MAPE: 10.949, 11.298; Q10: 4.561, 4.543; Q50: 9.621, 9.722; Q90: 4.262, 4.434;
| 6  Horizon | RMSE: 31.630, 32.459; MAE: 19.759, 20.424; MAPE: 11.303, 11.846; Q10: 4.766, 4.834; Q50: 10.018, 10.339; Q90: 4.469, 4.826;
| 12 Horizon | RMSE: 33.795, 35.429; MAE: 21.325, 22.485; MAPE: 12.375, 13.214; Q10: 5.210, 5.420; Q50: 10.806, 11.374; Q90: 4.866, 5.454;
epoch 52 time used: 37  seconds  train loss: 17.309 val loss: 6.43752 test loss: 6.679594
Epoch 53: 
| 3  Horizon | RMSE: 30.417, 30.735; MAE: 19.102, 19.454; MAPE: 11.136, 11.564; Q10: 4.577, 4.588; Q50: 9.677, 9.837; Q90: 4.292, 4.505;
| 6  Horizon | RMSE: 31.570, 32.432; MAE: 19.627, 20.287; MAPE: 11.383, 11.945; Q10: 4.740, 4.847; Q50: 9.951, 10.265; Q90: 4.418, 4.747;
| 12 Horizon | RMSE: 33.868, 35.272; MAE: 21.218, 22.171; MAPE: 12.475, 13.320; Q10: 5.180, 5.416; Q50: 10.751, 11.210; Q90: 4.765, 5.210;
epoch 53 time used: 36  seconds  train loss: 17.288 val loss: 6.402761 test loss: 6.654144
Epoch 54: 
| 3  Horizon | RMSE: 30.590, 30.937; MAE: 19.383, 19.810; MAPE: 11.913, 12.485; Q10: 4.601, 4.611; Q50: 9.804, 10.003; Q90: 4.343, 4.564;
| 6  Horizon | RMSE: 31.822, 33.090; MAE: 19.998, 20.976; MAPE: 11.664, 12.399; Q10: 4.761, 4.873; Q50: 10.129, 10.605; Q90: 4.574, 5.059;
| 12 Horizon | RMSE: 33.910, 35.835; MAE: 21.439, 22.801; MAPE: 12.656, 13.633; Q10: 5.185, 5.400; Q50: 10.854, 11.522; Q90: 4.912, 5.564;
epoch 54 time used: 36  seconds  train loss: 17.277 val loss: 6.497738 test loss: 6.829842
Epoch 55: 
| 3  Horizon | RMSE: 30.341, 30.687; MAE: 18.995, 19.342; MAPE: 10.878, 11.309; Q10: 4.557, 4.550; Q50: 9.628, 9.785; Q90: 4.304, 4.548;
| 6  Horizon | RMSE: 31.696, 32.369; MAE: 19.715, 20.222; MAPE: 11.306, 11.802; Q10: 4.805, 4.851; Q50: 10.001, 10.237; Q90: 4.432, 4.717;
| 12 Horizon | RMSE: 33.847, 35.682; MAE: 21.243, 22.441; MAPE: 12.072, 12.927; Q10: 5.169, 5.384; Q50: 10.777, 11.360; Q90: 4.821, 5.413;
epoch 55 time used: 36  seconds  train loss: 17.26 val loss: 6.426266 test loss: 6.669934
Epoch 56: 
| 3  Horizon | RMSE: 30.536, 30.710; MAE: 19.121, 19.366; MAPE: 11.259, 11.610; Q10: 4.581, 4.579; Q50: 9.693, 9.802; Q90: 4.299, 4.469;
| 6  Horizon | RMSE: 31.713, 32.666; MAE: 19.742, 20.436; MAPE: 11.461, 11.957; Q10: 4.788, 4.867; Q50: 10.018, 10.352; Q90: 4.479, 4.859;
| 12 Horizon | RMSE: 33.898, 35.875; MAE: 21.287, 22.550; MAPE: 12.292, 13.055; Q10: 5.168, 5.391; Q50: 10.805, 11.421; Q90: 4.837, 5.440;
epoch 56 time used: 37  seconds  train loss: 17.261 val loss: 6.445256 test loss: 6.700254
Epoch 57: 
| 3  Horizon | RMSE: 30.347, 30.601; MAE: 18.947, 19.188; MAPE: 10.972, 11.224; Q10: 4.553, 4.525; Q50: 9.620, 9.725; Q90: 4.278, 4.468;
| 6  Horizon | RMSE: 31.556, 32.405; MAE: 19.595, 20.210; MAPE: 11.249, 11.768; Q10: 4.735, 4.817; Q50: 9.937, 10.230; Q90: 4.443, 4.796;
| 12 Horizon | RMSE: 33.648, 35.379; MAE: 21.034, 22.165; MAPE: 12.094, 12.923; Q10: 5.122, 5.348; Q50: 10.669, 11.218; Q90: 4.826, 5.423;
epoch 57 time used: 37  seconds  train loss: 17.23 val loss: 6.392953 test loss: 6.64163
Epoch 58: 
| 3  Horizon | RMSE: 30.580, 31.167; MAE: 19.165, 19.696; MAPE: 10.881, 11.289; Q10: 4.556, 4.564; Q50: 9.719, 9.974; Q90: 4.395, 4.718;
| 6  Horizon | RMSE: 31.821, 32.924; MAE: 19.812, 20.657; MAPE: 11.297, 11.859; Q10: 4.759, 4.849; Q50: 10.044, 10.456; Q90: 4.488, 4.912;
| 12 Horizon | RMSE: 33.863, 35.869; MAE: 21.240, 22.592; MAPE: 12.105, 12.912; Q10: 5.136, 5.367; Q50: 10.775, 11.439; Q90: 4.821, 5.427;
epoch 58 time used: 37  seconds  train loss: 17.227 val loss: 6.457239 test loss: 6.778969
Epoch 59: 
| 3  Horizon | RMSE: 30.382, 30.555; MAE: 18.961, 19.172; MAPE: 10.895, 11.173; Q10: 4.574, 4.519; Q50: 9.623, 9.714; Q90: 4.296, 4.505;
| 6  Horizon | RMSE: 31.756, 32.249; MAE: 19.714, 20.121; MAPE: 11.493, 11.974; Q10: 4.811, 4.837; Q50: 9.986, 10.174; Q90: 4.411, 4.710;
| 12 Horizon | RMSE: 33.898, 35.175; MAE: 21.190, 22.034; MAPE: 12.316, 13.046; Q10: 5.218, 5.354; Q50: 10.738, 11.145; Q90: 4.755, 5.227;
epoch 59 time used: 37  seconds  train loss: 17.202 val loss: 6.415632 test loss: 6.587377
Epoch 60: 
| 3  Horizon | RMSE: 30.581, 31.245; MAE: 19.279, 19.802; MAPE: 11.281, 11.548; Q10: 4.578, 4.594; Q50: 9.797, 10.046; Q90: 4.339, 4.633;
| 6  Horizon | RMSE: 31.635, 32.589; MAE: 19.606, 20.287; MAPE: 11.296, 11.743; Q10: 4.752, 4.834; Q50: 9.949, 10.277; Q90: 4.432, 4.822;
| 12 Horizon | RMSE: 33.762, 35.704; MAE: 21.093, 22.341; MAPE: 12.140, 12.853; Q10: 5.123, 5.345; Q50: 10.706, 11.316; Q90: 4.808, 5.460;
epoch 60 time used: 37  seconds  train loss: 17.194 val loss: 6.425304 test loss: 6.721572
Epoch 61: 
| 3  Horizon | RMSE: 30.412, 30.659; MAE: 18.922, 19.187; MAPE: 10.926, 11.185; Q10: 4.541, 4.525; Q50: 9.605, 9.723; Q90: 4.279, 4.465;
| 6  Horizon | RMSE: 31.655, 32.431; MAE: 19.581, 20.143; MAPE: 11.247, 11.647; Q10: 4.734, 4.810; Q50: 9.939, 10.204; Q90: 4.430, 4.758;
| 12 Horizon | RMSE: 33.707, 35.293; MAE: 21.050, 22.074; MAPE: 12.276, 12.860; Q10: 5.109, 5.314; Q50: 10.692, 11.187; Q90: 4.766, 5.275;
epoch 61 time used: 37  seconds  train loss: 17.178 val loss: 6.384999 test loss: 6.610442
Epoch 62: 
| 3  Horizon | RMSE: 30.526, 31.173; MAE: 19.098, 19.643; MAPE: 10.955, 11.387; Q10: 4.579, 4.604; Q50: 9.684, 9.946; Q90: 4.303, 4.592;
| 6  Horizon | RMSE: 31.802, 32.874; MAE: 19.744, 20.545; MAPE: 11.480, 12.059; Q10: 4.793, 4.909; Q50: 10.008, 10.397; Q90: 4.443, 4.839;
| 12 Horizon | RMSE: 33.937, 35.991; MAE: 21.253, 22.618; MAPE: 12.445, 13.331; Q10: 5.195, 5.459; Q50: 10.770, 11.440; Q90: 4.845, 5.508;
epoch 62 time used: 37  seconds  train loss: 17.158 val loss: 6.44921 test loss: 6.78672
Epoch 63: 
| 3  Horizon | RMSE: 30.546, 30.834; MAE: 18.954, 19.258; MAPE: 10.992, 11.381; Q10: 4.556, 4.564; Q50: 9.612, 9.751; Q90: 4.260, 4.454;
| 6  Horizon | RMSE: 31.850, 32.774; MAE: 19.633, 20.309; MAPE: 11.361, 11.917; Q10: 4.754, 4.863; Q50: 9.956, 10.282; Q90: 4.433, 4.751;
| 12 Horizon | RMSE: 33.958, 35.875; MAE: 21.069, 22.340; MAPE: 12.134, 13.010; Q10: 5.122, 5.383; Q50: 10.683, 11.306; Q90: 4.790, 5.367;
epoch 63 time used: 37  seconds  train loss: 17.157 val loss: 6.406518 test loss: 6.672242
Epoch 64: 
| 3  Horizon | RMSE: 30.744, 30.804; MAE: 19.104, 19.271; MAPE: 11.169, 11.481; Q10: 4.626, 4.603; Q50: 9.687, 9.757; Q90: 4.283, 4.445;
| 6  Horizon | RMSE: 32.002, 32.702; MAE: 19.787, 20.314; MAPE: 11.570, 12.039; Q10: 4.845, 4.910; Q50: 10.032, 10.283; Q90: 4.429, 4.761;
| 12 Horizon | RMSE: 33.861, 35.789; MAE: 21.121, 22.350; MAPE: 12.311, 13.093; Q10: 5.190, 5.418; Q50: 10.711, 11.314; Q90: 4.779, 5.339;
epoch 64 time used: 37  seconds  train loss: 17.146 val loss: 6.450189 test loss: 6.683697
Epoch 65: 
| 3  Horizon | RMSE: 30.410, 30.708; MAE: 18.901, 19.215; MAPE: 10.931, 11.259; Q10: 4.550, 4.551; Q50: 9.585, 9.730; Q90: 4.243, 4.427;
| 6  Horizon | RMSE: 31.761, 32.476; MAE: 19.574, 20.140; MAPE: 11.366, 11.812; Q10: 4.751, 4.833; Q50: 9.927, 10.197; Q90: 4.399, 4.728;
| 12 Horizon | RMSE: 33.946, 35.836; MAE: 21.221, 22.503; MAPE: 12.179, 12.948; Q10: 5.134, 5.323; Q50: 10.772, 11.400; Q90: 4.847, 5.520;
epoch 65 time used: 37  seconds  train loss: 17.136 val loss: 6.398716 test loss: 6.660603
Epoch 66: 
| 3  Horizon | RMSE: 30.461, 30.831; MAE: 18.924, 19.313; MAPE: 10.892, 11.218; Q10: 4.552, 4.544; Q50: 9.604, 9.786; Q90: 4.271, 4.531;
| 6  Horizon | RMSE: 31.740, 32.636; MAE: 19.576, 20.253; MAPE: 11.268, 11.751; Q10: 4.776, 4.836; Q50: 9.930, 10.255; Q90: 4.416, 4.810;
| 12 Horizon | RMSE: 33.978, 35.470; MAE: 21.094, 22.058; MAPE: 12.174, 12.826; Q10: 5.261, 5.393; Q50: 10.700, 11.167; Q90: 4.754, 5.319;
epoch 66 time used: 37  seconds  train loss: 17.123 val loss: 6.41118 test loss: 6.665224
Epoch 67: 
| 3  Horizon | RMSE: 30.922, 31.824; MAE: 19.421, 20.184; MAPE: 11.034, 11.517; Q10: 4.599, 4.637; Q50: 9.849, 10.220; Q90: 4.327, 4.667;
| 6  Horizon | RMSE: 32.082, 33.520; MAE: 20.022, 21.160; MAPE: 11.661, 12.349; Q10: 4.802, 4.931; Q50: 10.142, 10.703; Q90: 4.491, 5.041;
| 12 Horizon | RMSE: 34.143, 36.250; MAE: 21.377, 22.922; MAPE: 12.602, 13.538; Q10: 5.247, 5.495; Q50: 10.829, 11.593; Q90: 4.851, 5.658;
epoch 67 time used: 36  seconds  train loss: 17.116 val loss: 6.515117 test loss: 6.934897
Epoch 68: 
| 3  Horizon | RMSE: 30.415, 30.835; MAE: 18.870, 19.283; MAPE: 10.856, 11.241; Q10: 4.555, 4.573; Q50: 9.572, 9.766; Q90: 4.235, 4.459;
| 6  Horizon | RMSE: 31.696, 32.566; MAE: 19.499, 20.194; MAPE: 11.235, 11.767; Q10: 4.738, 4.825; Q50: 9.890, 10.225; Q90: 4.392, 4.772;
| 12 Horizon | RMSE: 33.782, 35.661; MAE: 20.958, 22.270; MAPE: 12.017, 12.856; Q10: 5.101, 5.313; Q50: 10.634, 11.277; Q90: 4.741, 5.354;
epoch 68 time used: 36  seconds  train loss: 17.097 val loss: 6.369502 test loss: 6.660457
Epoch 69: 
| 3  Horizon | RMSE: 30.482, 31.014; MAE: 19.040, 19.559; MAPE: 10.931, 11.366; Q10: 4.555, 4.548; Q50: 9.657, 9.904; Q90: 4.319, 4.642;
| 6  Horizon | RMSE: 31.752, 32.768; MAE: 19.658, 20.491; MAPE: 11.381, 11.987; Q10: 4.785, 4.864; Q50: 9.966, 10.370; Q90: 4.498, 5.006;
| 12 Horizon | RMSE: 33.956, 35.717; MAE: 21.225, 22.490; MAPE: 12.548, 13.404; Q10: 5.231, 5.403; Q50: 10.751, 11.372; Q90: 4.815, 5.516;
epoch 69 time used: 37  seconds  train loss: 17.09 val loss: 6.440102 test loss: 6.765344
Epoch 70: 
| 3  Horizon | RMSE: 30.634, 30.968; MAE: 19.147, 19.584; MAPE: 11.153, 11.568; Q10: 4.594, 4.595; Q50: 9.704, 9.910; Q90: 4.325, 4.596;
| 6  Horizon | RMSE: 32.036, 33.067; MAE: 19.951, 20.840; MAPE: 11.545, 12.146; Q10: 4.824, 4.917; Q50: 10.113, 10.546; Q90: 4.605, 5.151;
| 12 Horizon | RMSE: 34.437, 36.482; MAE: 21.648, 23.148; MAPE: 12.431, 13.295; Q10: 5.255, 5.473; Q50: 10.978, 11.717; Q90: 5.022, 5.809;
epoch 70 time used: 36  seconds  train loss: 17.076 val loss: 6.535216 test loss: 6.889688
Epoch 71: 
| 3  Horizon | RMSE: 30.574, 30.826; MAE: 19.070, 19.315; MAPE: 11.180, 11.416; Q10: 4.572, 4.533; Q50: 9.689, 9.797; Q90: 4.306, 4.525;
| 6  Horizon | RMSE: 31.863, 32.638; MAE: 19.631, 20.199; MAPE: 11.242, 11.704; Q10: 4.759, 4.811; Q50: 9.964, 10.234; Q90: 4.488, 4.871;
| 12 Horizon | RMSE: 34.014, 35.489; MAE: 21.112, 22.063; MAPE: 12.143, 12.848; Q10: 5.153, 5.317; Q50: 10.710, 11.170; Q90: 4.786, 5.315;
epoch 71 time used: 37  seconds  train loss: 17.072 val loss: 6.429719 test loss: 6.656081
Epoch 72: 
| 3  Horizon | RMSE: 30.634, 30.660; MAE: 18.885, 19.018; MAPE: 10.973, 11.256; Q10: 4.581, 4.537; Q50: 9.579, 9.628; Q90: 4.243, 4.397;
| 6  Horizon | RMSE: 31.837, 32.547; MAE: 19.534, 20.098; MAPE: 11.325, 11.838; Q10: 4.802, 4.850; Q50: 9.906, 10.172; Q90: 4.396, 4.727;
| 12 Horizon | RMSE: 34.062, 35.542; MAE: 21.061, 22.114; MAPE: 12.351, 13.260; Q10: 5.178, 5.399; Q50: 10.674, 11.185; Q90: 4.732, 5.285;
epoch 72 time used: 36  seconds  train loss: 17.086 val loss: 6.399686 test loss: 6.622108
Epoch 73: 
| 3  Horizon | RMSE: 30.630, 30.586; MAE: 18.905, 19.018; MAPE: 10.983, 11.288; Q10: 4.599, 4.534; Q50: 9.583, 9.624; Q90: 4.239, 4.393;
| 6  Horizon | RMSE: 32.052, 32.512; MAE: 19.622, 20.021; MAPE: 11.357, 11.764; Q10: 4.803, 4.830; Q50: 9.952, 10.136; Q90: 4.392, 4.676;
| 12 Horizon | RMSE: 33.866, 35.553; MAE: 20.979, 22.104; MAPE: 12.058, 12.760; Q10: 5.131, 5.312; Q50: 10.644, 11.193; Q90: 4.769, 5.378;
epoch 73 time used: 36  seconds  train loss: 17.06 val loss: 6.388931 test loss: 6.598888
Epoch 74: 
| 3  Horizon | RMSE: 30.518, 31.030; MAE: 18.975, 19.444; MAPE: 10.986, 11.375; Q10: 4.569, 4.568; Q50: 9.625, 9.848; Q90: 4.285, 4.575;
| 6  Horizon | RMSE: 31.900, 33.149; MAE: 19.741, 20.637; MAPE: 11.353, 11.876; Q10: 4.825, 4.888; Q50: 10.022, 10.458; Q90: 4.515, 5.043;
| 12 Horizon | RMSE: 34.270, 36.530; MAE: 21.506, 23.036; MAPE: 12.776, 13.729; Q10: 5.291, 5.541; Q50: 10.895, 11.650; Q90: 4.910, 5.717;
epoch 74 time used: 36  seconds  train loss: 17.048 val loss: 6.474972 test loss: 6.824518
Epoch 75: 
| 3  Horizon | RMSE: 30.508, 30.854; MAE: 18.916, 19.292; MAPE: 10.855, 11.242; Q10: 4.548, 4.547; Q50: 9.591, 9.766; Q90: 4.271, 4.539;
| 6  Horizon | RMSE: 31.975, 33.197; MAE: 19.731, 20.671; MAPE: 11.198, 11.789; Q10: 4.771, 4.856; Q50: 10.008, 10.467; Q90: 4.481, 4.973;
| 12 Horizon | RMSE: 34.234, 36.546; MAE: 21.244, 22.836; MAPE: 12.031, 12.920; Q10: 5.149, 5.395; Q50: 10.781, 11.566; Q90: 4.861, 5.646;
epoch 75 time used: 36  seconds  train loss: 17.041 val loss: 6.431991 test loss: 6.779349
Epoch 76: 
| 3  Horizon | RMSE: 30.651, 31.013; MAE: 19.081, 19.408; MAPE: 10.971, 11.286; Q10: 4.570, 4.560; Q50: 9.686, 9.836; Q90: 4.307, 4.518;
| 6  Horizon | RMSE: 31.913, 32.832; MAE: 19.696, 20.382; MAPE: 11.295, 11.764; Q10: 4.780, 4.853; Q50: 9.997, 10.326; Q90: 4.475, 4.863;
| 12 Horizon | RMSE: 34.169, 36.029; MAE: 21.332, 22.563; MAPE: 12.145, 12.873; Q10: 5.171, 5.363; Q50: 10.824, 11.426; Q90: 4.881, 5.535;
epoch 76 time used: 34  seconds  train loss: 17.043 val loss: 6.453565 test loss: 6.72276
Epoch 77: 
| 3  Horizon | RMSE: 30.550, 30.764; MAE: 18.984, 19.259; MAPE: 11.165, 11.418; Q10: 4.567, 4.538; Q50: 9.645, 9.769; Q90: 4.301, 4.514;
| 6  Horizon | RMSE: 32.052, 32.523; MAE: 19.617, 20.030; MAPE: 11.383, 11.751; Q10: 4.785, 4.824; Q50: 9.959, 10.152; Q90: 4.413, 4.695;
| 12 Horizon | RMSE: 34.079, 35.470; MAE: 21.038, 22.004; MAPE: 12.079, 12.712; Q10: 5.178, 5.326; Q50: 10.675, 11.145; Q90: 4.752, 5.261;
epoch 77 time used: 34  seconds  train loss: 17.031 val loss: 6.414774 test loss: 6.637377
Epoch 78: 
| 3  Horizon | RMSE: 30.542, 31.004; MAE: 18.965, 19.424; MAPE: 11.004, 11.343; Q10: 4.558, 4.569; Q50: 9.621, 9.839; Q90: 4.279, 4.554;
| 6  Horizon | RMSE: 31.911, 33.007; MAE: 19.684, 20.527; MAPE: 11.378, 11.854; Q10: 4.764, 4.875; Q50: 9.989, 10.399; Q90: 4.472, 4.919;
| 12 Horizon | RMSE: 34.057, 36.102; MAE: 21.169, 22.547; MAPE: 12.257, 12.984; Q10: 5.144, 5.382; Q50: 10.745, 11.424; Q90: 4.858, 5.576;
Early stopping at epoch: 78
Model  stgcn7  Best Results:
Epoch 68: 
=        =        Horizon  3        =        =        =        =        Horizon  6        =        =        =        =        Horizon  12       =        =       
RMSE     MAE      MAPE     Q10      Q50      Q90      RMSE     MAE      MAPE     Q10      Q50      Q90      RMSE     MAE      MAPE     Q10      Q50      Q90     
30.835   19.283   11.241   4.573    9.766    4.459    32.566   20.194   11.767   4.825    10.225   4.772    35.661   22.270   12.856   5.313    11.277   5.354   
Model Training Ended ... Wed Dec  6 02:03:43 2023
