nohup: ignoring input
pdate shape is:  (16992,)
./save/pems04_stgcn7_in12_out12_addtimeFalse_adjTrue_lr0.001_hc32_train0.7_val0.1_test0.2_seedNone_lossquantile_version4_note:new5_scl_s1000_ymask_scheNo training started Thu Dec  7 20:25:52 2023
pdate shape is:  (16992,)
data load........
initial data shape is:  (16992, 307, 3)
train_mean shape : (307,)
train  :  (11873, 24, 307, 3)
val  :  (1697, 24, 307, 3)
test  :  (3388, 24, 307, 3)
Model Training Started ... Thu Dec  7 20:25:54 2023
TIMESTEP_IN, TIMESTEP_OUT 12 12
LOSS is : quantile
Spatial CL target length = 1
Current Spatial CL Size = 0
Current Spatial CL Size = 100
Current Spatial CL Size = 200
Current Spatial CL Size = 300
Current Spatial CL Size = 400
Epoch 0: 
| 3  Horizon | RMSE: 35.945, 34.991; MAE: 24.712, 23.962; MAPE: 18.579, 18.336; Q10: 5.651, 5.450; Q50: 12.428, 12.042; Q90: 5.539, 5.414;
| 6  Horizon | RMSE: 37.502, 36.547; MAE: 25.588, 24.840; MAPE: 18.442, 18.076; Q10: 5.666, 5.463; Q50: 12.881, 12.494; Q90: 5.832, 5.728;
| 12 Horizon | RMSE: 43.491, 42.286; MAE: 28.515, 27.881; MAPE: 16.532, 16.432; Q10: 6.391, 6.233; Q50: 14.458, 14.119; Q90: 7.015, 6.822;
epoch 0 time used: 52  seconds  train loss: 27.481 val loss: 8.303613 test loss: 8.069658
Current Spatial CL Size = 500
Current Spatial CL Size = 600
Current Spatial CL Size = 700
Current Spatial CL Size = 800
Current Spatial CL Size = 900
Current Spatial CL Size = 1000
Epoch 1: 
| 3  Horizon | RMSE: 34.387, 33.893; MAE: 23.140, 23.058; MAPE: 13.980, 14.385; Q10: 5.369, 5.291; Q50: 11.744, 11.690; Q90: 5.385, 5.435;
| 6  Horizon | RMSE: 38.336, 38.138; MAE: 26.417, 26.604; MAPE: 16.734, 17.301; Q10: 5.921, 5.876; Q50: 13.394, 13.473; Q90: 6.373, 6.560;
| 12 Horizon | RMSE: 44.757, 44.740; MAE: 30.984, 31.327; MAPE: 19.314, 19.998; Q10: 6.465, 6.450; Q50: 15.728, 15.881; Q90: 8.622, 8.899;
epoch 1 time used: 51  seconds  train loss: 21.546 val loss: 8.638238 test loss: 8.702125
Epoch 2: 
| 3  Horizon | RMSE: 31.804, 31.038; MAE: 20.400, 20.024; MAPE: 12.196, 12.252; Q10: 4.819, 4.679; Q50: 10.362, 10.156; Q90: 4.637, 4.603;
| 6  Horizon | RMSE: 33.958, 33.357; MAE: 21.787, 21.545; MAPE: 12.636, 12.714; Q10: 5.100, 4.995; Q50: 11.063, 10.922; Q90: 4.968, 4.975;
| 12 Horizon | RMSE: 37.920, 37.741; MAE: 24.652, 24.639; MAPE: 14.166, 14.347; Q10: 5.672, 5.662; Q50: 12.511, 12.483; Q90: 5.712, 5.765;
epoch 2 time used: 42  seconds  train loss: 20.638 val loss: 7.089712 test loss: 7.020941
Epoch 3: 
| 3  Horizon | RMSE: 32.494, 31.892; MAE: 20.814, 20.503; MAPE: 12.980, 12.984; Q10: 4.919, 4.818; Q50: 10.581, 10.407; Q90: 4.713, 4.685;
| 6  Horizon | RMSE: 33.975, 33.698; MAE: 21.671, 21.622; MAPE: 13.399, 13.500; Q10: 5.108, 5.077; Q50: 11.017, 10.971; Q90: 4.914, 4.953;
| 12 Horizon | RMSE: 36.967, 37.536; MAE: 23.792, 24.278; MAPE: 14.562, 14.958; Q10: 5.675, 5.759; Q50: 12.097, 12.317; Q90: 5.357, 5.564;
epoch 3 time used: 43  seconds  train loss: 19.98 val loss: 7.05778 test loss: 7.067144
Epoch 4: 
| 3  Horizon | RMSE: 31.327, 30.762; MAE: 19.740, 19.463; MAPE: 11.633, 11.729; Q10: 4.710, 4.601; Q50: 10.001, 9.843; Q90: 4.491, 4.480;
| 6  Horizon | RMSE: 33.039, 32.746; MAE: 20.860, 20.760; MAPE: 12.355, 12.526; Q10: 4.987, 4.921; Q50: 10.568, 10.498; Q90: 4.735, 4.786;
| 12 Horizon | RMSE: 36.073, 36.586; MAE: 22.902, 23.256; MAPE: 13.460, 13.826; Q10: 5.508, 5.555; Q50: 11.613, 11.771; Q90: 5.190, 5.396;
epoch 4 time used: 42  seconds  train loss: 19.631 val loss: 6.781852 test loss: 6.781415
Epoch 5: 
| 3  Horizon | RMSE: 31.536, 31.029; MAE: 20.162, 19.983; MAPE: 12.697, 13.023; Q10: 4.770, 4.694; Q50: 10.189, 10.081; Q90: 4.491, 4.490;
| 6  Horizon | RMSE: 32.774, 32.668; MAE: 20.658, 20.747; MAPE: 12.196, 12.546; Q10: 4.953, 4.936; Q50: 10.474, 10.499; Q90: 4.682, 4.785;
| 12 Horizon | RMSE: 35.474, 36.372; MAE: 22.447, 23.158; MAPE: 13.251, 14.011; Q10: 5.404, 5.565; Q50: 11.383, 11.721; Q90: 5.123, 5.364;
epoch 5 time used: 43  seconds  train loss: 19.329 val loss: 6.745968 test loss: 6.8073
Epoch 6: 
| 3  Horizon | RMSE: 31.231, 30.754; MAE: 19.814, 19.597; MAPE: 12.144, 12.256; Q10: 4.781, 4.696; Q50: 10.018, 9.893; Q90: 4.447, 4.442;
| 6  Horizon | RMSE: 32.870, 32.584; MAE: 20.802, 20.688; MAPE: 12.562, 12.677; Q10: 5.015, 4.955; Q50: 10.526, 10.451; Q90: 4.669, 4.708;
| 12 Horizon | RMSE: 35.607, 36.030; MAE: 22.652, 22.908; MAPE: 13.537, 13.804; Q10: 5.438, 5.478; Q50: 11.466, 11.577; Q90: 5.115, 5.250;
epoch 6 time used: 47  seconds  train loss: 19.078 val loss: 6.744379 test loss: 6.735053
Epoch 7: 
| 3  Horizon | RMSE: 30.971, 30.658; MAE: 19.504, 19.401; MAPE: 11.317, 11.398; Q10: 4.663, 4.602; Q50: 9.895, 9.829; Q90: 4.398, 4.419;
| 6  Horizon | RMSE: 32.279, 32.359; MAE: 20.298, 20.424; MAPE: 11.756, 11.916; Q10: 4.877, 4.875; Q50: 10.294, 10.341; Q90: 4.581, 4.684;
| 12 Horizon | RMSE: 34.836, 35.817; MAE: 22.127, 22.705; MAPE: 12.892, 13.240; Q10: 5.324, 5.450; Q50: 11.226, 11.500; Q90: 5.178, 5.475;
epoch 7 time used: 49  seconds  train loss: 18.914 val loss: 6.637124 test loss: 6.712841
Epoch 8: 
| 3  Horizon | RMSE: 32.904, 32.539; MAE: 20.907, 20.657; MAPE: 12.206, 12.233; Q10: 5.065, 5.010; Q50: 10.598, 10.456; Q90: 4.704, 4.681;
| 6  Horizon | RMSE: 34.233, 34.280; MAE: 21.811, 21.760; MAPE: 12.810, 12.859; Q10: 5.063, 5.093; Q50: 11.056, 11.014; Q90: 4.978, 5.004;
| 12 Horizon | RMSE: 37.805, 38.739; MAE: 24.460, 24.802; MAPE: 14.526, 14.695; Q10: 5.873, 6.046; Q50: 12.400, 12.555; Q90: 5.465, 5.584;
epoch 8 time used: 44  seconds  train loss: 18.743 val loss: 7.163842 test loss: 7.182418
Epoch 9: 
| 3  Horizon | RMSE: 31.328, 30.997; MAE: 19.663, 19.518; MAPE: 11.616, 11.728; Q10: 4.699, 4.663; Q50: 9.978, 9.891; Q90: 4.459, 4.448;
| 6  Horizon | RMSE: 32.462, 32.561; MAE: 20.436, 20.553; MAPE: 12.082, 12.294; Q10: 4.964, 4.990; Q50: 10.375, 10.419; Q90: 4.600, 4.695;
| 12 Horizon | RMSE: 35.071, 36.037; MAE: 22.326, 22.855; MAPE: 13.196, 13.575; Q10: 5.437, 5.590; Q50: 11.330, 11.582; Q90: 5.009, 5.245;
epoch 9 time used: 42  seconds  train loss: 18.618 val loss: 6.688675 test loss: 6.747106
Epoch 10: 
| 3  Horizon | RMSE: 31.154, 30.821; MAE: 19.528, 19.375; MAPE: 11.390, 11.538; Q10: 4.751, 4.695; Q50: 9.896, 9.805; Q90: 4.377, 4.383;
| 6  Horizon | RMSE: 32.560, 32.575; MAE: 20.406, 20.441; MAPE: 11.895, 12.095; Q10: 4.947, 4.955; Q50: 10.344, 10.346; Q90: 4.599, 4.665;
| 12 Horizon | RMSE: 34.752, 35.576; MAE: 22.001, 22.447; MAPE: 12.876, 13.194; Q10: 5.352, 5.479; Q50: 11.161, 11.366; Q90: 4.964, 5.158;
epoch 10 time used: 42  seconds  train loss: 18.517 val loss: 6.65721 test loss: 6.697962
Epoch 11: 
| 3  Horizon | RMSE: 30.846, 30.527; MAE: 19.370, 19.245; MAPE: 11.612, 11.690; Q10: 4.678, 4.619; Q50: 9.805, 9.728; Q90: 4.376, 4.385;
| 6  Horizon | RMSE: 32.146, 32.248; MAE: 20.168, 20.365; MAPE: 11.990, 12.274; Q10: 4.857, 4.876; Q50: 10.245, 10.329; Q90: 4.529, 4.642;
| 12 Horizon | RMSE: 34.263, 35.195; MAE: 21.649, 22.294; MAPE: 12.827, 13.314; Q10: 5.243, 5.378; Q50: 10.992, 11.302; Q90: 4.894, 5.130;
epoch 11 time used: 43  seconds  train loss: 18.429 val loss: 6.538094 test loss: 6.612122
Epoch 12: 
| 3  Horizon | RMSE: 30.930, 30.568; MAE: 19.509, 19.365; MAPE: 11.271, 11.340; Q10: 4.642, 4.565; Q50: 9.902, 9.813; Q90: 4.408, 4.440;
| 6  Horizon | RMSE: 32.260, 32.243; MAE: 20.381, 20.439; MAPE: 11.791, 11.926; Q10: 4.862, 4.830; Q50: 10.348, 10.359; Q90: 4.617, 4.741;
| 12 Horizon | RMSE: 34.536, 35.234; MAE: 22.124, 22.560; MAPE: 12.985, 13.307; Q10: 5.298, 5.346; Q50: 11.237, 11.438; Q90: 4.933, 5.149;
epoch 12 time used: 43  seconds  train loss: 18.3 val loss: 6.61764 test loss: 6.658408
Epoch 13: 
| 3  Horizon | RMSE: 31.175, 30.788; MAE: 19.354, 19.188; MAPE: 11.377, 11.447; Q10: 4.644, 4.598; Q50: 9.808, 9.710; Q90: 4.357, 4.354;
| 6  Horizon | RMSE: 32.102, 32.238; MAE: 20.030, 20.221; MAPE: 11.588, 11.820; Q10: 4.829, 4.847; Q50: 10.161, 10.243; Q90: 4.498, 4.620;
| 12 Horizon | RMSE: 34.234, 35.089; MAE: 21.556, 22.086; MAPE: 12.604, 12.953; Q10: 5.234, 5.353; Q50: 10.933, 11.183; Q90: 4.905, 5.177;
epoch 13 time used: 43  seconds  train loss: 18.248 val loss: 6.516474 test loss: 6.584185
Epoch 14: 
| 3  Horizon | RMSE: 31.005, 30.648; MAE: 19.343, 19.196; MAPE: 11.430, 11.460; Q10: 4.688, 4.630; Q50: 9.811, 9.721; Q90: 4.344, 4.356;
| 6  Horizon | RMSE: 32.404, 32.353; MAE: 20.274, 20.286; MAPE: 12.029, 12.121; Q10: 4.869, 4.860; Q50: 10.272, 10.262; Q90: 4.566, 4.639;
| 12 Horizon | RMSE: 34.228, 35.040; MAE: 21.653, 22.177; MAPE: 12.867, 13.181; Q10: 5.251, 5.359; Q50: 10.980, 11.224; Q90: 4.944, 5.120;
epoch 14 time used: 43  seconds  train loss: 18.184 val loss: 6.576683 test loss: 6.616305
Epoch 15: 
| 3  Horizon | RMSE: 30.958, 30.586; MAE: 19.309, 19.225; MAPE: 11.331, 11.459; Q10: 4.643, 4.596; Q50: 9.791, 9.734; Q90: 4.336, 4.364;
| 6  Horizon | RMSE: 32.248, 32.251; MAE: 20.166, 20.297; MAPE: 11.967, 12.203; Q10: 4.845, 4.847; Q50: 10.213, 10.265; Q90: 4.545, 4.651;
| 12 Horizon | RMSE: 34.234, 35.157; MAE: 21.629, 22.295; MAPE: 12.920, 13.439; Q10: 5.238, 5.380; Q50: 10.957, 11.276; Q90: 4.878, 5.144;
epoch 15 time used: 43  seconds  train loss: 18.118 val loss: 6.550861 test loss: 6.626924
Epoch 16: 
| 3  Horizon | RMSE: 30.788, 30.465; MAE: 19.192, 19.087; MAPE: 11.280, 11.336; Q10: 4.633, 4.572; Q50: 9.739, 9.669; Q90: 4.301, 4.341;
| 6  Horizon | RMSE: 32.045, 32.014; MAE: 19.985, 20.049; MAPE: 11.696, 11.852; Q10: 4.841, 4.823; Q50: 10.135, 10.151; Q90: 4.491, 4.596;
| 12 Horizon | RMSE: 33.978, 34.726; MAE: 21.454, 21.996; MAPE: 12.661, 13.065; Q10: 5.241, 5.307; Q50: 10.874, 11.127; Q90: 4.831, 5.137;
epoch 16 time used: 46  seconds  train loss: 18.082 val loss: 6.501232 test loss: 6.561312
Epoch 17: 
| 3  Horizon | RMSE: 30.871, 30.665; MAE: 19.260, 19.285; MAPE: 11.276, 11.384; Q10: 4.627, 4.578; Q50: 9.776, 9.774; Q90: 4.380, 4.468;
| 6  Horizon | RMSE: 32.030, 32.218; MAE: 20.006, 20.254; MAPE: 11.687, 11.866; Q10: 4.893, 4.886; Q50: 10.140, 10.251; Q90: 4.493, 4.661;
| 12 Horizon | RMSE: 34.174, 35.096; MAE: 21.928, 22.573; MAPE: 13.579, 13.892; Q10: 5.320, 5.389; Q50: 11.086, 11.399; Q90: 4.894, 5.241;
epoch 17 time used: 46  seconds  train loss: 18.029 val loss: 6.562444 test loss: 6.672501
Epoch 18: 
| 3  Horizon | RMSE: 30.812, 30.582; MAE: 19.156, 19.141; MAPE: 11.193, 11.317; Q10: 4.615, 4.583; Q50: 9.712, 9.689; Q90: 4.302, 4.356;
| 6  Horizon | RMSE: 31.990, 32.178; MAE: 19.959, 20.194; MAPE: 11.793, 12.017; Q10: 4.832, 4.847; Q50: 10.107, 10.211; Q90: 4.484, 4.644;
| 12 Horizon | RMSE: 33.818, 34.704; MAE: 21.192, 21.816; MAPE: 12.490, 12.889; Q10: 5.169, 5.272; Q50: 10.737, 11.034; Q90: 4.797, 5.129;
epoch 18 time used: 47  seconds  train loss: 17.929 val loss: 6.470096 test loss: 6.576759
Epoch 19: 
| 3  Horizon | RMSE: 30.920, 30.683; MAE: 19.269, 19.230; MAPE: 11.421, 11.480; Q10: 4.650, 4.604; Q50: 9.761, 9.727; Q90: 4.348, 4.415;
| 6  Horizon | RMSE: 32.021, 32.247; MAE: 19.929, 20.194; MAPE: 11.691, 11.862; Q10: 4.829, 4.839; Q50: 10.111, 10.229; Q90: 4.480, 4.636;
| 12 Horizon | RMSE: 33.943, 34.874; MAE: 21.371, 22.025; MAPE: 12.696, 13.018; Q10: 5.198, 5.302; Q50: 10.833, 11.144; Q90: 4.849, 5.172;
epoch 19 time used: 48  seconds  train loss: 17.903 val loss: 6.504367 test loss: 6.610748
Epoch 20: 
| 3  Horizon | RMSE: 30.890, 30.618; MAE: 19.385, 19.382; MAPE: 11.804, 12.033; Q10: 4.663, 4.605; Q50: 9.805, 9.787; Q90: 4.358, 4.428;
| 6  Horizon | RMSE: 32.054, 32.105; MAE: 20.020, 20.178; MAPE: 11.956, 12.217; Q10: 4.866, 4.858; Q50: 10.138, 10.200; Q90: 4.504, 4.649;
| 12 Horizon | RMSE: 33.787, 34.645; MAE: 21.326, 21.944; MAPE: 12.672, 13.111; Q10: 5.249, 5.321; Q50: 10.804, 11.094; Q90: 4.797, 5.116;
epoch 20 time used: 46  seconds  train loss: 17.878 val loss: 6.525392 test loss: 6.610563
Epoch 21: 
| 3  Horizon | RMSE: 30.978, 30.858; MAE: 19.331, 19.453; MAPE: 11.113, 11.302; Q10: 4.673, 4.648; Q50: 9.806, 9.851; Q90: 4.328, 4.430;
| 6  Horizon | RMSE: 32.070, 32.314; MAE: 19.984, 20.320; MAPE: 11.540, 11.793; Q10: 4.834, 4.842; Q50: 10.142, 10.293; Q90: 4.531, 4.760;
| 12 Horizon | RMSE: 34.090, 34.927; MAE: 21.449, 22.124; MAPE: 12.483, 12.893; Q10: 5.183, 5.250; Q50: 10.877, 11.195; Q90: 4.887, 5.206;
epoch 21 time used: 43  seconds  train loss: 17.848 val loss: 6.530875 test loss: 6.667637
Epoch 22: 
| 3  Horizon | RMSE: 31.019, 30.873; MAE: 19.392, 19.453; MAPE: 11.212, 11.404; Q10: 4.645, 4.618; Q50: 9.835, 9.848; Q90: 4.342, 4.435;
| 6  Horizon | RMSE: 31.979, 32.185; MAE: 19.864, 20.157; MAPE: 11.655, 11.905; Q10: 4.820, 4.847; Q50: 10.080, 10.209; Q90: 4.496, 4.688;
| 12 Horizon | RMSE: 33.880, 34.719; MAE: 21.368, 22.031; MAPE: 12.927, 13.398; Q10: 5.265, 5.377; Q50: 10.821, 11.133; Q90: 4.813, 5.113;
epoch 22 time used: 42  seconds  train loss: 17.793 val loss: 6.503086 test loss: 6.623283
Epoch 23: 
| 3  Horizon | RMSE: 30.949, 30.856; MAE: 19.231, 19.342; MAPE: 11.135, 11.325; Q10: 4.637, 4.609; Q50: 9.752, 9.793; Q90: 4.346, 4.468;
| 6  Horizon | RMSE: 32.110, 32.513; MAE: 19.939, 20.354; MAPE: 11.670, 11.937; Q10: 4.832, 4.872; Q50: 10.122, 10.314; Q90: 4.526, 4.779;
| 12 Horizon | RMSE: 34.148, 35.293; MAE: 21.439, 22.259; MAPE: 12.560, 13.015; Q10: 5.207, 5.346; Q50: 10.875, 11.266; Q90: 4.853, 5.238;
epoch 23 time used: 45  seconds  train loss: 17.776 val loss: 6.502969 test loss: 6.667248
Epoch 24: 
| 3  Horizon | RMSE: 31.038, 30.705; MAE: 19.271, 19.229; MAPE: 11.297, 11.427; Q10: 4.657, 4.590; Q50: 9.776, 9.737; Q90: 4.331, 4.390;
| 6  Horizon | RMSE: 32.259, 32.294; MAE: 20.055, 20.225; MAPE: 11.759, 11.942; Q10: 4.897, 4.867; Q50: 10.172, 10.239; Q90: 4.525, 4.681;
| 12 Horizon | RMSE: 34.185, 34.950; MAE: 21.501, 22.105; MAPE: 12.646, 12.991; Q10: 5.237, 5.304; Q50: 10.909, 11.191; Q90: 4.860, 5.198;
epoch 24 time used: 49  seconds  train loss: 17.724 val loss: 6.526719 test loss: 6.615413
Epoch 25: 
| 3  Horizon | RMSE: 30.976, 30.798; MAE: 19.273, 19.406; MAPE: 11.248, 11.490; Q10: 4.642, 4.613; Q50: 9.761, 9.812; Q90: 4.310, 4.417;
| 6  Horizon | RMSE: 32.149, 32.479; MAE: 19.940, 20.404; MAPE: 11.547, 11.851; Q10: 4.821, 4.856; Q50: 10.115, 10.332; Q90: 4.497, 4.740;
| 12 Horizon | RMSE: 34.080, 35.105; MAE: 21.387, 22.172; MAPE: 12.508, 12.912; Q10: 5.196, 5.296; Q50: 10.840, 11.214; Q90: 4.836, 5.233;
epoch 25 time used: 45  seconds  train loss: 17.721 val loss: 6.508003 test loss: 6.684113
Epoch 26: 
| 3  Horizon | RMSE: 31.166, 30.895; MAE: 19.302, 19.242; MAPE: 11.252, 11.351; Q10: 4.684, 4.633; Q50: 9.793, 9.746; Q90: 4.322, 4.387;
| 6  Horizon | RMSE: 32.258, 32.472; MAE: 20.046, 20.288; MAPE: 11.637, 11.854; Q10: 4.890, 4.884; Q50: 10.176, 10.281; Q90: 4.507, 4.697;
| 12 Horizon | RMSE: 34.258, 35.053; MAE: 21.629, 22.138; MAPE: 12.679, 12.992; Q10: 5.282, 5.337; Q50: 10.968, 11.203; Q90: 4.900, 5.268;
epoch 26 time used: 42  seconds  train loss: 17.672 val loss: 6.549697 test loss: 6.644049
Epoch 27: 
| 3  Horizon | RMSE: 30.954, 30.680; MAE: 19.164, 19.184; MAPE: 11.198, 11.354; Q10: 4.635, 4.605; Q50: 9.724, 9.719; Q90: 4.282, 4.360;
| 6  Horizon | RMSE: 32.043, 32.191; MAE: 19.832, 20.105; MAPE: 11.615, 11.842; Q10: 4.817, 4.835; Q50: 10.065, 10.186; Q90: 4.449, 4.630;
| 12 Horizon | RMSE: 33.789, 34.780; MAE: 21.197, 21.965; MAPE: 12.395, 12.906; Q10: 5.162, 5.281; Q50: 10.749, 11.118; Q90: 4.773, 5.148;
epoch 27 time used: 55  seconds  train loss: 17.641 val loss: 6.458978 test loss: 6.589679
Epoch 28: 
| 3  Horizon | RMSE: 31.068, 30.845; MAE: 19.228, 19.312; MAPE: 11.364, 11.545; Q10: 4.652, 4.629; Q50: 9.762, 9.792; Q90: 4.310, 4.404;
| 6  Horizon | RMSE: 32.205, 32.353; MAE: 19.888, 20.200; MAPE: 11.648, 11.913; Q10: 4.858, 4.881; Q50: 10.095, 10.237; Q90: 4.469, 4.667;
| 12 Horizon | RMSE: 34.213, 35.066; MAE: 21.625, 22.333; MAPE: 13.257, 13.661; Q10: 5.216, 5.318; Q50: 10.994, 11.328; Q90: 4.903, 5.261;
epoch 28 time used: 48  seconds  train loss: 17.626 val loss: 6.507209 test loss: 6.644448
Epoch 29: 
| 3  Horizon | RMSE: 31.280, 30.981; MAE: 19.361, 19.316; MAPE: 11.487, 11.617; Q10: 4.715, 4.669; Q50: 9.806, 9.766; Q90: 4.328, 4.390;
| 6  Horizon | RMSE: 32.211, 32.768; MAE: 20.022, 20.533; MAPE: 11.546, 11.823; Q10: 4.842, 4.871; Q50: 10.163, 10.404; Q90: 4.503, 4.789;
| 12 Horizon | RMSE: 33.927, 35.258; MAE: 21.298, 22.217; MAPE: 12.395, 12.930; Q10: 5.205, 5.330; Q50: 10.799, 11.241; Q90: 4.883, 5.383;
epoch 29 time used: 44  seconds  train loss: 17.595 val loss: 6.494436 test loss: 6.660846
Epoch 30: 
| 3  Horizon | RMSE: 30.961, 30.728; MAE: 19.150, 19.208; MAPE: 11.180, 11.345; Q10: 4.627, 4.591; Q50: 9.718, 9.733; Q90: 4.308, 4.421;
| 6  Horizon | RMSE: 32.108, 32.248; MAE: 19.854, 20.116; MAPE: 11.596, 11.829; Q10: 4.843, 4.848; Q50: 10.069, 10.185; Q90: 4.463, 4.657;
| 12 Horizon | RMSE: 34.019, 34.849; MAE: 21.401, 22.012; MAPE: 12.486, 12.802; Q10: 5.204, 5.266; Q50: 10.857, 11.144; Q90: 4.871, 5.232;
epoch 30 time used: 50  seconds  train loss: 17.563 val loss: 6.483617 test loss: 6.597305
Epoch 31: 
| 3  Horizon | RMSE: 31.236, 30.982; MAE: 19.237, 19.290; MAPE: 11.285, 11.439; Q10: 4.683, 4.639; Q50: 9.752, 9.763; Q90: 4.292, 4.433;
| 6  Horizon | RMSE: 32.163, 32.469; MAE: 19.897, 20.297; MAPE: 11.632, 11.900; Q10: 4.852, 4.862; Q50: 10.087, 10.272; Q90: 4.464, 4.733;
| 12 Horizon | RMSE: 34.106, 35.275; MAE: 21.466, 22.308; MAPE: 12.539, 12.969; Q10: 5.256, 5.334; Q50: 10.886, 11.289; Q90: 4.919, 5.454;
epoch 31 time used: 46  seconds  train loss: 17.565 val loss: 6.514917 test loss: 6.686424
Epoch 32: 
| 3  Horizon | RMSE: 31.055, 30.798; MAE: 19.174, 19.228; MAPE: 11.163, 11.288; Q10: 4.630, 4.591; Q50: 9.723, 9.733; Q90: 4.296, 4.401;
| 6  Horizon | RMSE: 32.172, 32.519; MAE: 19.956, 20.377; MAPE: 11.556, 11.788; Q10: 4.819, 4.845; Q50: 10.129, 10.323; Q90: 4.526, 4.800;
| 12 Horizon | RMSE: 33.933, 35.040; MAE: 21.304, 22.120; MAPE: 12.392, 12.852; Q10: 5.180, 5.285; Q50: 10.800, 11.190; Q90: 4.866, 5.305;
epoch 32 time used: 42  seconds  train loss: 17.537 val loss: 6.476394 test loss: 6.631255
Epoch 33: 
| 3  Horizon | RMSE: 31.045, 30.768; MAE: 19.136, 19.171; MAPE: 11.147, 11.313; Q10: 4.648, 4.607; Q50: 9.702, 9.704; Q90: 4.288, 4.392;
| 6  Horizon | RMSE: 32.005, 32.172; MAE: 19.801, 20.091; MAPE: 11.486, 11.774; Q10: 4.842, 4.840; Q50: 10.042, 10.170; Q90: 4.466, 4.689;
| 12 Horizon | RMSE: 34.014, 34.703; MAE: 21.387, 21.901; MAPE: 12.553, 12.874; Q10: 5.258, 5.311; Q50: 10.855, 11.089; Q90: 4.809, 5.122;
epoch 33 time used: 44  seconds  train loss: 17.512 val loss: 6.481516 test loss: 6.59054
Epoch 34: 
| 3  Horizon | RMSE: 30.948, 30.835; MAE: 19.116, 19.254; MAPE: 11.176, 11.337; Q10: 4.614, 4.594; Q50: 9.703, 9.756; Q90: 4.317, 4.469;
| 6  Horizon | RMSE: 32.024, 32.426; MAE: 19.822, 20.285; MAPE: 11.543, 11.814; Q10: 4.810, 4.846; Q50: 10.064, 10.280; Q90: 4.490, 4.777;
| 12 Horizon | RMSE: 33.987, 35.177; MAE: 21.349, 22.247; MAPE: 12.357, 12.872; Q10: 5.196, 5.302; Q50: 10.826, 11.257; Q90: 4.853, 5.322;
epoch 34 time used: 42  seconds  train loss: 17.487 val loss: 6.464253 test loss: 6.641122
Epoch 35: 
| 3  Horizon | RMSE: 31.136, 31.126; MAE: 19.312, 19.547; MAPE: 11.125, 11.368; Q10: 4.622, 4.607; Q50: 9.789, 9.892; Q90: 4.364, 4.535;
| 6  Horizon | RMSE: 32.178, 32.551; MAE: 19.899, 20.367; MAPE: 11.499, 11.812; Q10: 4.805, 4.830; Q50: 10.096, 10.316; Q90: 4.519, 4.788;
| 12 Horizon | RMSE: 34.050, 35.113; MAE: 21.430, 22.241; MAPE: 12.354, 12.813; Q10: 5.176, 5.251; Q50: 10.872, 11.259; Q90: 4.937, 5.409;
epoch 35 time used: 43  seconds  train loss: 17.467 val loss: 6.515812 test loss: 6.707542
Epoch 36: 
| 3  Horizon | RMSE: 31.195, 31.019; MAE: 19.409, 19.504; MAPE: 11.221, 11.360; Q10: 4.655, 4.617; Q50: 9.844, 9.875; Q90: 4.354, 4.479;
| 6  Horizon | RMSE: 32.247, 32.348; MAE: 19.968, 20.256; MAPE: 11.847, 12.090; Q10: 4.850, 4.852; Q50: 10.115, 10.244; Q90: 4.479, 4.673;
| 12 Horizon | RMSE: 34.133, 35.021; MAE: 21.477, 22.175; MAPE: 12.695, 13.072; Q10: 5.247, 5.317; Q50: 10.889, 11.220; Q90: 4.887, 5.260;
epoch 36 time used: 44  seconds  train loss: 17.431 val loss: 6.517989 test loss: 6.647194
Epoch 37: 
| 3  Horizon | RMSE: 30.892, 30.755; MAE: 19.150, 19.222; MAPE: 11.248, 11.383; Q10: 4.640, 4.616; Q50: 9.717, 9.737; Q90: 4.316, 4.436;
| 6  Horizon | RMSE: 32.078, 32.256; MAE: 19.928, 20.184; MAPE: 11.794, 12.052; Q10: 4.860, 4.879; Q50: 10.103, 10.214; Q90: 4.462, 4.644;
| 12 Horizon | RMSE: 33.735, 34.668; MAE: 21.218, 21.870; MAPE: 12.593, 12.972; Q10: 5.188, 5.290; Q50: 10.765, 11.069; Q90: 4.809, 5.172;
Early stopping at epoch: 37
Model  stgcn7  Best Results:
Epoch 27: 
=        =        Horizon  3        =        =        =        =        Horizon  6        =        =        =        =        Horizon  12       =        =       
RMSE     MAE      MAPE     Q10      Q50      Q90      RMSE     MAE      MAPE     Q10      Q50      Q90      RMSE     MAE      MAPE     Q10      Q50      Q90     
30.680   19.184   11.354   4.605    9.719    4.360    32.191   20.105   11.842   4.835    10.186   4.630    34.780   21.965   12.906   5.281    11.118   5.148   
Model Training Ended ... Thu Dec  7 20:54:54 2023
