nohup: ignoring input
pdate shape is:  (16992,)
./save/pems04_stgcn17_in12_out12_addtimeFalse_adjTrue_lr0.001_hc32_train0.7_val0.1_test0.2_seed233_lossquantile_versionq99start_stq18_s300sl7t900q900_note: training started Sun Oct 15 17:43:17 2023
pdate shape is:  (16992,)
data load........
initial data shape is:  (16992, 307, 3)
train_mean shape : (307,)
train  :  (11873, 24, 307, 3)
val  :  (1697, 24, 307, 3)
test  :  (3388, 24, 307, 3)
Model Training Started ... Sun Oct 15 17:43:19 2023
TIMESTEP_IN, TIMESTEP_OUT 12 12
LOSS is : quantile
CL target length = 1
qcl init quantile loss is [0.010000000000000009, 0.5, 0.99]
Spatial CL target length = 1
Spatial CL target length = 2
Epoch 0: 
| 3  Horizon | RMSE: 37.835, 36.529; MAE: 25.221, 24.397; MAPE: 15.134, 15.006; Q10: 9.917, 9.710; Q50: 12.752, 12.319; Q90: 13.085, 13.287;
| 6  Horizon | RMSE: 41.709, 40.484; MAE: 27.550, 26.877; MAPE: 15.688, 15.702; Q10: 9.951, 9.700; Q50: 13.936, 13.577; Q90: 11.997, 12.060;
| 12 Horizon | RMSE: 51.521, 49.749; MAE: 34.501, 33.588; MAPE: 19.686, 19.605; Q10: 12.062, 11.788; Q50: 17.463, 16.980; Q90: 15.229, 15.364;
epoch 0 time used: 45  seconds  train loss: 17.182 val loss: 12.508664 test loss: 12.323219
Spatial CL target length = 3
Spatial CL target length = 4
Spatial CL target length = 5
Spatial CL target length = 6
Spatial CL target length = 7
Epoch 1: 
| 3  Horizon | RMSE: 32.732, 31.863; MAE: 21.078, 20.537; MAPE: 12.430, 12.480; Q10: 7.204, 7.028; Q50: 10.693, 10.407; Q90: 7.530, 7.391;
| 6  Horizon | RMSE: 34.849, 34.267; MAE: 22.639, 22.318; MAPE: 13.349, 13.554; Q10: 7.909, 7.714; Q50: 11.484, 11.307; Q90: 8.359, 8.190;
| 12 Horizon | RMSE: 38.922, 38.823; MAE: 25.713, 25.820; MAPE: 15.265, 15.854; Q10: 8.814, 8.576; Q50: 13.025, 13.066; Q90: 10.256, 10.088;
epoch 1 time used: 42  seconds  train loss: 13.994 val loss: 9.306308 test loss: 9.133318
Quantile cl loss is [0.009999999999999995, 0.5, 0.99]
Epoch 2: 
| 3  Horizon | RMSE: 33.371, 32.738; MAE: 21.654, 21.268; MAPE: 12.970, 12.957; Q10: 6.471, 6.275; Q50: 10.982, 10.770; Q90: 7.525, 7.444;
| 6  Horizon | RMSE: 35.154, 35.035; MAE: 22.854, 22.795; MAPE: 13.638, 13.835; Q10: 7.385, 7.156; Q50: 11.590, 11.542; Q90: 8.164, 8.090;
| 12 Horizon | RMSE: 37.655, 38.723; MAE: 24.539, 25.245; MAPE: 14.650, 15.416; Q10: 8.120, 7.852; Q50: 12.437, 12.773; Q90: 8.931, 8.964;
epoch 2 time used: 42  seconds  train loss: 12.574 val loss: 8.958204 test loss: 8.86708
Quantile cl loss is [0.020000000000000004, 0.5, 0.98]
Quantile cl loss is [0.03, 0.5, 0.97]
Epoch 3: 
| 3  Horizon | RMSE: 31.692, 31.074; MAE: 20.281, 19.985; MAPE: 11.929, 12.036; Q10: 5.913, 5.796; Q50: 10.299, 10.137; Q90: 5.075, 5.003;
| 6  Horizon | RMSE: 33.659, 33.397; MAE: 21.627, 21.571; MAPE: 12.809, 13.019; Q10: 6.240, 6.131; Q50: 10.988, 10.944; Q90: 5.243, 5.228;
| 12 Horizon | RMSE: 37.742, 38.083; MAE: 24.552, 24.820; MAPE: 14.075, 14.440; Q10: 7.194, 7.095; Q50: 12.471, 12.586; Q90: 6.221, 6.238;
epoch 3 time used: 42  seconds  train loss: 13.573 val loss: 7.63571 test loss: 7.576157
Quantile cl loss is [0.04, 0.5, 0.96]
Quantile cl loss is [0.05, 0.5, 0.95]
Epoch 4: 
| 3  Horizon | RMSE: 31.245, 30.670; MAE: 19.916, 19.560; MAPE: 11.552, 11.543; Q10: 5.072, 4.959; Q50: 10.106, 9.907; Q90: 4.625, 4.599;
| 6  Horizon | RMSE: 32.908, 32.727; MAE: 20.962, 20.839; MAPE: 12.201, 12.255; Q10: 5.443, 5.356; Q50: 10.640, 10.558; Q90: 4.852, 4.874;
| 12 Horizon | RMSE: 35.756, 36.467; MAE: 23.005, 23.352; MAPE: 13.498, 13.783; Q10: 5.940, 5.933; Q50: 11.680, 11.828; Q90: 5.445, 5.591;
epoch 4 time used: 42  seconds  train loss: 14.89 val loss: 6.988956 test loss: 6.959836
Quantile cl loss is [0.06000000000000001, 0.5, 0.94]
Epoch 5: 
| 3  Horizon | RMSE: 31.158, 30.690; MAE: 19.724, 19.433; MAPE: 11.325, 11.369; Q10: 4.851, 4.754; Q50: 10.005, 9.840; Q90: 4.535, 4.524;
| 6  Horizon | RMSE: 32.969, 32.891; MAE: 20.936, 20.842; MAPE: 12.172, 12.228; Q10: 5.272, 5.217; Q50: 10.632, 10.566; Q90: 4.710, 4.747;
| 12 Horizon | RMSE: 36.201, 36.884; MAE: 23.357, 23.649; MAPE: 13.708, 13.891; Q10: 5.872, 5.890; Q50: 11.870, 11.993; Q90: 5.227, 5.381;
epoch 5 time used: 42  seconds  train loss: 15.979 val loss: 6.887547 test loss: 6.876229
Quantile cl loss is [0.07, 0.5, 0.9299999999999999]
Quantile cl loss is [0.08, 0.5, 0.92]
Epoch 6: 
| 3  Horizon | RMSE: 30.914, 30.527; MAE: 19.571, 19.320; MAPE: 11.542, 11.642; Q10: 4.706, 4.626; Q50: 9.916, 9.772; Q90: 4.495, 4.479;
| 6  Horizon | RMSE: 32.445, 32.550; MAE: 20.483, 20.495; MAPE: 11.792, 12.007; Q10: 5.006, 4.988; Q50: 10.391, 10.379; Q90: 4.660, 4.705;
| 12 Horizon | RMSE: 35.373, 36.296; MAE: 22.650, 23.030; MAPE: 13.115, 13.449; Q10: 5.459, 5.542; Q50: 11.500, 11.669; Q90: 5.187, 5.309;
epoch 6 time used: 42  seconds  train loss: 17.077 val loss: 6.727299 test loss: 6.738028
Quantile cl loss is [0.09, 0.5, 0.91]
Quantile cl loss is [0.1, 0.5, 0.9]
Epoch 7: 
| 3  Horizon | RMSE: 32.338, 31.666; MAE: 20.986, 20.581; MAPE: 13.118, 13.297; Q10: 4.857, 4.729; Q50: 10.600, 10.380; Q90: 4.518, 4.501;
| 6  Horizon | RMSE: 32.745, 32.566; MAE: 20.949, 20.819; MAPE: 12.176, 12.429; Q10: 4.906, 4.859; Q50: 10.612, 10.527; Q90: 4.785, 4.851;
| 12 Horizon | RMSE: 35.902, 36.689; MAE: 23.632, 24.105; MAPE: 14.076, 14.808; Q10: 5.467, 5.569; Q50: 11.946, 12.165; Q90: 5.511, 5.733;
epoch 7 time used: 42  seconds  train loss: 17.921 val loss: 6.898709 test loss: 6.893888
Temporal CL length = 2
Epoch 8: 
| 3  Horizon | RMSE: 31.436, 30.769; MAE: 20.469, 20.070; MAPE: 13.457, 13.596; Q10: 4.720, 4.585; Q50: 10.332, 10.115; Q90: 4.484, 4.455;
| 6  Horizon | RMSE: 33.794, 33.425; MAE: 22.067, 21.826; MAPE: 13.420, 13.609; Q10: 5.076, 4.998; Q50: 11.159, 11.018; Q90: 5.199, 5.195;
| 12 Horizon | RMSE: 40.570, 40.771; MAE: 27.672, 27.780; MAPE: 17.442, 17.887; Q10: 6.166, 6.205; Q50: 13.971, 14.006; Q90: 7.229, 7.342;
epoch 8 time used: 42  seconds  train loss: 16.752 val loss: 7.345283 test loss: 7.293152
Temporal CL length = 3
Temporal CL length = 4
Epoch 9: 
| 3  Horizon | RMSE: 30.773, 30.219; MAE: 19.315, 19.017; MAPE: 11.135, 11.222; Q10: 4.581, 4.474; Q50: 9.802, 9.633; Q90: 4.347, 4.332;
| 6  Horizon | RMSE: 34.039, 33.702; MAE: 22.386, 22.211; MAPE: 13.872, 14.174; Q10: 5.149, 5.084; Q50: 11.304, 11.198; Q90: 5.180, 5.197;
| 12 Horizon | RMSE: 41.491, 41.690; MAE: 28.986, 29.054; MAPE: 19.491, 19.993; Q10: 6.634, 6.686; Q50: 14.609, 14.625; Q90: 7.447, 7.567;
epoch 9 time used: 42  seconds  train loss: 17.018 val loss: 7.446703 test loss: 7.419436
Temporal CL length = 5
Temporal CL length = 6
Epoch 10: 
| 3  Horizon | RMSE: 30.292, 30.017; MAE: 19.042, 18.935; MAPE: 11.125, 11.391; Q10: 4.506, 4.431; Q50: 9.648, 9.574; Q90: 4.294, 4.340;
| 6  Horizon | RMSE: 32.228, 32.242; MAE: 20.393, 20.401; MAPE: 11.740, 11.960; Q10: 4.842, 4.787; Q50: 10.350, 10.331; Q90: 4.601, 4.689;
| 12 Horizon | RMSE: 41.233, 41.975; MAE: 29.327, 29.822; MAPE: 21.405, 22.339; Q10: 6.978, 7.166; Q50: 14.761, 14.993; Q90: 7.295, 7.552;
epoch 10 time used: 42  seconds  train loss: 17.217 val loss: 7.376441 test loss: 7.448527
Temporal CL length = 7
Epoch 11: 
| 3  Horizon | RMSE: 30.489, 30.155; MAE: 19.090, 18.898; MAPE: 11.118, 11.176; Q10: 4.533, 4.450; Q50: 9.689, 9.573; Q90: 4.316, 4.331;
| 6  Horizon | RMSE: 32.198, 32.249; MAE: 20.185, 20.171; MAPE: 11.722, 11.905; Q10: 4.857, 4.833; Q50: 10.243, 10.213; Q90: 4.547, 4.620;
| 12 Horizon | RMSE: 39.911, 40.485; MAE: 28.093, 28.387; MAPE: 20.200, 20.927; Q10: 6.834, 6.965; Q50: 14.147, 14.277; Q90: 6.795, 6.977;
epoch 11 time used: 42  seconds  train loss: 17.532 val loss: 7.203361 test loss: 7.237836
Temporal CL length = 8
Temporal CL length = 9
Epoch 12: 
| 3  Horizon | RMSE: 30.761, 30.476; MAE: 19.196, 19.030; MAPE: 11.226, 11.339; Q10: 4.562, 4.489; Q50: 9.735, 9.632; Q90: 4.297, 4.322;
| 6  Horizon | RMSE: 32.232, 32.465; MAE: 20.132, 20.255; MAPE: 11.696, 12.017; Q10: 4.814, 4.818; Q50: 10.209, 10.248; Q90: 4.547, 4.648;
| 12 Horizon | RMSE: 38.017, 39.127; MAE: 26.610, 27.248; MAPE: 19.761, 20.648; Q10: 6.761, 6.956; Q50: 13.388, 13.695; Q90: 6.232, 6.552;
epoch 12 time used: 42  seconds  train loss: 17.786 val loss: 6.940127 test loss: 7.014185
Temporal CL length = 10
Epoch 13: 
| 3  Horizon | RMSE: 30.387, 30.130; MAE: 19.048, 18.944; MAPE: 11.104, 11.324; Q10: 4.518, 4.453; Q50: 9.658, 9.585; Q90: 4.282, 4.328;
| 6  Horizon | RMSE: 31.769, 32.014; MAE: 20.077, 20.222; MAPE: 11.637, 11.860; Q10: 4.769, 4.756; Q50: 10.195, 10.247; Q90: 4.540, 4.676;
| 12 Horizon | RMSE: 39.337, 39.969; MAE: 27.645, 28.015; MAPE: 19.705, 20.506; Q10: 7.254, 7.383; Q50: 13.918, 14.087; Q90: 7.568, 7.777;
epoch 13 time used: 42  seconds  train loss: 18.017 val loss: 6.911588 test loss: 6.969144
Temporal CL length = 11
Temporal CL length = 12
Epoch 14: 
| 3  Horizon | RMSE: 30.630, 30.391; MAE: 19.190, 19.101; MAPE: 11.140, 11.428; Q10: 4.555, 4.497; Q50: 9.738, 9.664; Q90: 4.341, 4.370;
| 6  Horizon | RMSE: 32.045, 32.247; MAE: 20.157, 20.307; MAPE: 11.632, 12.154; Q10: 4.807, 4.806; Q50: 10.225, 10.269; Q90: 4.550, 4.660;
| 12 Horizon | RMSE: 35.014, 35.885; MAE: 22.487, 22.948; MAPE: 13.065, 13.871; Q10: 5.357, 5.508; Q50: 11.408, 11.602; Q90: 5.137, 5.304;
epoch 14 time used: 42  seconds  train loss: 18.239 val loss: 6.575721 test loss: 6.638988
Temporal CL length = 13
Epoch 15: 
| 3  Horizon | RMSE: 30.528, 30.296; MAE: 19.135, 19.004; MAPE: 11.247, 11.296; Q10: 4.556, 4.485; Q50: 9.717, 9.629; Q90: 4.313, 4.355;
| 6  Horizon | RMSE: 31.787, 32.060; MAE: 19.955, 20.126; MAPE: 11.540, 11.808; Q10: 4.742, 4.740; Q50: 10.131, 10.192; Q90: 4.499, 4.642;
| 12 Horizon | RMSE: 34.211, 35.291; MAE: 21.714, 22.371; MAPE: 12.507, 13.414; Q10: 5.167, 5.307; Q50: 11.010, 11.311; Q90: 4.937, 5.183;
epoch 15 time used: 42  seconds  train loss: 18.173 val loss: 6.472004 test loss: 6.550197
Epoch 16: 
| 3  Horizon | RMSE: 30.637, 30.445; MAE: 19.096, 19.105; MAPE: 11.128, 11.578; Q10: 4.560, 4.529; Q50: 9.682, 9.660; Q90: 4.287, 4.352;
| 6  Horizon | RMSE: 31.976, 32.264; MAE: 19.991, 20.301; MAPE: 11.634, 12.387; Q10: 4.778, 4.828; Q50: 10.132, 10.260; Q90: 4.507, 4.658;
| 12 Horizon | RMSE: 34.351, 35.508; MAE: 21.863, 22.599; MAPE: 12.688, 13.682; Q10: 5.224, 5.388; Q50: 11.091, 11.428; Q90: 4.963, 5.237;
epoch 16 time used: 42  seconds  train loss: 18.126 val loss: 6.498125 test loss: 6.61325
Epoch 17: 
| 3  Horizon | RMSE: 30.799, 30.616; MAE: 19.179, 19.127; MAPE: 11.208, 11.500; Q10: 4.564, 4.517; Q50: 9.733, 9.679; Q90: 4.310, 4.352;
| 6  Horizon | RMSE: 32.089, 32.448; MAE: 20.026, 20.355; MAPE: 11.629, 12.444; Q10: 4.791, 4.859; Q50: 10.150, 10.286; Q90: 4.503, 4.642;
| 12 Horizon | RMSE: 34.443, 35.743; MAE: 21.890, 22.744; MAPE: 12.789, 14.206; Q10: 5.257, 5.494; Q50: 11.089, 11.486; Q90: 4.932, 5.205;
epoch 17 time used: 41  seconds  train loss: 18.076 val loss: 6.515264 test loss: 6.641216
Epoch 18: 
| 3  Horizon | RMSE: 30.756, 30.642; MAE: 19.094, 19.198; MAPE: 11.000, 11.679; Q10: 4.555, 4.554; Q50: 9.682, 9.706; Q90: 4.292, 4.373;
| 6  Horizon | RMSE: 32.067, 32.482; MAE: 19.885, 20.339; MAPE: 11.492, 12.560; Q10: 4.772, 4.885; Q50: 10.074, 10.273; Q90: 4.485, 4.661;
| 12 Horizon | RMSE: 34.303, 35.742; MAE: 21.608, 22.639; MAPE: 12.355, 13.883; Q10: 5.213, 5.420; Q50: 10.954, 11.439; Q90: 4.889, 5.211;
epoch 18 time used: 41  seconds  train loss: 18.033 val loss: 6.46085 test loss: 6.631617
Epoch 19: 
| 3  Horizon | RMSE: 30.732, 30.603; MAE: 19.167, 19.252; MAPE: 11.005, 11.564; Q10: 4.555, 4.542; Q50: 9.718, 9.733; Q90: 4.347, 4.436;
| 6  Horizon | RMSE: 31.983, 32.357; MAE: 19.924, 20.364; MAPE: 11.536, 12.459; Q10: 4.765, 4.828; Q50: 10.092, 10.286; Q90: 4.506, 4.695;
| 12 Horizon | RMSE: 34.539, 35.744; MAE: 21.874, 22.645; MAPE: 12.509, 13.414; Q10: 5.191, 5.367; Q50: 11.104, 11.458; Q90: 5.008, 5.308;
epoch 19 time used: 41  seconds  train loss: 17.992 val loss: 6.518011 test loss: 6.665001
Epoch 20: 
| 3  Horizon | RMSE: 30.672, 30.554; MAE: 19.116, 19.157; MAPE: 11.090, 11.554; Q10: 4.560, 4.525; Q50: 9.696, 9.688; Q90: 4.290, 4.365;
| 6  Horizon | RMSE: 31.949, 32.278; MAE: 19.917, 20.196; MAPE: 11.565, 12.125; Q10: 4.779, 4.806; Q50: 10.106, 10.216; Q90: 4.489, 4.637;
| 12 Horizon | RMSE: 34.296, 35.420; MAE: 21.756, 22.391; MAPE: 12.739, 13.530; Q10: 5.215, 5.367; Q50: 11.045, 11.328; Q90: 4.932, 5.168;
epoch 20 time used: 41  seconds  train loss: 17.907 val loss: 6.483682 test loss: 6.593188
Epoch 21: 
| 3  Horizon | RMSE: 30.784, 30.551; MAE: 19.050, 19.024; MAPE: 11.112, 11.458; Q10: 4.561, 4.515; Q50: 9.666, 9.625; Q90: 4.271, 4.326;
| 6  Horizon | RMSE: 32.002, 32.222; MAE: 19.815, 20.091; MAPE: 11.461, 12.161; Q10: 4.768, 4.787; Q50: 10.049, 10.159; Q90: 4.460, 4.601;
| 12 Horizon | RMSE: 34.266, 35.310; MAE: 21.550, 22.244; MAPE: 12.521, 13.654; Q10: 5.200, 5.363; Q50: 10.929, 11.244; Q90: 4.859, 5.107;
epoch 21 time used: 41  seconds  train loss: 17.879 val loss: 6.446297 test loss: 6.54937
Epoch 22: 
| 3  Horizon | RMSE: 30.684, 30.534; MAE: 19.033, 19.131; MAPE: 10.990, 11.706; Q10: 4.548, 4.532; Q50: 9.649, 9.668; Q90: 4.275, 4.350;
| 6  Horizon | RMSE: 31.943, 32.247; MAE: 19.809, 20.187; MAPE: 11.385, 12.346; Q10: 4.754, 4.811; Q50: 10.042, 10.200; Q90: 4.476, 4.629;
| 12 Horizon | RMSE: 34.219, 35.377; MAE: 21.539, 22.384; MAPE: 12.453, 13.941; Q10: 5.161, 5.376; Q50: 10.914, 11.304; Q90: 4.900, 5.160;
epoch 22 time used: 41  seconds  train loss: 17.86 val loss: 6.445808 test loss: 6.589428
Epoch 23: 
| 3  Horizon | RMSE: 30.732, 30.584; MAE: 19.051, 19.093; MAPE: 11.170, 11.623; Q10: 4.559, 4.538; Q50: 9.656, 9.653; Q90: 4.273, 4.338;
| 6  Horizon | RMSE: 31.967, 32.317; MAE: 19.785, 20.141; MAPE: 11.502, 12.184; Q10: 4.753, 4.800; Q50: 10.031, 10.184; Q90: 4.455, 4.613;
| 12 Horizon | RMSE: 34.139, 35.426; MAE: 21.413, 22.224; MAPE: 12.429, 13.353; Q10: 5.159, 5.333; Q50: 10.867, 11.244; Q90: 4.849, 5.142;
epoch 23 time used: 41  seconds  train loss: 17.834 val loss: 6.435295 test loss: 6.566868
Epoch 24: 
| 3  Horizon | RMSE: 30.734, 30.570; MAE: 19.005, 19.073; MAPE: 11.056, 11.687; Q10: 4.559, 4.535; Q50: 9.637, 9.641; Q90: 4.259, 4.335;
| 6  Horizon | RMSE: 31.938, 32.231; MAE: 19.751, 20.084; MAPE: 11.385, 12.145; Q10: 4.765, 4.787; Q50: 10.020, 10.155; Q90: 4.447, 4.610;
| 12 Horizon | RMSE: 34.165, 35.328; MAE: 21.383, 22.236; MAPE: 12.344, 13.775; Q10: 5.171, 5.379; Q50: 10.843, 11.235; Q90: 4.835, 5.117;
epoch 24 time used: 41  seconds  train loss: 17.814 val loss: 6.430268 test loss: 6.566343
Epoch 25: 
| 3  Horizon | RMSE: 30.631, 30.539; MAE: 18.985, 19.087; MAPE: 11.035, 11.651; Q10: 4.538, 4.521; Q50: 9.627, 9.649; Q90: 4.266, 4.351;
| 6  Horizon | RMSE: 31.826, 32.212; MAE: 19.737, 20.143; MAPE: 11.374, 12.239; Q10: 4.740, 4.790; Q50: 10.009, 10.182; Q90: 4.450, 4.624;
| 12 Horizon | RMSE: 33.956, 35.275; MAE: 21.366, 22.309; MAPE: 12.297, 13.742; Q10: 5.142, 5.360; Q50: 10.834, 11.273; Q90: 4.844, 5.163;
epoch 25 time used: 41  seconds  train loss: 17.752 val loss: 6.420454 test loss: 6.576122
Epoch 26: 
| 3  Horizon | RMSE: 30.732, 30.636; MAE: 18.989, 19.092; MAPE: 11.060, 11.641; Q10: 4.558, 4.551; Q50: 9.628, 9.652; Q90: 4.262, 4.344;
| 6  Horizon | RMSE: 31.913, 32.313; MAE: 19.729, 20.150; MAPE: 11.410, 12.285; Q10: 4.750, 4.815; Q50: 10.002, 10.184; Q90: 4.450, 4.620;
| 12 Horizon | RMSE: 34.296, 35.635; MAE: 21.655, 22.658; MAPE: 13.075, 14.794; Q10: 5.205, 5.482; Q50: 10.957, 11.431; Q90: 4.861, 5.146;
epoch 26 time used: 41  seconds  train loss: 17.733 val loss: 6.429979 test loss: 6.591944
Epoch 27: 
| 3  Horizon | RMSE: 30.682, 30.545; MAE: 18.980, 19.010; MAPE: 11.033, 11.425; Q10: 4.547, 4.505; Q50: 9.631, 9.619; Q90: 4.260, 4.338;
| 6  Horizon | RMSE: 31.879, 32.212; MAE: 19.767, 20.080; MAPE: 11.386, 11.974; Q10: 4.751, 4.769; Q50: 10.031, 10.159; Q90: 4.452, 4.624;
| 12 Horizon | RMSE: 34.036, 35.192; MAE: 21.386, 22.154; MAPE: 12.320, 13.377; Q10: 5.151, 5.313; Q50: 10.852, 11.203; Q90: 4.857, 5.139;
epoch 27 time used: 41  seconds  train loss: 17.723 val loss: 6.420442 test loss: 6.543963
Epoch 28: 
| 3  Horizon | RMSE: 30.571, 30.501; MAE: 19.003, 19.119; MAPE: 10.932, 11.520; Q10: 4.538, 4.514; Q50: 9.638, 9.668; Q90: 4.281, 4.383;
| 6  Horizon | RMSE: 31.780, 32.193; MAE: 19.726, 20.192; MAPE: 11.280, 12.230; Q10: 4.730, 4.792; Q50: 10.001, 10.204; Q90: 4.468, 4.666;
| 12 Horizon | RMSE: 33.926, 35.173; MAE: 21.318, 22.231; MAPE: 12.175, 13.463; Q10: 5.124, 5.310; Q50: 10.815, 11.239; Q90: 4.841, 5.170;
epoch 28 time used: 42  seconds  train loss: 17.707 val loss: 6.417119 test loss: 6.579042
Epoch 29: 
| 3  Horizon | RMSE: 30.632, 30.469; MAE: 18.942, 18.967; MAPE: 11.015, 11.441; Q10: 4.533, 4.490; Q50: 9.609, 9.594; Q90: 4.255, 4.331;
| 6  Horizon | RMSE: 31.826, 32.124; MAE: 19.702, 20.002; MAPE: 11.392, 11.954; Q10: 4.735, 4.755; Q50: 9.999, 10.120; Q90: 4.453, 4.618;
| 12 Horizon | RMSE: 33.892, 35.147; MAE: 21.230, 22.162; MAPE: 12.298, 13.711; Q10: 5.127, 5.348; Q50: 10.762, 11.197; Q90: 4.813, 5.127;
epoch 29 time used: 41  seconds  train loss: 17.691 val loss: 6.402816 test loss: 6.540129
Epoch 30: 
| 3  Horizon | RMSE: 30.567, 30.437; MAE: 18.974, 19.066; MAPE: 10.972, 11.518; Q10: 4.530, 4.498; Q50: 9.623, 9.641; Q90: 4.269, 4.360;
| 6  Horizon | RMSE: 31.787, 32.094; MAE: 19.673, 20.084; MAPE: 11.383, 12.275; Q10: 4.732, 4.784; Q50: 9.974, 10.150; Q90: 4.434, 4.611;
| 12 Horizon | RMSE: 33.901, 35.066; MAE: 21.266, 22.190; MAPE: 12.359, 13.838; Q10: 5.146, 5.373; Q50: 10.778, 11.208; Q90: 4.807, 5.101;
epoch 30 time used: 39  seconds  train loss: 17.651 val loss: 6.403016 test loss: 6.555348
Epoch 31: 
| 3  Horizon | RMSE: 30.590, 30.444; MAE: 18.936, 19.046; MAPE: 10.974, 11.602; Q10: 4.525, 4.502; Q50: 9.601, 9.628; Q90: 4.259, 4.350;
| 6  Horizon | RMSE: 31.796, 32.104; MAE: 19.657, 20.056; MAPE: 11.293, 12.113; Q10: 4.729, 4.767; Q50: 9.970, 10.140; Q90: 4.443, 4.623;
| 12 Horizon | RMSE: 33.918, 35.102; MAE: 21.216, 22.140; MAPE: 12.286, 13.727; Q10: 5.121, 5.325; Q50: 10.755, 11.186; Q90: 4.808, 5.122;
epoch 31 time used: 39  seconds  train loss: 17.641 val loss: 6.392544 test loss: 6.543318
Epoch 32: 
| 3  Horizon | RMSE: 30.571, 30.428; MAE: 18.935, 19.015; MAPE: 10.938, 11.487; Q10: 4.526, 4.503; Q50: 9.601, 9.614; Q90: 4.257, 4.346;
| 6  Horizon | RMSE: 31.780, 32.075; MAE: 19.657, 20.045; MAPE: 11.341, 12.206; Q10: 4.730, 4.777; Q50: 9.964, 10.130; Q90: 4.431, 4.602;
| 12 Horizon | RMSE: 33.895, 35.033; MAE: 21.240, 22.104; MAPE: 12.227, 13.550; Q10: 5.124, 5.325; Q50: 10.769, 11.170; Q90: 4.826, 5.133;
epoch 32 time used: 39  seconds  train loss: 17.631 val loss: 6.397293 test loss: 6.544169
Epoch 33: 
| 3  Horizon | RMSE: 30.637, 30.561; MAE: 18.973, 19.067; MAPE: 10.939, 11.455; Q10: 4.531, 4.503; Q50: 9.623, 9.643; Q90: 4.271, 4.364;
| 6  Horizon | RMSE: 31.833, 32.228; MAE: 19.687, 20.095; MAPE: 11.311, 12.128; Q10: 4.740, 4.800; Q50: 9.983, 10.159; Q90: 4.445, 4.628;
| 12 Horizon | RMSE: 33.941, 35.208; MAE: 21.229, 22.131; MAPE: 12.243, 13.530; Q10: 5.134, 5.328; Q50: 10.766, 11.185; Q90: 4.809, 5.126;
epoch 33 time used: 39  seconds  train loss: 17.625 val loss: 6.403293 test loss: 6.556837
Epoch 34: 
| 3  Horizon | RMSE: 30.673, 30.551; MAE: 18.940, 19.009; MAPE: 10.990, 11.468; Q10: 4.539, 4.513; Q50: 9.604, 9.613; Q90: 4.250, 4.331;
| 6  Horizon | RMSE: 31.963, 32.306; MAE: 19.697, 20.080; MAPE: 11.397, 12.186; Q10: 4.757, 4.822; Q50: 9.985, 10.149; Q90: 4.430, 4.600;
| 12 Horizon | RMSE: 34.143, 35.377; MAE: 21.337, 22.237; MAPE: 12.489, 13.879; Q10: 5.175, 5.418; Q50: 10.809, 11.229; Q90: 4.806, 5.099;
epoch 34 time used: 39  seconds  train loss: 17.613 val loss: 6.407214 test loss: 6.558153
Epoch 35: 
| 3  Horizon | RMSE: 30.630, 30.500; MAE: 18.950, 19.069; MAPE: 11.020, 11.698; Q10: 4.539, 4.525; Q50: 9.605, 9.637; Q90: 4.250, 4.341;
| 6  Horizon | RMSE: 31.840, 32.148; MAE: 19.685, 20.082; MAPE: 11.356, 12.265; Q10: 4.741, 4.791; Q50: 9.980, 10.147; Q90: 4.440, 4.617;
| 12 Horizon | RMSE: 33.963, 35.098; MAE: 21.302, 22.134; MAPE: 12.211, 13.477; Q10: 5.134, 5.296; Q50: 10.806, 11.187; Q90: 4.845, 5.150;
epoch 35 time used: 39  seconds  train loss: 17.583 val loss: 6.403766 test loss: 6.548552
Epoch 36: 
| 3  Horizon | RMSE: 30.658, 30.525; MAE: 18.946, 19.068; MAPE: 10.990, 11.660; Q10: 4.532, 4.511; Q50: 9.605, 9.637; Q90: 4.251, 4.347;
| 6  Horizon | RMSE: 31.898, 32.193; MAE: 19.682, 20.093; MAPE: 11.372, 12.329; Q10: 4.742, 4.803; Q50: 9.976, 10.152; Q90: 4.437, 4.614;
| 12 Horizon | RMSE: 34.016, 35.111; MAE: 21.280, 22.128; MAPE: 12.248, 13.637; Q10: 5.133, 5.327; Q50: 10.789, 11.180; Q90: 4.829, 5.130;
epoch 36 time used: 39  seconds  train loss: 17.58 val loss: 6.400995 test loss: 6.551174
Epoch 37: 
| 3  Horizon | RMSE: 30.646, 30.527; MAE: 18.912, 19.011; MAPE: 10.963, 11.516; Q10: 4.531, 4.501; Q50: 9.590, 9.611; Q90: 4.247, 4.334;
| 6  Horizon | RMSE: 31.855, 32.196; MAE: 19.656, 20.045; MAPE: 11.297, 12.073; Q10: 4.736, 4.772; Q50: 9.968, 10.133; Q90: 4.439, 4.619;
| 12 Horizon | RMSE: 34.000, 35.161; MAE: 21.231, 22.074; MAPE: 12.217, 13.466; Q10: 5.135, 5.312; Q50: 10.767, 11.155; Q90: 4.811, 5.112;
epoch 37 time used: 39  seconds  train loss: 17.572 val loss: 6.392883 test loss: 6.534869
Epoch 38: 
| 3  Horizon | RMSE: 30.693, 30.548; MAE: 18.919, 19.011; MAPE: 10.941, 11.489; Q10: 4.536, 4.503; Q50: 9.594, 9.613; Q90: 4.250, 4.339;
| 6  Horizon | RMSE: 31.928, 32.225; MAE: 19.651, 20.013; MAPE: 11.304, 12.045; Q10: 4.742, 4.769; Q50: 9.968, 10.120; Q90: 4.430, 4.603;
| 12 Horizon | RMSE: 34.050, 35.192; MAE: 21.226, 22.066; MAPE: 12.222, 13.451; Q10: 5.138, 5.326; Q50: 10.768, 11.154; Q90: 4.819, 5.126;
epoch 38 time used: 39  seconds  train loss: 17.564 val loss: 6.397939 test loss: 6.538681
Epoch 39: 
| 3  Horizon | RMSE: 30.631, 30.521; MAE: 18.900, 19.015; MAPE: 10.962, 11.555; Q10: 4.534, 4.516; Q50: 9.584, 9.614; Q90: 4.243, 4.333;
| 6  Horizon | RMSE: 31.840, 32.190; MAE: 19.630, 20.043; MAPE: 11.299, 12.155; Q10: 4.736, 4.787; Q50: 9.955, 10.131; Q90: 4.427, 4.609;
| 12 Horizon | RMSE: 33.916, 35.143; MAE: 21.155, 22.060; MAPE: 12.189, 13.510; Q10: 5.121, 5.326; Q50: 10.730, 11.149; Q90: 4.791, 5.104;
epoch 39 time used: 39  seconds  train loss: 17.558 val loss: 6.385027 test loss: 6.539331
Epoch 40: 
| 3  Horizon | RMSE: 30.623, 30.531; MAE: 18.908, 19.055; MAPE: 10.943, 11.618; Q10: 4.528, 4.509; Q50: 9.586, 9.631; Q90: 4.245, 4.345;
| 6  Horizon | RMSE: 31.852, 32.218; MAE: 19.678, 20.081; MAPE: 11.291, 12.057; Q10: 4.736, 4.777; Q50: 9.983, 10.154; Q90: 4.442, 4.633;
| 12 Horizon | RMSE: 33.973, 35.191; MAE: 21.240, 22.157; MAPE: 12.238, 13.626; Q10: 5.137, 5.332; Q50: 10.770, 11.195; Q90: 4.813, 5.131;
epoch 40 time used: 39  seconds  train loss: 17.538 val loss: 6.392782 test loss: 6.552481
Epoch 41: 
| 3  Horizon | RMSE: 30.696, 30.598; MAE: 18.912, 19.035; MAPE: 10.967, 11.554; Q10: 4.535, 4.511; Q50: 9.592, 9.624; Q90: 4.242, 4.337;
| 6  Horizon | RMSE: 31.936, 32.312; MAE: 19.649, 20.085; MAPE: 11.327, 12.213; Q10: 4.744, 4.804; Q50: 9.964, 10.151; Q90: 4.424, 4.608;
| 12 Horizon | RMSE: 34.058, 35.303; MAE: 21.236, 22.172; MAPE: 12.231, 13.650; Q10: 5.141, 5.358; Q50: 10.767, 11.202; Q90: 4.808, 5.124;
epoch 41 time used: 39  seconds  train loss: 17.533 val loss: 6.39361 test loss: 6.554929
Epoch 42: 
| 3  Horizon | RMSE: 30.672, 30.581; MAE: 18.917, 19.053; MAPE: 10.956, 11.593; Q10: 4.533, 4.520; Q50: 9.591, 9.632; Q90: 4.247, 4.342;
| 6  Horizon | RMSE: 31.891, 32.262; MAE: 19.644, 20.071; MAPE: 11.312, 12.188; Q10: 4.737, 4.788; Q50: 9.962, 10.145; Q90: 4.432, 4.614;
| 12 Horizon | RMSE: 33.994, 35.229; MAE: 21.197, 22.122; MAPE: 12.265, 13.686; Q10: 5.136, 5.354; Q50: 10.747, 11.177; Q90: 4.802, 5.114;
epoch 42 time used: 39  seconds  train loss: 17.53 val loss: 6.391339 test loss: 6.552626
Epoch 43: 
| 3  Horizon | RMSE: 30.681, 30.566; MAE: 18.901, 19.001; MAPE: 10.968, 11.490; Q10: 4.533, 4.505; Q50: 9.586, 9.608; Q90: 4.251, 4.337;
| 6  Horizon | RMSE: 31.929, 32.278; MAE: 19.627, 20.030; MAPE: 11.348, 12.142; Q10: 4.741, 4.787; Q50: 9.954, 10.125; Q90: 4.424, 4.600;
| 12 Horizon | RMSE: 34.016, 35.232; MAE: 21.186, 22.060; MAPE: 12.220, 13.426; Q10: 5.129, 5.320; Q50: 10.748, 11.151; Q90: 4.802, 5.112;
epoch 43 time used: 39  seconds  train loss: 17.527 val loss: 6.388153 test loss: 6.536047
Epoch 44: 
| 3  Horizon | RMSE: 30.643, 30.526; MAE: 18.916, 18.974; MAPE: 10.956, 11.339; Q10: 4.530, 4.486; Q50: 9.598, 9.600; Q90: 4.250, 4.338;
| 6  Horizon | RMSE: 31.879, 32.217; MAE: 19.625, 19.986; MAPE: 11.306, 11.960; Q10: 4.735, 4.765; Q50: 9.957, 10.108; Q90: 4.435, 4.618;
| 12 Horizon | RMSE: 33.986, 35.160; MAE: 21.185, 22.034; MAPE: 12.192, 13.380; Q10: 5.128, 5.306; Q50: 10.746, 11.138; Q90: 4.795, 5.105;
epoch 44 time used: 39  seconds  train loss: 17.521 val loss: 6.388471 test loss: 6.525689
Epoch 45: 
| 3  Horizon | RMSE: 30.651, 30.529; MAE: 18.884, 19.001; MAPE: 10.930, 11.530; Q10: 4.526, 4.502; Q50: 9.577, 9.606; Q90: 4.240, 4.329;
| 6  Horizon | RMSE: 31.845, 32.179; MAE: 19.616, 20.019; MAPE: 11.262, 12.095; Q10: 4.732, 4.782; Q50: 9.949, 10.120; Q90: 4.424, 4.607;
| 12 Horizon | RMSE: 33.980, 35.110; MAE: 21.168, 22.024; MAPE: 12.188, 13.478; Q10: 5.129, 5.325; Q50: 10.736, 11.130; Q90: 4.791, 5.086;
epoch 45 time used: 39  seconds  train loss: 17.507 val loss: 6.380527 test loss: 6.528275
Epoch 46: 
| 3  Horizon | RMSE: 30.654, 30.565; MAE: 18.909, 19.047; MAPE: 10.958, 11.580; Q10: 4.532, 4.511; Q50: 9.589, 9.629; Q90: 4.245, 4.343;
| 6  Horizon | RMSE: 31.884, 32.250; MAE: 19.632, 20.069; MAPE: 11.325, 12.211; Q10: 4.743, 4.808; Q50: 9.955, 10.143; Q90: 4.428, 4.616;
| 12 Horizon | RMSE: 33.987, 35.193; MAE: 21.197, 22.101; MAPE: 12.223, 13.574; Q10: 5.132, 5.327; Q50: 10.750, 11.167; Q90: 4.809, 5.125;
epoch 46 time used: 39  seconds  train loss: 17.503 val loss: 6.389423 test loss: 6.550472
Epoch 47: 
| 3  Horizon | RMSE: 30.710, 30.631; MAE: 18.899, 19.058; MAPE: 10.962, 11.630; Q10: 4.534, 4.522; Q50: 9.582, 9.633; Q90: 4.243, 4.343;
| 6  Horizon | RMSE: 31.931, 32.330; MAE: 19.618, 20.088; MAPE: 11.314, 12.259; Q10: 4.743, 4.810; Q50: 9.946, 10.151; Q90: 4.423, 4.615;
| 12 Horizon | RMSE: 34.046, 35.311; MAE: 21.161, 22.137; MAPE: 12.246, 13.737; Q10: 5.139, 5.376; Q50: 10.727, 11.182; Q90: 4.788, 5.110;
epoch 47 time used: 39  seconds  train loss: 17.501 val loss: 6.384977 test loss: 6.559095
Epoch 48: 
| 3  Horizon | RMSE: 30.669, 30.571; MAE: 18.896, 19.009; MAPE: 10.923, 11.468; Q10: 4.530, 4.502; Q50: 9.582, 9.611; Q90: 4.244, 4.341;
| 6  Horizon | RMSE: 31.901, 32.260; MAE: 19.615, 20.033; MAPE: 11.289, 12.125; Q10: 4.737, 4.783; Q50: 9.945, 10.125; Q90: 4.418, 4.603;
| 12 Horizon | RMSE: 34.016, 35.203; MAE: 21.160, 22.064; MAPE: 12.230, 13.585; Q10: 5.139, 5.353; Q50: 10.728, 11.147; Q90: 4.787, 5.092;
epoch 48 time used: 39  seconds  train loss: 17.497 val loss: 6.38245 test loss: 6.535687
Epoch 49: 
| 3  Horizon | RMSE: 30.711, 30.624; MAE: 18.904, 19.028; MAPE: 10.964, 11.544; Q10: 4.539, 4.519; Q50: 9.586, 9.620; Q90: 4.242, 4.337;
| 6  Horizon | RMSE: 31.902, 32.299; MAE: 19.618, 20.059; MAPE: 11.304, 12.162; Q10: 4.742, 4.802; Q50: 9.948, 10.139; Q90: 4.424, 4.616;
| 12 Horizon | RMSE: 33.984, 35.283; MAE: 21.150, 22.157; MAPE: 12.253, 13.754; Q10: 5.138, 5.384; Q50: 10.720, 11.192; Q90: 4.780, 5.113;
epoch 49 time used: 39  seconds  train loss: 17.494 val loss: 6.38409 test loss: 6.553808
Epoch 50: 
| 3  Horizon | RMSE: 30.682, 30.624; MAE: 18.903, 19.046; MAPE: 10.930, 11.512; Q10: 4.531, 4.510; Q50: 9.588, 9.630; Q90: 4.246, 4.348;
| 6  Horizon | RMSE: 31.921, 32.348; MAE: 19.626, 20.088; MAPE: 11.293, 12.172; Q10: 4.740, 4.805; Q50: 9.953, 10.153; Q90: 4.423, 4.618;
| 12 Horizon | RMSE: 34.041, 35.336; MAE: 21.181, 22.120; MAPE: 12.201, 13.517; Q10: 5.136, 5.352; Q50: 10.744, 11.179; Q90: 4.804, 5.129;
epoch 50 time used: 39  seconds  train loss: 17.485 val loss: 6.387244 test loss: 6.554716
Epoch 51: 
| 3  Horizon | RMSE: 30.683, 30.599; MAE: 18.903, 19.016; MAPE: 10.946, 11.480; Q10: 4.533, 4.508; Q50: 9.587, 9.616; Q90: 4.244, 4.339;
| 6  Horizon | RMSE: 31.901, 32.290; MAE: 19.654, 20.063; MAPE: 11.285, 12.074; Q10: 4.740, 4.787; Q50: 9.968, 10.143; Q90: 4.434, 4.622;
| 12 Horizon | RMSE: 34.029, 35.245; MAE: 21.230, 22.094; MAPE: 12.221, 13.463; Q10: 5.139, 5.331; Q50: 10.767, 11.166; Q90: 4.819, 5.133;
epoch 51 time used: 39  seconds  train loss: 17.483 val loss: 6.393768 test loss: 6.547313
Epoch 52: 
| 3  Horizon | RMSE: 30.671, 30.609; MAE: 18.889, 19.031; MAPE: 10.921, 11.500; Q10: 4.529, 4.510; Q50: 9.580, 9.623; Q90: 4.241, 4.341;
| 6  Horizon | RMSE: 31.887, 32.306; MAE: 19.604, 20.066; MAPE: 11.275, 12.157; Q10: 4.734, 4.796; Q50: 9.941, 10.142; Q90: 4.419, 4.615;
| 12 Horizon | RMSE: 34.019, 35.270; MAE: 21.132, 22.071; MAPE: 12.198, 13.564; Q10: 5.131, 5.351; Q50: 10.716, 11.152; Q90: 4.780, 5.097;
epoch 52 time used: 39  seconds  train loss: 17.48 val loss: 6.37855 test loss: 6.546495
Epoch 53: 
| 3  Horizon | RMSE: 30.670, 30.601; MAE: 18.898, 19.073; MAPE: 10.937, 11.641; Q10: 4.531, 4.526; Q50: 9.582, 9.641; Q90: 4.242, 4.347;
| 6  Horizon | RMSE: 31.896, 32.291; MAE: 19.610, 20.078; MAPE: 11.276, 12.214; Q10: 4.736, 4.805; Q50: 9.944, 10.148; Q90: 4.422, 4.616;
| 12 Horizon | RMSE: 33.993, 35.242; MAE: 21.136, 22.100; MAPE: 12.194, 13.664; Q10: 5.126, 5.354; Q50: 10.716, 11.165; Q90: 4.784, 5.107;
epoch 53 time used: 39  seconds  train loss: 17.479 val loss: 6.381324 test loss: 6.553678
Epoch 54: 
| 3  Horizon | RMSE: 30.691, 30.609; MAE: 18.882, 19.007; MAPE: 10.923, 11.477; Q10: 4.529, 4.508; Q50: 9.577, 9.611; Q90: 4.238, 4.333;
| 6  Horizon | RMSE: 31.925, 32.315; MAE: 19.605, 20.032; MAPE: 11.288, 12.106; Q10: 4.738, 4.795; Q50: 9.943, 10.127; Q90: 4.417, 4.603;
| 12 Horizon | RMSE: 34.032, 35.281; MAE: 21.162, 22.068; MAPE: 12.206, 13.488; Q10: 5.132, 5.341; Q50: 10.733, 11.153; Q90: 4.798, 5.114;
epoch 54 time used: 39  seconds  train loss: 17.477 val loss: 6.381611 test loss: 6.540614
Epoch 55: 
| 3  Horizon | RMSE: 30.691, 30.624; MAE: 18.885, 19.021; MAPE: 10.932, 11.504; Q10: 4.532, 4.517; Q50: 9.578, 9.618; Q90: 4.242, 4.339;
| 6  Horizon | RMSE: 31.921, 32.341; MAE: 19.607, 20.066; MAPE: 11.296, 12.194; Q10: 4.743, 4.816; Q50: 9.941, 10.141; Q90: 4.418, 4.610;
| 12 Horizon | RMSE: 34.025, 35.309; MAE: 21.142, 22.082; MAPE: 12.192, 13.570; Q10: 5.133, 5.356; Q50: 10.720, 11.157; Q90: 4.788, 5.104;
epoch 55 time used: 39  seconds  train loss: 17.469 val loss: 6.380738 test loss: 6.548352
Epoch 56: 
| 3  Horizon | RMSE: 30.696, 30.618; MAE: 18.885, 19.032; MAPE: 10.934, 11.544; Q10: 4.530, 4.514; Q50: 9.577, 9.623; Q90: 4.241, 4.343;
| 6  Horizon | RMSE: 31.912, 32.318; MAE: 19.612, 20.075; MAPE: 11.279, 12.180; Q10: 4.738, 4.800; Q50: 9.944, 10.146; Q90: 4.425, 4.623;
| 12 Horizon | RMSE: 34.019, 35.272; MAE: 21.133, 22.087; MAPE: 12.191, 13.605; Q10: 5.134, 5.363; Q50: 10.716, 11.159; Q90: 4.787, 5.109;
epoch 56 time used: 39  seconds  train loss: 17.468 val loss: 6.380674 test loss: 6.550431
Epoch 57: 
| 3  Horizon | RMSE: 30.662, 30.573; MAE: 18.881, 19.012; MAPE: 10.921, 11.499; Q10: 4.527, 4.505; Q50: 9.576, 9.613; Q90: 4.239, 4.337;
| 6  Horizon | RMSE: 31.892, 32.274; MAE: 19.596, 20.043; MAPE: 11.288, 12.177; Q10: 4.737, 4.798; Q50: 9.936, 10.130; Q90: 4.415, 4.604;
| 12 Horizon | RMSE: 33.968, 35.210; MAE: 21.135, 22.066; MAPE: 12.157, 13.493; Q10: 5.121, 5.326; Q50: 10.719, 11.152; Q90: 4.798, 5.127;
epoch 57 time used: 39  seconds  train loss: 17.467 val loss: 6.377976 test loss: 6.541291
Epoch 58: 
| 3  Horizon | RMSE: 30.700, 30.612; MAE: 18.891, 19.023; MAPE: 10.917, 11.499; Q10: 4.531, 4.510; Q50: 9.581, 9.618; Q90: 4.239, 4.337;
| 6  Horizon | RMSE: 31.937, 32.308; MAE: 19.617, 20.044; MAPE: 11.271, 12.118; Q10: 4.741, 4.796; Q50: 9.949, 10.132; Q90: 4.421, 4.609;
| 12 Horizon | RMSE: 34.062, 35.251; MAE: 21.174, 22.052; MAPE: 12.175, 13.452; Q10: 5.134, 5.331; Q50: 10.740, 11.144; Q90: 4.804, 5.116;
epoch 58 time used: 39  seconds  train loss: 17.464 val loss: 6.385646 test loss: 6.541111
Epoch 59: 
| 3  Horizon | RMSE: 30.686, 30.606; MAE: 18.894, 19.038; MAPE: 10.915, 11.523; Q10: 4.530, 4.515; Q50: 9.581, 9.625; Q90: 4.244, 4.344;
| 6  Horizon | RMSE: 31.923, 32.309; MAE: 19.614, 20.063; MAPE: 11.273, 12.157; Q10: 4.738, 4.798; Q50: 9.946, 10.141; Q90: 4.425, 4.620;
| 12 Horizon | RMSE: 34.041, 35.276; MAE: 21.151, 22.100; MAPE: 12.191, 13.618; Q10: 5.133, 5.352; Q50: 10.724, 11.166; Q90: 4.794, 5.120;
epoch 59 time used: 39  seconds  train loss: 17.463 val loss: 6.383669 test loss: 6.550683
Epoch 60: 
| 3  Horizon | RMSE: 30.716, 30.635; MAE: 18.896, 19.025; MAPE: 10.935, 11.491; Q10: 4.533, 4.512; Q50: 9.584, 9.620; Q90: 4.243, 4.341;
| 6  Horizon | RMSE: 31.956, 32.350; MAE: 19.627, 20.069; MAPE: 11.287, 12.151; Q10: 4.744, 4.804; Q50: 9.953, 10.144; Q90: 4.427, 4.620;
| 12 Horizon | RMSE: 34.101, 35.327; MAE: 21.194, 22.107; MAPE: 12.228, 13.589; Q10: 5.145, 5.358; Q50: 10.747, 11.170; Q90: 4.805, 5.117;
epoch 60 time used: 39  seconds  train loss: 17.457 val loss: 6.388559 test loss: 6.549527
Epoch 61: 
| 3  Horizon | RMSE: 30.686, 30.614; MAE: 18.895, 19.039; MAPE: 10.932, 11.540; Q10: 4.531, 4.513; Q50: 9.583, 9.627; Q90: 4.244, 4.345;
| 6  Horizon | RMSE: 31.921, 32.314; MAE: 19.615, 20.061; MAPE: 11.298, 12.190; Q10: 4.743, 4.803; Q50: 9.947, 10.140; Q90: 4.424, 4.615;
| 12 Horizon | RMSE: 34.024, 35.271; MAE: 21.155, 22.097; MAPE: 12.212, 13.636; Q10: 5.140, 5.363; Q50: 10.728, 11.165; Q90: 4.791, 5.110;
epoch 61 time used: 39  seconds  train loss: 17.457 val loss: 6.384475 test loss: 6.551609
Epoch 62: 
| 3  Horizon | RMSE: 30.704, 30.623; MAE: 18.879, 19.029; MAPE: 10.915, 11.541; Q10: 4.530, 4.514; Q50: 9.575, 9.621; Q90: 4.237, 4.336;
| 6  Horizon | RMSE: 31.933, 32.329; MAE: 19.610, 20.064; MAPE: 11.261, 12.145; Q10: 4.738, 4.800; Q50: 9.945, 10.142; Q90: 4.425, 4.620;
| 12 Horizon | RMSE: 34.066, 35.294; MAE: 21.167, 22.085; MAPE: 12.171, 13.507; Q10: 5.130, 5.340; Q50: 10.736, 11.161; Q90: 4.808, 5.130;
epoch 62 time used: 39  seconds  train loss: 17.456 val loss: 6.382203 test loss: 6.547363
Epoch 63: 
| 3  Horizon | RMSE: 30.702, 30.641; MAE: 18.896, 19.075; MAPE: 10.943, 11.640; Q10: 4.533, 4.526; Q50: 9.581, 9.642; Q90: 4.241, 4.347;
| 6  Horizon | RMSE: 31.928, 32.339; MAE: 19.626, 20.094; MAPE: 11.281, 12.199; Q10: 4.739, 4.801; Q50: 9.952, 10.156; Q90: 4.424, 4.622;
| 12 Horizon | RMSE: 34.053, 35.302; MAE: 21.178, 22.125; MAPE: 12.214, 13.650; Q10: 5.137, 5.354; Q50: 10.738, 11.178; Q90: 4.798, 5.119;
epoch 63 time used: 39  seconds  train loss: 17.456 val loss: 6.385494 test loss: 6.558577
Epoch 64: 
| 3  Horizon | RMSE: 30.696, 30.609; MAE: 18.894, 19.019; MAPE: 10.933, 11.486; Q10: 4.533, 4.513; Q50: 9.583, 9.618; Q90: 4.242, 4.339;
| 6  Horizon | RMSE: 31.933, 32.310; MAE: 19.618, 20.041; MAPE: 11.289, 12.107; Q10: 4.744, 4.798; Q50: 9.951, 10.131; Q90: 4.423, 4.612;
| 12 Horizon | RMSE: 34.052, 35.262; MAE: 21.167, 22.056; MAPE: 12.196, 13.477; Q10: 5.140, 5.346; Q50: 10.737, 11.147; Q90: 4.798, 5.111;
epoch 64 time used: 39  seconds  train loss: 17.455 val loss: 6.38596 test loss: 6.542839
Epoch 65: 
| 3  Horizon | RMSE: 30.715, 30.651; MAE: 18.894, 19.033; MAPE: 10.930, 11.495; Q10: 4.533, 4.514; Q50: 9.583, 9.625; Q90: 4.243, 4.343;
| 6  Horizon | RMSE: 31.958, 32.372; MAE: 19.613, 20.068; MAPE: 11.292, 12.172; Q10: 4.743, 4.808; Q50: 9.946, 10.143; Q90: 4.422, 4.616;
| 12 Horizon | RMSE: 34.085, 35.338; MAE: 21.168, 22.087; MAPE: 12.197, 13.537; Q10: 5.139, 5.353; Q50: 10.735, 11.161; Q90: 4.800, 5.118;
epoch 65 time used: 39  seconds  train loss: 17.45 val loss: 6.385385 test loss: 6.549484
Epoch 66: 
| 3  Horizon | RMSE: 30.693, 30.610; MAE: 18.879, 19.016; MAPE: 10.919, 11.508; Q10: 4.530, 4.511; Q50: 9.576, 9.616; Q90: 4.240, 4.338;
| 6  Horizon | RMSE: 31.918, 32.308; MAE: 19.598, 20.043; MAPE: 11.271, 12.141; Q10: 4.739, 4.799; Q50: 9.939, 10.131; Q90: 4.421, 4.613;
| 12 Horizon | RMSE: 34.021, 35.261; MAE: 21.136, 22.068; MAPE: 12.175, 13.540; Q10: 5.135, 5.355; Q50: 10.719, 11.151; Q90: 4.790, 5.111;
epoch 66 time used: 39  seconds  train loss: 17.45 val loss: 6.379615 test loss: 6.544033
Epoch 67: 
| 3  Horizon | RMSE: 30.695, 30.628; MAE: 18.882, 19.028; MAPE: 10.934, 11.520; Q10: 4.531, 4.515; Q50: 9.577, 9.621; Q90: 4.239, 4.340;
| 6  Horizon | RMSE: 31.930, 32.342; MAE: 19.602, 20.070; MAPE: 11.301, 12.216; Q10: 4.743, 4.811; Q50: 9.939, 10.143; Q90: 4.418, 4.612;
| 12 Horizon | RMSE: 34.028, 35.301; MAE: 21.139, 22.103; MAPE: 12.214, 13.652; Q10: 5.138, 5.368; Q50: 10.718, 11.167; Q90: 4.785, 5.108;
Early stopping at epoch: 67
Model  stgcn17  Best Results:
Epoch 57: 
=        =        Horizon  3        =        =        =        =        Horizon  6        =        =        =        =        Horizon  12       =        =       
RMSE     MAE      MAPE     Q10      Q50      Q90      RMSE     MAE      MAPE     Q10      Q50      Q90      RMSE     MAE      MAPE     Q10      Q50      Q90     
30.573   19.012   11.499   4.505    9.613    4.337    32.274   20.043   12.177   4.798    10.130   4.604    35.210   22.066   13.493   5.326    11.152   5.127   
Model Training Ended ... Sun Oct 15 18:29:34 2023
