nohup: ignoring input
pdate shape is:  (16992,)
./save/pems04_stgcn7_in12_out12_addtimeFalse_adjTrue_lr0.001_hc32_train0.7_val0.1_test0.2_seed233_lossquantile_version10wait3000size3000len10_xmask_note: training started Mon Sep 25 14:08:02 2023
pdate shape is:  (16992,)
data load........
initial data shape is:  (16992, 307, 3)
train_mean shape : (307,)
train  :  (11873, 24, 307, 3)
val  :  (1697, 24, 307, 3)
test  :  (3388, 24, 307, 3)
Model Training Started ... Mon Sep 25 14:08:05 2023
TIMESTEP_IN, TIMESTEP_OUT 12 12
LOSS is : quantile
Spatial CL target length = 1
Epoch 0: 
| 3  Horizon | RMSE: 32.939, 32.173; MAE: 21.357, 20.855; MAPE: 12.354, 12.239; Q10: 5.064, 4.916; Q50: 10.839, 10.569; Q90: 4.868, 4.822;
| 6  Horizon | RMSE: 35.124, 34.592; MAE: 22.883, 22.590; MAPE: 13.016, 13.143; Q10: 5.370, 5.242; Q50: 11.603, 11.437; Q90: 5.235, 5.281;
| 12 Horizon | RMSE: 39.842, 39.677; MAE: 26.546, 26.643; MAPE: 15.480, 16.298; Q10: 6.181, 6.069; Q50: 13.430, 13.458; Q90: 6.088, 6.223;
epoch 0 time used: 43  seconds  train loss: 26.61 val loss: 7.497855 test loss: 7.415461
Epoch 1: 
| 3  Horizon | RMSE: 32.127, 31.438; MAE: 20.688, 20.314; MAPE: 12.525, 12.755; Q10: 4.902, 4.787; Q50: 10.463, 10.256; Q90: 4.688, 4.645;
| 6  Horizon | RMSE: 34.527, 34.010; MAE: 22.188, 21.897; MAPE: 12.940, 13.205; Q10: 5.153, 5.078; Q50: 11.241, 11.072; Q90: 5.000, 5.002;
| 12 Horizon | RMSE: 38.526, 38.461; MAE: 24.934, 25.027; MAPE: 14.307, 14.824; Q10: 5.806, 5.807; Q50: 12.641, 12.663; Q90: 5.741, 5.803;
epoch 1 time used: 41  seconds  train loss: 21.144 val loss: 7.187194 test loss: 7.122401
Spatial CL target length = 1
Epoch 2: 
| 3  Horizon | RMSE: 43.405, 42.538; MAE: 32.229, 31.623; MAPE: 28.240, 28.326; Q10: 8.229, 8.042; Q50: 16.131, 15.819; Q90: 7.604, 7.436;
| 6  Horizon | RMSE: 47.422, 47.598; MAE: 35.704, 35.817; MAPE: 34.654, 35.255; Q10: 9.642, 9.813; Q50: 17.838, 17.894; Q90: 7.760, 7.751;
| 12 Horizon | RMSE: 57.239, 59.813; MAE: 43.104, 44.508; MAPE: 43.209, 44.689; Q10: 12.893, 14.077; Q50: 21.539, 22.251; Q90: 8.968, 9.134;
epoch 2 time used: 40  seconds  train loss: 8.475 val loss: 12.094576 test loss: 12.243092
Epoch 3: 
| 3  Horizon | RMSE: 54.966, 54.287; MAE: 43.522, 42.932; MAPE: 42.492, 42.961; Q10: 12.774, 12.918; Q50: 21.706, 21.410; Q90: 12.048, 11.640;
| 6  Horizon | RMSE: 60.100, 60.040; MAE: 47.909, 47.801; MAPE: 49.682, 50.384; Q10: 14.075, 14.460; Q50: 23.866, 23.818; Q90: 12.760, 12.420;
| 12 Horizon | RMSE: 69.461, 70.574; MAE: 55.346, 55.983; MAPE: 57.907, 58.906; Q10: 16.269, 17.227; Q50: 27.575, 27.907; Q90: 13.352, 13.201;
epoch 3 time used: 39  seconds  train loss: 7.229 val loss: 17.097288 test loss: 17.126378
Spatial CL target length = 2
Epoch 4: 
| 3  Horizon | RMSE: 31.448, 30.986; MAE: 20.260, 20.028; MAPE: 12.380, 12.527; Q10: 4.750, 4.670; Q50: 10.293, 10.163; Q90: 4.579, 4.574;
| 6  Horizon | RMSE: 33.167, 32.992; MAE: 21.397, 21.337; MAPE: 12.816, 12.999; Q10: 5.060, 5.028; Q50: 10.870, 10.821; Q90: 4.846, 4.913;
| 12 Horizon | RMSE: 36.564, 37.131; MAE: 23.772, 24.227; MAPE: 13.834, 14.335; Q10: 5.607, 5.693; Q50: 12.066, 12.274; Q90: 5.477, 5.666;
epoch 4 time used: 40  seconds  train loss: 20.207 val loss: 6.982356 test loss: 7.000968
Epoch 5: 
| 3  Horizon | RMSE: 31.278, 30.839; MAE: 19.905, 19.674; MAPE: 11.365, 11.552; Q10: 4.706, 4.624; Q50: 10.098, 9.966; Q90: 4.517, 4.526;
| 6  Horizon | RMSE: 33.199, 32.972; MAE: 21.281, 21.187; MAPE: 12.279, 12.494; Q10: 5.001, 4.956; Q50: 10.808, 10.741; Q90: 4.902, 4.981;
| 12 Horizon | RMSE: 36.462, 36.778; MAE: 23.608, 23.934; MAPE: 13.640, 14.069; Q10: 5.542, 5.576; Q50: 11.994, 12.136; Q90: 5.336, 5.513;
epoch 5 time used: 39  seconds  train loss: 19.522 val loss: 6.883948 test loss: 6.892812
Spatial CL target length = 3
Epoch 6: 
| 3  Horizon | RMSE: 30.857, 30.532; MAE: 19.569, 19.423; MAPE: 11.453, 11.689; Q10: 4.643, 4.585; Q50: 9.913, 9.824; Q90: 4.430, 4.442;
| 6  Horizon | RMSE: 32.482, 32.476; MAE: 20.626, 20.690; MAPE: 11.862, 12.198; Q10: 4.916, 4.906; Q50: 10.465, 10.480; Q90: 4.671, 4.762;
| 12 Horizon | RMSE: 35.812, 36.343; MAE: 22.997, 23.464; MAPE: 13.285, 13.762; Q10: 5.417, 5.505; Q50: 11.675, 11.889; Q90: 5.271, 5.464;
epoch 6 time used: 40  seconds  train loss: 19.24 val loss: 6.737384 test loss: 6.780841
Epoch 7: 
| 3  Horizon | RMSE: 31.007, 30.854; MAE: 19.730, 19.717; MAPE: 11.315, 11.607; Q10: 4.688, 4.641; Q50: 10.005, 9.982; Q90: 4.445, 4.507;
| 6  Horizon | RMSE: 32.464, 32.648; MAE: 20.657, 20.882; MAPE: 11.880, 12.331; Q10: 4.923, 4.928; Q50: 10.470, 10.565; Q90: 4.648, 4.785;
| 12 Horizon | RMSE: 35.301, 36.219; MAE: 22.576, 23.358; MAPE: 12.923, 13.689; Q10: 5.371, 5.501; Q50: 11.445, 11.817; Q90: 5.108, 5.389;
epoch 7 time used: 40  seconds  train loss: 19.005 val loss: 6.711627 test loss: 6.813371
Spatial CL target length = 4
Epoch 8: 
| 3  Horizon | RMSE: 30.856, 30.582; MAE: 19.490, 19.361; MAPE: 11.549, 11.786; Q10: 4.649, 4.604; Q50: 9.875, 9.794; Q90: 4.396, 4.412;
| 6  Horizon | RMSE: 32.602, 32.612; MAE: 20.748, 20.806; MAPE: 12.629, 13.037; Q10: 4.875, 4.886; Q50: 10.499, 10.510; Q90: 4.656, 4.723;
| 12 Horizon | RMSE: 35.774, 36.346; MAE: 22.928, 23.413; MAPE: 13.872, 14.661; Q10: 5.470, 5.611; Q50: 11.604, 11.824; Q90: 5.159, 5.310;
epoch 8 time used: 39  seconds  train loss: 18.863 val loss: 6.702529 test loss: 6.746193
Epoch 9: 
| 3  Horizon | RMSE: 30.853, 30.582; MAE: 19.437, 19.305; MAPE: 11.388, 11.540; Q10: 4.639, 4.582; Q50: 9.864, 9.780; Q90: 4.387, 4.407;
| 6  Horizon | RMSE: 32.202, 32.288; MAE: 20.292, 20.412; MAPE: 11.783, 12.137; Q10: 4.852, 4.853; Q50: 10.288, 10.329; Q90: 4.575, 4.687;
| 12 Horizon | RMSE: 34.910, 35.648; MAE: 22.140, 22.729; MAPE: 12.911, 13.460; Q10: 5.319, 5.442; Q50: 11.231, 11.503; Q90: 4.986, 5.233;
epoch 9 time used: 40  seconds  train loss: 18.729 val loss: 6.616239 test loss: 6.680942
Spatial CL target length = 5
Epoch 10: 
| 3  Horizon | RMSE: 30.964, 30.848; MAE: 19.669, 19.612; MAPE: 11.214, 11.412; Q10: 4.648, 4.600; Q50: 9.980, 9.936; Q90: 4.445, 4.515;
| 6  Horizon | RMSE: 32.261, 32.422; MAE: 20.436, 20.553; MAPE: 11.695, 11.952; Q10: 4.869, 4.860; Q50: 10.372, 10.413; Q90: 4.632, 4.778;
| 12 Horizon | RMSE: 34.812, 35.570; MAE: 22.193, 22.771; MAPE: 12.544, 13.194; Q10: 5.288, 5.368; Q50: 11.252, 11.520; Q90: 5.069, 5.336;
epoch 10 time used: 39  seconds  train loss: 18.484 val loss: 6.650339 test loss: 6.728232
Epoch 11: 
| 3  Horizon | RMSE: 30.635, 30.456; MAE: 19.400, 19.328; MAPE: 11.537, 11.652; Q10: 4.602, 4.555; Q50: 9.853, 9.801; Q90: 4.417, 4.466;
| 6  Horizon | RMSE: 31.907, 32.022; MAE: 20.066, 20.177; MAPE: 11.782, 12.002; Q10: 4.803, 4.812; Q50: 10.185, 10.223; Q90: 4.526, 4.644;
| 12 Horizon | RMSE: 34.333, 35.160; MAE: 21.827, 22.416; MAPE: 12.777, 13.218; Q10: 5.214, 5.344; Q50: 11.078, 11.353; Q90: 4.954, 5.192;
epoch 11 time used: 39  seconds  train loss: 18.413 val loss: 6.55606 test loss: 6.634458
Spatial CL target length = 6
Epoch 12: 
| 3  Horizon | RMSE: 30.507, 30.374; MAE: 19.175, 19.121; MAPE: 11.185, 11.344; Q10: 4.581, 4.554; Q50: 9.723, 9.681; Q90: 4.325, 4.378;
| 6  Horizon | RMSE: 31.832, 32.063; MAE: 19.977, 20.168; MAPE: 11.597, 11.905; Q10: 4.791, 4.822; Q50: 10.130, 10.209; Q90: 4.509, 4.643;
| 12 Horizon | RMSE: 34.271, 35.264; MAE: 21.712, 22.412; MAPE: 12.682, 13.192; Q10: 5.253, 5.385; Q50: 11.021, 11.351; Q90: 4.910, 5.186;
epoch 12 time used: 40  seconds  train loss: 18.345 val loss: 6.504774 test loss: 6.602873
Epoch 13: 
| 3  Horizon | RMSE: 30.598, 30.412; MAE: 19.185, 19.116; MAPE: 11.121, 11.337; Q10: 4.581, 4.545; Q50: 9.727, 9.677; Q90: 4.312, 4.367;
| 6  Horizon | RMSE: 32.003, 32.226; MAE: 20.219, 20.394; MAPE: 11.756, 12.020; Q10: 4.847, 4.862; Q50: 10.267, 10.338; Q90: 4.545, 4.706;
| 12 Horizon | RMSE: 34.423, 35.218; MAE: 21.791, 22.398; MAPE: 12.445, 13.041; Q10: 5.236, 5.353; Q50: 11.054, 11.336; Q90: 4.946, 5.188;
epoch 13 time used: 40  seconds  train loss: 18.277 val loss: 6.536769 test loss: 6.625367
Spatial CL target length = 7
Epoch 14: 
| 3  Horizon | RMSE: 30.587, 30.465; MAE: 19.199, 19.152; MAPE: 11.072, 11.278; Q10: 4.587, 4.554; Q50: 9.739, 9.699; Q90: 4.337, 4.394;
| 6  Horizon | RMSE: 32.022, 32.231; MAE: 20.094, 20.262; MAPE: 11.514, 11.865; Q10: 4.827, 4.843; Q50: 10.189, 10.254; Q90: 4.518, 4.652;
| 12 Horizon | RMSE: 34.763, 35.487; MAE: 22.004, 22.518; MAPE: 12.635, 13.223; Q10: 5.322, 5.454; Q50: 11.155, 11.388; Q90: 4.967, 5.191;
epoch 14 time used: 40  seconds  train loss: 18.226 val loss: 6.542011 test loss: 6.625443
Epoch 15: 
| 3  Horizon | RMSE: 30.490, 30.415; MAE: 19.181, 19.165; MAPE: 11.282, 11.442; Q10: 4.585, 4.561; Q50: 9.739, 9.717; Q90: 4.323, 4.397;
| 6  Horizon | RMSE: 31.808, 32.122; MAE: 19.976, 20.206; MAPE: 11.551, 11.843; Q10: 4.774, 4.803; Q50: 10.139, 10.239; Q90: 4.504, 4.678;
| 12 Horizon | RMSE: 34.106, 34.989; MAE: 21.453, 22.091; MAPE: 12.319, 12.926; Q10: 5.166, 5.309; Q50: 10.879, 11.178; Q90: 4.865, 5.131;
epoch 15 time used: 40  seconds  train loss: 18.077 val loss: 6.469383 test loss: 6.573912
Spatial CL target length = 8
Epoch 16: 
| 3  Horizon | RMSE: 30.458, 30.384; MAE: 19.059, 19.053; MAPE: 11.036, 11.239; Q10: 4.561, 4.532; Q50: 9.669, 9.650; Q90: 4.294, 4.372;
| 6  Horizon | RMSE: 31.811, 32.095; MAE: 19.871, 20.104; MAPE: 11.466, 11.849; Q10: 4.772, 4.809; Q50: 10.076, 10.176; Q90: 4.467, 4.629;
| 12 Horizon | RMSE: 34.218, 35.179; MAE: 21.597, 22.273; MAPE: 12.412, 13.011; Q10: 5.199, 5.337; Q50: 10.957, 11.276; Q90: 4.878, 5.154;
epoch 16 time used: 40  seconds  train loss: 18.053 val loss: 6.463486 test loss: 6.572035
Epoch 17: 
| 3  Horizon | RMSE: 30.542, 30.436; MAE: 19.144, 19.081; MAPE: 11.194, 11.331; Q10: 4.581, 4.556; Q50: 9.716, 9.669; Q90: 4.304, 4.354;
| 6  Horizon | RMSE: 31.872, 32.159; MAE: 19.930, 20.138; MAPE: 11.547, 11.926; Q10: 4.794, 4.829; Q50: 10.101, 10.187; Q90: 4.476, 4.612;
| 12 Horizon | RMSE: 34.222, 35.153; MAE: 21.589, 22.240; MAPE: 12.516, 13.267; Q10: 5.231, 5.379; Q50: 10.935, 11.240; Q90: 4.854, 5.117;
epoch 17 time used: 40  seconds  train loss: 18.009 val loss: 6.480477 test loss: 6.580198
Spatial CL target length = 9
Epoch 18: 
| 3  Horizon | RMSE: 30.541, 30.464; MAE: 19.152, 19.129; MAPE: 11.194, 11.455; Q10: 4.583, 4.570; Q50: 9.704, 9.675; Q90: 4.312, 4.365;
| 6  Horizon | RMSE: 31.960, 32.240; MAE: 19.993, 20.213; MAPE: 11.776, 12.258; Q10: 4.814, 4.873; Q50: 10.125, 10.216; Q90: 4.499, 4.632;
| 12 Horizon | RMSE: 34.075, 35.141; MAE: 21.454, 22.227; MAPE: 12.488, 13.391; Q10: 5.174, 5.342; Q50: 10.870, 11.235; Q90: 4.867, 5.127;
epoch 18 time used: 40  seconds  train loss: 17.971 val loss: 6.478399 test loss: 6.589783
Epoch 19: 
| 3  Horizon | RMSE: 30.478, 30.468; MAE: 19.084, 19.119; MAPE: 11.021, 11.216; Q10: 4.563, 4.551; Q50: 9.683, 9.686; Q90: 4.312, 4.406;
| 6  Horizon | RMSE: 31.845, 32.217; MAE: 19.835, 20.129; MAPE: 11.444, 11.826; Q10: 4.775, 4.832; Q50: 10.055, 10.187; Q90: 4.454, 4.633;
| 12 Horizon | RMSE: 34.358, 35.432; MAE: 21.694, 22.397; MAPE: 12.679, 13.115; Q10: 5.196, 5.364; Q50: 11.016, 11.349; Q90: 4.928, 5.226;
epoch 19 time used: 40  seconds  train loss: 17.947 val loss: 6.48527 test loss: 6.621792
Spatial CL target length = 10
Epoch 20: 
| 3  Horizon | RMSE: 30.447, 30.417; MAE: 19.090, 19.081; MAPE: 11.141, 11.284; Q10: 4.570, 4.555; Q50: 9.686, 9.666; Q90: 4.291, 4.354;
| 6  Horizon | RMSE: 31.772, 32.121; MAE: 19.865, 20.096; MAPE: 11.658, 11.897; Q10: 4.785, 4.829; Q50: 10.083, 10.181; Q90: 4.463, 4.615;
| 12 Horizon | RMSE: 34.043, 35.005; MAE: 21.439, 22.061; MAPE: 12.523, 13.003; Q10: 5.180, 5.328; Q50: 10.880, 11.171; Q90: 4.839, 5.102;
epoch 20 time used: 40  seconds  train loss: 17.857 val loss: 6.455924 test loss: 6.564363
Epoch 21: 
| 3  Horizon | RMSE: 30.522, 30.406; MAE: 19.110, 19.036; MAPE: 11.248, 11.351; Q10: 4.578, 4.552; Q50: 9.701, 9.647; Q90: 4.292, 4.344;
| 6  Horizon | RMSE: 31.763, 32.049; MAE: 19.822, 20.007; MAPE: 11.505, 11.790; Q10: 4.786, 4.816; Q50: 10.058, 10.134; Q90: 4.465, 4.617;
| 12 Horizon | RMSE: 33.988, 34.876; MAE: 21.355, 21.954; MAPE: 12.355, 12.955; Q10: 5.189, 5.327; Q50: 10.833, 11.112; Q90: 4.816, 5.076;
epoch 21 time used: 39  seconds  train loss: 17.831 val loss: 6.45061 test loss: 6.548792
Epoch 22: 
| 3  Horizon | RMSE: 30.489, 30.470; MAE: 19.040, 19.036; MAPE: 10.995, 11.201; Q10: 4.561, 4.551; Q50: 9.657, 9.638; Q90: 4.280, 4.347;
| 6  Horizon | RMSE: 31.841, 32.216; MAE: 19.815, 20.058; MAPE: 11.428, 11.807; Q10: 4.775, 4.824; Q50: 10.048, 10.150; Q90: 4.457, 4.613;
| 12 Horizon | RMSE: 34.198, 35.132; MAE: 21.427, 22.061; MAPE: 12.457, 13.180; Q10: 5.175, 5.334; Q50: 10.857, 11.151; Q90: 4.852, 5.098;
epoch 22 time used: 39  seconds  train loss: 17.81 val loss: 6.445414 test loss: 6.556859
Epoch 23: 
| 3  Horizon | RMSE: 30.457, 30.447; MAE: 19.023, 19.033; MAPE: 11.064, 11.260; Q10: 4.564, 4.556; Q50: 9.642, 9.631; Q90: 4.272, 4.343;
| 6  Horizon | RMSE: 31.806, 32.227; MAE: 19.754, 20.048; MAPE: 11.453, 11.837; Q10: 4.767, 4.831; Q50: 10.015, 10.146; Q90: 4.437, 4.609;
| 12 Horizon | RMSE: 34.067, 35.162; MAE: 21.293, 22.013; MAPE: 12.373, 12.903; Q10: 5.165, 5.335; Q50: 10.807, 11.148; Q90: 4.803, 5.108;
epoch 23 time used: 39  seconds  train loss: 17.795 val loss: 6.425035 test loss: 6.55756
Epoch 24: 
| 3  Horizon | RMSE: 30.523, 30.441; MAE: 19.021, 18.972; MAPE: 11.020, 11.205; Q10: 4.577, 4.552; Q50: 9.646, 9.604; Q90: 4.269, 4.331;
| 6  Horizon | RMSE: 31.835, 32.193; MAE: 19.790, 20.005; MAPE: 11.433, 11.715; Q10: 4.792, 4.825; Q50: 10.042, 10.132; Q90: 4.445, 4.606;
| 12 Horizon | RMSE: 34.151, 35.051; MAE: 21.322, 21.922; MAPE: 12.303, 12.887; Q10: 5.179, 5.314; Q50: 10.815, 11.092; Q90: 4.814, 5.079;
epoch 24 time used: 39  seconds  train loss: 17.775 val loss: 6.43882 test loss: 6.539161
Epoch 25: 
| 3  Horizon | RMSE: 30.534, 30.541; MAE: 19.032, 19.039; MAPE: 11.030, 11.243; Q10: 4.564, 4.557; Q50: 9.651, 9.637; Q90: 4.280, 4.351;
| 6  Horizon | RMSE: 31.874, 32.316; MAE: 19.795, 20.072; MAPE: 11.414, 11.783; Q10: 4.780, 4.840; Q50: 10.039, 10.160; Q90: 4.450, 4.618;
| 12 Horizon | RMSE: 34.147, 35.215; MAE: 21.334, 22.050; MAPE: 12.290, 12.976; Q10: 5.182, 5.357; Q50: 10.818, 11.154; Q90: 4.812, 5.105;
epoch 25 time used: 39  seconds  train loss: 17.708 val loss: 6.435846 test loss: 6.564312
Epoch 26: 
| 3  Horizon | RMSE: 30.563, 30.518; MAE: 19.019, 18.991; MAPE: 11.055, 11.212; Q10: 4.572, 4.555; Q50: 9.647, 9.615; Q90: 4.273, 4.337;
| 6  Horizon | RMSE: 31.865, 32.288; MAE: 19.765, 20.024; MAPE: 11.436, 11.764; Q10: 4.781, 4.832; Q50: 10.025, 10.137; Q90: 4.443, 4.603;
| 12 Horizon | RMSE: 34.411, 35.387; MAE: 21.570, 22.249; MAPE: 12.775, 13.572; Q10: 5.239, 5.411; Q50: 10.923, 11.241; Q90: 4.834, 5.090;
epoch 26 time used: 39  seconds  train loss: 17.693 val loss: 6.440366 test loss: 6.557907
Epoch 27: 
| 3  Horizon | RMSE: 30.451, 30.471; MAE: 18.971, 18.976; MAPE: 10.999, 11.182; Q10: 4.564, 4.554; Q50: 9.625, 9.611; Q90: 4.259, 4.340;
| 6  Horizon | RMSE: 31.757, 32.225; MAE: 19.730, 20.022; MAPE: 11.351, 11.691; Q10: 4.771, 4.827; Q50: 10.010, 10.139; Q90: 4.432, 4.618;
| 12 Horizon | RMSE: 33.988, 35.016; MAE: 21.250, 21.939; MAPE: 12.194, 12.809; Q10: 5.162, 5.316; Q50: 10.778, 11.102; Q90: 4.799, 5.099;
epoch 27 time used: 39  seconds  train loss: 17.686 val loss: 6.412531 test loss: 6.539706
Epoch 28: 
| 3  Horizon | RMSE: 30.410, 30.462; MAE: 19.001, 19.049; MAPE: 10.946, 11.201; Q10: 4.556, 4.553; Q50: 9.633, 9.640; Q90: 4.273, 4.368;
| 6  Horizon | RMSE: 31.748, 32.210; MAE: 19.742, 20.071; MAPE: 11.385, 11.837; Q10: 4.768, 4.837; Q50: 10.006, 10.153; Q90: 4.438, 4.632;
| 12 Horizon | RMSE: 33.939, 34.958; MAE: 21.195, 21.925; MAPE: 12.177, 12.901; Q10: 5.148, 5.308; Q50: 10.745, 11.089; Q90: 4.792, 5.097;
epoch 28 time used: 39  seconds  train loss: 17.669 val loss: 6.413543 test loss: 6.554583
Epoch 29: 
| 3  Horizon | RMSE: 30.431, 30.408; MAE: 18.975, 18.961; MAPE: 10.997, 11.157; Q10: 4.555, 4.539; Q50: 9.627, 9.603; Q90: 4.266, 4.344;
| 6  Horizon | RMSE: 31.778, 32.173; MAE: 19.770, 20.010; MAPE: 11.448, 11.713; Q10: 4.766, 4.812; Q50: 10.034, 10.138; Q90: 4.465, 4.647;
| 12 Horizon | RMSE: 33.908, 34.914; MAE: 21.171, 21.878; MAPE: 12.187, 12.901; Q10: 5.154, 5.318; Q50: 10.733, 11.066; Q90: 4.782, 5.077;
epoch 29 time used: 39  seconds  train loss: 17.654 val loss: 6.414724 test loss: 6.539571
Epoch 30: 
| 3  Horizon | RMSE: 30.409, 30.440; MAE: 18.986, 19.002; MAPE: 10.988, 11.145; Q10: 4.553, 4.547; Q50: 9.635, 9.626; Q90: 4.264, 4.347;
| 6  Horizon | RMSE: 31.783, 32.175; MAE: 19.692, 19.944; MAPE: 11.387, 11.721; Q10: 4.771, 4.827; Q50: 9.990, 10.098; Q90: 4.421, 4.592;
| 12 Horizon | RMSE: 34.061, 34.984; MAE: 21.236, 21.870; MAPE: 12.297, 12.955; Q10: 5.191, 5.351; Q50: 10.768, 11.064; Q90: 4.776, 5.045;
epoch 30 time used: 39  seconds  train loss: 17.615 val loss: 6.410477 test loss: 6.532018
Epoch 31: 
| 3  Horizon | RMSE: 30.382, 30.402; MAE: 18.944, 18.975; MAPE: 10.959, 11.202; Q10: 4.545, 4.541; Q50: 9.605, 9.603; Q90: 4.263, 4.352;
| 6  Horizon | RMSE: 31.688, 32.117; MAE: 19.670, 19.961; MAPE: 11.314, 11.703; Q10: 4.755, 4.811; Q50: 9.977, 10.105; Q90: 4.425, 4.612;
| 12 Horizon | RMSE: 33.860, 34.840; MAE: 21.149, 21.849; MAPE: 12.204, 12.933; Q10: 5.143, 5.298; Q50: 10.722, 11.051; Q90: 4.776, 5.075;
epoch 31 time used: 39  seconds  train loss: 17.607 val loss: 6.396062 test loss: 6.527016
Epoch 32: 
| 3  Horizon | RMSE: 30.413, 30.442; MAE: 18.954, 18.981; MAPE: 10.907, 11.113; Q10: 4.548, 4.543; Q50: 9.613, 9.609; Q90: 4.266, 4.357;
| 6  Horizon | RMSE: 31.750, 32.160; MAE: 19.691, 19.969; MAPE: 11.320, 11.712; Q10: 4.761, 4.816; Q50: 9.985, 10.106; Q90: 4.424, 4.605;
| 12 Horizon | RMSE: 33.933, 34.894; MAE: 21.194, 21.864; MAPE: 12.174, 12.816; Q10: 5.148, 5.298; Q50: 10.748, 11.062; Q90: 4.801, 5.111;
epoch 32 time used: 39  seconds  train loss: 17.599 val loss: 6.406517 test loss: 6.538805
Epoch 33: 
| 3  Horizon | RMSE: 30.432, 30.512; MAE: 18.982, 19.023; MAPE: 10.891, 11.099; Q10: 4.551, 4.548; Q50: 9.629, 9.633; Q90: 4.266, 4.357;
| 6  Horizon | RMSE: 31.768, 32.222; MAE: 19.696, 19.986; MAPE: 11.278, 11.664; Q10: 4.766, 4.826; Q50: 9.989, 10.116; Q90: 4.437, 4.631;
| 12 Horizon | RMSE: 33.978, 34.956; MAE: 21.164, 21.847; MAPE: 12.150, 12.831; Q10: 5.159, 5.310; Q50: 10.732, 11.051; Q90: 4.779, 5.092;
epoch 33 time used: 39  seconds  train loss: 17.591 val loss: 6.406119 test loss: 6.540857
Epoch 34: 
| 3  Horizon | RMSE: 30.451, 30.467; MAE: 18.949, 18.968; MAPE: 10.988, 11.221; Q10: 4.562, 4.560; Q50: 9.606, 9.599; Q90: 4.252, 4.333;
| 6  Horizon | RMSE: 31.878, 32.278; MAE: 19.735, 20.008; MAPE: 11.437, 11.863; Q10: 4.792, 4.866; Q50: 10.003, 10.121; Q90: 4.424, 4.593;
| 12 Horizon | RMSE: 34.124, 35.072; MAE: 21.287, 21.969; MAPE: 12.441, 13.218; Q10: 5.198, 5.382; Q50: 10.783, 11.102; Q90: 4.792, 5.076;
epoch 34 time used: 39  seconds  train loss: 17.58 val loss: 6.415486 test loss: 6.546663
Epoch 35: 
| 3  Horizon | RMSE: 30.421, 30.426; MAE: 18.926, 18.943; MAPE: 10.955, 11.188; Q10: 4.552, 4.549; Q50: 9.594, 9.585; Q90: 4.250, 4.334;
| 6  Horizon | RMSE: 31.762, 32.178; MAE: 19.680, 19.953; MAPE: 11.331, 11.727; Q10: 4.761, 4.820; Q50: 9.978, 10.097; Q90: 4.424, 4.607;
| 12 Horizon | RMSE: 33.935, 34.922; MAE: 21.202, 21.866; MAPE: 12.137, 12.740; Q10: 5.141, 5.286; Q50: 10.755, 11.064; Q90: 4.813, 5.127;
epoch 35 time used: 39  seconds  train loss: 17.551 val loss: 6.39929 test loss: 6.527576
Epoch 36: 
| 3  Horizon | RMSE: 30.451, 30.469; MAE: 18.936, 18.960; MAPE: 10.954, 11.185; Q10: 4.555, 4.550; Q50: 9.602, 9.596; Q90: 4.251, 4.338;
| 6  Horizon | RMSE: 31.822, 32.239; MAE: 19.692, 19.978; MAPE: 11.379, 11.798; Q10: 4.770, 4.833; Q50: 9.984, 10.107; Q90: 4.420, 4.605;
| 12 Horizon | RMSE: 33.977, 34.949; MAE: 21.161, 21.848; MAPE: 12.161, 12.861; Q10: 5.152, 5.302; Q50: 10.729, 11.051; Q90: 4.784, 5.099;
epoch 36 time used: 40  seconds  train loss: 17.548 val loss: 6.399192 test loss: 6.53114
Epoch 37: 
| 3  Horizon | RMSE: 30.447, 30.471; MAE: 18.915, 18.932; MAPE: 10.927, 11.120; Q10: 4.554, 4.549; Q50: 9.595, 9.586; Q90: 4.251, 4.335;
| 6  Horizon | RMSE: 31.782, 32.261; MAE: 19.686, 19.983; MAPE: 11.299, 11.645; Q10: 4.771, 4.830; Q50: 9.988, 10.119; Q90: 4.426, 4.619;
| 12 Horizon | RMSE: 34.004, 34.992; MAE: 21.171, 21.832; MAPE: 12.162, 12.759; Q10: 5.162, 5.310; Q50: 10.740, 11.048; Q90: 4.780, 5.078;
epoch 37 time used: 39  seconds  train loss: 17.539 val loss: 6.401496 test loss: 6.52934
Epoch 38: 
| 3  Horizon | RMSE: 30.445, 30.451; MAE: 18.920, 18.930; MAPE: 10.935, 11.135; Q10: 4.559, 4.551; Q50: 9.597, 9.584; Q90: 4.252, 4.337;
| 6  Horizon | RMSE: 31.809, 32.231; MAE: 19.671, 19.943; MAPE: 11.325, 11.675; Q10: 4.773, 4.828; Q50: 9.979, 10.097; Q90: 4.419, 4.600;
| 12 Horizon | RMSE: 33.978, 34.972; MAE: 21.152, 21.850; MAPE: 12.144, 12.817; Q10: 5.159, 5.315; Q50: 10.727, 11.055; Q90: 4.788, 5.112;
epoch 38 time used: 40  seconds  train loss: 17.533 val loss: 6.400752 test loss: 6.533747
Epoch 39: 
| 3  Horizon | RMSE: 30.424, 30.454; MAE: 18.907, 18.932; MAPE: 10.909, 11.134; Q10: 4.553, 4.550; Q50: 9.587, 9.583; Q90: 4.251, 4.343;
| 6  Horizon | RMSE: 31.767, 32.213; MAE: 19.659, 19.954; MAPE: 11.277, 11.682; Q10: 4.765, 4.824; Q50: 9.969, 10.099; Q90: 4.420, 4.611;
| 12 Horizon | RMSE: 33.896, 34.898; MAE: 21.105, 21.798; MAPE: 12.092, 12.766; Q10: 5.140, 5.291; Q50: 10.702, 11.027; Q90: 4.779, 5.100;
epoch 39 time used: 39  seconds  train loss: 17.526 val loss: 6.392104 test loss: 6.528537
Epoch 40: 
| 3  Horizon | RMSE: 30.422, 30.471; MAE: 18.918, 18.956; MAPE: 10.901, 11.113; Q10: 4.552, 4.549; Q50: 9.594, 9.596; Q90: 4.251, 4.344;
| 6  Horizon | RMSE: 31.788, 32.290; MAE: 19.733, 20.042; MAPE: 11.331, 11.633; Q10: 4.770, 4.828; Q50: 10.014, 10.151; Q90: 4.437, 4.643;
| 12 Horizon | RMSE: 33.938, 34.970; MAE: 21.171, 21.890; MAPE: 12.137, 12.791; Q10: 5.156, 5.307; Q50: 10.736, 11.074; Q90: 4.789, 5.122;
epoch 40 time used: 40  seconds  train loss: 17.507 val loss: 6.400295 test loss: 6.541238
Epoch 41: 
| 3  Horizon | RMSE: 30.435, 30.479; MAE: 18.910, 18.932; MAPE: 10.933, 11.137; Q10: 4.554, 4.554; Q50: 9.592, 9.586; Q90: 4.245, 4.326;
| 6  Horizon | RMSE: 31.802, 32.260; MAE: 19.661, 19.949; MAPE: 11.316, 11.699; Q10: 4.770, 4.838; Q50: 9.972, 10.098; Q90: 4.413, 4.594;
| 12 Horizon | RMSE: 33.957, 34.989; MAE: 21.146, 21.862; MAPE: 12.150, 12.845; Q10: 5.159, 5.321; Q50: 10.722, 11.058; Q90: 4.773, 5.085;
epoch 41 time used: 40  seconds  train loss: 17.502 val loss: 6.394055 test loss: 6.529784
Epoch 42: 
| 3  Horizon | RMSE: 30.446, 30.488; MAE: 18.919, 18.946; MAPE: 10.916, 11.123; Q10: 4.553, 4.555; Q50: 9.595, 9.591; Q90: 4.249, 4.333;
| 6  Horizon | RMSE: 31.800, 32.256; MAE: 19.676, 19.959; MAPE: 11.304, 11.667; Q10: 4.770, 4.832; Q50: 9.981, 10.104; Q90: 4.424, 4.610;
| 12 Horizon | RMSE: 33.982, 34.959; MAE: 21.164, 21.834; MAPE: 12.176, 12.833; Q10: 5.163, 5.316; Q50: 10.733, 11.046; Q90: 4.786, 5.092;
epoch 42 time used: 40  seconds  train loss: 17.498 val loss: 6.399417 test loss: 6.532976
Epoch 43: 
| 3  Horizon | RMSE: 30.439, 30.467; MAE: 18.916, 18.932; MAPE: 10.936, 11.130; Q10: 4.555, 4.551; Q50: 9.594, 9.585; Q90: 4.252, 4.336;
| 6  Horizon | RMSE: 31.804, 32.237; MAE: 19.667, 19.937; MAPE: 11.343, 11.709; Q10: 4.774, 4.834; Q50: 9.974, 10.092; Q90: 4.417, 4.595;
| 12 Horizon | RMSE: 33.936, 34.951; MAE: 21.135, 21.826; MAPE: 12.158, 12.779; Q10: 5.150, 5.305; Q50: 10.721, 11.045; Q90: 4.777, 5.088;
epoch 43 time used: 39  seconds  train loss: 17.495 val loss: 6.395514 test loss: 6.528242
Epoch 44: 
| 3  Horizon | RMSE: 30.452, 30.466; MAE: 18.929, 18.935; MAPE: 10.940, 11.103; Q10: 4.557, 4.548; Q50: 9.604, 9.590; Q90: 4.254, 4.341;
| 6  Horizon | RMSE: 31.809, 32.209; MAE: 19.672, 19.924; MAPE: 11.321, 11.650; Q10: 4.778, 4.828; Q50: 9.980, 10.089; Q90: 4.422, 4.611;
| 12 Horizon | RMSE: 33.957, 34.874; MAE: 21.153, 21.798; MAPE: 12.156, 12.787; Q10: 5.168, 5.306; Q50: 10.728, 11.030; Q90: 4.772, 5.074;
epoch 44 time used: 39  seconds  train loss: 17.49 val loss: 6.399678 test loss: 6.524423
Epoch 45: 
| 3  Horizon | RMSE: 30.449, 30.468; MAE: 18.898, 18.918; MAPE: 10.913, 11.140; Q10: 4.552, 4.551; Q50: 9.583, 9.575; Q90: 4.243, 4.326;
| 6  Horizon | RMSE: 31.781, 32.220; MAE: 19.654, 19.941; MAPE: 11.280, 11.680; Q10: 4.768, 4.830; Q50: 9.967, 10.092; Q90: 4.420, 4.612;
| 12 Horizon | RMSE: 33.969, 34.887; MAE: 21.141, 21.784; MAPE: 12.141, 12.799; Q10: 5.155, 5.300; Q50: 10.720, 11.019; Q90: 4.776, 5.069;
epoch 45 time used: 39  seconds  train loss: 17.476 val loss: 6.39161 test loss: 6.518971
Epoch 46: 
| 3  Horizon | RMSE: 30.410, 30.475; MAE: 18.904, 18.948; MAPE: 10.906, 11.124; Q10: 4.550, 4.551; Q50: 9.587, 9.592; Q90: 4.248, 4.342;
| 6  Horizon | RMSE: 31.766, 32.230; MAE: 19.641, 19.943; MAPE: 11.296, 11.689; Q10: 4.768, 4.833; Q50: 9.961, 10.094; Q90: 4.418, 4.614;
| 12 Horizon | RMSE: 33.903, 34.924; MAE: 21.110, 21.824; MAPE: 12.114, 12.798; Q10: 5.144, 5.298; Q50: 10.704, 11.039; Q90: 4.778, 5.099;
epoch 46 time used: 39  seconds  train loss: 17.473 val loss: 6.389507 test loss: 6.530298
Epoch 47: 
| 3  Horizon | RMSE: 30.442, 30.485; MAE: 18.899, 18.932; MAPE: 10.891, 11.102; Q10: 4.554, 4.551; Q50: 9.585, 9.585; Q90: 4.247, 4.341;
| 6  Horizon | RMSE: 31.804, 32.262; MAE: 19.648, 19.946; MAPE: 11.269, 11.648; Q10: 4.772, 4.831; Q50: 9.965, 10.097; Q90: 4.421, 4.620;
| 12 Horizon | RMSE: 33.991, 34.955; MAE: 21.130, 21.811; MAPE: 12.121, 12.781; Q10: 5.159, 5.310; Q50: 10.715, 11.033; Q90: 4.782, 5.099;
epoch 47 time used: 39  seconds  train loss: 17.47 val loss: 6.393667 test loss: 6.530669
Epoch 48: 
| 3  Horizon | RMSE: 30.427, 30.475; MAE: 18.904, 18.939; MAPE: 10.887, 11.088; Q10: 4.552, 4.549; Q50: 9.590, 9.589; Q90: 4.248, 4.342;
| 6  Horizon | RMSE: 31.786, 32.232; MAE: 19.645, 19.937; MAPE: 11.257, 11.644; Q10: 4.767, 4.825; Q50: 9.964, 10.092; Q90: 4.415, 4.609;
| 12 Horizon | RMSE: 33.961, 34.898; MAE: 21.117, 21.782; MAPE: 12.107, 12.778; Q10: 5.154, 5.303; Q50: 10.707, 11.018; Q90: 4.774, 5.078;
epoch 48 time used: 39  seconds  train loss: 17.466 val loss: 6.390705 test loss: 6.522283
Epoch 49: 
| 3  Horizon | RMSE: 30.503, 30.504; MAE: 18.923, 18.918; MAPE: 10.963, 11.144; Q10: 4.566, 4.559; Q50: 9.599, 9.579; Q90: 4.246, 4.325;
| 6  Horizon | RMSE: 31.842, 32.272; MAE: 19.664, 19.930; MAPE: 11.327, 11.679; Q10: 4.785, 4.843; Q50: 9.976, 10.091; Q90: 4.416, 4.600;
| 12 Horizon | RMSE: 33.996, 34.972; MAE: 21.126, 21.825; MAPE: 12.196, 12.917; Q10: 5.179, 5.338; Q50: 10.710, 11.038; Q90: 4.760, 5.067;
epoch 49 time used: 39  seconds  train loss: 17.464 val loss: 6.398491 test loss: 6.527629
Epoch 50: 
| 3  Horizon | RMSE: 30.417, 30.501; MAE: 18.910, 18.965; MAPE: 10.899, 11.119; Q10: 4.553, 4.556; Q50: 9.591, 9.601; Q90: 4.252, 4.350;
| 6  Horizon | RMSE: 31.770, 32.270; MAE: 19.653, 19.974; MAPE: 11.296, 11.708; Q10: 4.771, 4.839; Q50: 9.966, 10.108; Q90: 4.418, 4.615;
| 12 Horizon | RMSE: 33.920, 34.969; MAE: 21.126, 21.837; MAPE: 12.128, 12.797; Q10: 5.157, 5.318; Q50: 10.713, 11.046; Q90: 4.781, 5.105;
epoch 50 time used: 39  seconds  train loss: 17.454 val loss: 6.39349 test loss: 6.53738
Epoch 51: 
| 3  Horizon | RMSE: 30.439, 30.490; MAE: 18.902, 18.932; MAPE: 10.920, 11.118; Q10: 4.556, 4.556; Q50: 9.588, 9.586; Q90: 4.245, 4.333;
| 6  Horizon | RMSE: 31.779, 32.266; MAE: 19.661, 19.967; MAPE: 11.283, 11.651; Q10: 4.772, 4.834; Q50: 9.974, 10.109; Q90: 4.421, 4.618;
| 12 Horizon | RMSE: 33.947, 34.957; MAE: 21.150, 21.841; MAPE: 12.130, 12.770; Q10: 5.162, 5.313; Q50: 10.727, 11.051; Q90: 4.785, 5.105;
epoch 51 time used: 39  seconds  train loss: 17.452 val loss: 6.395863 test loss: 6.533985
Epoch 52: 
| 3  Horizon | RMSE: 30.433, 30.509; MAE: 18.898, 18.954; MAPE: 10.892, 11.122; Q10: 4.552, 4.557; Q50: 9.584, 9.594; Q90: 4.247, 4.343;
| 6  Horizon | RMSE: 31.784, 32.279; MAE: 19.640, 19.965; MAPE: 11.269, 11.678; Q10: 4.765, 4.835; Q50: 9.960, 10.104; Q90: 4.416, 4.619;
| 12 Horizon | RMSE: 33.953, 34.937; MAE: 21.088, 21.783; MAPE: 12.112, 12.799; Q10: 5.152, 5.311; Q50: 10.693, 11.018; Q90: 4.766, 5.078;
epoch 52 time used: 39  seconds  train loss: 17.45 val loss: 6.386999 test loss: 6.53127
Epoch 53: 
| 3  Horizon | RMSE: 30.432, 30.496; MAE: 18.910, 18.961; MAPE: 10.910, 11.149; Q10: 4.555, 4.557; Q50: 9.589, 9.597; Q90: 4.247, 4.342;
| 6  Horizon | RMSE: 31.783, 32.259; MAE: 19.649, 19.959; MAPE: 11.277, 11.676; Q10: 4.770, 4.835; Q50: 9.965, 10.103; Q90: 4.418, 4.618;
| 12 Horizon | RMSE: 33.925, 34.924; MAE: 21.102, 21.811; MAPE: 12.136, 12.844; Q10: 5.156, 5.312; Q50: 10.699, 11.031; Q90: 4.769, 5.089;
epoch 53 time used: 39  seconds  train loss: 17.449 val loss: 6.392351 test loss: 6.53518
Epoch 54: 
| 3  Horizon | RMSE: 30.438, 30.487; MAE: 18.892, 18.927; MAPE: 10.889, 11.096; Q10: 4.552, 4.553; Q50: 9.583, 9.583; Q90: 4.242, 4.333;
| 6  Horizon | RMSE: 31.793, 32.248; MAE: 19.638, 19.927; MAPE: 11.274, 11.649; Q10: 4.769, 4.831; Q50: 9.961, 10.088; Q90: 4.412, 4.603;
| 12 Horizon | RMSE: 33.922, 34.926; MAE: 21.111, 21.803; MAPE: 12.111, 12.752; Q10: 5.150, 5.302; Q50: 10.708, 11.032; Q90: 4.779, 5.099;
epoch 54 time used: 39  seconds  train loss: 17.447 val loss: 6.388966 test loss: 6.525858
Epoch 55: 
| 3  Horizon | RMSE: 30.429, 30.500; MAE: 18.898, 18.947; MAPE: 10.899, 11.124; Q10: 4.554, 4.558; Q50: 9.583, 9.591; Q90: 4.248, 4.345;
| 6  Horizon | RMSE: 31.781, 32.274; MAE: 19.646, 19.968; MAPE: 11.296, 11.720; Q10: 4.772, 4.843; Q50: 9.960, 10.103; Q90: 4.415, 4.614;
| 12 Horizon | RMSE: 33.931, 34.961; MAE: 21.116, 21.831; MAPE: 12.124, 12.819; Q10: 5.154, 5.316; Q50: 10.705, 11.041; Q90: 4.777, 5.097;
epoch 55 time used: 39  seconds  train loss: 17.438 val loss: 6.390051 test loss: 6.535705
Epoch 56: 
| 3  Horizon | RMSE: 30.436, 30.485; MAE: 18.893, 18.936; MAPE: 10.913, 11.140; Q10: 4.553, 4.555; Q50: 9.581, 9.585; Q90: 4.245, 4.340;
| 6  Horizon | RMSE: 31.772, 32.264; MAE: 19.646, 19.975; MAPE: 11.287, 11.707; Q10: 4.768, 4.836; Q50: 9.961, 10.108; Q90: 4.420, 4.628;
| 12 Horizon | RMSE: 33.914, 34.930; MAE: 21.098, 21.825; MAPE: 12.142, 12.873; Q10: 5.157, 5.321; Q50: 10.695, 11.038; Q90: 4.771, 5.097;
epoch 56 time used: 39  seconds  train loss: 17.438 val loss: 6.389025 test loss: 6.535503
Epoch 57: 
| 3  Horizon | RMSE: 30.442, 30.485; MAE: 18.896, 18.929; MAPE: 10.894, 11.101; Q10: 4.554, 4.553; Q50: 9.584, 9.584; Q90: 4.244, 4.336;
| 6  Horizon | RMSE: 31.799, 32.242; MAE: 19.636, 19.928; MAPE: 11.277, 11.669; Q10: 4.770, 4.832; Q50: 9.958, 10.086; Q90: 4.411, 4.602;
| 12 Horizon | RMSE: 33.907, 34.938; MAE: 21.102, 21.825; MAPE: 12.074, 12.738; Q10: 5.143, 5.296; Q50: 10.702, 11.043; Q90: 4.783, 5.119;
epoch 57 time used: 39  seconds  train loss: 17.437 val loss: 6.388743 test loss: 6.529575
Epoch 58: 
| 3  Horizon | RMSE: 30.433, 30.493; MAE: 18.898, 18.939; MAPE: 10.890, 11.101; Q10: 4.554, 4.555; Q50: 9.585, 9.588; Q90: 4.244, 4.337;
| 6  Horizon | RMSE: 31.783, 32.249; MAE: 19.646, 19.943; MAPE: 11.265, 11.646; Q10: 4.772, 4.832; Q50: 9.964, 10.095; Q90: 4.415, 4.610;
| 12 Horizon | RMSE: 33.933, 34.899; MAE: 21.120, 21.788; MAPE: 12.099, 12.730; Q10: 5.155, 5.299; Q50: 10.711, 11.024; Q90: 4.780, 5.096;
epoch 58 time used: 39  seconds  train loss: 17.434 val loss: 6.392294 test loss: 6.527927
Epoch 59: 
| 3  Horizon | RMSE: 30.428, 30.488; MAE: 18.898, 18.945; MAPE: 10.880, 11.102; Q10: 4.552, 4.554; Q50: 9.584, 9.590; Q90: 4.246, 4.342;
| 6  Horizon | RMSE: 31.783, 32.246; MAE: 19.641, 19.946; MAPE: 11.260, 11.662; Q10: 4.769, 4.831; Q50: 9.960, 10.095; Q90: 4.419, 4.621;
| 12 Horizon | RMSE: 33.927, 34.900; MAE: 21.099, 21.790; MAPE: 12.101, 12.794; Q10: 5.154, 5.306; Q50: 10.698, 11.022; Q90: 4.773, 5.093;
epoch 59 time used: 39  seconds  train loss: 17.433 val loss: 6.389427 test loss: 6.529828
Epoch 60: 
| 3  Horizon | RMSE: 30.443, 30.489; MAE: 18.898, 18.933; MAPE: 10.894, 11.098; Q10: 4.554, 4.554; Q50: 9.586, 9.585; Q90: 4.246, 4.339;
| 6  Horizon | RMSE: 31.796, 32.257; MAE: 19.654, 19.955; MAPE: 11.274, 11.669; Q10: 4.773, 4.835; Q50: 9.967, 10.099; Q90: 4.420, 4.619;
| 12 Horizon | RMSE: 33.954, 34.922; MAE: 21.133, 21.815; MAPE: 12.139, 12.821; Q10: 5.162, 5.311; Q50: 10.714, 11.033; Q90: 4.781, 5.095;
epoch 60 time used: 39  seconds  train loss: 17.427 val loss: 6.393163 test loss: 6.530491
Epoch 61: 
| 3  Horizon | RMSE: 30.437, 30.482; MAE: 18.900, 18.927; MAPE: 10.910, 11.109; Q10: 4.557, 4.554; Q50: 9.587, 9.584; Q90: 4.247, 4.338;
| 6  Horizon | RMSE: 31.793, 32.230; MAE: 19.646, 19.920; MAPE: 11.293, 11.665; Q10: 4.778, 4.833; Q50: 9.964, 10.084; Q90: 4.416, 4.608;
| 12 Horizon | RMSE: 33.918, 34.879; MAE: 21.104, 21.771; MAPE: 12.129, 12.788; Q10: 5.165, 5.312; Q50: 10.702, 11.014; Q90: 4.769, 5.079;
epoch 61 time used: 39  seconds  train loss: 17.427 val loss: 6.392561 test loss: 6.524571
Epoch 62: 
| 3  Horizon | RMSE: 30.440, 30.498; MAE: 18.887, 18.934; MAPE: 10.884, 11.108; Q10: 4.552, 4.555; Q50: 9.579, 9.585; Q90: 4.242, 4.336;
| 6  Horizon | RMSE: 31.786, 32.279; MAE: 19.638, 19.960; MAPE: 11.253, 11.651; Q10: 4.767, 4.834; Q50: 9.960, 10.103; Q90: 4.419, 4.625;
| 12 Horizon | RMSE: 33.945, 34.958; MAE: 21.111, 21.818; MAPE: 12.098, 12.765; Q10: 5.150, 5.306; Q50: 10.706, 11.037; Q90: 4.780, 5.106;
Early stopping at epoch: 62
Model  stgcn7  Best Results:
Epoch 52: 
=        =        Horizon  3        =        =        =        =        Horizon  6        =        =        =        =        Horizon  12       =        =       
RMSE     MAE      MAPE     Q10      Q50      Q90      RMSE     MAE      MAPE     Q10      Q50      Q90      RMSE     MAE      MAPE     Q10      Q50      Q90     
30.509   18.954   11.122   4.557    9.594    4.343    32.279   19.965   11.678   4.835    10.104   4.619    34.937   21.783   12.799   5.311    11.018   5.078   
Model Training Ended ... Mon Sep 25 14:50:02 2023
