nohup: ignoring input
pdate shape is:  (16992,)
./save/pems04_stgcn7_in12_out12_addtimeFalse_adjTrue_lr0.001_hc32_train0.7_val0.1_test0.2_seed233_lossquantile_version12wait3000size300len30reset_y_mask_note: training started Thu Oct 12 23:08:45 2023
pdate shape is:  (16992,)
data load........
initial data shape is:  (16992, 307, 3)
train_mean shape : (307,)
train  :  (11873, 24, 307, 3)
val  :  (1697, 24, 307, 3)
test  :  (3388, 24, 307, 3)
Model Training Started ... Thu Oct 12 23:08:48 2023
TIMESTEP_IN, TIMESTEP_OUT 12 12
LOSS is : quantile
Spatial CL target length = 1
Epoch 0: 
| 3  Horizon | RMSE: 32.939, 32.173; MAE: 21.357, 20.855; MAPE: 12.354, 12.239; Q10: 5.064, 4.916; Q50: 10.839, 10.569; Q90: 4.868, 4.822;
| 6  Horizon | RMSE: 35.124, 34.592; MAE: 22.883, 22.590; MAPE: 13.016, 13.143; Q10: 5.370, 5.242; Q50: 11.603, 11.437; Q90: 5.235, 5.281;
| 12 Horizon | RMSE: 39.842, 39.677; MAE: 26.546, 26.643; MAPE: 15.480, 16.298; Q10: 6.181, 6.069; Q50: 13.430, 13.458; Q90: 6.088, 6.223;
epoch 0 time used: 51  seconds  train loss: 26.61 val loss: 7.497855 test loss: 7.415461
Epoch 1: 
| 3  Horizon | RMSE: 32.127, 31.438; MAE: 20.688, 20.314; MAPE: 12.525, 12.755; Q10: 4.902, 4.787; Q50: 10.463, 10.256; Q90: 4.688, 4.645;
| 6  Horizon | RMSE: 34.527, 34.010; MAE: 22.188, 21.897; MAPE: 12.940, 13.205; Q10: 5.153, 5.078; Q50: 11.241, 11.072; Q90: 5.000, 5.002;
| 12 Horizon | RMSE: 38.526, 38.461; MAE: 24.934, 25.027; MAPE: 14.307, 14.824; Q10: 5.806, 5.807; Q50: 12.641, 12.663; Q90: 5.741, 5.803;
epoch 1 time used: 48  seconds  train loss: 21.144 val loss: 7.187194 test loss: 7.122401
Spatial CL target length = 1
Spatial CL target length = 2
Spatial CL target length = 3
Spatial CL target length = 4
Spatial CL target length = 5
Epoch 2: 
| 3  Horizon | RMSE: 33.140, 32.644; MAE: 21.553, 21.216; MAPE: 13.037, 12.923; Q10: 5.005, 4.905; Q50: 10.923, 10.739; Q90: 5.058, 4.995;
| 6  Horizon | RMSE: 36.120, 35.570; MAE: 23.650, 23.313; MAPE: 14.195, 14.155; Q10: 5.390, 5.288; Q50: 11.987, 11.800; Q90: 5.629, 5.587;
| 12 Horizon | RMSE: 42.498, 41.773; MAE: 28.308, 27.975; MAPE: 16.869, 16.971; Q10: 6.590, 6.429; Q50: 14.346, 14.157; Q90: 6.655, 6.632;
epoch 2 time used: 47  seconds  train loss: 23.096 val loss: 7.827755 test loss: 7.712974
Spatial CL target length = 6
Spatial CL target length = 7
Spatial CL target length = 8
Spatial CL target length = 9
Spatial CL target length = 10
Epoch 3: 
| 3  Horizon | RMSE: 31.769, 31.308; MAE: 20.272, 20.077; MAPE: 11.755, 11.861; Q10: 4.863, 4.782; Q50: 10.283, 10.166; Q90: 4.651, 4.632;
| 6  Horizon | RMSE: 33.785, 33.562; MAE: 21.675, 21.664; MAPE: 12.436, 12.647; Q10: 5.161, 5.103; Q50: 10.999, 10.975; Q90: 5.008, 5.092;
| 12 Horizon | RMSE: 38.122, 38.336; MAE: 24.872, 25.198; MAPE: 14.082, 14.523; Q10: 5.830, 5.837; Q50: 12.612, 12.756; Q90: 5.700, 5.834;
epoch 3 time used: 47  seconds  train loss: 21.257 val loss: 7.119849 test loss: 7.118399
Spatial CL target length = 11
Spatial CL target length = 12
Spatial CL target length = 13
Spatial CL target length = 14
Spatial CL target length = 15
Epoch 4: 
| 3  Horizon | RMSE: 31.502, 31.056; MAE: 20.195, 19.970; MAPE: 11.754, 11.839; Q10: 4.776, 4.676; Q50: 10.239, 10.103; Q90: 4.600, 4.593;
| 6  Horizon | RMSE: 33.226, 33.039; MAE: 21.389, 21.342; MAPE: 12.476, 12.647; Q10: 5.070, 5.009; Q50: 10.848, 10.802; Q90: 4.914, 4.972;
| 12 Horizon | RMSE: 36.494, 37.141; MAE: 23.707, 24.186; MAPE: 13.949, 14.447; Q10: 5.614, 5.727; Q50: 12.024, 12.242; Q90: 5.429, 5.625;
epoch 4 time used: 47  seconds  train loss: 20.133 val loss: 6.976768 test loss: 6.991033
Spatial CL target length = 16
Spatial CL target length = 17
Spatial CL target length = 18
Spatial CL target length = 19
Spatial CL target length = 20
Epoch 5: 
| 3  Horizon | RMSE: 31.401, 31.026; MAE: 20.031, 19.843; MAPE: 11.502, 11.591; Q10: 4.728, 4.626; Q50: 10.166, 10.052; Q90: 4.572, 4.595;
| 6  Horizon | RMSE: 33.142, 33.012; MAE: 21.300, 21.275; MAPE: 12.510, 12.631; Q10: 5.009, 4.936; Q50: 10.821, 10.788; Q90: 4.920, 5.018;
| 12 Horizon | RMSE: 36.214, 36.660; MAE: 23.415, 23.755; MAPE: 13.591, 13.953; Q10: 5.528, 5.543; Q50: 11.892, 12.041; Q90: 5.304, 5.505;
epoch 5 time used: 47  seconds  train loss: 19.477 val loss: 6.895599 test loss: 6.90591
Spatial CL target length = 21
Spatial CL target length = 22
Spatial CL target length = 23
Spatial CL target length = 24
Spatial CL target length = 25
Epoch 6: 
| 3  Horizon | RMSE: 31.153, 30.772; MAE: 19.819, 19.619; MAPE: 11.759, 11.896; Q10: 4.673, 4.584; Q50: 10.042, 9.922; Q90: 4.527, 4.528;
| 6  Horizon | RMSE: 32.548, 32.553; MAE: 20.684, 20.726; MAPE: 12.018, 12.249; Q10: 4.902, 4.865; Q50: 10.492, 10.495; Q90: 4.731, 4.799;
| 12 Horizon | RMSE: 35.427, 36.322; MAE: 22.724, 23.282; MAPE: 13.272, 13.762; Q10: 5.404, 5.498; Q50: 11.529, 11.792; Q90: 5.196, 5.402;
epoch 6 time used: 46  seconds  train loss: 19.254 val loss: 6.75267 test loss: 6.786814
Spatial CL target length = 26
Spatial CL target length = 27
Spatial CL target length = 28
Spatial CL target length = 29
Spatial CL target length = 30
Epoch 7: 
| 3  Horizon | RMSE: 31.002, 30.759; MAE: 19.671, 19.623; MAPE: 11.370, 11.606; Q10: 4.682, 4.608; Q50: 9.974, 9.931; Q90: 4.454, 4.521;
| 6  Horizon | RMSE: 32.415, 32.557; MAE: 20.604, 20.802; MAPE: 11.891, 12.258; Q10: 4.902, 4.875; Q50: 10.441, 10.522; Q90: 4.684, 4.803;
| 12 Horizon | RMSE: 35.205, 36.153; MAE: 22.571, 23.191; MAPE: 13.050, 13.626; Q10: 5.369, 5.467; Q50: 11.436, 11.729; Q90: 5.156, 5.391;
epoch 7 time used: 47  seconds  train loss: 19.034 val loss: 6.710105 test loss: 6.782778
Epoch 8: 
| 3  Horizon | RMSE: 30.747, 30.410; MAE: 19.452, 19.340; MAPE: 11.457, 11.673; Q10: 4.618, 4.530; Q50: 9.857, 9.783; Q90: 4.404, 4.455;
| 6  Horizon | RMSE: 32.234, 32.149; MAE: 20.494, 20.533; MAPE: 12.426, 12.730; Q10: 4.852, 4.802; Q50: 10.368, 10.370; Q90: 4.640, 4.731;
| 12 Horizon | RMSE: 35.078, 35.622; MAE: 22.483, 22.883; MAPE: 13.631, 14.162; Q10: 5.339, 5.405; Q50: 11.374, 11.557; Q90: 5.081, 5.252;
epoch 8 time used: 47  seconds  train loss: 18.893 val loss: 6.637908 test loss: 6.669475
Epoch 9: 
| 3  Horizon | RMSE: 31.080, 30.648; MAE: 19.597, 19.407; MAPE: 11.403, 11.558; Q10: 4.675, 4.558; Q50: 9.943, 9.829; Q90: 4.429, 4.469;
| 6  Horizon | RMSE: 32.257, 32.268; MAE: 20.382, 20.480; MAPE: 11.748, 12.083; Q10: 4.868, 4.809; Q50: 10.334, 10.365; Q90: 4.621, 4.756;
| 12 Horizon | RMSE: 34.868, 35.660; MAE: 22.234, 22.806; MAPE: 12.915, 13.496; Q10: 5.342, 5.414; Q50: 11.282, 11.549; Q90: 5.022, 5.316;
epoch 9 time used: 47  seconds  train loss: 18.76 val loss: 6.657943 test loss: 6.705144
Epoch 10: 
| 3  Horizon | RMSE: 30.871, 30.707; MAE: 19.607, 19.569; MAPE: 11.162, 11.392; Q10: 4.621, 4.541; Q50: 9.946, 9.910; Q90: 4.450, 4.551;
| 6  Horizon | RMSE: 32.031, 32.174; MAE: 20.291, 20.448; MAPE: 11.535, 11.872; Q10: 4.833, 4.789; Q50: 10.296, 10.357; Q90: 4.599, 4.760;
| 12 Horizon | RMSE: 34.455, 35.262; MAE: 22.094, 22.659; MAPE: 12.588, 13.168; Q10: 5.249, 5.302; Q50: 11.197, 11.464; Q90: 5.070, 5.373;
epoch 10 time used: 46  seconds  train loss: 18.518 val loss: 6.629134 test loss: 6.708841
Epoch 11: 
| 3  Horizon | RMSE: 30.599, 30.343; MAE: 19.376, 19.299; MAPE: 11.392, 11.556; Q10: 4.598, 4.510; Q50: 9.838, 9.783; Q90: 4.406, 4.482;
| 6  Horizon | RMSE: 31.891, 31.945; MAE: 20.124, 20.231; MAPE: 11.716, 12.006; Q10: 4.823, 4.778; Q50: 10.214, 10.251; Q90: 4.548, 4.689;
| 12 Horizon | RMSE: 34.292, 35.108; MAE: 21.947, 22.489; MAPE: 12.814, 13.364; Q10: 5.262, 5.343; Q50: 11.139, 11.393; Q90: 4.972, 5.232;
epoch 11 time used: 47  seconds  train loss: 18.433 val loss: 6.573391 test loss: 6.640051
Epoch 12: 
| 3  Horizon | RMSE: 30.548, 30.311; MAE: 19.248, 19.164; MAPE: 11.195, 11.377; Q10: 4.592, 4.509; Q50: 9.760, 9.702; Q90: 4.351, 4.427;
| 6  Horizon | RMSE: 31.807, 31.984; MAE: 20.029, 20.191; MAPE: 11.599, 11.924; Q10: 4.793, 4.769; Q50: 10.152, 10.217; Q90: 4.539, 4.689;
| 12 Horizon | RMSE: 33.981, 35.043; MAE: 21.567, 22.271; MAPE: 12.445, 13.093; Q10: 5.219, 5.325; Q50: 10.940, 11.276; Q90: 4.903, 5.191;
epoch 12 time used: 47  seconds  train loss: 18.37 val loss: 6.512119 test loss: 6.595355
Epoch 13: 
| 3  Horizon | RMSE: 30.561, 30.244; MAE: 19.264, 19.134; MAPE: 11.241, 11.427; Q10: 4.575, 4.488; Q50: 9.766, 9.683; Q90: 4.342, 4.399;
| 6  Horizon | RMSE: 31.753, 31.946; MAE: 20.055, 20.247; MAPE: 11.543, 11.882; Q10: 4.804, 4.787; Q50: 10.180, 10.259; Q90: 4.531, 4.694;
| 12 Horizon | RMSE: 34.098, 34.926; MAE: 21.680, 22.246; MAPE: 12.465, 13.004; Q10: 5.194, 5.280; Q50: 10.996, 11.262; Q90: 4.934, 5.196;
epoch 13 time used: 47  seconds  train loss: 18.303 val loss: 6.518268 test loss: 6.592628
Epoch 14: 
| 3  Horizon | RMSE: 30.522, 30.271; MAE: 19.269, 19.184; MAPE: 11.236, 11.421; Q10: 4.587, 4.502; Q50: 9.783, 9.723; Q90: 4.363, 4.427;
| 6  Horizon | RMSE: 31.828, 31.969; MAE: 20.082, 20.222; MAPE: 11.533, 11.863; Q10: 4.810, 4.780; Q50: 10.190, 10.243; Q90: 4.535, 4.677;
| 12 Horizon | RMSE: 34.356, 35.152; MAE: 21.888, 22.395; MAPE: 12.538, 13.102; Q10: 5.256, 5.348; Q50: 11.101, 11.338; Q90: 4.960, 5.206;
epoch 14 time used: 46  seconds  train loss: 18.24 val loss: 6.537806 test loss: 6.604181
Epoch 15: 
| 3  Horizon | RMSE: 30.433, 30.279; MAE: 19.296, 19.285; MAPE: 11.267, 11.521; Q10: 4.588, 4.518; Q50: 9.797, 9.777; Q90: 4.347, 4.441;
| 6  Horizon | RMSE: 31.629, 31.921; MAE: 19.998, 20.262; MAPE: 11.505, 11.914; Q10: 4.758, 4.745; Q50: 10.152, 10.269; Q90: 4.535, 4.732;
| 12 Horizon | RMSE: 33.808, 34.726; MAE: 21.454, 22.086; MAPE: 12.312, 12.933; Q10: 5.146, 5.250; Q50: 10.882, 11.183; Q90: 4.878, 5.162;
epoch 15 time used: 47  seconds  train loss: 18.1 val loss: 6.481471 test loss: 6.582935
Epoch 16: 
| 3  Horizon | RMSE: 30.346, 30.177; MAE: 19.100, 19.067; MAPE: 11.031, 11.265; Q10: 4.550, 4.473; Q50: 9.689, 9.656; Q90: 4.306, 4.391;
| 6  Horizon | RMSE: 31.627, 31.892; MAE: 19.891, 20.107; MAPE: 11.496, 11.870; Q10: 4.750, 4.747; Q50: 10.082, 10.173; Q90: 4.491, 4.656;
| 12 Horizon | RMSE: 33.793, 35.001; MAE: 21.505, 22.286; MAPE: 12.395, 13.067; Q10: 5.157, 5.300; Q50: 10.910, 11.284; Q90: 4.877, 5.181;
epoch 16 time used: 46  seconds  train loss: 18.07 val loss: 6.46348 test loss: 6.56829
Epoch 17: 
| 3  Horizon | RMSE: 30.395, 30.216; MAE: 19.178, 19.102; MAPE: 11.223, 11.400; Q10: 4.561, 4.486; Q50: 9.735, 9.679; Q90: 4.328, 4.392;
| 6  Horizon | RMSE: 31.628, 31.931; MAE: 19.934, 20.131; MAPE: 11.536, 11.900; Q10: 4.773, 4.768; Q50: 10.107, 10.189; Q90: 4.491, 4.647;
| 12 Horizon | RMSE: 33.874, 34.981; MAE: 21.560, 22.233; MAPE: 12.496, 13.132; Q10: 5.209, 5.335; Q50: 10.929, 11.249; Q90: 4.872, 5.158;
epoch 17 time used: 47  seconds  train loss: 18.03 val loss: 6.484121 test loss: 6.575716
Epoch 18: 
| 3  Horizon | RMSE: 30.404, 30.307; MAE: 19.162, 19.178; MAPE: 11.029, 11.325; Q10: 4.554, 4.505; Q50: 9.716, 9.708; Q90: 4.320, 4.398;
| 6  Horizon | RMSE: 31.669, 32.037; MAE: 19.888, 20.155; MAPE: 11.472, 11.900; Q10: 4.760, 4.784; Q50: 10.077, 10.195; Q90: 4.484, 4.655;
| 12 Horizon | RMSE: 33.810, 35.112; MAE: 21.420, 22.298; MAPE: 12.211, 12.964; Q10: 5.168, 5.325; Q50: 10.861, 11.285; Q90: 4.846, 5.156;
epoch 18 time used: 46  seconds  train loss: 17.994 val loss: 6.457963 test loss: 6.583888
Epoch 19: 
| 3  Horizon | RMSE: 30.262, 30.136; MAE: 19.026, 19.030; MAPE: 10.962, 11.234; Q10: 4.537, 4.476; Q50: 9.647, 9.632; Q90: 4.285, 4.378;
| 6  Horizon | RMSE: 31.652, 31.943; MAE: 19.862, 20.094; MAPE: 11.615, 12.019; Q10: 4.749, 4.764; Q50: 10.056, 10.156; Q90: 4.461, 4.623;
| 12 Horizon | RMSE: 33.791, 34.954; MAE: 21.360, 22.111; MAPE: 12.295, 12.960; Q10: 5.141, 5.299; Q50: 10.838, 11.197; Q90: 4.838, 5.135;
epoch 19 time used: 47  seconds  train loss: 17.963 val loss: 6.426485 test loss: 6.548365
Epoch 20: 
| 3  Horizon | RMSE: 30.297, 30.203; MAE: 19.152, 19.144; MAPE: 11.189, 11.420; Q10: 4.562, 4.501; Q50: 9.720, 9.699; Q90: 4.317, 4.390;
| 6  Horizon | RMSE: 31.554, 31.935; MAE: 19.947, 20.197; MAPE: 11.714, 12.089; Q10: 4.783, 4.794; Q50: 10.126, 10.235; Q90: 4.494, 4.659;
| 12 Horizon | RMSE: 33.858, 34.984; MAE: 21.647, 22.329; MAPE: 12.728, 13.355; Q10: 5.211, 5.349; Q50: 10.989, 11.312; Q90: 4.885, 5.175;
epoch 20 time used: 46  seconds  train loss: 17.875 val loss: 6.490999 test loss: 6.598705
Epoch 21: 
| 3  Horizon | RMSE: 30.414, 30.209; MAE: 19.153, 19.071; MAPE: 11.198, 11.414; Q10: 4.572, 4.495; Q50: 9.722, 9.664; Q90: 4.303, 4.364;
| 6  Horizon | RMSE: 31.521, 31.846; MAE: 19.826, 20.040; MAPE: 11.473, 11.857; Q10: 4.771, 4.772; Q50: 10.062, 10.152; Q90: 4.470, 4.639;
| 12 Horizon | RMSE: 33.841, 34.916; MAE: 21.516, 22.165; MAPE: 12.512, 13.156; Q10: 5.211, 5.349; Q50: 10.917, 11.223; Q90: 4.844, 5.124;
epoch 21 time used: 47  seconds  train loss: 17.857 val loss: 6.460102 test loss: 6.559123
Epoch 22: 
| 3  Horizon | RMSE: 30.221, 30.123; MAE: 19.035, 19.033; MAPE: 10.961, 11.255; Q10: 4.531, 4.475; Q50: 9.652, 9.634; Q90: 4.286, 4.366;
| 6  Horizon | RMSE: 31.438, 31.822; MAE: 19.765, 20.023; MAPE: 11.339, 11.758; Q10: 4.733, 4.742; Q50: 10.020, 10.132; Q90: 4.463, 4.649;
| 12 Horizon | RMSE: 33.727, 34.802; MAE: 21.446, 22.102; MAPE: 12.575, 13.193; Q10: 5.142, 5.271; Q50: 10.859, 11.170; Q90: 4.864, 5.137;
epoch 22 time used: 46  seconds  train loss: 17.834 val loss: 6.434526 test loss: 6.541558
Epoch 23: 
| 3  Horizon | RMSE: 30.238, 30.153; MAE: 19.021, 19.010; MAPE: 11.042, 11.302; Q10: 4.531, 4.479; Q50: 9.648, 9.627; Q90: 4.283, 4.356;
| 6  Horizon | RMSE: 31.460, 31.925; MAE: 19.739, 20.031; MAPE: 11.423, 11.834; Q10: 4.737, 4.762; Q50: 10.015, 10.145; Q90: 4.446, 4.631;
| 12 Horizon | RMSE: 33.677, 34.966; MAE: 21.342, 22.138; MAPE: 12.461, 13.143; Q10: 5.145, 5.302; Q50: 10.838, 11.218; Q90: 4.824, 5.151;
epoch 23 time used: 46  seconds  train loss: 17.815 val loss: 6.424529 test loss: 6.552334
Epoch 24: 
| 3  Horizon | RMSE: 30.243, 30.113; MAE: 19.016, 18.979; MAPE: 11.002, 11.270; Q10: 4.542, 4.473; Q50: 9.645, 9.609; Q90: 4.278, 4.356;
| 6  Horizon | RMSE: 31.418, 31.833; MAE: 19.743, 20.001; MAPE: 11.381, 11.764; Q10: 4.751, 4.755; Q50: 10.021, 10.132; Q90: 4.448, 4.629;
| 12 Horizon | RMSE: 33.716, 34.802; MAE: 21.344, 21.998; MAPE: 12.323, 12.941; Q10: 5.152, 5.280; Q50: 10.828, 11.137; Q90: 4.825, 5.111;
epoch 24 time used: 46  seconds  train loss: 17.795 val loss: 6.428397 test loss: 6.530669
Epoch 25: 
| 3  Horizon | RMSE: 30.241, 30.156; MAE: 19.025, 19.013; MAPE: 11.040, 11.316; Q10: 4.536, 4.477; Q50: 9.645, 9.622; Q90: 4.280, 4.359;
| 6  Horizon | RMSE: 31.436, 31.877; MAE: 19.735, 20.005; MAPE: 11.374, 11.782; Q10: 4.737, 4.756; Q50: 10.007, 10.126; Q90: 4.445, 4.624;
| 12 Horizon | RMSE: 33.584, 34.818; MAE: 21.293, 22.044; MAPE: 12.302, 12.969; Q10: 5.138, 5.292; Q50: 10.793, 11.153; Q90: 4.811, 5.121;
epoch 25 time used: 47  seconds  train loss: 17.731 val loss: 6.417075 test loss: 6.53798
Epoch 26: 
| 3  Horizon | RMSE: 30.316, 30.215; MAE: 19.055, 19.019; MAPE: 11.079, 11.317; Q10: 4.565, 4.499; Q50: 9.665, 9.630; Q90: 4.288, 4.356;
| 6  Horizon | RMSE: 31.494, 31.939; MAE: 19.762, 20.012; MAPE: 11.426, 11.797; Q10: 4.751, 4.766; Q50: 10.025, 10.133; Q90: 4.452, 4.618;
| 12 Horizon | RMSE: 34.104, 35.169; MAE: 21.701, 22.288; MAPE: 12.928, 13.506; Q10: 5.240, 5.380; Q50: 10.989, 11.267; Q90: 4.870, 5.109;
epoch 26 time used: 47  seconds  train loss: 17.719 val loss: 6.447352 test loss: 6.547495
Epoch 27: 
| 3  Horizon | RMSE: 30.158, 30.137; MAE: 18.993, 19.005; MAPE: 11.069, 11.323; Q10: 4.534, 4.481; Q50: 9.641, 9.631; Q90: 4.274, 4.369;
| 6  Horizon | RMSE: 31.318, 31.859; MAE: 19.708, 20.031; MAPE: 11.378, 11.794; Q10: 4.729, 4.757; Q50: 10.004, 10.149; Q90: 4.432, 4.634;
| 12 Horizon | RMSE: 33.467, 34.713; MAE: 21.217, 21.978; MAPE: 12.212, 12.891; Q10: 5.123, 5.273; Q50: 10.762, 11.126; Q90: 4.793, 5.124;
epoch 27 time used: 47  seconds  train loss: 17.708 val loss: 6.402787 test loss: 6.532908
Epoch 28: 
| 3  Horizon | RMSE: 30.131, 30.152; MAE: 18.994, 19.040; MAPE: 10.937, 11.226; Q10: 4.523, 4.483; Q50: 9.635, 9.642; Q90: 4.287, 4.395;
| 6  Horizon | RMSE: 31.292, 31.833; MAE: 19.660, 19.994; MAPE: 11.295, 11.736; Q10: 4.716, 4.754; Q50: 9.969, 10.121; Q90: 4.436, 4.645;
| 12 Horizon | RMSE: 33.380, 34.680; MAE: 21.117, 21.936; MAPE: 12.129, 12.835; Q10: 5.088, 5.255; Q50: 10.712, 11.104; Q90: 4.780, 5.121;
epoch 28 time used: 47  seconds  train loss: 17.693 val loss: 6.391713 test loss: 6.536556
Epoch 29: 
| 3  Horizon | RMSE: 30.177, 30.085; MAE: 18.974, 18.953; MAPE: 11.028, 11.278; Q10: 4.528, 4.470; Q50: 9.628, 9.602; Q90: 4.268, 4.352;
| 6  Horizon | RMSE: 31.332, 31.801; MAE: 19.703, 19.990; MAPE: 11.459, 11.843; Q10: 4.727, 4.748; Q50: 10.005, 10.132; Q90: 4.445, 4.645;
| 12 Horizon | RMSE: 33.414, 34.669; MAE: 21.134, 21.918; MAPE: 12.218, 12.915; Q10: 5.110, 5.273; Q50: 10.718, 11.093; Q90: 4.777, 5.111;
epoch 29 time used: 47  seconds  train loss: 17.681 val loss: 6.395827 test loss: 6.523444
Epoch 30: 
| 3  Horizon | RMSE: 30.101, 30.092; MAE: 18.975, 19.001; MAPE: 10.968, 11.242; Q10: 4.516, 4.467; Q50: 9.629, 9.626; Q90: 4.275, 4.376;
| 6  Horizon | RMSE: 31.316, 31.748; MAE: 19.649, 19.911; MAPE: 11.369, 11.778; Q10: 4.727, 4.750; Q50: 9.968, 10.083; Q90: 4.424, 4.611;
| 12 Horizon | RMSE: 33.530, 34.643; MAE: 21.233, 21.909; MAPE: 12.353, 13.005; Q10: 5.156, 5.307; Q50: 10.767, 11.088; Q90: 4.785, 5.069;
epoch 30 time used: 47  seconds  train loss: 17.641 val loss: 6.397825 test loss: 6.517618
Epoch 31: 
| 3  Horizon | RMSE: 30.086, 30.052; MAE: 18.942, 18.953; MAPE: 10.974, 11.258; Q10: 4.511, 4.465; Q50: 9.603, 9.592; Q90: 4.268, 4.364;
| 6  Horizon | RMSE: 31.233, 31.734; MAE: 19.616, 19.919; MAPE: 11.274, 11.697; Q10: 4.706, 4.738; Q50: 9.949, 10.084; Q90: 4.425, 4.622;
| 12 Horizon | RMSE: 33.343, 34.593; MAE: 21.140, 21.901; MAPE: 12.288, 12.960; Q10: 5.102, 5.265; Q50: 10.715, 11.080; Q90: 4.772, 5.096;
epoch 31 time used: 47  seconds  train loss: 17.632 val loss: 6.379972 test loss: 6.511502
Epoch 32: 
| 3  Horizon | RMSE: 30.093, 30.070; MAE: 18.931, 18.957; MAPE: 10.904, 11.195; Q10: 4.515, 4.468; Q50: 9.601, 9.598; Q90: 4.263, 4.363;
| 6  Horizon | RMSE: 31.270, 31.745; MAE: 19.636, 19.926; MAPE: 11.324, 11.748; Q10: 4.718, 4.745; Q50: 9.955, 10.084; Q90: 4.421, 4.610;
| 12 Horizon | RMSE: 33.363, 34.596; MAE: 21.148, 21.903; MAPE: 12.182, 12.845; Q10: 5.102, 5.255; Q50: 10.724, 11.084; Q90: 4.788, 5.124;
epoch 32 time used: 47  seconds  train loss: 17.624 val loss: 6.385632 test loss: 6.516389
Epoch 33: 
| 3  Horizon | RMSE: 30.123, 30.166; MAE: 18.987, 19.035; MAPE: 10.913, 11.207; Q10: 4.515, 4.475; Q50: 9.633, 9.641; Q90: 4.278, 4.383;
| 6  Horizon | RMSE: 31.270, 31.815; MAE: 19.647, 19.969; MAPE: 11.255, 11.697; Q10: 4.715, 4.751; Q50: 9.965, 10.111; Q90: 4.443, 4.655;
| 12 Horizon | RMSE: 33.371, 34.635; MAE: 21.122, 21.912; MAPE: 12.133, 12.856; Q10: 5.098, 5.258; Q50: 10.710, 11.089; Q90: 4.780, 5.126;
epoch 33 time used: 47  seconds  train loss: 17.616 val loss: 6.39077 test loss: 6.53358
Epoch 34: 
| 3  Horizon | RMSE: 30.110, 30.095; MAE: 18.940, 18.957; MAPE: 10.962, 11.258; Q10: 4.522, 4.480; Q50: 9.604, 9.596; Q90: 4.259, 4.349;
| 6  Horizon | RMSE: 31.344, 31.827; MAE: 19.655, 19.930; MAPE: 11.353, 11.780; Q10: 4.739, 4.779; Q50: 9.965, 10.086; Q90: 4.418, 4.598;
| 12 Horizon | RMSE: 33.528, 34.739; MAE: 21.222, 21.942; MAPE: 12.411, 13.074; Q10: 5.151, 5.325; Q50: 10.752, 11.096; Q90: 4.774, 5.076;
epoch 34 time used: 47  seconds  train loss: 17.605 val loss: 6.391321 test loss: 6.518731
Epoch 35: 
| 3  Horizon | RMSE: 30.112, 30.077; MAE: 18.934, 18.945; MAPE: 10.968, 11.270; Q10: 4.520, 4.475; Q50: 9.600, 9.589; Q90: 4.253, 4.343;
| 6  Horizon | RMSE: 31.270, 31.755; MAE: 19.619, 19.905; MAPE: 11.298, 11.729; Q10: 4.720, 4.750; Q50: 9.950, 10.076; Q90: 4.416, 4.604;
| 12 Horizon | RMSE: 33.410, 34.624; MAE: 21.175, 21.911; MAPE: 12.166, 12.833; Q10: 5.100, 5.248; Q50: 10.745, 11.094; Q90: 4.797, 5.129;
epoch 35 time used: 47  seconds  train loss: 17.577 val loss: 6.382801 test loss: 6.509903
Epoch 36: 
| 3  Horizon | RMSE: 30.140, 30.102; MAE: 18.936, 18.943; MAPE: 10.947, 11.236; Q10: 4.518, 4.471; Q50: 9.603, 9.590; Q90: 4.256, 4.344;
| 6  Horizon | RMSE: 31.366, 31.812; MAE: 19.655, 19.917; MAPE: 11.346, 11.770; Q10: 4.730, 4.760; Q50: 9.964, 10.079; Q90: 4.418, 4.596;
| 12 Horizon | RMSE: 33.468, 34.618; MAE: 21.156, 21.846; MAPE: 12.197, 12.849; Q10: 5.120, 5.271; Q50: 10.729, 11.056; Q90: 4.771, 5.083;
epoch 36 time used: 47  seconds  train loss: 17.573 val loss: 6.385729 test loss: 6.505173
Epoch 37: 
| 3  Horizon | RMSE: 30.101, 30.093; MAE: 18.923, 18.958; MAPE: 10.944, 11.261; Q10: 4.518, 4.472; Q50: 9.594, 9.596; Q90: 4.253, 4.352;
| 6  Horizon | RMSE: 31.272, 31.796; MAE: 19.628, 19.949; MAPE: 11.261, 11.712; Q10: 4.721, 4.751; Q50: 9.953, 10.098; Q90: 4.424, 4.631;
| 12 Horizon | RMSE: 33.470, 34.672; MAE: 21.178, 21.917; MAPE: 12.186, 12.868; Q10: 5.120, 5.272; Q50: 10.737, 11.090; Q90: 4.781, 5.104;
epoch 37 time used: 47  seconds  train loss: 17.565 val loss: 6.384848 test loss: 6.516885
Epoch 38: 
| 3  Horizon | RMSE: 30.131, 30.105; MAE: 18.924, 18.935; MAPE: 10.936, 11.226; Q10: 4.523, 4.476; Q50: 9.600, 9.589; Q90: 4.254, 4.343;
| 6  Horizon | RMSE: 31.323, 31.828; MAE: 19.629, 19.920; MAPE: 11.302, 11.720; Q10: 4.729, 4.761; Q50: 9.959, 10.089; Q90: 4.420, 4.603;
| 12 Horizon | RMSE: 33.489, 34.742; MAE: 21.178, 21.929; MAPE: 12.199, 12.880; Q10: 5.131, 5.297; Q50: 10.741, 11.100; Q90: 4.783, 5.112;
epoch 38 time used: 47  seconds  train loss: 17.56 val loss: 6.387797 test loss: 6.518317
Epoch 39: 
| 3  Horizon | RMSE: 30.088, 30.068; MAE: 18.892, 18.904; MAPE: 10.902, 11.192; Q10: 4.513, 4.469; Q50: 9.582, 9.572; Q90: 4.247, 4.336;
| 6  Horizon | RMSE: 31.254, 31.760; MAE: 19.589, 19.883; MAPE: 11.242, 11.667; Q10: 4.712, 4.747; Q50: 9.935, 10.066; Q90: 4.414, 4.603;
| 12 Horizon | RMSE: 33.379, 34.619; MAE: 21.115, 21.858; MAPE: 12.122, 12.801; Q10: 5.102, 5.264; Q50: 10.711, 11.064; Q90: 4.777, 5.105;
epoch 39 time used: 47  seconds  train loss: 17.553 val loss: 6.372416 test loss: 6.503268
Epoch 40: 
| 3  Horizon | RMSE: 30.086, 30.102; MAE: 18.904, 18.940; MAPE: 10.920, 11.210; Q10: 4.516, 4.475; Q50: 9.588, 9.590; Q90: 4.248, 4.346;
| 6  Horizon | RMSE: 31.260, 31.827; MAE: 19.631, 19.958; MAPE: 11.317, 11.716; Q10: 4.719, 4.757; Q50: 9.963, 10.110; Q90: 4.419, 4.625;
| 12 Horizon | RMSE: 33.430, 34.703; MAE: 21.159, 21.926; MAPE: 12.201, 12.871; Q10: 5.121, 5.284; Q50: 10.731, 11.097; Q90: 4.772, 5.108;
epoch 40 time used: 47  seconds  train loss: 17.533 val loss: 6.378929 test loss: 6.516581
Epoch 41: 
| 3  Horizon | RMSE: 30.097, 30.140; MAE: 18.903, 18.943; MAPE: 10.942, 11.234; Q10: 4.513, 4.479; Q50: 9.590, 9.593; Q90: 4.250, 4.342;
| 6  Horizon | RMSE: 31.294, 31.877; MAE: 19.601, 19.928; MAPE: 11.295, 11.727; Q10: 4.717, 4.766; Q50: 9.944, 10.091; Q90: 4.410, 4.601;
| 12 Horizon | RMSE: 33.405, 34.772; MAE: 21.114, 21.926; MAPE: 12.153, 12.857; Q10: 5.109, 5.290; Q50: 10.708, 11.097; Q90: 4.767, 5.105;
epoch 41 time used: 47  seconds  train loss: 17.528 val loss: 6.374308 test loss: 6.517274
Epoch 42: 
| 3  Horizon | RMSE: 30.092, 30.122; MAE: 18.910, 18.948; MAPE: 10.910, 11.209; Q10: 4.514, 4.476; Q50: 9.591, 9.594; Q90: 4.251, 4.344;
| 6  Horizon | RMSE: 31.274, 31.842; MAE: 19.605, 19.925; MAPE: 11.278, 11.709; Q10: 4.723, 4.764; Q50: 9.945, 10.089; Q90: 4.414, 4.610;
| 12 Horizon | RMSE: 33.470, 34.765; MAE: 21.167, 21.926; MAPE: 12.253, 12.937; Q10: 5.134, 5.307; Q50: 10.735, 11.097; Q90: 4.770, 5.099;
epoch 42 time used: 47  seconds  train loss: 17.525 val loss: 6.381098 test loss: 6.519143
Epoch 43: 
| 3  Horizon | RMSE: 30.095, 30.105; MAE: 18.912, 18.933; MAPE: 10.932, 11.212; Q10: 4.518, 4.475; Q50: 9.595, 9.588; Q90: 4.257, 4.351;
| 6  Horizon | RMSE: 31.299, 31.834; MAE: 19.616, 19.911; MAPE: 11.320, 11.735; Q10: 4.727, 4.764; Q50: 9.952, 10.083; Q90: 4.414, 4.600;
| 12 Horizon | RMSE: 33.404, 34.716; MAE: 21.141, 21.914; MAPE: 12.189, 12.867; Q10: 5.113, 5.280; Q50: 10.728, 11.096; Q90: 4.774, 5.106;
epoch 43 time used: 47  seconds  train loss: 17.522 val loss: 6.380947 test loss: 6.51555
Epoch 44: 
| 3  Horizon | RMSE: 30.109, 30.128; MAE: 18.930, 18.953; MAPE: 10.975, 11.239; Q10: 4.520, 4.479; Q50: 9.608, 9.603; Q90: 4.254, 4.349;
| 6  Horizon | RMSE: 31.335, 31.852; MAE: 19.636, 19.921; MAPE: 11.344, 11.745; Q10: 4.736, 4.770; Q50: 9.966, 10.092; Q90: 4.417, 4.613;
| 12 Horizon | RMSE: 33.497, 34.731; MAE: 21.190, 21.914; MAPE: 12.232, 12.881; Q10: 5.142, 5.297; Q50: 10.752, 11.096; Q90: 4.776, 5.097;
epoch 44 time used: 47  seconds  train loss: 17.518 val loss: 6.38926 test loss: 6.519269
Epoch 45: 
| 3  Horizon | RMSE: 30.084, 30.077; MAE: 18.880, 18.900; MAPE: 10.899, 11.202; Q10: 4.506, 4.466; Q50: 9.575, 9.568; Q90: 4.243, 4.332;
| 6  Horizon | RMSE: 31.231, 31.756; MAE: 19.574, 19.879; MAPE: 11.221, 11.657; Q10: 4.710, 4.746; Q50: 9.928, 10.064; Q90: 4.410, 4.606;
| 12 Horizon | RMSE: 33.400, 34.600; MAE: 21.116, 21.839; MAPE: 12.134, 12.805; Q10: 5.107, 5.263; Q50: 10.710, 11.054; Q90: 4.771, 5.093;
epoch 45 time used: 47  seconds  train loss: 17.503 val loss: 6.367843 test loss: 6.496756
Epoch 46: 
| 3  Horizon | RMSE: 30.063, 30.105; MAE: 18.905, 18.949; MAPE: 10.925, 11.222; Q10: 4.513, 4.476; Q50: 9.590, 9.595; Q90: 4.253, 4.354;
| 6  Horizon | RMSE: 31.259, 31.814; MAE: 19.601, 19.915; MAPE: 11.302, 11.730; Q10: 4.725, 4.767; Q50: 9.943, 10.083; Q90: 4.413, 4.611;
| 12 Horizon | RMSE: 33.397, 34.682; MAE: 21.125, 21.889; MAPE: 12.201, 12.877; Q10: 5.116, 5.284; Q50: 10.715, 11.079; Q90: 4.772, 5.106;
epoch 46 time used: 47  seconds  train loss: 17.499 val loss: 6.377716 test loss: 6.516534
Epoch 47: 
| 3  Horizon | RMSE: 30.064, 30.106; MAE: 18.882, 18.928; MAPE: 10.901, 11.206; Q10: 4.508, 4.473; Q50: 9.576, 9.583; Q90: 4.247, 4.350;
| 6  Horizon | RMSE: 31.247, 31.817; MAE: 19.568, 19.894; MAPE: 11.245, 11.684; Q10: 4.716, 4.759; Q50: 9.925, 10.072; Q90: 4.409, 4.613;
| 12 Horizon | RMSE: 33.441, 34.700; MAE: 21.111, 21.857; MAPE: 12.160, 12.843; Q10: 5.115, 5.284; Q50: 10.706, 11.062; Q90: 4.766, 5.097;
epoch 47 time used: 47  seconds  train loss: 17.497 val loss: 6.36957 test loss: 6.510385
Epoch 48: 
| 3  Horizon | RMSE: 30.054, 30.082; MAE: 18.886, 18.925; MAPE: 10.874, 11.172; Q10: 4.507, 4.468; Q50: 9.580, 9.583; Q90: 4.248, 4.351;
| 6  Horizon | RMSE: 31.239, 31.768; MAE: 19.574, 19.882; MAPE: 11.226, 11.665; Q10: 4.712, 4.749; Q50: 9.927, 10.066; Q90: 4.407, 4.602;
| 12 Horizon | RMSE: 33.433, 34.631; MAE: 21.125, 21.842; MAPE: 12.164, 12.832; Q10: 5.121, 5.282; Q50: 10.712, 11.053; Q90: 4.767, 5.085;
epoch 48 time used: 47  seconds  train loss: 17.493 val loss: 6.370932 test loss: 6.502684
Epoch 49: 
| 3  Horizon | RMSE: 30.145, 30.128; MAE: 18.920, 18.921; MAPE: 10.979, 11.248; Q10: 4.527, 4.484; Q50: 9.599, 9.583; Q90: 4.250, 4.336;
| 6  Horizon | RMSE: 31.290, 31.811; MAE: 19.597, 19.886; MAPE: 11.314, 11.725; Q10: 4.731, 4.768; Q50: 9.943, 10.071; Q90: 4.408, 4.593;
| 12 Horizon | RMSE: 33.421, 34.676; MAE: 21.110, 21.858; MAPE: 12.238, 12.919; Q10: 5.133, 5.303; Q50: 10.705, 11.062; Q90: 4.754, 5.074;
epoch 49 time used: 47  seconds  train loss: 17.492 val loss: 6.378606 test loss: 6.506976
Epoch 50: 
| 3  Horizon | RMSE: 30.040, 30.098; MAE: 18.888, 18.939; MAPE: 10.893, 11.194; Q10: 4.506, 4.472; Q50: 9.581, 9.590; Q90: 4.248, 4.350;
| 6  Horizon | RMSE: 31.228, 31.816; MAE: 19.583, 19.913; MAPE: 11.266, 11.706; Q10: 4.715, 4.762; Q50: 9.933, 10.082; Q90: 4.408, 4.605;
| 12 Horizon | RMSE: 33.374, 34.711; MAE: 21.121, 21.902; MAPE: 12.174, 12.863; Q10: 5.120, 5.298; Q50: 10.713, 11.087; Q90: 4.770, 5.110;
epoch 50 time used: 47  seconds  train loss: 17.482 val loss: 6.37192 test loss: 6.514843
Epoch 51: 
| 3  Horizon | RMSE: 30.064, 30.110; MAE: 18.899, 18.941; MAPE: 10.922, 11.222; Q10: 4.515, 4.479; Q50: 9.587, 9.592; Q90: 4.249, 4.347;
| 6  Horizon | RMSE: 31.224, 31.815; MAE: 19.601, 19.931; MAPE: 11.266, 11.699; Q10: 4.719, 4.762; Q50: 9.944, 10.093; Q90: 4.416, 4.619;
| 12 Horizon | RMSE: 33.404, 34.705; MAE: 21.164, 21.921; MAPE: 12.197, 12.873; Q10: 5.130, 5.298; Q50: 10.736, 11.097; Q90: 4.782, 5.117;
epoch 51 time used: 47  seconds  train loss: 17.48 val loss: 6.379135 test loss: 6.519399
Epoch 52: 
| 3  Horizon | RMSE: 30.063, 30.116; MAE: 18.881, 18.932; MAPE: 10.894, 11.202; Q10: 4.508, 4.475; Q50: 9.577, 9.586; Q90: 4.246, 4.347;
| 6  Horizon | RMSE: 31.249, 31.827; MAE: 19.572, 19.903; MAPE: 11.258, 11.708; Q10: 4.715, 4.763; Q50: 9.926, 10.076; Q90: 4.404, 4.603;
| 12 Horizon | RMSE: 33.422, 34.716; MAE: 21.087, 21.863; MAPE: 12.174, 12.876; Q10: 5.122, 5.302; Q50: 10.695, 11.066; Q90: 4.754, 5.079;
epoch 52 time used: 47  seconds  train loss: 17.477 val loss: 6.367295 test loss: 6.510092
Epoch 53: 
| 3  Horizon | RMSE: 30.042, 30.101; MAE: 18.890, 18.945; MAPE: 10.898, 11.215; Q10: 4.508, 4.477; Q50: 9.579, 9.590; Q90: 4.247, 4.349;
| 6  Horizon | RMSE: 31.217, 31.798; MAE: 19.568, 19.899; MAPE: 11.239, 11.686; Q10: 4.711, 4.759; Q50: 9.925, 10.074; Q90: 4.408, 4.609;
| 12 Horizon | RMSE: 33.355, 34.652; MAE: 21.071, 21.846; MAPE: 12.148, 12.840; Q10: 5.108, 5.283; Q50: 10.686, 11.056; Q90: 4.756, 5.083;
epoch 53 time used: 47  seconds  train loss: 17.476 val loss: 6.365887 test loss: 6.510384
Epoch 54: 
| 3  Horizon | RMSE: 30.063, 30.102; MAE: 18.878, 18.921; MAPE: 10.896, 11.204; Q10: 4.508, 4.474; Q50: 9.576, 9.581; Q90: 4.243, 4.337;
| 6  Horizon | RMSE: 31.265, 31.824; MAE: 19.582, 19.900; MAPE: 11.280, 11.721; Q10: 4.720, 4.767; Q50: 9.933, 10.076; Q90: 4.404, 4.596;
| 12 Horizon | RMSE: 33.414, 34.712; MAE: 21.124, 21.891; MAPE: 12.197, 12.888; Q10: 5.125, 5.304; Q50: 10.716, 11.081; Q90: 4.766, 5.094;
epoch 54 time used: 47  seconds  train loss: 17.475 val loss: 6.371197 test loss: 6.511095
Epoch 55: 
| 3  Horizon | RMSE: 30.061, 30.108; MAE: 18.888, 18.926; MAPE: 10.911, 11.206; Q10: 4.512, 4.477; Q50: 9.581, 9.584; Q90: 4.248, 4.346;
| 6  Horizon | RMSE: 31.250, 31.827; MAE: 19.585, 19.903; MAPE: 11.272, 11.712; Q10: 4.722, 4.768; Q50: 9.933, 10.076; Q90: 4.406, 4.599;
| 12 Horizon | RMSE: 33.397, 34.716; MAE: 21.113, 21.879; MAPE: 12.166, 12.850; Q10: 5.120, 5.295; Q50: 10.709, 11.075; Q90: 4.765, 5.094;
epoch 55 time used: 47  seconds  train loss: 17.466 val loss: 6.371591 test loss: 6.511827
Epoch 56: 
| 3  Horizon | RMSE: 30.062, 30.099; MAE: 18.877, 18.917; MAPE: 10.905, 11.209; Q10: 4.507, 4.473; Q50: 9.574, 9.578; Q90: 4.242, 4.339;
| 6  Horizon | RMSE: 31.223, 31.807; MAE: 19.564, 19.898; MAPE: 11.246, 11.690; Q10: 4.715, 4.761; Q50: 9.923, 10.074; Q90: 4.407, 4.608;
| 12 Horizon | RMSE: 33.390, 34.694; MAE: 21.093, 21.866; MAPE: 12.165, 12.860; Q10: 5.120, 5.298; Q50: 10.697, 11.066; Q90: 4.758, 5.089;
epoch 56 time used: 39  seconds  train loss: 17.466 val loss: 6.3668 test loss: 6.508898
Epoch 57: 
| 3  Horizon | RMSE: 30.058, 30.092; MAE: 18.883, 18.919; MAPE: 10.901, 11.197; Q10: 4.508, 4.472; Q50: 9.579, 9.580; Q90: 4.245, 4.341;
| 6  Horizon | RMSE: 31.253, 31.803; MAE: 19.577, 19.887; MAPE: 11.275, 11.712; Q10: 4.718, 4.761; Q50: 9.929, 10.068; Q90: 4.404, 4.594;
| 12 Horizon | RMSE: 33.354, 34.665; MAE: 21.085, 21.863; MAPE: 12.130, 12.823; Q10: 5.104, 5.277; Q50: 10.696, 11.068; Q90: 4.766, 5.109;
epoch 57 time used: 39  seconds  train loss: 17.465 val loss: 6.36723 test loss: 6.506924
Epoch 58: 
| 3  Horizon | RMSE: 30.056, 30.102; MAE: 18.888, 18.927; MAPE: 10.912, 11.209; Q10: 4.512, 4.477; Q50: 9.581, 9.585; Q90: 4.246, 4.343;
| 6  Horizon | RMSE: 31.241, 31.805; MAE: 19.582, 19.895; MAPE: 11.271, 11.700; Q10: 4.722, 4.765; Q50: 9.934, 10.073; Q90: 4.407, 4.600;
| 12 Horizon | RMSE: 33.398, 34.670; MAE: 21.116, 21.860; MAPE: 12.160, 12.835; Q10: 5.123, 5.290; Q50: 10.712, 11.067; Q90: 4.769, 5.095;
epoch 58 time used: 39  seconds  train loss: 17.462 val loss: 6.373067 test loss: 6.509773
Epoch 59: 
| 3  Horizon | RMSE: 30.035, 30.076; MAE: 18.870, 18.913; MAPE: 10.880, 11.187; Q10: 4.505, 4.470; Q50: 9.571, 9.576; Q90: 4.243, 4.341;
| 6  Horizon | RMSE: 31.221, 31.777; MAE: 19.559, 19.876; MAPE: 11.240, 11.684; Q10: 4.712, 4.756; Q50: 9.920, 10.062; Q90: 4.404, 4.599;
| 12 Horizon | RMSE: 33.379, 34.648; MAE: 21.085, 21.838; MAPE: 12.157, 12.848; Q10: 5.113, 5.285; Q50: 10.693, 11.052; Q90: 4.758, 5.086;
epoch 59 time used: 39  seconds  train loss: 17.461 val loss: 6.364617 test loss: 6.503264
Epoch 60: 
| 3  Horizon | RMSE: 30.055, 30.096; MAE: 18.882, 18.921; MAPE: 10.894, 11.192; Q10: 4.508, 4.473; Q50: 9.578, 9.582; Q90: 4.244, 4.342;
| 6  Horizon | RMSE: 31.239, 31.807; MAE: 19.581, 19.901; MAPE: 11.258, 11.697; Q10: 4.718, 4.763; Q50: 9.931, 10.075; Q90: 4.410, 4.610;
| 12 Horizon | RMSE: 33.402, 34.689; MAE: 21.126, 21.881; MAPE: 12.180, 12.865; Q10: 5.123, 5.297; Q50: 10.714, 11.074; Q90: 4.769, 5.099;
epoch 60 time used: 39  seconds  train loss: 17.455 val loss: 6.370922 test loss: 6.510132
Epoch 61: 
| 3  Horizon | RMSE: 30.057, 30.099; MAE: 18.890, 18.925; MAPE: 10.910, 11.207; Q10: 4.512, 4.476; Q50: 9.583, 9.584; Q90: 4.248, 4.345;
| 6  Horizon | RMSE: 31.249, 31.806; MAE: 19.587, 19.892; MAPE: 11.285, 11.715; Q10: 4.723, 4.766; Q50: 9.936, 10.072; Q90: 4.409, 4.601;
| 12 Horizon | RMSE: 33.392, 34.676; MAE: 21.118, 21.863; MAPE: 12.197, 12.883; Q10: 5.132, 5.306; Q50: 10.711, 11.065; Q90: 4.762, 5.085;
epoch 61 time used: 38  seconds  train loss: 17.455 val loss: 6.375037 test loss: 6.510752
Epoch 62: 
| 3  Horizon | RMSE: 30.049, 30.095; MAE: 18.868, 18.913; MAPE: 10.877, 11.186; Q10: 4.505, 4.472; Q50: 9.569, 9.576; Q90: 4.240, 4.337;
| 6  Horizon | RMSE: 31.224, 31.812; MAE: 19.559, 19.895; MAPE: 11.222, 11.668; Q10: 4.712, 4.760; Q50: 9.921, 10.072; Q90: 4.405, 4.606;
| 12 Horizon | RMSE: 33.401, 34.711; MAE: 21.102, 21.874; MAPE: 12.133, 12.822; Q10: 5.113, 5.288; Q50: 10.703, 11.072; Q90: 4.766, 5.103;
epoch 62 time used: 39  seconds  train loss: 17.454 val loss: 6.364355 test loss: 6.506994
Epoch 63: 
| 3  Horizon | RMSE: 30.051, 30.099; MAE: 18.889, 18.932; MAPE: 10.919, 11.226; Q10: 4.510, 4.476; Q50: 9.579, 9.584; Q90: 4.245, 4.341;
| 6  Horizon | RMSE: 31.218, 31.800; MAE: 19.579, 19.900; MAPE: 11.252, 11.688; Q10: 4.715, 4.759; Q50: 9.932, 10.076; Q90: 4.408, 4.602;
| 12 Horizon | RMSE: 33.392, 34.677; MAE: 21.126, 21.866; MAPE: 12.180, 12.856; Q10: 5.123, 5.292; Q50: 10.714, 11.066; Q90: 4.767, 5.091;
epoch 63 time used: 39  seconds  train loss: 17.454 val loss: 6.37195 test loss: 6.509
Epoch 64: 
| 3  Horizon | RMSE: 30.051, 30.089; MAE: 18.885, 18.920; MAPE: 10.908, 11.202; Q10: 4.512, 4.476; Q50: 9.580, 9.582; Q90: 4.244, 4.340;
| 6  Horizon | RMSE: 31.230, 31.790; MAE: 19.576, 19.887; MAPE: 11.270, 11.695; Q10: 4.721, 4.764; Q50: 9.932, 10.071; Q90: 4.406, 4.599;
| 12 Horizon | RMSE: 33.383, 34.664; MAE: 21.107, 21.856; MAPE: 12.161, 12.841; Q10: 5.120, 5.292; Q50: 10.708, 11.065; Q90: 4.764, 5.093;
epoch 64 time used: 39  seconds  train loss: 17.453 val loss: 6.371078 test loss: 6.507878
Epoch 65: 
| 3  Horizon | RMSE: 30.054, 30.111; MAE: 18.884, 18.928; MAPE: 10.893, 11.190; Q10: 4.509, 4.475; Q50: 9.580, 9.586; Q90: 4.246, 4.345;
| 6  Horizon | RMSE: 31.252, 31.829; MAE: 19.580, 19.900; MAPE: 11.256, 11.692; Q10: 4.720, 4.765; Q50: 9.931, 10.075; Q90: 4.407, 4.605;
| 12 Horizon | RMSE: 33.428, 34.724; MAE: 21.125, 21.877; MAPE: 12.159, 12.835; Q10: 5.124, 5.295; Q50: 10.715, 11.073; Q90: 4.770, 5.100;
epoch 65 time used: 39  seconds  train loss: 17.448 val loss: 6.371693 test loss: 6.511777
Epoch 66: 
| 3  Horizon | RMSE: 30.071, 30.098; MAE: 18.879, 18.910; MAPE: 10.904, 11.202; Q10: 4.512, 4.476; Q50: 9.577, 9.576; Q90: 4.242, 4.335;
| 6  Horizon | RMSE: 31.253, 31.806; MAE: 19.574, 19.882; MAPE: 11.267, 11.698; Q10: 4.722, 4.766; Q50: 9.929, 10.067; Q90: 4.404, 4.596;
| 12 Horizon | RMSE: 33.399, 34.684; MAE: 21.105, 21.857; MAPE: 12.168, 12.852; Q10: 5.131, 5.305; Q50: 10.705, 11.064; Q90: 4.760, 5.086;
epoch 66 time used: 39  seconds  train loss: 17.449 val loss: 6.369984 test loss: 6.506246
Epoch 67: 
| 3  Horizon | RMSE: 30.043, 30.094; MAE: 18.873, 18.919; MAPE: 10.901, 11.203; Q10: 4.506, 4.474; Q50: 9.574, 9.580; Q90: 4.243, 4.342;
| 6  Horizon | RMSE: 31.233, 31.804; MAE: 19.566, 19.889; MAPE: 11.269, 11.711; Q10: 4.717, 4.765; Q50: 9.924, 10.069; Q90: 4.404, 4.600;
| 12 Horizon | RMSE: 33.380, 34.678; MAE: 21.095, 21.860; MAPE: 12.180, 12.871; Q10: 5.121, 5.298; Q50: 10.698, 11.063; Q90: 4.760, 5.088;
epoch 67 time used: 39  seconds  train loss: 17.448 val loss: 6.366486 test loss: 6.507828
Epoch 68: 
| 3  Horizon | RMSE: 30.047, 30.090; MAE: 18.881, 18.916; MAPE: 10.896, 11.191; Q10: 4.507, 4.472; Q50: 9.578, 9.580; Q90: 4.245, 4.342;
| 6  Horizon | RMSE: 31.218, 31.796; MAE: 19.577, 19.895; MAPE: 11.248, 11.674; Q10: 4.715, 4.759; Q50: 9.932, 10.075; Q90: 4.411, 4.609;
| 12 Horizon | RMSE: 33.382, 34.681; MAE: 21.123, 21.879; MAPE: 12.146, 12.817; Q10: 5.112, 5.279; Q50: 10.717, 11.077; Q90: 4.780, 5.119;
epoch 68 time used: 39  seconds  train loss: 17.446 val loss: 6.371337 test loss: 6.510565
Epoch 69: 
| 3  Horizon | RMSE: 30.049, 30.108; MAE: 18.877, 18.926; MAPE: 10.892, 11.196; Q10: 4.507, 4.475; Q50: 9.576, 9.585; Q90: 4.244, 4.344;
| 6  Horizon | RMSE: 31.225, 31.819; MAE: 19.564, 19.898; MAPE: 11.249, 11.686; Q10: 4.713, 4.761; Q50: 9.926, 10.076; Q90: 4.407, 4.609;
| 12 Horizon | RMSE: 33.405, 34.713; MAE: 21.102, 21.868; MAPE: 12.183, 12.875; Q10: 5.123, 5.301; Q50: 10.702, 11.067; Q90: 4.759, 5.088;
epoch 69 time used: 39  seconds  train loss: 17.446 val loss: 6.368091 test loss: 6.511491
Epoch 70: 
| 3  Horizon | RMSE: 30.052, 30.092; MAE: 18.874, 18.912; MAPE: 10.900, 11.201; Q10: 4.508, 4.474; Q50: 9.574, 9.577; Q90: 4.242, 4.337;
| 6  Horizon | RMSE: 31.224, 31.794; MAE: 19.565, 19.884; MAPE: 11.251, 11.686; Q10: 4.716, 4.762; Q50: 9.925, 10.068; Q90: 4.405, 4.602;
| 12 Horizon | RMSE: 33.384, 34.669; MAE: 21.102, 21.858; MAPE: 12.179, 12.867; Q10: 5.118, 5.292; Q50: 10.701, 11.062; Q90: 4.761, 5.088;
epoch 70 time used: 38  seconds  train loss: 17.444 val loss: 6.367041 test loss: 6.505804
Epoch 71: 
| 3  Horizon | RMSE: 30.039, 30.095; MAE: 18.878, 18.922; MAPE: 10.883, 11.184; Q10: 4.506, 4.474; Q50: 9.577, 9.583; Q90: 4.245, 4.344;
| 6  Horizon | RMSE: 31.219, 31.799; MAE: 19.565, 19.885; MAPE: 11.248, 11.684; Q10: 4.714, 4.760; Q50: 9.924, 10.068; Q90: 4.406, 4.603;
| 12 Horizon | RMSE: 33.362, 34.672; MAE: 21.089, 21.854; MAPE: 12.140, 12.827; Q10: 5.110, 5.284; Q50: 10.697, 11.061; Q90: 4.763, 5.096;
epoch 71 time used: 38  seconds  train loss: 17.444 val loss: 6.366243 test loss: 6.507441
Epoch 72: 
| 3  Horizon | RMSE: 30.049, 30.094; MAE: 18.871, 18.910; MAPE: 10.892, 11.193; Q10: 4.507, 4.474; Q50: 9.572, 9.576; Q90: 4.241, 4.337;
| 6  Horizon | RMSE: 31.219, 31.797; MAE: 19.560, 19.882; MAPE: 11.237, 11.676; Q10: 4.714, 4.760; Q50: 9.921, 10.066; Q90: 4.405, 4.602;
| 12 Horizon | RMSE: 33.372, 34.670; MAE: 21.086, 21.846; MAPE: 12.129, 12.810; Q10: 5.109, 5.281; Q50: 10.696, 11.058; Q90: 4.764, 5.096;
Early stopping at epoch: 72
Model  stgcn7  Best Results:
Epoch 62: 
=        =        Horizon  3        =        =        =        =        Horizon  6        =        =        =        =        Horizon  12       =        =       
RMSE     MAE      MAPE     Q10      Q50      Q90      RMSE     MAE      MAPE     Q10      Q50      Q90      RMSE     MAE      MAPE     Q10      Q50      Q90     
30.095   18.913   11.186   4.472    9.576    4.337    31.812   19.895   11.668   4.760    10.072   4.606    34.711   21.874   12.822   5.288    11.072   5.103   
Model Training Ended ... Fri Oct 13 00:04:09 2023
