nohup: ignoring input
pdate shape is:  (16992,)
./save/pems04_stgcn7_in12_out12_addtimeFalse_adjTrue_lr0.001_hc32_train0.7_val0.1_test0.2_seedNone_lossquantile_version3_note:qmain13_scl_wait1000_ssize5000_slen10_ymask_scheNo training started Mon Oct 23 06:01:41 2023
pdate shape is:  (16992,)
data load........
initial data shape is:  (16992, 307, 3)
train_mean shape : (307,)
train  :  (11873, 24, 307, 3)
val  :  (1697, 24, 307, 3)
test  :  (3388, 24, 307, 3)
Model Training Started ... Mon Oct 23 06:01:44 2023
TIMESTEP_IN, TIMESTEP_OUT 12 12
LOSS is : quantile
Spatial CL target length = 1
Spatial CL target length = 1
Epoch 0: 
| 3  Horizon | RMSE: 38.068, 37.072; MAE: 25.505, 24.940; MAPE: 14.087, 14.229; Q10: 5.782, 5.643; Q50: 12.925, 12.624; Q90: 5.950, 5.834;
| 6  Horizon | RMSE: 41.101, 40.204; MAE: 27.264, 26.801; MAPE: 14.804, 14.979; Q10: 6.176, 6.060; Q50: 13.824, 13.573; Q90: 6.537, 6.449;
| 12 Horizon | RMSE: 51.392, 49.905; MAE: 34.354, 33.670; MAPE: 18.966, 19.048; Q10: 7.321, 7.197; Q50: 17.429, 17.061; Q90: 8.898, 8.471;
epoch 0 time used: 67  seconds  train loss: 30.083 val loss: 9.215615 test loss: 9.002217
Epoch 1: 
| 3  Horizon | RMSE: 32.429, 31.616; MAE: 20.922, 20.409; MAPE: 12.311, 12.245; Q10: 4.916, 4.770; Q50: 10.598, 10.327; Q90: 4.815, 4.760;
| 6  Horizon | RMSE: 34.762, 34.134; MAE: 22.619, 22.267; MAPE: 13.327, 13.374; Q10: 5.207, 5.077; Q50: 11.465, 11.274; Q90: 5.233, 5.226;
| 12 Horizon | RMSE: 39.912, 39.525; MAE: 26.430, 26.278; MAPE: 15.640, 15.832; Q10: 5.994, 5.903; Q50: 13.400, 13.310; Q90: 6.237, 6.263;
epoch 1 time used: 45  seconds  train loss: 21.517 val loss: 7.407694 test loss: 7.298615
Epoch 2: 
| 3  Horizon | RMSE: 32.049, 31.225; MAE: 20.883, 20.323; MAPE: 13.022, 12.728; Q10: 4.940, 4.769; Q50: 10.552, 10.259; Q90: 4.712, 4.654;
| 6  Horizon | RMSE: 33.913, 33.371; MAE: 22.138, 21.796; MAPE: 13.444, 13.331; Q10: 5.278, 5.136; Q50: 11.195, 11.010; Q90: 5.035, 5.040;
| 12 Horizon | RMSE: 37.249, 37.563; MAE: 24.578, 24.753; MAPE: 14.678, 14.998; Q10: 5.703, 5.738; Q50: 12.452, 12.528; Q90: 5.663, 5.781;
epoch 2 time used: 58  seconds  train loss: 19.716 val loss: 7.200942 test loss: 7.11892
Epoch 3: 
| 3  Horizon | RMSE: 31.743, 31.231; MAE: 20.248, 20.008; MAPE: 11.751, 11.833; Q10: 4.778, 4.685; Q50: 10.271, 10.140; Q90: 4.602, 4.598;
| 6  Horizon | RMSE: 33.485, 33.479; MAE: 21.458, 21.529; MAPE: 12.366, 12.623; Q10: 5.047, 5.044; Q50: 10.884, 10.908; Q90: 4.864, 4.933;
| 12 Horizon | RMSE: 36.393, 37.544; MAE: 23.462, 24.142; MAPE: 13.517, 14.148; Q10: 5.497, 5.663; Q50: 11.892, 12.225; Q90: 5.375, 5.650;
epoch 3 time used: 55  seconds  train loss: 19.058 val loss: 6.933632 test loss: 6.990496
Spatial CL target length = 2
Epoch 4: 
| 3  Horizon | RMSE: 31.469, 30.888; MAE: 20.270, 19.911; MAPE: 12.332, 12.256; Q10: 4.731, 4.629; Q50: 10.245, 10.053; Q90: 4.611, 4.596;
| 6  Horizon | RMSE: 33.486, 33.220; MAE: 21.824, 21.605; MAPE: 13.826, 13.787; Q10: 4.980, 4.924; Q50: 11.017, 10.895; Q90: 5.082, 5.095;
| 12 Horizon | RMSE: 36.425, 36.979; MAE: 23.836, 24.011; MAPE: 14.760, 14.972; Q10: 5.538, 5.606; Q50: 12.045, 12.120; Q90: 5.427, 5.559;
epoch 4 time used: 56  seconds  train loss: 18.887 val loss: 6.963146 test loss: 6.938649
Epoch 5: 
| 3  Horizon | RMSE: 31.084, 30.597; MAE: 19.741, 19.440; MAPE: 11.552, 11.536; Q10: 4.678, 4.582; Q50: 10.017, 9.852; Q90: 4.465, 4.456;
| 6  Horizon | RMSE: 32.764, 32.664; MAE: 20.866, 20.712; MAPE: 12.341, 12.314; Q10: 4.949, 4.907; Q50: 10.570, 10.478; Q90: 4.765, 4.793;
| 12 Horizon | RMSE: 35.629, 36.538; MAE: 22.886, 23.225; MAPE: 13.538, 13.760; Q10: 5.459, 5.573; Q50: 11.600, 11.756; Q90: 5.235, 5.398;
epoch 5 time used: 56  seconds  train loss: 18.573 val loss: 6.769621 test loss: 6.766882
Epoch 6: 
| 3  Horizon | RMSE: 31.013, 30.507; MAE: 19.888, 19.519; MAPE: 11.791, 11.613; Q10: 4.654, 4.552; Q50: 10.056, 9.861; Q90: 4.556, 4.542;
| 6  Horizon | RMSE: 32.738, 32.635; MAE: 21.016, 20.905; MAPE: 12.006, 12.011; Q10: 4.903, 4.833; Q50: 10.643, 10.576; Q90: 4.749, 4.807;
| 12 Horizon | RMSE: 35.418, 35.853; MAE: 22.932, 22.998; MAPE: 13.370, 13.406; Q10: 5.426, 5.455; Q50: 11.624, 11.643; Q90: 5.230, 5.362;
epoch 6 time used: 56  seconds  train loss: 18.355 val loss: 6.787552 test loss: 6.759724
Spatial CL target length = 3
Epoch 7: 
| 3  Horizon | RMSE: 30.893, 30.617; MAE: 19.627, 19.485; MAPE: 11.342, 11.414; Q10: 4.690, 4.636; Q50: 9.946, 9.864; Q90: 4.440, 4.472;
| 6  Horizon | RMSE: 32.413, 32.721; MAE: 20.617, 20.847; MAPE: 11.854, 12.160; Q10: 4.922, 4.943; Q50: 10.464, 10.568; Q90: 4.658, 4.784;
| 12 Horizon | RMSE: 35.027, 36.245; MAE: 22.533, 23.080; MAPE: 13.315, 13.652; Q10: 5.349, 5.493; Q50: 11.402, 11.666; Q90: 5.183, 5.380;
epoch 7 time used: 56  seconds  train loss: 18.29 val loss: 6.694708 test loss: 6.770882
Epoch 8: 
| 3  Horizon | RMSE: 30.936, 30.471; MAE: 19.573, 19.305; MAPE: 11.462, 11.469; Q10: 4.628, 4.543; Q50: 9.924, 9.776; Q90: 4.413, 4.436;
| 6  Horizon | RMSE: 32.037, 32.062; MAE: 20.329, 20.317; MAPE: 11.809, 11.914; Q10: 4.837, 4.790; Q50: 10.309, 10.289; Q90: 4.604, 4.718;
| 12 Horizon | RMSE: 34.574, 35.408; MAE: 22.255, 22.584; MAPE: 12.995, 13.215; Q10: 5.314, 5.369; Q50: 11.286, 11.436; Q90: 5.059, 5.300;
epoch 8 time used: 56  seconds  train loss: 18.2 val loss: 6.62941 test loss: 6.651706
Epoch 9: 
| 3  Horizon | RMSE: 30.849, 30.608; MAE: 19.600, 19.481; MAPE: 11.601, 11.688; Q10: 4.671, 4.611; Q50: 9.951, 9.880; Q90: 4.462, 4.522;
| 6  Horizon | RMSE: 32.279, 32.568; MAE: 20.578, 20.752; MAPE: 12.157, 12.373; Q10: 4.970, 4.980; Q50: 10.450, 10.526; Q90: 4.644, 4.795;
| 12 Horizon | RMSE: 34.747, 35.908; MAE: 22.388, 22.946; MAPE: 13.133, 13.434; Q10: 5.367, 5.461; Q50: 11.365, 11.634; Q90: 5.032, 5.313;
epoch 9 time used: 56  seconds  train loss: 18.063 val loss: 6.686299 test loss: 6.765308
Spatial CL target length = 4
Epoch 10: 
| 3  Horizon | RMSE: 31.447, 31.207; MAE: 20.157, 20.025; MAPE: 11.521, 11.689; Q10: 4.689, 4.620; Q50: 10.230, 10.152; Q90: 4.517, 4.558;
| 6  Horizon | RMSE: 32.913, 33.066; MAE: 21.117, 21.135; MAPE: 11.929, 12.070; Q10: 4.941, 4.924; Q50: 10.708, 10.703; Q90: 4.827, 4.962;
| 12 Horizon | RMSE: 35.570, 36.429; MAE: 23.126, 23.432; MAPE: 13.082, 13.308; Q10: 5.450, 5.514; Q50: 11.728, 11.863; Q90: 5.281, 5.528;
epoch 10 time used: 56  seconds  train loss: 17.985 val loss: 6.831749 test loss: 6.876543
Epoch 11: 
| 3  Horizon | RMSE: 30.745, 30.452; MAE: 19.692, 19.472; MAPE: 12.221, 12.184; Q10: 4.635, 4.546; Q50: 9.953, 9.832; Q90: 4.433, 4.475;
| 6  Horizon | RMSE: 32.053, 32.223; MAE: 20.430, 20.485; MAPE: 12.219, 12.331; Q10: 4.868, 4.831; Q50: 10.336, 10.352; Q90: 4.638, 4.752;
| 12 Horizon | RMSE: 34.744, 35.654; MAE: 22.300, 22.723; MAPE: 13.048, 13.310; Q10: 5.328, 5.402; Q50: 11.300, 11.496; Q90: 5.089, 5.362;
epoch 11 time used: 56  seconds  train loss: 18.032 val loss: 6.65387 test loss: 6.701183
Epoch 12: 
| 3  Horizon | RMSE: 30.640, 30.509; MAE: 19.336, 19.276; MAPE: 11.295, 11.462; Q10: 4.588, 4.543; Q50: 9.803, 9.762; Q90: 4.369, 4.423;
| 6  Horizon | RMSE: 31.953, 32.249; MAE: 20.215, 20.368; MAPE: 11.748, 11.986; Q10: 4.813, 4.829; Q50: 10.245, 10.309; Q90: 4.569, 4.727;
| 12 Horizon | RMSE: 34.333, 35.398; MAE: 21.970, 22.511; MAPE: 12.856, 13.252; Q10: 5.260, 5.374; Q50: 11.155, 11.410; Q90: 4.998, 5.280;
epoch 12 time used: 56  seconds  train loss: 17.911 val loss: 6.57124 test loss: 6.660738
Epoch 13: 
| 3  Horizon | RMSE: 30.648, 30.509; MAE: 19.562, 19.537; MAPE: 12.052, 12.396; Q10: 4.583, 4.524; Q50: 9.941, 9.919; Q90: 4.389, 4.467;
| 6  Horizon | RMSE: 31.763, 31.969; MAE: 20.080, 20.145; MAPE: 11.858, 12.044; Q10: 4.789, 4.767; Q50: 10.191, 10.211; Q90: 4.562, 4.717;
| 12 Horizon | RMSE: 34.225, 35.159; MAE: 21.984, 22.433; MAPE: 13.035, 13.381; Q10: 5.230, 5.298; Q50: 11.163, 11.374; Q90: 4.949, 5.208;
epoch 13 time used: 56  seconds  train loss: 17.881 val loss: 6.588342 test loss: 6.66448
Spatial CL target length = 5
Epoch 14: 
| 3  Horizon | RMSE: 30.517, 30.440; MAE: 19.216, 19.110; MAPE: 11.228, 11.338; Q10: 4.571, 4.525; Q50: 9.744, 9.681; Q90: 4.321, 4.385;
| 6  Horizon | RMSE: 31.801, 32.104; MAE: 19.995, 20.065; MAPE: 11.679, 11.826; Q10: 4.796, 4.794; Q50: 10.138, 10.162; Q90: 4.501, 4.640;
| 12 Horizon | RMSE: 34.203, 35.221; MAE: 21.894, 22.383; MAPE: 12.885, 13.262; Q10: 5.208, 5.309; Q50: 11.119, 11.348; Q90: 5.044, 5.324;
epoch 14 time used: 56  seconds  train loss: 17.869 val loss: 6.510609 test loss: 6.578277
Epoch 15: 
| 3  Horizon | RMSE: 30.431, 30.402; MAE: 19.195, 19.063; MAPE: 11.248, 11.331; Q10: 4.564, 4.508; Q50: 9.737, 9.659; Q90: 4.342, 4.375;
| 6  Horizon | RMSE: 31.635, 32.110; MAE: 19.981, 20.132; MAPE: 11.624, 11.817; Q10: 4.782, 4.767; Q50: 10.138, 10.202; Q90: 4.501, 4.660;
| 12 Horizon | RMSE: 33.897, 35.182; MAE: 21.699, 22.222; MAPE: 12.658, 12.924; Q10: 5.192, 5.285; Q50: 10.997, 11.246; Q90: 4.902, 5.202;
epoch 15 time used: 56  seconds  train loss: 17.826 val loss: 6.495189 test loss: 6.561106
Epoch 16: 
| 3  Horizon | RMSE: 30.679, 30.687; MAE: 19.547, 19.433; MAPE: 11.485, 11.504; Q10: 4.641, 4.591; Q50: 9.909, 9.840; Q90: 4.389, 4.454;
| 6  Horizon | RMSE: 32.374, 32.619; MAE: 20.760, 20.721; MAPE: 12.548, 12.491; Q10: 4.935, 4.909; Q50: 10.509, 10.477; Q90: 4.648, 4.746;
| 12 Horizon | RMSE: 34.535, 35.283; MAE: 22.268, 22.514; MAPE: 13.387, 13.488; Q10: 5.397, 5.451; Q50: 11.287, 11.395; Q90: 4.981, 5.153;
epoch 16 time used: 56  seconds  train loss: 17.757 val loss: 6.710066 test loss: 6.731412
Spatial CL target length = 6
Epoch 17: 
| 3  Horizon | RMSE: 30.490, 30.687; MAE: 19.356, 19.322; MAPE: 11.416, 11.455; Q10: 4.591, 4.568; Q50: 9.799, 9.772; Q90: 4.336, 4.417;
| 6  Horizon | RMSE: 31.794, 32.401; MAE: 20.133, 20.295; MAPE: 11.864, 11.977; Q10: 4.829, 4.851; Q50: 10.196, 10.265; Q90: 4.511, 4.662;
| 12 Horizon | RMSE: 34.334, 35.516; MAE: 21.947, 22.336; MAPE: 12.983, 13.153; Q10: 5.323, 5.417; Q50: 11.121, 11.301; Q90: 4.926, 5.151;
epoch 17 time used: 55  seconds  train loss: 17.757 val loss: 6.560044 test loss: 6.633979
Epoch 18: 
| 3  Horizon | RMSE: 30.242, 30.371; MAE: 19.161, 19.134; MAPE: 11.221, 11.324; Q10: 4.558, 4.511; Q50: 9.711, 9.687; Q90: 4.310, 4.397;
| 6  Horizon | RMSE: 31.458, 31.971; MAE: 19.944, 20.111; MAPE: 11.655, 11.812; Q10: 4.759, 4.780; Q50: 10.103, 10.175; Q90: 4.502, 4.679;
| 12 Horizon | RMSE: 33.513, 34.707; MAE: 21.443, 21.956; MAPE: 12.731, 12.986; Q10: 5.131, 5.229; Q50: 10.852, 11.097; Q90: 4.852, 5.113;
epoch 18 time used: 56  seconds  train loss: 17.737 val loss: 6.464279 test loss: 6.549461
Epoch 19: 
| 3  Horizon | RMSE: 30.310, 30.533; MAE: 19.234, 19.175; MAPE: 11.305, 11.399; Q10: 4.556, 4.528; Q50: 9.745, 9.705; Q90: 4.325, 4.389;
| 6  Horizon | RMSE: 31.785, 32.513; MAE: 20.230, 20.527; MAPE: 11.696, 12.015; Q10: 4.776, 4.821; Q50: 10.272, 10.407; Q90: 4.581, 4.779;
| 12 Horizon | RMSE: 33.633, 34.908; MAE: 21.446, 21.972; MAPE: 12.461, 12.759; Q10: 5.152, 5.246; Q50: 10.881, 11.128; Q90: 4.896, 5.175;
epoch 19 time used: 56  seconds  train loss: 17.692 val loss: 6.516083 test loss: 6.622337
Spatial CL target length = 7
Epoch 20: 
| 3  Horizon | RMSE: 30.262, 30.432; MAE: 19.155, 19.069; MAPE: 11.324, 11.321; Q10: 4.533, 4.507; Q50: 9.701, 9.647; Q90: 4.325, 4.410;
| 6  Horizon | RMSE: 31.449, 32.010; MAE: 19.868, 20.014; MAPE: 11.643, 11.751; Q10: 4.732, 4.770; Q50: 10.066, 10.128; Q90: 4.477, 4.639;
| 12 Horizon | RMSE: 33.787, 34.796; MAE: 21.620, 21.932; MAPE: 13.008, 13.080; Q10: 5.211, 5.284; Q50: 10.942, 11.085; Q90: 4.858, 5.077;
epoch 20 time used: 55  seconds  train loss: 17.669 val loss: 6.466637 test loss: 6.535362
Epoch 21: 
| 3  Horizon | RMSE: 30.265, 30.553; MAE: 19.196, 19.325; MAPE: 11.410, 11.784; Q10: 4.559, 4.563; Q50: 9.749, 9.802; Q90: 4.333, 4.486;
| 6  Horizon | RMSE: 31.448, 32.169; MAE: 19.900, 20.238; MAPE: 11.500, 11.793; Q10: 4.745, 4.778; Q50: 10.093, 10.252; Q90: 4.502, 4.738;
| 12 Horizon | RMSE: 33.590, 34.834; MAE: 21.460, 22.087; MAPE: 12.449, 12.770; Q10: 5.168, 5.231; Q50: 10.877, 11.177; Q90: 4.903, 5.275;
epoch 21 time used: 55  seconds  train loss: 17.694 val loss: 6.479157 test loss: 6.626728
Epoch 22: 
| 3  Horizon | RMSE: 30.196, 30.554; MAE: 19.061, 19.155; MAPE: 11.243, 11.494; Q10: 4.532, 4.545; Q50: 9.672, 9.710; Q90: 4.285, 4.395;
| 6  Horizon | RMSE: 31.374, 32.081; MAE: 19.729, 19.945; MAPE: 11.584, 11.742; Q10: 4.746, 4.784; Q50: 10.001, 10.100; Q90: 4.441, 4.611;
| 12 Horizon | RMSE: 33.448, 34.754; MAE: 21.254, 21.760; MAPE: 12.631, 12.795; Q10: 5.135, 5.261; Q50: 10.766, 11.007; Q90: 4.795, 5.088;
epoch 22 time used: 55  seconds  train loss: 17.657 val loss: 6.422499 test loss: 6.537267
Epoch 23: 
| 3  Horizon | RMSE: 30.260, 30.748; MAE: 19.071, 19.238; MAPE: 11.072, 11.273; Q10: 4.544, 4.554; Q50: 9.669, 9.743; Q90: 4.281, 4.435;
| 6  Horizon | RMSE: 31.521, 32.444; MAE: 19.845, 20.236; MAPE: 11.581, 11.817; Q10: 4.772, 4.834; Q50: 10.058, 10.242; Q90: 4.455, 4.713;
| 12 Horizon | RMSE: 33.811, 35.304; MAE: 21.626, 22.308; MAPE: 12.691, 13.000; Q10: 5.231, 5.352; Q50: 10.961, 11.287; Q90: 4.867, 5.225;
epoch 23 time used: 55  seconds  train loss: 17.613 val loss: 6.463084 test loss: 6.635232
Spatial CL target length = 8
Epoch 24: 
| 3  Horizon | RMSE: 30.172, 30.526; MAE: 19.042, 19.145; MAPE: 11.089, 11.297; Q10: 4.531, 4.520; Q50: 9.657, 9.701; Q90: 4.280, 4.419;
| 6  Horizon | RMSE: 31.454, 32.094; MAE: 19.773, 19.992; MAPE: 11.597, 11.753; Q10: 4.736, 4.776; Q50: 10.024, 10.124; Q90: 4.434, 4.615;
| 12 Horizon | RMSE: 33.507, 34.887; MAE: 21.386, 22.024; MAPE: 12.560, 12.851; Q10: 5.152, 5.263; Q50: 10.850, 11.158; Q90: 4.808, 5.142;
epoch 24 time used: 55  seconds  train loss: 17.64 val loss: 6.428412 test loss: 6.561952
Epoch 25: 
| 3  Horizon | RMSE: 30.281, 30.575; MAE: 19.222, 19.220; MAPE: 11.430, 11.531; Q10: 4.586, 4.568; Q50: 9.744, 9.730; Q90: 4.312, 4.427;
| 6  Horizon | RMSE: 31.434, 32.129; MAE: 19.903, 20.137; MAPE: 11.733, 11.883; Q10: 4.770, 4.808; Q50: 10.090, 10.193; Q90: 4.505, 4.723;
| 12 Horizon | RMSE: 33.552, 34.630; MAE: 21.475, 21.886; MAPE: 12.971, 13.077; Q10: 5.281, 5.336; Q50: 10.874, 11.063; Q90: 4.826, 5.111;
epoch 25 time used: 54  seconds  train loss: 17.627 val loss: 6.494686 test loss: 6.593307
Epoch 26: 
| 3  Horizon | RMSE: 30.150, 30.557; MAE: 19.081, 19.185; MAPE: 11.127, 11.286; Q10: 4.512, 4.517; Q50: 9.672, 9.716; Q90: 4.280, 4.404;
| 6  Horizon | RMSE: 31.578, 32.544; MAE: 20.061, 20.499; MAPE: 11.539, 11.799; Q10: 4.723, 4.777; Q50: 10.168, 10.378; Q90: 4.495, 4.759;
| 12 Horizon | RMSE: 33.440, 34.979; MAE: 21.310, 22.100; MAPE: 12.412, 12.808; Q10: 5.113, 5.241; Q50: 10.801, 11.185; Q90: 4.799, 5.203;
epoch 26 time used: 55  seconds  train loss: 17.583 val loss: 6.434276 test loss: 6.609068
Spatial CL target length = 9
Epoch 27: 
| 3  Horizon | RMSE: 30.142, 30.532; MAE: 19.125, 19.206; MAPE: 11.282, 11.418; Q10: 4.509, 4.519; Q50: 9.683, 9.712; Q90: 4.295, 4.419;
| 6  Horizon | RMSE: 31.278, 31.985; MAE: 19.737, 19.998; MAPE: 11.651, 11.857; Q10: 4.707, 4.768; Q50: 9.996, 10.113; Q90: 4.429, 4.633;
| 12 Horizon | RMSE: 33.136, 34.454; MAE: 21.079, 21.683; MAPE: 12.359, 12.689; Q10: 5.088, 5.207; Q50: 10.683, 10.970; Q90: 4.741, 5.102;
epoch 27 time used: 55  seconds  train loss: 17.595 val loss: 6.394391 test loss: 6.535909
Epoch 28: 
| 3  Horizon | RMSE: 30.208, 30.693; MAE: 19.138, 19.275; MAPE: 11.236, 11.479; Q10: 4.544, 4.569; Q50: 9.712, 9.770; Q90: 4.321, 4.464;
| 6  Horizon | RMSE: 31.364, 32.149; MAE: 19.810, 20.080; MAPE: 11.667, 11.874; Q10: 4.761, 4.818; Q50: 10.046, 10.169; Q90: 4.457, 4.644;
| 12 Horizon | RMSE: 33.508, 34.701; MAE: 21.394, 21.846; MAPE: 12.763, 12.955; Q10: 5.178, 5.287; Q50: 10.843, 11.054; Q90: 4.790, 5.071;
epoch 28 time used: 55  seconds  train loss: 17.585 val loss: 6.44659 test loss: 6.577742
Epoch 29: 
| 3  Horizon | RMSE: 30.337, 30.962; MAE: 19.257, 19.585; MAPE: 11.082, 11.456; Q10: 4.552, 4.593; Q50: 9.773, 9.929; Q90: 4.296, 4.475;
| 6  Horizon | RMSE: 31.344, 32.358; MAE: 19.678, 20.192; MAPE: 11.359, 11.725; Q10: 4.730, 4.827; Q50: 9.981, 10.229; Q90: 4.431, 4.681;
| 12 Horizon | RMSE: 33.412, 35.030; MAE: 21.203, 22.040; MAPE: 12.245, 12.675; Q10: 5.115, 5.269; Q50: 10.750, 11.158; Q90: 4.808, 5.237;
epoch 29 time used: 55  seconds  train loss: 17.558 val loss: 6.450328 test loss: 6.677903
Spatial CL target length = 10
Epoch 30: 
| 3  Horizon | RMSE: 30.452, 30.812; MAE: 19.190, 19.306; MAPE: 11.162, 11.403; Q10: 4.574, 4.585; Q50: 9.739, 9.787; Q90: 4.296, 4.410;
| 6  Horizon | RMSE: 31.586, 32.493; MAE: 19.908, 20.292; MAPE: 11.546, 11.802; Q10: 4.776, 4.839; Q50: 10.093, 10.275; Q90: 4.473, 4.702;
| 12 Horizon | RMSE: 33.776, 35.198; MAE: 21.483, 22.145; MAPE: 12.648, 12.982; Q10: 5.244, 5.343; Q50: 10.886, 11.206; Q90: 4.818, 5.200;
epoch 30 time used: 55  seconds  train loss: 17.537 val loss: 6.488643 test loss: 6.634147
Epoch 31: 
| 3  Horizon | RMSE: 30.528, 30.954; MAE: 19.449, 19.628; MAPE: 11.037, 11.294; Q10: 4.575, 4.594; Q50: 9.861, 9.943; Q90: 4.353, 4.488;
| 6  Horizon | RMSE: 31.712, 32.737; MAE: 20.192, 20.746; MAPE: 11.490, 11.929; Q10: 4.779, 4.861; Q50: 10.247, 10.516; Q90: 4.593, 4.913;
| 12 Horizon | RMSE: 33.603, 35.287; MAE: 21.549, 22.417; MAPE: 12.442, 12.859; Q10: 5.156, 5.312; Q50: 10.936, 11.359; Q90: 4.889, 5.357;
epoch 31 time used: 55  seconds  train loss: 17.567 val loss: 6.558863 test loss: 6.77823
Epoch 32: 
| 3  Horizon | RMSE: 30.071, 30.452; MAE: 18.970, 19.121; MAPE: 11.046, 11.332; Q10: 4.517, 4.538; Q50: 9.625, 9.690; Q90: 4.266, 4.397;
| 6  Horizon | RMSE: 31.304, 32.254; MAE: 19.729, 20.235; MAPE: 11.345, 11.743; Q10: 4.723, 4.818; Q50: 10.011, 10.254; Q90: 4.447, 4.708;
| 12 Horizon | RMSE: 33.127, 34.601; MAE: 20.997, 21.748; MAPE: 12.224, 12.615; Q10: 5.052, 5.212; Q50: 10.642, 11.007; Q90: 4.755, 5.161;
epoch 32 time used: 55  seconds  train loss: 17.559 val loss: 6.3894 test loss: 6.573623
Epoch 33: 
| 3  Horizon | RMSE: 30.119, 30.460; MAE: 19.024, 19.107; MAPE: 11.244, 11.358; Q10: 4.530, 4.525; Q50: 9.639, 9.670; Q90: 4.277, 4.374;
| 6  Horizon | RMSE: 31.361, 32.104; MAE: 19.683, 19.979; MAPE: 11.613, 11.777; Q10: 4.720, 4.778; Q50: 9.974, 10.111; Q90: 4.418, 4.626;
| 12 Horizon | RMSE: 33.512, 34.684; MAE: 21.200, 21.705; MAPE: 12.469, 12.652; Q10: 5.122, 5.232; Q50: 10.751, 10.988; Q90: 4.802, 5.095;
epoch 33 time used: 55  seconds  train loss: 17.54 val loss: 6.406187 test loss: 6.535888
Epoch 34: 
| 3  Horizon | RMSE: 30.225, 30.640; MAE: 19.103, 19.230; MAPE: 11.343, 11.663; Q10: 4.565, 4.576; Q50: 9.701, 9.754; Q90: 4.298, 4.438;
| 6  Horizon | RMSE: 31.478, 32.263; MAE: 19.802, 20.060; MAPE: 11.635, 11.860; Q10: 4.895, 4.909; Q50: 10.047, 10.166; Q90: 4.463, 4.666;
| 12 Horizon | RMSE: 33.597, 34.975; MAE: 21.429, 21.947; MAPE: 12.657, 12.883; Q10: 5.187, 5.311; Q50: 10.870, 11.116; Q90: 4.835, 5.207;
epoch 34 time used: 55  seconds  train loss: 17.509 val loss: 6.469452 test loss: 6.607405
Epoch 35: 
| 3  Horizon | RMSE: 30.225, 30.578; MAE: 19.223, 19.366; MAPE: 11.226, 11.569; Q10: 4.536, 4.539; Q50: 9.759, 9.821; Q90: 4.376, 4.542;
| 6  Horizon | RMSE: 31.281, 31.932; MAE: 19.769, 20.046; MAPE: 11.631, 11.930; Q10: 4.752, 4.788; Q50: 10.037, 10.165; Q90: 4.453, 4.669;
| 12 Horizon | RMSE: 33.333, 34.447; MAE: 21.296, 21.777; MAPE: 12.459, 12.698; Q10: 5.129, 5.214; Q50: 10.803, 11.032; Q90: 4.832, 5.172;
epoch 35 time used: 55  seconds  train loss: 17.497 val loss: 6.451259 test loss: 6.590425
Epoch 36: 
| 3  Horizon | RMSE: 30.123, 30.376; MAE: 19.025, 19.062; MAPE: 11.139, 11.346; Q10: 4.538, 4.536; Q50: 9.651, 9.661; Q90: 4.270, 4.375;
| 6  Horizon | RMSE: 31.311, 32.013; MAE: 19.726, 20.009; MAPE: 11.482, 11.738; Q10: 4.739, 4.785; Q50: 10.010, 10.141; Q90: 4.437, 4.626;
| 12 Horizon | RMSE: 33.409, 34.427; MAE: 21.255, 21.652; MAPE: 12.550, 12.703; Q10: 5.186, 5.243; Q50: 10.769, 10.956; Q90: 4.771, 5.063;
epoch 36 time used: 55  seconds  train loss: 17.477 val loss: 6.414269 test loss: 6.522885
Epoch 37: 
| 3  Horizon | RMSE: 30.408, 30.611; MAE: 19.209, 19.168; MAPE: 11.423, 11.407; Q10: 4.586, 4.559; Q50: 9.729, 9.699; Q90: 4.339, 4.422;
| 6  Horizon | RMSE: 31.664, 32.249; MAE: 20.108, 20.264; MAPE: 12.134, 12.091; Q10: 4.806, 4.814; Q50: 10.175, 10.245; Q90: 4.530, 4.735;
| 12 Horizon | RMSE: 33.806, 34.790; MAE: 21.611, 22.027; MAPE: 12.761, 12.813; Q10: 5.225, 5.262; Q50: 10.951, 11.148; Q90: 4.904, 5.203;
epoch 37 time used: 55  seconds  train loss: 17.465 val loss: 6.500229 test loss: 6.602683
Epoch 38: 
| 3  Horizon | RMSE: 30.162, 30.367; MAE: 19.030, 19.049; MAPE: 11.211, 11.337; Q10: 4.572, 4.532; Q50: 9.647, 9.647; Q90: 4.259, 4.373;
| 6  Horizon | RMSE: 31.383, 31.987; MAE: 19.751, 19.970; MAPE: 11.684, 11.824; Q10: 4.746, 4.786; Q50: 10.012, 10.112; Q90: 4.427, 4.590;
| 12 Horizon | RMSE: 33.405, 34.588; MAE: 21.286, 21.818; MAPE: 12.647, 12.862; Q10: 5.174, 5.259; Q50: 10.792, 11.048; Q90: 4.774, 5.086;
epoch 38 time used: 55  seconds  train loss: 17.449 val loss: 6.415654 test loss: 6.529766
Epoch 39: 
| 3  Horizon | RMSE: 30.141, 30.461; MAE: 18.950, 19.071; MAPE: 11.013, 11.279; Q10: 4.508, 4.515; Q50: 9.617, 9.668; Q90: 4.290, 4.438;
| 6  Horizon | RMSE: 31.322, 32.021; MAE: 19.608, 19.898; MAPE: 11.370, 11.624; Q10: 4.731, 4.767; Q50: 9.948, 10.084; Q90: 4.454, 4.716;
| 12 Horizon | RMSE: 33.403, 34.726; MAE: 21.180, 21.805; MAPE: 12.303, 12.619; Q10: 5.133, 5.225; Q50: 10.747, 11.049; Q90: 4.825, 5.221;
epoch 39 time used: 55  seconds  train loss: 17.438 val loss: 6.400356 test loss: 6.550389
Epoch 40: 
| 3  Horizon | RMSE: 30.218, 30.526; MAE: 19.017, 19.091; MAPE: 11.058, 11.207; Q10: 4.528, 4.531; Q50: 9.640, 9.668; Q90: 4.279, 4.406;
| 6  Horizon | RMSE: 31.766, 32.361; MAE: 19.940, 20.121; MAPE: 11.765, 11.866; Q10: 4.788, 4.831; Q50: 10.103, 10.183; Q90: 4.453, 4.608;
| 12 Horizon | RMSE: 33.875, 34.916; MAE: 21.456, 21.899; MAPE: 12.725, 12.915; Q10: 5.210, 5.317; Q50: 10.870, 11.080; Q90: 4.792, 5.069;
epoch 40 time used: 54  seconds  train loss: 17.407 val loss: 6.440745 test loss: 6.558752
Epoch 41: 
| 3  Horizon | RMSE: 30.233, 30.669; MAE: 19.089, 19.392; MAPE: 11.344, 11.784; Q10: 4.540, 4.566; Q50: 9.697, 9.840; Q90: 4.289, 4.489;
| 6  Horizon | RMSE: 31.485, 32.235; MAE: 19.658, 20.072; MAPE: 11.435, 11.708; Q10: 4.746, 4.811; Q50: 9.971, 10.170; Q90: 4.425, 4.707;
| 12 Horizon | RMSE: 33.784, 35.327; MAE: 21.445, 22.368; MAPE: 12.500, 12.965; Q10: 5.168, 5.315; Q50: 10.891, 11.341; Q90: 4.908, 5.425;
epoch 41 time used: 55  seconds  train loss: 17.383 val loss: 6.43146 test loss: 6.639452
Epoch 42: 
| 3  Horizon | RMSE: 30.250, 30.404; MAE: 19.064, 19.062; MAPE: 11.257, 11.340; Q10: 4.537, 4.526; Q50: 9.652, 9.642; Q90: 4.264, 4.366;
| 6  Horizon | RMSE: 31.415, 31.979; MAE: 19.669, 19.960; MAPE: 11.437, 11.705; Q10: 4.725, 4.787; Q50: 9.978, 10.113; Q90: 4.416, 4.612;
| 12 Horizon | RMSE: 33.599, 34.659; MAE: 21.341, 21.920; MAPE: 12.381, 12.693; Q10: 5.128, 5.235; Q50: 10.828, 11.105; Q90: 4.836, 5.176;
Early stopping at epoch: 42
Model  stgcn7  Best Results:
Epoch 32: 
=        =        Horizon  3        =        =        =        =        Horizon  6        =        =        =        =        Horizon  12       =        =       
RMSE     MAE      MAPE     Q10      Q50      Q90      RMSE     MAE      MAPE     Q10      Q50      Q90      RMSE     MAE      MAPE     Q10      Q50      Q90     
30.452   19.121   11.332   4.538    9.690    4.397    32.254   20.235   11.743   4.818    10.254   4.708    34.601   21.748   12.615   5.212    11.007   5.161   
Model Training Ended ... Mon Oct 23 06:42:01 2023
