nohup: ignoring input
pdate shape is:  (16992,)
./save/pems04_stgcn7_in12_out12_addtimeFalse_adjTrue_lr0.001_hc32_train0.7_val0.1_test0.2_seedNone_lossquantile_version2_note:scl_early5_wait1000_ssize500_slen10_ymask_scheNo training started Sun Oct 29 01:42:37 2023
pdate shape is:  (16992,)
data load........
initial data shape is:  (16992, 307, 3)
train_mean shape : (307,)
train  :  (11873, 24, 307, 3)
val  :  (1697, 24, 307, 3)
test  :  (3388, 24, 307, 3)
Model Training Started ... Sun Oct 29 01:42:39 2023
TIMESTEP_IN, TIMESTEP_OUT 12 12
LOSS is : quantile
Spatial CL target length = 1
Spatial CL target length = 1
Epoch 0: 
| 3  Horizon | RMSE: 63.111, 61.575; MAE: 48.728, 47.603; MAPE: 49.841, 49.874; Q10: 13.269, 13.072; Q50: 24.322, 23.761; Q90: 12.205, 11.550;
| 6  Horizon | RMSE: 66.588, 64.866; MAE: 51.309, 50.000; MAPE: 54.337, 53.847; Q10: 14.947, 14.646; Q50: 25.593, 24.943; Q90: 12.900, 12.228;
| 12 Horizon | RMSE: 71.757, 69.273; MAE: 54.227, 52.484; MAPE: 53.812, 52.501; Q10: 14.551, 14.052; Q50: 27.122, 26.250; Q90: 13.575, 12.936;
epoch 0 time used: 54  seconds  train loss: 24.072 val loss: 17.615191 test loss: 17.066565
Epoch 1: 
| 3  Horizon | RMSE: 73.859, 72.009; MAE: 56.852, 55.361; MAPE: 60.117, 59.868; Q10: 18.134, 18.035; Q50: 28.391, 27.653; Q90: 16.147, 15.108;
| 6  Horizon | RMSE: 75.684, 73.489; MAE: 58.285, 56.561; MAPE: 60.029, 59.385; Q10: 18.415, 18.247; Q50: 29.138, 28.281; Q90: 17.510, 16.354;
| 12 Horizon | RMSE: 81.507, 78.578; MAE: 62.670, 60.531; MAPE: 61.328, 60.145; Q10: 17.685, 17.363; Q50: 31.392, 30.322; Q90: 18.383, 17.122;
epoch 1 time used: 47  seconds  train loss: 8.003 val loss: 21.795344 test loss: 21.051354
Epoch 2: 
| 3  Horizon | RMSE: 94.097, 92.162; MAE: 72.753, 71.206; MAPE: 82.241, 82.174; Q10: 25.971, 26.169; Q50: 36.263, 35.503; Q90: 24.314, 22.713;
| 6  Horizon | RMSE: 95.569, 93.249; MAE: 74.349, 72.512; MAPE: 81.652, 81.014; Q10: 26.232, 26.322; Q50: 37.093, 36.187; Q90: 25.762, 24.075;
| 12 Horizon | RMSE: 100.030, 97.005; MAE: 78.430, 76.058; MAPE: 81.192, 79.832; Q10: 24.706, 24.525; Q50: 39.189, 38.008; Q90: 27.046, 25.251;
epoch 2 time used: 53  seconds  train loss: 7.17 val loss: 29.616532 test loss: 28.763698
Epoch 3: 
| 3  Horizon | RMSE: 111.949, 109.789; MAE: 87.750, 85.944; MAPE: 99.279, 99.389; Q10: 32.668, 32.994; Q50: 43.714, 42.831; Q90: 30.399, 28.421;
| 6  Horizon | RMSE: 112.878, 110.146; MAE: 89.130, 86.863; MAPE: 96.636, 96.095; Q10: 32.509, 32.727; Q50: 44.454, 43.334; Q90: 31.166, 29.131;
| 12 Horizon | RMSE: 117.413, 113.912; MAE: 93.322, 90.408; MAPE: 95.419, 94.048; Q10: 30.217, 30.125; Q50: 46.608, 45.157; Q90: 33.501, 31.256;
epoch 3 time used: 69  seconds  train loss: 6.679 val loss: 36.111681 test loss: 35.112186
Epoch 4: 
| 3  Horizon | RMSE: 125.093, 122.782; MAE: 97.814, 95.729; MAPE: 111.265, 111.651; Q10: 37.458, 37.975; Q50: 48.678, 47.660; Q90: 33.131, 30.865;
| 6  Horizon | RMSE: 125.270, 122.724; MAE: 98.107, 95.851; MAPE: 111.387, 111.152; Q10: 37.697, 38.147; Q50: 48.830, 47.728; Q90: 37.031, 34.440;
| 12 Horizon | RMSE: 126.887, 123.487; MAE: 100.373, 97.441; MAPE: 107.324, 106.128; Q10: 34.099, 34.160; Q50: 50.044, 48.593; Q90: 36.175, 33.649;
epoch 4 time used: 72  seconds  train loss: 6.378 val loss: 40.436077 test loss: 39.364893
Epoch 5: 
| 3  Horizon | RMSE: 128.725, 126.479; MAE: 100.040, 97.943; MAPE: 115.541, 116.004; Q10: 39.625, 40.257; Q50: 49.753, 48.734; Q90: 33.452, 31.107;
| 6  Horizon | RMSE: 128.788, 126.360; MAE: 100.193, 97.966; MAPE: 115.850, 115.673; Q10: 38.527, 38.986; Q50: 49.831, 48.748; Q90: 33.398, 31.046;
| 12 Horizon | RMSE: 129.488, 126.054; MAE: 102.167, 99.133; MAPE: 109.810, 108.603; Q10: 36.791, 36.998; Q50: 50.921, 49.421; Q90: 35.360, 32.839;
 
Current SCL Length is:  1 Then new_slen + 1 
 
epoch 5 time used: 73  seconds  train loss: 6.171 val loss: 40.860871 test loss: 39.798092
Spatial CL target length = 2
Epoch 6: 
| 3  Horizon | RMSE: 127.728, 125.196; MAE: 96.764, 94.477; MAPE: 106.795, 107.155; Q10: 35.441, 35.840; Q50: 48.297, 47.161; Q90: 31.893, 29.618;
| 6  Horizon | RMSE: 128.147, 125.010; MAE: 97.862, 95.144; MAPE: 103.617, 103.293; Q10: 33.466, 33.648; Q50: 48.901, 47.542; Q90: 33.294, 30.899;
| 12 Horizon | RMSE: 128.924, 125.304; MAE: 99.039, 96.005; MAPE: 101.944, 100.838; Q10: 30.662, 30.545; Q50: 49.526, 48.004; Q90: 33.868, 31.442;
epoch 6 time used: 75  seconds  train loss: 9.561 val loss: 38.523488 test loss: 37.348147
Epoch 7: 
| 3  Horizon | RMSE: 127.773, 125.365; MAE: 96.570, 94.413; MAPE: 107.780, 108.216; Q10: 36.274, 36.744; Q50: 48.194, 47.124; Q90: 31.272, 29.058;
| 6  Horizon | RMSE: 127.902, 125.109; MAE: 97.138, 94.701; MAPE: 106.408, 106.191; Q10: 34.762, 35.035; Q50: 48.504, 47.291; Q90: 31.884, 29.621;
| 12 Horizon | RMSE: 128.404, 125.076; MAE: 98.231, 95.400; MAPE: 104.442, 103.378; Q10: 32.783, 32.799; Q50: 49.091, 47.674; Q90: 32.939, 30.593;
epoch 7 time used: 75  seconds  train loss: 8.517 val loss: 38.550205 test loss: 37.469347
Epoch 8: 
| 3  Horizon | RMSE: 127.841, 125.581; MAE: 96.336, 94.281; MAPE: 108.926, 109.377; Q10: 36.419, 36.896; Q50: 48.061, 47.044; Q90: 30.767, 28.597;
| 6  Horizon | RMSE: 127.918, 125.423; MAE: 96.634, 94.421; MAPE: 108.817, 108.641; Q10: 35.990, 36.343; Q50: 48.220, 47.122; Q90: 30.624, 28.463;
| 12 Horizon | RMSE: 128.138, 125.082; MAE: 97.604, 94.964; MAPE: 106.708, 105.663; Q10: 33.699, 33.772; Q50: 48.744, 47.429; Q90: 32.348, 30.038;
epoch 8 time used: 75  seconds  train loss: 8.342 val loss: 38.359226 test loss: 37.354083
Epoch 9: 
| 3  Horizon | RMSE: 127.926, 125.779; MAE: 96.207, 94.286; MAPE: 109.801, 110.370; Q10: 37.212, 37.755; Q50: 47.985, 47.038; Q90: 28.777, 26.805;
| 6  Horizon | RMSE: 127.925, 125.454; MAE: 96.593, 94.445; MAPE: 108.855, 108.759; Q10: 34.644, 34.915; Q50: 48.193, 47.130; Q90: 30.930, 28.753;
| 12 Horizon | RMSE: 128.085, 125.241; MAE: 97.202, 94.777; MAPE: 108.327, 107.373; Q10: 34.595, 34.739; Q50: 48.516, 47.312; Q90: 30.826, 28.655;
epoch 9 time used: 75  seconds  train loss: 8.22 val loss: 37.915304 test loss: 36.993478
Epoch 10: 
| 3  Horizon | RMSE: 127.886, 125.695; MAE: 96.249, 94.271; MAPE: 109.478, 109.987; Q10: 37.639, 38.210; Q50: 48.013, 47.035; Q90: 29.074, 27.068;
| 6  Horizon | RMSE: 128.041, 125.739; MAE: 96.349, 94.310; MAPE: 110.338, 110.251; Q10: 37.638, 38.114; Q50: 48.058, 47.050; Q90: 30.467, 28.329;
| 12 Horizon | RMSE: 128.077, 125.256; MAE: 97.114, 94.685; MAPE: 108.602, 107.624; Q10: 35.399, 35.590; Q50: 48.476, 47.268; Q90: 32.349, 30.045;
 
Current SCL Length is:  2 Then new_slen + 1 
 
epoch 10 time used: 74  seconds  train loss: 8.138 val loss: 38.502759 test loss: 37.58624
Spatial CL target length = 3
Epoch 11: 
| 3  Horizon | RMSE: 125.277, 122.849; MAE: 91.166, 89.135; MAPE: 96.370, 96.952; Q10: 32.959, 33.351; Q50: 45.564, 44.555; Q90: 29.952, 27.851;
| 6  Horizon | RMSE: 125.513, 122.661; MAE: 91.911, 89.613; MAPE: 94.849, 94.843; Q10: 32.184, 32.437; Q50: 45.967, 44.819; Q90: 31.165, 28.967;
| 12 Horizon | RMSE: 126.164, 122.791; MAE: 93.102, 90.424; MAPE: 93.251, 92.501; Q10: 29.801, 29.775; Q50: 46.601, 45.258; Q90: 33.246, 30.892;
epoch 11 time used: 74  seconds  train loss: 10.497 val loss: 36.438039 test loss: 35.403242
Epoch 12: 
| 3  Horizon | RMSE: 125.286, 122.944; MAE: 90.991, 89.017; MAPE: 97.012, 97.623; Q10: 34.625, 35.136; Q50: 45.474, 44.495; Q90: 29.628, 27.549;
| 6  Horizon | RMSE: 125.407, 122.857; MAE: 91.292, 89.212; MAPE: 96.956, 97.025; Q10: 33.655, 34.011; Q50: 45.627, 44.594; Q90: 30.597, 28.445;
| 12 Horizon | RMSE: 126.004, 122.741; MAE: 92.850, 90.306; MAPE: 93.910, 93.217; Q10: 31.265, 31.343; Q50: 46.465, 45.192; Q90: 33.550, 31.184;
epoch 12 time used: 74  seconds  train loss: 9.769 val loss: 36.630313 test loss: 35.655703
Epoch 13: 
| 3  Horizon | RMSE: 125.435, 123.350; MAE: 90.666, 88.893; MAPE: 98.806, 99.474; Q10: 35.214, 35.770; Q50: 45.282, 44.407; Q90: 29.325, 27.278;
| 6  Horizon | RMSE: 125.465, 123.092; MAE: 91.055, 89.111; MAPE: 98.281, 98.375; Q10: 33.741, 34.101; Q50: 45.489, 44.527; Q90: 29.624, 27.558;
| 12 Horizon | RMSE: 125.728, 122.707; MAE: 92.274, 89.873; MAPE: 95.819, 95.117; Q10: 32.536, 32.685; Q50: 46.147, 44.950; Q90: 32.110, 29.845;
epoch 13 time used: 75  seconds  train loss: 9.66 val loss: 36.668506 test loss: 35.74703
Epoch 14: 
| 3  Horizon | RMSE: 125.280, 122.910; MAE: 91.047, 89.071; MAPE: 96.698, 97.307; Q10: 34.899, 35.438; Q50: 45.503, 44.522; Q90: 30.698, 28.530;
| 6  Horizon | RMSE: 125.417, 122.949; MAE: 91.166, 89.160; MAPE: 97.473, 97.578; Q10: 34.981, 35.438; Q50: 45.552, 44.558; Q90: 30.846, 28.677;
| 12 Horizon | RMSE: 125.663, 122.728; MAE: 92.053, 89.717; MAPE: 96.374, 95.745; Q10: 32.105, 32.236; Q50: 46.023, 44.860; Q90: 31.500, 29.274;
epoch 14 time used: 75  seconds  train loss: 9.57 val loss: 36.649367 test loss: 35.738837
Epoch 15: 
| 3  Horizon | RMSE: 125.290, 122.977; MAE: 90.939, 88.988; MAPE: 97.116, 97.726; Q10: 34.782, 35.307; Q50: 45.442, 44.474; Q90: 30.981, 28.785;
| 6  Horizon | RMSE: 125.487, 123.168; MAE: 90.953, 89.040; MAPE: 98.634, 98.742; Q10: 34.724, 35.160; Q50: 45.433, 44.487; Q90: 29.575, 27.508;
| 12 Horizon | RMSE: 125.623, 122.821; MAE: 91.852, 89.605; MAPE: 97.471, 96.811; Q10: 33.778, 34.029; Q50: 45.906, 44.791; Q90: 31.517, 29.288;
 
Current SCL Length is:  3 Then new_slen + 1 
 
epoch 15 time used: 75  seconds  train loss: 9.49 val loss: 36.815083 test loss: 35.904437
Spatial CL target length = 4
Epoch 16: 
| 3  Horizon | RMSE: 120.828, 118.129; MAE: 83.909, 81.780; MAPE: 82.266, 82.651; Q10: 29.549, 29.879; Q50: 41.993, 40.924; Q90: 29.864, 27.626;
| 6  Horizon | RMSE: 121.103, 118.133; MAE: 84.417, 82.136; MAPE: 81.699, 81.622; Q10: 30.049, 30.335; Q50: 42.252, 41.106; Q90: 30.228, 27.970;
| 12 Horizon | RMSE: 122.005, 118.491; MAE: 85.836, 83.216; MAPE: 80.151, 79.457; Q10: 28.127, 28.166; Q50: 43.000, 41.679; Q90: 33.494, 30.997;
epoch 16 time used: 75  seconds  train loss: 11.491 val loss: 34.402967 test loss: 33.315115
Epoch 17: 
| 3  Horizon | RMSE: 120.754, 118.177; MAE: 83.646, 81.642; MAPE: 82.901, 83.351; Q10: 31.328, 31.795; Q50: 41.852, 40.848; Q90: 29.842, 27.619;
| 6  Horizon | RMSE: 121.152, 118.152; MAE: 84.509, 82.304; MAPE: 81.487, 81.487; Q10: 29.832, 30.122; Q50: 42.314, 41.205; Q90: 29.848, 27.650;
| 12 Horizon | RMSE: 122.146, 118.620; MAE: 86.020, 83.566; MAPE: 79.822, 79.276; Q10: 28.208, 28.293; Q50: 43.112, 41.873; Q90: 32.723, 30.355;
epoch 17 time used: 74  seconds  train loss: 10.714 val loss: 34.307407 test loss: 33.282211
Epoch 18: 
| 3  Horizon | RMSE: 120.726, 118.375; MAE: 83.312, 81.472; MAPE: 84.133, 84.635; Q10: 31.635, 32.130; Q50: 41.652, 40.733; Q90: 28.672, 26.561;
| 6  Horizon | RMSE: 120.872, 118.227; MAE: 83.761, 81.773; MAPE: 83.541, 83.578; Q10: 30.385, 30.713; Q50: 41.893, 40.899; Q90: 31.057, 28.777;
| 12 Horizon | RMSE: 121.449, 118.247; MAE: 85.036, 82.732; MAPE: 81.865, 81.289; Q10: 28.867, 28.985; Q50: 42.572, 41.414; Q90: 32.896, 30.513;
epoch 18 time used: 75  seconds  train loss: 10.619 val loss: 34.26041 test loss: 33.282557
Epoch 19: 
| 3  Horizon | RMSE: 120.763, 118.524; MAE: 83.141, 81.357; MAPE: 84.773, 85.307; Q10: 31.688, 32.184; Q50: 41.565, 40.676; Q90: 28.146, 26.069;
| 6  Horizon | RMSE: 120.932, 118.183; MAE: 84.021, 81.946; MAPE: 82.893, 82.914; Q10: 30.586, 30.922; Q50: 42.039, 41.000; Q90: 30.102, 27.882;
| 12 Horizon | RMSE: 121.369, 118.237; MAE: 84.973, 82.659; MAPE: 82.419, 81.810; Q10: 28.702, 28.796; Q50: 42.535, 41.372; Q90: 30.604, 28.347;
epoch 19 time used: 75  seconds  train loss: 10.546 val loss: 34.10049 test loss: 33.132157
Epoch 20: 
| 3  Horizon | RMSE: 120.746, 118.461; MAE: 83.188, 81.362; MAPE: 84.506, 85.007; Q10: 32.083, 32.599; Q50: 41.591, 40.680; Q90: 28.337, 26.240;
| 6  Horizon | RMSE: 120.904, 118.199; MAE: 83.921, 81.845; MAPE: 83.190, 83.169; Q10: 30.921, 31.269; Q50: 41.980, 40.941; Q90: 30.115, 27.887;
| 12 Horizon | RMSE: 121.235, 118.241; MAE: 84.706, 82.447; MAPE: 83.365, 82.729; Q10: 28.967, 29.067; Q50: 42.386, 41.254; Q90: 31.769, 29.430;
 
Current SCL Length is:  4 Then new_slen + 1 
 
epoch 20 time used: 75  seconds  train loss: 10.496 val loss: 34.158682 test loss: 33.20639
Spatial CL target length = 5
Epoch 21: 
| 3  Horizon | RMSE: 114.959, 112.175; MAE: 75.343, 73.279; MAPE: 70.013, 70.332; Q10: 27.047, 27.360; Q50: 37.801, 36.750; Q90: 27.250, 25.070;
| 6  Horizon | RMSE: 115.400, 112.285; MAE: 76.114, 73.891; MAPE: 69.337, 69.252; Q10: 26.523, 26.719; Q50: 38.207, 37.073; Q90: 28.421, 26.176;
| 12 Horizon | RMSE: 116.604, 112.970; MAE: 77.766, 75.297; MAPE: 67.941, 67.374; Q10: 24.954, 24.942; Q50: 39.062, 37.800; Q90: 30.764, 28.396;
epoch 21 time used: 75  seconds  train loss: 12.444 val loss: 31.068992 test loss: 29.995301
Epoch 22: 
| 3  Horizon | RMSE: 115.054, 112.204; MAE: 75.581, 73.506; MAPE: 69.780, 70.022; Q10: 27.483, 27.835; Q50: 37.937, 36.878; Q90: 28.816, 26.544;
| 6  Horizon | RMSE: 115.376, 112.307; MAE: 76.051, 73.920; MAPE: 69.289, 69.214; Q10: 26.826, 27.069; Q50: 38.174, 37.086; Q90: 28.630, 26.415;
| 12 Horizon | RMSE: 116.222, 112.762; MAE: 77.352, 75.054; MAPE: 68.630, 68.080; Q10: 25.653, 25.712; Q50: 38.846, 37.671; Q90: 31.308, 28.974;
epoch 22 time used: 75  seconds  train loss: 11.78 val loss: 31.354088 test loss: 30.324404
Epoch 23: 
| 3  Horizon | RMSE: 114.835, 112.262; MAE: 74.985, 73.080; MAPE: 71.059, 71.438; Q10: 27.989, 28.378; Q50: 37.613, 36.643; Q90: 26.292, 24.204;
| 6  Horizon | RMSE: 115.396, 112.289; MAE: 76.043, 73.873; MAPE: 69.200, 69.157; Q10: 26.773, 26.999; Q50: 38.176, 37.068; Q90: 28.202, 26.002;
| 12 Horizon | RMSE: 116.226, 112.737; MAE: 77.331, 74.999; MAPE: 68.665, 68.210; Q10: 24.755, 24.758; Q50: 38.829, 37.638; Q90: 30.705, 28.365;
epoch 23 time used: 74  seconds  train loss: 11.68 val loss: 31.040604 test loss: 30.025935
Epoch 24: 
| 3  Horizon | RMSE: 114.835, 112.259; MAE: 75.003, 73.119; MAPE: 70.851, 71.264; Q10: 28.478, 28.918; Q50: 37.615, 36.656; Q90: 26.891, 24.767;
| 6  Horizon | RMSE: 115.184, 112.256; MAE: 75.719, 73.704; MAPE: 69.947, 69.957; Q10: 27.366, 27.657; Q50: 37.994, 36.966; Q90: 27.935, 25.780;
| 12 Horizon | RMSE: 116.195, 112.744; MAE: 77.273, 75.019; MAPE: 68.570, 68.075; Q10: 25.716, 25.788; Q50: 38.806, 37.653; Q90: 30.238, 27.973;
epoch 24 time used: 74  seconds  train loss: 11.61 val loss: 31.190504 test loss: 30.209173
Epoch 25: 
| 3  Horizon | RMSE: 114.896, 112.210; MAE: 75.276, 73.333; MAPE: 70.779, 71.129; Q10: 27.802, 28.201; Q50: 37.777, 36.787; Q90: 26.912, 24.784;
| 6  Horizon | RMSE: 115.295, 112.279; MAE: 75.947, 73.903; MAPE: 69.691, 69.695; Q10: 26.776, 27.027; Q50: 38.127, 37.083; Q90: 27.884, 25.732;
| 12 Horizon | RMSE: 116.191, 112.746; MAE: 77.266, 75.046; MAPE: 68.538, 68.088; Q10: 25.459, 25.532; Q50: 38.798, 37.664; Q90: 30.490, 28.229;
 
Current SCL Length is:  5 Then new_slen + 1 
 
epoch 25 time used: 75  seconds  train loss: 11.546 val loss: 31.002166 test loss: 30.020491
Spatial CL target length = 6
Epoch 26: 
| 3  Horizon | RMSE: 107.141, 104.546; MAE: 65.961, 64.270; MAPE: 58.221, 58.399; Q10: 23.668, 23.979; Q50: 33.163, 32.297; Q90: 25.243, 23.337;
| 6  Horizon | RMSE: 107.595, 104.745; MAE: 66.615, 64.869; MAPE: 57.794, 57.704; Q10: 22.909, 23.107; Q50: 33.506, 32.609; Q90: 25.243, 23.390;
| 12 Horizon | RMSE: 109.210, 105.811; MAE: 68.451, 66.530; MAPE: 56.043, 55.590; Q10: 21.911, 21.967; Q50: 34.454, 33.464; Q90: 28.918, 26.917;
epoch 26 time used: 75  seconds  train loss: 13.35 val loss: 27.54043 test loss: 26.676823
Epoch 27: 
| 3  Horizon | RMSE: 106.932, 104.475; MAE: 65.389, 63.727; MAPE: 58.434, 58.621; Q10: 24.348, 24.698; Q50: 32.847, 31.997; Q90: 24.011, 22.163;
| 6  Horizon | RMSE: 107.433, 104.633; MAE: 66.264, 64.504; MAPE: 57.626, 57.519; Q10: 23.500, 23.734; Q50: 33.301, 32.400; Q90: 25.855, 23.937;
| 12 Horizon | RMSE: 108.603, 105.321; MAE: 67.845, 65.872; MAPE: 56.825, 56.353; Q10: 22.420, 22.485; Q50: 34.120, 33.107; Q90: 27.842, 25.845;
epoch 27 time used: 74  seconds  train loss: 12.763 val loss: 27.499699 test loss: 26.638605
Epoch 28: 
| 3  Horizon | RMSE: 106.956, 104.473; MAE: 65.445, 63.767; MAPE: 58.237, 58.423; Q10: 23.974, 24.306; Q50: 32.878, 32.021; Q90: 24.478, 22.598;
| 6  Horizon | RMSE: 107.445, 104.639; MAE: 66.293, 64.515; MAPE: 57.782, 57.650; Q10: 23.317, 23.542; Q50: 33.332, 32.420; Q90: 25.007, 23.133;
| 12 Horizon | RMSE: 108.710, 105.402; MAE: 68.011, 65.985; MAPE: 56.786, 56.223; Q10: 21.978, 22.000; Q50: 34.221, 33.179; Q90: 27.676, 25.657;
epoch 28 time used: 74  seconds  train loss: 12.651 val loss: 27.405815 test loss: 26.537597
Epoch 29: 
| 3  Horizon | RMSE: 107.028, 104.484; MAE: 65.654, 63.972; MAPE: 58.136, 58.325; Q10: 24.016, 24.357; Q50: 32.997, 32.136; Q90: 24.664, 22.780;
| 6  Horizon | RMSE: 107.369, 104.630; MAE: 66.181, 64.491; MAPE: 57.883, 57.800; Q10: 23.640, 23.892; Q50: 33.268, 32.402; Q90: 24.597, 22.766;
| 12 Horizon | RMSE: 108.955, 105.609; MAE: 68.237, 66.280; MAPE: 56.410, 55.881; Q10: 22.392, 22.454; Q50: 34.341, 33.334; Q90: 28.484, 26.477;
epoch 29 time used: 74  seconds  train loss: 12.62 val loss: 27.473345 test loss: 26.615852
Epoch 30: 
| 3  Horizon | RMSE: 107.084, 104.518; MAE: 65.749, 64.103; MAPE: 57.765, 58.005; Q10: 23.487, 23.794; Q50: 33.039, 32.197; Q90: 24.249, 22.415;
| 6  Horizon | RMSE: 107.443, 104.660; MAE: 66.283, 64.594; MAPE: 57.629, 57.567; Q10: 22.979, 23.190; Q50: 33.322, 32.455; Q90: 24.632, 22.808;
| 12 Horizon | RMSE: 108.960, 105.606; MAE: 68.146, 66.202; MAPE: 56.177, 55.688; Q10: 21.130, 21.121; Q50: 34.285, 33.286; Q90: 27.395, 25.425;
 
Current SCL Length is:  6 Then new_slen + 1 
 
epoch 30 time used: 75  seconds  train loss: 12.546 val loss: 27.197395 test loss: 26.345844
Spatial CL target length = 7
Epoch 31: 
| 3  Horizon | RMSE: 97.380, 95.186; MAE: 55.360, 54.142; MAPE: 46.055, 46.651; Q10: 19.322, 19.631; Q50: 27.769, 27.148; Q90: 20.139, 18.678;
| 6  Horizon | RMSE: 98.239, 95.616; MAE: 56.397, 55.117; MAPE: 44.876, 45.221; Q10: 18.767, 18.994; Q50: 28.321, 27.665; Q90: 21.933, 20.431;
| 12 Horizon | RMSE: 100.079, 96.979; MAE: 58.486, 57.015; MAPE: 44.389, 44.389; Q10: 17.431, 17.488; Q50: 29.391, 28.635; Q90: 23.432, 21.852;
epoch 31 time used: 75  seconds  train loss: 14.237 val loss: 22.950867 test loss: 22.295802
Epoch 32: 
| 3  Horizon | RMSE: 97.343, 95.144; MAE: 55.258, 54.020; MAPE: 45.918, 46.475; Q10: 19.539, 19.864; Q50: 27.723, 27.093; Q90: 20.585, 19.097;
| 6  Horizon | RMSE: 97.811, 95.387; MAE: 56.004, 54.760; MAPE: 45.664, 45.998; Q10: 18.808, 19.040; Q50: 28.106, 27.472; Q90: 21.669, 20.182;
| 12 Horizon | RMSE: 99.943, 96.889; MAE: 58.299, 56.900; MAPE: 44.255, 44.290; Q10: 17.812, 17.900; Q50: 29.308, 28.590; Q90: 24.593, 23.049;
epoch 32 time used: 74  seconds  train loss: 13.722 val loss: 23.09147 test loss: 22.451978
Epoch 33: 
| 3  Horizon | RMSE: 97.426, 95.156; MAE: 55.385, 54.156; MAPE: 45.560, 46.149; Q10: 19.565, 19.903; Q50: 27.793, 27.167; Q90: 20.739, 19.257;
| 6  Horizon | RMSE: 97.646, 95.359; MAE: 55.917, 54.718; MAPE: 46.321, 46.698; Q10: 19.381, 19.654; Q50: 28.053, 27.442; Q90: 20.931, 19.481;
| 12 Horizon | RMSE: 99.739, 96.710; MAE: 58.145, 56.677; MAPE: 44.520, 44.505; Q10: 17.899, 17.979; Q50: 29.227, 28.473; Q90: 24.447, 22.836;
epoch 33 time used: 74  seconds  train loss: 13.635 val loss: 23.092271 test loss: 22.453298
Epoch 34: 
| 3  Horizon | RMSE: 97.304, 95.146; MAE: 55.172, 54.036; MAPE: 45.967, 46.599; Q10: 19.694, 20.052; Q50: 27.679, 27.101; Q90: 19.658, 18.263;
| 6  Horizon | RMSE: 97.866, 95.420; MAE: 55.965, 54.818; MAPE: 45.399, 45.812; Q10: 19.028, 19.303; Q50: 28.094, 27.509; Q90: 21.378, 19.938;
| 12 Horizon | RMSE: 99.646, 96.671; MAE: 57.918, 56.629; MAPE: 44.491, 44.601; Q10: 17.956, 18.076; Q50: 29.104, 28.443; Q90: 23.728, 22.207;
epoch 34 time used: 75  seconds  train loss: 13.582 val loss: 22.851976 test loss: 22.262496
Epoch 35: 
| 3  Horizon | RMSE: 97.370, 95.131; MAE: 55.319, 54.123; MAPE: 45.999, 46.565; Q10: 19.534, 19.865; Q50: 27.770, 27.161; Q90: 20.500, 19.037;
| 6  Horizon | RMSE: 97.743, 95.347; MAE: 55.832, 54.670; MAPE: 45.675, 46.042; Q10: 19.062, 19.320; Q50: 28.028, 27.435; Q90: 20.996, 19.562;
| 12 Horizon | RMSE: 99.801, 96.746; MAE: 58.014, 56.662; MAPE: 44.305, 44.354; Q10: 17.756, 17.828; Q50: 29.169, 28.474; Q90: 23.961, 22.422;
 
Current SCL Length is:  7 Then new_slen + 1 
 
epoch 35 time used: 75  seconds  train loss: 13.539 val loss: 22.969107 test loss: 22.348679
Spatial CL target length = 8
Epoch 36: 
| 3  Horizon | RMSE: 83.208, 81.286; MAE: 43.517, 42.746; MAPE: 31.537, 31.886; Q10: 14.453, 14.685; Q50: 21.884, 21.486; Q90: 16.233, 15.238;
| 6  Horizon | RMSE: 83.646, 81.634; MAE: 44.174, 43.451; MAPE: 31.937, 32.180; Q10: 14.388, 14.583; Q50: 22.203, 21.830; Q90: 16.850, 15.900;
| 12 Horizon | RMSE: 86.357, 83.867; MAE: 46.605, 45.911; MAPE: 31.193, 31.379; Q10: 13.195, 13.249; Q50: 23.462, 23.100; Q90: 19.144, 18.198;
epoch 36 time used: 75  seconds  train loss: 15.238 val loss: 17.884635 test loss: 17.494391
Epoch 37: 
| 3  Horizon | RMSE: 83.084, 81.188; MAE: 43.364, 42.549; MAPE: 31.726, 32.068; Q10: 14.499, 14.721; Q50: 21.801, 21.382; Q90: 15.967, 14.963;
| 6  Horizon | RMSE: 83.883, 81.790; MAE: 44.247, 43.551; MAPE: 31.383, 31.658; Q10: 13.996, 14.163; Q50: 22.255, 21.894; Q90: 17.077, 16.127;
| 12 Horizon | RMSE: 85.468, 83.087; MAE: 46.082, 45.377; MAPE: 32.002, 32.176; Q10: 13.699, 13.787; Q50: 23.177, 22.811; Q90: 18.288, 17.349;
epoch 37 time used: 74  seconds  train loss: 14.695 val loss: 17.807629 test loss: 17.41793
Epoch 38: 
| 3  Horizon | RMSE: 83.152, 81.193; MAE: 43.352, 42.507; MAPE: 31.461, 31.763; Q10: 14.288, 14.490; Q50: 21.801, 21.366; Q90: 16.271, 15.256;
| 6  Horizon | RMSE: 83.676, 81.630; MAE: 43.999, 43.279; MAPE: 31.398, 31.637; Q10: 14.209, 14.380; Q50: 22.124, 21.753; Q90: 16.752, 15.806;
| 12 Horizon | RMSE: 85.858, 83.412; MAE: 46.048, 45.345; MAPE: 31.002, 31.093; Q10: 13.381, 13.442; Q50: 23.190, 22.822; Q90: 18.532, 17.610;
epoch 38 time used: 74  seconds  train loss: 14.604 val loss: 17.728421 test loss: 17.326125
Epoch 39: 
| 3  Horizon | RMSE: 83.096, 81.191; MAE: 43.418, 42.559; MAPE: 31.705, 32.003; Q10: 14.216, 14.413; Q50: 21.815, 21.374; Q90: 15.733, 14.727;
| 6  Horizon | RMSE: 83.866, 81.786; MAE: 44.383, 43.616; MAPE: 31.559, 31.762; Q10: 14.062, 14.226; Q50: 22.311, 21.916; Q90: 16.941, 15.976;
| 12 Horizon | RMSE: 86.083, 83.604; MAE: 46.495, 45.705; MAPE: 31.203, 31.261; Q10: 13.313, 13.365; Q50: 23.405, 22.995; Q90: 18.935, 17.963;
epoch 39 time used: 74  seconds  train loss: 14.554 val loss: 17.773765 test loss: 17.362718
Epoch 40: 
| 3  Horizon | RMSE: 83.137, 81.203; MAE: 43.370, 42.545; MAPE: 31.457, 31.769; Q10: 14.136, 14.330; Q50: 21.799, 21.376; Q90: 15.988, 14.982;
| 6  Horizon | RMSE: 83.594, 81.606; MAE: 43.974, 43.313; MAPE: 31.567, 31.835; Q10: 14.150, 14.335; Q50: 22.107, 21.767; Q90: 16.350, 15.427;
| 12 Horizon | RMSE: 85.709, 83.326; MAE: 46.037, 45.398; MAPE: 31.086, 31.250; Q10: 13.435, 13.519; Q50: 23.176, 22.842; Q90: 18.385, 17.483;
 
Current SCL Length is:  8 Then new_slen + 1 
 
epoch 40 time used: 75  seconds  train loss: 14.527 val loss: 17.690214 test loss: 17.308545
Spatial CL target length = 9
Epoch 41: 
| 3  Horizon | RMSE: 64.009, 63.082; MAE: 31.537, 31.137; MAPE: 20.890, 21.197; Q10: 9.530, 9.629; Q50: 15.926, 15.708; Q90: 10.570, 10.166;
| 6  Horizon | RMSE: 64.878, 63.973; MAE: 32.158, 32.021; MAPE: 20.748, 21.105; Q10: 9.335, 9.465; Q50: 16.238, 16.153; Q90: 11.163, 10.852;
| 12 Horizon | RMSE: 67.176, 66.321; MAE: 34.000, 34.175; MAPE: 21.152, 21.595; Q10: 9.447, 9.619; Q50: 17.176, 17.246; Q90: 12.386, 12.169;
epoch 41 time used: 75  seconds  train loss: 16.375 val loss: 12.334332 test loss: 12.23512
Epoch 42: 
| 3  Horizon | RMSE: 63.822, 62.976; MAE: 31.159, 30.889; MAPE: 20.520, 20.877; Q10: 9.517, 9.650; Q50: 15.729, 15.576; Q90: 10.636, 10.264;
| 6  Horizon | RMSE: 64.611, 63.840; MAE: 31.856, 31.837; MAPE: 20.661, 21.035; Q10: 9.351, 9.516; Q50: 16.085, 16.058; Q90: 11.094, 10.827;
| 12 Horizon | RMSE: 67.091, 66.345; MAE: 33.740, 34.053; MAPE: 20.905, 21.339; Q10: 9.304, 9.505; Q50: 17.048, 17.187; Q90: 12.269, 12.112;
epoch 42 time used: 75  seconds  train loss: 15.855 val loss: 12.241102 test loss: 12.196604
Epoch 43: 
| 3  Horizon | RMSE: 63.849, 63.006; MAE: 31.272, 30.965; MAPE: 20.725, 21.056; Q10: 9.402, 9.526; Q50: 15.786, 15.616; Q90: 10.498, 10.117;
| 6  Horizon | RMSE: 64.705, 63.903; MAE: 31.960, 31.907; MAPE: 20.765, 21.134; Q10: 9.433, 9.595; Q50: 16.143, 16.099; Q90: 10.873, 10.556;
| 12 Horizon | RMSE: 67.103, 66.352; MAE: 33.855, 34.160; MAPE: 21.090, 21.550; Q10: 9.215, 9.418; Q50: 17.115, 17.249; Q90: 12.229, 12.063;
epoch 43 time used: 74  seconds  train loss: 15.784 val loss: 12.229264 test loss: 12.175931
Epoch 44: 
| 3  Horizon | RMSE: 64.350, 63.425; MAE: 31.867, 31.618; MAPE: 20.433, 20.809; Q10: 9.387, 9.510; Q50: 16.099, 15.957; Q90: 10.804, 10.448;
| 6  Horizon | RMSE: 64.645, 63.870; MAE: 32.008, 32.037; MAPE: 20.665, 21.089; Q10: 9.465, 9.636; Q50: 16.165, 16.164; Q90: 11.007, 10.759;
| 12 Horizon | RMSE: 66.916, 66.180; MAE: 33.835, 34.201; MAPE: 20.965, 21.487; Q10: 9.276, 9.478; Q50: 17.094, 17.260; Q90: 12.128, 11.998;
epoch 44 time used: 74  seconds  train loss: 15.747 val loss: 12.311285 test loss: 12.283111
Epoch 45: 
| 3  Horizon | RMSE: 63.815, 62.965; MAE: 31.167, 30.910; MAPE: 20.504, 20.856; Q10: 9.413, 9.544; Q50: 15.730, 15.585; Q90: 10.542, 10.175;
| 6  Horizon | RMSE: 64.773, 63.966; MAE: 31.945, 31.950; MAPE: 20.533, 20.915; Q10: 9.408, 9.569; Q50: 16.132, 16.118; Q90: 11.054, 10.791;
| 12 Horizon | RMSE: 66.766, 65.968; MAE: 33.743, 33.900; MAPE: 21.417, 21.783; Q10: 9.283, 9.466; Q50: 17.033, 17.095; Q90: 12.062, 11.868;
epoch 45 time used: 75  seconds  train loss: 15.718 val loss: 12.260766 test loss: 12.21031
Epoch 46: 
| 3  Horizon | RMSE: 63.744, 62.916; MAE: 31.168, 30.884; MAPE: 20.655, 20.955; Q10: 9.556, 9.678; Q50: 15.725, 15.566; Q90: 10.431, 10.076;
| 6  Horizon | RMSE: 64.729, 63.922; MAE: 32.072, 32.008; MAPE: 20.709, 21.024; Q10: 9.337, 9.475; Q50: 16.189, 16.140; Q90: 11.044, 10.771;
| 12 Horizon | RMSE: 67.017, 66.124; MAE: 33.975, 33.976; MAPE: 21.159, 21.385; Q10: 9.290, 9.417; Q50: 17.168, 17.149; Q90: 12.519, 12.333;
epoch 46 time used: 74  seconds  train loss: 15.67 val loss: 12.258608 test loss: 12.182509
Epoch 47: 
| 3  Horizon | RMSE: 63.924, 63.087; MAE: 31.249, 31.080; MAPE: 20.453, 20.813; Q10: 9.367, 9.499; Q50: 15.780, 15.678; Q90: 10.735, 10.415;
| 6  Horizon | RMSE: 64.591, 63.854; MAE: 31.867, 31.896; MAPE: 20.738, 21.117; Q10: 9.357, 9.528; Q50: 16.088, 16.086; Q90: 10.965, 10.719;
| 12 Horizon | RMSE: 66.958, 66.314; MAE: 33.693, 34.160; MAPE: 20.940, 21.447; Q10: 9.201, 9.432; Q50: 17.024, 17.240; Q90: 12.249, 12.164;
epoch 47 time used: 74  seconds  train loss: 15.652 val loss: 12.241545 test loss: 12.234102
Epoch 48: 
| 3  Horizon | RMSE: 63.816, 63.005; MAE: 31.142, 30.966; MAPE: 20.442, 20.810; Q10: 9.441, 9.580; Q50: 15.722, 15.619; Q90: 10.519, 10.195;
| 6  Horizon | RMSE: 64.584, 63.878; MAE: 31.830, 31.895; MAPE: 20.768, 21.133; Q10: 9.413, 9.599; Q50: 16.081, 16.096; Q90: 10.933, 10.706;
| 12 Horizon | RMSE: 66.791, 66.156; MAE: 33.632, 34.033; MAPE: 20.992, 21.408; Q10: 9.273, 9.503; Q50: 16.994, 17.176; Q90: 12.313, 12.250;
 
Current SCL Length is:  9 Then new_slen + 1 
 
epoch 48 time used: 74  seconds  train loss: 15.634 val loss: 12.241003 test loss: 12.243199
Spatial CL target length = 10
Epoch 49: 
| 3  Horizon | RMSE: 30.552, 30.622; MAE: 19.248, 19.341; MAPE: 11.036, 11.294; Q10: 4.612, 4.590; Q50: 9.766, 9.798; Q90: 4.362, 4.465;
| 6  Horizon | RMSE: 31.854, 32.581; MAE: 20.096, 20.630; MAPE: 11.360, 11.794; Q10: 4.811, 4.870; Q50: 10.195, 10.449; Q90: 4.581, 4.893;
| 12 Horizon | RMSE: 34.207, 35.358; MAE: 21.622, 22.442; MAPE: 12.407, 12.985; Q10: 5.272, 5.376; Q50: 10.958, 11.354; Q90: 4.923, 5.410;
epoch 49 time used: 74  seconds  train loss: 18.256 val loss: 6.528012 test loss: 6.701002
Epoch 50: 
| 3  Horizon | RMSE: 30.592, 30.563; MAE: 19.290, 19.328; MAPE: 11.314, 11.575; Q10: 4.620, 4.599; Q50: 9.767, 9.771; Q90: 4.384, 4.463;
| 6  Horizon | RMSE: 31.722, 32.279; MAE: 19.884, 20.314; MAPE: 11.481, 11.893; Q10: 4.807, 4.869; Q50: 10.075, 10.277; Q90: 4.512, 4.762;
| 12 Horizon | RMSE: 33.964, 35.436; MAE: 21.540, 22.582; MAPE: 12.190, 12.831; Q10: 5.173, 5.337; Q50: 10.923, 11.430; Q90: 4.926, 5.442;
epoch 50 time used: 74  seconds  train loss: 17.767 val loss: 6.496575 test loss: 6.674044
Epoch 51: 
| 3  Horizon | RMSE: 30.602, 30.725; MAE: 19.254, 19.385; MAPE: 11.144, 11.419; Q10: 4.628, 4.624; Q50: 9.766, 9.818; Q90: 4.357, 4.487;
| 6  Horizon | RMSE: 31.748, 32.476; MAE: 19.900, 20.426; MAPE: 11.440, 11.863; Q10: 4.812, 4.889; Q50: 10.095, 10.346; Q90: 4.522, 4.812;
| 12 Horizon | RMSE: 34.304, 36.188; MAE: 21.856, 23.121; MAPE: 12.404, 13.089; Q10: 5.213, 5.391; Q50: 11.094, 11.714; Q90: 5.067, 5.749;
epoch 51 time used: 74  seconds  train loss: 17.736 val loss: 6.544906 test loss: 6.777758
Epoch 52: 
| 3  Horizon | RMSE: 30.613, 30.609; MAE: 19.219, 19.282; MAPE: 11.035, 11.299; Q10: 4.615, 4.586; Q50: 9.745, 9.761; Q90: 4.350, 4.456;
| 6  Horizon | RMSE: 31.878, 32.437; MAE: 19.966, 20.402; MAPE: 11.398, 11.791; Q10: 4.822, 4.869; Q50: 10.133, 10.336; Q90: 4.514, 4.760;
| 12 Horizon | RMSE: 34.028, 35.361; MAE: 21.437, 22.383; MAPE: 12.215, 12.854; Q10: 5.220, 5.357; Q50: 10.872, 11.330; Q90: 4.850, 5.289;
epoch 52 time used: 74  seconds  train loss: 17.668 val loss: 6.499239 test loss: 6.663946
Epoch 53: 
| 3  Horizon | RMSE: 30.662, 30.659; MAE: 19.327, 19.414; MAPE: 11.212, 11.457; Q10: 4.625, 4.596; Q50: 9.815, 9.843; Q90: 4.375, 4.492;
| 6  Horizon | RMSE: 31.839, 32.366; MAE: 19.972, 20.399; MAPE: 11.401, 11.781; Q10: 4.807, 4.860; Q50: 10.137, 10.336; Q90: 4.527, 4.778;
| 12 Horizon | RMSE: 33.996, 35.413; MAE: 21.552, 22.545; MAPE: 12.261, 12.887; Q10: 5.211, 5.375; Q50: 10.934, 11.417; Q90: 4.909, 5.380;
epoch 53 time used: 74  seconds  train loss: 17.643 val loss: 6.546231 test loss: 6.737858
Epoch 54: 
| 3  Horizon | RMSE: 30.687, 30.528; MAE: 19.227, 19.194; MAPE: 11.048, 11.276; Q10: 4.601, 4.568; Q50: 9.751, 9.720; Q90: 4.350, 4.422;
| 6  Horizon | RMSE: 31.869, 32.220; MAE: 19.862, 20.153; MAPE: 11.396, 11.760; Q10: 4.810, 4.860; Q50: 10.072, 10.203; Q90: 4.494, 4.713;
| 12 Horizon | RMSE: 34.019, 35.582; MAE: 21.584, 22.666; MAPE: 12.168, 12.851; Q10: 5.171, 5.339; Q50: 10.951, 11.479; Q90: 4.967, 5.522;
epoch 54 time used: 74  seconds  train loss: 17.626 val loss: 6.496877 test loss: 6.66975
Epoch 55: 
| 3  Horizon | RMSE: 30.490, 30.454; MAE: 19.137, 19.209; MAPE: 10.992, 11.283; Q10: 4.608, 4.564; Q50: 9.707, 9.730; Q90: 4.328, 4.429;
| 6  Horizon | RMSE: 31.673, 32.102; MAE: 19.779, 20.165; MAPE: 11.325, 11.727; Q10: 4.792, 4.820; Q50: 10.035, 10.215; Q90: 4.486, 4.740;
| 12 Horizon | RMSE: 33.870, 35.108; MAE: 21.427, 22.351; MAPE: 12.261, 12.863; Q10: 5.194, 5.297; Q50: 10.869, 11.316; Q90: 4.883, 5.382;
epoch 55 time used: 74  seconds  train loss: 17.58 val loss: 6.47296 test loss: 6.643665
Epoch 56: 
| 3  Horizon | RMSE: 30.492, 30.451; MAE: 19.145, 19.200; MAPE: 11.050, 11.293; Q10: 4.601, 4.559; Q50: 9.707, 9.721; Q90: 4.331, 4.443;
| 6  Horizon | RMSE: 31.687, 32.182; MAE: 19.873, 20.254; MAPE: 11.565, 11.877; Q10: 4.802, 4.842; Q50: 10.095, 10.269; Q90: 4.492, 4.707;
| 12 Horizon | RMSE: 33.889, 34.915; MAE: 21.410, 22.073; MAPE: 12.375, 12.784; Q10: 5.197, 5.293; Q50: 10.858, 11.173; Q90: 4.892, 5.262;
epoch 56 time used: 74  seconds  train loss: 17.58 val loss: 6.488733 test loss: 6.631982
Epoch 57: 
| 3  Horizon | RMSE: 30.501, 30.465; MAE: 19.166, 19.235; MAPE: 11.119, 11.383; Q10: 4.637, 4.605; Q50: 9.717, 9.738; Q90: 4.338, 4.463;
| 6  Horizon | RMSE: 31.671, 32.165; MAE: 19.872, 20.255; MAPE: 11.564, 11.945; Q10: 4.836, 4.889; Q50: 10.068, 10.247; Q90: 4.480, 4.694;
| 12 Horizon | RMSE: 33.753, 35.233; MAE: 21.504, 22.472; MAPE: 12.367, 12.974; Q10: 5.236, 5.380; Q50: 10.901, 11.373; Q90: 4.878, 5.378;
epoch 57 time used: 74  seconds  train loss: 17.538 val loss: 6.494027 test loss: 6.672051
Epoch 58: 
| 3  Horizon | RMSE: 30.518, 30.409; MAE: 19.170, 19.180; MAPE: 11.048, 11.272; Q10: 4.606, 4.559; Q50: 9.715, 9.706; Q90: 4.358, 4.483;
| 6  Horizon | RMSE: 31.715, 32.236; MAE: 19.897, 20.313; MAPE: 11.342, 11.729; Q10: 4.792, 4.827; Q50: 10.099, 10.293; Q90: 4.496, 4.733;
| 12 Horizon | RMSE: 33.737, 35.037; MAE: 21.307, 22.189; MAPE: 12.163, 12.742; Q10: 5.171, 5.303; Q50: 10.810, 11.236; Q90: 4.890, 5.365;
epoch 58 time used: 74  seconds  train loss: 17.547 val loss: 6.493835 test loss: 6.668419
Epoch 59: 
| 3  Horizon | RMSE: 30.554, 30.414; MAE: 19.206, 19.203; MAPE: 11.225, 11.472; Q10: 4.633, 4.571; Q50: 9.745, 9.729; Q90: 4.339, 4.433;
| 6  Horizon | RMSE: 31.858, 32.193; MAE: 19.962, 20.228; MAPE: 11.646, 11.989; Q10: 4.822, 4.857; Q50: 10.117, 10.237; Q90: 4.492, 4.701;
| 12 Horizon | RMSE: 33.826, 35.431; MAE: 21.531, 22.575; MAPE: 12.367, 13.027; Q10: 5.199, 5.349; Q50: 10.912, 11.423; Q90: 4.902, 5.434;
epoch 59 time used: 74  seconds  train loss: 17.516 val loss: 6.500311 test loss: 6.669457
Epoch 60: 
| 3  Horizon | RMSE: 30.532, 30.489; MAE: 19.121, 19.194; MAPE: 11.083, 11.325; Q10: 4.603, 4.561; Q50: 9.698, 9.720; Q90: 4.324, 4.442;
| 6  Horizon | RMSE: 31.664, 32.202; MAE: 19.774, 20.221; MAPE: 11.445, 11.850; Q10: 4.794, 4.844; Q50: 10.020, 10.232; Q90: 4.497, 4.784;
| 12 Horizon | RMSE: 33.685, 35.159; MAE: 21.234, 22.268; MAPE: 12.217, 12.785; Q10: 5.137, 5.303; Q50: 10.774, 11.278; Q90: 4.827, 5.317;
epoch 60 time used: 74  seconds  train loss: 17.497 val loss: 6.457343 test loss: 6.646782
Epoch 61: 
| 3  Horizon | RMSE: 30.659, 30.714; MAE: 19.308, 19.444; MAPE: 11.152, 11.390; Q10: 4.718, 4.701; Q50: 9.805, 9.858; Q90: 4.346, 4.475;
| 6  Horizon | RMSE: 31.858, 32.238; MAE: 19.856, 20.189; MAPE: 11.485, 11.807; Q10: 4.806, 4.856; Q50: 10.081, 10.233; Q90: 4.490, 4.708;
| 12 Horizon | RMSE: 34.100, 34.978; MAE: 21.494, 22.080; MAPE: 12.471, 12.861; Q10: 5.229, 5.324; Q50: 10.910, 11.185; Q90: 4.888, 5.188;
epoch 61 time used: 74  seconds  train loss: 17.478 val loss: 6.515419 test loss: 6.652919
Epoch 62: 
| 3  Horizon | RMSE: 30.564, 30.495; MAE: 19.159, 19.193; MAPE: 11.162, 11.385; Q10: 4.609, 4.580; Q50: 9.724, 9.726; Q90: 4.326, 4.429;
| 6  Horizon | RMSE: 31.654, 32.158; MAE: 19.760, 20.158; MAPE: 11.331, 11.709; Q10: 4.791, 4.841; Q50: 10.024, 10.209; Q90: 4.468, 4.694;
| 12 Horizon | RMSE: 33.788, 35.256; MAE: 21.415, 22.405; MAPE: 12.182, 12.788; Q10: 5.185, 5.324; Q50: 10.867, 11.347; Q90: 4.882, 5.394;
epoch 62 time used: 74  seconds  train loss: 17.475 val loss: 6.469616 test loss: 6.646326
Epoch 63: 
| 3  Horizon | RMSE: 30.671, 30.458; MAE: 19.194, 19.124; MAPE: 11.141, 11.318; Q10: 4.618, 4.565; Q50: 9.735, 9.686; Q90: 4.329, 4.404;
| 6  Horizon | RMSE: 31.631, 32.193; MAE: 19.807, 20.239; MAPE: 11.350, 11.737; Q10: 4.784, 4.825; Q50: 10.043, 10.248; Q90: 4.492, 4.751;
| 12 Horizon | RMSE: 33.629, 35.133; MAE: 21.358, 22.370; MAPE: 12.399, 13.052; Q10: 5.194, 5.326; Q50: 10.822, 11.317; Q90: 4.845, 5.370;
epoch 63 time used: 74  seconds  train loss: 17.466 val loss: 6.46288 test loss: 6.624562
Epoch 64: 
| 3  Horizon | RMSE: 30.542, 30.460; MAE: 19.150, 19.151; MAPE: 11.088, 11.293; Q10: 4.623, 4.566; Q50: 9.708, 9.695; Q90: 4.327, 4.433;
| 6  Horizon | RMSE: 31.664, 32.109; MAE: 19.784, 20.104; MAPE: 11.397, 11.732; Q10: 4.785, 4.817; Q50: 10.031, 10.179; Q90: 4.486, 4.725;
| 12 Horizon | RMSE: 33.630, 34.843; MAE: 21.325, 22.065; MAPE: 12.298, 12.783; Q10: 5.196, 5.287; Q50: 10.813, 11.168; Q90: 4.888, 5.371;
epoch 64 time used: 74  seconds  train loss: 17.441 val loss: 6.47273 test loss: 6.609826
Epoch 65: 
| 3  Horizon | RMSE: 30.690, 30.506; MAE: 19.300, 19.221; MAPE: 11.270, 11.422; Q10: 4.650, 4.595; Q50: 9.786, 9.732; Q90: 4.375, 4.426;
| 6  Horizon | RMSE: 31.703, 32.145; MAE: 19.942, 20.261; MAPE: 11.528, 11.824; Q10: 4.812, 4.844; Q50: 10.115, 10.262; Q90: 4.512, 4.715;
| 12 Horizon | RMSE: 33.988, 35.222; MAE: 21.762, 22.547; MAPE: 12.544, 12.947; Q10: 5.230, 5.320; Q50: 11.037, 11.414; Q90: 4.964, 5.349;
epoch 65 time used: 74  seconds  train loss: 17.432 val loss: 6.534411 test loss: 6.667828
Epoch 66: 
| 3  Horizon | RMSE: 30.556, 30.466; MAE: 19.156, 19.159; MAPE: 11.126, 11.362; Q10: 4.622, 4.573; Q50: 9.708, 9.696; Q90: 4.333, 4.418;
| 6  Horizon | RMSE: 31.811, 32.113; MAE: 19.831, 20.058; MAPE: 11.424, 11.765; Q10: 4.811, 4.837; Q50: 10.062, 10.162; Q90: 4.486, 4.717;
| 12 Horizon | RMSE: 33.675, 34.843; MAE: 21.346, 22.088; MAPE: 12.230, 12.764; Q10: 5.191, 5.292; Q50: 10.828, 11.185; Q90: 4.848, 5.265;
epoch 66 time used: 74  seconds  train loss: 17.415 val loss: 6.484147 test loss: 6.610535
Epoch 67: 
| 3  Horizon | RMSE: 30.602, 30.727; MAE: 19.165, 19.281; MAPE: 11.190, 11.486; Q10: 4.606, 4.612; Q50: 9.709, 9.753; Q90: 4.320, 4.466;
| 6  Horizon | RMSE: 31.650, 32.397; MAE: 19.716, 20.233; MAPE: 11.309, 11.751; Q10: 4.778, 4.856; Q50: 10.002, 10.247; Q90: 4.462, 4.735;
| 12 Horizon | RMSE: 33.698, 35.444; MAE: 21.362, 22.512; MAPE: 12.148, 12.811; Q10: 5.147, 5.303; Q50: 10.841, 11.402; Q90: 4.956, 5.606;
epoch 67 time used: 74  seconds  train loss: 17.405 val loss: 6.463325 test loss: 6.691968
Epoch 68: 
| 3  Horizon | RMSE: 30.598, 30.696; MAE: 19.175, 19.332; MAPE: 11.089, 11.356; Q10: 4.595, 4.584; Q50: 9.736, 9.799; Q90: 4.353, 4.488;
| 6  Horizon | RMSE: 31.658, 32.440; MAE: 19.825, 20.421; MAPE: 11.244, 11.712; Q10: 4.762, 4.844; Q50: 10.058, 10.344; Q90: 4.503, 4.806;
| 12 Horizon | RMSE: 33.614, 35.110; MAE: 21.244, 22.240; MAPE: 12.140, 12.735; Q10: 5.126, 5.293; Q50: 10.778, 11.262; Q90: 4.867, 5.397;
epoch 68 time used: 74  seconds  train loss: 17.378 val loss: 6.466416 test loss: 6.689344
Epoch 69: 
| 3  Horizon | RMSE: 30.872, 30.819; MAE: 19.218, 19.233; MAPE: 11.219, 11.426; Q10: 4.602, 4.612; Q50: 9.746, 9.739; Q90: 4.327, 4.430;
| 6  Horizon | RMSE: 31.822, 32.402; MAE: 19.766, 20.188; MAPE: 11.450, 11.821; Q10: 4.807, 4.903; Q50: 10.028, 10.226; Q90: 4.475, 4.715;
| 12 Horizon | RMSE: 33.691, 35.470; MAE: 21.362, 22.546; MAPE: 12.308, 12.972; Q10: 5.127, 5.343; Q50: 10.847, 11.426; Q90: 4.931, 5.531;
epoch 69 time used: 74  seconds  train loss: 17.384 val loss: 6.466619 test loss: 6.667347
Epoch 70: 
| 3  Horizon | RMSE: 30.602, 30.623; MAE: 19.135, 19.195; MAPE: 11.045, 11.283; Q10: 4.611, 4.585; Q50: 9.706, 9.723; Q90: 4.345, 4.464;
| 6  Horizon | RMSE: 31.765, 32.320; MAE: 19.795, 20.178; MAPE: 11.432, 11.803; Q10: 4.806, 4.865; Q50: 10.035, 10.214; Q90: 4.506, 4.767;
| 12 Horizon | RMSE: 33.652, 35.198; MAE: 21.326, 22.310; MAPE: 12.328, 12.972; Q10: 5.149, 5.312; Q50: 10.807, 11.287; Q90: 4.885, 5.412;
Early stopping at epoch: 70
Model  stgcn7  Best Results:
Epoch 60: 
=        =        Horizon  3        =        =        =        =        Horizon  6        =        =        =        =        Horizon  12       =        =       
RMSE     MAE      MAPE     Q10      Q50      Q90      RMSE     MAE      MAPE     Q10      Q50      Q90      RMSE     MAE      MAPE     Q10      Q50      Q90     
30.489   19.194   11.325   4.561    9.720    4.442    32.202   20.221   11.850   4.844    10.232   4.784    35.159   22.268   12.785   5.303    11.278   5.317   
Model Training Ended ... Sun Oct 29 03:10:12 2023
