nohup: ignoring input
pdate shape is:  (17856,)
./save/pems08_stgcn3_in12_out12_addtimeFalse_adjFalse_lr0.001_hc32_train0.6_val0.2_test0.2_seedNone_lossquantile_version99_note:stgcn_stacking_pems08 training started Wed Apr 10 20:45:30 2024
pdate shape is:  (17856,)
data load........
initial data shape is:  (17856, 170, 3)
train_mean shape : (170,)
train  :  (10695, 24, 170, 3)
val  :  (3566, 24, 170, 3)
test  :  (3561, 24, 170, 3)
Model Training Started ... Wed Apr 10 20:45:30 2024
TIMESTEP_IN, TIMESTEP_OUT 12 12
LOSS is : quantile
CL target length = 1
qcl init quantile loss is [0.010000000000000009, 0.5, 0.99]
Quantile cl loss is [0.009999999999999995, 0.5, 0.99]
Temporal CL length = 2
Quantile cl loss is [0.020000000000000004, 0.5, 0.98]
Temporal CL length = 3
Quantile cl loss is [0.03, 0.5, 0.97]
Temporal CL length = 4
Spatial CL target length = 1
Quantile cl loss is [0.04, 0.5, 0.96]
Temporal CL length = 5
Spatial CL target length = 2
In spatial CL model  Epoch 0: 
| 3  Horizon | RMSE: 38.072, 36.231; MAE: 26.447, 25.845; MAPE: 22.513, 19.429; Q10: 5.737, 5.415; Q50: 13.223, 12.922; Q90: 6.740, 6.507;
| 6  Horizon | RMSE: 42.579, 40.571; MAE: 29.289, 28.536; MAPE: 24.094, 20.905; Q10: 6.316, 5.957; Q50: 14.644, 14.268; Q90: 7.839, 7.571;
| 12 Horizon | RMSE: 55.477, 52.821; MAE: 37.890, 36.696; MAPE: 28.406, 24.941; Q10: 7.797, 7.461; Q50: 18.945, 18.348; Q90: 9.855, 9.474;
spatial CL model train loss: 18.994 val loss: 9.879555 test loss: 9.532834
In quantile CL model  Epoch 0: 
| 3  Horizon | RMSE: 28.504, 26.891; MAE: 18.828, 18.107; MAPE: 14.164, 12.576; Q10: 4.424, 4.296; Q50: 9.414, 9.053; Q90: 5.048, 4.901;
| 6  Horizon | RMSE: 31.614, 29.978; MAE: 21.044, 20.266; MAPE: 15.919, 13.998; Q10: 4.826, 4.656; Q50: 10.522, 10.133; Q90: 5.946, 5.811;
| 12 Horizon | RMSE: 38.218, 36.561; MAE: 26.251, 25.557; MAPE: 20.767, 17.921; Q10: 5.716, 5.421; Q50: 13.125, 12.779; Q90: 7.138, 7.054;
quantile CL model train loss: 18.994 val loss: 7.173603 test loss: 6.947926
In temporal CL model  Epoch 0: 
| 3  Horizon | RMSE: 27.709, 26.051; MAE: 18.136, 17.346; MAPE: 13.871, 11.346; Q10: 4.267, 4.030; Q50: 9.068, 8.673; Q90: 4.395, 4.236;
| 6  Horizon | RMSE: 113.069, 112.214; MAE: 89.982, 89.503; MAPE: 90.350, 84.788; Q10: 43.886, 44.433; Q50: 44.991, 44.751; Q90: 46.096, 45.070;
| 12 Horizon | RMSE: 112.942, 112.216; MAE: 89.886, 89.511; MAPE: 89.795, 85.004; Q10: 43.650, 44.595; Q50: 44.943, 44.755; Q90: 46.236, 44.916;
temporal CL model train loss: 18.994 val loss: 28.6988 test loss: 28.46744
epoch 0 time used: 50  seconds  train loss: 18.994 val loss: 28.6988 test loss: 28.46744
Quantile cl loss is [0.05, 0.5, 0.95]
Temporal CL length = 6
Spatial CL target length = 3
Quantile cl loss is [0.06000000000000001, 0.5, 0.94]
Temporal CL length = 7
Spatial CL target length = 4
Quantile cl loss is [0.07, 0.5, 0.9299999999999999]
Temporal CL length = 8
Spatial CL target length = 5
Quantile cl loss is [0.08, 0.5, 0.92]
Temporal CL length = 9
Spatial CL target length = 6
In spatial CL model  Epoch 1: 
| 3  Horizon | RMSE: 27.295, 25.877; MAE: 17.657, 17.137; MAPE: 12.654, 11.410; Q10: 4.108, 3.959; Q50: 8.829, 8.568; Q90: 4.178, 4.029;
| 6  Horizon | RMSE: 30.407, 28.804; MAE: 19.560, 18.831; MAPE: 13.826, 12.191; Q10: 4.565, 4.381; Q50: 9.780, 9.415; Q90: 4.749, 4.571;
| 12 Horizon | RMSE: 35.814, 33.830; MAE: 23.418, 22.358; MAPE: 16.909, 14.213; Q10: 5.546, 5.224; Q50: 11.709, 11.179; Q90: 5.744, 5.475;
spatial CL model train loss: 17.9 val loss: 6.442843 test loss: 6.193222
In quantile CL model  Epoch 1: 
| 3  Horizon | RMSE: 26.568, 25.032; MAE: 16.906, 16.316; MAPE: 11.532, 10.297; Q10: 3.984, 3.846; Q50: 8.453, 8.158; Q90: 4.003, 3.849;
| 6  Horizon | RMSE: 28.896, 27.379; MAE: 18.372, 17.729; MAPE: 12.766, 11.165; Q10: 4.317, 4.143; Q50: 9.186, 8.864; Q90: 4.426, 4.267;
| 12 Horizon | RMSE: 33.690, 31.895; MAE: 21.747, 20.880; MAPE: 15.805, 13.138; Q10: 5.058, 4.824; Q50: 10.873, 10.440; Q90: 5.269, 5.086;
quantile CL model train loss: 17.9 val loss: 6.054764 test loss: 5.833976
In temporal CL model  Epoch 1: 
| 3  Horizon | RMSE: 26.724, 25.277; MAE: 17.266, 16.638; MAPE: 12.393, 10.517; Q10: 4.042, 3.843; Q50: 8.633, 8.319; Q90: 4.064, 3.905;
| 6  Horizon | RMSE: 30.370, 28.810; MAE: 19.700, 18.975; MAPE: 14.401, 12.162; Q10: 4.615, 4.384; Q50: 9.850, 9.488; Q90: 4.677, 4.497;
| 12 Horizon | RMSE: 113.005, 112.216; MAE: 89.954, 89.511; MAPE: 89.945, 85.004; Q10: 43.735, 44.595; Q50: 44.977, 44.755; Q90: 46.220, 44.916;
temporal CL model train loss: 17.9 val loss: 15.834932 test loss: 15.59385
epoch 1 time used: 46  seconds  train loss: 17.9 val loss: 15.834932 test loss: 15.59385
Quantile cl loss is [0.09, 0.5, 0.91]
Temporal CL length = 10
Spatial CL target length = 7
Quantile cl loss is [0.1, 0.5, 0.9]
Temporal CL length = 11
Spatial CL target length = 8
Temporal CL length = 12
Spatial CL target length = 9
Temporal CL length = 13
Spatial CL target length = 10
In spatial CL model  Epoch 2: 
| 3  Horizon | RMSE: 26.208, 24.947; MAE: 16.831, 16.367; MAPE: 12.249, 10.709; Q10: 3.974, 3.832; Q50: 8.416, 8.183; Q90: 4.023, 3.901;
| 6  Horizon | RMSE: 28.555, 27.287; MAE: 18.292, 17.748; MAPE: 13.375, 11.393; Q10: 4.309, 4.157; Q50: 9.146, 8.874; Q90: 4.308, 4.200;
| 12 Horizon | RMSE: 32.948, 31.476; MAE: 21.351, 20.643; MAPE: 15.701, 12.909; Q10: 5.075, 4.798; Q50: 10.675, 10.321; Q90: 5.115, 4.999;
spatial CL model train loss: 17.566 val loss: 6.005378 test loss: 5.820075
In quantile CL model  Epoch 2: 
| 3  Horizon | RMSE: 25.770, 24.565; MAE: 16.532, 16.118; MAPE: 11.468, 10.501; Q10: 3.882, 3.753; Q50: 8.266, 8.059; Q90: 3.904, 3.783;
| 6  Horizon | RMSE: 27.896, 26.767; MAE: 17.764, 17.335; MAPE: 12.496, 11.037; Q10: 4.225, 4.080; Q50: 8.882, 8.668; Q90: 4.241, 4.124;
| 12 Horizon | RMSE: 32.327, 31.135; MAE: 20.804, 20.305; MAPE: 15.042, 12.610; Q10: 4.873, 4.656; Q50: 10.402, 10.152; Q90: 4.995, 4.963;
quantile CL model train loss: 17.566 val loss: 5.867245 test loss: 5.715227
In temporal CL model  Epoch 2: 
| 3  Horizon | RMSE: 26.482, 25.117; MAE: 17.263, 16.817; MAPE: 13.878, 11.712; Q10: 4.115, 3.917; Q50: 8.632, 8.408; Q90: 4.023, 3.905;
| 6  Horizon | RMSE: 28.876, 27.527; MAE: 18.633, 18.142; MAPE: 14.254, 11.851; Q10: 4.451, 4.250; Q50: 9.317, 9.071; Q90: 4.370, 4.241;
| 12 Horizon | RMSE: 33.778, 32.384; MAE: 22.219, 21.639; MAPE: 16.744, 13.609; Q10: 5.192, 4.938; Q50: 11.109, 10.820; Q90: 5.175, 5.084;
temporal CL model train loss: 17.566 val loss: 6.144285 test loss: 5.956025
epoch 2 time used: 46  seconds  train loss: 17.566 val loss: 6.144285 test loss: 5.956025
In spatial CL model  Epoch 3: 
| 3  Horizon | RMSE: 26.307, 25.194; MAE: 17.098, 16.630; MAPE: 11.716, 10.305; Q10: 3.974, 3.850; Q50: 8.549, 8.315; Q90: 3.973, 3.863;
| 6  Horizon | RMSE: 28.447, 27.363; MAE: 18.422, 18.001; MAPE: 13.272, 11.629; Q10: 4.397, 4.265; Q50: 9.211, 9.000; Q90: 4.322, 4.246;
| 12 Horizon | RMSE: 33.128, 32.012; MAE: 21.834, 21.389; MAPE: 15.581, 13.656; Q10: 5.098, 4.894; Q50: 10.917, 10.695; Q90: 5.140, 5.094;
spatial CL model train loss: 16.848 val loss: 6.061513 test loss: 5.923887
In quantile CL model  Epoch 3: 
| 3  Horizon | RMSE: 25.743, 24.812; MAE: 16.671, 16.473; MAPE: 11.784, 10.929; Q10: 3.900, 3.822; Q50: 8.336, 8.236; Q90: 3.893, 3.808;
| 6  Horizon | RMSE: 27.944, 27.210; MAE: 18.010, 17.938; MAPE: 13.490, 12.188; Q10: 4.272, 4.219; Q50: 9.005, 8.969; Q90: 4.217, 4.142;
| 12 Horizon | RMSE: 32.375, 31.797; MAE: 20.835, 20.876; MAPE: 15.647, 13.642; Q10: 4.965, 4.890; Q50: 10.418, 10.438; Q90: 4.962, 4.999;
quantile CL model train loss: 16.848 val loss: 5.887434 test loss: 5.841713
In temporal CL model  Epoch 3: 
| 3  Horizon | RMSE: 25.703, 24.473; MAE: 16.416, 15.976; MAPE: 12.275, 10.310; Q10: 3.924, 3.743; Q50: 8.208, 7.988; Q90: 3.864, 3.750;
| 6  Horizon | RMSE: 27.978, 26.811; MAE: 17.810, 17.436; MAPE: 13.543, 11.500; Q10: 4.280, 4.132; Q50: 8.905, 8.718; Q90: 4.229, 4.108;
| 12 Horizon | RMSE: 32.458, 31.431; MAE: 21.048, 20.874; MAPE: 16.561, 14.070; Q10: 5.034, 4.947; Q50: 10.524, 10.437; Q90: 5.070, 5.017;
temporal CL model train loss: 16.848 val loss: 5.895896 test loss: 5.770325
epoch 3 time used: 46  seconds  train loss: 16.848 val loss: 5.895896 test loss: 5.770325
In spatial CL model  Epoch 4: 
| 3  Horizon | RMSE: 25.601, 24.382; MAE: 16.367, 15.890; MAPE: 11.965, 10.064; Q10: 3.830, 3.714; Q50: 8.183, 7.945; Q90: 3.981, 3.808;
| 6  Horizon | RMSE: 27.752, 26.583; MAE: 17.663, 17.217; MAPE: 13.072, 10.824; Q10: 4.162, 4.050; Q50: 8.831, 8.608; Q90: 4.217, 4.127;
| 12 Horizon | RMSE: 31.561, 30.505; MAE: 20.324, 20.047; MAPE: 15.503, 12.757; Q10: 4.867, 4.727; Q50: 10.162, 10.023; Q90: 4.921, 4.909;
spatial CL model train loss: 16.441 val loss: 5.803726 test loss: 5.673395
In quantile CL model  Epoch 4: 
| 3  Horizon | RMSE: 25.299, 24.338; MAE: 16.182, 15.860; MAPE: 10.987, 9.927; Q10: 3.797, 3.693; Q50: 8.091, 7.930; Q90: 3.925, 3.826;
| 6  Horizon | RMSE: 27.546, 26.743; MAE: 17.468, 17.247; MAPE: 12.341, 10.726; Q10: 4.150, 4.062; Q50: 8.734, 8.623; Q90: 4.296, 4.244;
| 12 Horizon | RMSE: 31.892, 31.290; MAE: 20.332, 20.341; MAPE: 15.424, 12.799; Q10: 4.823, 4.697; Q50: 10.166, 10.171; Q90: 4.988, 5.077;
quantile CL model train loss: 16.441 val loss: 5.775428 test loss: 5.707845
In temporal CL model  Epoch 4: 
| 3  Horizon | RMSE: 25.685, 24.513; MAE: 16.432, 16.046; MAPE: 12.188, 10.097; Q10: 3.882, 3.712; Q50: 8.216, 8.023; Q90: 3.853, 3.735;
| 6  Horizon | RMSE: 27.976, 26.870; MAE: 17.796, 17.510; MAPE: 13.203, 11.012; Q10: 4.185, 4.044; Q50: 8.898, 8.755; Q90: 4.266, 4.161;
| 12 Horizon | RMSE: 32.346, 31.470; MAE: 20.816, 20.841; MAPE: 16.200, 13.559; Q10: 4.860, 4.786; Q50: 10.408, 10.421; Q90: 5.113, 5.102;
temporal CL model train loss: 16.441 val loss: 5.835487 test loss: 5.733659
epoch 4 time used: 46  seconds  train loss: 16.441 val loss: 5.835487 test loss: 5.733659
In spatial CL model  Epoch 5: 
| 3  Horizon | RMSE: 25.707, 24.611; MAE: 16.429, 16.027; MAPE: 11.832, 9.993; Q10: 3.821, 3.710; Q50: 8.214, 8.014; Q90: 3.896, 3.801;
| 6  Horizon | RMSE: 28.060, 26.987; MAE: 17.812, 17.447; MAPE: 13.033, 10.843; Q10: 4.179, 4.056; Q50: 8.906, 8.723; Q90: 4.264, 4.203;
| 12 Horizon | RMSE: 32.277, 31.155; MAE: 20.698, 20.371; MAPE: 15.469, 12.717; Q10: 4.872, 4.661; Q50: 10.349, 10.186; Q90: 5.087, 5.091;
spatial CL model train loss: 15.927 val loss: 5.839164 test loss: 5.719935
In quantile CL model  Epoch 5: 
| 3  Horizon | RMSE: 25.317, 24.265; MAE: 16.114, 15.770; MAPE: 11.160, 9.957; Q10: 3.789, 3.668; Q50: 8.057, 7.885; Q90: 3.813, 3.714;
| 6  Horizon | RMSE: 27.735, 26.733; MAE: 17.473, 17.149; MAPE: 12.599, 10.753; Q10: 4.145, 4.011; Q50: 8.737, 8.574; Q90: 4.176, 4.077;
| 12 Horizon | RMSE: 31.944, 30.946; MAE: 20.292, 20.061; MAPE: 15.554, 12.558; Q10: 4.761, 4.532; Q50: 10.146, 10.031; Q90: 4.926, 4.924;
quantile CL model train loss: 15.927 val loss: 5.731626 test loss: 5.610849
In temporal CL model  Epoch 5: 
| 3  Horizon | RMSE: 25.516, 24.352; MAE: 16.279, 15.892; MAPE: 12.207, 10.047; Q10: 3.872, 3.698; Q50: 8.139, 7.946; Q90: 3.817, 3.709;
| 6  Horizon | RMSE: 27.701, 26.593; MAE: 17.512, 17.215; MAPE: 13.326, 10.992; Q10: 4.178, 4.020; Q50: 8.756, 8.607; Q90: 4.168, 4.060;
| 12 Horizon | RMSE: 31.900, 30.894; MAE: 20.385, 20.312; MAPE: 16.340, 13.488; Q10: 4.797, 4.665; Q50: 10.193, 10.156; Q90: 4.969, 4.924;
temporal CL model train loss: 15.927 val loss: 5.757857 test loss: 5.638041
epoch 5 time used: 46  seconds  train loss: 15.927 val loss: 5.757857 test loss: 5.638041
In spatial CL model  Epoch 6: 
| 3  Horizon | RMSE: 25.561, 24.381; MAE: 16.355, 15.944; MAPE: 12.090, 10.352; Q10: 3.870, 3.765; Q50: 8.177, 7.972; Q90: 3.840, 3.717;
| 6  Horizon | RMSE: 27.694, 26.475; MAE: 17.549, 17.150; MAPE: 13.273, 11.123; Q10: 4.241, 4.134; Q50: 8.775, 8.575; Q90: 4.168, 4.058;
| 12 Horizon | RMSE: 31.759, 30.415; MAE: 20.440, 20.055; MAPE: 16.190, 13.380; Q10: 4.923, 4.755; Q50: 10.220, 10.028; Q90: 4.874, 4.818;
spatial CL model train loss: 15.769 val loss: 5.777505 test loss: 5.642059
In quantile CL model  Epoch 6: 
| 3  Horizon | RMSE: 25.114, 24.052; MAE: 15.985, 15.595; MAPE: 11.016, 9.951; Q10: 3.764, 3.645; Q50: 7.993, 7.797; Q90: 3.777, 3.656;
| 6  Horizon | RMSE: 27.403, 26.466; MAE: 17.236, 16.897; MAPE: 12.241, 10.583; Q10: 4.118, 3.994; Q50: 8.618, 8.449; Q90: 4.166, 4.071;
| 12 Horizon | RMSE: 31.480, 30.455; MAE: 19.992, 19.734; MAPE: 15.859, 12.907; Q10: 4.780, 4.587; Q50: 9.996, 9.867; Q90: 4.839, 4.826;
quantile CL model train loss: 15.769 val loss: 5.680757 test loss: 5.559064
In temporal CL model  Epoch 6: 
| 3  Horizon | RMSE: 25.163, 23.989; MAE: 15.996, 15.675; MAPE: 12.302, 10.275; Q10: 3.835, 3.700; Q50: 7.998, 7.837; Q90: 3.749, 3.638;
| 6  Horizon | RMSE: 27.408, 26.299; MAE: 17.273, 17.004; MAPE: 13.056, 10.915; Q10: 4.130, 4.016; Q50: 8.636, 8.502; Q90: 4.166, 4.036;
| 12 Horizon | RMSE: 31.476, 30.381; MAE: 19.959, 19.805; MAPE: 15.672, 12.906; Q10: 4.714, 4.595; Q50: 9.979, 9.903; Q90: 4.878, 4.798;
temporal CL model train loss: 15.769 val loss: 5.678712 test loss: 5.566994
epoch 6 time used: 46  seconds  train loss: 15.769 val loss: 5.678712 test loss: 5.566994
In spatial CL model  Epoch 7: 
| 3  Horizon | RMSE: 25.021, 23.925; MAE: 15.892, 15.548; MAPE: 11.837, 9.991; Q10: 3.747, 3.651; Q50: 7.946, 7.774; Q90: 3.782, 3.675;
| 6  Horizon | RMSE: 27.292, 26.269; MAE: 17.235, 17.015; MAPE: 13.220, 11.052; Q10: 4.080, 3.975; Q50: 8.617, 8.507; Q90: 4.113, 4.068;
| 12 Horizon | RMSE: 31.379, 30.324; MAE: 20.192, 19.967; MAPE: 15.326, 12.589; Q10: 4.768, 4.584; Q50: 10.096, 9.984; Q90: 5.054, 5.058;
spatial CL model train loss: 15.605 val loss: 5.676025 test loss: 5.58309
In quantile CL model  Epoch 7: 
| 3  Horizon | RMSE: 25.173, 24.267; MAE: 16.145, 15.908; MAPE: 11.004, 9.956; Q10: 3.774, 3.691; Q50: 8.073, 7.954; Q90: 3.852, 3.799;
| 6  Horizon | RMSE: 27.618, 26.913; MAE: 17.501, 17.369; MAPE: 12.437, 10.781; Q10: 4.118, 4.025; Q50: 8.751, 8.685; Q90: 4.259, 4.265;
| 12 Horizon | RMSE: 31.986, 31.357; MAE: 20.469, 20.429; MAPE: 15.483, 12.593; Q10: 4.750, 4.568; Q50: 10.235, 10.214; Q90: 5.252, 5.395;
quantile CL model train loss: 15.605 val loss: 5.768565 test loss: 5.71887
In temporal CL model  Epoch 7: 
| 3  Horizon | RMSE: 25.129, 24.094; MAE: 16.095, 15.829; MAPE: 12.021, 10.095; Q10: 3.837, 3.704; Q50: 8.047, 7.914; Q90: 3.750, 3.662;
| 6  Horizon | RMSE: 27.400, 26.530; MAE: 17.356, 17.265; MAPE: 12.983, 11.016; Q10: 4.109, 4.004; Q50: 8.678, 8.633; Q90: 4.171, 4.101;
| 12 Horizon | RMSE: 31.781, 30.980; MAE: 20.365, 20.348; MAPE: 15.539, 12.984; Q10: 4.739, 4.667; Q50: 10.182, 10.174; Q90: 5.084, 5.065;
temporal CL model train loss: 15.605 val loss: 5.706582 test loss: 5.643339
epoch 7 time used: 46  seconds  train loss: 15.605 val loss: 5.706582 test loss: 5.643339
In spatial CL model  Epoch 8: 
| 3  Horizon | RMSE: 25.499, 24.383; MAE: 16.278, 15.996; MAPE: 12.435, 10.554; Q10: 3.769, 3.677; Q50: 8.139, 7.998; Q90: 3.833, 3.729;
| 6  Horizon | RMSE: 27.764, 26.673; MAE: 17.487, 17.197; MAPE: 13.191, 10.847; Q10: 4.111, 3.994; Q50: 8.744, 8.598; Q90: 4.195, 4.122;
| 12 Horizon | RMSE: 31.821, 30.661; MAE: 20.189, 19.922; MAPE: 15.538, 12.506; Q10: 4.773, 4.585; Q50: 10.094, 9.961; Q90: 5.085, 5.040;
spatial CL model train loss: 15.443 val loss: 5.749447 test loss: 5.637859
In quantile CL model  Epoch 8: 
| 3  Horizon | RMSE: 25.325, 24.214; MAE: 16.296, 15.885; MAPE: 11.642, 10.515; Q10: 3.808, 3.695; Q50: 8.148, 7.943; Q90: 3.832, 3.699;
| 6  Horizon | RMSE: 27.796, 26.781; MAE: 17.630, 17.243; MAPE: 12.723, 10.994; Q10: 4.162, 4.020; Q50: 8.815, 8.622; Q90: 4.254, 4.131;
| 12 Horizon | RMSE: 31.893, 30.678; MAE: 20.373, 19.919; MAPE: 16.067, 12.945; Q10: 4.813, 4.563; Q50: 10.186, 9.960; Q90: 5.027, 4.946;
quantile CL model train loss: 15.443 val loss: 5.783795 test loss: 5.626843
In temporal CL model  Epoch 8: 
| 3  Horizon | RMSE: 25.523, 24.370; MAE: 16.398, 16.129; MAPE: 12.955, 10.949; Q10: 3.861, 3.749; Q50: 8.199, 8.065; Q90: 3.827, 3.730;
| 6  Horizon | RMSE: 27.546, 26.507; MAE: 17.405, 17.248; MAPE: 13.406, 11.347; Q10: 4.163, 4.080; Q50: 8.702, 8.624; Q90: 4.128, 4.034;
| 12 Horizon | RMSE: 31.715, 30.846; MAE: 20.340, 20.384; MAPE: 16.556, 13.938; Q10: 4.810, 4.790; Q50: 10.170, 10.192; Q90: 4.914, 4.881;
temporal CL model train loss: 15.443 val loss: 5.764159 test loss: 5.69655
epoch 8 time used: 46  seconds  train loss: 15.443 val loss: 5.764159 test loss: 5.69655
In spatial CL model  Epoch 9: 
| 3  Horizon | RMSE: 25.158, 24.017; MAE: 15.968, 15.647; MAPE: 11.978, 9.978; Q10: 3.744, 3.675; Q50: 7.984, 7.823; Q90: 3.774, 3.677;
| 6  Horizon | RMSE: 27.564, 26.413; MAE: 17.375, 17.103; MAPE: 13.386, 10.849; Q10: 4.114, 3.999; Q50: 8.687, 8.552; Q90: 4.179, 4.131;
| 12 Horizon | RMSE: 31.761, 30.485; MAE: 20.252, 19.961; MAPE: 15.835, 12.481; Q10: 4.798, 4.589; Q50: 10.126, 9.980; Q90: 4.945, 4.937;
spatial CL model train loss: 15.36 val loss: 5.711393 test loss: 5.608262
In quantile CL model  Epoch 9: 
| 3  Horizon | RMSE: 25.182, 24.045; MAE: 16.037, 15.631; MAPE: 11.142, 10.031; Q10: 3.769, 3.662; Q50: 8.019, 7.816; Q90: 3.793, 3.677;
| 6  Horizon | RMSE: 27.845, 26.765; MAE: 17.564, 17.184; MAPE: 12.770, 11.028; Q10: 4.169, 4.025; Q50: 8.782, 8.592; Q90: 4.227, 4.122;
| 12 Horizon | RMSE: 32.073, 30.899; MAE: 20.391, 19.975; MAPE: 15.692, 12.624; Q10: 4.854, 4.606; Q50: 10.196, 9.988; Q90: 5.045, 5.006;
quantile CL model train loss: 15.36 val loss: 5.771356 test loss: 5.628102
In temporal CL model  Epoch 9: 
| 3  Horizon | RMSE: 25.056, 24.028; MAE: 15.971, 15.827; MAPE: 12.533, 10.534; Q10: 3.850, 3.777; Q50: 7.985, 7.914; Q90: 3.733, 3.673;
| 6  Horizon | RMSE: 27.312, 26.416; MAE: 17.330, 17.317; MAPE: 13.495, 11.388; Q10: 4.169, 4.115; Q50: 8.665, 8.658; Q90: 4.124, 4.072;
| 12 Horizon | RMSE: 31.306, 30.477; MAE: 20.023, 20.131; MAPE: 15.738, 13.159; Q10: 4.760, 4.734; Q50: 10.012, 10.066; Q90: 4.887, 4.871;
temporal CL model train loss: 15.36 val loss: 5.691877 test loss: 5.665605
epoch 9 time used: 46  seconds  train loss: 15.36 val loss: 5.691877 test loss: 5.665605
In spatial CL model  Epoch 10: 
| 3  Horizon | RMSE: 25.165, 23.914; MAE: 15.931, 15.581; MAPE: 12.290, 10.046; Q10: 3.735, 3.629; Q50: 7.966, 7.790; Q90: 3.762, 3.655;
| 6  Horizon | RMSE: 27.622, 26.259; MAE: 17.361, 16.995; MAPE: 13.575, 10.777; Q10: 4.119, 3.965; Q50: 8.681, 8.498; Q90: 4.106, 4.030;
| 12 Horizon | RMSE: 31.752, 30.138; MAE: 20.087, 19.667; MAPE: 16.056, 12.442; Q10: 4.776, 4.505; Q50: 10.043, 9.834; Q90: 4.973, 4.931;
spatial CL model train loss: 15.104 val loss: 5.699335 test loss: 5.556606
In quantile CL model  Epoch 10: 
| 3  Horizon | RMSE: 24.998, 23.864; MAE: 15.952, 15.597; MAPE: 11.362, 10.143; Q10: 3.753, 3.636; Q50: 7.976, 7.798; Q90: 3.765, 3.657;
| 6  Horizon | RMSE: 27.671, 26.544; MAE: 17.499, 17.145; MAPE: 12.634, 10.836; Q10: 4.146, 3.984; Q50: 8.750, 8.572; Q90: 4.190, 4.098;
| 12 Horizon | RMSE: 31.995, 30.597; MAE: 20.311, 19.856; MAPE: 15.708, 12.625; Q10: 4.795, 4.512; Q50: 10.156, 9.928; Q90: 5.093, 5.025;
quantile CL model train loss: 15.104 val loss: 5.735569 test loss: 5.587659
In temporal CL model  Epoch 10: 
| 3  Horizon | RMSE: 24.991, 23.890; MAE: 15.899, 15.737; MAPE: 12.785, 10.698; Q10: 3.822, 3.699; Q50: 7.949, 7.868; Q90: 3.698, 3.627;
| 6  Horizon | RMSE: 27.157, 26.089; MAE: 17.138, 17.024; MAPE: 13.538, 11.339; Q10: 4.128, 4.025; Q50: 8.569, 8.512; Q90: 4.059, 3.989;
| 12 Horizon | RMSE: 31.178, 30.061; MAE: 19.852, 19.881; MAPE: 16.389, 13.631; Q10: 4.727, 4.632; Q50: 9.926, 9.941; Q90: 4.830, 4.774;
temporal CL model train loss: 15.104 val loss: 5.640644 test loss: 5.570257
epoch 10 time used: 46  seconds  train loss: 15.104 val loss: 5.640644 test loss: 5.570257
In spatial CL model  Epoch 11: 
| 3  Horizon | RMSE: 25.318, 24.197; MAE: 16.042, 15.773; MAPE: 11.990, 10.033; Q10: 3.730, 3.668; Q50: 8.021, 7.887; Q90: 3.856, 3.775;
| 6  Horizon | RMSE: 27.759, 26.624; MAE: 17.421, 17.181; MAPE: 13.135, 10.726; Q10: 4.094, 3.996; Q50: 8.711, 8.590; Q90: 4.269, 4.235;
| 12 Horizon | RMSE: 31.938, 30.564; MAE: 20.219, 19.894; MAPE: 15.524, 12.305; Q10: 4.747, 4.536; Q50: 10.109, 9.947; Q90: 5.156, 5.123;
spatial CL model train loss: 15.03 val loss: 5.758471 test loss: 5.663702
In quantile CL model  Epoch 11: 
| 3  Horizon | RMSE: 25.362, 24.230; MAE: 16.139, 15.762; MAPE: 10.919, 9.824; Q10: 3.753, 3.644; Q50: 8.069, 7.881; Q90: 3.864, 3.751;
| 6  Horizon | RMSE: 28.169, 27.147; MAE: 17.757, 17.420; MAPE: 12.253, 10.679; Q10: 4.144, 3.999; Q50: 8.878, 8.710; Q90: 4.361, 4.271;
| 12 Horizon | RMSE: 32.351, 31.075; MAE: 20.511, 20.041; MAPE: 15.140, 12.377; Q10: 4.783, 4.522; Q50: 10.255, 10.020; Q90: 5.345, 5.252;
quantile CL model train loss: 15.03 val loss: 5.83401 test loss: 5.688963
In temporal CL model  Epoch 11: 
| 3  Horizon | RMSE: 25.175, 24.184; MAE: 15.982, 15.874; MAPE: 12.166, 10.446; Q10: 3.821, 3.780; Q50: 7.991, 7.937; Q90: 3.775, 3.701;
| 6  Horizon | RMSE: 27.435, 26.518; MAE: 17.279, 17.258; MAPE: 13.094, 11.306; Q10: 4.130, 4.091; Q50: 8.640, 8.629; Q90: 4.198, 4.127;
| 12 Horizon | RMSE: 31.573, 30.578; MAE: 20.010, 20.030; MAPE: 15.584, 13.273; Q10: 4.736, 4.744; Q50: 10.005, 10.015; Q90: 5.123, 5.031;
temporal CL model train loss: 15.03 val loss: 5.726185 test loss: 5.690992
epoch 11 time used: 46  seconds  train loss: 15.03 val loss: 5.726185 test loss: 5.690992
In spatial CL model  Epoch 12: 
| 3  Horizon | RMSE: 25.439, 24.338; MAE: 16.175, 15.977; MAPE: 12.586, 10.434; Q10: 3.768, 3.708; Q50: 8.087, 7.988; Q90: 3.898, 3.834;
| 6  Horizon | RMSE: 27.996, 26.902; MAE: 17.663, 17.510; MAPE: 13.712, 11.054; Q10: 4.132, 4.038; Q50: 8.831, 8.755; Q90: 4.324, 4.306;
| 12 Horizon | RMSE: 32.006, 30.757; MAE: 20.282, 20.184; MAPE: 16.216, 12.909; Q10: 4.784, 4.596; Q50: 10.141, 10.092; Q90: 5.083, 5.125;
spatial CL model train loss: 14.975 val loss: 5.794974 test loss: 5.731126
In quantile CL model  Epoch 12: 
| 3  Horizon | RMSE: 25.303, 24.158; MAE: 16.079, 15.704; MAPE: 11.175, 10.103; Q10: 3.773, 3.663; Q50: 8.040, 7.852; Q90: 3.892, 3.773;
| 6  Horizon | RMSE: 28.308, 27.274; MAE: 17.810, 17.538; MAPE: 12.503, 10.943; Q10: 4.164, 4.029; Q50: 8.905, 8.769; Q90: 4.405, 4.302;
| 12 Horizon | RMSE: 32.668, 31.544; MAE: 20.701, 20.445; MAPE: 15.659, 12.915; Q10: 4.849, 4.632; Q50: 10.351, 10.222; Q90: 5.240, 5.188;
quantile CL model train loss: 14.975 val loss: 5.842765 test loss: 5.716244
In temporal CL model  Epoch 12: 
| 3  Horizon | RMSE: 25.360, 24.554; MAE: 16.103, 16.245; MAPE: 12.714, 11.178; Q10: 3.851, 3.885; Q50: 8.051, 8.123; Q90: 3.824, 3.785;
| 6  Horizon | RMSE: 27.829, 27.074; MAE: 17.522, 17.735; MAPE: 13.420, 11.816; Q10: 4.150, 4.207; Q50: 8.761, 8.867; Q90: 4.260, 4.215;
| 12 Horizon | RMSE: 31.892, 31.141; MAE: 20.154, 20.491; MAPE: 15.994, 14.009; Q10: 4.734, 4.846; Q50: 10.077, 10.246; Q90: 5.077, 5.064;
temporal CL model train loss: 14.975 val loss: 5.771716 test loss: 5.821887
epoch 12 time used: 46  seconds  train loss: 14.975 val loss: 5.771716 test loss: 5.821887
In spatial CL model  Epoch 13: 
| 3  Horizon | RMSE: 25.081, 23.911; MAE: 15.844, 15.573; MAPE: 12.371, 10.179; Q10: 3.727, 3.656; Q50: 7.922, 7.786; Q90: 3.745, 3.662;
| 6  Horizon | RMSE: 27.808, 26.630; MAE: 17.579, 17.298; MAPE: 13.543, 10.711; Q10: 4.118, 3.979; Q50: 8.790, 8.649; Q90: 4.219, 4.182;
| 12 Horizon | RMSE: 32.059, 30.613; MAE: 20.346, 19.970; MAPE: 15.881, 12.237; Q10: 4.775, 4.528; Q50: 10.173, 9.985; Q90: 5.321, 5.316;
spatial CL model train loss: 14.923 val loss: 5.750754 test loss: 5.640903
In quantile CL model  Epoch 13: 
| 3  Horizon | RMSE: 25.139, 23.906; MAE: 15.924, 15.512; MAPE: 11.148, 10.074; Q10: 3.747, 3.622; Q50: 7.962, 7.756; Q90: 3.779, 3.651;
| 6  Horizon | RMSE: 28.122, 26.930; MAE: 17.732, 17.290; MAPE: 12.310, 10.735; Q10: 4.131, 3.960; Q50: 8.866, 8.645; Q90: 4.317, 4.194;
| 12 Horizon | RMSE: 32.342, 30.963; MAE: 20.498, 19.963; MAPE: 15.190, 12.475; Q10: 4.780, 4.508; Q50: 10.249, 9.981; Q90: 5.491, 5.359;
quantile CL model train loss: 14.923 val loss: 5.805092 test loss: 5.633953
In temporal CL model  Epoch 13: 
| 3  Horizon | RMSE: 24.967, 23.973; MAE: 15.807, 15.731; MAPE: 12.445, 10.599; Q10: 3.819, 3.757; Q50: 7.903, 7.865; Q90: 3.696, 3.647;
| 6  Horizon | RMSE: 27.603, 26.613; MAE: 17.483, 17.354; MAPE: 13.194, 11.215; Q10: 4.138, 4.065; Q50: 8.741, 8.677; Q90: 4.131, 4.075;
| 12 Horizon | RMSE: 31.854, 30.667; MAE: 20.219, 20.070; MAPE: 15.635, 13.163; Q10: 4.715, 4.650; Q50: 10.109, 10.035; Q90: 5.280, 5.186;
temporal CL model train loss: 14.923 val loss: 5.727511 test loss: 5.66892
epoch 13 time used: 46  seconds  train loss: 14.923 val loss: 5.727511 test loss: 5.66892
In spatial CL model  Epoch 14: 
| 3  Horizon | RMSE: 25.622, 24.508; MAE: 16.368, 16.115; MAPE: 12.510, 10.293; Q10: 3.768, 3.704; Q50: 8.184, 8.058; Q90: 3.907, 3.840;
| 6  Horizon | RMSE: 27.845, 26.670; MAE: 17.567, 17.392; MAPE: 14.292, 11.562; Q10: 4.151, 4.065; Q50: 8.783, 8.696; Q90: 4.249, 4.193;
| 12 Horizon | RMSE: 32.104, 30.655; MAE: 20.341, 19.961; MAPE: 15.974, 12.425; Q10: 4.805, 4.610; Q50: 10.171, 9.981; Q90: 5.240, 5.194;
spatial CL model train loss: 14.852 val loss: 5.795676 test loss: 5.696538
In quantile CL model  Epoch 14: 
| 3  Horizon | RMSE: 25.280, 24.097; MAE: 16.084, 15.714; MAPE: 10.982, 9.929; Q10: 3.754, 3.634; Q50: 8.042, 7.857; Q90: 3.835, 3.721;
| 6  Horizon | RMSE: 27.911, 26.702; MAE: 17.597, 17.230; MAPE: 13.069, 11.570; Q10: 4.139, 3.975; Q50: 8.799, 8.615; Q90: 4.259, 4.132;
| 12 Horizon | RMSE: 32.263, 30.682; MAE: 20.392, 19.832; MAPE: 15.384, 12.642; Q10: 4.853, 4.600; Q50: 10.196, 9.916; Q90: 5.254, 5.082;
quantile CL model train loss: 14.852 val loss: 5.780004 test loss: 5.610231
In temporal CL model  Epoch 14: 
| 3  Horizon | RMSE: 25.256, 24.370; MAE: 16.071, 16.143; MAPE: 12.446, 10.798; Q10: 3.822, 3.828; Q50: 8.035, 8.072; Q90: 3.790, 3.755;
| 6  Horizon | RMSE: 27.299, 26.478; MAE: 17.161, 17.354; MAPE: 13.612, 11.899; Q10: 4.143, 4.205; Q50: 8.580, 8.677; Q90: 4.201, 4.150;
| 12 Horizon | RMSE: 31.229, 30.178; MAE: 19.745, 19.927; MAPE: 15.720, 13.576; Q10: 4.734, 4.870; Q50: 9.872, 9.963; Q90: 5.018, 4.955;
temporal CL model train loss: 14.852 val loss: 5.694701 test loss: 5.725711
epoch 14 time used: 46  seconds  train loss: 14.852 val loss: 5.694701 test loss: 5.725711
In spatial CL model  Epoch 15: 
| 3  Horizon | RMSE: 25.268, 24.199; MAE: 16.013, 15.877; MAPE: 12.862, 10.534; Q10: 3.767, 3.736; Q50: 8.006, 7.939; Q90: 3.795, 3.742;
| 6  Horizon | RMSE: 27.746, 26.684; MAE: 17.468, 17.435; MAPE: 14.483, 11.613; Q10: 4.217, 4.189; Q50: 8.734, 8.718; Q90: 4.253, 4.259;
| 12 Horizon | RMSE: 31.666, 30.389; MAE: 19.949, 19.714; MAPE: 16.092, 12.336; Q10: 4.771, 4.583; Q50: 9.974, 9.857; Q90: 5.051, 5.090;
spatial CL model train loss: 14.709 val loss: 5.718499 test loss: 5.668298
In quantile CL model  Epoch 15: 
| 3  Horizon | RMSE: 25.369, 24.289; MAE: 16.155, 15.863; MAPE: 11.093, 10.143; Q10: 3.795, 3.705; Q50: 8.078, 7.932; Q90: 3.840, 3.742;
| 6  Horizon | RMSE: 28.320, 27.297; MAE: 17.899, 17.694; MAPE: 12.796, 11.461; Q10: 4.197, 4.079; Q50: 8.949, 8.847; Q90: 4.485, 4.410;
| 12 Horizon | RMSE: 32.588, 31.340; MAE: 20.649, 20.256; MAPE: 15.007, 12.519; Q10: 4.799, 4.576; Q50: 10.324, 10.128; Q90: 5.529, 5.439;
quantile CL model train loss: 14.709 val loss: 5.876678 test loss: 5.756009
In temporal CL model  Epoch 15: 
| 3  Horizon | RMSE: 25.343, 24.540; MAE: 16.173, 16.327; MAPE: 13.031, 11.313; Q10: 3.916, 3.993; Q50: 8.087, 8.164; Q90: 3.802, 3.778;
| 6  Horizon | RMSE: 27.747, 27.067; MAE: 17.681, 17.945; MAPE: 14.285, 12.492; Q10: 4.219, 4.326; Q50: 8.840, 8.972; Q90: 4.311, 4.286;
| 12 Horizon | RMSE: 31.761, 30.862; MAE: 20.106, 20.322; MAPE: 15.822, 13.671; Q10: 4.735, 4.821; Q50: 10.053, 10.161; Q90: 5.171, 5.124;
temporal CL model train loss: 14.709 val loss: 5.793238 test loss: 5.850595
epoch 15 time used: 46  seconds  train loss: 14.709 val loss: 5.793238 test loss: 5.850595
In spatial CL model  Epoch 16: 
| 3  Horizon | RMSE: 25.327, 24.172; MAE: 15.993, 15.803; MAPE: 12.951, 10.460; Q10: 3.758, 3.710; Q50: 7.996, 7.901; Q90: 3.827, 3.757;
| 6  Horizon | RMSE: 27.901, 26.689; MAE: 17.461, 17.324; MAPE: 14.626, 11.514; Q10: 4.161, 4.087; Q50: 8.731, 8.662; Q90: 4.300, 4.271;
| 12 Horizon | RMSE: 32.172, 30.796; MAE: 20.220, 20.083; MAPE: 16.746, 13.028; Q10: 4.850, 4.689; Q50: 10.110, 10.041; Q90: 5.251, 5.272;
spatial CL model train loss: 14.681 val loss: 5.764053 test loss: 5.696915
In quantile CL model  Epoch 16: 
| 3  Horizon | RMSE: 25.239, 24.071; MAE: 15.981, 15.645; MAPE: 10.994, 10.022; Q10: 3.755, 3.649; Q50: 7.990, 7.822; Q90: 3.818, 3.702;
| 6  Horizon | RMSE: 28.097, 26.917; MAE: 17.593, 17.297; MAPE: 12.519, 11.105; Q10: 4.135, 3.991; Q50: 8.797, 8.648; Q90: 4.432, 4.320;
| 12 Horizon | RMSE: 32.602, 31.260; MAE: 20.607, 20.270; MAPE: 15.371, 12.837; Q10: 4.797, 4.572; Q50: 10.304, 10.135; Q90: 5.534, 5.438;
***************************
***************************
quantile CL model  Early stopping at epoch: 16
***************************
***************************
quantile CL model train loss: 14.681 val loss: 5.83195 test loss: 5.694863
In temporal CL model  Epoch 16: 
| 3  Horizon | RMSE: 25.335, 24.486; MAE: 16.071, 16.240; MAPE: 12.690, 11.130; Q10: 3.864, 3.947; Q50: 8.035, 8.120; Q90: 3.759, 3.739;
| 6  Horizon | RMSE: 27.665, 26.894; MAE: 17.428, 17.696; MAPE: 13.787, 12.200; Q10: 4.157, 4.259; Q50: 8.714, 8.848; Q90: 4.286, 4.256;
| 12 Horizon | RMSE: 31.879, 31.091; MAE: 20.206, 20.603; MAPE: 16.091, 14.312; Q10: 4.745, 4.935; Q50: 10.103, 10.301; Q90: 5.389, 5.347;
temporal CL model train loss: 14.681 val loss: 5.780627 test loss: 5.854444
epoch 16 time used: 46  seconds  train loss: 14.681 val loss: 5.780627 test loss: 5.854444
In spatial CL model  Epoch 17: 
| 3  Horizon | RMSE: 25.375, 24.209; MAE: 16.071, 15.884; MAPE: 13.307, 10.630; Q10: 3.752, 3.690; Q50: 8.035, 7.942; Q90: 3.850, 3.790;
| 6  Horizon | RMSE: 28.029, 26.729; MAE: 17.565, 17.396; MAPE: 15.011, 11.590; Q10: 4.161, 4.047; Q50: 8.783, 8.698; Q90: 4.276, 4.255;
| 12 Horizon | RMSE: 32.527, 30.973; MAE: 20.456, 20.168; MAPE: 16.929, 12.688; Q10: 4.831, 4.585; Q50: 10.228, 10.084; Q90: 5.329, 5.348;
***************************
***************************
spatial CL model  Early stopping at epoch: 17
***************************
***************************
spatial CL model train loss: 14.67 val loss: 5.801798 test loss: 5.714999
In quantile CL model  Epoch 17: 
| 3  Horizon | RMSE: 25.253, 24.071; MAE: 15.987, 15.645; MAPE: 10.978, 10.022; Q10: 3.758, 3.649; Q50: 7.994, 7.822; Q90: 3.820, 3.702;
| 6  Horizon | RMSE: 28.105, 26.917; MAE: 17.594, 17.297; MAPE: 12.510, 11.105; Q10: 4.135, 3.991; Q50: 8.797, 8.648; Q90: 4.432, 4.320;
| 12 Horizon | RMSE: 32.599, 31.260; MAE: 20.604, 20.270; MAPE: 15.352, 12.837; Q10: 4.797, 4.572; Q50: 10.302, 10.135; Q90: 5.530, 5.438;
quantile CL model train loss: 14.67 val loss: 5.832387 test loss: 5.694863
In temporal CL model  Epoch 17: 
| 3  Horizon | RMSE: 25.525, 24.619; MAE: 16.208, 16.296; MAPE: 12.745, 11.015; Q10: 3.885, 3.941; Q50: 8.104, 8.148; Q90: 3.858, 3.817;
| 6  Horizon | RMSE: 27.925, 27.067; MAE: 17.589, 17.757; MAPE: 13.823, 12.034; Q10: 4.201, 4.285; Q50: 8.795, 8.879; Q90: 4.377, 4.326;
| 12 Horizon | RMSE: 33.019, 31.824; MAE: 21.020, 21.031; MAPE: 16.005, 13.789; Q10: 4.795, 4.865; Q50: 10.510, 10.516; Q90: 5.707, 5.584;
temporal CL model train loss: 14.67 val loss: 5.909879 test loss: 5.925692
epoch 17 time used: 34  seconds  train loss: 14.67 val loss: 5.909879 test loss: 5.925692
In spatial CL model  Epoch 18: 
| 3  Horizon | RMSE: 25.372, 24.209; MAE: 16.068, 15.884; MAPE: 13.304, 10.630; Q10: 3.751, 3.690; Q50: 8.034, 7.942; Q90: 3.850, 3.790;
| 6  Horizon | RMSE: 28.034, 26.729; MAE: 17.566, 17.396; MAPE: 15.009, 11.590; Q10: 4.160, 4.047; Q50: 8.783, 8.698; Q90: 4.278, 4.255;
| 12 Horizon | RMSE: 32.526, 30.973; MAE: 20.455, 20.168; MAPE: 16.923, 12.688; Q10: 4.829, 4.585; Q50: 10.227, 10.084; Q90: 5.329, 5.348;
spatial CL model train loss: 14.647 val loss: 5.80176 test loss: 5.714999
In quantile CL model  Epoch 18: 
| 3  Horizon | RMSE: 25.247, 24.071; MAE: 15.983, 15.645; MAPE: 10.993, 10.022; Q10: 3.757, 3.649; Q50: 7.992, 7.822; Q90: 3.818, 3.702;
| 6  Horizon | RMSE: 28.103, 26.917; MAE: 17.593, 17.297; MAPE: 12.519, 11.105; Q10: 4.135, 3.991; Q50: 8.797, 8.648; Q90: 4.431, 4.320;
| 12 Horizon | RMSE: 32.602, 31.260; MAE: 20.604, 20.270; MAPE: 15.368, 12.837; Q10: 4.797, 4.572; Q50: 10.302, 10.135; Q90: 5.531, 5.438;
quantile CL model train loss: 14.647 val loss: 5.831264 test loss: 5.694863
In temporal CL model  Epoch 18: 
| 3  Horizon | RMSE: 25.174, 24.084; MAE: 15.961, 15.902; MAPE: 12.965, 10.765; Q10: 3.851, 3.775; Q50: 7.981, 7.951; Q90: 3.779, 3.736;
| 6  Horizon | RMSE: 27.597, 26.558; MAE: 17.369, 17.342; MAPE: 13.620, 11.358; Q10: 4.135, 4.070; Q50: 8.684, 8.671; Q90: 4.283, 4.231;
| 12 Horizon | RMSE: 32.042, 30.836; MAE: 20.354, 20.298; MAPE: 15.988, 13.399; Q10: 4.747, 4.752; Q50: 10.177, 10.149; Q90: 5.430, 5.318;
temporal CL model train loss: 14.647 val loss: 5.792019 test loss: 5.750877
epoch 18 time used: 22  seconds  train loss: 14.647 val loss: 5.792019 test loss: 5.750877
In spatial CL model  Epoch 19: 
| 3  Horizon | RMSE: 25.371, 24.209; MAE: 16.070, 15.884; MAPE: 13.303, 10.630; Q10: 3.751, 3.690; Q50: 8.035, 7.942; Q90: 3.850, 3.790;
| 6  Horizon | RMSE: 28.033, 26.729; MAE: 17.570, 17.396; MAPE: 15.010, 11.590; Q10: 4.161, 4.047; Q50: 8.785, 8.698; Q90: 4.278, 4.255;
| 12 Horizon | RMSE: 32.516, 30.973; MAE: 20.450, 20.168; MAPE: 16.921, 12.688; Q10: 4.828, 4.585; Q50: 10.225, 10.084; Q90: 5.328, 5.348;
spatial CL model train loss: 14.614 val loss: 5.802023 test loss: 5.714999
In quantile CL model  Epoch 19: 
| 3  Horizon | RMSE: 25.258, 24.071; MAE: 15.994, 15.645; MAPE: 10.992, 10.022; Q10: 3.759, 3.649; Q50: 7.997, 7.822; Q90: 3.821, 3.702;
| 6  Horizon | RMSE: 28.114, 26.917; MAE: 17.602, 17.297; MAPE: 12.516, 11.105; Q10: 4.137, 3.991; Q50: 8.801, 8.648; Q90: 4.435, 4.320;
| 12 Horizon | RMSE: 32.612, 31.260; MAE: 20.615, 20.270; MAPE: 15.368, 12.837; Q10: 4.799, 4.572; Q50: 10.307, 10.135; Q90: 5.535, 5.438;
quantile CL model train loss: 14.614 val loss: 5.834849 test loss: 5.694863
In temporal CL model  Epoch 19: 
| 3  Horizon | RMSE: 25.604, 24.463; MAE: 16.182, 16.055; MAPE: 12.702, 10.599; Q10: 3.868, 3.826; Q50: 8.091, 8.027; Q90: 3.860, 3.783;
| 6  Horizon | RMSE: 28.177, 27.011; MAE: 17.658, 17.553; MAPE: 13.544, 11.402; Q10: 4.167, 4.137; Q50: 8.829, 8.777; Q90: 4.367, 4.270;
| 12 Horizon | RMSE: 33.053, 31.577; MAE: 20.984, 20.764; MAPE: 15.896, 13.411; Q10: 4.792, 4.764; Q50: 10.492, 10.382; Q90: 5.677, 5.485;
temporal CL model train loss: 14.614 val loss: 5.915897 test loss: 5.840132
epoch 19 time used: 22  seconds  train loss: 14.614 val loss: 5.915897 test loss: 5.840132
In spatial CL model  Epoch 20: 
| 3  Horizon | RMSE: 25.359, 24.209; MAE: 16.060, 15.884; MAPE: 13.295, 10.630; Q10: 3.749, 3.690; Q50: 8.030, 7.942; Q90: 3.847, 3.790;
| 6  Horizon | RMSE: 28.016, 26.729; MAE: 17.554, 17.396; MAPE: 14.979, 11.590; Q10: 4.158, 4.047; Q50: 8.777, 8.698; Q90: 4.273, 4.255;
| 12 Horizon | RMSE: 32.509, 30.973; MAE: 20.444, 20.168; MAPE: 16.876, 12.688; Q10: 4.827, 4.585; Q50: 10.222, 10.084; Q90: 5.325, 5.348;
spatial CL model train loss: 14.509 val loss: 5.798057 test loss: 5.714999
In quantile CL model  Epoch 20: 
| 3  Horizon | RMSE: 25.264, 24.071; MAE: 15.995, 15.645; MAPE: 10.991, 10.022; Q10: 3.760, 3.649; Q50: 7.997, 7.822; Q90: 3.821, 3.702;
| 6  Horizon | RMSE: 28.116, 26.917; MAE: 17.605, 17.297; MAPE: 12.516, 11.105; Q10: 4.137, 3.991; Q50: 8.802, 8.648; Q90: 4.435, 4.320;
| 12 Horizon | RMSE: 32.606, 31.260; MAE: 20.612, 20.270; MAPE: 15.366, 12.837; Q10: 4.797, 4.572; Q50: 10.306, 10.135; Q90: 5.535, 5.438;
quantile CL model train loss: 14.509 val loss: 5.834947 test loss: 5.694863
In temporal CL model  Epoch 20: 
| 3  Horizon | RMSE: 25.554, 24.406; MAE: 16.210, 16.103; MAPE: 12.857, 10.648; Q10: 3.885, 3.816; Q50: 8.105, 8.052; Q90: 3.825, 3.749;
| 6  Horizon | RMSE: 28.158, 27.012; MAE: 17.702, 17.607; MAPE: 13.665, 11.418; Q10: 4.179, 4.145; Q50: 8.851, 8.803; Q90: 4.343, 4.253;
| 12 Horizon | RMSE: 33.095, 31.685; MAE: 21.067, 20.886; MAPE: 16.124, 13.581; Q10: 4.825, 4.827; Q50: 10.534, 10.443; Q90: 5.781, 5.570;
***************************
***************************
temporal CL model  Early stopping at epoch: 20
***************************
***************************
temporal CL model train loss: 14.509 val loss: 5.925923 test loss: 5.85335
epoch 20 time used: 22  seconds  train loss: 14.509 val loss: 5.925923 test loss: 5.85335
***************************
***************************
stacking start: 
***************************
***************************
In Stacking model  Epoch 0: 
| 3  Horizon | RMSE: 24.624, 23.621; MAE: 15.640, 15.436; MAPE: 11.856, 10.152; Q10: 3.685, 3.614; Q50: 7.820, 7.718; Q90: 3.653, 3.582;
| 6  Horizon | RMSE: 26.857, 25.944; MAE: 16.927, 16.827; MAPE: 13.149, 11.137; Q10: 4.010, 3.945; Q50: 8.463, 8.413; Q90: 4.044, 4.009;
| 12 Horizon | RMSE: 30.687, 29.700; MAE: 19.498, 19.484; MAPE: 15.805, 12.997; Q10: 4.588, 4.508; Q50: 9.749, 9.742; Q90: 4.751, 4.768;
----------val loss is :  5.534518 ----------test loss is :  5.487821
In Stacking model  Epoch 1: 
| 3  Horizon | RMSE: 24.763, 23.783; MAE: 15.813, 15.645; MAPE: 12.067, 10.356; Q10: 3.723, 3.666; Q50: 7.906, 7.823; Q90: 3.727, 3.671;
| 6  Horizon | RMSE: 27.024, 26.127; MAE: 17.135, 17.061; MAPE: 13.352, 11.334; Q10: 4.059, 4.007; Q50: 8.567, 8.530; Q90: 4.133, 4.111;
| 12 Horizon | RMSE: 30.894, 29.920; MAE: 19.738, 19.745; MAPE: 16.001, 13.206; Q10: 4.641, 4.571; Q50: 9.869, 9.872; Q90: 4.854, 4.881;
----------val loss is :  5.611879 ----------test loss is :  5.578061
In Stacking model  Epoch 2: 
| 3  Horizon | RMSE: 24.544, 23.461; MAE: 15.551, 15.218; MAPE: 11.519, 9.725; Q10: 3.696, 3.571; Q50: 7.775, 7.609; Q90: 3.661, 3.592;
| 6  Horizon | RMSE: 26.724, 25.729; MAE: 16.743, 16.522; MAPE: 12.619, 10.538; Q10: 4.004, 3.880; Q50: 8.372, 8.261; Q90: 4.044, 4.008;
| 12 Horizon | RMSE: 30.456, 29.416; MAE: 19.252, 19.115; MAPE: 15.238, 12.316; Q10: 4.546, 4.394; Q50: 9.626, 9.557; Q90: 4.756, 4.776;
----------val loss is :  5.505375 ----------test loss is :  5.420084
In Stacking model  Epoch 3: 
| 3  Horizon | RMSE: 24.523, 23.453; MAE: 15.527, 15.210; MAPE: 11.521, 9.726; Q10: 3.681, 3.567; Q50: 7.763, 7.605; Q90: 3.636, 3.562;
| 6  Horizon | RMSE: 26.718, 25.724; MAE: 16.734, 16.518; MAPE: 12.620, 10.530; Q10: 3.996, 3.884; Q50: 8.367, 8.259; Q90: 4.002, 3.956;
| 12 Horizon | RMSE: 30.464, 29.410; MAE: 19.246, 19.113; MAPE: 15.241, 12.321; Q10: 4.552, 4.418; Q50: 9.623, 9.556; Q90: 4.714, 4.719;
----------val loss is :  5.488583 ----------test loss is :  5.405451
In Stacking model  Epoch 4: 
| 3  Horizon | RMSE: 24.580, 23.463; MAE: 15.626, 15.223; MAPE: 11.560, 9.712; Q10: 3.689, 3.576; Q50: 7.813, 7.612; Q90: 3.654, 3.539;
| 6  Horizon | RMSE: 26.728, 25.686; MAE: 16.767, 16.463; MAPE: 12.581, 10.431; Q10: 4.007, 3.899; Q50: 8.384, 8.232; Q90: 3.991, 3.909;
| 12 Horizon | RMSE: 30.408, 29.300; MAE: 19.197, 18.975; MAPE: 15.107, 12.109; Q10: 4.570, 4.444; Q50: 9.598, 9.487; Q90: 4.668, 4.636;
----------val loss is :  5.491506 ----------test loss is :  5.383455
In Stacking model  Epoch 5: 
| 3  Horizon | RMSE: 24.538, 23.484; MAE: 15.536, 15.281; MAPE: 11.693, 9.927; Q10: 3.724, 3.650; Q50: 7.768, 7.641; Q90: 3.623, 3.538;
| 6  Horizon | RMSE: 26.755, 25.778; MAE: 16.791, 16.631; MAPE: 12.838, 10.761; Q10: 4.060, 3.989; Q50: 8.396, 8.315; Q90: 3.982, 3.928;
| 12 Horizon | RMSE: 30.538, 29.497; MAE: 19.351, 19.284; MAPE: 15.527, 12.665; Q10: 4.647, 4.550; Q50: 9.676, 9.642; Q90: 4.693, 4.685;
----------val loss is :  5.51352 ----------test loss is :  5.449178
In Stacking model  Epoch 6: 
| 3  Horizon | RMSE: 24.680, 23.688; MAE: 15.745, 15.579; MAPE: 12.093, 10.337; Q10: 3.680, 3.564; Q50: 7.872, 7.790; Q90: 3.624, 3.544;
| 6  Horizon | RMSE: 26.934, 26.018; MAE: 17.055, 16.971; MAPE: 13.264, 11.190; Q10: 3.994, 3.880; Q50: 8.528, 8.485; Q90: 3.989, 3.940;
| 12 Horizon | RMSE: 30.766, 29.789; MAE: 19.655, 19.669; MAPE: 15.975, 13.155; Q10: 4.559, 4.418; Q50: 9.828, 9.834; Q90: 4.697, 4.696;
----------val loss is :  5.536618 ----------test loss is :  5.473989
In Stacking model  Epoch 7: 
| 3  Horizon | RMSE: 24.752, 23.766; MAE: 15.828, 15.666; MAPE: 12.145, 10.399; Q10: 3.718, 3.636; Q50: 7.914, 7.833; Q90: 3.631, 3.551;
| 6  Horizon | RMSE: 27.019, 26.105; MAE: 17.144, 17.062; MAPE: 13.307, 11.241; Q10: 4.054, 3.976; Q50: 8.572, 8.531; Q90: 4.004, 3.957;
| 12 Horizon | RMSE: 30.868, 29.890; MAE: 19.754, 19.766; MAPE: 16.002, 13.201; Q10: 4.643, 4.540; Q50: 9.877, 9.883; Q90: 4.720, 4.719;
----------val loss is :  5.575078 ----------test loss is :  5.524493
In Stacking model  Epoch 8: 
| 3  Horizon | RMSE: 24.548, 23.499; MAE: 15.553, 15.276; MAPE: 11.522, 9.743; Q10: 3.684, 3.584; Q50: 7.776, 7.638; Q90: 3.673, 3.552;
| 6  Horizon | RMSE: 26.783, 25.806; MAE: 16.807, 16.618; MAPE: 12.615, 10.528; Q10: 4.008, 3.911; Q50: 8.404, 8.309; Q90: 4.014, 3.930;
| 12 Horizon | RMSE: 30.563, 29.517; MAE: 19.350, 19.236; MAPE: 15.225, 12.349; Q10: 4.588, 4.461; Q50: 9.675, 9.618; Q90: 4.688, 4.652;
----------val loss is :  5.506197 ----------test loss is :  5.418958
In Stacking model  Epoch 9: 
| 3  Horizon | RMSE: 24.662, 23.662; MAE: 15.767, 15.605; MAPE: 12.453, 10.677; Q10: 3.785, 3.725; Q50: 7.884, 7.803; Q90: 3.667, 3.597;
| 6  Horizon | RMSE: 26.881, 25.942; MAE: 17.042, 16.959; MAPE: 13.594, 11.498; Q10: 4.138, 4.081; Q50: 8.521, 8.480; Q90: 4.027, 3.984;
| 12 Horizon | RMSE: 30.650, 29.688; MAE: 19.612, 19.670; MAPE: 16.319, 13.519; Q10: 4.728, 4.656; Q50: 9.806, 9.835; Q90: 4.741, 4.749;
----------val loss is :  5.593982 ----------test loss is :  5.554538
In Stacking model  Epoch 10: 
| 3  Horizon | RMSE: 24.606, 23.585; MAE: 15.624, 15.398; MAPE: 11.667, 9.906; Q10: 3.698, 3.606; Q50: 7.812, 7.699; Q90: 3.690, 3.631;
| 6  Horizon | RMSE: 26.853, 25.912; MAE: 16.908, 16.765; MAPE: 12.779, 10.703; Q10: 4.026, 3.938; Q50: 8.454, 8.382; Q90: 4.098, 4.074;
| 12 Horizon | RMSE: 30.669, 29.656; MAE: 19.480, 19.421; MAPE: 15.420, 12.593; Q10: 4.610, 4.492; Q50: 9.740, 9.710; Q90: 4.819, 4.842;
----------val loss is :  5.556126 ----------test loss is :  5.498219
In Stacking model  Epoch 11: 
| 3  Horizon | RMSE: 24.535, 23.479; MAE: 15.537, 15.258; MAPE: 11.541, 9.759; Q10: 3.691, 3.564; Q50: 7.768, 7.629; Q90: 3.633, 3.530;
| 6  Horizon | RMSE: 26.759, 25.780; MAE: 16.783, 16.595; MAPE: 12.617, 10.534; Q10: 3.998, 3.872; Q50: 8.392, 8.298; Q90: 3.983, 3.915;
| 12 Horizon | RMSE: 30.528, 29.484; MAE: 19.315, 19.214; MAPE: 15.215, 12.370; Q10: 4.555, 4.394; Q50: 9.657, 9.607; Q90: 4.678, 4.657;
----------val loss is :  5.491179 ----------test loss is :  5.400232
In Stacking model  Epoch 12: 
| 3  Horizon | RMSE: 24.508, 23.451; MAE: 15.505, 15.238; MAPE: 11.622, 9.852; Q10: 3.683, 3.571; Q50: 7.753, 7.619; Q90: 3.620, 3.532;
| 6  Horizon | RMSE: 26.716, 25.734; MAE: 16.746, 16.565; MAPE: 12.719, 10.628; Q10: 4.001, 3.893; Q50: 8.373, 8.282; Q90: 3.972, 3.915;
| 12 Horizon | RMSE: 30.468, 29.431; MAE: 19.274, 19.199; MAPE: 15.360, 12.516; Q10: 4.577, 4.440; Q50: 9.637, 9.599; Q90: 4.677, 4.668;
----------val loss is :  5.484365 ----------test loss is :  5.404774
In Stacking model  Epoch 13: 
| 3  Horizon | RMSE: 24.506, 23.418; MAE: 15.511, 15.168; MAPE: 11.550, 9.728; Q10: 3.713, 3.578; Q50: 7.755, 7.584; Q90: 3.633, 3.557;
| 6  Horizon | RMSE: 26.687, 25.652; MAE: 16.690, 16.439; MAPE: 12.600, 10.466; Q10: 4.016, 3.879; Q50: 8.345, 8.220; Q90: 4.008, 3.964;
| 12 Horizon | RMSE: 30.344, 29.274; MAE: 19.140, 18.995; MAPE: 15.180, 12.266; Q10: 4.561, 4.392; Q50: 9.570, 9.497; Q90: 4.721, 4.726;
----------val loss is :  5.489054 ----------test loss is :  5.393212
In Stacking model  Epoch 14: 
| 3  Horizon | RMSE: 24.511, 23.425; MAE: 15.504, 15.185; MAPE: 11.490, 9.721; Q10: 3.714, 3.628; Q50: 7.752, 7.593; Q90: 3.659, 3.590;
| 6  Horizon | RMSE: 26.704, 25.696; MAE: 16.718, 16.488; MAPE: 12.546, 10.470; Q10: 4.051, 3.970; Q50: 8.359, 8.244; Q90: 4.057, 4.022;
| 12 Horizon | RMSE: 30.419, 29.357; MAE: 19.204, 19.074; MAPE: 15.108, 12.282; Q10: 4.642, 4.538; Q50: 9.602, 9.537; Q90: 4.775, 4.789;
----------val loss is :  5.5183 ----------test loss is :  5.445863
In Stacking model  Epoch 15: 
| 3  Horizon | RMSE: 24.496, 23.424; MAE: 15.490, 15.203; MAPE: 11.617, 9.823; Q10: 3.690, 3.586; Q50: 7.745, 7.601; Q90: 3.621, 3.538;
| 6  Horizon | RMSE: 26.693, 25.686; MAE: 16.712, 16.512; MAPE: 12.693, 10.585; Q10: 4.015, 3.915; Q50: 8.356, 8.256; Q90: 3.980, 3.927;
| 12 Horizon | RMSE: 30.410, 29.356; MAE: 19.219, 19.128; MAPE: 15.326, 12.467; Q10: 4.599, 4.473; Q50: 9.609, 9.564; Q90: 4.686, 4.682;
----------val loss is :  5.485511 ----------test loss is :  5.407015
In Stacking model  Epoch 16: 
| 3  Horizon | RMSE: 24.523, 23.420; MAE: 15.533, 15.169; MAPE: 11.530, 9.700; Q10: 3.691, 3.572; Q50: 7.767, 7.585; Q90: 3.619, 3.530;
| 6  Horizon | RMSE: 26.691, 25.654; MAE: 16.706, 16.433; MAPE: 12.565, 10.423; Q10: 4.007, 3.892; Q50: 8.353, 8.217; Q90: 3.973, 3.914;
| 12 Horizon | RMSE: 30.348, 29.261; MAE: 19.139, 18.966; MAPE: 15.104, 12.179; Q10: 4.581, 4.440; Q50: 9.569, 9.483; Q90: 4.673, 4.664;
----------val loss is :  5.478756 ----------test loss is :  5.381007
In Stacking model  Epoch 17: 
| 3  Horizon | RMSE: 24.512, 23.420; MAE: 15.510, 15.179; MAPE: 11.507, 9.705; Q10: 3.684, 3.570; Q50: 7.755, 7.590; Q90: 3.630, 3.543;
| 6  Horizon | RMSE: 26.697, 25.684; MAE: 16.710, 16.476; MAPE: 12.544, 10.444; Q10: 4.001, 3.890; Q50: 8.355, 8.238; Q90: 4.000, 3.949;
| 12 Horizon | RMSE: 30.401, 29.331; MAE: 19.189, 19.046; MAPE: 15.122, 12.239; Q10: 4.577, 4.433; Q50: 9.595, 9.523; Q90: 4.707, 4.703;
----------val loss is :  5.486331 ----------test loss is :  5.39691
In Stacking model  Epoch 18: 
| 3  Horizon | RMSE: 24.609, 23.496; MAE: 15.703, 15.274; MAPE: 11.621, 9.747; Q10: 3.680, 3.570; Q50: 7.852, 7.637; Q90: 3.640, 3.530;
| 6  Horizon | RMSE: 26.768, 25.728; MAE: 16.856, 16.511; MAPE: 12.608, 10.418; Q10: 3.999, 3.891; Q50: 8.428, 8.256; Q90: 3.976, 3.902;
| 12 Horizon | RMSE: 30.385, 29.285; MAE: 19.201, 18.943; MAPE: 14.969, 11.971; Q10: 4.575, 4.437; Q50: 9.601, 9.471; Q90: 4.658, 4.634;
----------val loss is :  5.499819 ----------test loss is :  5.387619
In Stacking model  Epoch 19: 
| 3  Horizon | RMSE: 24.564, 23.544; MAE: 15.606, 15.408; MAPE: 11.947, 10.183; Q10: 3.718, 3.634; Q50: 7.803, 7.704; Q90: 3.651, 3.584;
| 6  Horizon | RMSE: 26.790, 25.832; MAE: 16.867, 16.745; MAPE: 13.029, 10.950; Q10: 4.057, 3.977; Q50: 8.434, 8.372; Q90: 4.042, 4.006;
| 12 Horizon | RMSE: 30.557, 29.563; MAE: 19.432, 19.429; MAPE: 15.718, 12.925; Q10: 4.649, 4.547; Q50: 9.716, 9.714; Q90: 4.757, 4.771;
----------val loss is :  5.541319 ----------test loss is :  5.488705
In Stacking model  Epoch 20: 
| 3  Horizon | RMSE: 24.541, 23.509; MAE: 15.563, 15.337; MAPE: 11.756, 9.983; Q10: 3.686, 3.563; Q50: 7.781, 7.669; Q90: 3.626, 3.533;
| 6  Horizon | RMSE: 26.771, 25.803; MAE: 16.822, 16.675; MAPE: 12.839, 10.749; Q10: 3.998, 3.877; Q50: 8.411, 8.338; Q90: 3.986, 3.927;
| 12 Horizon | RMSE: 30.526, 29.522; MAE: 19.371, 19.336; MAPE: 15.492, 12.681; Q10: 4.565, 4.412; Q50: 9.686, 9.668; Q90: 4.683, 4.673;
----------val loss is :  5.497509 ----------test loss is :  5.419953
In Stacking model  Epoch 21: 
| 3  Horizon | RMSE: 24.514, 23.485; MAE: 15.532, 15.295; MAPE: 11.698, 9.924; Q10: 3.682, 3.570; Q50: 7.766, 7.648; Q90: 3.627, 3.549;
| 6  Horizon | RMSE: 26.742, 25.776; MAE: 16.780, 16.626; MAPE: 12.777, 10.684; Q10: 4.000, 3.891; Q50: 8.390, 8.313; Q90: 3.999, 3.953;
| 12 Horizon | RMSE: 30.496, 29.487; MAE: 19.324, 19.277; MAPE: 15.420, 12.598; Q10: 4.578, 4.437; Q50: 9.662, 9.639; Q90: 4.708, 4.712;
----------val loss is :  5.497556 ----------test loss is :  5.425865
In Stacking model  Epoch 22: 
| 3  Horizon | RMSE: 24.624, 23.614; MAE: 15.675, 15.485; MAPE: 11.927, 10.177; Q10: 3.700, 3.607; Q50: 7.837, 7.742; Q90: 3.640, 3.565;
| 6  Horizon | RMSE: 26.866, 25.922; MAE: 16.949, 16.834; MAPE: 13.018, 10.939; Q10: 4.031, 3.942; Q50: 8.475, 8.417; Q90: 4.025, 3.984;
| 12 Horizon | RMSE: 30.665, 29.672; MAE: 19.532, 19.520; MAPE: 15.681, 12.903; Q10: 4.620, 4.500; Q50: 9.766, 9.760; Q90: 4.739, 4.746;
----------val loss is :  5.54297 ----------test loss is :  5.48517
In Stacking model  Epoch 23: 
| 3  Horizon | RMSE: 24.522, 23.421; MAE: 15.536, 15.172; MAPE: 11.524, 9.688; Q10: 3.683, 3.566; Q50: 7.768, 7.586; Q90: 3.624, 3.536;
| 6  Horizon | RMSE: 26.692, 25.662; MAE: 16.712, 16.438; MAPE: 12.552, 10.402; Q10: 3.998, 3.884; Q50: 8.356, 8.219; Q90: 3.986, 3.934;
| 12 Horizon | RMSE: 30.339, 29.264; MAE: 19.131, 18.960; MAPE: 15.052, 12.133; Q10: 4.569, 4.427; Q50: 9.566, 9.480; Q90: 4.691, 4.686;
----------val loss is :  5.480264 ----------test loss is :  5.384042
In Stacking model  Epoch 24: 
| 3  Horizon | RMSE: 24.499, 23.432; MAE: 15.491, 15.202; MAPE: 11.542, 9.757; Q10: 3.682, 3.570; Q50: 7.745, 7.601; Q90: 3.624, 3.532;
| 6  Horizon | RMSE: 26.707, 25.710; MAE: 16.717, 16.512; MAPE: 12.594, 10.500; Q10: 4.001, 3.891; Q50: 8.358, 8.256; Q90: 3.984, 3.926;
| 12 Horizon | RMSE: 30.418, 29.382; MAE: 19.212, 19.115; MAPE: 15.171, 12.343; Q10: 4.575, 4.436; Q50: 9.606, 9.557; Q90: 4.682, 4.674;
----------val loss is :  5.481158 ----------test loss is :  5.397122
In Stacking model  Epoch 25: 
| 3  Horizon | RMSE: 24.562, 23.536; MAE: 15.592, 15.377; MAPE: 11.810, 10.050; Q10: 3.708, 3.619; Q50: 7.796, 7.689; Q90: 3.659, 3.590;
| 6  Horizon | RMSE: 26.792, 25.833; MAE: 16.852, 16.714; MAPE: 12.884, 10.804; Q10: 4.043, 3.958; Q50: 8.426, 8.357; Q90: 4.057, 4.024;
| 12 Horizon | RMSE: 30.573, 29.562; MAE: 19.418, 19.385; MAPE: 15.550, 12.753; Q10: 4.635, 4.522; Q50: 9.709, 9.692; Q90: 4.777, 4.790;
----------val loss is :  5.539611 ----------test loss is :  5.481724
In Stacking model  Epoch 26: 
| 3  Horizon | RMSE: 24.497, 23.448; MAE: 15.495, 15.243; MAPE: 11.665, 9.902; Q10: 3.685, 3.566; Q50: 7.747, 7.621; Q90: 3.623, 3.538;
| 6  Horizon | RMSE: 26.700, 25.721; MAE: 16.725, 16.554; MAPE: 12.737, 10.646; Q10: 3.998, 3.884; Q50: 8.362, 8.277; Q90: 3.989, 3.939;
| 12 Horizon | RMSE: 30.431, 29.410; MAE: 19.249, 19.192; MAPE: 15.374, 12.560; Q10: 4.571, 4.427; Q50: 9.624, 9.596; Q90: 4.694, 4.692;
----------val loss is :  5.483774 ----------test loss is :  5.406073
***************************
***************************
Stack Model Early stopping at epoch: 26
***************************
***************************
Model  stgcn3  Best Results:
Epoch {'spatial CL model': 7, 'quantile CL model': 6, 'temporal CL model': 10}: 
=        =        Horizon  3        =        =        =        =        Horizon  6        =        =        =        =        Horizon  12       =        =       
RMSE     MAE      MAPE     Q10      Q50      Q90      RMSE     MAE      MAPE     Q10      Q50      Q90      RMSE     MAE      MAPE     Q10      Q50      Q90     
23.420   15.169   9.700    3.572    7.585    3.530    25.654   16.433   10.423   3.892    8.217    3.914    29.261   18.966   12.179   4.440    9.483    4.664   
Model Training Ended ... Wed Apr 10 21:07:46 2024
