nohup: ignoring input
pdate shape is:  (17856,)
./save/pems08_stgcn3_in12_out12_addtimeFalse_adjFalse_lr0.001_hc32_train0.6_val0.2_test0.2_seedNone_lossquantile_version0_note:stgcn_stacking_pems08 training started Mon Apr  8 17:41:29 2024
pdate shape is:  (17856,)
data load........
initial data shape is:  (17856, 170, 3)
train_mean shape : (170,)
train  :  (10695, 24, 170, 3)
val  :  (3566, 24, 170, 3)
test  :  (3561, 24, 170, 3)
Model Training Started ... Mon Apr  8 17:41:31 2024
TIMESTEP_IN, TIMESTEP_OUT 12 12
LOSS is : quantile
CL target length = 1
qcl init quantile loss is [0.010000000000000009, 0.5, 0.99]
Quantile cl loss is [0.009999999999999995, 0.5, 0.99]
Temporal CL length = 2
Quantile cl loss is [0.020000000000000004, 0.5, 0.98]
Temporal CL length = 3
Quantile cl loss is [0.03, 0.5, 0.97]
Temporal CL length = 4
Spatial CL target length = 1
Quantile cl loss is [0.04, 0.5, 0.96]
Temporal CL length = 5
Spatial CL target length = 2
In spatial CL model  Epoch 0: 
| 3  Horizon | RMSE: 35.130, 33.490; MAE: 24.489, 23.918; MAPE: 19.974, 17.722; Q10: 5.400, 5.186; Q50: 12.245, 11.959; Q90: 6.502, 6.257;
| 6  Horizon | RMSE: 40.607, 38.594; MAE: 27.901, 26.989; MAPE: 21.595, 18.999; Q10: 5.863, 5.608; Q50: 13.951, 13.494; Q90: 7.512, 7.272;
| 12 Horizon | RMSE: 52.788, 50.068; MAE: 35.780, 34.371; MAPE: 25.159, 22.136; Q10: 7.337, 6.946; Q50: 17.890, 17.185; Q90: 9.571, 9.262;
In quantile CL model  Epoch 0: 
| 3  Horizon | RMSE: 27.674, 25.961; MAE: 18.159, 17.264; MAPE: 13.231, 11.605; Q10: 4.500, 4.352; Q50: 9.080, 8.632; Q90: 4.971, 4.832;
| 6  Horizon | RMSE: 30.583, 28.819; MAE: 20.148, 19.187; MAPE: 14.751, 12.968; Q10: 5.015, 4.852; Q50: 10.074, 9.593; Q90: 5.644, 5.499;
| 12 Horizon | RMSE: 35.278, 33.505; MAE: 23.484, 22.575; MAPE: 17.487, 14.961; Q10: 5.845, 5.612; Q50: 11.742, 11.288; Q90: 6.461, 6.326;
In temporal CL model  Epoch 0: 
| 3  Horizon | RMSE: 27.436, 25.883; MAE: 17.830, 17.153; MAPE: 12.860, 11.474; Q10: 4.143, 3.945; Q50: 8.915, 8.577; Q90: 4.319, 4.152;
| 6  Horizon | RMSE: 113.096, 112.214; MAE: 90.010, 89.503; MAPE: 90.421, 84.788; Q10: 43.922, 44.433; Q50: 45.005, 44.751; Q90: 46.089, 45.070;
| 12 Horizon | RMSE: 112.968, 112.216; MAE: 89.910, 89.511; MAPE: 89.834, 85.004; Q10: 43.683, 44.595; Q50: 44.955, 44.755; Q90: 46.228, 44.916;
epoch 0 time used: 104  seconds  train loss: 18.883 val loss: 28.655391 test loss: 28.425829
Quantile cl loss is [0.05, 0.5, 0.95]
Temporal CL length = 6
Spatial CL target length = 3
Quantile cl loss is [0.06000000000000001, 0.5, 0.94]
Temporal CL length = 7
Spatial CL target length = 4
Quantile cl loss is [0.07, 0.5, 0.9299999999999999]
Temporal CL length = 8
Spatial CL target length = 5
Quantile cl loss is [0.08, 0.5, 0.92]
Temporal CL length = 9
Spatial CL target length = 6
In spatial CL model  Epoch 1: 
| 3  Horizon | RMSE: 27.323, 25.724; MAE: 17.645, 16.933; MAPE: 12.443, 10.746; Q10: 4.209, 4.023; Q50: 8.822, 8.466; Q90: 4.174, 4.007;
| 6  Horizon | RMSE: 30.734, 28.982; MAE: 19.837, 19.027; MAPE: 13.855, 11.715; Q10: 4.603, 4.343; Q50: 9.919, 9.514; Q90: 4.715, 4.515;
| 12 Horizon | RMSE: 35.519, 33.630; MAE: 23.356, 22.679; MAPE: 18.091, 15.317; Q10: 5.418, 5.051; Q50: 11.678, 11.340; Q90: 5.743, 5.568;
In quantile CL model  Epoch 1: 
| 3  Horizon | RMSE: 26.629, 25.232; MAE: 17.010, 16.448; MAPE: 11.867, 10.550; Q10: 4.011, 3.869; Q50: 8.505, 8.224; Q90: 4.129, 3.977;
| 6  Horizon | RMSE: 28.783, 27.448; MAE: 18.395, 17.820; MAPE: 12.871, 11.246; Q10: 4.326, 4.156; Q50: 9.198, 8.910; Q90: 4.430, 4.267;
| 12 Horizon | RMSE: 32.973, 31.540; MAE: 21.333, 20.802; MAPE: 15.946, 13.577; Q10: 5.026, 4.785; Q50: 10.666, 10.401; Q90: 5.226, 5.106;
In temporal CL model  Epoch 1: 
| 3  Horizon | RMSE: 26.251, 24.796; MAE: 16.815, 16.164; MAPE: 11.982, 10.362; Q10: 3.965, 3.769; Q50: 8.408, 8.082; Q90: 3.969, 3.810;
| 6  Horizon | RMSE: 29.268, 27.658; MAE: 18.716, 17.903; MAPE: 13.164, 11.226; Q10: 4.408, 4.175; Q50: 9.358, 8.951; Q90: 4.453, 4.262;
| 12 Horizon | RMSE: 112.949, 112.216; MAE: 89.892, 89.511; MAPE: 89.772, 85.004; Q10: 43.656, 44.595; Q50: 44.946, 44.755; Q90: 46.236, 44.916;
epoch 1 time used: 103  seconds  train loss: 18.0 val loss: 15.639617 test loss: 15.401786
Quantile cl loss is [0.09, 0.5, 0.91]
Temporal CL length = 10
Spatial CL target length = 7
Quantile cl loss is [0.1, 0.5, 0.9]
Temporal CL length = 11
Spatial CL target length = 8
Temporal CL length = 12
Spatial CL target length = 9
Temporal CL length = 13
Spatial CL target length = 10
In spatial CL model  Epoch 2: 
| 3  Horizon | RMSE: 26.915, 25.710; MAE: 17.498, 17.076; MAPE: 12.518, 10.788; Q10: 4.093, 3.935; Q50: 8.749, 8.538; Q90: 4.064, 3.938;
| 6  Horizon | RMSE: 29.540, 28.138; MAE: 19.026, 18.494; MAPE: 13.848, 11.709; Q10: 4.490, 4.297; Q50: 9.513, 9.247; Q90: 4.496, 4.364;
| 12 Horizon | RMSE: 34.296, 32.737; MAE: 22.256, 21.769; MAPE: 16.988, 14.207; Q10: 5.214, 4.923; Q50: 11.128, 10.884; Q90: 5.458, 5.334;
In quantile CL model  Epoch 2: 
| 3  Horizon | RMSE: 26.138, 25.063; MAE: 16.972, 16.666; MAPE: 12.005, 10.533; Q10: 3.973, 3.844; Q50: 8.486, 8.333; Q90: 3.897, 3.807;
| 6  Horizon | RMSE: 28.574, 27.586; MAE: 18.558, 18.346; MAPE: 13.879, 12.158; Q10: 4.427, 4.277; Q50: 9.279, 9.173; Q90: 4.302, 4.231;
| 12 Horizon | RMSE: 33.264, 32.056; MAE: 21.786, 21.564; MAPE: 17.185, 14.690; Q10: 5.058, 4.793; Q50: 10.893, 10.782; Q90: 5.180, 5.157;
In temporal CL model  Epoch 2: 
| 3  Horizon | RMSE: 26.286, 25.122; MAE: 17.131, 16.830; MAPE: 12.839, 11.612; Q10: 4.008, 3.871; Q50: 8.566, 8.415; Q90: 4.005, 3.917;
| 6  Horizon | RMSE: 28.763, 27.510; MAE: 18.640, 18.238; MAPE: 13.919, 12.315; Q10: 4.441, 4.319; Q50: 9.320, 9.119; Q90: 4.419, 4.321;
| 12 Horizon | RMSE: 33.232, 31.726; MAE: 21.885, 21.487; MAPE: 17.685, 15.081; Q10: 5.019, 4.788; Q50: 10.943, 10.743; Q90: 5.243, 5.130;
epoch 2 time used: 102  seconds  train loss: 17.475 val loss: 6.08226 test loss: 5.941517
In spatial CL model  Epoch 3: 
| 3  Horizon | RMSE: 26.215, 24.841; MAE: 16.957, 16.322; MAPE: 11.956, 10.256; Q10: 3.995, 3.784; Q50: 8.479, 8.161; Q90: 4.043, 3.887;
| 6  Horizon | RMSE: 28.847, 27.586; MAE: 18.574, 18.073; MAPE: 13.264, 11.184; Q10: 4.346, 4.131; Q50: 9.287, 9.037; Q90: 4.429, 4.314;
| 12 Horizon | RMSE: 32.889, 31.603; MAE: 21.300, 20.888; MAPE: 15.899, 13.393; Q10: 5.015, 4.738; Q50: 10.650, 10.444; Q90: 5.275, 5.244;
In quantile CL model  Epoch 3: 
| 3  Horizon | RMSE: 25.313, 24.084; MAE: 16.331, 15.769; MAPE: 11.555, 9.935; Q10: 3.857, 3.698; Q50: 8.165, 7.885; Q90: 3.834, 3.698;
| 6  Horizon | RMSE: 27.522, 26.499; MAE: 17.651, 17.197; MAPE: 12.596, 10.741; Q10: 4.174, 4.000; Q50: 8.826, 8.598; Q90: 4.191, 4.089;
| 12 Horizon | RMSE: 31.587, 30.419; MAE: 20.397, 19.909; MAPE: 15.402, 12.916; Q10: 4.899, 4.647; Q50: 10.198, 9.954; Q90: 4.911, 4.884;
In temporal CL model  Epoch 3: 
| 3  Horizon | RMSE: 25.493, 24.299; MAE: 16.390, 15.980; MAPE: 11.641, 10.441; Q10: 3.957, 3.793; Q50: 8.195, 7.990; Q90: 3.845, 3.762;
| 6  Horizon | RMSE: 27.753, 26.561; MAE: 17.809, 17.323; MAPE: 12.645, 11.058; Q10: 4.249, 4.064; Q50: 8.904, 8.662; Q90: 4.192, 4.124;
| 12 Horizon | RMSE: 31.853, 30.423; MAE: 20.621, 20.141; MAPE: 15.537, 13.189; Q10: 4.965, 4.748; Q50: 10.310, 10.070; Q90: 4.871, 4.802;
epoch 3 time used: 102  seconds  train loss: 16.821 val loss: 5.829238 test loss: 5.677666
In spatial CL model  Epoch 4: 
| 3  Horizon | RMSE: 26.108, 24.784; MAE: 16.825, 16.415; MAPE: 12.518, 10.939; Q10: 3.971, 3.800; Q50: 8.412, 8.208; Q90: 3.959, 3.828;
| 6  Horizon | RMSE: 28.366, 27.184; MAE: 18.118, 17.793; MAPE: 13.502, 11.486; Q10: 4.335, 4.179; Q50: 9.059, 8.897; Q90: 4.331, 4.241;
| 12 Horizon | RMSE: 32.609, 31.702; MAE: 21.098, 20.898; MAPE: 15.808, 13.227; Q10: 4.918, 4.679; Q50: 10.549, 10.449; Q90: 5.218, 5.276;
In quantile CL model  Epoch 4: 
| 3  Horizon | RMSE: 25.772, 24.614; MAE: 16.702, 16.358; MAPE: 12.473, 11.216; Q10: 3.931, 3.815; Q50: 8.351, 8.179; Q90: 3.899, 3.791;
| 6  Horizon | RMSE: 27.776, 26.918; MAE: 17.647, 17.395; MAPE: 12.889, 11.231; Q10: 4.165, 4.047; Q50: 8.823, 8.698; Q90: 4.248, 4.177;
| 12 Horizon | RMSE: 32.069, 31.261; MAE: 20.482, 20.194; MAPE: 14.994, 12.400; Q10: 4.797, 4.598; Q50: 10.241, 10.097; Q90: 5.115, 5.164;
In temporal CL model  Epoch 4: 
| 3  Horizon | RMSE: 25.762, 24.749; MAE: 16.714, 16.575; MAPE: 12.585, 12.041; Q10: 3.886, 3.814; Q50: 8.357, 8.287; Q90: 3.900, 3.828;
| 6  Horizon | RMSE: 27.607, 26.638; MAE: 17.654, 17.486; MAPE: 13.110, 12.153; Q10: 4.161, 4.080; Q50: 8.827, 8.743; Q90: 4.208, 4.147;
| 12 Horizon | RMSE: 32.034, 30.638; MAE: 20.547, 20.014; MAPE: 14.856, 12.586; Q10: 4.760, 4.568; Q50: 10.274, 10.007; Q90: 5.126, 5.010;
epoch 4 time used: 102  seconds  train loss: 16.407 val loss: 5.850577 test loss: 5.748634
In spatial CL model  Epoch 5: 
| 3  Horizon | RMSE: 25.685, 24.605; MAE: 16.520, 16.198; MAPE: 12.314, 10.458; Q10: 3.909, 3.749; Q50: 8.260, 8.099; Q90: 3.895, 3.795;
| 6  Horizon | RMSE: 28.187, 27.185; MAE: 18.019, 17.710; MAPE: 13.422, 11.110; Q10: 4.290, 4.114; Q50: 9.010, 8.855; Q90: 4.293, 4.229;
| 12 Horizon | RMSE: 32.711, 31.671; MAE: 21.175, 20.696; MAPE: 15.594, 12.521; Q10: 4.911, 4.671; Q50: 10.588, 10.348; Q90: 5.165, 5.119;
In quantile CL model  Epoch 5: 
| 3  Horizon | RMSE: 25.364, 24.334; MAE: 16.253, 15.918; MAPE: 11.596, 10.189; Q10: 3.819, 3.698; Q50: 8.126, 7.959; Q90: 3.835, 3.720;
| 6  Horizon | RMSE: 27.721, 26.774; MAE: 17.629, 17.233; MAPE: 12.526, 10.672; Q10: 4.121, 3.989; Q50: 8.814, 8.616; Q90: 4.218, 4.128;
| 12 Horizon | RMSE: 31.590, 30.396; MAE: 20.194, 19.600; MAPE: 14.891, 12.112; Q10: 4.735, 4.513; Q50: 10.097, 9.800; Q90: 4.958, 4.895;
In temporal CL model  Epoch 5: 
| 3  Horizon | RMSE: 25.310, 24.222; MAE: 16.219, 15.925; MAPE: 11.771, 10.590; Q10: 3.829, 3.686; Q50: 8.110, 7.962; Q90: 3.820, 3.739;
| 6  Horizon | RMSE: 27.516, 26.391; MAE: 17.500, 17.112; MAPE: 12.699, 11.044; Q10: 4.136, 3.985; Q50: 8.750, 8.556; Q90: 4.142, 4.063;
| 12 Horizon | RMSE: 31.482, 29.943; MAE: 20.088, 19.469; MAPE: 15.144, 12.343; Q10: 4.710, 4.531; Q50: 10.044, 9.734; Q90: 4.871, 4.730;
epoch 5 time used: 105  seconds  train loss: 15.929 val loss: 5.732232 test loss: 5.585929
In spatial CL model  Epoch 6: 
| 3  Horizon | RMSE: 25.583, 24.553; MAE: 16.414, 16.159; MAPE: 12.323, 10.540; Q10: 3.881, 3.756; Q50: 8.207, 8.079; Q90: 3.890, 3.818;
| 6  Horizon | RMSE: 27.837, 26.999; MAE: 17.727, 17.646; MAPE: 13.721, 11.610; Q10: 4.262, 4.150; Q50: 8.863, 8.823; Q90: 4.243, 4.214;
| 12 Horizon | RMSE: 31.780, 31.127; MAE: 20.425, 20.423; MAPE: 15.747, 12.983; Q10: 4.783, 4.628; Q50: 10.212, 10.212; Q90: 5.073, 5.148;
In quantile CL model  Epoch 6: 
| 3  Horizon | RMSE: 25.171, 24.095; MAE: 16.053, 15.728; MAPE: 11.679, 10.162; Q10: 3.832, 3.731; Q50: 8.027, 7.864; Q90: 3.793, 3.706;
| 6  Horizon | RMSE: 27.471, 26.582; MAE: 17.398, 17.198; MAPE: 13.316, 11.437; Q10: 4.106, 3.999; Q50: 8.699, 8.599; Q90: 4.160, 4.106;
| 12 Horizon | RMSE: 31.703, 30.704; MAE: 20.192, 19.917; MAPE: 15.078, 12.285; Q10: 4.721, 4.524; Q50: 10.096, 9.958; Q90: 4.969, 4.961;
In temporal CL model  Epoch 6: 
| 3  Horizon | RMSE: 25.361, 24.191; MAE: 16.176, 15.832; MAPE: 12.151, 10.637; Q10: 3.837, 3.704; Q50: 8.088, 7.916; Q90: 3.799, 3.705;
| 6  Horizon | RMSE: 27.448, 26.353; MAE: 17.348, 17.049; MAPE: 13.198, 11.306; Q10: 4.134, 4.025; Q50: 8.674, 8.524; Q90: 4.107, 4.025;
| 12 Horizon | RMSE: 31.447, 29.968; MAE: 19.886, 19.407; MAPE: 15.261, 12.278; Q10: 4.691, 4.528; Q50: 9.943, 9.704; Q90: 4.858, 4.727;
epoch 6 time used: 103  seconds  train loss: 15.728 val loss: 5.68557 test loss: 5.555126
In spatial CL model  Epoch 7: 
| 3  Horizon | RMSE: 25.445, 24.461; MAE: 16.320, 16.043; MAPE: 12.373, 10.525; Q10: 3.928, 3.794; Q50: 8.160, 8.021; Q90: 3.828, 3.743;
| 6  Horizon | RMSE: 28.017, 27.296; MAE: 17.930, 17.859; MAPE: 14.274, 12.135; Q10: 4.313, 4.223; Q50: 8.965, 8.930; Q90: 4.205, 4.172;
| 12 Horizon | RMSE: 31.700, 31.119; MAE: 20.272, 20.177; MAPE: 16.024, 13.128; Q10: 4.825, 4.685; Q50: 10.136, 10.089; Q90: 4.969, 4.987;
In quantile CL model  Epoch 7: 
| 3  Horizon | RMSE: 25.108, 24.082; MAE: 16.024, 15.703; MAPE: 11.636, 10.184; Q10: 3.787, 3.671; Q50: 8.012, 7.852; Q90: 3.781, 3.698;
| 6  Horizon | RMSE: 27.533, 26.790; MAE: 17.439, 17.314; MAPE: 13.327, 11.613; Q10: 4.092, 4.007; Q50: 8.719, 8.657; Q90: 4.150, 4.096;
| 12 Horizon | RMSE: 31.421, 30.609; MAE: 19.938, 19.681; MAPE: 15.107, 12.486; Q10: 4.710, 4.548; Q50: 9.969, 9.841; Q90: 4.917, 4.925;
In temporal CL model  Epoch 7: 
| 3  Horizon | RMSE: 25.053, 23.975; MAE: 15.917, 15.632; MAPE: 11.711, 10.358; Q10: 3.762, 3.668; Q50: 7.959, 7.816; Q90: 3.770, 3.685;
| 6  Horizon | RMSE: 27.407, 26.437; MAE: 17.327, 17.152; MAPE: 13.240, 11.589; Q10: 4.110, 4.074; Q50: 8.663, 8.576; Q90: 4.102, 4.023;
| 12 Horizon | RMSE: 31.535, 30.168; MAE: 19.956, 19.503; MAPE: 15.305, 12.379; Q10: 4.695, 4.559; Q50: 9.978, 9.752; Q90: 4.899, 4.766;
epoch 7 time used: 103  seconds  train loss: 15.565 val loss: 5.6617 test loss: 5.561215
In spatial CL model  Epoch 8: 
| 3  Horizon | RMSE: 25.514, 24.360; MAE: 16.304, 15.889; MAPE: 12.109, 10.034; Q10: 3.850, 3.694; Q50: 8.152, 7.945; Q90: 3.883, 3.759;
| 6  Horizon | RMSE: 27.961, 27.094; MAE: 17.772, 17.495; MAPE: 13.179, 10.696; Q10: 4.172, 4.029; Q50: 8.886, 8.748; Q90: 4.398, 4.342;
| 12 Horizon | RMSE: 32.030, 31.102; MAE: 20.424, 20.133; MAPE: 15.759, 12.469; Q10: 4.769, 4.574; Q50: 10.212, 10.067; Q90: 5.133, 5.089;
In quantile CL model  Epoch 8: 
| 3  Horizon | RMSE: 25.206, 24.005; MAE: 16.141, 15.760; MAPE: 11.906, 10.508; Q10: 3.823, 3.662; Q50: 8.070, 7.880; Q90: 3.746, 3.636;
| 6  Horizon | RMSE: 27.146, 26.259; MAE: 17.075, 16.888; MAPE: 12.833, 10.980; Q10: 4.059, 3.935; Q50: 8.538, 8.444; Q90: 4.085, 4.024;
| 12 Horizon | RMSE: 31.075, 30.193; MAE: 19.682, 19.630; MAPE: 15.398, 12.874; Q10: 4.657, 4.506; Q50: 9.841, 9.815; Q90: 4.933, 4.960;
In temporal CL model  Epoch 8: 
| 3  Horizon | RMSE: 25.015, 23.951; MAE: 15.880, 15.647; MAPE: 11.811, 10.550; Q10: 3.784, 3.683; Q50: 7.940, 7.824; Q90: 3.742, 3.654;
| 6  Horizon | RMSE: 27.352, 26.324; MAE: 17.174, 16.929; MAPE: 12.623, 10.887; Q10: 4.046, 3.943; Q50: 8.587, 8.464; Q90: 4.173, 4.090;
| 12 Horizon | RMSE: 31.811, 30.475; MAE: 20.024, 19.724; MAPE: 15.469, 12.635; Q10: 4.673, 4.563; Q50: 10.012, 9.862; Q90: 5.277, 5.134;
epoch 8 time used: 104  seconds  train loss: 15.461 val loss: 5.671721 test loss: 5.57537
In spatial CL model  Epoch 9: 
| 3  Horizon | RMSE: 25.274, 24.333; MAE: 16.156, 15.900; MAPE: 12.111, 10.077; Q10: 3.863, 3.739; Q50: 8.078, 7.950; Q90: 3.836, 3.757;
| 6  Horizon | RMSE: 27.767, 27.048; MAE: 17.606, 17.487; MAPE: 13.239, 10.763; Q10: 4.161, 4.036; Q50: 8.803, 8.743; Q90: 4.283, 4.289;
| 12 Horizon | RMSE: 31.581, 30.909; MAE: 20.028, 20.023; MAPE: 15.687, 12.483; Q10: 4.737, 4.608; Q50: 10.014, 10.011; Q90: 5.109, 5.149;
In quantile CL model  Epoch 9: 
| 3  Horizon | RMSE: 25.530, 24.596; MAE: 16.280, 16.117; MAPE: 11.778, 10.366; Q10: 3.811, 3.716; Q50: 8.140, 8.058; Q90: 3.980, 3.951;
| 6  Horizon | RMSE: 28.514, 27.901; MAE: 18.188, 18.160; MAPE: 12.767, 10.860; Q10: 4.166, 4.104; Q50: 9.094, 9.080; Q90: 4.542, 4.577;
| 12 Horizon | RMSE: 32.490, 31.987; MAE: 20.864, 20.969; MAPE: 15.127, 12.775; Q10: 4.807, 4.716; Q50: 10.432, 10.484; Q90: 5.693, 5.861;
In temporal CL model  Epoch 9: 
| 3  Horizon | RMSE: 25.226, 24.191; MAE: 16.074, 15.805; MAPE: 11.731, 10.178; Q10: 3.802, 3.711; Q50: 8.037, 7.903; Q90: 3.910, 3.817;
| 6  Horizon | RMSE: 28.113, 27.109; MAE: 17.933, 17.635; MAPE: 12.802, 10.787; Q10: 4.164, 4.080; Q50: 8.966, 8.817; Q90: 4.382, 4.293;
| 12 Horizon | RMSE: 32.618, 31.302; MAE: 20.777, 20.394; MAPE: 15.425, 12.466; Q10: 4.742, 4.631; Q50: 10.389, 10.197; Q90: 5.412, 5.290;
epoch 9 time used: 102  seconds  train loss: 15.327 val loss: 5.833203 test loss: 5.731969
In spatial CL model  Epoch 10: 
| 3  Horizon | RMSE: 25.232, 24.365; MAE: 16.194, 15.978; MAPE: 12.048, 10.053; Q10: 3.812, 3.684; Q50: 8.097, 7.989; Q90: 3.813, 3.768;
| 6  Horizon | RMSE: 27.516, 26.813; MAE: 17.358, 17.314; MAPE: 13.537, 11.239; Q10: 4.128, 4.007; Q50: 8.679, 8.657; Q90: 4.188, 4.206;
| 12 Horizon | RMSE: 31.319, 30.588; MAE: 19.834, 19.827; MAPE: 16.097, 13.098; Q10: 4.772, 4.665; Q50: 9.917, 9.914; Q90: 4.889, 4.895;
In quantile CL model  Epoch 10: 
| 3  Horizon | RMSE: 25.263, 24.268; MAE: 16.069, 15.820; MAPE: 11.325, 9.886; Q10: 3.755, 3.649; Q50: 8.035, 7.910; Q90: 3.834, 3.775;
| 6  Horizon | RMSE: 27.568, 26.703; MAE: 17.326, 17.118; MAPE: 12.709, 10.754; Q10: 4.047, 3.947; Q50: 8.663, 8.559; Q90: 4.229, 4.214;
| 12 Horizon | RMSE: 31.429, 30.522; MAE: 19.806, 19.646; MAPE: 14.965, 12.467; Q10: 4.665, 4.499; Q50: 9.903, 9.823; Q90: 5.080, 5.122;
In temporal CL model  Epoch 10: 
| 3  Horizon | RMSE: 25.266, 24.252; MAE: 16.138, 15.863; MAPE: 11.535, 9.946; Q10: 3.752, 3.658; Q50: 8.069, 7.931; Q90: 3.830, 3.746;
| 6  Horizon | RMSE: 27.456, 26.405; MAE: 17.229, 16.992; MAPE: 12.736, 10.804; Q10: 4.058, 3.969; Q50: 8.614, 8.496; Q90: 4.190, 4.102;
| 12 Horizon | RMSE: 31.763, 30.252; MAE: 19.839, 19.441; MAPE: 15.352, 12.296; Q10: 4.662, 4.530; Q50: 9.919, 9.720; Q90: 5.065, 4.925;
epoch 10 time used: 102  seconds  train loss: 15.114 val loss: 5.726775 test loss: 5.619012
In spatial CL model  Epoch 11: 
| 3  Horizon | RMSE: 25.177, 24.171; MAE: 16.060, 15.784; MAPE: 12.064, 10.124; Q10: 3.821, 3.689; Q50: 8.030, 7.892; Q90: 3.780, 3.707;
| 6  Horizon | RMSE: 27.630, 26.717; MAE: 17.390, 17.192; MAPE: 13.339, 10.968; Q10: 4.158, 4.003; Q50: 8.695, 8.596; Q90: 4.238, 4.217;
| 12 Horizon | RMSE: 31.518, 30.450; MAE: 19.861, 19.606; MAPE: 15.784, 12.532; Q10: 4.783, 4.620; Q50: 9.931, 9.803; Q90: 4.950, 4.884;
In quantile CL model  Epoch 11: 
| 3  Horizon | RMSE: 25.437, 24.470; MAE: 16.175, 16.003; MAPE: 11.522, 10.154; Q10: 3.789, 3.683; Q50: 8.087, 8.001; Q90: 3.861, 3.822;
| 6  Horizon | RMSE: 27.925, 27.173; MAE: 17.610, 17.582; MAPE: 12.971, 11.172; Q10: 4.087, 3.997; Q50: 8.805, 8.791; Q90: 4.468, 4.508;
| 12 Horizon | RMSE: 31.650, 30.920; MAE: 20.020, 20.068; MAPE: 15.298, 13.092; Q10: 4.748, 4.644; Q50: 10.010, 10.034; Q90: 5.179, 5.260;
In temporal CL model  Epoch 11: 
| 3  Horizon | RMSE: 25.078, 23.957; MAE: 15.893, 15.584; MAPE: 11.565, 10.001; Q10: 3.751, 3.638; Q50: 7.947, 7.792; Q90: 3.751, 3.661;
| 6  Horizon | RMSE: 27.623, 26.490; MAE: 17.304, 17.051; MAPE: 12.743, 10.856; Q10: 4.045, 3.940; Q50: 8.652, 8.525; Q90: 4.291, 4.198;
| 12 Horizon | RMSE: 32.040, 30.413; MAE: 19.922, 19.602; MAPE: 15.489, 12.738; Q10: 4.681, 4.573; Q50: 9.961, 9.801; Q90: 5.096, 4.931;
epoch 11 time used: 104  seconds  train loss: 15.043 val loss: 5.703125 test loss: 5.589095
In spatial CL model  Epoch 12: 
| 3  Horizon | RMSE: 25.112, 24.280; MAE: 16.054, 15.894; MAPE: 12.239, 10.259; Q10: 3.862, 3.774; Q50: 8.027, 7.947; Q90: 3.759, 3.692;
| 6  Horizon | RMSE: 27.537, 26.752; MAE: 17.357, 17.219; MAPE: 13.380, 10.891; Q10: 4.165, 4.047; Q50: 8.678, 8.609; Q90: 4.152, 4.142;
| 12 Horizon | RMSE: 31.563, 30.617; MAE: 19.987, 19.858; MAPE: 16.151, 12.888; Q10: 4.826, 4.707; Q50: 9.993, 9.929; Q90: 4.910, 4.895;
In quantile CL model  Epoch 12: 
| 3  Horizon | RMSE: 25.337, 24.288; MAE: 15.993, 15.735; MAPE: 11.292, 9.927; Q10: 3.749, 3.647; Q50: 7.996, 7.868; Q90: 3.797, 3.713;
| 6  Horizon | RMSE: 27.834, 26.949; MAE: 17.376, 17.183; MAPE: 12.510, 10.710; Q10: 4.029, 3.942; Q50: 8.688, 8.591; Q90: 4.246, 4.193;
| 12 Horizon | RMSE: 31.897, 31.003; MAE: 20.068, 19.901; MAPE: 14.769, 12.551; Q10: 4.672, 4.536; Q50: 10.034, 9.950; Q90: 5.237, 5.243;
In temporal CL model  Epoch 12: 
| 3  Horizon | RMSE: 25.017, 23.897; MAE: 15.819, 15.502; MAPE: 11.481, 9.881; Q10: 3.744, 3.653; Q50: 7.909, 7.751; Q90: 3.728, 3.628;
| 6  Horizon | RMSE: 27.633, 26.483; MAE: 17.264, 16.949; MAPE: 12.519, 10.502; Q10: 4.036, 3.942; Q50: 8.632, 8.474; Q90: 4.181, 4.068;
| 12 Horizon | RMSE: 32.242, 30.601; MAE: 20.066, 19.624; MAPE: 15.204, 12.282; Q10: 4.660, 4.535; Q50: 10.033, 9.812; Q90: 5.248, 5.040;
epoch 12 time used: 103  seconds  train loss: 14.964 val loss: 5.685978 test loss: 5.560898
In spatial CL model  Epoch 13: 
| 3  Horizon | RMSE: 25.421, 24.228; MAE: 16.065, 15.735; MAPE: 12.214, 9.982; Q10: 3.833, 3.704; Q50: 8.033, 7.868; Q90: 3.819, 3.708;
| 6  Horizon | RMSE: 27.952, 26.780; MAE: 17.427, 17.081; MAPE: 13.330, 10.558; Q10: 4.158, 4.012; Q50: 8.714, 8.540; Q90: 4.218, 4.122;
| 12 Horizon | RMSE: 32.056, 30.534; MAE: 19.995, 19.468; MAPE: 15.598, 11.991; Q10: 4.678, 4.495; Q50: 9.997, 9.734; Q90: 5.032, 4.864;
In quantile CL model  Epoch 13: 
| 3  Horizon | RMSE: 25.193, 24.043; MAE: 15.962, 15.585; MAPE: 11.604, 9.921; Q10: 3.774, 3.633; Q50: 7.981, 7.792; Q90: 3.867, 3.756;
| 6  Horizon | RMSE: 27.569, 26.634; MAE: 17.273, 16.956; MAPE: 12.780, 10.539; Q10: 4.043, 3.927; Q50: 8.636, 8.478; Q90: 4.209, 4.149;
| 12 Horizon | RMSE: 31.542, 30.602; MAE: 19.831, 19.547; MAPE: 14.895, 12.166; Q10: 4.633, 4.457; Q50: 9.915, 9.774; Q90: 5.147, 5.139;
In temporal CL model  Epoch 13: 
| 3  Horizon | RMSE: 25.135, 23.954; MAE: 15.897, 15.514; MAPE: 12.014, 9.849; Q10: 3.792, 3.660; Q50: 7.948, 7.757; Q90: 3.758, 3.649;
| 6  Horizon | RMSE: 27.551, 26.382; MAE: 17.213, 16.857; MAPE: 13.158, 10.537; Q10: 4.063, 3.959; Q50: 8.607, 8.429; Q90: 4.166, 4.049;
| 12 Horizon | RMSE: 32.051, 30.291; MAE: 19.928, 19.422; MAPE: 15.793, 12.174; Q10: 4.643, 4.484; Q50: 9.964, 9.711; Q90: 5.230, 5.006;
epoch 13 time used: 102  seconds  train loss: 14.9 val loss: 5.706777 test loss: 5.557183
In spatial CL model  Epoch 14: 
| 3  Horizon | RMSE: 25.261, 24.345; MAE: 16.128, 16.004; MAPE: 12.796, 10.696; Q10: 3.869, 3.793; Q50: 8.064, 8.002; Q90: 3.809, 3.752;
| 6  Horizon | RMSE: 27.808, 27.034; MAE: 17.601, 17.656; MAPE: 14.430, 11.867; Q10: 4.281, 4.236; Q50: 8.800, 8.828; Q90: 4.176, 4.191;
| 12 Horizon | RMSE: 31.717, 30.933; MAE: 20.053, 20.258; MAPE: 16.790, 13.544; Q10: 4.823, 4.764; Q50: 10.027, 10.129; Q90: 4.927, 4.955;
In quantile CL model  Epoch 14: 
| 3  Horizon | RMSE: 25.309, 24.156; MAE: 16.006, 15.772; MAPE: 11.843, 10.306; Q10: 3.766, 3.648; Q50: 8.003, 7.886; Q90: 3.787, 3.707;
| 6  Horizon | RMSE: 27.913, 27.076; MAE: 17.576, 17.534; MAPE: 13.621, 11.651; Q10: 4.172, 4.132; Q50: 8.788, 8.767; Q90: 4.358, 4.344;
| 12 Horizon | RMSE: 32.390, 31.828; MAE: 20.605, 20.722; MAPE: 15.490, 13.270; Q10: 4.771, 4.707; Q50: 10.303, 10.361; Q90: 5.379, 5.428;
In temporal CL model  Epoch 14: 
| 3  Horizon | RMSE: 25.097, 24.014; MAE: 15.941, 15.730; MAPE: 12.497, 10.551; Q10: 3.796, 3.724; Q50: 7.971, 7.865; Q90: 3.792, 3.698;
| 6  Horizon | RMSE: 27.544, 26.504; MAE: 17.331, 17.176; MAPE: 13.772, 11.446; Q10: 4.128, 4.097; Q50: 8.665, 8.588; Q90: 4.232, 4.132;
| 12 Horizon | RMSE: 31.966, 30.539; MAE: 20.035, 19.836; MAPE: 16.164, 12.950; Q10: 4.674, 4.616; Q50: 10.017, 9.918; Q90: 5.159, 4.983;
epoch 14 time used: 103  seconds  train loss: 14.85 val loss: 5.714484 test loss: 5.634634
In spatial CL model  Epoch 15: 
| 3  Horizon | RMSE: 25.299, 24.239; MAE: 16.022, 15.774; MAPE: 12.273, 10.125; Q10: 3.778, 3.662; Q50: 8.011, 7.887; Q90: 3.783, 3.708;
| 6  Horizon | RMSE: 27.764, 26.689; MAE: 17.317, 17.056; MAPE: 13.392, 10.699; Q10: 4.152, 4.005; Q50: 8.658, 8.528; Q90: 4.161, 4.101;
| 12 Horizon | RMSE: 31.883, 30.412; MAE: 19.945, 19.449; MAPE: 15.871, 12.260; Q10: 4.750, 4.541; Q50: 9.972, 9.724; Q90: 4.901, 4.760;
In quantile CL model  Epoch 15: 
| 3  Horizon | RMSE: 25.448, 24.154; MAE: 16.022, 15.691; MAPE: 11.731, 10.038; Q10: 3.755, 3.614; Q50: 8.011, 7.846; Q90: 3.866, 3.777;
| 6  Horizon | RMSE: 28.040, 26.905; MAE: 17.540, 17.249; MAPE: 12.855, 10.612; Q10: 4.060, 3.931; Q50: 8.770, 8.624; Q90: 4.297, 4.235;
| 12 Horizon | RMSE: 31.756, 30.536; MAE: 20.019, 19.633; MAPE: 14.785, 12.081; Q10: 4.650, 4.467; Q50: 10.010, 9.817; Q90: 5.282, 5.222;
In temporal CL model  Epoch 15: 
| 3  Horizon | RMSE: 25.014, 23.808; MAE: 15.796, 15.455; MAPE: 12.123, 9.968; Q10: 3.747, 3.627; Q50: 7.898, 7.727; Q90: 3.747, 3.640;
| 6  Horizon | RMSE: 27.481, 26.218; MAE: 17.181, 16.805; MAPE: 13.095, 10.448; Q10: 4.053, 3.924; Q50: 8.591, 8.403; Q90: 4.135, 4.013;
| 12 Horizon | RMSE: 31.649, 29.762; MAE: 19.750, 19.098; MAPE: 15.482, 11.797; Q10: 4.631, 4.442; Q50: 9.875, 9.549; Q90: 5.053, 4.814;
epoch 15 time used: 103  seconds  train loss: 14.713 val loss: 5.660032 test loss: 5.49985
In spatial CL model  Epoch 16: 
| 3  Horizon | RMSE: 25.271, 24.330; MAE: 16.165, 15.883; MAPE: 12.147, 9.859; Q10: 3.790, 3.662; Q50: 8.082, 7.941; Q90: 3.804, 3.755;
| 6  Horizon | RMSE: 27.521, 26.579; MAE: 17.217, 17.018; MAPE: 13.654, 10.796; Q10: 4.150, 4.014; Q50: 8.609, 8.509; Q90: 4.178, 4.144;
| 12 Horizon | RMSE: 31.354, 30.177; MAE: 19.660, 19.389; MAPE: 16.152, 12.477; Q10: 4.745, 4.570; Q50: 9.830, 9.694; Q90: 4.956, 4.857;
In quantile CL model  Epoch 16: 
| 3  Horizon | RMSE: 25.697, 24.605; MAE: 16.419, 16.031; MAPE: 11.439, 9.746; Q10: 3.823, 3.698; Q50: 8.209, 8.016; Q90: 3.939, 3.860;
| 6  Horizon | RMSE: 27.731, 26.820; MAE: 17.445, 17.114; MAPE: 12.587, 10.459; Q10: 4.035, 3.907; Q50: 8.723, 8.557; Q90: 4.371, 4.310;
| 12 Horizon | RMSE: 31.289, 30.406; MAE: 19.789, 19.437; MAPE: 14.386, 11.956; Q10: 4.618, 4.442; Q50: 9.894, 9.719; Q90: 5.204, 5.168;
In temporal CL model  Epoch 16: 
| 3  Horizon | RMSE: 25.373, 24.329; MAE: 16.305, 15.920; MAPE: 11.833, 9.766; Q10: 3.788, 3.661; Q50: 8.153, 7.960; Q90: 3.850, 3.770;
| 6  Horizon | RMSE: 27.458, 26.384; MAE: 17.274, 16.953; MAPE: 12.816, 10.485; Q10: 4.045, 3.931; Q50: 8.637, 8.477; Q90: 4.316, 4.206;
| 12 Horizon | RMSE: 31.721, 30.196; MAE: 19.889, 19.403; MAPE: 15.134, 11.876; Q10: 4.607, 4.438; Q50: 9.945, 9.701; Q90: 5.339, 5.133;
epoch 16 time used: 102  seconds  train loss: 14.673 val loss: 5.741585 test loss: 5.607807
In spatial CL model  Epoch 17: 
| 3  Horizon | RMSE: 25.185, 24.163; MAE: 15.999, 15.667; MAPE: 12.204, 9.813; Q10: 3.778, 3.663; Q50: 7.999, 7.834; Q90: 3.860, 3.774;
| 6  Horizon | RMSE: 27.760, 26.750; MAE: 17.267, 17.058; MAPE: 13.747, 10.795; Q10: 4.125, 3.990; Q50: 8.634, 8.529; Q90: 4.149, 4.104;
| 12 Horizon | RMSE: 31.776, 30.515; MAE: 19.769, 19.490; MAPE: 16.079, 12.325; Q10: 4.722, 4.537; Q50: 9.885, 9.745; Q90: 4.882, 4.830;
In quantile CL model  Epoch 17: 
| 3  Horizon | RMSE: 25.404, 24.219; MAE: 16.128, 15.701; MAPE: 11.501, 9.700; Q10: 3.750, 3.603; Q50: 8.064, 7.851; Q90: 3.970, 3.869;
| 6  Horizon | RMSE: 27.639, 26.710; MAE: 17.270, 17.013; MAPE: 12.822, 10.694; Q10: 4.059, 3.946; Q50: 8.635, 8.507; Q90: 4.319, 4.285;
| 12 Horizon | RMSE: 31.787, 31.074; MAE: 20.058, 19.917; MAPE: 14.591, 12.245; Q10: 4.656, 4.521; Q50: 10.029, 9.958; Q90: 5.192, 5.230;
In temporal CL model  Epoch 17: 
| 3  Horizon | RMSE: 25.140, 24.018; MAE: 15.991, 15.629; MAPE: 11.974, 9.813; Q10: 3.738, 3.621; Q50: 7.996, 7.815; Q90: 3.884, 3.792;
| 6  Horizon | RMSE: 27.380, 26.252; MAE: 17.083, 16.820; MAPE: 13.123, 10.705; Q10: 4.043, 3.952; Q50: 8.541, 8.410; Q90: 4.208, 4.107;
| 12 Horizon | RMSE: 32.002, 30.429; MAE: 19.969, 19.601; MAPE: 15.526, 12.138; Q10: 4.642, 4.508; Q50: 9.984, 9.801; Q90: 5.156, 4.981;
epoch 17 time used: 102  seconds  train loss: 14.64 val loss: 5.677234 test loss: 5.557489
In spatial CL model  Epoch 18: 
| 3  Horizon | RMSE: 25.339, 24.393; MAE: 16.122, 15.985; MAPE: 12.994, 10.700; Q10: 3.886, 3.810; Q50: 8.061, 7.992; Q90: 3.753, 3.706;
| 6  Horizon | RMSE: 27.582, 26.689; MAE: 17.175, 17.125; MAPE: 13.941, 11.090; Q10: 4.187, 4.088; Q50: 8.587, 8.562; Q90: 4.115, 4.125;
| 12 Horizon | RMSE: 31.388, 30.284; MAE: 19.548, 19.432; MAPE: 16.062, 12.517; Q10: 4.721, 4.577; Q50: 9.774, 9.716; Q90: 4.844, 4.854;
In quantile CL model  Epoch 18: 
| 3  Horizon | RMSE: 25.648, 24.376; MAE: 16.167, 15.877; MAPE: 12.166, 10.360; Q10: 3.829, 3.684; Q50: 8.083, 7.939; Q90: 3.898, 3.823;
| 6  Horizon | RMSE: 28.305, 27.276; MAE: 17.705, 17.491; MAPE: 13.095, 10.795; Q10: 4.121, 3.996; Q50: 8.853, 8.746; Q90: 4.458, 4.431;
| 12 Horizon | RMSE: 32.605, 31.632; MAE: 20.666, 20.417; MAPE: 14.902, 12.287; Q10: 4.705, 4.541; Q50: 10.333, 10.209; Q90: 5.613, 5.606;
***************************
***************************
quantile CL model  Early stopping at epoch: 18
***************************
***************************
In temporal CL model  Epoch 18: 
| 3  Horizon | RMSE: 25.106, 23.972; MAE: 15.936, 15.687; MAPE: 12.488, 10.461; Q10: 3.796, 3.708; Q50: 7.968, 7.844; Q90: 3.794, 3.700;
| 6  Horizon | RMSE: 27.619, 26.471; MAE: 17.287, 17.057; MAPE: 13.133, 10.747; Q10: 4.086, 4.006; Q50: 8.644, 8.528; Q90: 4.269, 4.160;
| 12 Horizon | RMSE: 32.046, 30.390; MAE: 20.009, 19.619; MAPE: 15.441, 12.164; Q10: 4.663, 4.511; Q50: 10.005, 9.810; Q90: 5.295, 5.104;
epoch 18 time used: 104  seconds  train loss: 14.61 val loss: 5.729304 test loss: 5.619236
In spatial CL model  Epoch 19: 
| 3  Horizon | RMSE: 25.354, 24.300; MAE: 16.018, 15.787; MAPE: 12.735, 10.297; Q10: 3.805, 3.684; Q50: 8.009, 7.894; Q90: 3.804, 3.752;
| 6  Horizon | RMSE: 27.768, 26.701; MAE: 17.260, 17.111; MAPE: 13.994, 11.030; Q10: 4.194, 4.063; Q50: 8.630, 8.556; Q90: 4.183, 4.167;
| 12 Horizon | RMSE: 31.682, 30.380; MAE: 19.726, 19.524; MAPE: 16.257, 12.636; Q10: 4.779, 4.623; Q50: 9.863, 9.762; Q90: 4.909, 4.885;
In quantile CL model  Epoch 19: 
| 3  Horizon | RMSE: 25.643, 24.376; MAE: 16.164, 15.877; MAPE: 12.169, 10.360; Q10: 3.828, 3.684; Q50: 8.082, 7.939; Q90: 3.898, 3.823;
| 6  Horizon | RMSE: 28.300, 27.276; MAE: 17.703, 17.491; MAPE: 13.101, 10.795; Q10: 4.120, 3.996; Q50: 8.852, 8.746; Q90: 4.458, 4.431;
| 12 Horizon | RMSE: 32.603, 31.632; MAE: 20.666, 20.417; MAPE: 14.906, 12.287; Q10: 4.704, 4.541; Q50: 10.333, 10.209; Q90: 5.616, 5.606;
In temporal CL model  Epoch 19: 
| 3  Horizon | RMSE: 25.216, 24.039; MAE: 15.933, 15.626; MAPE: 12.351, 10.166; Q10: 3.787, 3.667; Q50: 7.966, 7.813; Q90: 3.811, 3.721;
| 6  Horizon | RMSE: 27.683, 26.453; MAE: 17.263, 16.968; MAPE: 13.427, 10.837; Q10: 4.089, 3.975; Q50: 8.632, 8.484; Q90: 4.310, 4.200;
| 12 Horizon | RMSE: 32.247, 30.502; MAE: 20.060, 19.633; MAPE: 15.758, 12.181; Q10: 4.664, 4.492; Q50: 10.030, 9.816; Q90: 5.260, 5.065;
epoch 19 time used: 73  seconds  train loss: 14.591 val loss: 5.732965 test loss: 5.606181
In spatial CL model  Epoch 20: 
| 3  Horizon | RMSE: 25.112, 24.188; MAE: 15.859, 15.679; MAPE: 12.468, 10.057; Q10: 3.784, 3.698; Q50: 7.929, 7.840; Q90: 3.763, 3.714;
| 6  Horizon | RMSE: 27.698, 26.839; MAE: 17.218, 17.176; MAPE: 13.783, 10.863; Q10: 4.136, 4.039; Q50: 8.609, 8.588; Q90: 4.211, 4.223;
| 12 Horizon | RMSE: 31.598, 30.527; MAE: 19.629, 19.588; MAPE: 16.152, 12.613; Q10: 4.771, 4.666; Q50: 9.814, 9.794; Q90: 4.942, 4.968;
In quantile CL model  Epoch 20: 
| 3  Horizon | RMSE: 25.634, 24.376; MAE: 16.159, 15.877; MAPE: 12.171, 10.360; Q10: 3.828, 3.684; Q50: 8.080, 7.939; Q90: 3.896, 3.823;
| 6  Horizon | RMSE: 28.292, 27.276; MAE: 17.696, 17.491; MAPE: 13.103, 10.795; Q10: 4.120, 3.996; Q50: 8.848, 8.746; Q90: 4.456, 4.431;
| 12 Horizon | RMSE: 32.598, 31.632; MAE: 20.661, 20.417; MAPE: 14.908, 12.287; Q10: 4.703, 4.541; Q50: 10.330, 10.209; Q90: 5.613, 5.606;
In temporal CL model  Epoch 20: 
| 3  Horizon | RMSE: 24.991, 23.843; MAE: 15.754, 15.443; MAPE: 12.053, 9.957; Q10: 3.747, 3.640; Q50: 7.877, 7.722; Q90: 3.757, 3.659;
| 6  Horizon | RMSE: 27.553, 26.466; MAE: 17.190, 16.956; MAPE: 13.082, 10.660; Q10: 4.058, 3.974; Q50: 8.595, 8.478; Q90: 4.270, 4.166;
| 12 Horizon | RMSE: 32.217, 30.667; MAE: 20.073, 19.736; MAPE: 15.434, 12.133; Q10: 4.650, 4.530; Q50: 10.036, 9.868; Q90: 5.421, 5.246;
epoch 20 time used: 73  seconds  train loss: 14.507 val loss: 5.711777 test loss: 5.599455
In spatial CL model  Epoch 21: 
| 3  Horizon | RMSE: 25.229, 24.181; MAE: 15.920, 15.700; MAPE: 13.015, 10.287; Q10: 3.800, 3.687; Q50: 7.960, 7.850; Q90: 3.758, 3.689;
| 6  Horizon | RMSE: 27.719, 26.642; MAE: 17.189, 17.021; MAPE: 14.274, 11.009; Q10: 4.196, 4.076; Q50: 8.595, 8.510; Q90: 4.169, 4.123;
| 12 Horizon | RMSE: 31.661, 30.287; MAE: 19.650, 19.346; MAPE: 16.292, 12.402; Q10: 4.795, 4.640; Q50: 9.825, 9.673; Q90: 4.923, 4.843;
In quantile CL model  Epoch 21: 
| 3  Horizon | RMSE: 25.660, 24.376; MAE: 16.177, 15.877; MAPE: 12.159, 10.360; Q10: 3.832, 3.684; Q50: 8.089, 7.939; Q90: 3.901, 3.823;
| 6  Horizon | RMSE: 28.320, 27.276; MAE: 17.717, 17.491; MAPE: 13.093, 10.795; Q10: 4.124, 3.996; Q50: 8.859, 8.746; Q90: 4.461, 4.431;
| 12 Horizon | RMSE: 32.614, 31.632; MAE: 20.675, 20.417; MAPE: 14.893, 12.287; Q10: 4.706, 4.541; Q50: 10.337, 10.209; Q90: 5.617, 5.606;
In temporal CL model  Epoch 21: 
| 3  Horizon | RMSE: 25.087, 23.907; MAE: 15.826, 15.488; MAPE: 12.327, 9.924; Q10: 3.763, 3.644; Q50: 7.913, 7.744; Q90: 3.756, 3.648;
| 6  Horizon | RMSE: 27.517, 26.321; MAE: 17.133, 16.820; MAPE: 13.396, 10.594; Q10: 4.104, 3.988; Q50: 8.567, 8.410; Q90: 4.230, 4.114;
| 12 Horizon | RMSE: 31.864, 30.166; MAE: 19.765, 19.314; MAPE: 15.677, 11.984; Q10: 4.673, 4.520; Q50: 9.882, 9.657; Q90: 5.199, 4.998;
epoch 21 time used: 72  seconds  train loss: 14.483 val loss: 5.677807 test loss: 5.541317
In spatial CL model  Epoch 22: 
| 3  Horizon | RMSE: 25.294, 24.207; MAE: 15.894, 15.641; MAPE: 12.562, 9.888; Q10: 3.773, 3.667; Q50: 7.947, 7.820; Q90: 3.782, 3.705;
| 6  Horizon | RMSE: 27.855, 26.756; MAE: 17.190, 17.073; MAPE: 13.955, 10.895; Q10: 4.151, 4.046; Q50: 8.595, 8.537; Q90: 4.168, 4.149;
| 12 Horizon | RMSE: 31.832, 30.448; MAE: 19.628, 19.501; MAPE: 16.316, 12.713; Q10: 4.760, 4.628; Q50: 9.814, 9.751; Q90: 4.926, 4.887;
In quantile CL model  Epoch 22: 
| 3  Horizon | RMSE: 25.652, 24.376; MAE: 16.171, 15.877; MAPE: 12.161, 10.360; Q10: 3.830, 3.684; Q50: 8.085, 7.939; Q90: 3.899, 3.823;
| 6  Horizon | RMSE: 28.315, 27.276; MAE: 17.713, 17.491; MAPE: 13.093, 10.795; Q10: 4.123, 3.996; Q50: 8.857, 8.746; Q90: 4.460, 4.431;
| 12 Horizon | RMSE: 32.606, 31.632; MAE: 20.673, 20.417; MAPE: 14.901, 12.287; Q10: 4.706, 4.541; Q50: 10.336, 10.209; Q90: 5.615, 5.606;
In temporal CL model  Epoch 22: 
| 3  Horizon | RMSE: 25.151, 24.019; MAE: 15.859, 15.562; MAPE: 11.994, 9.784; Q10: 3.755, 3.643; Q50: 7.930, 7.781; Q90: 3.784, 3.690;
| 6  Horizon | RMSE: 27.596, 26.439; MAE: 17.161, 16.914; MAPE: 13.218, 10.634; Q10: 4.083, 3.988; Q50: 8.580, 8.457; Q90: 4.207, 4.111;
| 12 Horizon | RMSE: 31.907, 30.226; MAE: 19.770, 19.415; MAPE: 15.741, 12.185; Q10: 4.674, 4.521; Q50: 9.885, 9.708; Q90: 5.172, 5.000;
epoch 22 time used: 75  seconds  train loss: 14.466 val loss: 5.674674 test loss: 5.555608
In spatial CL model  Epoch 23: 
| 3  Horizon | RMSE: 25.440, 24.303; MAE: 15.969, 15.759; MAPE: 12.663, 10.239; Q10: 3.795, 3.695; Q50: 7.985, 7.880; Q90: 3.808, 3.737;
| 6  Horizon | RMSE: 27.976, 26.787; MAE: 17.271, 17.075; MAPE: 13.910, 10.930; Q10: 4.163, 4.038; Q50: 8.635, 8.537; Q90: 4.205, 4.158;
| 12 Horizon | RMSE: 31.854, 30.327; MAE: 19.673, 19.369; MAPE: 16.223, 12.598; Q10: 4.766, 4.592; Q50: 9.836, 9.684; Q90: 4.921, 4.826;
In quantile CL model  Epoch 23: 
| 3  Horizon | RMSE: 25.649, 24.376; MAE: 16.168, 15.877; MAPE: 12.171, 10.360; Q10: 3.830, 3.684; Q50: 8.084, 7.939; Q90: 3.899, 3.823;
| 6  Horizon | RMSE: 28.308, 27.276; MAE: 17.707, 17.491; MAPE: 13.104, 10.795; Q10: 4.122, 3.996; Q50: 8.853, 8.746; Q90: 4.459, 4.431;
| 12 Horizon | RMSE: 32.598, 31.632; MAE: 20.663, 20.417; MAPE: 14.906, 12.287; Q10: 4.702, 4.541; Q50: 10.331, 10.209; Q90: 5.614, 5.606;
In temporal CL model  Epoch 23: 
| 3  Horizon | RMSE: 25.183, 24.044; MAE: 15.881, 15.573; MAPE: 12.082, 9.884; Q10: 3.759, 3.638; Q50: 7.940, 7.786; Q90: 3.815, 3.726;
| 6  Horizon | RMSE: 27.734, 26.591; MAE: 17.284, 16.999; MAPE: 13.120, 10.540; Q10: 4.071, 3.951; Q50: 8.642, 8.500; Q90: 4.355, 4.267;
| 12 Horizon | RMSE: 32.125, 30.449; MAE: 20.004, 19.527; MAPE: 15.393, 11.857; Q10: 4.650, 4.473; Q50: 10.002, 9.763; Q90: 5.307, 5.128;
epoch 23 time used: 73  seconds  train loss: 14.434 val loss: 5.731649 test loss: 5.601116
In spatial CL model  Epoch 24: 
| 3  Horizon | RMSE: 25.206, 24.186; MAE: 15.915, 15.675; MAPE: 12.806, 10.120; Q10: 3.777, 3.671; Q50: 7.958, 7.838; Q90: 3.765, 3.698;
| 6  Horizon | RMSE: 27.640, 26.620; MAE: 17.126, 16.986; MAPE: 13.935, 10.837; Q10: 4.129, 4.016; Q50: 8.563, 8.493; Q90: 4.170, 4.151;
| 12 Horizon | RMSE: 31.508, 30.237; MAE: 19.520, 19.423; MAPE: 16.282, 12.679; Q10: 4.725, 4.578; Q50: 9.760, 9.712; Q90: 4.877, 4.872;
In quantile CL model  Epoch 24: 
| 3  Horizon | RMSE: 25.649, 24.376; MAE: 16.166, 15.877; MAPE: 12.171, 10.360; Q10: 3.829, 3.684; Q50: 8.083, 7.939; Q90: 3.898, 3.823;
| 6  Horizon | RMSE: 28.305, 27.276; MAE: 17.703, 17.491; MAPE: 13.103, 10.795; Q10: 4.122, 3.996; Q50: 8.851, 8.746; Q90: 4.456, 4.431;
| 12 Horizon | RMSE: 32.606, 31.632; MAE: 20.667, 20.417; MAPE: 14.904, 12.287; Q10: 4.705, 4.541; Q50: 10.334, 10.209; Q90: 5.613, 5.606;
In temporal CL model  Epoch 24: 
| 3  Horizon | RMSE: 25.239, 24.052; MAE: 16.020, 15.608; MAPE: 12.078, 9.884; Q10: 3.782, 3.643; Q50: 8.010, 7.804; Q90: 3.835, 3.722;
| 6  Horizon | RMSE: 27.623, 26.472; MAE: 17.309, 16.978; MAPE: 13.097, 10.600; Q10: 4.088, 3.970; Q50: 8.655, 8.489; Q90: 4.320, 4.204;
| 12 Horizon | RMSE: 31.896, 30.363; MAE: 19.903, 19.567; MAPE: 15.453, 12.155; Q10: 4.651, 4.514; Q50: 9.952, 9.783; Q90: 5.288, 5.110;
epoch 24 time used: 72  seconds  train loss: 14.422 val loss: 5.735905 test loss: 5.602934
In spatial CL model  Epoch 25: 
| 3  Horizon | RMSE: 25.159, 24.206; MAE: 15.834, 15.710; MAPE: 12.805, 10.141; Q10: 3.768, 3.689; Q50: 7.917, 7.855; Q90: 3.766, 3.727;
| 6  Horizon | RMSE: 27.721, 26.813; MAE: 17.159, 17.198; MAPE: 14.033, 10.978; Q10: 4.122, 4.050; Q50: 8.580, 8.599; Q90: 4.169, 4.201;
| 12 Horizon | RMSE: 31.634, 30.491; MAE: 19.552, 19.611; MAPE: 16.387, 12.821; Q10: 4.770, 4.696; Q50: 9.776, 9.805; Q90: 4.941, 4.974;
In quantile CL model  Epoch 25: 
| 3  Horizon | RMSE: 25.635, 24.376; MAE: 16.164, 15.877; MAPE: 12.168, 10.360; Q10: 3.829, 3.684; Q50: 8.082, 7.939; Q90: 3.897, 3.823;
| 6  Horizon | RMSE: 28.290, 27.276; MAE: 17.705, 17.491; MAPE: 13.100, 10.795; Q10: 4.121, 3.996; Q50: 8.852, 8.746; Q90: 4.458, 4.431;
| 12 Horizon | RMSE: 32.602, 31.632; MAE: 20.665, 20.417; MAPE: 14.906, 12.287; Q10: 4.704, 4.541; Q50: 10.333, 10.209; Q90: 5.614, 5.606;
In temporal CL model  Epoch 25: 
| 3  Horizon | RMSE: 25.095, 23.919; MAE: 15.825, 15.512; MAPE: 12.168, 9.872; Q10: 3.757, 3.639; Q50: 7.913, 7.756; Q90: 3.781, 3.683;
| 6  Horizon | RMSE: 27.575, 26.398; MAE: 17.193, 16.963; MAPE: 13.369, 10.730; Q10: 4.073, 3.974; Q50: 8.597, 8.482; Q90: 4.282, 4.184;
| 12 Horizon | RMSE: 31.940, 30.301; MAE: 19.856, 19.572; MAPE: 15.842, 12.342; Q10: 4.700, 4.575; Q50: 9.928, 9.786; Q90: 5.369, 5.201;
***************************
***************************
temporal CL model  Early stopping at epoch: 25
***************************
***************************
epoch 25 time used: 73  seconds  train loss: 14.36 val loss: 5.706021 test loss: 5.59377
In spatial CL model  Epoch 26: 
| 3  Horizon | RMSE: 25.440, 24.326; MAE: 15.977, 15.722; MAPE: 12.799, 9.954; Q10: 3.756, 3.642; Q50: 7.989, 7.861; Q90: 3.834, 3.771;
| 6  Horizon | RMSE: 28.043, 26.907; MAE: 17.297, 17.162; MAPE: 14.062, 10.833; Q10: 4.118, 4.014; Q50: 8.648, 8.581; Q90: 4.345, 4.345;
| 12 Horizon | RMSE: 32.004, 30.527; MAE: 19.694, 19.517; MAPE: 16.335, 12.598; Q10: 4.739, 4.588; Q50: 9.847, 9.759; Q90: 5.049, 5.002;
In quantile CL model  Epoch 26: 
| 3  Horizon | RMSE: 25.655, 24.376; MAE: 16.172, 15.877; MAPE: 12.157, 10.360; Q10: 3.831, 3.684; Q50: 8.086, 7.939; Q90: 3.900, 3.823;
| 6  Horizon | RMSE: 28.313, 27.276; MAE: 17.713, 17.491; MAPE: 13.097, 10.795; Q10: 4.123, 3.996; Q50: 8.856, 8.746; Q90: 4.459, 4.431;
| 12 Horizon | RMSE: 32.608, 31.632; MAE: 20.671, 20.417; MAPE: 14.901, 12.287; Q10: 4.705, 4.541; Q50: 10.336, 10.209; Q90: 5.615, 5.606;
In temporal CL model  Epoch 26: 
| 3  Horizon | RMSE: 25.092, 23.919; MAE: 15.822, 15.512; MAPE: 12.174, 9.872; Q10: 3.757, 3.639; Q50: 7.911, 7.756; Q90: 3.780, 3.683;
| 6  Horizon | RMSE: 27.568, 26.398; MAE: 17.192, 16.963; MAPE: 13.380, 10.730; Q10: 4.073, 3.974; Q50: 8.596, 8.482; Q90: 4.282, 4.184;
| 12 Horizon | RMSE: 31.938, 30.301; MAE: 19.853, 19.572; MAPE: 15.859, 12.342; Q10: 4.701, 4.575; Q50: 9.927, 9.786; Q90: 5.368, 5.201;
epoch 26 time used: 43  seconds  train loss: 14.389 val loss: 5.70485 test loss: 5.59377
In spatial CL model  Epoch 27: 
| 3  Horizon | RMSE: 25.305, 24.249; MAE: 15.861, 15.674; MAPE: 12.876, 10.105; Q10: 3.782, 3.698; Q50: 7.930, 7.837; Q90: 3.783, 3.710;
| 6  Horizon | RMSE: 27.895, 26.796; MAE: 17.143, 17.053; MAPE: 14.145, 11.016; Q10: 4.172, 4.089; Q50: 8.572, 8.527; Q90: 4.227, 4.203;
| 12 Horizon | RMSE: 31.902, 30.464; MAE: 19.593, 19.427; MAPE: 16.221, 12.547; Q10: 4.748, 4.597; Q50: 9.796, 9.713; Q90: 5.015, 4.966;
In quantile CL model  Epoch 27: 
| 3  Horizon | RMSE: 25.658, 24.376; MAE: 16.177, 15.877; MAPE: 12.160, 10.360; Q10: 3.831, 3.684; Q50: 8.089, 7.939; Q90: 3.901, 3.823;
| 6  Horizon | RMSE: 28.318, 27.276; MAE: 17.718, 17.491; MAPE: 13.093, 10.795; Q10: 4.124, 3.996; Q50: 8.859, 8.746; Q90: 4.461, 4.431;
| 12 Horizon | RMSE: 32.621, 31.632; MAE: 20.682, 20.417; MAPE: 14.899, 12.287; Q10: 4.708, 4.541; Q50: 10.341, 10.209; Q90: 5.619, 5.606;
In temporal CL model  Epoch 27: 
| 3  Horizon | RMSE: 25.095, 23.919; MAE: 15.824, 15.512; MAPE: 12.170, 9.872; Q10: 3.758, 3.639; Q50: 7.912, 7.756; Q90: 3.780, 3.683;
| 6  Horizon | RMSE: 27.576, 26.398; MAE: 17.192, 16.963; MAPE: 13.376, 10.730; Q10: 4.074, 3.974; Q50: 8.596, 8.482; Q90: 4.281, 4.184;
| 12 Horizon | RMSE: 31.937, 30.301; MAE: 19.855, 19.572; MAPE: 15.854, 12.342; Q10: 4.701, 4.575; Q50: 9.927, 9.786; Q90: 5.368, 5.201;
epoch 27 time used: 45  seconds  train loss: 14.373 val loss: 5.70598 test loss: 5.59377
In spatial CL model  Epoch 28: 
| 3  Horizon | RMSE: 25.296, 24.230; MAE: 15.832, 15.657; MAPE: 12.954, 10.168; Q10: 3.776, 3.698; Q50: 7.916, 7.828; Q90: 3.786, 3.726;
| 6  Horizon | RMSE: 27.852, 26.786; MAE: 17.110, 17.072; MAPE: 14.180, 11.099; Q10: 4.163, 4.092; Q50: 8.555, 8.536; Q90: 4.169, 4.153;
| 12 Horizon | RMSE: 31.845, 30.391; MAE: 19.534, 19.394; MAPE: 16.292, 12.723; Q10: 4.763, 4.643; Q50: 9.767, 9.697; Q90: 4.971, 4.921;
In quantile CL model  Epoch 28: 
| 3  Horizon | RMSE: 25.646, 24.376; MAE: 16.166, 15.877; MAPE: 12.168, 10.360; Q10: 3.829, 3.684; Q50: 8.083, 7.939; Q90: 3.898, 3.823;
| 6  Horizon | RMSE: 28.301, 27.276; MAE: 17.706, 17.491; MAPE: 13.101, 10.795; Q10: 4.121, 3.996; Q50: 8.853, 8.746; Q90: 4.458, 4.431;
| 12 Horizon | RMSE: 32.600, 31.632; MAE: 20.665, 20.417; MAPE: 14.904, 12.287; Q10: 4.703, 4.541; Q50: 10.332, 10.209; Q90: 5.615, 5.606;
In temporal CL model  Epoch 28: 
| 3  Horizon | RMSE: 25.083, 23.919; MAE: 15.816, 15.512; MAPE: 12.168, 9.872; Q10: 3.756, 3.639; Q50: 7.908, 7.756; Q90: 3.778, 3.683;
| 6  Horizon | RMSE: 27.556, 26.398; MAE: 17.183, 16.963; MAPE: 13.374, 10.730; Q10: 4.072, 3.974; Q50: 8.592, 8.482; Q90: 4.278, 4.184;
| 12 Horizon | RMSE: 31.918, 30.301; MAE: 19.842, 19.572; MAPE: 15.842, 12.342; Q10: 4.697, 4.575; Q50: 9.921, 9.786; Q90: 5.363, 5.201;
epoch 28 time used: 42  seconds  train loss: 14.356 val loss: 5.702141 test loss: 5.59377
In spatial CL model  Epoch 29: 
| 3  Horizon | RMSE: 25.364, 24.303; MAE: 15.915, 15.727; MAPE: 12.831, 10.051; Q10: 3.767, 3.693; Q50: 7.958, 7.863; Q90: 3.817, 3.761;
| 6  Horizon | RMSE: 27.906, 26.817; MAE: 17.169, 17.123; MAPE: 14.147, 11.060; Q10: 4.132, 4.061; Q50: 8.585, 8.561; Q90: 4.271, 4.253;
| 12 Horizon | RMSE: 31.870, 30.385; MAE: 19.610, 19.482; MAPE: 16.311, 12.716; Q10: 4.746, 4.633; Q50: 9.805, 9.741; Q90: 5.034, 4.994;
In quantile CL model  Epoch 29: 
| 3  Horizon | RMSE: 25.657, 24.376; MAE: 16.173, 15.877; MAPE: 12.161, 10.360; Q10: 3.831, 3.684; Q50: 8.087, 7.939; Q90: 3.900, 3.823;
| 6  Horizon | RMSE: 28.318, 27.276; MAE: 17.714, 17.491; MAPE: 13.092, 10.795; Q10: 4.123, 3.996; Q50: 8.857, 8.746; Q90: 4.460, 4.431;
| 12 Horizon | RMSE: 32.619, 31.632; MAE: 20.678, 20.417; MAPE: 14.895, 12.287; Q10: 4.706, 4.541; Q50: 10.339, 10.209; Q90: 5.618, 5.606;
In temporal CL model  Epoch 29: 
| 3  Horizon | RMSE: 25.097, 23.919; MAE: 15.825, 15.512; MAPE: 12.167, 9.872; Q10: 3.758, 3.639; Q50: 7.912, 7.756; Q90: 3.781, 3.683;
| 6  Horizon | RMSE: 27.578, 26.398; MAE: 17.192, 16.963; MAPE: 13.373, 10.730; Q10: 4.074, 3.974; Q50: 8.596, 8.482; Q90: 4.282, 4.184;
| 12 Horizon | RMSE: 31.936, 30.301; MAE: 19.850, 19.572; MAPE: 15.848, 12.342; Q10: 4.701, 4.575; Q50: 9.925, 9.786; Q90: 5.366, 5.201;
epoch 29 time used: 43  seconds  train loss: 14.346 val loss: 5.705156 test loss: 5.59377
In spatial CL model  Epoch 30: 
| 3  Horizon | RMSE: 25.300, 24.265; MAE: 15.865, 15.698; MAPE: 13.032, 10.060; Q10: 3.761, 3.666; Q50: 7.933, 7.849; Q90: 3.829, 3.794;
| 6  Horizon | RMSE: 27.907, 26.897; MAE: 17.200, 17.195; MAPE: 14.194, 10.992; Q10: 4.128, 4.038; Q50: 8.600, 8.597; Q90: 4.275, 4.316;
| 12 Horizon | RMSE: 32.054, 30.711; MAE: 19.795, 19.705; MAPE: 16.192, 12.508; Q10: 4.725, 4.573; Q50: 9.898, 9.853; Q90: 5.066, 5.099;
In quantile CL model  Epoch 30: 
| 3  Horizon | RMSE: 25.644, 24.376; MAE: 16.165, 15.877; MAPE: 12.167, 10.360; Q10: 3.829, 3.684; Q50: 8.082, 7.939; Q90: 3.897, 3.823;
| 6  Horizon | RMSE: 28.297, 27.276; MAE: 17.702, 17.491; MAPE: 13.096, 10.795; Q10: 4.121, 3.996; Q50: 8.851, 8.746; Q90: 4.457, 4.431;
| 12 Horizon | RMSE: 32.601, 31.632; MAE: 20.664, 20.417; MAPE: 14.902, 12.287; Q10: 4.703, 4.541; Q50: 10.332, 10.209; Q90: 5.614, 5.606;
In temporal CL model  Epoch 30: 
| 3  Horizon | RMSE: 25.086, 23.919; MAE: 15.815, 15.512; MAPE: 12.170, 9.872; Q10: 3.756, 3.639; Q50: 7.908, 7.756; Q90: 3.778, 3.683;
| 6  Horizon | RMSE: 27.568, 26.398; MAE: 17.184, 16.963; MAPE: 13.366, 10.730; Q10: 4.072, 3.974; Q50: 8.592, 8.482; Q90: 4.280, 4.184;
| 12 Horizon | RMSE: 31.925, 30.301; MAE: 19.844, 19.572; MAPE: 15.845, 12.342; Q10: 4.697, 4.575; Q50: 9.922, 9.786; Q90: 5.366, 5.201;
epoch 30 time used: 43  seconds  train loss: 14.302 val loss: 5.702952 test loss: 5.59377
In spatial CL model  Epoch 31: 
| 3  Horizon | RMSE: 25.312, 24.177; MAE: 15.846, 15.611; MAPE: 13.028, 10.006; Q10: 3.760, 3.662; Q50: 7.923, 7.806; Q90: 3.786, 3.713;
| 6  Horizon | RMSE: 27.917, 26.733; MAE: 17.145, 17.024; MAPE: 14.236, 10.911; Q10: 4.119, 4.014; Q50: 8.572, 8.512; Q90: 4.206, 4.175;
| 12 Horizon | RMSE: 32.063, 30.378; MAE: 19.681, 19.379; MAPE: 16.327, 12.441; Q10: 4.744, 4.574; Q50: 9.840, 9.690; Q90: 5.079, 4.981;
In quantile CL model  Epoch 31: 
| 3  Horizon | RMSE: 25.651, 24.376; MAE: 16.168, 15.877; MAPE: 12.164, 10.360; Q10: 3.829, 3.684; Q50: 8.084, 7.939; Q90: 3.899, 3.823;
| 6  Horizon | RMSE: 28.311, 27.276; MAE: 17.709, 17.491; MAPE: 13.091, 10.795; Q10: 4.122, 3.996; Q50: 8.854, 8.746; Q90: 4.459, 4.431;
| 12 Horizon | RMSE: 32.610, 31.632; MAE: 20.670, 20.417; MAPE: 14.898, 12.287; Q10: 4.705, 4.541; Q50: 10.335, 10.209; Q90: 5.616, 5.606;
In temporal CL model  Epoch 31: 
| 3  Horizon | RMSE: 25.092, 23.919; MAE: 15.821, 15.512; MAPE: 12.169, 9.872; Q10: 3.757, 3.639; Q50: 7.911, 7.756; Q90: 3.779, 3.683;
| 6  Horizon | RMSE: 27.571, 26.398; MAE: 17.189, 16.963; MAPE: 13.378, 10.730; Q10: 4.073, 3.974; Q50: 8.595, 8.482; Q90: 4.281, 4.184;
| 12 Horizon | RMSE: 31.933, 30.301; MAE: 19.851, 19.572; MAPE: 15.857, 12.342; Q10: 4.700, 4.575; Q50: 9.926, 9.786; Q90: 5.367, 5.201;
epoch 31 time used: 42  seconds  train loss: 14.29 val loss: 5.704641 test loss: 5.59377
In spatial CL model  Epoch 32: 
| 3  Horizon | RMSE: 25.284, 24.235; MAE: 15.852, 15.668; MAPE: 13.146, 10.157; Q10: 3.770, 3.689; Q50: 7.926, 7.834; Q90: 3.784, 3.726;
| 6  Horizon | RMSE: 27.883, 26.762; MAE: 17.173, 17.014; MAPE: 14.141, 10.785; Q10: 4.112, 4.005; Q50: 8.587, 8.507; Q90: 4.240, 4.216;
| 12 Horizon | RMSE: 31.836, 30.248; MAE: 19.611, 19.301; MAPE: 16.257, 12.405; Q10: 4.730, 4.556; Q50: 9.806, 9.651; Q90: 5.029, 4.934;
In quantile CL model  Epoch 32: 
| 3  Horizon | RMSE: 25.655, 24.376; MAE: 16.172, 15.877; MAPE: 12.165, 10.360; Q10: 3.830, 3.684; Q50: 8.086, 7.939; Q90: 3.900, 3.823;
| 6  Horizon | RMSE: 28.312, 27.276; MAE: 17.711, 17.491; MAPE: 13.099, 10.795; Q10: 4.122, 3.996; Q50: 8.855, 8.746; Q90: 4.460, 4.431;
| 12 Horizon | RMSE: 32.609, 31.632; MAE: 20.670, 20.417; MAPE: 14.904, 12.287; Q10: 4.705, 4.541; Q50: 10.335, 10.209; Q90: 5.616, 5.606;
In temporal CL model  Epoch 32: 
| 3  Horizon | RMSE: 25.092, 23.919; MAE: 15.823, 15.512; MAPE: 12.170, 9.872; Q10: 3.758, 3.639; Q50: 7.911, 7.756; Q90: 3.780, 3.683;
| 6  Horizon | RMSE: 27.568, 26.398; MAE: 17.188, 16.963; MAPE: 13.370, 10.730; Q10: 4.073, 3.974; Q50: 8.594, 8.482; Q90: 4.280, 4.184;
| 12 Horizon | RMSE: 31.934, 30.301; MAE: 19.853, 19.572; MAPE: 15.852, 12.342; Q10: 4.700, 4.575; Q50: 9.926, 9.786; Q90: 5.368, 5.201;
epoch 32 time used: 43  seconds  train loss: 14.285 val loss: 5.704748 test loss: 5.59377
In spatial CL model  Epoch 33: 
| 3  Horizon | RMSE: 25.313, 24.192; MAE: 15.842, 15.627; MAPE: 13.034, 10.064; Q10: 3.768, 3.679; Q50: 7.921, 7.814; Q90: 3.788, 3.712;
| 6  Horizon | RMSE: 27.886, 26.701; MAE: 17.113, 16.974; MAPE: 14.184, 10.902; Q10: 4.148, 4.059; Q50: 8.556, 8.487; Q90: 4.173, 4.129;
| 12 Horizon | RMSE: 31.982, 30.408; MAE: 19.644, 19.427; MAPE: 16.288, 12.547; Q10: 4.780, 4.633; Q50: 9.822, 9.713; Q90: 4.991, 4.921;
In quantile CL model  Epoch 33: 
| 3  Horizon | RMSE: 25.641, 24.376; MAE: 16.163, 15.877; MAPE: 12.156, 10.360; Q10: 3.828, 3.684; Q50: 8.082, 7.939; Q90: 3.897, 3.823;
| 6  Horizon | RMSE: 28.298, 27.276; MAE: 17.702, 17.491; MAPE: 13.092, 10.795; Q10: 4.121, 3.996; Q50: 8.851, 8.746; Q90: 4.456, 4.431;
| 12 Horizon | RMSE: 32.591, 31.632; MAE: 20.660, 20.417; MAPE: 14.895, 12.287; Q10: 4.703, 4.541; Q50: 10.330, 10.209; Q90: 5.610, 5.606;
In temporal CL model  Epoch 33: 
| 3  Horizon | RMSE: 25.090, 23.919; MAE: 15.822, 15.512; MAPE: 12.172, 9.872; Q10: 3.757, 3.639; Q50: 7.911, 7.756; Q90: 3.780, 3.683;
| 6  Horizon | RMSE: 27.565, 26.398; MAE: 17.187, 16.963; MAPE: 13.372, 10.730; Q10: 4.072, 3.974; Q50: 8.594, 8.482; Q90: 4.281, 4.184;
| 12 Horizon | RMSE: 31.929, 30.301; MAE: 19.848, 19.572; MAPE: 15.847, 12.342; Q10: 4.700, 4.575; Q50: 9.924, 9.786; Q90: 5.366, 5.201;
epoch 33 time used: 43  seconds  train loss: 14.273 val loss: 5.704224 test loss: 5.59377
In spatial CL model  Epoch 34: 
| 3  Horizon | RMSE: 25.385, 24.268; MAE: 15.860, 15.704; MAPE: 13.026, 10.236; Q10: 3.800, 3.733; Q50: 7.930, 7.852; Q90: 3.791, 3.722;
| 6  Horizon | RMSE: 27.980, 26.862; MAE: 17.162, 17.137; MAPE: 14.180, 11.123; Q10: 4.180, 4.124; Q50: 8.581, 8.569; Q90: 4.237, 4.221;
| 12 Horizon | RMSE: 31.988, 30.450; MAE: 19.626, 19.460; MAPE: 16.146, 12.586; Q10: 4.761, 4.635; Q50: 9.813, 9.730; Q90: 5.022, 4.974;
***************************
***************************
spatial CL model  Early stopping at epoch: 34
***************************
***************************
In quantile CL model  Epoch 34: 
| 3  Horizon | RMSE: 25.651, 24.376; MAE: 16.172, 15.877; MAPE: 12.167, 10.360; Q10: 3.831, 3.684; Q50: 8.086, 7.939; Q90: 3.900, 3.823;
| 6  Horizon | RMSE: 28.307, 27.276; MAE: 17.707, 17.491; MAPE: 13.097, 10.795; Q10: 4.122, 3.996; Q50: 8.854, 8.746; Q90: 4.458, 4.431;
| 12 Horizon | RMSE: 32.606, 31.632; MAE: 20.672, 20.417; MAPE: 14.902, 12.287; Q10: 4.705, 4.541; Q50: 10.336, 10.209; Q90: 5.615, 5.606;
In temporal CL model  Epoch 34: 
| 3  Horizon | RMSE: 25.086, 23.919; MAE: 15.824, 15.512; MAPE: 12.168, 9.872; Q10: 3.758, 3.639; Q50: 7.912, 7.756; Q90: 3.780, 3.683;
| 6  Horizon | RMSE: 27.569, 26.398; MAE: 17.196, 16.963; MAPE: 13.374, 10.730; Q10: 4.074, 3.974; Q50: 8.598, 8.482; Q90: 4.283, 4.184;
| 12 Horizon | RMSE: 31.938, 30.301; MAE: 19.855, 19.572; MAPE: 15.847, 12.342; Q10: 4.701, 4.575; Q50: 9.927, 9.786; Q90: 5.369, 5.201;
epoch 34 time used: 44  seconds  train loss: 14.262 val loss: 5.706177 test loss: 5.59377
***************************
***************************
stacking start: 
***************************
***************************
In Stacking model  Epoch 0: 
| 3  Horizon | RMSE: 24.684, 23.583; MAE: 15.666, 15.245; MAPE: 12.156, 9.603; Q10: 3.701, 3.565; Q50: 7.833, 7.622; Q90: 3.669, 3.598;
| 6  Horizon | RMSE: 26.940, 25.893; MAE: 16.838, 16.500; MAPE: 13.315, 10.319; Q10: 4.009, 3.867; Q50: 8.419, 8.250; Q90: 4.059, 4.028;
| 12 Horizon | RMSE: 30.683, 29.257; MAE: 19.110, 18.674; MAPE: 15.515, 11.717; Q10: 4.568, 4.378; Q50: 9.555, 9.337; Q90: 4.791, 4.753;
----------val loss is :  5.529076 ----------test loss is :  5.408987
In Stacking model  Epoch 1: 
| 3  Horizon | RMSE: 24.680, 23.671; MAE: 15.578, 15.369; MAPE: 12.423, 10.012; Q10: 3.711, 3.591; Q50: 7.789, 7.685; Q90: 3.672, 3.614;
| 6  Horizon | RMSE: 27.020, 26.045; MAE: 16.816, 16.676; MAPE: 13.567, 10.721; Q10: 4.026, 3.895; Q50: 8.408, 8.338; Q90: 4.059, 4.033;
| 12 Horizon | RMSE: 30.795, 29.443; MAE: 19.139, 18.919; MAPE: 15.819, 12.238; Q10: 4.590, 4.411; Q50: 9.569, 9.459; Q90: 4.785, 4.735;
----------val loss is :  5.53136 ----------test loss is :  5.450633
In Stacking model  Epoch 2: 
| 3  Horizon | RMSE: 24.728, 23.660; MAE: 15.612, 15.318; MAPE: 12.417, 9.904; Q10: 3.734, 3.631; Q50: 7.806, 7.659; Q90: 3.661, 3.584;
| 6  Horizon | RMSE: 26.983, 25.953; MAE: 16.773, 16.558; MAPE: 13.542, 10.584; Q10: 4.050, 3.935; Q50: 8.387, 8.279; Q90: 4.023, 3.974;
| 12 Horizon | RMSE: 30.691, 29.301; MAE: 19.043, 18.768; MAPE: 15.786, 12.115; Q10: 4.611, 4.453; Q50: 9.521, 9.384; Q90: 4.725, 4.650;
----------val loss is :  5.521249 ----------test loss is :  5.425983
In Stacking model  Epoch 3: 
| 3  Horizon | RMSE: 24.709, 23.721; MAE: 15.620, 15.454; MAPE: 12.555, 10.160; Q10: 3.735, 3.650; Q50: 7.810, 7.727; Q90: 3.762, 3.736;
| 6  Horizon | RMSE: 27.100, 26.132; MAE: 16.890, 16.789; MAPE: 13.665, 10.829; Q10: 4.051, 3.953; Q50: 8.445, 8.395; Q90: 4.184, 4.194;
| 12 Horizon | RMSE: 30.877, 29.521; MAE: 19.222, 19.038; MAPE: 15.940, 12.388; Q10: 4.621, 4.475; Q50: 9.611, 9.519; Q90: 4.929, 4.907;
----------val loss is :  5.595028 ----------test loss is :  5.542451
In Stacking model  Epoch 4: 
| 3  Horizon | RMSE: 24.665, 23.592; MAE: 15.580, 15.234; MAPE: 12.192, 9.638; Q10: 3.707, 3.595; Q50: 7.790, 7.617; Q90: 3.685, 3.611;
| 6  Horizon | RMSE: 27.019, 25.982; MAE: 16.831, 16.552; MAPE: 13.308, 10.318; Q10: 4.028, 3.906; Q50: 8.415, 8.276; Q90: 4.092, 4.052;
| 12 Horizon | RMSE: 30.733, 29.333; MAE: 19.090, 18.737; MAPE: 15.483, 11.791; Q10: 4.573, 4.410; Q50: 9.545, 9.369; Q90: 4.832, 4.762;
----------val loss is :  5.540178 ----------test loss is :  5.433003
In Stacking model  Epoch 5: 
| 3  Horizon | RMSE: 24.666, 23.587; MAE: 15.583, 15.227; MAPE: 12.211, 9.631; Q10: 3.695, 3.571; Q50: 7.792, 7.614; Q90: 3.679, 3.616;
| 6  Horizon | RMSE: 27.022, 25.971; MAE: 16.838, 16.542; MAPE: 13.328, 10.304; Q10: 4.018, 3.884; Q50: 8.419, 8.271; Q90: 4.084, 4.054;
| 12 Horizon | RMSE: 30.730, 29.307; MAE: 19.086, 18.716; MAPE: 15.507, 11.778; Q10: 4.558, 4.381; Q50: 9.543, 9.358; Q90: 4.820, 4.757;
----------val loss is :  5.532539 ----------test loss is :  5.421713
In Stacking model  Epoch 6: 
| 3  Horizon | RMSE: 24.674, 23.659; MAE: 15.568, 15.370; MAPE: 12.494, 10.078; Q10: 3.707, 3.618; Q50: 7.784, 7.685; Q90: 3.672, 3.572;
| 6  Horizon | RMSE: 27.019, 26.022; MAE: 16.796, 16.657; MAPE: 13.540, 10.698; Q10: 4.028, 3.926; Q50: 8.398, 8.328; Q90: 4.032, 3.959;
| 12 Horizon | RMSE: 30.734, 29.374; MAE: 19.087, 18.890; MAPE: 15.821, 12.273; Q10: 4.585, 4.437; Q50: 9.543, 9.445; Q90: 4.731, 4.629;
----------val loss is :  5.517255 ----------test loss is :  5.43082
In Stacking model  Epoch 7: 
| 3  Horizon | RMSE: 24.662, 23.634; MAE: 15.547, 15.329; MAPE: 12.388, 9.950; Q10: 3.701, 3.600; Q50: 7.774, 7.665; Q90: 3.664, 3.583;
| 6  Horizon | RMSE: 27.037, 26.032; MAE: 16.809, 16.649; MAPE: 13.447, 10.578; Q10: 4.024, 3.912; Q50: 8.405, 8.324; Q90: 4.046, 3.994;
| 12 Horizon | RMSE: 30.744, 29.376; MAE: 19.090, 18.864; MAPE: 15.691, 12.136; Q10: 4.573, 4.418; Q50: 9.545, 9.432; Q90: 4.762, 4.681;
----------val loss is :  5.519463 ----------test loss is :  5.432403
In Stacking model  Epoch 8: 
| 3  Horizon | RMSE: 24.717, 23.720; MAE: 15.632, 15.486; MAPE: 12.687, 10.305; Q10: 3.710, 3.617; Q50: 7.816, 7.743; Q90: 3.695, 3.648;
| 6  Horizon | RMSE: 27.080, 26.111; MAE: 16.876, 16.796; MAPE: 13.710, 10.901; Q10: 4.030, 3.929; Q50: 8.438, 8.398; Q90: 4.100, 4.088;
| 12 Horizon | RMSE: 30.797, 29.457; MAE: 19.172, 19.031; MAPE: 15.982, 12.501; Q10: 4.583, 4.436; Q50: 9.586, 9.515; Q90: 4.827, 4.785;
----------val loss is :  5.553289 ----------test loss is :  5.494546
In Stacking model  Epoch 9: 
| 3  Horizon | RMSE: 24.744, 23.761; MAE: 15.673, 15.550; MAPE: 12.743, 10.392; Q10: 3.744, 3.681; Q50: 7.837, 7.775; Q90: 3.730, 3.696;
| 6  Horizon | RMSE: 27.139, 26.177; MAE: 16.941, 16.881; MAPE: 13.754, 10.979; Q10: 4.057, 3.984; Q50: 8.471, 8.440; Q90: 4.144, 4.147;
| 12 Horizon | RMSE: 30.837, 29.516; MAE: 19.228, 19.108; MAPE: 16.020, 12.576; Q10: 4.623, 4.500; Q50: 9.614, 9.554; Q90: 4.874, 4.847;
----------val loss is :  5.58882 ----------test loss is :  5.547846
In Stacking model  Epoch 10: 
| 3  Horizon | RMSE: 24.661, 23.582; MAE: 15.545, 15.229; MAPE: 12.235, 9.717; Q10: 3.714, 3.636; Q50: 7.772, 7.614; Q90: 3.663, 3.575;
| 6  Horizon | RMSE: 26.995, 25.948; MAE: 16.781, 16.523; MAPE: 13.294, 10.344; Q10: 4.031, 3.943; Q50: 8.390, 8.262; Q90: 4.036, 3.978;
| 12 Horizon | RMSE: 30.666, 29.264; MAE: 19.019, 18.703; MAPE: 15.489, 11.858; Q10: 4.592, 4.455; Q50: 9.510, 9.351; Q90: 4.740, 4.654;
----------val loss is :  5.515138 ----------test loss is :  5.416686
In Stacking model  Epoch 11: 
| 3  Horizon | RMSE: 24.668, 23.584; MAE: 15.553, 15.225; MAPE: 12.224, 9.702; Q10: 3.706, 3.587; Q50: 7.777, 7.612; Q90: 3.676, 3.588;
| 6  Horizon | RMSE: 26.989, 25.938; MAE: 16.779, 16.508; MAPE: 13.293, 10.326; Q10: 4.031, 3.905; Q50: 8.390, 8.254; Q90: 4.070, 4.012;
| 12 Horizon | RMSE: 30.656, 29.248; MAE: 19.012, 18.683; MAPE: 15.489, 11.834; Q10: 4.560, 4.395; Q50: 9.506, 9.342; Q90: 4.792, 4.702;
----------val loss is :  5.522446 ----------test loss is :  5.40928
In Stacking model  Epoch 12: 
| 3  Horizon | RMSE: 24.648, 23.574; MAE: 15.547, 15.220; MAPE: 12.178, 9.644; Q10: 3.689, 3.583; Q50: 7.774, 7.610; Q90: 3.664, 3.587;
| 6  Horizon | RMSE: 27.032, 25.993; MAE: 16.837, 16.564; MAPE: 13.248, 10.286; Q10: 4.008, 3.892; Q50: 8.418, 8.282; Q90: 4.049, 4.004;
| 12 Horizon | RMSE: 30.693, 29.297; MAE: 19.057, 18.718; MAPE: 15.417, 11.769; Q10: 4.556, 4.393; Q50: 9.528, 9.359; Q90: 4.764, 4.689;
----------val loss is :  5.516167 ----------test loss is :  5.409533
In Stacking model  Epoch 13: 
| 3  Horizon | RMSE: 24.661, 23.633; MAE: 15.549, 15.343; MAPE: 12.400, 9.994; Q10: 3.693, 3.585; Q50: 7.775, 7.672; Q90: 3.669, 3.597;
| 6  Horizon | RMSE: 27.043, 26.041; MAE: 16.817, 16.669; MAPE: 13.434, 10.590; Q10: 4.016, 3.899; Q50: 8.408, 8.335; Q90: 4.065, 4.025;
| 12 Horizon | RMSE: 30.716, 29.359; MAE: 19.076, 18.867; MAPE: 15.654, 12.150; Q10: 4.557, 4.396; Q50: 9.538, 9.434; Q90: 4.784, 4.716;
----------val loss is :  5.521469 ----------test loss is :  5.438342
In Stacking model  Epoch 14: 
| 3  Horizon | RMSE: 24.703, 23.696; MAE: 15.610, 15.454; MAPE: 12.664, 10.294; Q10: 3.704, 3.613; Q50: 7.805, 7.727; Q90: 3.658, 3.583;
| 6  Horizon | RMSE: 27.033, 26.045; MAE: 16.817, 16.719; MAPE: 13.647, 10.850; Q10: 4.026, 3.926; Q50: 8.408, 8.359; Q90: 4.017, 3.969;
| 12 Horizon | RMSE: 30.709, 29.372; MAE: 19.094, 18.949; MAPE: 15.911, 12.453; Q10: 4.576, 4.430; Q50: 9.547, 9.475; Q90: 4.706, 4.633;
----------val loss is :  5.513077 ----------test loss is :  5.44183
In Stacking model  Epoch 15: 
| 3  Horizon | RMSE: 24.687, 23.602; MAE: 15.563, 15.237; MAPE: 12.276, 9.736; Q10: 3.707, 3.608; Q50: 7.782, 7.619; Q90: 3.657, 3.578;
| 6  Horizon | RMSE: 26.965, 25.912; MAE: 16.749, 16.482; MAPE: 13.314, 10.338; Q10: 4.031, 3.925; Q50: 8.374, 8.241; Q90: 4.028, 3.979;
| 12 Horizon | RMSE: 30.620, 29.213; MAE: 18.980, 18.659; MAPE: 15.507, 11.859; Q10: 4.573, 4.423; Q50: 9.490, 9.329; Q90: 4.731, 4.653;
----------val loss is :  5.505503 ----------test loss is :  5.402665
In Stacking model  Epoch 16: 
| 3  Horizon | RMSE: 24.659, 23.623; MAE: 15.539, 15.324; MAPE: 12.421, 9.996; Q10: 3.713, 3.625; Q50: 7.769, 7.662; Q90: 3.676, 3.624;
| 6  Horizon | RMSE: 26.991, 25.988; MAE: 16.767, 16.610; MAPE: 13.420, 10.576; Q10: 4.036, 3.940; Q50: 8.384, 8.305; Q90: 4.070, 4.052;
| 12 Horizon | RMSE: 30.657, 29.301; MAE: 19.023, 18.814; MAPE: 15.666, 12.148; Q10: 4.582, 4.443; Q50: 9.512, 9.407; Q90: 4.784, 4.737;
----------val loss is :  5.523664 ----------test loss is :  5.452692
In Stacking model  Epoch 17: 
| 3  Horizon | RMSE: 24.676, 23.597; MAE: 15.546, 15.253; MAPE: 12.284, 9.809; Q10: 3.706, 3.619; Q50: 7.773, 7.627; Q90: 3.667, 3.599;
| 6  Horizon | RMSE: 26.975, 25.934; MAE: 16.748, 16.513; MAPE: 13.309, 10.397; Q10: 4.025, 3.929; Q50: 8.374, 8.256; Q90: 4.058, 4.023;
| 12 Horizon | RMSE: 30.636, 29.241; MAE: 18.991, 18.702; MAPE: 15.513, 11.934; Q10: 4.581, 4.436; Q50: 9.495, 9.351; Q90: 4.774, 4.708;
----------val loss is :  5.515591 ----------test loss is :  5.425119
In Stacking model  Epoch 18: 
| 3  Horizon | RMSE: 24.671, 23.653; MAE: 15.566, 15.378; MAPE: 12.510, 10.109; Q10: 3.694, 3.596; Q50: 7.783, 7.689; Q90: 3.660, 3.588;
| 6  Horizon | RMSE: 27.029, 26.029; MAE: 16.800, 16.671; MAPE: 13.501, 10.677; Q10: 4.017, 3.908; Q50: 8.400, 8.335; Q90: 4.037, 3.997;
| 12 Horizon | RMSE: 30.689, 29.341; MAE: 19.062, 18.877; MAPE: 15.740, 12.252; Q10: 4.564, 4.410; Q50: 9.531, 9.438; Q90: 4.744, 4.674;
----------val loss is :  5.51198 ----------test loss is :  5.433966
In Stacking model  Epoch 19: 
| 3  Horizon | RMSE: 24.676, 23.633; MAE: 15.554, 15.338; MAPE: 12.469, 10.040; Q10: 3.709, 3.614; Q50: 7.777, 7.669; Q90: 3.689, 3.642;
| 6  Horizon | RMSE: 26.992, 25.978; MAE: 16.762, 16.606; MAPE: 13.462, 10.608; Q10: 4.033, 3.930; Q50: 8.381, 8.303; Q90: 4.076, 4.063;
| 12 Horizon | RMSE: 30.640, 29.288; MAE: 19.010, 18.813; MAPE: 15.703, 12.186; Q10: 4.574, 4.430; Q50: 9.505, 9.406; Q90: 4.780, 4.742;
----------val loss is :  5.522245 ----------test loss is :  5.452378
In Stacking model  Epoch 20: 
| 3  Horizon | RMSE: 24.637, 23.587; MAE: 15.521, 15.246; MAPE: 12.256, 9.789; Q10: 3.696, 3.601; Q50: 7.760, 7.623; Q90: 3.662, 3.579;
| 6  Horizon | RMSE: 26.986, 25.956; MAE: 16.759, 16.540; MAPE: 13.285, 10.386; Q10: 4.019, 3.913; Q50: 8.380, 8.270; Q90: 4.046, 3.994;
| 12 Horizon | RMSE: 30.626, 29.256; MAE: 18.990, 18.718; MAPE: 15.491, 11.916; Q10: 4.564, 4.415; Q50: 9.495, 9.359; Q90: 4.753, 4.674;
----------val loss is :  5.506806 ----------test loss is :  5.411991
In Stacking model  Epoch 21: 
| 3  Horizon | RMSE: 24.662, 23.621; MAE: 15.541, 15.318; MAPE: 12.375, 9.950; Q10: 3.717, 3.638; Q50: 7.771, 7.659; Q90: 3.660, 3.579;
| 6  Horizon | RMSE: 27.034, 26.019; MAE: 16.800, 16.634; MAPE: 13.385, 10.535; Q10: 4.037, 3.949; Q50: 8.400, 8.317; Q90: 4.035, 3.985;
| 12 Horizon | RMSE: 30.692, 29.322; MAE: 19.048, 18.821; MAPE: 15.594, 12.089; Q10: 4.594, 4.457; Q50: 9.524, 9.411; Q90: 4.739, 4.659;
----------val loss is :  5.518026 ----------test loss is :  5.436771
In Stacking model  Epoch 22: 
| 3  Horizon | RMSE: 24.664, 23.634; MAE: 15.550, 15.342; MAPE: 12.386, 9.963; Q10: 3.702, 3.609; Q50: 7.775, 7.671; Q90: 3.683, 3.624;
| 6  Horizon | RMSE: 27.062, 26.063; MAE: 16.836, 16.689; MAPE: 13.401, 10.555; Q10: 4.023, 3.922; Q50: 8.418, 8.345; Q90: 4.093, 4.071;
| 12 Horizon | RMSE: 30.722, 29.359; MAE: 19.079, 18.864; MAPE: 15.613, 12.106; Q10: 4.573, 4.425; Q50: 9.540, 9.432; Q90: 4.820, 4.765;
----------val loss is :  5.536795 ----------test loss is :  5.462142
In Stacking model  Epoch 23: 
| 3  Horizon | RMSE: 24.643, 23.596; MAE: 15.527, 15.263; MAPE: 12.227, 9.757; Q10: 3.687, 3.579; Q50: 7.764, 7.632; Q90: 3.684, 3.630;
| 6  Horizon | RMSE: 27.062, 26.041; MAE: 16.838, 16.626; MAPE: 13.269, 10.371; Q10: 4.009, 3.891; Q50: 8.419, 8.313; Q90: 4.092, 4.073;
| 12 Horizon | RMSE: 30.717, 29.332; MAE: 19.066, 18.781; MAPE: 15.447, 11.879; Q10: 4.553, 4.389; Q50: 9.533, 9.391; Q90: 4.817, 4.765;
----------val loss is :  5.528972 ----------test loss is :  5.43977
In Stacking model  Epoch 24: 
| 3  Horizon | RMSE: 24.697, 23.686; MAE: 15.598, 15.441; MAPE: 12.606, 10.235; Q10: 3.722, 3.651; Q50: 7.799, 7.720; Q90: 3.661, 3.584;
| 6  Horizon | RMSE: 27.057, 26.069; MAE: 16.838, 16.741; MAPE: 13.587, 10.790; Q10: 4.039, 3.958; Q50: 8.419, 8.370; Q90: 4.044, 3.999;
| 12 Horizon | RMSE: 30.719, 29.375; MAE: 19.097, 18.944; MAPE: 15.829, 12.375; Q10: 4.601, 4.468; Q50: 9.549, 9.472; Q90: 4.751, 4.676;
----------val loss is :  5.53037 ----------test loss is :  5.463723
In Stacking model  Epoch 25: 
| 3  Horizon | RMSE: 24.641, 23.607; MAE: 15.523, 15.294; MAPE: 12.336, 9.890; Q10: 3.698, 3.607; Q50: 7.762, 7.647; Q90: 3.680, 3.630;
| 6  Horizon | RMSE: 27.010, 26.009; MAE: 16.789, 16.617; MAPE: 13.351, 10.480; Q10: 4.018, 3.919; Q50: 8.394, 8.309; Q90: 4.082, 4.068;
| 12 Horizon | RMSE: 30.673, 29.304; MAE: 19.030, 18.793; MAPE: 15.559, 12.023; Q10: 4.570, 4.422; Q50: 9.515, 9.397; Q90: 4.801, 4.755;
----------val loss is :  5.523947 ----------test loss is :  5.448897
***************************
***************************
Stack Model Early stopping at epoch: 25
***************************
***************************
Model  stgcn3  Best Results:
Epoch {'spatial CL model': 24, 'quantile CL model': 8, 'temporal CL model': 15}: 
=        =        Horizon  3        =        =        =        =        Horizon  6        =        =        =        =        Horizon  12       =        =       
RMSE     MAE      MAPE     Q10      Q50      Q90      RMSE     MAE      MAPE     Q10      Q50      Q90      RMSE     MAE      MAPE     Q10      Q50      Q90     
23.602   15.237   9.736    3.608    7.619    3.578    25.912   16.482   10.338   3.925    8.241    3.979    29.213   18.659   11.859   4.423    9.329    4.653   
Model Training Ended ... Mon Apr  8 18:37:18 2024
