nohup: ignoring input
pdate shape is:  (17856,)
Traceback (most recent call last):
  File "qmain_stacking.py", line 982, in <module>
    main()
  File "qmain_stacking.py", line 955, in main
    timestamp, data = data_preprocess(args.data)
  File "qmain_stacking.py", line 184, in data_preprocess
    time["hour"] = time["date"].apply(lambda x: x.hour)
  File "/jobfs/113170485.gadi-pbs/du1/lib/python3.7/site-packages/pandas/core/series.py", line 4357, in apply
    return SeriesApply(self, func, convert_dtype, args, kwargs).apply()
  File "/jobfs/113170485.gadi-pbs/du1/lib/python3.7/site-packages/pandas/core/apply.py", line 1043, in apply
    return self.apply_standard()
  File "/jobfs/113170485.gadi-pbs/du1/lib/python3.7/site-packages/pandas/core/apply.py", line 1092, in apply_standard
    values = obj.astype(object)._values
  File "/jobfs/113170485.gadi-pbs/du1/lib/python3.7/site-packages/pandas/core/generic.py", line 5815, in astype
    new_data = self._mgr.astype(dtype=dtype, copy=copy, errors=errors)
  File "/jobfs/113170485.gadi-pbs/du1/lib/python3.7/site-packages/pandas/core/internals/managers.py", line 418, in astype
    return self.apply("astype", dtype=dtype, copy=copy, errors=errors)
  File "/jobfs/113170485.gadi-pbs/du1/lib/python3.7/site-packages/pandas/core/internals/managers.py", line 327, in apply
    applied = getattr(b, f)(**kwargs)
  File "/jobfs/113170485.gadi-pbs/du1/lib/python3.7/site-packages/pandas/core/internals/blocks.py", line 591, in astype
    new_values = astype_array_safe(values, dtype, copy=copy, errors=errors)
  File "/jobfs/113170485.gadi-pbs/du1/lib/python3.7/site-packages/pandas/core/dtypes/cast.py", line 1309, in astype_array_safe
    new_values = astype_array(values, dtype, copy=copy)
  File "/jobfs/113170485.gadi-pbs/du1/lib/python3.7/site-packages/pandas/core/dtypes/cast.py", line 1254, in astype_array
    values = values.astype(dtype, copy=copy)
  File "/jobfs/113170485.gadi-pbs/du1/lib/python3.7/site-packages/pandas/core/arrays/datetimes.py", line 646, in astype
    return dtl.DatetimeLikeArrayMixin.astype(self, dtype, copy)
  File "/jobfs/113170485.gadi-pbs/du1/lib/python3.7/site-packages/pandas/core/arrays/datetimelike.py", line 389, in astype
    return self._box_values(self.asi8.ravel()).reshape(self.shape)
  File "/jobfs/113170485.gadi-pbs/du1/lib/python3.7/site-packages/pandas/core/arrays/datetimelike.py", line 268, in _box_values
    return lib.map_infer(values, self._box_func, convert=False)
  File "pandas/_libs/lib.pyx", line 2859, in pandas._libs.lib.map_infer
  File "/jobfs/113170485.gadi-pbs/du1/lib/python3.7/site-packages/pandas/core/arrays/datetimes.py", line 512, in _box_func
    ts = Timestamp(x, tz=self.tz)
KeyboardInterrupt
nohup: ignoring input
pdate shape is:  (17856,)
./save/pems08_stgcn3_in12_out12_addtimeFalse_adjFalse_lr0.001_hc32_train0.6_val0.2_test0.2_seedNone_lossquantile_version4_note:stgcn_stacking_pems08 training started Mon Apr  8 17:42:41 2024
pdate shape is:  (17856,)
data load........
initial data shape is:  (17856, 170, 3)
train_mean shape : (170,)
train  :  (10695, 24, 170, 3)
val  :  (3566, 24, 170, 3)
test  :  (3561, 24, 170, 3)
Model Training Started ... Mon Apr  8 17:42:43 2024
TIMESTEP_IN, TIMESTEP_OUT 12 12
LOSS is : quantile
CL target length = 1
qcl init quantile loss is [0.010000000000000009, 0.5, 0.99]
Quantile cl loss is [0.009999999999999995, 0.5, 0.99]
Temporal CL length = 2
Quantile cl loss is [0.020000000000000004, 0.5, 0.98]
Temporal CL length = 3
Quantile cl loss is [0.03, 0.5, 0.97]
Temporal CL length = 4
Spatial CL target length = 1
Quantile cl loss is [0.04, 0.5, 0.96]
Temporal CL length = 5
Spatial CL target length = 2
In spatial CL model  Epoch 0: 
| 3  Horizon | RMSE: 34.446, 32.601; MAE: 23.892, 23.089; MAPE: 18.911, 16.507; Q10: 5.474, 5.224; Q50: 11.946, 11.544; Q90: 6.138, 5.851;
| 6  Horizon | RMSE: 39.657, 37.652; MAE: 27.063, 26.083; MAPE: 20.800, 18.308; Q10: 6.109, 5.849; Q50: 13.532, 13.041; Q90: 7.255, 6.926;
| 12 Horizon | RMSE: 51.884, 49.444; MAE: 34.451, 33.171; MAPE: 23.927, 21.115; Q10: 7.302, 6.966; Q50: 17.225, 16.586; Q90: 9.543, 9.179;
In quantile CL model  Epoch 0: 
| 3  Horizon | RMSE: 27.859, 26.283; MAE: 18.259, 17.452; MAPE: 13.488, 11.588; Q10: 4.631, 4.515; Q50: 9.129, 8.726; Q90: 4.945, 4.793;
| 6  Horizon | RMSE: 30.384, 28.779; MAE: 19.891, 19.047; MAPE: 14.680, 12.688; Q10: 5.069, 4.925; Q50: 9.946, 9.523; Q90: 5.361, 5.204;
| 12 Horizon | RMSE: 35.649, 33.844; MAE: 23.525, 22.723; MAPE: 17.325, 14.822; Q10: 5.900, 5.679; Q50: 11.762, 11.361; Q90: 6.805, 6.698;
In temporal CL model  Epoch 0: 
| 3  Horizon | RMSE: 27.816, 26.106; MAE: 18.144, 17.363; MAPE: 12.862, 11.150; Q10: 4.242, 4.000; Q50: 9.072, 8.682; Q90: 4.478, 4.292;
| 6  Horizon | RMSE: 113.088, 112.214; MAE: 90.007, 89.503; MAPE: 90.355, 84.788; Q10: 43.893, 44.433; Q50: 45.004, 44.751; Q90: 46.114, 45.070;
| 12 Horizon | RMSE: 112.973, 112.216; MAE: 89.924, 89.511; MAPE: 89.824, 85.004; Q10: 43.667, 44.595; Q50: 44.962, 44.755; Q90: 46.257, 44.916;
epoch 0 time used: 106  seconds  train loss: 19.031 val loss: 28.719849 test loss: 28.471371
Quantile cl loss is [0.05, 0.5, 0.95]
Temporal CL length = 6
Spatial CL target length = 3
Quantile cl loss is [0.06000000000000001, 0.5, 0.94]
Temporal CL length = 7
Spatial CL target length = 4
Quantile cl loss is [0.07, 0.5, 0.9299999999999999]
Temporal CL length = 8
Spatial CL target length = 5
Quantile cl loss is [0.08, 0.5, 0.92]
Temporal CL length = 9
Spatial CL target length = 6
In spatial CL model  Epoch 1: 
| 3  Horizon | RMSE: 28.058, 26.475; MAE: 18.256, 17.637; MAPE: 13.970, 11.967; Q10: 4.279, 4.012; Q50: 9.128, 8.819; Q90: 4.416, 4.250;
| 6  Horizon | RMSE: 30.491, 28.760; MAE: 19.858, 19.209; MAPE: 15.517, 13.276; Q10: 4.637, 4.326; Q50: 9.929, 9.605; Q90: 4.858, 4.686;
| 12 Horizon | RMSE: 35.882, 33.886; MAE: 23.785, 22.973; MAPE: 18.831, 15.505; Q10: 5.545, 5.132; Q50: 11.892, 11.486; Q90: 5.878, 5.725;
In quantile CL model  Epoch 1: 
| 3  Horizon | RMSE: 26.079, 24.882; MAE: 16.796, 16.329; MAPE: 12.276, 10.664; Q10: 4.014, 3.842; Q50: 8.398, 8.164; Q90: 4.061, 3.944;
| 6  Horizon | RMSE: 28.222, 27.069; MAE: 18.081, 17.590; MAPE: 13.087, 11.275; Q10: 4.421, 4.222; Q50: 9.041, 8.795; Q90: 4.429, 4.328;
| 12 Horizon | RMSE: 32.897, 31.392; MAE: 21.268, 20.696; MAPE: 15.834, 13.203; Q10: 5.157, 4.893; Q50: 10.634, 10.348; Q90: 5.269, 5.164;
In temporal CL model  Epoch 1: 
| 3  Horizon | RMSE: 27.128, 25.599; MAE: 17.643, 16.993; MAPE: 12.673, 11.038; Q10: 4.096, 3.873; Q50: 8.822, 8.496; Q90: 4.222, 4.058;
| 6  Horizon | RMSE: 30.361, 28.690; MAE: 19.684, 18.878; MAPE: 13.955, 11.980; Q10: 4.615, 4.364; Q50: 9.842, 9.439; Q90: 4.746, 4.563;
| 12 Horizon | RMSE: 112.988, 112.216; MAE: 89.929, 89.511; MAPE: 89.828, 85.004; Q10: 43.687, 44.595; Q50: 44.964, 44.755; Q90: 46.242, 44.916;
epoch 1 time used: 96  seconds  train loss: 18.046 val loss: 15.888013 test loss: 15.635304
Quantile cl loss is [0.09, 0.5, 0.91]
Temporal CL length = 10
Spatial CL target length = 7
Quantile cl loss is [0.1, 0.5, 0.9]
Temporal CL length = 11
Spatial CL target length = 8
Temporal CL length = 12
Spatial CL target length = 9
Temporal CL length = 13
Spatial CL target length = 10
In spatial CL model  Epoch 2: 
| 3  Horizon | RMSE: 26.783, 25.408; MAE: 17.391, 16.780; MAPE: 12.186, 10.542; Q10: 4.116, 3.923; Q50: 8.695, 8.390; Q90: 4.068, 3.903;
| 6  Horizon | RMSE: 29.358, 27.924; MAE: 19.035, 18.365; MAPE: 13.561, 11.440; Q10: 4.521, 4.288; Q50: 9.517, 9.183; Q90: 4.484, 4.302;
| 12 Horizon | RMSE: 34.620, 33.029; MAE: 22.833, 22.107; MAPE: 16.975, 13.653; Q10: 5.366, 5.001; Q50: 11.416, 11.054; Q90: 5.314, 5.254;
In quantile CL model  Epoch 2: 
| 3  Horizon | RMSE: 25.533, 24.397; MAE: 16.397, 15.941; MAPE: 11.721, 10.228; Q10: 3.925, 3.779; Q50: 8.199, 7.971; Q90: 3.886, 3.791;
| 6  Horizon | RMSE: 27.895, 26.865; MAE: 17.865, 17.419; MAPE: 12.748, 10.946; Q10: 4.262, 4.098; Q50: 8.932, 8.710; Q90: 4.232, 4.170;
| 12 Horizon | RMSE: 32.466, 31.315; MAE: 20.888, 20.518; MAPE: 15.272, 12.785; Q10: 4.937, 4.710; Q50: 10.444, 10.259; Q90: 5.044, 5.045;
In temporal CL model  Epoch 2: 
| 3  Horizon | RMSE: 26.642, 25.207; MAE: 17.250, 16.634; MAPE: 12.089, 10.413; Q10: 3.998, 3.789; Q50: 8.625, 8.317; Q90: 4.087, 3.946;
| 6  Horizon | RMSE: 29.400, 27.883; MAE: 19.079, 18.333; MAPE: 13.307, 11.277; Q10: 4.434, 4.201; Q50: 9.540, 9.166; Q90: 4.547, 4.363;
| 12 Horizon | RMSE: 34.429, 32.800; MAE: 22.761, 21.905; MAPE: 16.243, 13.421; Q10: 5.273, 5.001; Q50: 11.381, 10.953; Q90: 5.567, 5.348;
epoch 2 time used: 105  seconds  train loss: 17.627 val loss: 6.280148 test loss: 6.022066
In spatial CL model  Epoch 3: 
| 3  Horizon | RMSE: 26.345, 25.023; MAE: 17.026, 16.482; MAPE: 11.911, 10.362; Q10: 4.016, 3.854; Q50: 8.513, 8.241; Q90: 4.121, 3.941;
| 6  Horizon | RMSE: 28.848, 27.544; MAE: 18.612, 18.067; MAPE: 13.230, 11.213; Q10: 4.394, 4.217; Q50: 9.306, 9.034; Q90: 4.532, 4.355;
| 12 Horizon | RMSE: 33.443, 31.961; MAE: 21.640, 21.163; MAPE: 16.629, 13.564; Q10: 5.185, 4.890; Q50: 10.820, 10.581; Q90: 5.384, 5.329;
In quantile CL model  Epoch 3: 
| 3  Horizon | RMSE: 25.863, 24.708; MAE: 16.690, 16.216; MAPE: 11.723, 10.257; Q10: 3.991, 3.844; Q50: 8.345, 8.108; Q90: 3.967, 3.864;
| 6  Horizon | RMSE: 28.604, 27.454; MAE: 18.371, 17.897; MAPE: 12.720, 11.096; Q10: 4.324, 4.148; Q50: 9.185, 8.949; Q90: 4.484, 4.380;
| 12 Horizon | RMSE: 33.052, 31.562; MAE: 21.101, 20.545; MAPE: 15.468, 12.983; Q10: 4.934, 4.665; Q50: 10.551, 10.272; Q90: 5.470, 5.393;
In temporal CL model  Epoch 3: 
| 3  Horizon | RMSE: 28.162, 26.534; MAE: 18.624, 17.856; MAPE: 12.902, 11.223; Q10: 4.335, 4.131; Q50: 9.312, 8.928; Q90: 4.313, 4.161;
| 6  Horizon | RMSE: 30.349, 28.647; MAE: 19.919, 19.017; MAPE: 13.910, 11.833; Q10: 4.621, 4.377; Q50: 9.959, 9.509; Q90: 4.958, 4.736;
| 12 Horizon | RMSE: 34.551, 32.591; MAE: 22.687, 21.623; MAPE: 16.668, 13.690; Q10: 5.348, 5.000; Q50: 11.344, 10.811; Q90: 5.879, 5.572;
epoch 3 time used: 105  seconds  train loss: 16.933 val loss: 6.601655 test loss: 6.290017
In spatial CL model  Epoch 4: 
| 3  Horizon | RMSE: 25.706, 24.431; MAE: 16.572, 15.996; MAPE: 11.993, 10.260; Q10: 3.917, 3.743; Q50: 8.286, 7.998; Q90: 3.891, 3.737;
| 6  Horizon | RMSE: 27.921, 26.735; MAE: 17.887, 17.390; MAPE: 13.313, 11.125; Q10: 4.264, 4.092; Q50: 8.944, 8.695; Q90: 4.245, 4.100;
| 12 Horizon | RMSE: 32.673, 31.343; MAE: 21.040, 20.506; MAPE: 16.446, 12.908; Q10: 5.022, 4.741; Q50: 10.520, 10.253; Q90: 5.042, 4.981;
In quantile CL model  Epoch 4: 
| 3  Horizon | RMSE: 25.131, 24.145; MAE: 16.143, 15.813; MAPE: 11.692, 10.306; Q10: 3.819, 3.676; Q50: 8.071, 7.906; Q90: 3.789, 3.735;
| 6  Horizon | RMSE: 27.556, 26.663; MAE: 17.516, 17.213; MAPE: 12.644, 10.960; Q10: 4.172, 4.031; Q50: 8.758, 8.606; Q90: 4.142, 4.109;
| 12 Horizon | RMSE: 32.573, 31.415; MAE: 20.750, 20.243; MAPE: 15.226, 12.538; Q10: 4.824, 4.626; Q50: 10.375, 10.122; Q90: 5.169, 5.075;
In temporal CL model  Epoch 4: 
| 3  Horizon | RMSE: 26.856, 25.412; MAE: 17.456, 16.761; MAPE: 12.416, 10.554; Q10: 4.021, 3.814; Q50: 8.728, 8.380; Q90: 4.135, 3.992;
| 6  Horizon | RMSE: 29.460, 27.990; MAE: 19.142, 18.372; MAPE: 13.785, 11.495; Q10: 4.387, 4.160; Q50: 9.571, 9.186; Q90: 4.770, 4.564;
| 12 Horizon | RMSE: 34.313, 32.544; MAE: 22.491, 21.446; MAPE: 16.419, 13.156; Q10: 5.095, 4.804; Q50: 11.246, 10.723; Q90: 5.759, 5.474;
epoch 4 time used: 103  seconds  train loss: 16.483 val loss: 6.301677 test loss: 6.022387
In spatial CL model  Epoch 5: 
| 3  Horizon | RMSE: 25.286, 24.180; MAE: 16.235, 15.944; MAPE: 12.134, 10.711; Q10: 3.866, 3.755; Q50: 8.117, 7.972; Q90: 3.801, 3.685;
| 6  Horizon | RMSE: 27.585, 26.363; MAE: 17.516, 17.122; MAPE: 12.959, 11.037; Q10: 4.247, 4.066; Q50: 8.758, 8.561; Q90: 4.162, 4.048;
| 12 Horizon | RMSE: 31.969, 30.294; MAE: 20.501, 19.807; MAPE: 15.766, 12.457; Q10: 4.937, 4.638; Q50: 10.250, 9.903; Q90: 5.040, 4.871;
In quantile CL model  Epoch 5: 
| 3  Horizon | RMSE: 24.894, 23.945; MAE: 15.927, 15.603; MAPE: 11.523, 10.043; Q10: 3.780, 3.645; Q50: 7.964, 7.801; Q90: 3.761, 3.683;
| 6  Horizon | RMSE: 27.380, 26.543; MAE: 17.418, 17.104; MAPE: 12.639, 10.782; Q10: 4.133, 4.000; Q50: 8.709, 8.552; Q90: 4.143, 4.081;
| 12 Horizon | RMSE: 31.953, 31.018; MAE: 20.190, 19.894; MAPE: 15.050, 12.404; Q10: 4.724, 4.528; Q50: 10.095, 9.947; Q90: 5.019, 5.015;
In temporal CL model  Epoch 5: 
| 3  Horizon | RMSE: 26.312, 25.024; MAE: 17.042, 16.503; MAPE: 12.093, 10.441; Q10: 3.986, 3.812; Q50: 8.521, 8.251; Q90: 4.148, 4.000;
| 6  Horizon | RMSE: 28.661, 27.403; MAE: 18.558, 17.921; MAPE: 13.176, 11.129; Q10: 4.291, 4.093; Q50: 9.279, 8.961; Q90: 4.480, 4.340;
| 12 Horizon | RMSE: 33.704, 32.121; MAE: 22.115, 21.200; MAPE: 15.987, 13.072; Q10: 4.989, 4.717; Q50: 11.057, 10.600; Q90: 5.641, 5.380;
epoch 5 time used: 104  seconds  train loss: 15.999 val loss: 6.161912 test loss: 5.92324
In spatial CL model  Epoch 6: 
| 3  Horizon | RMSE: 25.244, 24.076; MAE: 16.124, 15.689; MAPE: 11.715, 10.055; Q10: 3.829, 3.699; Q50: 8.062, 7.845; Q90: 3.777, 3.651;
| 6  Horizon | RMSE: 27.683, 26.421; MAE: 17.576, 17.101; MAPE: 13.115, 11.083; Q10: 4.222, 4.050; Q50: 8.788, 8.550; Q90: 4.126, 3.995;
| 12 Horizon | RMSE: 31.982, 30.311; MAE: 20.486, 19.789; MAPE: 16.057, 12.721; Q10: 4.902, 4.611; Q50: 10.243, 9.895; Q90: 4.891, 4.735;
In quantile CL model  Epoch 6: 
| 3  Horizon | RMSE: 24.990, 23.994; MAE: 15.966, 15.697; MAPE: 11.491, 10.188; Q10: 3.791, 3.661; Q50: 7.983, 7.848; Q90: 3.764, 3.693;
| 6  Horizon | RMSE: 27.466, 26.434; MAE: 17.361, 17.060; MAPE: 12.730, 10.974; Q10: 4.157, 4.004; Q50: 8.681, 8.530; Q90: 4.121, 4.047;
| 12 Horizon | RMSE: 31.674, 30.348; MAE: 20.005, 19.531; MAPE: 15.004, 12.284; Q10: 4.717, 4.502; Q50: 10.003, 9.765; Q90: 4.919, 4.828;
In temporal CL model  Epoch 6: 
| 3  Horizon | RMSE: 27.110, 25.530; MAE: 17.562, 16.829; MAPE: 12.573, 10.580; Q10: 4.087, 3.859; Q50: 8.781, 8.414; Q90: 4.235, 4.042;
| 6  Horizon | RMSE: 29.505, 27.954; MAE: 19.060, 18.264; MAPE: 13.881, 11.435; Q10: 4.396, 4.166; Q50: 9.530, 9.132; Q90: 4.730, 4.511;
| 12 Horizon | RMSE: 34.360, 32.487; MAE: 22.408, 21.350; MAPE: 16.857, 13.439; Q10: 5.111, 4.780; Q50: 11.204, 10.675; Q90: 5.722, 5.430;
epoch 6 time used: 104  seconds  train loss: 15.811 val loss: 6.295068 test loss: 6.007345
In spatial CL model  Epoch 7: 
| 3  Horizon | RMSE: 25.766, 24.740; MAE: 16.797, 16.320; MAPE: 11.875, 10.027; Q10: 3.873, 3.721; Q50: 8.398, 8.160; Q90: 3.923, 3.807;
| 6  Horizon | RMSE: 27.564, 26.408; MAE: 17.570, 17.057; MAPE: 12.962, 10.800; Q10: 4.209, 4.028; Q50: 8.785, 8.528; Q90: 4.145, 4.041;
| 12 Horizon | RMSE: 31.729, 30.193; MAE: 20.325, 19.839; MAPE: 16.248, 13.151; Q10: 5.020, 4.715; Q50: 10.163, 9.920; Q90: 4.801, 4.719;
In quantile CL model  Epoch 7: 
| 3  Horizon | RMSE: 25.417, 24.459; MAE: 16.345, 16.033; MAPE: 11.539, 10.018; Q10: 3.803, 3.676; Q50: 8.173, 8.017; Q90: 3.824, 3.788;
| 6  Horizon | RMSE: 27.559, 26.692; MAE: 17.356, 17.198; MAPE: 13.001, 11.217; Q10: 4.156, 4.076; Q50: 8.678, 8.599; Q90: 4.201, 4.174;
| 12 Horizon | RMSE: 31.685, 30.854; MAE: 20.004, 20.010; MAPE: 15.918, 13.531; Q10: 4.749, 4.661; Q50: 10.002, 10.005; Q90: 4.988, 4.995;
In temporal CL model  Epoch 7: 
| 3  Horizon | RMSE: 29.003, 27.149; MAE: 18.986, 17.929; MAPE: 12.598, 10.547; Q10: 4.117, 3.875; Q50: 9.493, 8.965; Q90: 5.080, 4.702;
| 6  Horizon | RMSE: 30.793, 28.938; MAE: 19.889, 18.805; MAPE: 13.847, 11.358; Q10: 4.446, 4.204; Q50: 9.944, 9.403; Q90: 5.418, 5.008;
| 12 Horizon | RMSE: 35.425, 33.253; MAE: 23.019, 21.757; MAPE: 17.250, 13.787; Q10: 5.134, 4.813; Q50: 11.510, 10.878; Q90: 6.472, 5.926;
epoch 7 time used: 104  seconds  train loss: 15.67 val loss: 6.729 test loss: 6.315994
In spatial CL model  Epoch 8: 
| 3  Horizon | RMSE: 25.386, 24.536; MAE: 16.439, 16.327; MAPE: 11.909, 10.382; Q10: 3.891, 3.792; Q50: 8.219, 8.164; Q90: 3.856, 3.825;
| 6  Horizon | RMSE: 27.778, 27.065; MAE: 17.874, 17.916; MAPE: 12.928, 11.196; Q10: 4.195, 4.104; Q50: 8.937, 8.958; Q90: 4.220, 4.258;
| 12 Horizon | RMSE: 31.619, 30.759; MAE: 20.373, 20.624; MAPE: 16.111, 13.627; Q10: 4.934, 4.805; Q50: 10.187, 10.312; Q90: 4.903, 5.026;
In quantile CL model  Epoch 8: 
| 3  Horizon | RMSE: 25.750, 24.832; MAE: 16.752, 16.622; MAPE: 12.166, 10.793; Q10: 3.927, 3.830; Q50: 8.376, 8.311; Q90: 3.847, 3.823;
| 6  Horizon | RMSE: 28.794, 27.940; MAE: 18.513, 18.434; MAPE: 13.317, 11.646; Q10: 4.295, 4.224; Q50: 9.257, 9.217; Q90: 4.356, 4.374;
| 12 Horizon | RMSE: 33.445, 32.751; MAE: 21.456, 21.534; MAPE: 16.784, 14.593; Q10: 5.000, 4.938; Q50: 10.728, 10.767; Q90: 5.409, 5.488;
In temporal CL model  Epoch 8: 
| 3  Horizon | RMSE: 29.693, 27.482; MAE: 19.671, 18.475; MAPE: 14.068, 11.596; Q10: 4.367, 4.108; Q50: 9.835, 9.238; Q90: 5.222, 4.737;
| 6  Horizon | RMSE: 33.111, 30.696; MAE: 21.767, 20.352; MAPE: 15.039, 12.133; Q10: 4.695, 4.422; Q50: 10.883, 10.176; Q90: 5.855, 5.271;
| 12 Horizon | RMSE: 37.943, 35.142; MAE: 25.114, 23.402; MAPE: 18.911, 14.975; Q10: 5.437, 5.102; Q50: 12.557, 11.701; Q90: 7.373, 6.544;
epoch 8 time used: 102  seconds  train loss: 15.529 val loss: 7.274061 test loss: 6.735491
In spatial CL model  Epoch 9: 
| 3  Horizon | RMSE: 25.248, 24.233; MAE: 16.226, 16.024; MAPE: 12.578, 10.948; Q10: 3.907, 3.808; Q50: 8.113, 8.012; Q90: 3.765, 3.691;
| 6  Horizon | RMSE: 27.441, 26.439; MAE: 17.329, 17.146; MAPE: 13.047, 11.086; Q10: 4.160, 4.023; Q50: 8.664, 8.573; Q90: 4.149, 4.135;
| 12 Horizon | RMSE: 31.583, 30.369; MAE: 20.020, 19.976; MAPE: 15.779, 12.901; Q10: 4.843, 4.603; Q50: 10.010, 9.988; Q90: 4.823, 4.867;
In quantile CL model  Epoch 9: 
| 3  Horizon | RMSE: 25.090, 24.132; MAE: 16.003, 15.800; MAPE: 11.758, 10.449; Q10: 3.795, 3.687; Q50: 8.001, 7.900; Q90: 3.752, 3.695;
| 6  Horizon | RMSE: 27.640, 26.709; MAE: 17.337, 17.146; MAPE: 12.599, 10.942; Q10: 4.119, 3.982; Q50: 8.668, 8.573; Q90: 4.230, 4.200;
| 12 Horizon | RMSE: 32.024, 31.026; MAE: 20.138, 20.030; MAPE: 15.146, 12.967; Q10: 4.709, 4.567; Q50: 10.069, 10.015; Q90: 5.022, 5.034;
In temporal CL model  Epoch 9: 
| 3  Horizon | RMSE: 28.282, 26.413; MAE: 18.563, 17.602; MAPE: 13.570, 11.373; Q10: 4.193, 3.948; Q50: 9.281, 8.801; Q90: 4.729, 4.392;
| 6  Horizon | RMSE: 31.438, 29.407; MAE: 20.431, 19.265; MAPE: 14.486, 11.812; Q10: 4.531, 4.251; Q50: 10.216, 9.633; Q90: 5.566, 5.106;
| 12 Horizon | RMSE: 36.596, 34.111; MAE: 23.945, 22.462; MAPE: 17.948, 14.164; Q10: 5.322, 4.957; Q50: 11.972, 11.231; Q90: 6.580, 6.005;
epoch 9 time used: 104  seconds  train loss: 15.442 val loss: 6.80825 test loss: 6.375997
In spatial CL model  Epoch 10: 
| 3  Horizon | RMSE: 25.268, 24.055; MAE: 16.166, 15.613; MAPE: 11.906, 9.988; Q10: 3.849, 3.681; Q50: 8.083, 7.807; Q90: 3.784, 3.620;
| 6  Horizon | RMSE: 27.395, 26.252; MAE: 17.286, 16.865; MAPE: 12.858, 10.818; Q10: 4.232, 4.050; Q50: 8.643, 8.433; Q90: 4.062, 3.968;
| 12 Horizon | RMSE: 31.302, 29.824; MAE: 19.825, 19.342; MAPE: 15.310, 12.360; Q10: 4.896, 4.634; Q50: 9.912, 9.671; Q90: 4.760, 4.664;
In quantile CL model  Epoch 10: 
| 3  Horizon | RMSE: 24.883, 23.962; MAE: 15.801, 15.516; MAPE: 11.364, 9.900; Q10: 3.754, 3.645; Q50: 7.900, 7.758; Q90: 3.750, 3.680;
| 6  Horizon | RMSE: 27.328, 26.511; MAE: 17.094, 16.912; MAPE: 12.778, 10.952; Q10: 4.076, 3.975; Q50: 8.547, 8.456; Q90: 4.097, 4.067;
| 12 Horizon | RMSE: 31.341, 30.344; MAE: 19.637, 19.359; MAPE: 14.802, 12.260; Q10: 4.669, 4.537; Q50: 9.818, 9.679; Q90: 4.963, 4.892;
In temporal CL model  Epoch 10: 
| 3  Horizon | RMSE: 27.724, 26.023; MAE: 17.965, 17.089; MAPE: 12.589, 10.484; Q10: 4.078, 3.859; Q50: 8.983, 8.544; Q90: 4.664, 4.349;
| 6  Horizon | RMSE: 30.439, 28.658; MAE: 19.563, 18.596; MAPE: 14.064, 11.414; Q10: 4.408, 4.173; Q50: 9.781, 9.298; Q90: 5.360, 4.936;
| 12 Horizon | RMSE: 35.364, 33.089; MAE: 22.835, 21.434; MAPE: 16.706, 13.024; Q10: 5.078, 4.761; Q50: 11.418, 10.717; Q90: 6.412, 5.835;
epoch 10 time used: 104  seconds  train loss: 15.173 val loss: 6.562571 test loss: 6.169495
In spatial CL model  Epoch 11: 
| 3  Horizon | RMSE: 25.037, 23.978; MAE: 15.975, 15.688; MAPE: 12.243, 10.475; Q10: 3.844, 3.729; Q50: 7.988, 7.844; Q90: 3.722, 3.634;
| 6  Horizon | RMSE: 27.501, 26.381; MAE: 17.442, 17.186; MAPE: 13.645, 11.650; Q10: 4.401, 4.314; Q50: 8.721, 8.593; Q90: 4.104, 4.032;
| 12 Horizon | RMSE: 31.404, 29.876; MAE: 19.942, 19.652; MAPE: 16.090, 13.231; Q10: 4.984, 4.758; Q50: 9.971, 9.826; Q90: 4.764, 4.715;
In quantile CL model  Epoch 11: 
| 3  Horizon | RMSE: 24.985, 24.010; MAE: 15.877, 15.625; MAPE: 11.760, 10.243; Q10: 3.776, 3.655; Q50: 7.939, 7.812; Q90: 3.704, 3.637;
| 6  Horizon | RMSE: 27.475, 26.636; MAE: 17.252, 17.100; MAPE: 13.185, 11.332; Q10: 4.200, 4.115; Q50: 8.626, 8.550; Q90: 4.093, 4.056;
| 12 Horizon | RMSE: 31.443, 30.557; MAE: 19.610, 19.505; MAPE: 15.178, 12.721; Q10: 4.695, 4.584; Q50: 9.805, 9.753; Q90: 4.975, 4.971;
In temporal CL model  Epoch 11: 
| 3  Horizon | RMSE: 27.722, 25.922; MAE: 17.937, 16.989; MAPE: 12.966, 10.645; Q10: 4.091, 3.847; Q50: 8.969, 8.494; Q90: 4.657, 4.315;
| 6  Horizon | RMSE: 30.599, 28.723; MAE: 19.699, 18.649; MAPE: 14.499, 11.676; Q10: 4.515, 4.266; Q50: 9.849, 9.324; Q90: 5.346, 4.914;
| 12 Horizon | RMSE: 35.617, 33.254; MAE: 22.840, 21.409; MAPE: 16.761, 13.041; Q10: 5.068, 4.727; Q50: 11.420, 10.705; Q90: 6.759, 6.092;
epoch 11 time used: 101  seconds  train loss: 15.111 val loss: 6.59666 test loss: 6.174946
In spatial CL model  Epoch 12: 
| 3  Horizon | RMSE: 24.983, 24.012; MAE: 15.964, 15.612; MAPE: 11.979, 10.083; Q10: 3.802, 3.678; Q50: 7.982, 7.806; Q90: 3.752, 3.641;
| 6  Horizon | RMSE: 27.305, 26.348; MAE: 17.259, 16.978; MAPE: 12.994, 10.946; Q10: 4.175, 4.052; Q50: 8.629, 8.489; Q90: 4.144, 4.052;
| 12 Horizon | RMSE: 31.387, 30.045; MAE: 19.957, 19.667; MAPE: 15.900, 13.020; Q10: 4.924, 4.727; Q50: 9.978, 9.834; Q90: 4.827, 4.750;
In quantile CL model  Epoch 12: 
| 3  Horizon | RMSE: 25.194, 24.170; MAE: 16.125, 15.727; MAPE: 11.624, 9.878; Q10: 3.804, 3.669; Q50: 8.062, 7.863; Q90: 3.826, 3.730;
| 6  Horizon | RMSE: 27.664, 26.733; MAE: 17.402, 17.071; MAPE: 12.764, 10.660; Q10: 4.098, 3.970; Q50: 8.701, 8.535; Q90: 4.309, 4.239;
| 12 Horizon | RMSE: 31.859, 30.795; MAE: 20.034, 19.669; MAPE: 14.919, 12.173; Q10: 4.665, 4.481; Q50: 10.017, 9.834; Q90: 5.242, 5.145;
In temporal CL model  Epoch 12: 
| 3  Horizon | RMSE: 28.509, 26.508; MAE: 18.488, 17.394; MAPE: 12.896, 10.654; Q10: 4.146, 3.900; Q50: 9.244, 8.697; Q90: 4.755, 4.381;
| 6  Horizon | RMSE: 31.490, 29.321; MAE: 20.260, 19.019; MAPE: 14.256, 11.551; Q10: 4.499, 4.236; Q50: 10.130, 9.509; Q90: 5.625, 5.084;
| 12 Horizon | RMSE: 36.762, 34.114; MAE: 23.738, 22.137; MAPE: 17.178, 13.505; Q10: 5.236, 4.887; Q50: 11.869, 11.069; Q90: 7.066, 6.268;
epoch 12 time used: 105  seconds  train loss: 15.059 val loss: 6.829145 test loss: 6.34169
In spatial CL model  Epoch 13: 
| 3  Horizon | RMSE: 24.976, 23.865; MAE: 15.883, 15.439; MAPE: 12.046, 9.915; Q10: 3.842, 3.679; Q50: 7.941, 7.719; Q90: 3.738, 3.613;
| 6  Horizon | RMSE: 27.359, 26.212; MAE: 17.248, 16.788; MAPE: 12.926, 10.537; Q10: 4.157, 3.985; Q50: 8.624, 8.394; Q90: 4.122, 3.994;
| 12 Horizon | RMSE: 31.268, 29.721; MAE: 19.719, 19.190; MAPE: 15.400, 12.185; Q10: 4.853, 4.576; Q50: 9.859, 9.595; Q90: 4.744, 4.657;
In quantile CL model  Epoch 13: 
| 3  Horizon | RMSE: 24.914, 23.903; MAE: 15.776, 15.494; MAPE: 11.825, 10.098; Q10: 3.802, 3.679; Q50: 7.888, 7.747; Q90: 3.735, 3.671;
| 6  Horizon | RMSE: 27.498, 26.573; MAE: 17.175, 16.895; MAPE: 12.749, 10.649; Q10: 4.102, 3.983; Q50: 8.588, 8.448; Q90: 4.170, 4.121;
| 12 Horizon | RMSE: 31.727, 30.680; MAE: 19.857, 19.544; MAPE: 14.905, 12.218; Q10: 4.647, 4.488; Q50: 9.929, 9.772; Q90: 5.049, 5.008;
In temporal CL model  Epoch 13: 
| 3  Horizon | RMSE: 28.130, 26.198; MAE: 18.306, 17.273; MAPE: 13.713, 11.082; Q10: 4.238, 3.978; Q50: 9.153, 8.637; Q90: 4.841, 4.442;
| 6  Horizon | RMSE: 31.474, 29.294; MAE: 20.161, 18.928; MAPE: 14.638, 11.536; Q10: 4.522, 4.245; Q50: 10.081, 9.464; Q90: 5.604, 5.076;
| 12 Horizon | RMSE: 36.649, 33.928; MAE: 23.407, 21.775; MAPE: 17.205, 13.087; Q10: 5.116, 4.738; Q50: 11.704, 10.887; Q90: 6.976, 6.209;
epoch 13 time used: 104  seconds  train loss: 14.984 val loss: 6.796998 test loss: 6.312759
In spatial CL model  Epoch 14: 
| 3  Horizon | RMSE: 25.177, 24.229; MAE: 16.160, 15.820; MAPE: 11.934, 9.831; Q10: 3.829, 3.698; Q50: 8.080, 7.910; Q90: 3.772, 3.689;
| 6  Horizon | RMSE: 27.386, 26.469; MAE: 17.275, 17.080; MAPE: 12.761, 10.639; Q10: 4.128, 3.986; Q50: 8.637, 8.540; Q90: 4.140, 4.120;
| 12 Horizon | RMSE: 31.192, 29.892; MAE: 19.623, 19.418; MAPE: 15.171, 12.285; Q10: 4.796, 4.567; Q50: 9.812, 9.709; Q90: 4.834, 4.841;
In quantile CL model  Epoch 14: 
| 3  Horizon | RMSE: 25.437, 24.412; MAE: 16.202, 15.930; MAPE: 11.512, 9.898; Q10: 3.819, 3.682; Q50: 8.101, 7.965; Q90: 3.872, 3.825;
| 6  Horizon | RMSE: 28.049, 27.125; MAE: 17.588, 17.372; MAPE: 12.731, 10.804; Q10: 4.120, 3.991; Q50: 8.794, 8.686; Q90: 4.357, 4.338;
| 12 Horizon | RMSE: 31.935, 30.909; MAE: 19.956, 19.693; MAPE: 14.825, 12.278; Q10: 4.648, 4.486; Q50: 9.978, 9.847; Q90: 5.371, 5.327;
In temporal CL model  Epoch 14: 
| 3  Horizon | RMSE: 28.644, 26.706; MAE: 18.661, 17.634; MAPE: 12.945, 10.616; Q10: 4.159, 3.922; Q50: 9.331, 8.817; Q90: 4.890, 4.496;
| 6  Horizon | RMSE: 31.589, 29.493; MAE: 20.354, 19.195; MAPE: 14.305, 11.453; Q10: 4.477, 4.221; Q50: 10.177, 9.597; Q90: 5.833, 5.290;
| 12 Horizon | RMSE: 36.449, 33.837; MAE: 23.419, 21.837; MAPE: 16.887, 13.021; Q10: 5.087, 4.742; Q50: 11.709, 10.919; Q90: 7.216, 6.433;
epoch 14 time used: 102  seconds  train loss: 14.938 val loss: 6.894672 test loss: 6.417832
In spatial CL model  Epoch 15: 
| 3  Horizon | RMSE: 24.902, 23.904; MAE: 15.780, 15.466; MAPE: 11.961, 9.949; Q10: 3.775, 3.639; Q50: 7.890, 7.733; Q90: 3.682, 3.610;
| 6  Horizon | RMSE: 27.324, 26.410; MAE: 17.130, 16.958; MAPE: 12.757, 10.649; Q10: 4.103, 3.969; Q50: 8.565, 8.479; Q90: 4.101, 4.068;
| 12 Horizon | RMSE: 31.178, 29.853; MAE: 19.530, 19.317; MAPE: 15.343, 12.458; Q10: 4.797, 4.575; Q50: 9.765, 9.659; Q90: 4.793, 4.790;
In quantile CL model  Epoch 15: 
| 3  Horizon | RMSE: 25.080, 24.094; MAE: 15.852, 15.584; MAPE: 11.467, 9.834; Q10: 3.762, 3.632; Q50: 7.926, 7.792; Q90: 3.749, 3.707;
| 6  Horizon | RMSE: 28.039, 27.146; MAE: 17.584, 17.335; MAPE: 12.621, 10.686; Q10: 4.087, 3.972; Q50: 8.792, 8.667; Q90: 4.348, 4.319;
| 12 Horizon | RMSE: 32.086, 31.007; MAE: 20.037, 19.725; MAPE: 14.857, 12.332; Q10: 4.644, 4.496; Q50: 10.019, 9.863; Q90: 5.363, 5.272;
In temporal CL model  Epoch 15: 
| 3  Horizon | RMSE: 28.246, 26.528; MAE: 18.279, 17.409; MAPE: 12.747, 10.544; Q10: 4.093, 3.879; Q50: 9.140, 8.704; Q90: 4.809, 4.472;
| 6  Horizon | RMSE: 31.776, 29.845; MAE: 20.386, 19.350; MAPE: 14.174, 11.436; Q10: 4.438, 4.209; Q50: 10.193, 9.675; Q90: 5.751, 5.270;
| 12 Horizon | RMSE: 36.430, 34.021; MAE: 23.266, 21.851; MAPE: 17.007, 13.126; Q10: 5.089, 4.771; Q50: 11.633, 10.925; Q90: 7.063, 6.358;
***************************
***************************
temporal CL model  Early stopping at epoch: 15
***************************
***************************
epoch 15 time used: 104  seconds  train loss: 14.797 val loss: 6.791711 test loss: 6.372236
In spatial CL model  Epoch 16: 
| 3  Horizon | RMSE: 24.946, 23.955; MAE: 15.928, 15.644; MAPE: 12.438, 10.482; Q10: 3.787, 3.648; Q50: 7.964, 7.822; Q90: 3.714, 3.649;
| 6  Horizon | RMSE: 27.272, 26.305; MAE: 17.145, 16.896; MAPE: 13.009, 10.804; Q10: 4.118, 3.980; Q50: 8.572, 8.448; Q90: 4.097, 4.053;
| 12 Horizon | RMSE: 31.318, 29.911; MAE: 19.765, 19.472; MAPE: 15.710, 12.564; Q10: 4.813, 4.575; Q50: 9.883, 9.736; Q90: 4.908, 4.859;
In quantile CL model  Epoch 16: 
| 3  Horizon | RMSE: 25.067, 24.002; MAE: 15.821, 15.523; MAPE: 11.596, 9.951; Q10: 3.748, 3.615; Q50: 7.910, 7.762; Q90: 3.765, 3.707;
| 6  Horizon | RMSE: 27.926, 26.906; MAE: 17.464, 17.137; MAPE: 12.590, 10.629; Q10: 4.090, 3.956; Q50: 8.732, 8.568; Q90: 4.314, 4.252;
| 12 Horizon | RMSE: 32.442, 31.165; MAE: 20.382, 19.919; MAPE: 14.909, 12.368; Q10: 4.663, 4.478; Q50: 10.191, 9.960; Q90: 5.555, 5.405;
In temporal CL model  Epoch 16: 
| 3  Horizon | RMSE: 28.260, 26.528; MAE: 18.284, 17.409; MAPE: 12.744, 10.544; Q10: 4.094, 3.879; Q50: 9.142, 8.704; Q90: 4.812, 4.472;
| 6  Horizon | RMSE: 31.791, 29.845; MAE: 20.397, 19.350; MAPE: 14.174, 11.436; Q10: 4.439, 4.209; Q50: 10.198, 9.675; Q90: 5.756, 5.270;
| 12 Horizon | RMSE: 36.448, 34.021; MAE: 23.278, 21.851; MAPE: 17.007, 13.126; Q10: 5.091, 4.771; Q50: 11.639, 10.925; Q90: 7.068, 6.358;
epoch 16 time used: 73  seconds  train loss: 14.738 val loss: 6.794525 test loss: 6.372236
In spatial CL model  Epoch 17: 
| 3  Horizon | RMSE: 24.931, 23.846; MAE: 15.806, 15.428; MAPE: 12.133, 10.043; Q10: 3.801, 3.651; Q50: 7.903, 7.714; Q90: 3.698, 3.624;
| 6  Horizon | RMSE: 27.256, 26.173; MAE: 17.051, 16.768; MAPE: 13.106, 10.925; Q10: 4.155, 3.984; Q50: 8.526, 8.384; Q90: 4.079, 4.035;
| 12 Horizon | RMSE: 31.345, 29.845; MAE: 19.630, 19.300; MAPE: 15.381, 12.299; Q10: 4.773, 4.511; Q50: 9.815, 9.650; Q90: 4.864, 4.814;
In quantile CL model  Epoch 17: 
| 3  Horizon | RMSE: 25.145, 24.059; MAE: 15.847, 15.534; MAPE: 11.618, 9.912; Q10: 3.769, 3.630; Q50: 7.924, 7.767; Q90: 3.778, 3.712;
| 6  Horizon | RMSE: 27.866, 26.798; MAE: 17.386, 17.065; MAPE: 12.759, 10.718; Q10: 4.100, 3.970; Q50: 8.693, 8.532; Q90: 4.314, 4.245;
| 12 Horizon | RMSE: 32.512, 31.068; MAE: 20.421, 19.867; MAPE: 14.911, 12.224; Q10: 4.680, 4.470; Q50: 10.210, 9.933; Q90: 5.457, 5.294;
In temporal CL model  Epoch 17: 
| 3  Horizon | RMSE: 28.248, 26.528; MAE: 18.275, 17.409; MAPE: 12.702, 10.544; Q10: 4.092, 3.879; Q50: 9.137, 8.704; Q90: 4.807, 4.472;
| 6  Horizon | RMSE: 31.754, 29.845; MAE: 20.371, 19.350; MAPE: 14.128, 11.436; Q10: 4.435, 4.209; Q50: 10.185, 9.675; Q90: 5.742, 5.270;
| 12 Horizon | RMSE: 36.416, 34.021; MAE: 23.255, 21.851; MAPE: 16.955, 13.126; Q10: 5.087, 4.771; Q50: 11.628, 10.925; Q90: 7.056, 6.358;
epoch 17 time used: 74  seconds  train loss: 14.696 val loss: 6.787246 test loss: 6.372236
In spatial CL model  Epoch 18: 
| 3  Horizon | RMSE: 24.908, 23.979; MAE: 15.844, 15.563; MAPE: 11.976, 9.936; Q10: 3.786, 3.658; Q50: 7.922, 7.781; Q90: 3.707, 3.652;
| 6  Horizon | RMSE: 27.164, 26.261; MAE: 16.997, 16.853; MAPE: 13.061, 11.017; Q10: 4.100, 3.981; Q50: 8.498, 8.427; Q90: 4.082, 4.065;
| 12 Horizon | RMSE: 31.256, 30.149; MAE: 19.650, 19.619; MAPE: 15.351, 12.595; Q10: 4.767, 4.580; Q50: 9.825, 9.810; Q90: 4.933, 4.987;
In quantile CL model  Epoch 18: 
| 3  Horizon | RMSE: 25.258, 24.272; MAE: 16.045, 15.767; MAPE: 11.678, 10.028; Q10: 3.800, 3.657; Q50: 8.023, 7.884; Q90: 3.836, 3.793;
| 6  Horizon | RMSE: 27.822, 26.931; MAE: 17.416, 17.185; MAPE: 12.916, 10.983; Q10: 4.115, 3.993; Q50: 8.708, 8.592; Q90: 4.307, 4.268;
| 12 Horizon | RMSE: 32.789, 31.602; MAE: 20.671, 20.248; MAPE: 15.094, 12.594; Q10: 4.725, 4.545; Q50: 10.335, 10.124; Q90: 5.690, 5.552;
In temporal CL model  Epoch 18: 
| 3  Horizon | RMSE: 28.248, 26.528; MAE: 18.274, 17.409; MAPE: 12.741, 10.544; Q10: 4.092, 3.879; Q50: 9.137, 8.704; Q90: 4.807, 4.472;
| 6  Horizon | RMSE: 31.771, 29.845; MAE: 20.377, 19.350; MAPE: 14.167, 11.436; Q10: 4.437, 4.209; Q50: 10.188, 9.675; Q90: 5.747, 5.270;
| 12 Horizon | RMSE: 36.424, 34.021; MAE: 23.257, 21.851; MAPE: 16.999, 13.126; Q10: 5.088, 4.771; Q50: 11.629, 10.925; Q90: 7.058, 6.358;
epoch 18 time used: 71  seconds  train loss: 14.663 val loss: 6.788439 test loss: 6.372236
In spatial CL model  Epoch 19: 
| 3  Horizon | RMSE: 24.898, 23.815; MAE: 15.783, 15.396; MAPE: 12.164, 10.017; Q10: 3.806, 3.663; Q50: 7.891, 7.698; Q90: 3.673, 3.577;
| 6  Horizon | RMSE: 27.249, 26.161; MAE: 17.045, 16.720; MAPE: 13.147, 10.863; Q10: 4.171, 4.028; Q50: 8.522, 8.360; Q90: 4.024, 3.939;
| 12 Horizon | RMSE: 31.273, 29.802; MAE: 19.632, 19.210; MAPE: 15.188, 12.020; Q10: 4.781, 4.537; Q50: 9.816, 9.605; Q90: 4.826, 4.750;
In quantile CL model  Epoch 19: 
| 3  Horizon | RMSE: 25.084, 24.003; MAE: 15.842, 15.518; MAPE: 11.780, 10.007; Q10: 3.791, 3.639; Q50: 7.921, 7.759; Q90: 3.726, 3.654;
| 6  Horizon | RMSE: 27.774, 26.723; MAE: 17.331, 16.989; MAPE: 12.866, 10.801; Q10: 4.128, 3.986; Q50: 8.665, 8.494; Q90: 4.201, 4.123;
| 12 Horizon | RMSE: 32.860, 31.250; MAE: 20.777, 20.012; MAPE: 14.829, 12.198; Q10: 4.705, 4.490; Q50: 10.389, 10.006; Q90: 5.435, 5.207;
In temporal CL model  Epoch 19: 
| 3  Horizon | RMSE: 28.244, 26.528; MAE: 18.273, 17.409; MAPE: 12.739, 10.544; Q10: 4.092, 3.879; Q50: 9.137, 8.704; Q90: 4.807, 4.472;
| 6  Horizon | RMSE: 31.765, 29.845; MAE: 20.378, 19.350; MAPE: 14.168, 11.436; Q10: 4.436, 4.209; Q50: 10.189, 9.675; Q90: 5.747, 5.270;
| 12 Horizon | RMSE: 36.413, 34.021; MAE: 23.254, 21.851; MAPE: 16.999, 13.126; Q10: 5.087, 4.771; Q50: 11.627, 10.925; Q90: 7.055, 6.358;
epoch 19 time used: 73  seconds  train loss: 14.638 val loss: 6.787785 test loss: 6.372236
In spatial CL model  Epoch 20: 
| 3  Horizon | RMSE: 24.900, 23.898; MAE: 15.813, 15.530; MAPE: 12.399, 10.217; Q10: 3.791, 3.660; Q50: 7.907, 7.765; Q90: 3.702, 3.640;
| 6  Horizon | RMSE: 27.161, 26.239; MAE: 16.958, 16.802; MAPE: 13.157, 10.865; Q10: 4.118, 3.998; Q50: 8.479, 8.401; Q90: 4.078, 4.064;
| 12 Horizon | RMSE: 31.042, 29.860; MAE: 19.423, 19.328; MAPE: 15.396, 12.401; Q10: 4.756, 4.560; Q50: 9.711, 9.664; Q90: 4.789, 4.816;
In quantile CL model  Epoch 20: 
| 3  Horizon | RMSE: 25.500, 24.363; MAE: 16.201, 15.808; MAPE: 11.880, 10.044; Q10: 3.814, 3.652; Q50: 8.100, 7.904; Q90: 3.887, 3.810;
| 6  Horizon | RMSE: 28.300, 27.209; MAE: 17.759, 17.338; MAPE: 12.763, 10.780; Q10: 4.142, 3.993; Q50: 8.879, 8.669; Q90: 4.500, 4.395;
| 12 Horizon | RMSE: 33.131, 31.610; MAE: 20.927, 20.215; MAPE: 14.940, 12.336; Q10: 4.731, 4.521; Q50: 10.463, 10.108; Q90: 5.818, 5.553;
***************************
***************************
quantile CL model  Early stopping at epoch: 20
***************************
***************************
In temporal CL model  Epoch 20: 
| 3  Horizon | RMSE: 28.255, 26.528; MAE: 18.281, 17.409; MAPE: 12.746, 10.544; Q10: 4.094, 3.879; Q50: 9.141, 8.704; Q90: 4.810, 4.472;
| 6  Horizon | RMSE: 31.786, 29.845; MAE: 20.392, 19.350; MAPE: 14.172, 11.436; Q10: 4.439, 4.209; Q50: 10.196, 9.675; Q90: 5.754, 5.270;
| 12 Horizon | RMSE: 36.443, 34.021; MAE: 23.272, 21.851; MAPE: 17.003, 13.126; Q10: 5.090, 4.771; Q50: 11.636, 10.925; Q90: 7.065, 6.358;
epoch 20 time used: 74  seconds  train loss: 14.541 val loss: 6.793295 test loss: 6.372236
In spatial CL model  Epoch 21: 
| 3  Horizon | RMSE: 24.870, 23.923; MAE: 15.830, 15.503; MAPE: 12.094, 9.779; Q10: 3.778, 3.638; Q50: 7.915, 7.751; Q90: 3.694, 3.625;
| 6  Horizon | RMSE: 27.128, 26.255; MAE: 16.997, 16.821; MAPE: 12.945, 10.562; Q10: 4.115, 3.982; Q50: 8.498, 8.411; Q90: 4.053, 4.023;
| 12 Horizon | RMSE: 31.055, 29.943; MAE: 19.507, 19.351; MAPE: 15.253, 12.138; Q10: 4.760, 4.549; Q50: 9.754, 9.675; Q90: 4.804, 4.848;
In quantile CL model  Epoch 21: 
| 3  Horizon | RMSE: 25.497, 24.363; MAE: 16.197, 15.808; MAPE: 11.894, 10.044; Q10: 3.814, 3.652; Q50: 8.098, 7.904; Q90: 3.886, 3.810;
| 6  Horizon | RMSE: 28.296, 27.209; MAE: 17.751, 17.338; MAPE: 12.882, 10.780; Q10: 4.140, 3.993; Q50: 8.875, 8.669; Q90: 4.499, 4.395;
| 12 Horizon | RMSE: 33.123, 31.610; MAE: 20.918, 20.215; MAPE: 15.001, 12.336; Q10: 4.731, 4.521; Q50: 10.459, 10.108; Q90: 5.813, 5.553;
In temporal CL model  Epoch 21: 
| 3  Horizon | RMSE: 28.261, 26.528; MAE: 18.284, 17.409; MAPE: 12.734, 10.544; Q10: 4.094, 3.879; Q50: 9.142, 8.704; Q90: 4.811, 4.472;
| 6  Horizon | RMSE: 31.783, 29.845; MAE: 20.392, 19.350; MAPE: 14.168, 11.436; Q10: 4.439, 4.209; Q50: 10.196, 9.675; Q90: 5.752, 5.270;
| 12 Horizon | RMSE: 36.436, 34.021; MAE: 23.272, 21.851; MAPE: 16.985, 13.126; Q10: 5.091, 4.771; Q50: 11.636, 10.925; Q90: 7.062, 6.358;
epoch 21 time used: 44  seconds  train loss: 14.579 val loss: 6.792924 test loss: 6.372236
In spatial CL model  Epoch 22: 
| 3  Horizon | RMSE: 24.853, 23.890; MAE: 15.737, 15.417; MAPE: 12.014, 9.834; Q10: 3.797, 3.665; Q50: 7.868, 7.709; Q90: 3.683, 3.626;
| 6  Horizon | RMSE: 27.216, 26.353; MAE: 17.017, 16.848; MAPE: 12.801, 10.535; Q10: 4.103, 3.969; Q50: 8.509, 8.424; Q90: 4.066, 4.039;
| 12 Horizon | RMSE: 31.209, 30.067; MAE: 19.545, 19.454; MAPE: 15.094, 12.170; Q10: 4.742, 4.539; Q50: 9.773, 9.727; Q90: 4.951, 5.013;
In quantile CL model  Epoch 22: 
| 3  Horizon | RMSE: 25.500, 24.363; MAE: 16.200, 15.808; MAPE: 11.883, 10.044; Q10: 3.815, 3.652; Q50: 8.100, 7.904; Q90: 3.886, 3.810;
| 6  Horizon | RMSE: 28.308, 27.209; MAE: 17.760, 17.338; MAPE: 12.862, 10.780; Q10: 4.144, 3.993; Q50: 8.880, 8.669; Q90: 4.500, 4.395;
| 12 Horizon | RMSE: 33.138, 31.610; MAE: 20.924, 20.215; MAPE: 14.956, 12.336; Q10: 4.732, 4.521; Q50: 10.462, 10.108; Q90: 5.816, 5.553;
In temporal CL model  Epoch 22: 
| 3  Horizon | RMSE: 28.255, 26.528; MAE: 18.280, 17.409; MAPE: 12.746, 10.544; Q10: 4.094, 3.879; Q50: 9.140, 8.704; Q90: 4.809, 4.472;
| 6  Horizon | RMSE: 31.788, 29.845; MAE: 20.392, 19.350; MAPE: 14.173, 11.436; Q10: 4.439, 4.209; Q50: 10.196, 9.675; Q90: 5.753, 5.270;
| 12 Horizon | RMSE: 36.451, 34.021; MAE: 23.279, 21.851; MAPE: 17.009, 13.126; Q10: 5.091, 4.771; Q50: 11.639, 10.925; Q90: 7.068, 6.358;
epoch 22 time used: 43  seconds  train loss: 14.562 val loss: 6.793444 test loss: 6.372236
In spatial CL model  Epoch 23: 
| 3  Horizon | RMSE: 24.736, 23.691; MAE: 15.657, 15.304; MAPE: 12.192, 9.875; Q10: 3.819, 3.670; Q50: 7.828, 7.652; Q90: 3.666, 3.599;
| 6  Horizon | RMSE: 27.043, 26.018; MAE: 16.881, 16.637; MAPE: 13.095, 10.612; Q10: 4.184, 4.034; Q50: 8.440, 8.318; Q90: 4.035, 3.997;
| 12 Horizon | RMSE: 30.962, 29.547; MAE: 19.390, 19.076; MAPE: 15.392, 12.127; Q10: 4.826, 4.568; Q50: 9.695, 9.538; Q90: 4.818, 4.833;
In quantile CL model  Epoch 23: 
| 3  Horizon | RMSE: 25.507, 24.363; MAE: 16.204, 15.808; MAPE: 11.886, 10.044; Q10: 3.816, 3.652; Q50: 8.102, 7.904; Q90: 3.888, 3.810;
| 6  Horizon | RMSE: 28.313, 27.209; MAE: 17.763, 17.338; MAPE: 12.877, 10.780; Q10: 4.144, 3.993; Q50: 8.881, 8.669; Q90: 4.501, 4.395;
| 12 Horizon | RMSE: 33.143, 31.610; MAE: 20.930, 20.215; MAPE: 14.991, 12.336; Q10: 4.733, 4.521; Q50: 10.465, 10.108; Q90: 5.820, 5.553;
In temporal CL model  Epoch 23: 
| 3  Horizon | RMSE: 28.259, 26.528; MAE: 18.282, 17.409; MAPE: 12.742, 10.544; Q10: 4.094, 3.879; Q50: 9.141, 8.704; Q90: 4.810, 4.472;
| 6  Horizon | RMSE: 31.784, 29.845; MAE: 20.387, 19.350; MAPE: 14.167, 11.436; Q10: 4.438, 4.209; Q50: 10.193, 9.675; Q90: 5.752, 5.270;
| 12 Horizon | RMSE: 36.434, 34.021; MAE: 23.265, 21.851; MAPE: 16.997, 13.126; Q10: 5.088, 4.771; Q50: 11.633, 10.925; Q90: 7.063, 6.358;
epoch 23 time used: 43  seconds  train loss: 14.541 val loss: 6.79172 test loss: 6.372236
In spatial CL model  Epoch 24: 
| 3  Horizon | RMSE: 24.834, 23.875; MAE: 15.727, 15.456; MAPE: 12.198, 10.015; Q10: 3.783, 3.649; Q50: 7.863, 7.728; Q90: 3.691, 3.637;
| 6  Horizon | RMSE: 27.257, 26.386; MAE: 17.034, 16.930; MAPE: 13.112, 10.768; Q10: 4.096, 3.965; Q50: 8.517, 8.465; Q90: 4.156, 4.167;
| 12 Horizon | RMSE: 31.276, 30.074; MAE: 19.584, 19.476; MAPE: 15.362, 12.311; Q10: 4.737, 4.525; Q50: 9.792, 9.738; Q90: 4.956, 5.015;
In quantile CL model  Epoch 24: 
| 3  Horizon | RMSE: 25.497, 24.363; MAE: 16.203, 15.808; MAPE: 11.873, 10.044; Q10: 3.814, 3.652; Q50: 8.101, 7.904; Q90: 3.888, 3.810;
| 6  Horizon | RMSE: 28.308, 27.209; MAE: 17.764, 17.338; MAPE: 12.871, 10.780; Q10: 4.143, 3.993; Q50: 8.882, 8.669; Q90: 4.502, 4.395;
| 12 Horizon | RMSE: 33.145, 31.610; MAE: 20.932, 20.215; MAPE: 14.990, 12.336; Q10: 4.733, 4.521; Q50: 10.466, 10.108; Q90: 5.820, 5.553;
In temporal CL model  Epoch 24: 
| 3  Horizon | RMSE: 28.265, 26.528; MAE: 18.288, 17.409; MAPE: 12.746, 10.544; Q10: 4.095, 3.879; Q50: 9.144, 8.704; Q90: 4.812, 4.472;
| 6  Horizon | RMSE: 31.787, 29.845; MAE: 20.392, 19.350; MAPE: 14.170, 11.436; Q10: 4.439, 4.209; Q50: 10.196, 9.675; Q90: 5.753, 5.270;
| 12 Horizon | RMSE: 36.438, 34.021; MAE: 23.269, 21.851; MAPE: 17.002, 13.126; Q10: 5.089, 4.771; Q50: 11.635, 10.925; Q90: 7.064, 6.358;
epoch 24 time used: 42  seconds  train loss: 14.521 val loss: 6.79354 test loss: 6.372236
In spatial CL model  Epoch 25: 
| 3  Horizon | RMSE: 24.830, 23.788; MAE: 15.714, 15.309; MAPE: 12.139, 9.774; Q10: 3.784, 3.634; Q50: 7.857, 7.655; Q90: 3.685, 3.601;
| 6  Horizon | RMSE: 27.179, 26.217; MAE: 16.949, 16.726; MAPE: 13.044, 10.548; Q10: 4.115, 3.980; Q50: 8.475, 8.363; Q90: 4.083, 4.055;
| 12 Horizon | RMSE: 31.223, 29.943; MAE: 19.510, 19.314; MAPE: 15.387, 12.226; Q10: 4.778, 4.563; Q50: 9.755, 9.657; Q90: 4.838, 4.862;
In quantile CL model  Epoch 25: 
| 3  Horizon | RMSE: 25.513, 24.363; MAE: 16.207, 15.808; MAPE: 11.888, 10.044; Q10: 3.816, 3.652; Q50: 8.104, 7.904; Q90: 3.889, 3.810;
| 6  Horizon | RMSE: 28.319, 27.209; MAE: 17.767, 17.338; MAPE: 12.878, 10.780; Q10: 4.145, 3.993; Q50: 8.883, 8.669; Q90: 4.502, 4.395;
| 12 Horizon | RMSE: 33.153, 31.610; MAE: 20.937, 20.215; MAPE: 14.999, 12.336; Q10: 4.735, 4.521; Q50: 10.468, 10.108; Q90: 5.821, 5.553;
In temporal CL model  Epoch 25: 
| 3  Horizon | RMSE: 28.263, 26.528; MAE: 18.285, 17.409; MAPE: 12.743, 10.544; Q10: 4.094, 3.879; Q50: 9.142, 8.704; Q90: 4.811, 4.472;
| 6  Horizon | RMSE: 31.785, 29.845; MAE: 20.391, 19.350; MAPE: 14.172, 11.436; Q10: 4.438, 4.209; Q50: 10.195, 9.675; Q90: 5.753, 5.270;
| 12 Horizon | RMSE: 36.431, 34.021; MAE: 23.267, 21.851; MAPE: 16.976, 13.126; Q10: 5.087, 4.771; Q50: 11.633, 10.925; Q90: 7.064, 6.358;
epoch 25 time used: 43  seconds  train loss: 14.444 val loss: 6.793007 test loss: 6.372236
In spatial CL model  Epoch 26: 
| 3  Horizon | RMSE: 24.851, 23.827; MAE: 15.737, 15.397; MAPE: 12.297, 9.895; Q10: 3.802, 3.651; Q50: 7.869, 7.699; Q90: 3.686, 3.629;
| 6  Horizon | RMSE: 27.210, 26.197; MAE: 17.006, 16.833; MAPE: 13.479, 11.047; Q10: 4.151, 4.011; Q50: 8.503, 8.417; Q90: 4.084, 4.062;
| 12 Horizon | RMSE: 31.232, 29.905; MAE: 19.619, 19.485; MAPE: 15.872, 12.861; Q10: 4.905, 4.705; Q50: 9.809, 9.743; Q90: 4.829, 4.845;
In quantile CL model  Epoch 26: 
| 3  Horizon | RMSE: 25.504, 24.363; MAE: 16.203, 15.808; MAPE: 11.895, 10.044; Q10: 3.815, 3.652; Q50: 8.101, 7.904; Q90: 3.888, 3.810;
| 6  Horizon | RMSE: 28.315, 27.209; MAE: 17.761, 17.338; MAPE: 12.885, 10.780; Q10: 4.144, 3.993; Q50: 8.880, 8.669; Q90: 4.501, 4.395;
| 12 Horizon | RMSE: 33.140, 31.610; MAE: 20.922, 20.215; MAPE: 15.003, 12.336; Q10: 4.732, 4.521; Q50: 10.461, 10.108; Q90: 5.817, 5.553;
In temporal CL model  Epoch 26: 
| 3  Horizon | RMSE: 28.270, 26.528; MAE: 18.293, 17.409; MAPE: 12.732, 10.544; Q10: 4.096, 3.879; Q50: 9.146, 8.704; Q90: 4.814, 4.472;
| 6  Horizon | RMSE: 31.800, 29.845; MAE: 20.404, 19.350; MAPE: 14.162, 11.436; Q10: 4.441, 4.209; Q50: 10.202, 9.675; Q90: 5.758, 5.270;
| 12 Horizon | RMSE: 36.460, 34.021; MAE: 23.288, 21.851; MAPE: 17.004, 13.126; Q10: 5.093, 4.771; Q50: 11.644, 10.925; Q90: 7.072, 6.358;
epoch 26 time used: 44  seconds  train loss: 14.434 val loss: 6.797577 test loss: 6.372236
In spatial CL model  Epoch 27: 
| 3  Horizon | RMSE: 24.824, 23.810; MAE: 15.732, 15.382; MAPE: 12.194, 9.854; Q10: 3.772, 3.628; Q50: 7.866, 7.691; Q90: 3.695, 3.620;
| 6  Horizon | RMSE: 27.130, 26.112; MAE: 16.920, 16.680; MAPE: 13.252, 10.745; Q10: 4.167, 4.032; Q50: 8.460, 8.340; Q90: 4.059, 4.016;
| 12 Horizon | RMSE: 31.026, 29.669; MAE: 19.415, 19.160; MAPE: 15.569, 12.387; Q10: 4.811, 4.590; Q50: 9.708, 9.580; Q90: 4.770, 4.753;
In quantile CL model  Epoch 27: 
| 3  Horizon | RMSE: 25.514, 24.363; MAE: 16.209, 15.808; MAPE: 11.886, 10.044; Q10: 3.817, 3.652; Q50: 8.104, 7.904; Q90: 3.889, 3.810;
| 6  Horizon | RMSE: 28.325, 27.209; MAE: 17.772, 17.338; MAPE: 12.880, 10.780; Q10: 4.146, 3.993; Q50: 8.886, 8.669; Q90: 4.503, 4.395;
| 12 Horizon | RMSE: 33.156, 31.610; MAE: 20.936, 20.215; MAPE: 14.997, 12.336; Q10: 4.735, 4.521; Q50: 10.468, 10.108; Q90: 5.821, 5.553;
In temporal CL model  Epoch 27: 
| 3  Horizon | RMSE: 28.249, 26.528; MAE: 18.278, 17.409; MAPE: 12.747, 10.544; Q10: 4.094, 3.879; Q50: 9.139, 8.704; Q90: 4.807, 4.472;
| 6  Horizon | RMSE: 31.781, 29.845; MAE: 20.387, 19.350; MAPE: 14.173, 11.436; Q10: 4.438, 4.209; Q50: 10.193, 9.675; Q90: 5.751, 5.270;
| 12 Horizon | RMSE: 36.434, 34.021; MAE: 23.268, 21.851; MAPE: 17.003, 13.126; Q10: 5.090, 4.771; Q50: 11.634, 10.925; Q90: 7.062, 6.358;
epoch 27 time used: 44  seconds  train loss: 14.416 val loss: 6.791919 test loss: 6.372236
In spatial CL model  Epoch 28: 
| 3  Horizon | RMSE: 24.838, 23.867; MAE: 15.724, 15.482; MAPE: 12.237, 9.989; Q10: 3.782, 3.650; Q50: 7.862, 7.741; Q90: 3.691, 3.655;
| 6  Horizon | RMSE: 27.176, 26.268; MAE: 16.992, 16.928; MAPE: 13.260, 10.925; Q10: 4.120, 4.014; Q50: 8.496, 8.464; Q90: 4.141, 4.160;
| 12 Horizon | RMSE: 31.182, 30.025; MAE: 19.610, 19.678; MAPE: 15.717, 12.914; Q10: 4.818, 4.676; Q50: 9.805, 9.839; Q90: 4.886, 4.956;
In quantile CL model  Epoch 28: 
| 3  Horizon | RMSE: 25.503, 24.363; MAE: 16.203, 15.808; MAPE: 11.895, 10.044; Q10: 3.815, 3.652; Q50: 8.102, 7.904; Q90: 3.888, 3.810;
| 6  Horizon | RMSE: 28.319, 27.209; MAE: 17.764, 17.338; MAPE: 12.886, 10.780; Q10: 4.145, 3.993; Q50: 8.882, 8.669; Q90: 4.502, 4.395;
| 12 Horizon | RMSE: 33.147, 31.610; MAE: 20.933, 20.215; MAPE: 15.006, 12.336; Q10: 4.733, 4.521; Q50: 10.466, 10.108; Q90: 5.820, 5.553;
In temporal CL model  Epoch 28: 
| 3  Horizon | RMSE: 28.236, 26.528; MAE: 18.272, 17.409; MAPE: 12.737, 10.544; Q10: 4.091, 3.879; Q50: 9.136, 8.704; Q90: 4.805, 4.472;
| 6  Horizon | RMSE: 31.775, 29.845; MAE: 20.385, 19.350; MAPE: 14.164, 11.436; Q10: 4.437, 4.209; Q50: 10.193, 9.675; Q90: 5.750, 5.270;
| 12 Horizon | RMSE: 36.434, 34.021; MAE: 23.266, 21.851; MAPE: 17.001, 13.126; Q10: 5.089, 4.771; Q50: 11.633, 10.925; Q90: 7.063, 6.358;
epoch 28 time used: 43  seconds  train loss: 14.407 val loss: 6.790623 test loss: 6.372236
In spatial CL model  Epoch 29: 
| 3  Horizon | RMSE: 24.843, 23.776; MAE: 15.690, 15.346; MAPE: 12.336, 10.040; Q10: 3.826, 3.678; Q50: 7.845, 7.673; Q90: 3.656, 3.599;
| 6  Horizon | RMSE: 27.121, 26.104; MAE: 16.882, 16.673; MAPE: 13.162, 10.696; Q10: 4.138, 3.998; Q50: 8.441, 8.336; Q90: 4.072, 4.052;
| 12 Horizon | RMSE: 31.090, 29.715; MAE: 19.428, 19.166; MAPE: 15.296, 12.128; Q10: 4.785, 4.549; Q50: 9.714, 9.583; Q90: 4.841, 4.855;
In quantile CL model  Epoch 29: 
| 3  Horizon | RMSE: 25.516, 24.363; MAE: 16.212, 15.808; MAPE: 11.890, 10.044; Q10: 3.817, 3.652; Q50: 8.106, 7.904; Q90: 3.890, 3.810;
| 6  Horizon | RMSE: 28.324, 27.209; MAE: 17.771, 17.338; MAPE: 12.879, 10.780; Q10: 4.147, 3.993; Q50: 8.885, 8.669; Q90: 4.504, 4.395;
| 12 Horizon | RMSE: 33.155, 31.610; MAE: 20.939, 20.215; MAPE: 14.998, 12.336; Q10: 4.736, 4.521; Q50: 10.470, 10.108; Q90: 5.821, 5.553;
In temporal CL model  Epoch 29: 
| 3  Horizon | RMSE: 28.268, 26.528; MAE: 18.288, 17.409; MAPE: 12.738, 10.544; Q10: 4.096, 3.879; Q50: 9.144, 8.704; Q90: 4.812, 4.472;
| 6  Horizon | RMSE: 31.794, 29.845; MAE: 20.397, 19.350; MAPE: 14.162, 11.436; Q10: 4.440, 4.209; Q50: 10.199, 9.675; Q90: 5.754, 5.270;
| 12 Horizon | RMSE: 36.453, 34.021; MAE: 23.282, 21.851; MAPE: 16.999, 13.126; Q10: 5.092, 4.771; Q50: 11.641, 10.925; Q90: 7.067, 6.358;
epoch 29 time used: 44  seconds  train loss: 14.385 val loss: 6.795533 test loss: 6.372236
In spatial CL model  Epoch 30: 
| 3  Horizon | RMSE: 24.795, 23.798; MAE: 15.686, 15.395; MAPE: 12.273, 10.005; Q10: 3.793, 3.654; Q50: 7.843, 7.697; Q90: 3.670, 3.613;
| 6  Horizon | RMSE: 27.121, 26.140; MAE: 16.920, 16.691; MAPE: 13.056, 10.586; Q10: 4.120, 3.983; Q50: 8.460, 8.345; Q90: 4.103, 4.069;
| 12 Horizon | RMSE: 31.101, 29.764; MAE: 19.477, 19.221; MAPE: 15.262, 12.160; Q10: 4.767, 4.541; Q50: 9.738, 9.610; Q90: 4.884, 4.884;
In quantile CL model  Epoch 30: 
| 3  Horizon | RMSE: 25.513, 24.363; MAE: 16.209, 15.808; MAPE: 11.894, 10.044; Q10: 3.816, 3.652; Q50: 8.104, 7.904; Q90: 3.889, 3.810;
| 6  Horizon | RMSE: 28.322, 27.209; MAE: 17.768, 17.338; MAPE: 12.881, 10.780; Q10: 4.146, 3.993; Q50: 8.884, 8.669; Q90: 4.503, 4.395;
| 12 Horizon | RMSE: 33.153, 31.610; MAE: 20.937, 20.215; MAPE: 14.999, 12.336; Q10: 4.735, 4.521; Q50: 10.469, 10.108; Q90: 5.821, 5.553;
In temporal CL model  Epoch 30: 
| 3  Horizon | RMSE: 28.252, 26.528; MAE: 18.281, 17.409; MAPE: 12.736, 10.544; Q10: 4.094, 3.879; Q50: 9.140, 8.704; Q90: 4.808, 4.472;
| 6  Horizon | RMSE: 31.777, 29.845; MAE: 20.389, 19.350; MAPE: 14.163, 11.436; Q10: 4.438, 4.209; Q50: 10.194, 9.675; Q90: 5.750, 5.270;
| 12 Horizon | RMSE: 36.427, 34.021; MAE: 23.269, 21.851; MAPE: 16.990, 13.126; Q10: 5.090, 4.771; Q50: 11.634, 10.925; Q90: 7.060, 6.358;
epoch 30 time used: 44  seconds  train loss: 14.346 val loss: 6.79161 test loss: 6.372236
In spatial CL model  Epoch 31: 
| 3  Horizon | RMSE: 24.877, 23.844; MAE: 15.721, 15.390; MAPE: 12.231, 9.841; Q10: 3.780, 3.625; Q50: 7.861, 7.695; Q90: 3.708, 3.651;
| 6  Horizon | RMSE: 27.256, 26.232; MAE: 16.984, 16.756; MAPE: 13.144, 10.518; Q10: 4.116, 3.955; Q50: 8.492, 8.378; Q90: 4.143, 4.130;
| 12 Horizon | RMSE: 31.263, 29.845; MAE: 19.523, 19.279; MAPE: 15.446, 12.163; Q10: 4.786, 4.545; Q50: 9.762, 9.640; Q90: 4.934, 4.965;
In quantile CL model  Epoch 31: 
| 3  Horizon | RMSE: 25.505, 24.363; MAE: 16.202, 15.808; MAPE: 11.890, 10.044; Q10: 3.815, 3.652; Q50: 8.101, 7.904; Q90: 3.886, 3.810;
| 6  Horizon | RMSE: 28.311, 27.209; MAE: 17.760, 17.338; MAPE: 12.875, 10.780; Q10: 4.143, 3.993; Q50: 8.880, 8.669; Q90: 4.499, 4.395;
| 12 Horizon | RMSE: 33.135, 31.610; MAE: 20.924, 20.215; MAPE: 14.995, 12.336; Q10: 4.733, 4.521; Q50: 10.462, 10.108; Q90: 5.814, 5.553;
In temporal CL model  Epoch 31: 
| 3  Horizon | RMSE: 28.239, 26.528; MAE: 18.271, 17.409; MAPE: 12.729, 10.544; Q10: 4.092, 3.879; Q50: 9.135, 8.704; Q90: 4.805, 4.472;
| 6  Horizon | RMSE: 31.750, 29.845; MAE: 20.369, 19.350; MAPE: 14.127, 11.436; Q10: 4.436, 4.209; Q50: 10.184, 9.675; Q90: 5.740, 5.270;
| 12 Horizon | RMSE: 36.405, 34.021; MAE: 23.251, 21.851; MAPE: 16.961, 13.126; Q10: 5.087, 4.771; Q50: 11.626, 10.925; Q90: 7.050, 6.358;
epoch 31 time used: 43  seconds  train loss: 14.339 val loss: 6.785509 test loss: 6.372236
In spatial CL model  Epoch 32: 
| 3  Horizon | RMSE: 24.927, 23.873; MAE: 15.748, 15.412; MAPE: 12.318, 9.986; Q10: 3.818, 3.673; Q50: 7.874, 7.706; Q90: 3.696, 3.632;
| 6  Horizon | RMSE: 27.248, 26.154; MAE: 16.942, 16.669; MAPE: 13.298, 10.726; Q10: 4.149, 3.995; Q50: 8.471, 8.335; Q90: 4.075, 4.030;
| 12 Horizon | RMSE: 31.128, 29.614; MAE: 19.421, 19.085; MAPE: 15.529, 12.272; Q10: 4.802, 4.554; Q50: 9.710, 9.542; Q90: 4.785, 4.754;
In quantile CL model  Epoch 32: 
| 3  Horizon | RMSE: 25.507, 24.363; MAE: 16.208, 15.808; MAPE: 11.893, 10.044; Q10: 3.816, 3.652; Q50: 8.104, 7.904; Q90: 3.888, 3.810;
| 6  Horizon | RMSE: 28.317, 27.209; MAE: 17.766, 17.338; MAPE: 12.881, 10.780; Q10: 4.145, 3.993; Q50: 8.883, 8.669; Q90: 4.502, 4.395;
| 12 Horizon | RMSE: 33.141, 31.610; MAE: 20.928, 20.215; MAPE: 14.996, 12.336; Q10: 4.734, 4.521; Q50: 10.464, 10.108; Q90: 5.817, 5.553;
In temporal CL model  Epoch 32: 
| 3  Horizon | RMSE: 28.257, 26.528; MAE: 18.281, 17.409; MAPE: 12.733, 10.544; Q10: 4.094, 3.879; Q50: 9.141, 8.704; Q90: 4.810, 4.472;
| 6  Horizon | RMSE: 31.786, 29.845; MAE: 20.391, 19.350; MAPE: 14.159, 11.436; Q10: 4.437, 4.209; Q50: 10.195, 9.675; Q90: 5.754, 5.270;
| 12 Horizon | RMSE: 36.442, 34.021; MAE: 23.270, 21.851; MAPE: 16.986, 13.126; Q10: 5.089, 4.771; Q50: 11.635, 10.925; Q90: 7.066, 6.358;
epoch 32 time used: 43  seconds  train loss: 14.322 val loss: 6.792552 test loss: 6.372236
In spatial CL model  Epoch 33: 
| 3  Horizon | RMSE: 24.799, 23.784; MAE: 15.653, 15.348; MAPE: 12.241, 9.906; Q10: 3.768, 3.621; Q50: 7.826, 7.674; Q90: 3.670, 3.618;
| 6  Horizon | RMSE: 27.107, 26.137; MAE: 16.873, 16.751; MAPE: 13.292, 10.811; Q10: 4.134, 4.013; Q50: 8.437, 8.376; Q90: 4.074, 4.079;
| 12 Horizon | RMSE: 31.031, 29.722; MAE: 19.348, 19.260; MAPE: 15.534, 12.477; Q10: 4.795, 4.608; Q50: 9.674, 9.630; Q90: 4.823, 4.875;
In quantile CL model  Epoch 33: 
| 3  Horizon | RMSE: 25.514, 24.363; MAE: 16.208, 15.808; MAPE: 11.898, 10.044; Q10: 3.817, 3.652; Q50: 8.104, 7.904; Q90: 3.888, 3.810;
| 6  Horizon | RMSE: 28.320, 27.209; MAE: 17.767, 17.338; MAPE: 12.887, 10.780; Q10: 4.145, 3.993; Q50: 8.884, 8.669; Q90: 4.503, 4.395;
| 12 Horizon | RMSE: 33.150, 31.610; MAE: 20.936, 20.215; MAPE: 15.006, 12.336; Q10: 4.734, 4.521; Q50: 10.468, 10.108; Q90: 5.821, 5.553;
In temporal CL model  Epoch 33: 
| 3  Horizon | RMSE: 28.261, 26.528; MAE: 18.284, 17.409; MAPE: 12.738, 10.544; Q10: 4.094, 3.879; Q50: 9.142, 8.704; Q90: 4.811, 4.472;
| 6  Horizon | RMSE: 31.788, 29.845; MAE: 20.392, 19.350; MAPE: 14.159, 11.436; Q10: 4.439, 4.209; Q50: 10.196, 9.675; Q90: 5.753, 5.270;
| 12 Horizon | RMSE: 36.438, 34.021; MAE: 23.270, 21.851; MAPE: 16.994, 13.126; Q10: 5.090, 4.771; Q50: 11.635, 10.925; Q90: 7.063, 6.358;
epoch 33 time used: 44  seconds  train loss: 14.315 val loss: 6.793056 test loss: 6.372236
In spatial CL model  Epoch 34: 
| 3  Horizon | RMSE: 24.890, 23.910; MAE: 15.761, 15.472; MAPE: 12.262, 9.951; Q10: 3.789, 3.648; Q50: 7.880, 7.736; Q90: 3.722, 3.682;
| 6  Horizon | RMSE: 27.205, 26.246; MAE: 16.980, 16.836; MAPE: 13.269, 10.785; Q10: 4.131, 4.000; Q50: 8.490, 8.418; Q90: 4.124, 4.120;
| 12 Horizon | RMSE: 31.173, 29.917; MAE: 19.563, 19.490; MAPE: 15.599, 12.585; Q10: 4.792, 4.602; Q50: 9.782, 9.745; Q90: 4.872, 4.915;
In quantile CL model  Epoch 34: 
| 3  Horizon | RMSE: 25.511, 24.363; MAE: 16.208, 15.808; MAPE: 11.891, 10.044; Q10: 3.816, 3.652; Q50: 8.104, 7.904; Q90: 3.889, 3.810;
| 6  Horizon | RMSE: 28.318, 27.209; MAE: 17.765, 17.338; MAPE: 12.873, 10.780; Q10: 4.144, 3.993; Q50: 8.883, 8.669; Q90: 4.502, 4.395;
| 12 Horizon | RMSE: 33.145, 31.610; MAE: 20.934, 20.215; MAPE: 14.997, 12.336; Q10: 4.733, 4.521; Q50: 10.467, 10.108; Q90: 5.820, 5.553;
In temporal CL model  Epoch 34: 
| 3  Horizon | RMSE: 28.246, 26.528; MAE: 18.273, 17.409; MAPE: 12.744, 10.544; Q10: 4.092, 3.879; Q50: 9.136, 8.704; Q90: 4.807, 4.472;
| 6  Horizon | RMSE: 31.772, 29.845; MAE: 20.381, 19.350; MAPE: 14.172, 11.436; Q10: 4.437, 4.209; Q50: 10.190, 9.675; Q90: 5.748, 5.270;
| 12 Horizon | RMSE: 36.420, 34.021; MAE: 23.255, 21.851; MAPE: 17.004, 13.126; Q10: 5.088, 4.771; Q50: 11.628, 10.925; Q90: 7.056, 6.358;
epoch 34 time used: 44  seconds  train loss: 14.305 val loss: 6.788494 test loss: 6.372236
In spatial CL model  Epoch 35: 
| 3  Horizon | RMSE: 24.849, 23.841; MAE: 15.681, 15.412; MAPE: 12.306, 9.983; Q10: 3.806, 3.669; Q50: 7.840, 7.706; Q90: 3.686, 3.644;
| 6  Horizon | RMSE: 27.227, 26.219; MAE: 16.947, 16.806; MAPE: 13.350, 10.793; Q10: 4.138, 4.001; Q50: 8.473, 8.403; Q90: 4.125, 4.130;
| 12 Horizon | RMSE: 31.247, 29.834; MAE: 19.513, 19.343; MAPE: 15.555, 12.358; Q10: 4.780, 4.556; Q50: 9.756, 9.671; Q90: 4.933, 4.980;
In quantile CL model  Epoch 35: 
| 3  Horizon | RMSE: 25.496, 24.363; MAE: 16.203, 15.808; MAPE: 11.893, 10.044; Q10: 3.814, 3.652; Q50: 8.102, 7.904; Q90: 3.888, 3.810;
| 6  Horizon | RMSE: 28.300, 27.209; MAE: 17.761, 17.338; MAPE: 12.847, 10.780; Q10: 4.143, 3.993; Q50: 8.880, 8.669; Q90: 4.502, 4.395;
| 12 Horizon | RMSE: 33.135, 31.610; MAE: 20.926, 20.215; MAPE: 14.925, 12.336; Q10: 4.731, 4.521; Q50: 10.463, 10.108; Q90: 5.818, 5.553;
In temporal CL model  Epoch 35: 
| 3  Horizon | RMSE: 28.261, 26.528; MAE: 18.285, 17.409; MAPE: 12.739, 10.544; Q10: 4.095, 3.879; Q50: 9.143, 8.704; Q90: 4.811, 4.472;
| 6  Horizon | RMSE: 31.785, 29.845; MAE: 20.391, 19.350; MAPE: 14.159, 11.436; Q10: 4.439, 4.209; Q50: 10.195, 9.675; Q90: 5.752, 5.270;
| 12 Horizon | RMSE: 36.452, 34.021; MAE: 23.279, 21.851; MAPE: 16.988, 13.126; Q10: 5.090, 4.771; Q50: 11.639, 10.925; Q90: 7.069, 6.358;
epoch 35 time used: 43  seconds  train loss: 14.275 val loss: 6.793965 test loss: 6.372236
In spatial CL model  Epoch 36: 
| 3  Horizon | RMSE: 24.885, 23.852; MAE: 15.733, 15.421; MAPE: 12.320, 9.979; Q10: 3.797, 3.652; Q50: 7.867, 7.711; Q90: 3.694, 3.636;
| 6  Horizon | RMSE: 27.217, 26.197; MAE: 16.947, 16.754; MAPE: 13.272, 10.748; Q10: 4.133, 4.000; Q50: 8.473, 8.377; Q90: 4.117, 4.095;
| 12 Horizon | RMSE: 31.194, 29.875; MAE: 19.474, 19.347; MAPE: 15.475, 12.430; Q10: 4.814, 4.628; Q50: 9.737, 9.674; Q90: 4.899, 4.935;
In quantile CL model  Epoch 36: 
| 3  Horizon | RMSE: 25.512, 24.363; MAE: 16.206, 15.808; MAPE: 11.891, 10.044; Q10: 3.817, 3.652; Q50: 8.103, 7.904; Q90: 3.888, 3.810;
| 6  Horizon | RMSE: 28.310, 27.209; MAE: 17.761, 17.338; MAPE: 12.861, 10.780; Q10: 4.145, 3.993; Q50: 8.881, 8.669; Q90: 4.498, 4.395;
| 12 Horizon | RMSE: 33.139, 31.610; MAE: 20.929, 20.215; MAPE: 14.988, 12.336; Q10: 4.734, 4.521; Q50: 10.465, 10.108; Q90: 5.817, 5.553;
In temporal CL model  Epoch 36: 
| 3  Horizon | RMSE: 28.254, 26.528; MAE: 18.281, 17.409; MAPE: 12.741, 10.544; Q10: 4.094, 3.879; Q50: 9.140, 8.704; Q90: 4.808, 4.472;
| 6  Horizon | RMSE: 31.787, 29.845; MAE: 20.393, 19.350; MAPE: 14.173, 11.436; Q10: 4.439, 4.209; Q50: 10.197, 9.675; Q90: 5.753, 5.270;
| 12 Horizon | RMSE: 36.449, 34.021; MAE: 23.277, 21.851; MAPE: 17.005, 13.126; Q10: 5.091, 4.771; Q50: 11.638, 10.925; Q90: 7.066, 6.358;
epoch 36 time used: 44  seconds  train loss: 14.267 val loss: 6.793511 test loss: 6.372236
In spatial CL model  Epoch 37: 
| 3  Horizon | RMSE: 24.826, 23.766; MAE: 15.650, 15.339; MAPE: 12.250, 9.915; Q10: 3.792, 3.651; Q50: 7.825, 7.669; Q90: 3.670, 3.616;
| 6  Horizon | RMSE: 27.154, 26.078; MAE: 16.866, 16.672; MAPE: 13.301, 10.751; Q10: 4.137, 4.001; Q50: 8.433, 8.336; Q90: 4.065, 4.043;
| 12 Horizon | RMSE: 31.092, 29.613; MAE: 19.349, 19.092; MAPE: 15.294, 12.108; Q10: 4.769, 4.545; Q50: 9.674, 9.546; Q90: 4.831, 4.833;
In quantile CL model  Epoch 37: 
| 3  Horizon | RMSE: 25.509, 24.363; MAE: 16.204, 15.808; MAPE: 11.891, 10.044; Q10: 3.816, 3.652; Q50: 8.102, 7.904; Q90: 3.887, 3.810;
| 6  Horizon | RMSE: 28.312, 27.209; MAE: 17.762, 17.338; MAPE: 12.877, 10.780; Q10: 4.144, 3.993; Q50: 8.881, 8.669; Q90: 4.500, 4.395;
| 12 Horizon | RMSE: 33.134, 31.610; MAE: 20.927, 20.215; MAPE: 14.999, 12.336; Q10: 4.733, 4.521; Q50: 10.463, 10.108; Q90: 5.815, 5.553;
In temporal CL model  Epoch 37: 
| 3  Horizon | RMSE: 28.257, 26.528; MAE: 18.282, 17.409; MAPE: 12.741, 10.544; Q10: 4.094, 3.879; Q50: 9.141, 8.704; Q90: 4.810, 4.472;
| 6  Horizon | RMSE: 31.789, 29.845; MAE: 20.393, 19.350; MAPE: 14.168, 11.436; Q10: 4.439, 4.209; Q50: 10.196, 9.675; Q90: 5.754, 5.270;
| 12 Horizon | RMSE: 36.439, 34.021; MAE: 23.273, 21.851; MAPE: 17.003, 13.126; Q10: 5.090, 4.771; Q50: 11.636, 10.925; Q90: 7.066, 6.358;
epoch 37 time used: 44  seconds  train loss: 14.258 val loss: 6.79295 test loss: 6.372236
In spatial CL model  Epoch 38: 
| 3  Horizon | RMSE: 24.942, 23.840; MAE: 15.753, 15.409; MAPE: 12.440, 10.049; Q10: 3.826, 3.668; Q50: 7.877, 7.705; Q90: 3.685, 3.622;
| 6  Horizon | RMSE: 27.268, 26.186; MAE: 16.987, 16.749; MAPE: 13.330, 10.717; Q10: 4.172, 4.031; Q50: 8.493, 8.374; Q90: 4.106, 4.068;
| 12 Horizon | RMSE: 31.310, 29.899; MAE: 19.592, 19.429; MAPE: 15.664, 12.561; Q10: 4.819, 4.611; Q50: 9.796, 9.714; Q90: 4.931, 4.942;
In quantile CL model  Epoch 38: 
| 3  Horizon | RMSE: 25.512, 24.363; MAE: 16.207, 15.808; MAPE: 11.894, 10.044; Q10: 3.816, 3.652; Q50: 8.103, 7.904; Q90: 3.889, 3.810;
| 6  Horizon | RMSE: 28.316, 27.209; MAE: 17.763, 17.338; MAPE: 12.882, 10.780; Q10: 4.145, 3.993; Q50: 8.881, 8.669; Q90: 4.501, 4.395;
| 12 Horizon | RMSE: 33.113, 31.610; MAE: 20.920, 20.215; MAPE: 14.998, 12.336; Q10: 4.733, 4.521; Q50: 10.460, 10.108; Q90: 5.810, 5.553;
In temporal CL model  Epoch 38: 
| 3  Horizon | RMSE: 28.255, 26.528; MAE: 18.282, 17.409; MAPE: 12.717, 10.544; Q10: 4.094, 3.879; Q50: 9.141, 8.704; Q90: 4.810, 4.472;
| 6  Horizon | RMSE: 31.777, 29.845; MAE: 20.386, 19.350; MAPE: 14.149, 11.436; Q10: 4.437, 4.209; Q50: 10.193, 9.675; Q90: 5.751, 5.270;
| 12 Horizon | RMSE: 36.438, 34.021; MAE: 23.271, 21.851; MAPE: 16.931, 13.126; Q10: 5.089, 4.771; Q50: 11.636, 10.925; Q90: 7.064, 6.358;
epoch 38 time used: 44  seconds  train loss: 14.252 val loss: 6.79228 test loss: 6.372236
In spatial CL model  Epoch 39: 
| 3  Horizon | RMSE: 24.821, 23.744; MAE: 15.648, 15.305; MAPE: 12.253, 9.860; Q10: 3.792, 3.638; Q50: 7.824, 7.652; Q90: 3.672, 3.604;
| 6  Horizon | RMSE: 27.153, 26.054; MAE: 16.883, 16.633; MAPE: 13.212, 10.592; Q10: 4.122, 3.968; Q50: 8.441, 8.317; Q90: 4.073, 4.035;
| 12 Horizon | RMSE: 31.149, 29.657; MAE: 19.444, 19.125; MAPE: 15.228, 11.964; Q10: 4.752, 4.516; Q50: 9.722, 9.562; Q90: 4.860, 4.848;
In quantile CL model  Epoch 39: 
| 3  Horizon | RMSE: 25.509, 24.363; MAE: 16.209, 15.808; MAPE: 11.877, 10.044; Q10: 3.817, 3.652; Q50: 8.105, 7.904; Q90: 3.889, 3.810;
| 6  Horizon | RMSE: 28.319, 27.209; MAE: 17.769, 17.338; MAPE: 12.873, 10.780; Q10: 4.145, 3.993; Q50: 8.885, 8.669; Q90: 4.503, 4.395;
| 12 Horizon | RMSE: 33.153, 31.610; MAE: 20.938, 20.215; MAPE: 14.986, 12.336; Q10: 4.735, 4.521; Q50: 10.469, 10.108; Q90: 5.823, 5.553;
In temporal CL model  Epoch 39: 
| 3  Horizon | RMSE: 28.263, 26.528; MAE: 18.291, 17.409; MAPE: 12.744, 10.544; Q10: 4.096, 3.879; Q50: 9.146, 8.704; Q90: 4.813, 4.472;
| 6  Horizon | RMSE: 31.799, 29.845; MAE: 20.403, 19.350; MAPE: 14.172, 11.436; Q10: 4.441, 4.209; Q50: 10.202, 9.675; Q90: 5.757, 5.270;
| 12 Horizon | RMSE: 36.455, 34.021; MAE: 23.287, 21.851; MAPE: 16.990, 13.126; Q10: 5.092, 4.771; Q50: 11.643, 10.925; Q90: 7.071, 6.358;
epoch 39 time used: 42  seconds  train loss: 14.249 val loss: 6.796955 test loss: 6.372236
In spatial CL model  Epoch 40: 
| 3  Horizon | RMSE: 24.888, 23.807; MAE: 15.700, 15.363; MAPE: 12.309, 9.948; Q10: 3.796, 3.641; Q50: 7.850, 7.681; Q90: 3.697, 3.640;
| 6  Horizon | RMSE: 27.211, 26.115; MAE: 16.914, 16.695; MAPE: 13.307, 10.778; Q10: 4.157, 4.015; Q50: 8.457, 8.347; Q90: 4.097, 4.069;
| 12 Horizon | RMSE: 31.164, 29.776; MAE: 19.438, 19.277; MAPE: 15.407, 12.300; Q10: 4.785, 4.579; Q50: 9.719, 9.639; Q90: 4.920, 4.952;
In quantile CL model  Epoch 40: 
| 3  Horizon | RMSE: 25.515, 24.363; MAE: 16.211, 15.808; MAPE: 11.895, 10.044; Q10: 3.817, 3.652; Q50: 8.106, 7.904; Q90: 3.890, 3.810;
| 6  Horizon | RMSE: 28.325, 27.209; MAE: 17.772, 17.338; MAPE: 12.880, 10.780; Q10: 4.146, 3.993; Q50: 8.886, 8.669; Q90: 4.504, 4.395;
| 12 Horizon | RMSE: 33.162, 31.610; MAE: 20.944, 20.215; MAPE: 15.002, 12.336; Q10: 4.737, 4.521; Q50: 10.472, 10.108; Q90: 5.823, 5.553;
In temporal CL model  Epoch 40: 
| 3  Horizon | RMSE: 28.245, 26.528; MAE: 18.276, 17.409; MAPE: 12.735, 10.544; Q10: 4.093, 3.879; Q50: 9.138, 8.704; Q90: 4.806, 4.472;
| 6  Horizon | RMSE: 31.786, 29.845; MAE: 20.391, 19.350; MAPE: 14.161, 11.436; Q10: 4.438, 4.209; Q50: 10.196, 9.675; Q90: 5.753, 5.270;
| 12 Horizon | RMSE: 36.442, 34.021; MAE: 23.273, 21.851; MAPE: 16.993, 13.126; Q10: 5.090, 4.771; Q50: 11.637, 10.925; Q90: 7.065, 6.358;
epoch 40 time used: 44  seconds  train loss: 14.224 val loss: 6.792103 test loss: 6.372236
In spatial CL model  Epoch 41: 
| 3  Horizon | RMSE: 24.911, 23.827; MAE: 15.711, 15.361; MAPE: 12.320, 9.934; Q10: 3.822, 3.673; Q50: 7.856, 7.681; Q90: 3.681, 3.617;
| 6  Horizon | RMSE: 27.257, 26.145; MAE: 16.935, 16.690; MAPE: 13.313, 10.690; Q10: 4.154, 4.009; Q50: 8.468, 8.345; Q90: 4.113, 4.081;
| 12 Horizon | RMSE: 31.225, 29.712; MAE: 19.452, 19.185; MAPE: 15.497, 12.286; Q10: 4.796, 4.572; Q50: 9.726, 9.592; Q90: 4.885, 4.871;
In quantile CL model  Epoch 41: 
| 3  Horizon | RMSE: 25.516, 24.363; MAE: 16.211, 15.808; MAPE: 11.893, 10.044; Q10: 3.817, 3.652; Q50: 8.105, 7.904; Q90: 3.890, 3.810;
| 6  Horizon | RMSE: 28.324, 27.209; MAE: 17.769, 17.338; MAPE: 12.882, 10.780; Q10: 4.146, 3.993; Q50: 8.885, 8.669; Q90: 4.503, 4.395;
| 12 Horizon | RMSE: 33.156, 31.610; MAE: 20.939, 20.215; MAPE: 14.998, 12.336; Q10: 4.736, 4.521; Q50: 10.470, 10.108; Q90: 5.822, 5.553;
In temporal CL model  Epoch 41: 
| 3  Horizon | RMSE: 28.258, 26.528; MAE: 18.286, 17.409; MAPE: 12.746, 10.544; Q10: 4.094, 3.879; Q50: 9.143, 8.704; Q90: 4.812, 4.472;
| 6  Horizon | RMSE: 31.781, 29.845; MAE: 20.391, 19.350; MAPE: 14.174, 11.436; Q10: 4.438, 4.209; Q50: 10.196, 9.675; Q90: 5.755, 5.270;
| 12 Horizon | RMSE: 36.441, 34.021; MAE: 23.273, 21.851; MAPE: 17.006, 13.126; Q10: 5.090, 4.771; Q50: 11.637, 10.925; Q90: 7.066, 6.358;
epoch 41 time used: 44  seconds  train loss: 14.22 val loss: 6.794015 test loss: 6.372236
In spatial CL model  Epoch 42: 
| 3  Horizon | RMSE: 24.820, 23.782; MAE: 15.635, 15.331; MAPE: 12.208, 9.907; Q10: 3.792, 3.650; Q50: 7.817, 7.665; Q90: 3.674, 3.625;
| 6  Horizon | RMSE: 27.167, 26.122; MAE: 16.875, 16.683; MAPE: 13.220, 10.685; Q10: 4.137, 4.001; Q50: 8.437, 8.342; Q90: 4.104, 4.087;
| 12 Horizon | RMSE: 31.159, 29.753; MAE: 19.409, 19.238; MAPE: 15.452, 12.369; Q10: 4.790, 4.587; Q50: 9.704, 9.619; Q90: 4.858, 4.870;
In quantile CL model  Epoch 42: 
| 3  Horizon | RMSE: 25.504, 24.363; MAE: 16.200, 15.808; MAPE: 11.896, 10.044; Q10: 3.815, 3.652; Q50: 8.100, 7.904; Q90: 3.887, 3.810;
| 6  Horizon | RMSE: 28.311, 27.209; MAE: 17.759, 17.338; MAPE: 12.886, 10.780; Q10: 4.144, 3.993; Q50: 8.880, 8.669; Q90: 4.500, 4.395;
| 12 Horizon | RMSE: 33.139, 31.610; MAE: 20.924, 20.215; MAPE: 15.004, 12.336; Q10: 4.733, 4.521; Q50: 10.462, 10.108; Q90: 5.815, 5.553;
In temporal CL model  Epoch 42: 
| 3  Horizon | RMSE: 28.264, 26.528; MAE: 18.291, 17.409; MAPE: 12.729, 10.544; Q10: 4.096, 3.879; Q50: 9.146, 8.704; Q90: 4.813, 4.472;
| 6  Horizon | RMSE: 31.796, 29.845; MAE: 20.401, 19.350; MAPE: 14.171, 11.436; Q10: 4.441, 4.209; Q50: 10.200, 9.675; Q90: 5.755, 5.270;
| 12 Horizon | RMSE: 36.448, 34.021; MAE: 23.283, 21.851; MAPE: 17.004, 13.126; Q10: 5.091, 4.771; Q50: 11.641, 10.925; Q90: 7.071, 6.358;
epoch 42 time used: 44  seconds  train loss: 14.214 val loss: 6.79684 test loss: 6.372236
In spatial CL model  Epoch 43: 
| 3  Horizon | RMSE: 24.911, 23.851; MAE: 15.708, 15.383; MAPE: 12.289, 9.925; Q10: 3.793, 3.643; Q50: 7.854, 7.692; Q90: 3.698, 3.644;
| 6  Horizon | RMSE: 27.271, 26.178; MAE: 16.948, 16.731; MAPE: 13.377, 10.785; Q10: 4.142, 3.995; Q50: 8.474, 8.365; Q90: 4.122, 4.095;
| 12 Horizon | RMSE: 31.225, 29.776; MAE: 19.480, 19.269; MAPE: 15.577, 12.447; Q10: 4.813, 4.598; Q50: 9.740, 9.634; Q90: 4.888, 4.888;
***************************
***************************
spatial CL model  Early stopping at epoch: 43
***************************
***************************
In quantile CL model  Epoch 43: 
| 3  Horizon | RMSE: 25.506, 24.363; MAE: 16.201, 15.808; MAPE: 11.891, 10.044; Q10: 3.815, 3.652; Q50: 8.100, 7.904; Q90: 3.887, 3.810;
| 6  Horizon | RMSE: 28.313, 27.209; MAE: 17.762, 17.338; MAPE: 12.879, 10.780; Q10: 4.144, 3.993; Q50: 8.881, 8.669; Q90: 4.501, 4.395;
| 12 Horizon | RMSE: 33.139, 31.610; MAE: 20.926, 20.215; MAPE: 14.998, 12.336; Q10: 4.732, 4.521; Q50: 10.463, 10.108; Q90: 5.816, 5.553;
In temporal CL model  Epoch 43: 
| 3  Horizon | RMSE: 28.246, 26.528; MAE: 18.279, 17.409; MAPE: 12.740, 10.544; Q10: 4.094, 3.879; Q50: 9.139, 8.704; Q90: 4.807, 4.472;
| 6  Horizon | RMSE: 31.776, 29.845; MAE: 20.387, 19.350; MAPE: 14.167, 11.436; Q10: 4.439, 4.209; Q50: 10.194, 9.675; Q90: 5.749, 5.270;
| 12 Horizon | RMSE: 36.436, 34.021; MAE: 23.271, 21.851; MAPE: 16.997, 13.126; Q10: 5.090, 4.771; Q50: 11.635, 10.925; Q90: 7.063, 6.358;
epoch 43 time used: 44  seconds  train loss: 14.208 val loss: 6.791549 test loss: 6.372236
***************************
***************************
stacking start: 
***************************
***************************
In Stacking model  Epoch 0: 
| 3  Horizon | RMSE: 24.640, 23.684; MAE: 15.585, 15.292; MAPE: 11.839, 9.713; Q10: 3.715, 3.577; Q50: 7.793, 7.646; Q90: 3.691, 3.614;
| 6  Horizon | RMSE: 26.907, 26.012; MAE: 16.766, 16.650; MAPE: 13.052, 10.751; Q10: 4.048, 3.926; Q50: 8.383, 8.325; Q90: 3.980, 3.961;
| 12 Horizon | RMSE: 30.694, 29.474; MAE: 19.155, 19.030; MAPE: 15.321, 12.347; Q10: 4.646, 4.462; Q50: 9.577, 9.515; Q90: 4.718, 4.709;
----------val loss is :  5.522727 ----------test loss is :  5.443351
In Stacking model  Epoch 1: 
| 3  Horizon | RMSE: 24.620, 23.657; MAE: 15.545, 15.268; MAPE: 12.032, 9.903; Q10: 3.733, 3.598; Q50: 7.772, 7.634; Q90: 3.638, 3.586;
| 6  Horizon | RMSE: 26.935, 26.028; MAE: 16.776, 16.682; MAPE: 13.337, 11.025; Q10: 4.085, 3.976; Q50: 8.388, 8.341; Q90: 3.978, 3.977;
| 12 Horizon | RMSE: 30.754, 29.518; MAE: 19.170, 19.085; MAPE: 15.587, 12.616; Q10: 4.700, 4.530; Q50: 9.585, 9.542; Q90: 4.706, 4.734;
----------val loss is :  5.525767 ----------test loss is :  5.462144
In Stacking model  Epoch 2: 
| 3  Horizon | RMSE: 24.664, 23.705; MAE: 15.594, 15.354; MAPE: 12.201, 10.097; Q10: 3.727, 3.588; Q50: 7.797, 7.677; Q90: 3.613, 3.571;
| 6  Horizon | RMSE: 27.006, 26.108; MAE: 16.873, 16.815; MAPE: 13.542, 11.255; Q10: 4.073, 3.957; Q50: 8.437, 8.408; Q90: 3.980, 3.983;
| 12 Horizon | RMSE: 30.840, 29.602; MAE: 19.266, 19.221; MAPE: 15.732, 12.815; Q10: 4.691, 4.511; Q50: 9.633, 9.611; Q90: 4.708, 4.740;
----------val loss is :  5.534667 ----------test loss is :  5.47635
In Stacking model  Epoch 3: 
| 3  Horizon | RMSE: 24.626, 23.658; MAE: 15.556, 15.280; MAPE: 12.041, 9.898; Q10: 3.728, 3.585; Q50: 7.778, 7.640; Q90: 3.617, 3.557;
| 6  Horizon | RMSE: 26.944, 26.034; MAE: 16.791, 16.695; MAPE: 13.287, 10.968; Q10: 4.073, 3.953; Q50: 8.396, 8.347; Q90: 3.963, 3.947;
| 12 Horizon | RMSE: 30.768, 29.526; MAE: 19.183, 19.091; MAPE: 15.478, 12.510; Q10: 4.690, 4.509; Q50: 9.592, 9.546; Q90: 4.674, 4.685;
----------val loss is :  5.518014 ----------test loss is :  5.445651
In Stacking model  Epoch 4: 
| 3  Horizon | RMSE: 24.596, 23.619; MAE: 15.536, 15.231; MAPE: 11.970, 9.797; Q10: 3.724, 3.581; Q50: 7.768, 7.615; Q90: 3.631, 3.611;
| 6  Horizon | RMSE: 26.885, 25.969; MAE: 16.733, 16.606; MAPE: 13.151, 10.806; Q10: 4.064, 3.940; Q50: 8.367, 8.303; Q90: 4.045, 4.068;
| 12 Horizon | RMSE: 30.716, 29.455; MAE: 19.131, 18.990; MAPE: 15.343, 12.331; Q10: 4.682, 4.495; Q50: 9.565, 9.495; Q90: 4.774, 4.831;
----------val loss is :  5.529765 ----------test loss is :  5.463702
In Stacking model  Epoch 5: 
| 3  Horizon | RMSE: 24.588, 23.613; MAE: 15.521, 15.224; MAPE: 11.988, 9.824; Q10: 3.726, 3.586; Q50: 7.761, 7.612; Q90: 3.615, 3.569;
| 6  Horizon | RMSE: 26.880, 25.961; MAE: 16.723, 16.600; MAPE: 13.177, 10.837; Q10: 4.075, 3.958; Q50: 8.361, 8.300; Q90: 3.987, 3.991;
| 12 Horizon | RMSE: 30.696, 29.448; MAE: 19.113, 18.986; MAPE: 15.351, 12.353; Q10: 4.694, 4.516; Q50: 9.557, 9.493; Q90: 4.717, 4.748;
----------val loss is :  5.514838 ----------test loss is :  5.445209
In Stacking model  Epoch 6: 
| 3  Horizon | RMSE: 24.596, 23.652; MAE: 15.549, 15.283; MAPE: 12.016, 9.867; Q10: 3.732, 3.599; Q50: 7.774, 7.641; Q90: 3.643, 3.626;
| 6  Horizon | RMSE: 26.924, 26.032; MAE: 16.785, 16.696; MAPE: 13.227, 10.901; Q10: 4.084, 3.980; Q50: 8.393, 8.348; Q90: 4.068, 4.103;
| 12 Horizon | RMSE: 30.746, 29.523; MAE: 19.171, 19.083; MAPE: 15.377, 12.410; Q10: 4.698, 4.532; Q50: 9.586, 9.542; Q90: 4.817, 4.884;
----------val loss is :  5.549675 ----------test loss is :  5.499609
In Stacking model  Epoch 7: 
| 3  Horizon | RMSE: 24.589, 23.621; MAE: 15.527, 15.258; MAPE: 12.083, 9.956; Q10: 3.734, 3.588; Q50: 7.764, 7.629; Q90: 3.625, 3.598;
| 6  Horizon | RMSE: 26.896, 25.987; MAE: 16.762, 16.668; MAPE: 13.320, 11.007; Q10: 4.064, 3.927; Q50: 8.381, 8.334; Q90: 4.029, 4.046;
| 12 Horizon | RMSE: 30.703, 29.475; MAE: 19.144, 19.059; MAPE: 15.455, 12.513; Q10: 4.677, 4.479; Q50: 9.572, 9.530; Q90: 4.748, 4.798;
----------val loss is :  5.526546 ----------test loss is :  5.461966
In Stacking model  Epoch 8: 
| 3  Horizon | RMSE: 24.582, 23.589; MAE: 15.524, 15.185; MAPE: 11.960, 9.755; Q10: 3.738, 3.600; Q50: 7.762, 7.592; Q90: 3.705, 3.602;
| 6  Horizon | RMSE: 26.824, 25.893; MAE: 16.672, 16.504; MAPE: 13.063, 10.693; Q10: 4.098, 3.991; Q50: 8.336, 8.252; Q90: 4.008, 3.966;
| 12 Horizon | RMSE: 30.623, 29.367; MAE: 19.059, 18.876; MAPE: 15.132, 12.191; Q10: 4.724, 4.557; Q50: 9.530, 9.438; Q90: 4.730, 4.707;
----------val loss is :  5.530313 ----------test loss is :  5.437743
In Stacking model  Epoch 9: 
| 3  Horizon | RMSE: 24.571, 23.615; MAE: 15.517, 15.249; MAPE: 12.055, 9.907; Q10: 3.724, 3.589; Q50: 7.759, 7.625; Q90: 3.622, 3.560;
| 6  Horizon | RMSE: 26.879, 25.980; MAE: 16.748, 16.652; MAPE: 13.262, 10.930; Q10: 4.073, 3.964; Q50: 8.374, 8.326; Q90: 3.975, 3.964;
| 12 Horizon | RMSE: 30.701, 29.469; MAE: 19.134, 19.041; MAPE: 15.386, 12.424; Q10: 4.692, 4.518; Q50: 9.567, 9.520; Q90: 4.695, 4.708;
----------val loss is :  5.514295 ----------test loss is :  5.445975
In Stacking model  Epoch 10: 
| 3  Horizon | RMSE: 24.571, 23.584; MAE: 15.514, 15.189; MAPE: 11.941, 9.749; Q10: 3.726, 3.588; Q50: 7.757, 7.595; Q90: 3.617, 3.573;
| 6  Horizon | RMSE: 26.837, 25.906; MAE: 16.683, 16.528; MAPE: 13.058, 10.686; Q10: 4.075, 3.963; Q50: 8.342, 8.264; Q90: 4.000, 4.008;
| 12 Horizon | RMSE: 30.642, 29.386; MAE: 19.068, 18.904; MAPE: 15.200, 12.176; Q10: 4.695, 4.520; Q50: 9.534, 9.452; Q90: 4.729, 4.765;
----------val loss is :  5.513116 ----------test loss is :  5.439953
In Stacking model  Epoch 11: 
| 3  Horizon | RMSE: 24.553, 23.588; MAE: 15.527, 15.190; MAPE: 11.889, 9.671; Q10: 3.717, 3.578; Q50: 7.764, 7.595; Q90: 3.650, 3.581;
| 6  Horizon | RMSE: 26.822, 25.897; MAE: 16.674, 16.498; MAPE: 12.933, 10.546; Q10: 4.046, 3.915; Q50: 8.337, 8.249; Q90: 4.001, 3.988;
| 12 Horizon | RMSE: 30.625, 29.375; MAE: 19.059, 18.863; MAPE: 15.075, 12.024; Q10: 4.658, 4.464; Q50: 9.529, 9.432; Q90: 4.736, 4.745;
----------val loss is :  5.509868 ----------test loss is :  5.420185
In Stacking model  Epoch 12: 
| 3  Horizon | RMSE: 24.583, 23.630; MAE: 15.530, 15.285; MAPE: 12.146, 10.030; Q10: 3.725, 3.584; Q50: 7.765, 7.642; Q90: 3.617, 3.584;
| 6  Horizon | RMSE: 26.908, 26.010; MAE: 16.785, 16.709; MAPE: 13.387, 11.078; Q10: 4.071, 3.950; Q50: 8.392, 8.355; Q90: 4.016, 4.033;
| 12 Horizon | RMSE: 30.712, 29.498; MAE: 19.158, 19.099; MAPE: 15.473, 12.557; Q10: 4.691, 4.509; Q50: 9.579, 9.550; Q90: 4.745, 4.792;
----------val loss is :  5.527388 ----------test loss is :  5.469806
In Stacking model  Epoch 13: 
| 3  Horizon | RMSE: 24.669, 23.707; MAE: 15.658, 15.448; MAPE: 12.526, 10.453; Q10: 3.730, 3.592; Q50: 7.829, 7.724; Q90: 3.630, 3.602;
| 6  Horizon | RMSE: 27.020, 26.113; MAE: 16.968, 16.921; MAPE: 13.848, 11.569; Q10: 4.084, 3.973; Q50: 8.484, 8.461; Q90: 4.046, 4.066;
| 12 Horizon | RMSE: 30.806, 29.595; MAE: 19.318, 19.313; MAPE: 15.884, 13.038; Q10: 4.702, 4.530; Q50: 9.659, 9.657; Q90: 4.778, 4.830;
----------val loss is :  5.565661 ----------test loss is :  5.518273
In Stacking model  Epoch 14: 
| 3  Horizon | RMSE: 24.561, 23.597; MAE: 15.504, 15.216; MAPE: 11.952, 9.805; Q10: 3.718, 3.579; Q50: 7.752, 7.608; Q90: 3.623, 3.560;
| 6  Horizon | RMSE: 26.856, 25.952; MAE: 16.711, 16.593; MAPE: 13.063, 10.769; Q10: 4.055, 3.937; Q50: 8.356, 8.297; Q90: 3.978, 3.967;
| 12 Horizon | RMSE: 30.662, 29.441; MAE: 19.093, 18.977; MAPE: 15.167, 12.241; Q10: 4.669, 4.487; Q50: 9.547, 9.489; Q90: 4.699, 4.711;
----------val loss is :  5.505451 ----------test loss is :  5.43008
In Stacking model  Epoch 15: 
| 3  Horizon | RMSE: 24.579, 23.639; MAE: 15.537, 15.306; MAPE: 12.171, 10.071; Q10: 3.749, 3.630; Q50: 7.768, 7.653; Q90: 3.615, 3.574;
| 6  Horizon | RMSE: 26.917, 26.027; MAE: 16.807, 16.740; MAPE: 13.384, 11.115; Q10: 4.123, 4.036; Q50: 8.404, 8.370; Q90: 4.002, 4.012;
| 12 Horizon | RMSE: 30.721, 29.517; MAE: 19.178, 19.132; MAPE: 15.434, 12.583; Q10: 4.739, 4.590; Q50: 9.589, 9.566; Q90: 4.734, 4.770;
----------val loss is :  5.541646 ----------test loss is :  5.493016
In Stacking model  Epoch 16: 
| 3  Horizon | RMSE: 24.566, 23.579; MAE: 15.508, 15.178; MAPE: 11.928, 9.730; Q10: 3.740, 3.594; Q50: 7.754, 7.589; Q90: 3.613, 3.569;
| 6  Horizon | RMSE: 26.829, 25.894; MAE: 16.665, 16.503; MAPE: 13.016, 10.636; Q10: 4.074, 3.937; Q50: 8.333, 8.251; Q90: 3.995, 4.002;
| 12 Horizon | RMSE: 30.625, 29.372; MAE: 19.047, 18.875; MAPE: 15.130, 12.107; Q10: 4.690, 4.492; Q50: 9.524, 9.437; Q90: 4.720, 4.753;
----------val loss is :  5.509448 ----------test loss is :  5.427858
In Stacking model  Epoch 17: 
| 3  Horizon | RMSE: 24.556, 23.580; MAE: 15.502, 15.180; MAPE: 11.920, 9.716; Q10: 3.722, 3.581; Q50: 7.751, 7.590; Q90: 3.646, 3.630;
| 6  Horizon | RMSE: 26.823, 25.896; MAE: 16.664, 16.503; MAPE: 13.002, 10.616; Q10: 4.060, 3.934; Q50: 8.332, 8.252; Q90: 4.081, 4.116;
| 12 Horizon | RMSE: 30.628, 29.374; MAE: 19.048, 18.872; MAPE: 15.118, 12.084; Q10: 4.679, 4.490; Q50: 9.524, 9.436; Q90: 4.820, 4.888;
----------val loss is :  5.52902 ----------test loss is :  5.460449
In Stacking model  Epoch 18: 
| 3  Horizon | RMSE: 24.562, 23.591; MAE: 15.502, 15.208; MAPE: 11.962, 9.789; Q10: 3.720, 3.578; Q50: 7.751, 7.604; Q90: 3.616, 3.578;
| 6  Horizon | RMSE: 26.857, 25.940; MAE: 16.702, 16.578; MAPE: 13.091, 10.736; Q10: 4.048, 3.917; Q50: 8.351, 8.289; Q90: 4.009, 4.021;
| 12 Horizon | RMSE: 30.661, 29.427; MAE: 19.083, 18.958; MAPE: 15.192, 12.207; Q10: 4.663, 4.467; Q50: 9.542, 9.479; Q90: 4.736, 4.775;
----------val loss is :  5.508953 ----------test loss is :  5.437597
In Stacking model  Epoch 19: 
| 3  Horizon | RMSE: 24.584, 23.599; MAE: 15.519, 15.240; MAPE: 12.094, 9.972; Q10: 3.742, 3.604; Q50: 7.760, 7.620; Q90: 3.618, 3.574;
| 6  Horizon | RMSE: 26.888, 25.955; MAE: 16.747, 16.632; MAPE: 13.280, 10.972; Q10: 4.108, 4.001; Q50: 8.373, 8.316; Q90: 4.007, 4.013;
| 12 Horizon | RMSE: 30.677, 29.438; MAE: 19.118, 19.018; MAPE: 15.350, 12.437; Q10: 4.732, 4.565; Q50: 9.559, 9.509; Q90: 4.737, 4.769;
----------val loss is :  5.530738 ----------test loss is :  5.466012
In Stacking model  Epoch 20: 
| 3  Horizon | RMSE: 24.566, 23.579; MAE: 15.502, 15.185; MAPE: 11.945, 9.761; Q10: 3.728, 3.592; Q50: 7.751, 7.592; Q90: 3.618, 3.575;
| 6  Horizon | RMSE: 26.844, 25.906; MAE: 16.680, 16.527; MAPE: 13.047, 10.683; Q10: 4.081, 3.973; Q50: 8.340, 8.264; Q90: 4.006, 4.014;
| 12 Horizon | RMSE: 30.643, 29.388; MAE: 19.062, 18.903; MAPE: 15.148, 12.149; Q10: 4.702, 4.529; Q50: 9.531, 9.452; Q90: 4.735, 4.768;
----------val loss is :  5.515055 ----------test loss is :  5.443104
In Stacking model  Epoch 21: 
| 3  Horizon | RMSE: 24.560, 23.575; MAE: 15.508, 15.173; MAPE: 11.912, 9.701; Q10: 3.719, 3.578; Q50: 7.754, 7.587; Q90: 3.636, 3.573;
| 6  Horizon | RMSE: 26.817, 25.882; MAE: 16.659, 16.486; MAPE: 12.969, 10.579; Q10: 4.055, 3.931; Q50: 8.330, 8.243; Q90: 3.995, 3.987;
| 12 Horizon | RMSE: 30.602, 29.358; MAE: 19.034, 18.853; MAPE: 15.079, 12.044; Q10: 4.671, 4.484; Q50: 9.517, 9.426; Q90: 4.722, 4.738;
----------val loss is :  5.504725 ----------test loss is :  5.419868
In Stacking model  Epoch 22: 
| 3  Horizon | RMSE: 24.549, 23.588; MAE: 15.496, 15.223; MAPE: 12.021, 9.881; Q10: 3.723, 3.581; Q50: 7.748, 7.612; Q90: 3.618, 3.583;
| 6  Horizon | RMSE: 26.854, 25.945; MAE: 16.718, 16.611; MAPE: 13.186, 10.855; Q10: 4.065, 3.943; Q50: 8.359, 8.306; Q90: 4.018, 4.034;
| 12 Horizon | RMSE: 30.650, 29.431; MAE: 19.092, 18.994; MAPE: 15.269, 12.322; Q10: 4.685, 4.502; Q50: 9.546, 9.497; Q90: 4.749, 4.792;
----------val loss is :  5.517506 ----------test loss is :  5.45279
In Stacking model  Epoch 23: 
| 3  Horizon | RMSE: 24.553, 23.581; MAE: 15.510, 15.188; MAPE: 11.898, 9.689; Q10: 3.718, 3.578; Q50: 7.755, 7.594; Q90: 3.634, 3.593;
| 6  Horizon | RMSE: 26.834, 25.909; MAE: 16.680, 16.520; MAPE: 12.958, 10.571; Q10: 4.055, 3.933; Q50: 8.340, 8.260; Q90: 4.032, 4.047;
| 12 Horizon | RMSE: 30.634, 29.394; MAE: 19.062, 18.890; MAPE: 15.049, 12.031; Q10: 4.672, 4.485; Q50: 9.531, 9.445; Q90: 4.771, 4.813;
----------val loss is :  5.517217 ----------test loss is :  5.442472
In Stacking model  Epoch 24: 
| 3  Horizon | RMSE: 24.564, 23.571; MAE: 15.519, 15.170; MAPE: 11.898, 9.676; Q10: 3.721, 3.577; Q50: 7.759, 7.585; Q90: 3.623, 3.584;
| 6  Horizon | RMSE: 26.816, 25.873; MAE: 16.660, 16.472; MAPE: 12.933, 10.533; Q10: 4.056, 3.930; Q50: 8.330, 8.236; Q90: 4.021, 4.035;
| 12 Horizon | RMSE: 30.603, 29.348; MAE: 19.035, 18.835; MAPE: 15.041, 11.991; Q10: 4.674, 4.484; Q50: 9.518, 9.418; Q90: 4.754, 4.795;
----------val loss is :  5.511038 ----------test loss is :  5.430325
In Stacking model  Epoch 25: 
| 3  Horizon | RMSE: 24.555, 23.580; MAE: 15.495, 15.195; MAPE: 11.949, 9.781; Q10: 3.719, 3.578; Q50: 7.748, 7.597; Q90: 3.615, 3.576;
| 6  Horizon | RMSE: 26.840, 25.922; MAE: 16.689, 16.555; MAPE: 13.065, 10.711; Q10: 4.055, 3.933; Q50: 8.344, 8.278; Q90: 4.008, 4.020;
| 12 Horizon | RMSE: 30.640, 29.408; MAE: 19.067, 18.934; MAPE: 15.149, 12.174; Q10: 4.672, 4.485; Q50: 9.534, 9.467; Q90: 4.734, 4.772;
----------val loss is :  5.508451 ----------test loss is :  5.437392
In Stacking model  Epoch 26: 
| 3  Horizon | RMSE: 24.556, 23.580; MAE: 15.497, 15.180; MAPE: 11.921, 9.733; Q10: 3.725, 3.589; Q50: 7.748, 7.590; Q90: 3.625, 3.587;
| 6  Horizon | RMSE: 26.836, 25.905; MAE: 16.668, 16.513; MAPE: 13.005, 10.634; Q10: 4.077, 3.966; Q50: 8.334, 8.257; Q90: 4.023, 4.039;
| 12 Horizon | RMSE: 30.628, 29.388; MAE: 19.046, 18.887; MAPE: 15.084, 12.092; Q10: 4.697, 4.524; Q50: 9.523, 9.444; Q90: 4.760, 4.801;
----------val loss is :  5.517694 ----------test loss is :  5.446982
In Stacking model  Epoch 27: 
| 3  Horizon | RMSE: 24.558, 23.590; MAE: 15.497, 15.207; MAPE: 11.938, 9.771; Q10: 3.721, 3.578; Q50: 7.749, 7.603; Q90: 3.624, 3.573;
| 6  Horizon | RMSE: 26.859, 25.943; MAE: 16.705, 16.578; MAPE: 13.052, 10.701; Q10: 4.051, 3.920; Q50: 8.352, 8.289; Q90: 4.003, 4.005;
| 12 Horizon | RMSE: 30.661, 29.434; MAE: 19.085, 18.959; MAPE: 15.136, 12.160; Q10: 4.666, 4.471; Q50: 9.542, 9.479; Q90: 4.731, 4.757;
----------val loss is :  5.509267 ----------test loss is :  5.434005
In Stacking model  Epoch 28: 
| 3  Horizon | RMSE: 24.574, 23.579; MAE: 15.501, 15.191; MAPE: 12.002, 9.835; Q10: 3.740, 3.603; Q50: 7.751, 7.596; Q90: 3.626, 3.568;
| 6  Horizon | RMSE: 26.848, 25.904; MAE: 16.688, 16.540; MAPE: 13.120, 10.776; Q10: 4.105, 3.999; Q50: 8.344, 8.270; Q90: 3.995, 3.989;
| 12 Horizon | RMSE: 30.629, 29.381; MAE: 19.060, 18.915; MAPE: 15.113, 12.237; Q10: 4.729, 4.563; Q50: 9.530, 9.457; Q90: 4.719, 4.736;
----------val loss is :  5.519655 ----------test loss is :  5.445018
In Stacking model  Epoch 29: 
| 3  Horizon | RMSE: 24.565, 23.580; MAE: 15.538, 15.177; MAPE: 11.905, 9.662; Q10: 3.724, 3.582; Q50: 7.769, 7.588; Q90: 3.654, 3.572;
| 6  Horizon | RMSE: 26.803, 25.858; MAE: 16.655, 16.446; MAPE: 12.909, 10.479; Q10: 4.062, 3.932; Q50: 8.327, 8.223; Q90: 3.986, 3.962;
| 12 Horizon | RMSE: 30.597, 29.325; MAE: 19.031, 18.800; MAPE: 15.000, 11.935; Q10: 4.682, 4.489; Q50: 9.516, 9.400; Q90: 4.705, 4.698;
----------val loss is :  5.50836 ----------test loss is :  5.408658
In Stacking model  Epoch 30: 
| 3  Horizon | RMSE: 24.601, 23.608; MAE: 15.601, 15.215; MAPE: 11.887, 9.618; Q10: 3.719, 3.577; Q50: 7.800, 7.607; Q90: 3.644, 3.580;
| 6  Horizon | RMSE: 26.831, 25.885; MAE: 16.696, 16.460; MAPE: 12.824, 10.367; Q10: 4.041, 3.909; Q50: 8.348, 8.230; Q90: 4.009, 4.003;
| 12 Horizon | RMSE: 30.623, 29.359; MAE: 19.068, 18.807; MAPE: 14.902, 11.806; Q10: 4.651, 4.453; Q50: 9.534, 9.403; Q90: 4.739, 4.757;
----------val loss is :  5.515596 ----------test loss is :  5.417543
In Stacking model  Epoch 31: 
| 3  Horizon | RMSE: 24.562, 23.574; MAE: 15.500, 15.180; MAPE: 11.935, 9.751; Q10: 3.724, 3.582; Q50: 7.750, 7.590; Q90: 3.630, 3.602;
| 6  Horizon | RMSE: 26.836, 25.900; MAE: 16.676, 16.520; MAPE: 13.027, 10.657; Q10: 4.068, 3.948; Q50: 8.338, 8.260; Q90: 4.048, 4.071;
| 12 Horizon | RMSE: 30.625, 29.381; MAE: 19.053, 18.894; MAPE: 15.117, 12.117; Q10: 4.688, 4.505; Q50: 9.526, 9.447; Q90: 4.775, 4.829;
----------val loss is :  5.521102 ----------test loss is :  5.45095
***************************
***************************
Stack Model Early stopping at epoch: 31
***************************
***************************
Model  stgcn3  Best Results:
Epoch {'spatial CL model': 33, 'quantile CL model': 10, 'temporal CL model': 5}: 
=        =        Horizon  3        =        =        =        =        Horizon  6        =        =        =        =        Horizon  12       =        =       
RMSE     MAE      MAPE     Q10      Q50      Q90      RMSE     MAE      MAPE     Q10      Q50      Q90      RMSE     MAE      MAPE     Q10      Q50      Q90     
23.575   15.173   9.701    3.578    7.587    3.573    25.882   16.486   10.579   3.931    8.243    3.987    29.358   18.853   12.044   4.484    9.426    4.738   
Model Training Ended ... Mon Apr  8 18:43:19 2024
