nohup: ignoring input
pdate shape is:  (17856,)
./save/pems08_stgcn3_in12_out12_addtimeFalse_adjFalse_lr0.001_hc32_train0.6_val0.2_test0.2_seedNone_lossquantile_version2_note:stgcn_stacking_pems08_s700_t300_q300_ssize300_tsize300_qsize300 training started Wed Apr 10 21:46:07 2024
pdate shape is:  (17856,)
data load........
initial data shape is:  (17856, 170, 3)
train_mean shape : (170,)
train  :  (10695, 24, 170, 3)
val  :  (3566, 24, 170, 3)
test  :  (3561, 24, 170, 3)
Model Training Started ... Wed Apr 10 21:46:08 2024
TIMESTEP_IN, TIMESTEP_OUT 12 12
LOSS is : quantile
CL target length = 1
qcl init quantile loss is [0.010000000000000009, 0.5, 0.99]
Quantile cl loss is [0.009999999999999995, 0.5, 0.99]
Temporal CL length = 2
Quantile cl loss is [0.020000000000000004, 0.5, 0.98]
Temporal CL length = 3
Quantile cl loss is [0.03, 0.5, 0.97]
Temporal CL length = 4
Spatial CL target length = 1
Quantile cl loss is [0.04, 0.5, 0.96]
Temporal CL length = 5
In spatial CL model  Epoch 0: 
| 3  Horizon | RMSE: 64.273, 63.548; MAE: 45.921, 45.355; MAPE: 47.707, 44.068; Q10: 17.837, 17.716; Q50: 22.961, 22.677; Q90: 8.594, 8.370;
| 6  Horizon | RMSE: 67.671, 66.928; MAE: 48.506, 47.913; MAPE: 49.391, 45.875; Q10: 15.776, 15.664; Q50: 24.253, 23.956; Q90: 9.293, 9.081;
| 12 Horizon | RMSE: 70.047, 69.335; MAE: 51.302, 50.922; MAPE: 50.530, 47.212; Q10: 16.227, 16.208; Q50: 25.651, 25.461; Q90: 10.677, 10.418;
spatial CL model train loss: 18.931 val loss: 16.818949 test loss: 16.630775
In quantile CL model  Epoch 0: 
| 3  Horizon | RMSE: 27.731, 25.961; MAE: 17.808, 17.093; MAPE: 12.542, 10.832; Q10: 4.752, 4.633; Q50: 8.904, 8.547; Q90: 4.772, 4.586;
| 6  Horizon | RMSE: 31.289, 29.286; MAE: 19.961, 19.049; MAPE: 13.747, 11.740; Q10: 5.519, 5.399; Q50: 9.981, 9.525; Q90: 5.217, 5.037;
| 12 Horizon | RMSE: 36.994, 34.778; MAE: 24.023, 22.880; MAPE: 17.040, 14.212; Q10: 6.449, 6.200; Q50: 12.011, 11.440; Q90: 6.450, 6.294;
quantile CL model train loss: 18.931 val loss: 6.975682 test loss: 6.718148
In temporal CL model  Epoch 0: 
| 3  Horizon | RMSE: 28.328, 26.728; MAE: 18.493, 17.743; MAPE: 12.877, 10.963; Q10: 4.298, 4.074; Q50: 9.246, 8.871; Q90: 4.406, 4.213;
| 6  Horizon | RMSE: 113.102, 112.214; MAE: 90.019, 89.503; MAPE: 90.485, 84.788; Q10: 43.959, 44.433; Q50: 45.009, 44.751; Q90: 46.060, 45.070;
| 12 Horizon | RMSE: 112.995, 112.216; MAE: 89.938, 89.511; MAPE: 89.968, 85.004; Q10: 43.729, 44.595; Q50: 44.969, 44.755; Q90: 46.208, 44.916;
temporal CL model train loss: 18.931 val loss: 28.751251 test loss: 28.506692
epoch 0 time used: 109  seconds  train loss: 18.931 val loss: 28.751251 test loss: 28.506692
Quantile cl loss is [0.05, 0.5, 0.95]
Temporal CL length = 6
Spatial CL target length = 2
Quantile cl loss is [0.06000000000000001, 0.5, 0.94]
Temporal CL length = 7
Quantile cl loss is [0.07, 0.5, 0.9299999999999999]
Temporal CL length = 8
Spatial CL target length = 3
Quantile cl loss is [0.08, 0.5, 0.92]
Temporal CL length = 9
In spatial CL model  Epoch 1: 
| 3  Horizon | RMSE: 27.321, 25.933; MAE: 17.693, 17.179; MAPE: 11.703, 10.809; Q10: 4.210, 4.096; Q50: 8.846, 8.590; Q90: 4.245, 4.114;
| 6  Horizon | RMSE: 30.434, 28.945; MAE: 19.650, 19.045; MAPE: 13.505, 12.250; Q10: 4.549, 4.402; Q50: 9.825, 9.523; Q90: 4.816, 4.609;
| 12 Horizon | RMSE: 36.168, 34.262; MAE: 23.627, 22.674; MAPE: 16.506, 14.391; Q10: 5.403, 5.152; Q50: 11.814, 11.337; Q90: 5.966, 5.675;
spatial CL model train loss: 16.808 val loss: 6.489015 test loss: 6.260228
In quantile CL model  Epoch 1: 
| 3  Horizon | RMSE: 26.391, 25.095; MAE: 17.046, 16.572; MAPE: 11.616, 10.494; Q10: 4.201, 4.093; Q50: 8.523, 8.286; Q90: 4.041, 3.931;
| 6  Horizon | RMSE: 28.809, 27.414; MAE: 18.472, 17.949; MAPE: 13.116, 11.642; Q10: 4.420, 4.284; Q50: 9.236, 8.974; Q90: 4.460, 4.322;
| 12 Horizon | RMSE: 33.490, 31.841; MAE: 21.712, 21.054; MAPE: 16.334, 13.929; Q10: 5.121, 4.876; Q50: 10.856, 10.527; Q90: 5.277, 5.178;
quantile CL model train loss: 16.808 val loss: 6.121029 test loss: 5.95128
In temporal CL model  Epoch 1: 
| 3  Horizon | RMSE: 26.778, 25.238; MAE: 17.303, 16.617; MAPE: 12.520, 10.562; Q10: 4.092, 3.871; Q50: 8.652, 8.309; Q90: 4.040, 3.859;
| 6  Horizon | RMSE: 30.263, 28.543; MAE: 19.522, 18.641; MAPE: 13.995, 11.772; Q10: 4.567, 4.324; Q50: 9.761, 9.320; Q90: 4.647, 4.438;
| 12 Horizon | RMSE: 113.038, 112.216; MAE: 89.986, 89.511; MAPE: 89.967, 85.004; Q10: 43.748, 44.595; Q50: 44.993, 44.755; Q90: 46.237, 44.916;
temporal CL model train loss: 16.808 val loss: 15.814777 test loss: 15.54809
epoch 1 time used: 119  seconds  train loss: 16.808 val loss: 15.814777 test loss: 15.54809
Quantile cl loss is [0.09, 0.5, 0.91]
Temporal CL length = 10
Quantile cl loss is [0.1, 0.5, 0.9]
Temporal CL length = 11
Spatial CL target length = 4
Temporal CL length = 12
Temporal CL length = 13
Spatial CL target length = 5
In spatial CL model  Epoch 2: 
| 3  Horizon | RMSE: 27.179, 25.802; MAE: 17.542, 16.965; MAPE: 12.361, 11.221; Q10: 4.009, 3.908; Q50: 8.771, 8.483; Q90: 4.161, 3.983;
| 6  Horizon | RMSE: 29.567, 28.334; MAE: 19.142, 18.681; MAPE: 13.713, 12.312; Q10: 4.400, 4.284; Q50: 9.571, 9.341; Q90: 4.698, 4.511;
| 12 Horizon | RMSE: 34.113, 33.082; MAE: 22.363, 22.104; MAPE: 16.804, 14.763; Q10: 5.211, 5.015; Q50: 11.182, 11.052; Q90: 5.396, 5.334;
spatial CL model train loss: 17.676 val loss: 6.257169 test loss: 6.099994
In quantile CL model  Epoch 2: 
| 3  Horizon | RMSE: 26.772, 25.738; MAE: 17.433, 17.114; MAPE: 12.865, 11.586; Q10: 4.101, 3.998; Q50: 8.716, 8.557; Q90: 4.153, 4.055;
| 6  Horizon | RMSE: 29.793, 28.867; MAE: 19.337, 19.085; MAPE: 14.512, 12.947; Q10: 4.423, 4.334; Q50: 9.669, 9.543; Q90: 4.600, 4.505;
| 12 Horizon | RMSE: 34.575, 33.704; MAE: 22.513, 22.381; MAPE: 17.702, 15.297; Q10: 5.398, 5.298; Q50: 11.257, 11.190; Q90: 5.360, 5.331;
quantile CL model train loss: 17.676 val loss: 6.319124 test loss: 6.233351
In temporal CL model  Epoch 2: 
| 3  Horizon | RMSE: 27.428, 26.079; MAE: 17.843, 17.261; MAPE: 13.341, 11.514; Q10: 4.222, 3.994; Q50: 8.921, 8.631; Q90: 4.157, 4.017;
| 6  Horizon | RMSE: 29.865, 28.519; MAE: 19.465, 18.802; MAPE: 14.478, 12.432; Q10: 4.588, 4.361; Q50: 9.732, 9.401; Q90: 4.621, 4.476;
| 12 Horizon | RMSE: 34.937, 33.585; MAE: 23.098, 22.390; MAPE: 17.061, 14.514; Q10: 5.335, 5.093; Q50: 11.549, 11.195; Q90: 5.536, 5.388;
temporal CL model train loss: 17.676 val loss: 6.387263 test loss: 6.165071
epoch 2 time used: 120  seconds  train loss: 17.676 val loss: 6.387263 test loss: 6.165071
Spatial CL target length = 6
Spatial CL target length = 7
In spatial CL model  Epoch 3: 
| 3  Horizon | RMSE: 26.419, 25.048; MAE: 17.175, 16.711; MAPE: 13.168, 11.471; Q10: 4.017, 3.889; Q50: 8.587, 8.355; Q90: 4.037, 3.884;
| 6  Horizon | RMSE: 28.807, 27.584; MAE: 18.515, 18.170; MAPE: 14.209, 12.207; Q10: 4.483, 4.345; Q50: 9.257, 9.085; Q90: 4.416, 4.285;
| 12 Horizon | RMSE: 33.283, 32.328; MAE: 21.657, 21.710; MAPE: 17.767, 15.337; Q10: 5.075, 4.915; Q50: 10.829, 10.855; Q90: 5.188, 5.194;
spatial CL model train loss: 16.95 val loss: 6.083774 test loss: 5.967404
In quantile CL model  Epoch 3: 
| 3  Horizon | RMSE: 25.470, 24.210; MAE: 16.299, 15.781; MAPE: 11.435, 10.009; Q10: 3.885, 3.717; Q50: 8.150, 7.890; Q90: 3.904, 3.770;
| 6  Horizon | RMSE: 27.941, 26.672; MAE: 17.725, 17.210; MAPE: 12.741, 10.834; Q10: 4.247, 4.059; Q50: 8.862, 8.605; Q90: 4.238, 4.109;
| 12 Horizon | RMSE: 32.161, 30.821; MAE: 20.487, 20.132; MAPE: 15.834, 12.975; Q10: 4.845, 4.590; Q50: 10.243, 10.066; Q90: 4.974, 4.917;
quantile CL model train loss: 16.95 val loss: 5.821792 test loss: 5.649519
In temporal CL model  Epoch 3: 
| 3  Horizon | RMSE: 26.302, 25.006; MAE: 17.088, 16.466; MAPE: 12.163, 10.682; Q10: 4.033, 3.838; Q50: 8.544, 8.233; Q90: 4.046, 3.905;
| 6  Horizon | RMSE: 28.685, 27.448; MAE: 18.564, 17.921; MAPE: 13.408, 11.705; Q10: 4.407, 4.195; Q50: 9.282, 8.960; Q90: 4.432, 4.298;
| 12 Horizon | RMSE: 33.497, 32.314; MAE: 21.903, 21.453; MAPE: 16.851, 14.851; Q10: 5.012, 4.775; Q50: 10.952, 10.726; Q90: 5.377, 5.322;
temporal CL model train loss: 16.95 val loss: 6.102576 test loss: 5.904602
epoch 3 time used: 120  seconds  train loss: 16.95 val loss: 6.102576 test loss: 5.904602
Spatial CL target length = 8
Spatial CL target length = 9
In spatial CL model  Epoch 4: 
| 3  Horizon | RMSE: 25.859, 24.741; MAE: 16.477, 16.058; MAPE: 11.693, 10.047; Q10: 3.854, 3.775; Q50: 8.239, 8.029; Q90: 3.967, 3.773;
| 6  Horizon | RMSE: 28.429, 27.446; MAE: 17.914, 17.623; MAPE: 13.106, 11.024; Q10: 4.193, 4.107; Q50: 8.957, 8.811; Q90: 4.269, 4.135;
| 12 Horizon | RMSE: 32.996, 31.920; MAE: 20.959, 20.700; MAPE: 16.536, 13.501; Q10: 4.863, 4.697; Q50: 10.480, 10.350; Q90: 5.114, 5.057;
spatial CL model train loss: 16.482 val loss: 5.872453 test loss: 5.743592
In quantile CL model  Epoch 4: 
| 3  Horizon | RMSE: 25.543, 24.334; MAE: 16.366, 15.882; MAPE: 11.359, 9.948; Q10: 3.837, 3.719; Q50: 8.183, 7.941; Q90: 3.966, 3.789;
| 6  Horizon | RMSE: 28.203, 27.162; MAE: 17.896, 17.471; MAPE: 12.551, 10.730; Q10: 4.183, 4.054; Q50: 8.948, 8.736; Q90: 4.235, 4.114;
| 12 Horizon | RMSE: 32.547, 31.212; MAE: 20.540, 20.042; MAPE: 15.603, 12.664; Q10: 4.818, 4.576; Q50: 10.270, 10.021; Q90: 4.951, 4.873;
quantile CL model train loss: 16.482 val loss: 5.819135 test loss: 5.654502
In temporal CL model  Epoch 4: 
| 3  Horizon | RMSE: 25.489, 24.389; MAE: 16.365, 15.911; MAPE: 11.472, 10.133; Q10: 3.869, 3.714; Q50: 8.183, 7.956; Q90: 3.889, 3.732;
| 6  Horizon | RMSE: 28.072, 27.076; MAE: 17.917, 17.491; MAPE: 12.582, 11.022; Q10: 4.205, 4.046; Q50: 8.958, 8.746; Q90: 4.251, 4.150;
| 12 Horizon | RMSE: 32.603, 31.439; MAE: 20.875, 20.435; MAPE: 15.545, 13.397; Q10: 4.802, 4.591; Q50: 10.438, 10.217; Q90: 5.123, 5.046;
temporal CL model train loss: 16.482 val loss: 5.845601 test loss: 5.691078
epoch 4 time used: 121  seconds  train loss: 16.482 val loss: 5.845601 test loss: 5.691078
Spatial CL target length = 10
In spatial CL model  Epoch 5: 
| 3  Horizon | RMSE: 25.305, 24.147; MAE: 16.123, 15.710; MAPE: 12.013, 10.152; Q10: 3.823, 3.729; Q50: 8.062, 7.855; Q90: 3.797, 3.671;
| 6  Horizon | RMSE: 27.552, 26.507; MAE: 17.349, 17.043; MAPE: 13.060, 10.681; Q10: 4.108, 4.008; Q50: 8.674, 8.521; Q90: 4.132, 4.012;
| 12 Horizon | RMSE: 31.927, 30.833; MAE: 20.293, 20.031; MAPE: 15.476, 12.236; Q10: 4.788, 4.624; Q50: 10.146, 10.015; Q90: 4.994, 4.925;
spatial CL model train loss: 15.955 val loss: 5.726587 test loss: 5.604587
In quantile CL model  Epoch 5: 
| 3  Horizon | RMSE: 25.040, 23.975; MAE: 16.096, 15.806; MAPE: 12.035, 10.685; Q10: 3.867, 3.784; Q50: 8.048, 7.903; Q90: 3.802, 3.702;
| 6  Horizon | RMSE: 27.297, 26.219; MAE: 17.180, 16.849; MAPE: 12.580, 10.736; Q10: 4.089, 3.974; Q50: 8.590, 8.424; Q90: 4.093, 3.983;
| 12 Horizon | RMSE: 31.667, 30.120; MAE: 19.996, 19.442; MAPE: 15.434, 12.316; Q10: 4.815, 4.622; Q50: 9.998, 9.721; Q90: 4.897, 4.728;
quantile CL model train loss: 15.955 val loss: 5.688922 test loss: 5.547089
In temporal CL model  Epoch 5: 
| 3  Horizon | RMSE: 25.239, 24.179; MAE: 16.095, 15.723; MAPE: 11.608, 10.271; Q10: 3.814, 3.676; Q50: 8.047, 7.862; Q90: 3.799, 3.707;
| 6  Horizon | RMSE: 27.713, 26.755; MAE: 17.631, 17.209; MAPE: 12.702, 10.995; Q10: 4.156, 4.020; Q50: 8.816, 8.604; Q90: 4.232, 4.131;
| 12 Horizon | RMSE: 32.137, 30.923; MAE: 20.612, 20.026; MAPE: 15.147, 12.753; Q10: 4.772, 4.590; Q50: 10.306, 10.013; Q90: 5.163, 5.025;
temporal CL model train loss: 15.955 val loss: 5.804536 test loss: 5.642968
epoch 5 time used: 120  seconds  train loss: 15.955 val loss: 5.804536 test loss: 5.642968
In spatial CL model  Epoch 6: 
| 3  Horizon | RMSE: 25.612, 24.615; MAE: 16.436, 16.135; MAPE: 12.501, 10.757; Q10: 3.951, 3.887; Q50: 8.218, 8.068; Q90: 3.852, 3.742;
| 6  Horizon | RMSE: 28.020, 27.128; MAE: 17.789, 17.589; MAPE: 13.899, 11.648; Q10: 4.244, 4.156; Q50: 8.894, 8.794; Q90: 4.182, 4.083;
| 12 Horizon | RMSE: 32.405, 31.623; MAE: 20.732, 20.751; MAPE: 16.744, 13.667; Q10: 4.896, 4.763; Q50: 10.366, 10.376; Q90: 5.005, 4.993;
spatial CL model train loss: 15.786 val loss: 5.844587 test loss: 5.771818
In quantile CL model  Epoch 6: 
| 3  Horizon | RMSE: 25.128, 24.062; MAE: 16.073, 15.758; MAPE: 11.836, 10.401; Q10: 3.845, 3.737; Q50: 8.036, 7.879; Q90: 3.759, 3.654;
| 6  Horizon | RMSE: 27.712, 26.756; MAE: 17.456, 17.200; MAPE: 12.919, 11.036; Q10: 4.179, 4.068; Q50: 8.728, 8.600; Q90: 4.094, 4.012;
| 12 Horizon | RMSE: 31.804, 30.565; MAE: 19.948, 19.640; MAPE: 15.651, 12.613; Q10: 4.762, 4.568; Q50: 9.974, 9.820; Q90: 4.840, 4.746;
quantile CL model train loss: 15.786 val loss: 5.697832 test loss: 5.582798
In temporal CL model  Epoch 6: 
| 3  Horizon | RMSE: 25.470, 24.441; MAE: 16.304, 15.960; MAPE: 11.556, 10.213; Q10: 3.854, 3.736; Q50: 8.152, 7.980; Q90: 3.825, 3.738;
| 6  Horizon | RMSE: 27.913, 27.068; MAE: 17.731, 17.470; MAPE: 12.783, 11.155; Q10: 4.205, 4.100; Q50: 8.866, 8.735; Q90: 4.220, 4.156;
| 12 Horizon | RMSE: 32.401, 31.504; MAE: 20.744, 20.383; MAPE: 15.340, 12.965; Q10: 4.839, 4.720; Q50: 10.372, 10.191; Q90: 5.191, 5.097;
temporal CL model train loss: 15.786 val loss: 5.831213 test loss: 5.724052
epoch 6 time used: 118  seconds  train loss: 15.786 val loss: 5.831213 test loss: 5.724052
In spatial CL model  Epoch 7: 
| 3  Horizon | RMSE: 25.191, 24.265; MAE: 16.031, 15.716; MAPE: 11.855, 9.911; Q10: 3.869, 3.767; Q50: 8.015, 7.858; Q90: 3.776, 3.677;
| 6  Horizon | RMSE: 27.689, 26.975; MAE: 17.472, 17.418; MAPE: 13.615, 11.307; Q10: 4.192, 4.144; Q50: 8.736, 8.709; Q90: 4.161, 4.097;
| 12 Horizon | RMSE: 31.989, 31.456; MAE: 20.400, 20.604; MAPE: 16.264, 13.239; Q10: 4.829, 4.744; Q50: 10.200, 10.302; Q90: 5.021, 5.072;
spatial CL model train loss: 15.615 val loss: 5.752836 test loss: 5.706552
In quantile CL model  Epoch 7: 
| 3  Horizon | RMSE: 25.065, 24.058; MAE: 16.031, 15.682; MAPE: 11.494, 9.977; Q10: 3.894, 3.786; Q50: 8.016, 7.841; Q90: 3.794, 3.690;
| 6  Horizon | RMSE: 27.803, 27.004; MAE: 17.629, 17.539; MAPE: 13.498, 11.621; Q10: 4.267, 4.212; Q50: 8.814, 8.769; Q90: 4.136, 4.074;
| 12 Horizon | RMSE: 31.531, 30.492; MAE: 19.776, 19.686; MAPE: 15.851, 12.947; Q10: 4.807, 4.680; Q50: 9.888, 9.843; Q90: 4.784, 4.759;
quantile CL model train loss: 15.615 val loss: 5.71562 test loss: 5.638012
In temporal CL model  Epoch 7: 
| 3  Horizon | RMSE: 25.172, 24.194; MAE: 16.022, 15.782; MAPE: 11.864, 10.583; Q10: 3.827, 3.716; Q50: 8.011, 7.891; Q90: 3.824, 3.752;
| 6  Horizon | RMSE: 27.663, 26.897; MAE: 17.675, 17.604; MAPE: 13.823, 12.312; Q10: 4.162, 4.105; Q50: 8.838, 8.802; Q90: 4.267, 4.213;
| 12 Horizon | RMSE: 31.945, 31.072; MAE: 20.459, 20.219; MAPE: 15.451, 13.254; Q10: 4.733, 4.623; Q50: 10.229, 10.109; Q90: 5.255, 5.159;
temporal CL model train loss: 15.615 val loss: 5.802133 test loss: 5.72704
epoch 7 time used: 118  seconds  train loss: 15.615 val loss: 5.802133 test loss: 5.72704
In spatial CL model  Epoch 8: 
| 3  Horizon | RMSE: 25.249, 24.292; MAE: 16.089, 15.772; MAPE: 11.935, 9.932; Q10: 3.821, 3.721; Q50: 8.044, 7.886; Q90: 3.796, 3.706;
| 6  Horizon | RMSE: 27.716, 26.887; MAE: 17.447, 17.303; MAPE: 13.368, 10.902; Q10: 4.129, 4.040; Q50: 8.723, 8.652; Q90: 4.180, 4.111;
| 12 Horizon | RMSE: 31.907, 30.883; MAE: 20.225, 20.114; MAPE: 16.020, 12.597; Q10: 4.775, 4.615; Q50: 10.112, 10.057; Q90: 4.939, 4.872;
spatial CL model train loss: 15.468 val loss: 5.7372 test loss: 5.65226
In quantile CL model  Epoch 8: 
| 3  Horizon | RMSE: 24.914, 23.808; MAE: 15.839, 15.473; MAPE: 11.385, 9.748; Q10: 3.749, 3.647; Q50: 7.920, 7.737; Q90: 3.734, 3.606;
| 6  Horizon | RMSE: 27.390, 26.369; MAE: 17.136, 16.872; MAPE: 12.734, 10.614; Q10: 4.066, 3.953; Q50: 8.568, 8.436; Q90: 4.066, 3.978;
| 12 Horizon | RMSE: 31.420, 29.941; MAE: 19.627, 19.242; MAPE: 15.487, 12.084; Q10: 4.695, 4.483; Q50: 9.814, 9.621; Q90: 4.723, 4.628;
quantile CL model train loss: 15.468 val loss: 5.605708 test loss: 5.480882
In temporal CL model  Epoch 8: 
| 3  Horizon | RMSE: 25.303, 24.375; MAE: 16.121, 15.966; MAPE: 12.186, 10.898; Q10: 3.814, 3.706; Q50: 8.061, 7.983; Q90: 3.814, 3.752;
| 6  Horizon | RMSE: 27.798, 27.098; MAE: 17.662, 17.602; MAPE: 13.650, 12.032; Q10: 4.159, 4.106; Q50: 8.831, 8.801; Q90: 4.246, 4.204;
| 12 Horizon | RMSE: 32.248, 31.450; MAE: 20.641, 20.379; MAPE: 15.577, 13.136; Q10: 4.760, 4.638; Q50: 10.321, 10.190; Q90: 5.155, 5.086;
temporal CL model train loss: 15.468 val loss: 5.798232 test loss: 5.740044
epoch 8 time used: 119  seconds  train loss: 15.468 val loss: 5.798232 test loss: 5.740044
In spatial CL model  Epoch 9: 
| 3  Horizon | RMSE: 25.584, 24.490; MAE: 16.241, 15.910; MAPE: 12.099, 10.055; Q10: 3.849, 3.726; Q50: 8.121, 7.955; Q90: 3.852, 3.757;
| 6  Horizon | RMSE: 28.290, 27.312; MAE: 17.700, 17.493; MAPE: 13.340, 10.821; Q10: 4.152, 4.021; Q50: 8.850, 8.747; Q90: 4.372, 4.305;
| 12 Horizon | RMSE: 32.968, 31.600; MAE: 20.854, 20.499; MAPE: 15.832, 12.412; Q10: 4.797, 4.583; Q50: 10.427, 10.249; Q90: 5.450, 5.362;
spatial CL model train loss: 15.349 val loss: 5.86249 test loss: 5.743355
In quantile CL model  Epoch 9: 
| 3  Horizon | RMSE: 25.045, 23.985; MAE: 15.910, 15.586; MAPE: 11.481, 9.890; Q10: 3.747, 3.642; Q50: 7.955, 7.793; Q90: 3.761, 3.645;
| 6  Horizon | RMSE: 27.716, 26.705; MAE: 17.203, 16.919; MAPE: 12.619, 10.531; Q10: 4.075, 3.959; Q50: 8.602, 8.459; Q90: 4.159, 4.087;
| 12 Horizon | RMSE: 31.928, 30.394; MAE: 19.789, 19.326; MAPE: 15.328, 12.025; Q10: 4.689, 4.461; Q50: 9.894, 9.663; Q90: 4.959, 4.856;
quantile CL model train loss: 15.349 val loss: 5.65733 test loss: 5.52964
In temporal CL model  Epoch 9: 
| 3  Horizon | RMSE: 25.633, 24.697; MAE: 16.368, 16.150; MAPE: 11.870, 10.614; Q10: 3.854, 3.755; Q50: 8.184, 8.075; Q90: 3.888, 3.824;
| 6  Horizon | RMSE: 28.302, 27.473; MAE: 17.941, 17.744; MAPE: 13.123, 11.548; Q10: 4.174, 4.101; Q50: 8.970, 8.872; Q90: 4.399, 4.348;
| 12 Horizon | RMSE: 32.720, 31.713; MAE: 20.939, 20.556; MAPE: 15.378, 13.064; Q10: 4.775, 4.632; Q50: 10.469, 10.278; Q90: 5.421, 5.319;
temporal CL model train loss: 15.349 val loss: 5.905835 test loss: 5.817049
epoch 9 time used: 119  seconds  train loss: 15.349 val loss: 5.905835 test loss: 5.817049
In spatial CL model  Epoch 10: 
| 3  Horizon | RMSE: 25.126, 24.078; MAE: 15.909, 15.567; MAPE: 11.742, 9.722; Q10: 3.790, 3.662; Q50: 7.955, 7.783; Q90: 3.744, 3.664;
| 6  Horizon | RMSE: 27.653, 26.756; MAE: 17.314, 17.104; MAPE: 13.039, 10.539; Q10: 4.085, 3.979; Q50: 8.657, 8.552; Q90: 4.222, 4.140;
| 12 Horizon | RMSE: 31.975, 30.988; MAE: 20.269, 20.228; MAPE: 15.972, 12.637; Q10: 4.732, 4.600; Q50: 10.135, 10.114; Q90: 5.221, 5.198;
spatial CL model train loss: 15.108 val loss: 5.726495 test loss: 5.64198
In quantile CL model  Epoch 10: 
| 3  Horizon | RMSE: 24.969, 23.765; MAE: 15.823, 15.387; MAPE: 11.332, 9.635; Q10: 3.737, 3.611; Q50: 7.911, 7.694; Q90: 3.735, 3.604;
| 6  Horizon | RMSE: 27.570, 26.328; MAE: 17.162, 16.774; MAPE: 12.526, 10.386; Q10: 4.059, 3.924; Q50: 8.581, 8.387; Q90: 4.102, 3.992;
| 12 Horizon | RMSE: 31.691, 29.933; MAE: 19.591, 19.304; MAPE: 15.738, 12.478; Q10: 4.706, 4.515; Q50: 9.795, 9.652; Q90: 4.828, 4.733;
quantile CL model train loss: 15.108 val loss: 5.621147 test loss: 5.480733
In temporal CL model  Epoch 10: 
| 3  Horizon | RMSE: 25.062, 24.141; MAE: 15.887, 15.646; MAPE: 11.516, 10.247; Q10: 3.809, 3.717; Q50: 7.944, 7.823; Q90: 3.769, 3.701;
| 6  Horizon | RMSE: 27.430, 26.712; MAE: 17.237, 17.125; MAPE: 12.738, 11.137; Q10: 4.073, 4.006; Q50: 8.618, 8.562; Q90: 4.199, 4.151;
| 12 Horizon | RMSE: 31.451, 30.822; MAE: 19.970, 19.975; MAPE: 15.432, 13.164; Q10: 4.667, 4.621; Q50: 9.985, 9.987; Q90: 5.003, 4.985;
temporal CL model train loss: 15.108 val loss: 5.691306 test loss: 5.640277
epoch 10 time used: 119  seconds  train loss: 15.108 val loss: 5.691306 test loss: 5.640277
In spatial CL model  Epoch 11: 
| 3  Horizon | RMSE: 25.250, 24.204; MAE: 15.995, 15.717; MAPE: 11.915, 9.781; Q10: 3.798, 3.680; Q50: 7.998, 7.858; Q90: 3.773, 3.684;
| 6  Horizon | RMSE: 27.963, 27.068; MAE: 17.550, 17.411; MAPE: 13.205, 10.589; Q10: 4.134, 4.032; Q50: 8.775, 8.705; Q90: 4.258, 4.173;
| 12 Horizon | RMSE: 32.181, 31.085; MAE: 20.312, 20.258; MAPE: 16.041, 12.475; Q10: 4.773, 4.620; Q50: 10.156, 10.129; Q90: 5.390, 5.369;
spatial CL model train loss: 15.039 val loss: 5.784746 test loss: 5.701873
In quantile CL model  Epoch 11: 
| 3  Horizon | RMSE: 25.012, 23.808; MAE: 15.829, 15.493; MAPE: 11.672, 9.882; Q10: 3.733, 3.617; Q50: 7.915, 7.746; Q90: 3.738, 3.625;
| 6  Horizon | RMSE: 27.743, 26.417; MAE: 17.278, 16.922; MAPE: 12.802, 10.505; Q10: 4.104, 3.947; Q50: 8.639, 8.461; Q90: 4.136, 4.044;
| 12 Horizon | RMSE: 31.866, 29.828; MAE: 19.683, 19.230; MAPE: 15.649, 12.147; Q10: 4.725, 4.496; Q50: 9.841, 9.615; Q90: 4.882, 4.765;
quantile CL model train loss: 15.039 val loss: 5.655257 test loss: 5.507172
In temporal CL model  Epoch 11: 
| 3  Horizon | RMSE: 25.085, 24.216; MAE: 15.991, 15.950; MAPE: 12.237, 11.212; Q10: 3.806, 3.757; Q50: 7.995, 7.975; Q90: 3.780, 3.731;
| 6  Horizon | RMSE: 27.634, 26.957; MAE: 17.525, 17.507; MAPE: 13.301, 11.762; Q10: 4.131, 4.092; Q50: 8.763, 8.754; Q90: 4.251, 4.231;
| 12 Horizon | RMSE: 32.012, 31.351; MAE: 20.485, 20.411; MAPE: 15.572, 13.196; Q10: 4.729, 4.696; Q50: 10.242, 10.205; Q90: 5.236, 5.194;
temporal CL model train loss: 15.039 val loss: 5.776692 test loss: 5.748193
epoch 11 time used: 119  seconds  train loss: 15.039 val loss: 5.776692 test loss: 5.748193
In spatial CL model  Epoch 12: 
| 3  Horizon | RMSE: 25.075, 23.974; MAE: 15.881, 15.507; MAPE: 11.856, 9.851; Q10: 3.783, 3.656; Q50: 7.941, 7.754; Q90: 3.740, 3.625;
| 6  Horizon | RMSE: 27.468, 26.527; MAE: 17.239, 16.950; MAPE: 13.098, 10.575; Q10: 4.102, 3.993; Q50: 8.619, 8.475; Q90: 4.172, 4.048;
| 12 Horizon | RMSE: 31.684, 30.582; MAE: 20.105, 19.826; MAPE: 15.702, 12.266; Q10: 4.765, 4.619; Q50: 10.052, 9.913; Q90: 5.137, 5.031;
spatial CL model train loss: 14.978 val loss: 5.707582 test loss: 5.584164
In quantile CL model  Epoch 12: 
| 3  Horizon | RMSE: 25.258, 23.991; MAE: 16.072, 15.592; MAPE: 11.708, 9.912; Q10: 3.815, 3.667; Q50: 8.036, 7.796; Q90: 3.786, 3.641;
| 6  Horizon | RMSE: 27.945, 26.568; MAE: 17.540, 17.014; MAPE: 13.007, 10.636; Q10: 4.211, 4.036; Q50: 8.770, 8.507; Q90: 4.139, 3.998;
| 12 Horizon | RMSE: 31.976, 30.011; MAE: 19.900, 19.350; MAPE: 15.872, 12.263; Q10: 4.902, 4.671; Q50: 9.950, 9.675; Q90: 4.808, 4.676;
quantile CL model train loss: 14.978 val loss: 5.734805 test loss: 5.549729
In temporal CL model  Epoch 12: 
| 3  Horizon | RMSE: 25.055, 24.293; MAE: 15.955, 15.920; MAPE: 12.087, 10.968; Q10: 3.783, 3.720; Q50: 7.978, 7.960; Q90: 3.792, 3.756;
| 6  Horizon | RMSE: 27.373, 26.828; MAE: 17.264, 17.298; MAPE: 13.083, 11.477; Q10: 4.124, 4.079; Q50: 8.632, 8.649; Q90: 4.177, 4.172;
| 12 Horizon | RMSE: 31.458, 30.942; MAE: 20.048, 20.035; MAPE: 15.390, 12.903; Q10: 4.759, 4.740; Q50: 10.024, 10.018; Q90: 5.055, 5.037;
temporal CL model train loss: 14.978 val loss: 5.728545 test loss: 5.71827
epoch 12 time used: 118  seconds  train loss: 14.978 val loss: 5.728545 test loss: 5.71827
In spatial CL model  Epoch 13: 
| 3  Horizon | RMSE: 25.259, 24.183; MAE: 16.028, 15.709; MAPE: 12.031, 9.986; Q10: 3.821, 3.684; Q50: 8.014, 7.855; Q90: 3.792, 3.707;
| 6  Horizon | RMSE: 27.878, 26.986; MAE: 17.499, 17.371; MAPE: 13.563, 11.092; Q10: 4.143, 4.030; Q50: 8.750, 8.685; Q90: 4.311, 4.235;
| 12 Horizon | RMSE: 32.573, 31.618; MAE: 20.712, 20.682; MAPE: 16.272, 12.966; Q10: 4.820, 4.682; Q50: 10.356, 10.341; Q90: 5.322, 5.298;
spatial CL model train loss: 14.927 val loss: 5.825961 test loss: 5.743592
In quantile CL model  Epoch 13: 
| 3  Horizon | RMSE: 25.119, 23.920; MAE: 15.913, 15.518; MAPE: 11.499, 9.766; Q10: 3.746, 3.628; Q50: 7.956, 7.759; Q90: 3.772, 3.648;
| 6  Horizon | RMSE: 27.831, 26.572; MAE: 17.304, 16.990; MAPE: 12.877, 10.753; Q10: 4.106, 3.986; Q50: 8.652, 8.495; Q90: 4.197, 4.070;
| 12 Horizon | RMSE: 32.358, 30.531; MAE: 20.050, 19.729; MAPE: 15.784, 12.586; Q10: 4.751, 4.563; Q50: 10.025, 9.864; Q90: 4.992, 4.864;
quantile CL model train loss: 14.927 val loss: 5.69675 test loss: 5.560708
In temporal CL model  Epoch 13: 
| 3  Horizon | RMSE: 25.240, 24.304; MAE: 16.019, 15.751; MAPE: 11.470, 10.257; Q10: 3.777, 3.681; Q50: 8.010, 7.875; Q90: 3.775, 3.708;
| 6  Horizon | RMSE: 28.103, 27.400; MAE: 17.710, 17.626; MAPE: 13.025, 11.538; Q10: 4.148, 4.102; Q50: 8.855, 8.813; Q90: 4.327, 4.274;
| 12 Horizon | RMSE: 33.225, 32.511; MAE: 21.191, 21.172; MAPE: 16.131, 13.949; Q10: 4.828, 4.800; Q50: 10.596, 10.586; Q90: 5.487, 5.385;
temporal CL model train loss: 14.927 val loss: 5.871376 test loss: 5.813668
epoch 13 time used: 118  seconds  train loss: 14.927 val loss: 5.871376 test loss: 5.813668
In spatial CL model  Epoch 14: 
| 3  Horizon | RMSE: 25.359, 24.278; MAE: 15.948, 15.620; MAPE: 12.070, 10.029; Q10: 3.821, 3.679; Q50: 7.974, 7.810; Q90: 3.781, 3.694;
| 6  Horizon | RMSE: 28.069, 27.254; MAE: 17.442, 17.340; MAPE: 13.245, 10.844; Q10: 4.128, 4.025; Q50: 8.721, 8.670; Q90: 4.301, 4.231;
| 12 Horizon | RMSE: 32.556, 31.665; MAE: 20.641, 20.674; MAPE: 16.105, 12.941; Q10: 4.800, 4.689; Q50: 10.321, 10.337; Q90: 5.553, 5.541;
spatial CL model train loss: 14.856 val loss: 5.846685 test loss: 5.765621
In quantile CL model  Epoch 14: 
| 3  Horizon | RMSE: 25.085, 23.874; MAE: 15.861, 15.439; MAPE: 11.647, 9.848; Q10: 3.758, 3.625; Q50: 7.930, 7.719; Q90: 3.728, 3.601;
| 6  Horizon | RMSE: 27.631, 26.423; MAE: 17.077, 16.738; MAPE: 12.779, 10.593; Q10: 4.112, 3.973; Q50: 8.539, 8.369; Q90: 4.100, 4.013;
| 12 Horizon | RMSE: 31.807, 30.091; MAE: 19.636, 19.377; MAPE: 15.734, 12.625; Q10: 4.717, 4.530; Q50: 9.818, 9.689; Q90: 4.937, 4.843;
quantile CL model train loss: 14.856 val loss: 5.643128 test loss: 5.500403
In temporal CL model  Epoch 14: 
| 3  Horizon | RMSE: 25.002, 24.136; MAE: 15.880, 15.687; MAPE: 11.393, 10.313; Q10: 3.754, 3.666; Q50: 7.940, 7.844; Q90: 3.769, 3.706;
| 6  Horizon | RMSE: 27.633, 26.985; MAE: 17.462, 17.328; MAPE: 12.618, 11.146; Q10: 4.083, 4.035; Q50: 8.731, 8.664; Q90: 4.286, 4.256;
| 12 Horizon | RMSE: 32.566, 31.880; MAE: 20.822, 20.682; MAPE: 15.401, 13.275; Q10: 4.757, 4.687; Q50: 10.411, 10.341; Q90: 5.543, 5.425;
temporal CL model train loss: 14.856 val loss: 5.831196 test loss: 5.755083
epoch 14 time used: 118  seconds  train loss: 14.856 val loss: 5.831196 test loss: 5.755083
In spatial CL model  Epoch 15: 
| 3  Horizon | RMSE: 25.164, 24.113; MAE: 15.898, 15.570; MAPE: 11.933, 9.844; Q10: 3.831, 3.704; Q50: 7.949, 7.785; Q90: 3.764, 3.671;
| 6  Horizon | RMSE: 27.826, 26.916; MAE: 17.368, 17.147; MAPE: 13.223, 10.671; Q10: 4.101, 3.986; Q50: 8.684, 8.573; Q90: 4.237, 4.145;
| 12 Horizon | RMSE: 32.248, 31.038; MAE: 20.403, 20.053; MAPE: 15.596, 12.144; Q10: 4.741, 4.584; Q50: 10.202, 10.027; Q90: 5.313, 5.170;
spatial CL model train loss: 14.714 val loss: 5.74883 test loss: 5.628148
In quantile CL model  Epoch 15: 
| 3  Horizon | RMSE: 25.096, 23.805; MAE: 15.874, 15.464; MAPE: 11.943, 10.063; Q10: 3.824, 3.697; Q50: 7.937, 7.732; Q90: 3.742, 3.602;
| 6  Horizon | RMSE: 27.693, 26.274; MAE: 17.198, 16.767; MAPE: 13.129, 10.734; Q10: 4.106, 3.947; Q50: 8.599, 8.383; Q90: 4.137, 4.007;
| 12 Horizon | RMSE: 32.061, 29.787; MAE: 19.861, 19.120; MAPE: 15.782, 12.085; Q10: 4.727, 4.477; Q50: 9.931, 9.560; Q90: 5.003, 4.729;
quantile CL model train loss: 14.714 val loss: 5.673529 test loss: 5.480819
In temporal CL model  Epoch 15: 
| 3  Horizon | RMSE: 24.935, 24.116; MAE: 15.802, 15.672; MAPE: 11.543, 10.461; Q10: 3.760, 3.694; Q50: 7.901, 7.836; Q90: 3.781, 3.723;
| 6  Horizon | RMSE: 27.610, 26.911; MAE: 17.441, 17.300; MAPE: 12.829, 11.220; Q10: 4.082, 4.017; Q50: 8.720, 8.650; Q90: 4.320, 4.270;
| 12 Horizon | RMSE: 32.426, 31.421; MAE: 20.699, 20.277; MAPE: 15.230, 12.656; Q10: 4.709, 4.636; Q50: 10.349, 10.139; Q90: 5.627, 5.399;
temporal CL model train loss: 14.714 val loss: 5.797208 test loss: 5.70884
epoch 15 time used: 119  seconds  train loss: 14.714 val loss: 5.797208 test loss: 5.70884
In spatial CL model  Epoch 16: 
| 3  Horizon | RMSE: 25.380, 24.352; MAE: 16.002, 15.751; MAPE: 12.055, 10.065; Q10: 3.798, 3.677; Q50: 8.001, 7.875; Q90: 3.803, 3.718;
| 6  Horizon | RMSE: 28.263, 27.517; MAE: 17.628, 17.576; MAPE: 13.077, 10.680; Q10: 4.116, 4.017; Q50: 8.814, 8.788; Q90: 4.425, 4.397;
| 12 Horizon | RMSE: 32.736, 31.885; MAE: 20.784, 20.804; MAPE: 15.625, 12.437; Q10: 4.744, 4.622; Q50: 10.392, 10.402; Q90: 5.683, 5.719;
spatial CL model train loss: 14.678 val loss: 5.841593 test loss: 5.782291
In quantile CL model  Epoch 16: 
| 3  Horizon | RMSE: 25.079, 23.868; MAE: 15.787, 15.408; MAPE: 11.787, 9.927; Q10: 3.737, 3.612; Q50: 7.893, 7.704; Q90: 3.740, 3.626;
| 6  Horizon | RMSE: 27.773, 26.529; MAE: 17.121, 16.791; MAPE: 12.849, 10.532; Q10: 4.082, 3.935; Q50: 8.560, 8.395; Q90: 4.161, 4.086;
| 12 Horizon | RMSE: 32.034, 30.117; MAE: 19.715, 19.262; MAPE: 15.503, 12.073; Q10: 4.689, 4.483; Q50: 9.858, 9.631; Q90: 5.022, 4.894;
quantile CL model train loss: 14.678 val loss: 5.640556 test loss: 5.498918
In temporal CL model  Epoch 16: 
| 3  Horizon | RMSE: 25.230, 24.393; MAE: 16.018, 15.860; MAPE: 11.649, 10.569; Q10: 3.788, 3.737; Q50: 8.009, 7.930; Q90: 3.822, 3.779;
| 6  Horizon | RMSE: 28.209, 27.563; MAE: 17.875, 17.758; MAPE: 12.977, 11.499; Q10: 4.135, 4.092; Q50: 8.937, 8.879; Q90: 4.510, 4.469;
| 12 Horizon | RMSE: 33.488, 32.693; MAE: 21.483, 21.267; MAPE: 15.600, 13.431; Q10: 4.785, 4.762; Q50: 10.741, 10.634; Q90: 5.845, 5.678;
temporal CL model train loss: 14.678 val loss: 5.935345 test loss: 5.878681
epoch 16 time used: 119  seconds  train loss: 14.678 val loss: 5.935345 test loss: 5.878681
In spatial CL model  Epoch 17: 
| 3  Horizon | RMSE: 25.264, 24.065; MAE: 15.883, 15.511; MAPE: 12.127, 9.889; Q10: 3.812, 3.662; Q50: 7.942, 7.756; Q90: 3.755, 3.638;
| 6  Horizon | RMSE: 27.701, 26.707; MAE: 17.185, 16.975; MAPE: 13.438, 10.791; Q10: 4.143, 4.039; Q50: 8.592, 8.487; Q90: 4.178, 4.069;
| 12 Horizon | RMSE: 31.843, 30.915; MAE: 19.986, 20.023; MAPE: 15.916, 12.577; Q10: 4.734, 4.633; Q50: 9.993, 10.012; Q90: 5.187, 5.144;
spatial CL model train loss: 14.639 val loss: 5.708381 test loss: 5.60959
In quantile CL model  Epoch 17: 
| 3  Horizon | RMSE: 25.068, 23.775; MAE: 15.817, 15.366; MAPE: 11.758, 9.918; Q10: 3.753, 3.608; Q50: 7.908, 7.683; Q90: 3.720, 3.588;
| 6  Horizon | RMSE: 27.678, 26.309; MAE: 17.105, 16.701; MAPE: 12.938, 10.653; Q10: 4.126, 3.979; Q50: 8.552, 8.350; Q90: 4.112, 3.989;
| 12 Horizon | RMSE: 31.927, 30.034; MAE: 19.635, 19.304; MAPE: 15.627, 12.357; Q10: 4.707, 4.505; Q50: 9.818, 9.652; Q90: 4.972, 4.831;
quantile CL model train loss: 14.639 val loss: 5.640599 test loss: 5.486385
In temporal CL model  Epoch 17: 
| 3  Horizon | RMSE: 24.964, 24.062; MAE: 15.814, 15.593; MAPE: 11.472, 10.329; Q10: 3.755, 3.665; Q50: 7.907, 7.796; Q90: 3.770, 3.699;
| 6  Horizon | RMSE: 27.524, 26.815; MAE: 17.349, 17.219; MAPE: 12.780, 11.256; Q10: 4.084, 4.057; Q50: 8.674, 8.610; Q90: 4.299, 4.232;
| 12 Horizon | RMSE: 32.488, 31.677; MAE: 20.760, 20.543; MAPE: 15.306, 13.005; Q10: 4.701, 4.671; Q50: 10.380, 10.271; Q90: 5.636, 5.441;
temporal CL model train loss: 14.639 val loss: 5.796528 test loss: 5.723152
epoch 17 time used: 118  seconds  train loss: 14.639 val loss: 5.796528 test loss: 5.723152
In spatial CL model  Epoch 18: 
| 3  Horizon | RMSE: 25.374, 24.260; MAE: 15.998, 15.687; MAPE: 11.961, 9.860; Q10: 3.803, 3.657; Q50: 7.999, 7.844; Q90: 3.849, 3.765;
| 6  Horizon | RMSE: 28.146, 27.331; MAE: 17.540, 17.513; MAPE: 13.285, 10.860; Q10: 4.121, 4.024; Q50: 8.770, 8.756; Q90: 4.416, 4.388;
| 12 Horizon | RMSE: 32.331, 31.479; MAE: 20.360, 20.458; MAPE: 15.799, 12.595; Q10: 4.732, 4.611; Q50: 10.180, 10.229; Q90: 5.428, 5.465;
spatial CL model train loss: 14.609 val loss: 5.803508 test loss: 5.739077
In quantile CL model  Epoch 18: 
| 3  Horizon | RMSE: 25.125, 23.844; MAE: 15.836, 15.402; MAPE: 11.577, 9.735; Q10: 3.728, 3.603; Q50: 7.918, 7.701; Q90: 3.775, 3.637;
| 6  Horizon | RMSE: 27.843, 26.543; MAE: 17.160, 16.896; MAPE: 12.902, 10.783; Q10: 4.089, 3.978; Q50: 8.580, 8.448; Q90: 4.208, 4.123;
| 12 Horizon | RMSE: 32.305, 30.480; MAE: 19.827, 19.629; MAPE: 15.701, 12.608; Q10: 4.722, 4.574; Q50: 9.913, 9.815; Q90: 5.086, 4.997;
***************************
***************************
quantile CL model  Early stopping at epoch: 18
***************************
***************************
quantile CL model train loss: 14.609 val loss: 5.669072 test loss: 5.546787
In temporal CL model  Epoch 18: 
| 3  Horizon | RMSE: 25.006, 24.192; MAE: 15.858, 15.770; MAPE: 11.736, 10.681; Q10: 3.772, 3.729; Q50: 7.929, 7.885; Q90: 3.801, 3.743;
| 6  Horizon | RMSE: 27.666, 27.077; MAE: 17.568, 17.605; MAPE: 13.387, 11.956; Q10: 4.109, 4.110; Q50: 8.784, 8.802; Q90: 4.365, 4.333;
| 12 Horizon | RMSE: 32.417, 31.625; MAE: 20.719, 20.631; MAPE: 15.626, 13.434; Q10: 4.702, 4.686; Q50: 10.359, 10.316; Q90: 5.563, 5.413;
temporal CL model train loss: 14.609 val loss: 5.806732 test loss: 5.776907
epoch 18 time used: 119  seconds  train loss: 14.609 val loss: 5.806732 test loss: 5.776907
In spatial CL model  Epoch 19: 
| 3  Horizon | RMSE: 25.342, 24.105; MAE: 15.954, 15.578; MAPE: 11.990, 9.731; Q10: 3.794, 3.645; Q50: 7.977, 7.789; Q90: 3.836, 3.733;
| 6  Horizon | RMSE: 27.998, 27.025; MAE: 17.424, 17.279; MAPE: 13.290, 10.612; Q10: 4.105, 3.973; Q50: 8.712, 8.640; Q90: 4.348, 4.283;
| 12 Horizon | RMSE: 32.433, 31.384; MAE: 20.470, 20.401; MAPE: 15.902, 12.369; Q10: 4.738, 4.589; Q50: 10.235, 10.201; Q90: 5.490, 5.473;
spatial CL model train loss: 14.572 val loss: 5.799934 test loss: 5.704355
In quantile CL model  Epoch 19: 
| 3  Horizon | RMSE: 25.131, 23.844; MAE: 15.842, 15.402; MAPE: 11.579, 9.735; Q10: 3.729, 3.603; Q50: 7.921, 7.701; Q90: 3.776, 3.637;
| 6  Horizon | RMSE: 27.848, 26.543; MAE: 17.165, 16.896; MAPE: 12.914, 10.783; Q10: 4.090, 3.978; Q50: 8.583, 8.448; Q90: 4.209, 4.123;
| 12 Horizon | RMSE: 32.321, 30.480; MAE: 19.839, 19.629; MAPE: 15.700, 12.608; Q10: 4.724, 4.574; Q50: 9.919, 9.815; Q90: 5.090, 4.997;
quantile CL model train loss: 14.572 val loss: 5.671847 test loss: 5.546787
In temporal CL model  Epoch 19: 
| 3  Horizon | RMSE: 25.253, 24.289; MAE: 15.953, 15.697; MAPE: 11.510, 10.284; Q10: 3.768, 3.688; Q50: 7.977, 7.849; Q90: 3.836, 3.752;
| 6  Horizon | RMSE: 28.090, 27.246; MAE: 17.668, 17.449; MAPE: 12.862, 11.228; Q10: 4.106, 4.032; Q50: 8.834, 8.725; Q90: 4.483, 4.380;
| 12 Horizon | RMSE: 33.410, 32.136; MAE: 21.246, 20.738; MAPE: 15.403, 12.886; Q10: 4.743, 4.639; Q50: 10.623, 10.369; Q90: 6.125, 5.786;
temporal CL model train loss: 14.572 val loss: 5.93308 test loss: 5.806626
epoch 19 time used: 86  seconds  train loss: 14.572 val loss: 5.93308 test loss: 5.806626
In spatial CL model  Epoch 20: 
| 3  Horizon | RMSE: 25.341, 24.202; MAE: 15.942, 15.666; MAPE: 12.445, 10.105; Q10: 3.812, 3.672; Q50: 7.971, 7.833; Q90: 3.792, 3.706;
| 6  Horizon | RMSE: 28.079, 27.170; MAE: 17.408, 17.341; MAPE: 13.774, 11.004; Q10: 4.133, 4.021; Q50: 8.704, 8.670; Q90: 4.315, 4.274;
| 12 Horizon | RMSE: 32.628, 31.739; MAE: 20.564, 20.669; MAPE: 16.192, 12.699; Q10: 4.774, 4.655; Q50: 10.282, 10.335; Q90: 5.582, 5.635;
spatial CL model train loss: 14.484 val loss: 5.814284 test loss: 5.756195
In quantile CL model  Epoch 20: 
| 3  Horizon | RMSE: 25.130, 23.844; MAE: 15.840, 15.402; MAPE: 11.585, 9.735; Q10: 3.729, 3.603; Q50: 7.920, 7.701; Q90: 3.776, 3.637;
| 6  Horizon | RMSE: 27.842, 26.543; MAE: 17.159, 16.896; MAPE: 12.916, 10.783; Q10: 4.088, 3.978; Q50: 8.580, 8.448; Q90: 4.208, 4.123;
| 12 Horizon | RMSE: 32.311, 30.480; MAE: 19.828, 19.629; MAPE: 15.708, 12.608; Q10: 4.722, 4.574; Q50: 9.914, 9.815; Q90: 5.088, 4.997;
quantile CL model train loss: 14.484 val loss: 5.669662 test loss: 5.546787
In temporal CL model  Epoch 20: 
| 3  Horizon | RMSE: 24.989, 24.120; MAE: 15.825, 15.643; MAPE: 11.521, 10.376; Q10: 3.755, 3.667; Q50: 7.912, 7.822; Q90: 3.763, 3.695;
| 6  Horizon | RMSE: 27.611, 26.902; MAE: 17.369, 17.252; MAPE: 12.817, 11.262; Q10: 4.084, 4.039; Q50: 8.684, 8.626; Q90: 4.268, 4.207;
| 12 Horizon | RMSE: 32.463, 31.512; MAE: 20.611, 20.375; MAPE: 15.386, 13.042; Q10: 4.725, 4.748; Q50: 10.306, 10.187; Q90: 5.639, 5.390;
***************************
***************************
temporal CL model  Early stopping at epoch: 20
***************************
***************************
temporal CL model train loss: 14.484 val loss: 5.787471 test loss: 5.719795
epoch 20 time used: 84  seconds  train loss: 14.484 val loss: 5.787471 test loss: 5.719795
In spatial CL model  Epoch 21: 
| 3  Horizon | RMSE: 25.417, 24.205; MAE: 15.911, 15.608; MAPE: 12.309, 9.916; Q10: 3.827, 3.667; Q50: 7.955, 7.804; Q90: 3.775, 3.689;
| 6  Horizon | RMSE: 28.158, 27.202; MAE: 17.385, 17.312; MAPE: 13.622, 10.796; Q10: 4.168, 4.051; Q50: 8.693, 8.656; Q90: 4.337, 4.322;
| 12 Horizon | RMSE: 32.571, 31.678; MAE: 20.437, 20.566; MAPE: 16.141, 12.601; Q10: 4.786, 4.668; Q50: 10.218, 10.283; Q90: 5.458, 5.537;
spatial CL model train loss: 14.432 val loss: 5.801698 test loss: 5.74547
In quantile CL model  Epoch 21: 
| 3  Horizon | RMSE: 25.127, 23.844; MAE: 15.840, 15.402; MAPE: 11.591, 9.735; Q10: 3.729, 3.603; Q50: 7.920, 7.701; Q90: 3.776, 3.637;
| 6  Horizon | RMSE: 27.843, 26.543; MAE: 17.161, 16.896; MAPE: 12.920, 10.783; Q10: 4.089, 3.978; Q50: 8.580, 8.448; Q90: 4.208, 4.123;
| 12 Horizon | RMSE: 32.320, 30.480; MAE: 19.836, 19.629; MAPE: 15.716, 12.608; Q10: 4.723, 4.574; Q50: 9.918, 9.815; Q90: 5.090, 4.997;
quantile CL model train loss: 14.432 val loss: 5.670848 test loss: 5.546787
In temporal CL model  Epoch 21: 
| 3  Horizon | RMSE: 24.999, 24.120; MAE: 15.829, 15.643; MAPE: 11.519, 10.376; Q10: 3.755, 3.667; Q50: 7.915, 7.822; Q90: 3.765, 3.695;
| 6  Horizon | RMSE: 27.621, 26.902; MAE: 17.374, 17.252; MAPE: 12.815, 11.262; Q10: 4.084, 4.039; Q50: 8.687, 8.626; Q90: 4.270, 4.207;
| 12 Horizon | RMSE: 32.467, 31.512; MAE: 20.614, 20.375; MAPE: 15.371, 13.042; Q10: 4.725, 4.748; Q50: 10.307, 10.187; Q90: 5.641, 5.390;
temporal CL model train loss: 14.432 val loss: 5.788669 test loss: 5.719795
epoch 21 time used: 51  seconds  train loss: 14.432 val loss: 5.788669 test loss: 5.719795
In spatial CL model  Epoch 22: 
| 3  Horizon | RMSE: 25.416, 24.155; MAE: 15.979, 15.596; MAPE: 12.030, 9.703; Q10: 3.803, 3.636; Q50: 7.990, 7.798; Q90: 3.829, 3.716;
| 6  Horizon | RMSE: 28.127, 27.136; MAE: 17.462, 17.309; MAPE: 13.247, 10.524; Q10: 4.120, 3.979; Q50: 8.731, 8.655; Q90: 4.399, 4.346;
| 12 Horizon | RMSE: 32.194, 31.183; MAE: 20.241, 20.191; MAPE: 15.628, 12.118; Q10: 4.728, 4.572; Q50: 10.120, 10.096; Q90: 5.466, 5.484;
***************************
***************************
spatial CL model  Early stopping at epoch: 22
***************************
***************************
spatial CL model train loss: 14.409 val loss: 5.799662 test loss: 5.704016
In quantile CL model  Epoch 22: 
| 3  Horizon | RMSE: 25.127, 23.844; MAE: 15.840, 15.402; MAPE: 11.551, 9.735; Q10: 3.729, 3.603; Q50: 7.920, 7.701; Q90: 3.776, 3.637;
| 6  Horizon | RMSE: 27.838, 26.543; MAE: 17.159, 16.896; MAPE: 12.900, 10.783; Q10: 4.089, 3.978; Q50: 8.579, 8.448; Q90: 4.207, 4.123;
| 12 Horizon | RMSE: 32.303, 30.480; MAE: 19.826, 19.629; MAPE: 15.701, 12.608; Q10: 4.721, 4.574; Q50: 9.913, 9.815; Q90: 5.084, 4.997;
quantile CL model train loss: 14.409 val loss: 5.66978 test loss: 5.546787
In temporal CL model  Epoch 22: 
| 3  Horizon | RMSE: 24.990, 24.120; MAE: 15.824, 15.643; MAPE: 11.516, 10.376; Q10: 3.754, 3.667; Q50: 7.912, 7.822; Q90: 3.763, 3.695;
| 6  Horizon | RMSE: 27.620, 26.902; MAE: 17.371, 17.252; MAPE: 12.812, 11.262; Q10: 4.084, 4.039; Q50: 8.685, 8.626; Q90: 4.269, 4.207;
| 12 Horizon | RMSE: 32.462, 31.512; MAE: 20.607, 20.375; MAPE: 15.378, 13.042; Q10: 4.724, 4.748; Q50: 10.303, 10.187; Q90: 5.638, 5.390;
temporal CL model train loss: 14.409 val loss: 5.787445 test loss: 5.719795
epoch 22 time used: 48  seconds  train loss: 14.409 val loss: 5.787445 test loss: 5.719795
***************************
***************************
stacking start: 
***************************
***************************
In Stacking model  Epoch 0: 
| 3  Horizon | RMSE: 24.568, 23.647; MAE: 15.655, 15.299; MAPE: 11.397, 9.614; Q10: 3.658, 3.565; Q50: 7.827, 7.650; Q90: 3.654, 3.577;
| 6  Horizon | RMSE: 26.838, 26.092; MAE: 16.908, 16.650; MAPE: 12.606, 10.401; Q10: 3.966, 3.900; Q50: 8.454, 8.325; Q90: 4.136, 4.072;
| 12 Horizon | RMSE: 30.624, 29.789; MAE: 19.375, 19.173; MAPE: 15.167, 11.980; Q10: 4.565, 4.477; Q50: 9.688, 9.586; Q90: 5.036, 4.972;
----------val loss is :  5.557408 ----------test loss is :  5.473406
In Stacking model  Epoch 1: 
| 3  Horizon | RMSE: 24.601, 23.735; MAE: 15.619, 15.406; MAPE: 11.530, 9.849; Q10: 3.665, 3.556; Q50: 7.809, 7.703; Q90: 3.628, 3.549;
| 6  Horizon | RMSE: 26.907, 26.192; MAE: 16.881, 16.765; MAPE: 12.704, 10.598; Q10: 3.968, 3.879; Q50: 8.440, 8.382; Q90: 4.061, 3.995;
| 12 Horizon | RMSE: 30.865, 30.024; MAE: 19.549, 19.480; MAPE: 15.485, 12.424; Q10: 4.564, 4.441; Q50: 9.775, 9.740; Q90: 4.906, 4.843;
----------val loss is :  5.539616 ----------test loss is :  5.470607
In Stacking model  Epoch 2: 
| 3  Horizon | RMSE: 24.574, 23.679; MAE: 15.584, 15.336; MAPE: 11.429, 9.717; Q10: 3.699, 3.599; Q50: 7.792, 7.668; Q90: 3.664, 3.599;
| 6  Horizon | RMSE: 26.886, 26.148; MAE: 16.857, 16.707; MAPE: 12.621, 10.476; Q10: 3.995, 3.912; Q50: 8.428, 8.354; Q90: 4.146, 4.100;
| 12 Horizon | RMSE: 30.827, 29.971; MAE: 19.506, 19.398; MAPE: 15.297, 12.218; Q10: 4.609, 4.487; Q50: 9.753, 9.699; Q90: 5.020, 4.975;
----------val loss is :  5.57165 ----------test loss is :  5.503731
In Stacking model  Epoch 3: 
| 3  Horizon | RMSE: 24.539, 23.637; MAE: 15.560, 15.307; MAPE: 11.434, 9.710; Q10: 3.704, 3.606; Q50: 7.780, 7.653; Q90: 3.646, 3.569;
| 6  Horizon | RMSE: 26.864, 26.109; MAE: 16.840, 16.684; MAPE: 12.632, 10.473; Q10: 4.000, 3.918; Q50: 8.420, 8.342; Q90: 4.121, 4.059;
| 12 Horizon | RMSE: 30.822, 29.928; MAE: 19.497, 19.371; MAPE: 15.299, 12.194; Q10: 4.618, 4.498; Q50: 9.748, 9.686; Q90: 4.977, 4.918;
----------val loss is :  5.561618 ----------test loss is :  5.488916
In Stacking model  Epoch 4: 
| 3  Horizon | RMSE: 24.818, 23.966; MAE: 15.911, 15.784; MAPE: 12.193, 10.537; Q10: 3.782, 3.705; Q50: 7.955, 7.892; Q90: 3.696, 3.642;
| 6  Horizon | RMSE: 27.148, 26.432; MAE: 17.178, 17.160; MAPE: 13.342, 11.271; Q10: 4.066, 4.007; Q50: 8.589, 8.580; Q90: 4.154, 4.121;
| 12 Horizon | RMSE: 31.176, 30.325; MAE: 19.916, 19.927; MAPE: 16.069, 13.073; Q10: 4.695, 4.599; Q50: 9.958, 9.963; Q90: 5.023, 4.989;
----------val loss is :  5.668212 ----------test loss is :  5.632601
In Stacking model  Epoch 5: 
| 3  Horizon | RMSE: 24.546, 23.603; MAE: 15.551, 15.256; MAPE: 11.341, 9.606; Q10: 3.671, 3.549; Q50: 7.776, 7.628; Q90: 3.665, 3.596;
| 6  Horizon | RMSE: 26.877, 26.088; MAE: 16.836, 16.640; MAPE: 12.537, 10.374; Q10: 3.979, 3.876; Q50: 8.418, 8.320; Q90: 4.144, 4.092;
| 12 Horizon | RMSE: 30.829, 29.903; MAE: 19.484, 19.310; MAPE: 15.120, 12.012; Q10: 4.560, 4.417; Q50: 9.742, 9.655; Q90: 5.013, 4.966;
----------val loss is :  5.556208 ----------test loss is :  5.471134
In Stacking model  Epoch 6: 
| 3  Horizon | RMSE: 24.465, 23.515; MAE: 15.459, 15.188; MAPE: 11.441, 9.724; Q10: 3.680, 3.557; Q50: 7.730, 7.594; Q90: 3.632, 3.537;
| 6  Horizon | RMSE: 26.751, 25.972; MAE: 16.716, 16.553; MAPE: 12.638, 10.488; Q10: 3.991, 3.891; Q50: 8.358, 8.277; Q90: 4.013, 3.931;
| 12 Horizon | RMSE: 30.637, 29.736; MAE: 19.332, 19.213; MAPE: 15.246, 12.155; Q10: 4.560, 4.425; Q50: 9.666, 9.607; Q90: 4.788, 4.724;
----------val loss is :  5.5028 ----------test loss is :  5.416097
In Stacking model  Epoch 7: 
| 3  Horizon | RMSE: 24.626, 23.741; MAE: 15.676, 15.514; MAPE: 11.860, 10.205; Q10: 3.740, 3.660; Q50: 7.838, 7.757; Q90: 3.640, 3.571;
| 6  Horizon | RMSE: 26.965, 26.220; MAE: 16.960, 16.900; MAPE: 13.044, 10.958; Q10: 4.032, 3.969; Q50: 8.480, 8.450; Q90: 4.087, 4.034;
| 12 Horizon | RMSE: 30.961, 30.070; MAE: 19.661, 19.627; MAPE: 15.679, 12.674; Q10: 4.661, 4.565; Q50: 9.831, 9.814; Q90: 4.930, 4.885;
----------val loss is :  5.593051 ----------test loss is :  5.545497
In Stacking model  Epoch 8: 
| 3  Horizon | RMSE: 24.493, 23.540; MAE: 15.513, 15.209; MAPE: 11.342, 9.583; Q10: 3.673, 3.552; Q50: 7.756, 7.604; Q90: 3.668, 3.558;
| 6  Horizon | RMSE: 26.825, 26.022; MAE: 16.801, 16.594; MAPE: 12.552, 10.357; Q10: 3.985, 3.881; Q50: 8.401, 8.297; Q90: 4.126, 4.026;
| 12 Horizon | RMSE: 30.748, 29.804; MAE: 19.428, 19.240; MAPE: 15.099, 11.960; Q10: 4.563, 4.418; Q50: 9.714, 9.620; Q90: 4.903, 4.824;
----------val loss is :  5.53796 ----------test loss is :  5.437747
In Stacking model  Epoch 9: 
| 3  Horizon | RMSE: 24.706, 23.826; MAE: 15.815, 15.689; MAPE: 12.300, 10.649; Q10: 3.774, 3.703; Q50: 7.908, 7.844; Q90: 3.728, 3.679;
| 6  Horizon | RMSE: 27.029, 26.295; MAE: 17.080, 17.068; MAPE: 13.466, 11.396; Q10: 4.061, 4.010; Q50: 8.540, 8.534; Q90: 4.175, 4.148;
| 12 Horizon | RMSE: 31.007, 30.133; MAE: 19.774, 19.789; MAPE: 16.066, 13.091; Q10: 4.695, 4.609; Q50: 9.887, 9.895; Q90: 5.048, 5.021;
----------val loss is :  5.660979 ----------test loss is :  5.630746
In Stacking model  Epoch 10: 
| 3  Horizon | RMSE: 24.484, 23.494; MAE: 15.514, 15.157; MAPE: 11.338, 9.546; Q10: 3.670, 3.549; Q50: 7.757, 7.579; Q90: 3.641, 3.573;
| 6  Horizon | RMSE: 26.783, 25.957; MAE: 16.777, 16.528; MAPE: 12.540, 10.321; Q10: 3.977, 3.875; Q50: 8.388, 8.264; Q90: 4.083, 4.033;
| 12 Horizon | RMSE: 30.622, 29.681; MAE: 19.340, 19.125; MAPE: 15.041, 11.874; Q10: 4.563, 4.424; Q50: 9.670, 9.562; Q90: 4.923, 4.882;
----------val loss is :  5.52802 ----------test loss is :  5.435493
In Stacking model  Epoch 11: 
| 3  Horizon | RMSE: 24.525, 23.599; MAE: 15.544, 15.344; MAPE: 11.688, 10.029; Q10: 3.723, 3.636; Q50: 7.772, 7.672; Q90: 3.647, 3.582;
| 6  Horizon | RMSE: 26.847, 26.076; MAE: 16.816, 16.726; MAPE: 12.879, 10.790; Q10: 4.022, 3.954; Q50: 8.408, 8.363; Q90: 4.091, 4.044;
| 12 Horizon | RMSE: 30.779, 29.876; MAE: 19.477, 19.418; MAPE: 15.459, 12.456; Q10: 4.642, 4.548; Q50: 9.738, 9.709; Q90: 4.938, 4.898;
----------val loss is :  5.566904 ----------test loss is :  5.514415
In Stacking model  Epoch 12: 
| 3  Horizon | RMSE: 24.578, 23.651; MAE: 15.586, 15.336; MAPE: 11.402, 9.698; Q10: 3.703, 3.602; Q50: 7.793, 7.668; Q90: 3.633, 3.546;
| 6  Horizon | RMSE: 26.927, 26.153; MAE: 16.878, 16.736; MAPE: 12.603, 10.468; Q10: 3.999, 3.911; Q50: 8.439, 8.368; Q90: 4.067, 3.996;
| 12 Horizon | RMSE: 30.915, 29.988; MAE: 19.559, 19.421; MAPE: 15.150, 12.083; Q10: 4.614, 4.488; Q50: 9.779, 9.711; Q90: 4.877, 4.820;
----------val loss is :  5.551739 ----------test loss is :  5.476054
In Stacking model  Epoch 13: 
| 3  Horizon | RMSE: 24.529, 23.599; MAE: 15.530, 15.287; MAPE: 11.427, 9.732; Q10: 3.679, 3.571; Q50: 7.765, 7.643; Q90: 3.653, 3.579;
| 6  Horizon | RMSE: 26.873, 26.095; MAE: 16.818, 16.680; MAPE: 12.629, 10.502; Q10: 3.981, 3.888; Q50: 8.409, 8.340; Q90: 4.123, 4.065;
| 12 Horizon | RMSE: 30.839, 29.915; MAE: 19.491, 19.364; MAPE: 15.179, 12.118; Q10: 4.587, 4.458; Q50: 9.746, 9.682; Q90: 4.966, 4.917;
----------val loss is :  5.552544 ----------test loss is :  5.479273
In Stacking model  Epoch 14: 
| 3  Horizon | RMSE: 24.472, 23.495; MAE: 15.487, 15.157; MAPE: 11.316, 9.554; Q10: 3.670, 3.550; Q50: 7.744, 7.579; Q90: 3.640, 3.538;
| 6  Horizon | RMSE: 26.788, 25.971; MAE: 16.759, 16.535; MAPE: 12.525, 10.328; Q10: 3.981, 3.879; Q50: 8.380, 8.267; Q90: 4.054, 3.961;
| 12 Horizon | RMSE: 30.671, 29.716; MAE: 19.362, 19.154; MAPE: 15.030, 11.890; Q10: 4.567, 4.429; Q50: 9.681, 9.577; Q90: 4.822, 4.751;
----------val loss is :  5.513554 ----------test loss is :  5.413465
In Stacking model  Epoch 15: 
| 3  Horizon | RMSE: 24.541, 23.614; MAE: 15.546, 15.299; MAPE: 11.399, 9.712; Q10: 3.669, 3.551; Q50: 7.773, 7.650; Q90: 3.645, 3.573;
| 6  Horizon | RMSE: 26.891, 26.115; MAE: 16.835, 16.695; MAPE: 12.602, 10.483; Q10: 3.975, 3.873; Q50: 8.417, 8.348; Q90: 4.101, 4.046;
| 12 Horizon | RMSE: 30.862, 29.939; MAE: 19.510, 19.378; MAPE: 15.137, 12.087; Q10: 4.568, 4.427; Q50: 9.755, 9.689; Q90: 4.939, 4.894;
----------val loss is :  5.544945 ----------test loss is :  5.468441
In Stacking model  Epoch 16: 
| 3  Horizon | RMSE: 24.466, 23.522; MAE: 15.468, 15.202; MAPE: 11.383, 9.673; Q10: 3.686, 3.567; Q50: 7.734, 7.601; Q90: 3.626, 3.537;
| 6  Horizon | RMSE: 26.805, 26.008; MAE: 16.749, 16.586; MAPE: 12.594, 10.445; Q10: 3.993, 3.888; Q50: 8.375, 8.293; Q90: 4.034, 3.956;
| 12 Horizon | RMSE: 30.720, 29.784; MAE: 19.384, 19.242; MAPE: 15.124, 12.042; Q10: 4.571, 4.416; Q50: 9.692, 9.621; Q90: 4.821, 4.762;
----------val loss is :  5.511798 ----------test loss is :  5.424147
***************************
***************************
Stack Model Early stopping at epoch: 16
***************************
***************************
Model  stgcn3  Best Results:
Epoch {'spatial CL model': 12, 'quantile CL model': 8, 'temporal CL model': 10}: 
=        =        Horizon  3        =        =        =        =        Horizon  6        =        =        =        =        Horizon  12       =        =       
RMSE     MAE      MAPE     Q10      Q50      Q90      RMSE     MAE      MAPE     Q10      Q50      Q90      RMSE     MAE      MAPE     Q10      Q50      Q90     
23.515   15.188   9.724    3.557    7.594    3.537    25.972   16.553   10.488   3.891    8.277    3.931    29.736   19.213   12.155   4.425    9.607    4.724   
Model Training Ended ... Wed Apr 10 22:33:55 2024
