pdate shape is:  (17856,)
./save/pems08_stgcn3_in12_out12_addtimeFalse_adjFalse_lr0.001_hc32_train0.6_val0.2_test0.2_seedNone_lossquantile_version3_note:stgcn_stacking_pems08 training started Mon Apr  8 17:42:26 2024
pdate shape is:  (17856,)
data load........
initial data shape is:  (17856, 170, 3)
train_mean shape : (170,)
train  :  (10695, 24, 170, 3)
val  :  (3566, 24, 170, 3)
test  :  (3561, 24, 170, 3)
Model Training Started ... Mon Apr  8 17:42:27 2024
TIMESTEP_IN, TIMESTEP_OUT 12 12
LOSS is : quantile
CL target length = 1
qcl init quantile loss is [0.010000000000000009, 0.5, 0.99]
Quantile cl loss is [0.009999999999999995, 0.5, 0.99]
Temporal CL length = 2
Quantile cl loss is [0.020000000000000004, 0.5, 0.98]
Temporal CL length = 3
Quantile cl loss is [0.03, 0.5, 0.97]
Temporal CL length = 4
Spatial CL target length = 1
Quantile cl loss is [0.04, 0.5, 0.96]
Temporal CL length = 5
Spatial CL target length = 2
In spatial CL model  Epoch 0: 
| 3  Horizon | RMSE: 33.701, 31.874; MAE: 22.809, 22.044; MAPE: 17.326, 15.749; Q10: 5.213, 5.029; Q50: 11.405, 11.022; Q90: 6.128, 5.815;
| 6  Horizon | RMSE: 40.243, 38.107; MAE: 26.727, 25.654; MAPE: 18.959, 17.198; Q10: 5.731, 5.512; Q50: 13.363, 12.827; Q90: 7.606, 7.190;
| 12 Horizon | RMSE: 52.021, 49.402; MAE: 34.494, 33.224; MAPE: 23.562, 21.500; Q10: 7.048, 6.798; Q50: 17.247, 16.612; Q90: 9.649, 9.200;
In quantile CL model  Epoch 0: 
| 3  Horizon | RMSE: 27.277, 25.560; MAE: 17.715, 16.911; MAPE: 12.688, 11.287; Q10: 4.547, 4.454; Q50: 8.858, 8.456; Q90: 4.690, 4.520;
| 6  Horizon | RMSE: 30.608, 28.934; MAE: 20.016, 19.351; MAPE: 15.257, 13.822; Q10: 4.883, 4.743; Q50: 10.008, 9.676; Q90: 5.610, 5.464;
| 12 Horizon | RMSE: 36.703, 35.301; MAE: 25.145, 24.764; MAPE: 21.599, 19.896; Q10: 5.780, 5.582; Q50: 12.572, 12.382; Q90: 6.820, 6.712;
In temporal CL model  Epoch 0: 
| 3  Horizon | RMSE: 27.405, 25.918; MAE: 17.908, 17.333; MAPE: 13.582, 12.220; Q10: 4.080, 3.902; Q50: 8.954, 8.666; Q90: 4.319, 4.162;
| 6  Horizon | RMSE: 113.099, 112.214; MAE: 90.010, 89.503; MAPE: 90.484, 84.788; Q10: 43.964, 44.433; Q50: 45.005, 44.751; Q90: 46.046, 45.070;
| 12 Horizon | RMSE: 112.976, 112.216; MAE: 89.916, 89.511; MAPE: 89.943, 85.004; Q10: 43.739, 44.595; Q50: 44.958, 44.755; Q90: 46.176, 44.916;
epoch 0 time used: 106  seconds  train loss: 18.977 val loss: 28.656179 test loss: 28.4353
Quantile cl loss is [0.05, 0.5, 0.95]
Temporal CL length = 6
Spatial CL target length = 3
Quantile cl loss is [0.06000000000000001, 0.5, 0.94]
Temporal CL length = 7
Spatial CL target length = 4
Quantile cl loss is [0.07, 0.5, 0.9299999999999999]
Temporal CL length = 8
Spatial CL target length = 5
Quantile cl loss is [0.08, 0.5, 0.92]
Temporal CL length = 9
Spatial CL target length = 6
In spatial CL model  Epoch 1: 
| 3  Horizon | RMSE: 27.496, 26.048; MAE: 18.118, 17.482; MAPE: 12.879, 11.138; Q10: 4.307, 4.140; Q50: 9.059, 8.741; Q90: 4.165, 3.993;
| 6  Horizon | RMSE: 30.593, 28.982; MAE: 19.979, 19.207; MAPE: 14.085, 12.038; Q10: 4.675, 4.469; Q50: 9.990, 9.603; Q90: 4.708, 4.523;
| 12 Horizon | RMSE: 35.779, 34.026; MAE: 23.539, 22.725; MAPE: 17.088, 14.471; Q10: 5.531, 5.209; Q50: 11.769, 11.362; Q90: 5.745, 5.574;
In quantile CL model  Epoch 1: 
| 3  Horizon | RMSE: 26.513, 24.871; MAE: 17.081, 16.361; MAPE: 12.016, 10.427; Q10: 4.029, 3.870; Q50: 8.540, 8.181; Q90: 4.069, 3.901;
| 6  Horizon | RMSE: 29.272, 27.676; MAE: 18.879, 18.126; MAPE: 13.078, 11.327; Q10: 4.446, 4.266; Q50: 9.439, 9.063; Q90: 4.515, 4.355;
| 12 Horizon | RMSE: 34.178, 32.528; MAE: 22.195, 21.490; MAPE: 15.679, 13.543; Q10: 5.173, 4.940; Q50: 11.098, 10.745; Q90: 5.303, 5.188;
In temporal CL model  Epoch 1: 
| 3  Horizon | RMSE: 26.665, 25.234; MAE: 17.430, 16.906; MAPE: 13.901, 11.916; Q10: 4.239, 4.025; Q50: 8.715, 8.453; Q90: 4.031, 3.887;
| 6  Horizon | RMSE: 29.372, 27.931; MAE: 19.138, 18.579; MAPE: 15.172, 12.912; Q10: 4.645, 4.418; Q50: 9.569, 9.290; Q90: 4.486, 4.347;
| 12 Horizon | RMSE: 112.977, 112.216; MAE: 89.913, 89.511; MAPE: 89.900, 85.004; Q10: 43.681, 44.595; Q50: 44.957, 44.755; Q90: 46.232, 44.916;
epoch 1 time used: 102  seconds  train loss: 17.975 val loss: 15.771441 test loss: 15.569272
Quantile cl loss is [0.09, 0.5, 0.91]
Temporal CL length = 10
Spatial CL target length = 7
Quantile cl loss is [0.1, 0.5, 0.9]
Temporal CL length = 11
Spatial CL target length = 8
Temporal CL length = 12
Spatial CL target length = 9
Temporal CL length = 13
Spatial CL target length = 10
In spatial CL model  Epoch 2: 
| 3  Horizon | RMSE: 26.185, 24.872; MAE: 17.001, 16.468; MAPE: 12.419, 10.681; Q10: 4.084, 3.934; Q50: 8.500, 8.234; Q90: 4.025, 3.875;
| 6  Horizon | RMSE: 28.700, 27.331; MAE: 18.432, 17.920; MAPE: 13.716, 11.770; Q10: 4.395, 4.213; Q50: 9.216, 8.960; Q90: 4.412, 4.290;
| 12 Horizon | RMSE: 33.564, 32.065; MAE: 21.737, 21.148; MAPE: 15.947, 13.374; Q10: 5.152, 4.908; Q50: 10.868, 10.574; Q90: 5.268, 5.181;
In quantile CL model  Epoch 2: 
| 3  Horizon | RMSE: 26.196, 24.670; MAE: 16.880, 16.203; MAPE: 11.833, 10.189; Q10: 3.984, 3.819; Q50: 8.440, 8.102; Q90: 3.974, 3.814;
| 6  Horizon | RMSE: 28.279, 27.053; MAE: 18.061, 17.587; MAPE: 12.904, 11.254; Q10: 4.279, 4.103; Q50: 9.031, 8.794; Q90: 4.318, 4.224;
| 12 Horizon | RMSE: 32.540, 31.493; MAE: 20.852, 20.542; MAPE: 14.936, 12.799; Q10: 4.907, 4.723; Q50: 10.426, 10.271; Q90: 4.963, 4.966;
In temporal CL model  Epoch 2: 
| 3  Horizon | RMSE: 26.734, 25.361; MAE: 17.640, 17.058; MAPE: 13.035, 11.017; Q10: 4.147, 4.000; Q50: 8.820, 8.529; Q90: 4.111, 3.956;
| 6  Horizon | RMSE: 28.764, 27.429; MAE: 18.670, 18.087; MAPE: 14.108, 11.736; Q10: 4.402, 4.231; Q50: 9.335, 9.043; Q90: 4.418, 4.284;
| 12 Horizon | RMSE: 32.915, 31.501; MAE: 21.450, 20.859; MAPE: 16.689, 13.544; Q10: 4.990, 4.767; Q50: 10.725, 10.430; Q90: 5.170, 5.081;
epoch 2 time used: 102  seconds  train loss: 17.639 val loss: 6.126944 test loss: 5.933438
In spatial CL model  Epoch 3: 
| 3  Horizon | RMSE: 26.236, 25.123; MAE: 17.332, 17.080; MAPE: 14.111, 12.421; Q10: 4.095, 3.974; Q50: 8.666, 8.540; Q90: 3.959, 3.862;
| 6  Horizon | RMSE: 28.517, 27.383; MAE: 18.501, 18.294; MAPE: 14.712, 12.897; Q10: 4.447, 4.306; Q50: 9.250, 9.147; Q90: 4.348, 4.281;
| 12 Horizon | RMSE: 32.860, 31.517; MAE: 21.168, 20.677; MAPE: 15.744, 13.086; Q10: 4.978, 4.760; Q50: 10.584, 10.338; Q90: 5.194, 5.104;
In quantile CL model  Epoch 3: 
| 3  Horizon | RMSE: 25.830, 24.617; MAE: 16.579, 16.191; MAPE: 11.830, 10.490; Q10: 3.948, 3.790; Q50: 8.289, 8.095; Q90: 3.921, 3.818;
| 6  Horizon | RMSE: 28.076, 27.190; MAE: 17.985, 17.792; MAPE: 13.297, 11.786; Q10: 4.337, 4.187; Q50: 8.993, 8.896; Q90: 4.236, 4.176;
| 12 Horizon | RMSE: 32.067, 31.529; MAE: 20.494, 20.510; MAPE: 15.148, 12.927; Q10: 4.829, 4.714; Q50: 10.247, 10.255; Q90: 4.915, 4.982;
In temporal CL model  Epoch 3: 
| 3  Horizon | RMSE: 25.647, 24.401; MAE: 16.506, 15.998; MAPE: 11.986, 10.276; Q10: 3.902, 3.736; Q50: 8.253, 7.999; Q90: 3.931, 3.796;
| 6  Horizon | RMSE: 28.069, 26.959; MAE: 18.008, 17.589; MAPE: 13.678, 11.636; Q10: 4.261, 4.084; Q50: 9.004, 8.795; Q90: 4.227, 4.126;
| 12 Horizon | RMSE: 32.082, 30.912; MAE: 20.588, 20.112; MAPE: 15.653, 12.764; Q10: 4.821, 4.619; Q50: 10.294, 10.056; Q90: 4.923, 4.869;
epoch 3 time used: 102  seconds  train loss: 16.939 val loss: 5.845092 test loss: 5.681268
In spatial CL model  Epoch 4: 
| 3  Horizon | RMSE: 25.278, 24.152; MAE: 16.156, 15.792; MAPE: 12.075, 10.419; Q10: 3.880, 3.745; Q50: 8.078, 7.896; Q90: 3.818, 3.717;
| 6  Horizon | RMSE: 27.687, 26.717; MAE: 17.620, 17.412; MAPE: 13.012, 11.272; Q10: 4.173, 4.066; Q50: 8.810, 8.706; Q90: 4.230, 4.197;
| 12 Horizon | RMSE: 32.352, 31.505; MAE: 20.986, 20.947; MAPE: 16.020, 13.774; Q10: 4.851, 4.736; Q50: 10.493, 10.474; Q90: 5.193, 5.240;
In quantile CL model  Epoch 4: 
| 3  Horizon | RMSE: 25.415, 24.166; MAE: 16.224, 15.788; MAPE: 11.635, 9.998; Q10: 3.877, 3.720; Q50: 8.112, 7.894; Q90: 3.866, 3.758;
| 6  Horizon | RMSE: 27.726, 26.854; MAE: 17.717, 17.480; MAPE: 12.672, 10.745; Q10: 4.174, 4.051; Q50: 8.858, 8.740; Q90: 4.300, 4.241;
| 12 Horizon | RMSE: 32.038, 31.508; MAE: 20.651, 20.726; MAPE: 15.329, 12.567; Q10: 4.760, 4.633; Q50: 10.325, 10.363; Q90: 4.954, 5.100;
In temporal CL model  Epoch 4: 
| 3  Horizon | RMSE: 25.440, 24.313; MAE: 16.240, 15.827; MAPE: 11.684, 9.937; Q10: 3.840, 3.715; Q50: 8.120, 7.913; Q90: 3.840, 3.738;
| 6  Horizon | RMSE: 27.855, 26.884; MAE: 17.682, 17.322; MAPE: 12.838, 10.730; Q10: 4.148, 4.022; Q50: 8.841, 8.661; Q90: 4.278, 4.196;
| 12 Horizon | RMSE: 32.635, 31.529; MAE: 20.810, 20.448; MAPE: 15.587, 12.587; Q10: 4.778, 4.605; Q50: 10.405, 10.224; Q90: 5.176, 5.123;
epoch 4 time used: 103  seconds  train loss: 16.482 val loss: 5.824851 test loss: 5.694249
In spatial CL model  Epoch 5: 
| 3  Horizon | RMSE: 25.292, 24.149; MAE: 16.237, 15.752; MAPE: 11.617, 9.979; Q10: 3.833, 3.700; Q50: 8.119, 7.876; Q90: 3.809, 3.673;
| 6  Horizon | RMSE: 27.628, 26.614; MAE: 17.543, 17.224; MAPE: 12.644, 10.924; Q10: 4.151, 4.042; Q50: 8.771, 8.612; Q90: 4.213, 4.115;
| 12 Horizon | RMSE: 31.696, 30.921; MAE: 20.340, 20.263; MAPE: 15.127, 13.103; Q10: 4.774, 4.641; Q50: 10.170, 10.132; Q90: 4.886, 4.945;
In quantile CL model  Epoch 5: 
| 3  Horizon | RMSE: 25.382, 24.179; MAE: 16.224, 15.761; MAPE: 11.173, 9.906; Q10: 3.811, 3.686; Q50: 8.112, 7.880; Q90: 3.826, 3.691;
| 6  Horizon | RMSE: 27.594, 26.733; MAE: 17.517, 17.290; MAPE: 12.588, 10.847; Q10: 4.132, 4.042; Q50: 8.759, 8.645; Q90: 4.222, 4.104;
| 12 Horizon | RMSE: 31.755, 31.348; MAE: 20.305, 20.416; MAPE: 14.897, 12.532; Q10: 4.710, 4.621; Q50: 10.153, 10.208; Q90: 4.853, 5.004;
In temporal CL model  Epoch 5: 
| 3  Horizon | RMSE: 25.233, 24.142; MAE: 16.208, 15.775; MAPE: 11.694, 9.952; Q10: 3.822, 3.703; Q50: 8.104, 7.888; Q90: 3.775, 3.669;
| 6  Horizon | RMSE: 27.543, 26.559; MAE: 17.569, 17.146; MAPE: 12.890, 10.737; Q10: 4.153, 4.033; Q50: 8.785, 8.573; Q90: 4.175, 4.098;
| 12 Horizon | RMSE: 31.344, 30.173; MAE: 19.949, 19.540; MAPE: 15.503, 12.403; Q10: 4.693, 4.504; Q50: 9.975, 9.770; Q90: 4.815, 4.798;
epoch 5 time used: 103  seconds  train loss: 15.955 val loss: 5.691548 test loss: 5.558749
In spatial CL model  Epoch 6: 
| 3  Horizon | RMSE: 25.363, 24.295; MAE: 16.284, 15.920; MAPE: 11.777, 10.231; Q10: 3.850, 3.740; Q50: 8.142, 7.960; Q90: 3.790, 3.681;
| 6  Horizon | RMSE: 27.676, 26.663; MAE: 17.604, 17.358; MAPE: 12.974, 11.300; Q10: 4.164, 4.077; Q50: 8.802, 8.679; Q90: 4.134, 4.041;
| 12 Horizon | RMSE: 31.547, 30.636; MAE: 20.302, 20.268; MAPE: 15.570, 13.465; Q10: 4.795, 4.695; Q50: 10.151, 10.134; Q90: 4.861, 4.846;
In quantile CL model  Epoch 6: 
| 3  Horizon | RMSE: 25.766, 24.510; MAE: 16.694, 16.116; MAPE: 11.715, 10.331; Q10: 3.918, 3.751; Q50: 8.347, 8.058; Q90: 3.887, 3.750;
| 6  Horizon | RMSE: 27.864, 26.885; MAE: 17.881, 17.518; MAPE: 13.222, 11.336; Q10: 4.252, 4.126; Q50: 8.940, 8.759; Q90: 4.205, 4.106;
| 12 Horizon | RMSE: 31.467, 30.985; MAE: 20.202, 20.391; MAPE: 15.749, 13.377; Q10: 4.793, 4.726; Q50: 10.101, 10.196; Q90: 4.905, 4.976;
In temporal CL model  Epoch 6: 
| 3  Horizon | RMSE: 25.619, 24.465; MAE: 16.546, 16.085; MAPE: 12.138, 10.321; Q10: 3.868, 3.743; Q50: 8.273, 8.043; Q90: 3.872, 3.755;
| 6  Horizon | RMSE: 27.772, 26.782; MAE: 17.718, 17.323; MAPE: 13.325, 11.061; Q10: 4.184, 4.061; Q50: 8.859, 8.662; Q90: 4.207, 4.112;
| 12 Horizon | RMSE: 31.480, 30.296; MAE: 20.112, 19.770; MAPE: 16.021, 12.734; Q10: 4.742, 4.567; Q50: 10.056, 9.885; Q90: 4.872, 4.816;
epoch 6 time used: 102  seconds  train loss: 15.823 val loss: 5.793706 test loss: 5.658533
In spatial CL model  Epoch 7: 
| 3  Horizon | RMSE: 25.039, 23.984; MAE: 15.920, 15.578; MAPE: 11.548, 9.851; Q10: 3.773, 3.653; Q50: 7.960, 7.789; Q90: 3.755, 3.648;
| 6  Horizon | RMSE: 27.271, 26.258; MAE: 17.183, 16.952; MAPE: 12.563, 10.714; Q10: 4.080, 3.986; Q50: 8.591, 8.476; Q90: 4.092, 4.012;
| 12 Horizon | RMSE: 31.044, 30.047; MAE: 19.742, 19.619; MAPE: 14.883, 12.563; Q10: 4.691, 4.589; Q50: 9.871, 9.809; Q90: 4.882, 4.866;
In quantile CL model  Epoch 7: 
| 3  Horizon | RMSE: 25.162, 23.981; MAE: 15.955, 15.564; MAPE: 11.426, 9.885; Q10: 3.777, 3.645; Q50: 7.977, 7.782; Q90: 3.804, 3.706;
| 6  Horizon | RMSE: 27.225, 26.262; MAE: 17.093, 16.915; MAPE: 13.057, 10.918; Q10: 4.087, 3.973; Q50: 8.547, 8.457; Q90: 4.082, 4.026;
| 12 Horizon | RMSE: 30.886, 30.198; MAE: 19.420, 19.480; MAPE: 15.505, 12.361; Q10: 4.682, 4.578; Q50: 9.710, 9.740; Q90: 4.735, 4.835;
In temporal CL model  Epoch 7: 
| 3  Horizon | RMSE: 25.215, 24.170; MAE: 16.105, 15.736; MAPE: 11.654, 9.755; Q10: 3.806, 3.673; Q50: 8.052, 7.868; Q90: 3.846, 3.780;
| 6  Horizon | RMSE: 27.416, 26.437; MAE: 17.325, 16.948; MAPE: 12.972, 10.573; Q10: 4.118, 3.980; Q50: 8.663, 8.474; Q90: 4.159, 4.108;
| 12 Horizon | RMSE: 31.090, 29.848; MAE: 19.740, 19.302; MAPE: 15.664, 12.235; Q10: 4.729, 4.522; Q50: 9.870, 9.651; Q90: 4.838, 4.787;
epoch 7 time used: 102  seconds  train loss: 15.619 val loss: 5.683231 test loss: 5.549919
In spatial CL model  Epoch 8: 
| 3  Horizon | RMSE: 25.364, 24.415; MAE: 16.400, 16.184; MAPE: 12.283, 10.772; Q10: 3.832, 3.730; Q50: 8.200, 8.092; Q90: 3.863, 3.787;
| 6  Horizon | RMSE: 27.719, 26.727; MAE: 17.689, 17.506; MAPE: 13.161, 11.404; Q10: 4.135, 4.036; Q50: 8.844, 8.753; Q90: 4.312, 4.237;
| 12 Horizon | RMSE: 32.040, 30.766; MAE: 20.529, 20.225; MAPE: 15.397, 12.908; Q10: 4.731, 4.567; Q50: 10.265, 10.112; Q90: 5.014, 4.945;
In quantile CL model  Epoch 8: 
| 3  Horizon | RMSE: 25.304, 24.288; MAE: 16.103, 15.941; MAPE: 11.254, 10.140; Q10: 3.779, 3.661; Q50: 8.051, 7.970; Q90: 3.876, 3.829;
| 6  Horizon | RMSE: 27.391, 26.528; MAE: 17.318, 17.226; MAPE: 12.752, 10.850; Q10: 4.080, 3.972; Q50: 8.659, 8.613; Q90: 4.247, 4.245;
| 12 Horizon | RMSE: 31.112, 30.440; MAE: 19.825, 20.076; MAPE: 16.024, 13.104; Q10: 4.670, 4.554; Q50: 9.912, 10.038; Q90: 4.848, 4.963;
In temporal CL model  Epoch 8: 
| 3  Horizon | RMSE: 25.192, 24.136; MAE: 16.053, 15.711; MAPE: 11.625, 9.847; Q10: 3.787, 3.665; Q50: 8.026, 7.856; Q90: 3.821, 3.741;
| 6  Horizon | RMSE: 27.657, 26.636; MAE: 17.520, 17.135; MAPE: 12.731, 10.467; Q10: 4.124, 3.977; Q50: 8.760, 8.567; Q90: 4.235, 4.165;
| 12 Horizon | RMSE: 31.537, 30.049; MAE: 20.088, 19.524; MAPE: 15.447, 12.032; Q10: 4.694, 4.469; Q50: 10.044, 9.762; Q90: 4.895, 4.794;
epoch 8 time used: 104  seconds  train loss: 15.474 val loss: 5.735497 test loss: 5.590049
In spatial CL model  Epoch 9: 
| 3  Horizon | RMSE: 24.903, 23.933; MAE: 15.917, 15.665; MAPE: 11.897, 10.284; Q10: 3.877, 3.791; Q50: 7.958, 7.832; Q90: 3.732, 3.624;
| 6  Horizon | RMSE: 27.066, 26.147; MAE: 17.115, 16.913; MAPE: 12.752, 10.894; Q10: 4.138, 4.080; Q50: 8.558, 8.456; Q90: 4.075, 3.974;
| 12 Horizon | RMSE: 31.038, 29.976; MAE: 19.746, 19.552; MAPE: 15.058, 12.646; Q10: 4.639, 4.538; Q50: 9.873, 9.776; Q90: 4.819, 4.718;
In quantile CL model  Epoch 9: 
| 3  Horizon | RMSE: 25.137, 24.120; MAE: 15.877, 15.723; MAPE: 11.446, 10.223; Q10: 3.753, 3.659; Q50: 7.939, 7.862; Q90: 3.816, 3.706;
| 6  Horizon | RMSE: 27.154, 26.360; MAE: 16.999, 17.002; MAPE: 12.843, 10.952; Q10: 4.064, 4.030; Q50: 8.500, 8.501; Q90: 4.110, 4.054;
| 12 Horizon | RMSE: 30.848, 30.355; MAE: 19.426, 19.726; MAPE: 15.295, 12.499; Q10: 4.590, 4.531; Q50: 9.713, 9.863; Q90: 4.756, 4.861;
In temporal CL model  Epoch 9: 
| 3  Horizon | RMSE: 24.889, 24.021; MAE: 15.936, 15.777; MAPE: 11.971, 10.341; Q10: 3.840, 3.752; Q50: 7.968, 7.888; Q90: 3.749, 3.688;
| 6  Horizon | RMSE: 26.935, 26.230; MAE: 16.997, 16.877; MAPE: 12.802, 10.735; Q10: 4.164, 4.096; Q50: 8.499, 8.438; Q90: 4.085, 4.042;
| 12 Horizon | RMSE: 30.599, 29.689; MAE: 19.405, 19.249; MAPE: 15.514, 12.387; Q10: 4.640, 4.516; Q50: 9.703, 9.624; Q90: 4.738, 4.686;
epoch 9 time used: 102  seconds  train loss: 15.374 val loss: 5.617196 test loss: 5.554647
In spatial CL model  Epoch 10: 
| 3  Horizon | RMSE: 24.856, 23.911; MAE: 15.792, 15.596; MAPE: 11.864, 10.374; Q10: 3.761, 3.670; Q50: 7.896, 7.798; Q90: 3.711, 3.621;
| 6  Horizon | RMSE: 27.005, 26.145; MAE: 16.984, 16.899; MAPE: 12.823, 11.148; Q10: 4.082, 4.041; Q50: 8.492, 8.449; Q90: 4.036, 3.965;
| 12 Horizon | RMSE: 30.879, 30.046; MAE: 19.706, 19.794; MAPE: 15.634, 13.514; Q10: 4.691, 4.659; Q50: 9.853, 9.897; Q90: 4.742, 4.733;
In quantile CL model  Epoch 10: 
| 3  Horizon | RMSE: 25.474, 24.242; MAE: 16.084, 15.868; MAPE: 12.254, 10.850; Q10: 3.777, 3.659; Q50: 8.042, 7.934; Q90: 3.867, 3.769;
| 6  Horizon | RMSE: 27.604, 26.479; MAE: 17.241, 17.101; MAPE: 13.703, 11.498; Q10: 4.127, 4.050; Q50: 8.620, 8.550; Q90: 4.147, 4.067;
| 12 Horizon | RMSE: 31.105, 30.214; MAE: 19.571, 19.717; MAPE: 16.655, 13.431; Q10: 4.745, 4.692; Q50: 9.785, 9.859; Q90: 4.744, 4.766;
In temporal CL model  Epoch 10: 
| 3  Horizon | RMSE: 24.855, 23.883; MAE: 15.846, 15.604; MAPE: 12.337, 10.405; Q10: 3.758, 3.646; Q50: 7.923, 7.802; Q90: 3.723, 3.672;
| 6  Horizon | RMSE: 27.033, 26.229; MAE: 17.005, 16.812; MAPE: 13.438, 11.007; Q10: 4.124, 4.020; Q50: 8.503, 8.406; Q90: 4.033, 4.012;
| 12 Horizon | RMSE: 30.637, 29.645; MAE: 19.354, 19.165; MAPE: 16.087, 12.592; Q10: 4.763, 4.620; Q50: 9.677, 9.582; Q90: 4.677, 4.665;
epoch 10 time used: 102  seconds  train loss: 15.13 val loss: 5.590835 test loss: 5.508316
In spatial CL model  Epoch 11: 
| 3  Horizon | RMSE: 24.833, 23.881; MAE: 15.745, 15.480; MAPE: 11.552, 9.924; Q10: 3.759, 3.660; Q50: 7.872, 7.740; Q90: 3.724, 3.635;
| 6  Horizon | RMSE: 27.004, 26.141; MAE: 16.992, 16.862; MAPE: 12.617, 10.777; Q10: 4.052, 3.990; Q50: 8.496, 8.431; Q90: 4.046, 3.974;
| 12 Horizon | RMSE: 30.919, 29.976; MAE: 19.670, 19.630; MAPE: 15.095, 12.806; Q10: 4.669, 4.612; Q50: 9.835, 9.815; Q90: 4.805, 4.766;
In quantile CL model  Epoch 11: 
| 3  Horizon | RMSE: 25.456, 24.352; MAE: 16.101, 16.003; MAPE: 12.570, 10.966; Q10: 3.793, 3.716; Q50: 8.050, 8.002; Q90: 3.876, 3.802;
| 6  Horizon | RMSE: 27.555, 26.606; MAE: 17.118, 17.204; MAPE: 13.675, 11.363; Q10: 4.095, 4.054; Q50: 8.559, 8.602; Q90: 4.183, 4.150;
| 12 Horizon | RMSE: 31.214, 30.382; MAE: 19.430, 19.716; MAPE: 16.687, 13.142; Q10: 4.677, 4.607; Q50: 9.715, 9.858; Q90: 4.794, 4.873;
In temporal CL model  Epoch 11: 
| 3  Horizon | RMSE: 24.910, 24.018; MAE: 15.886, 15.719; MAPE: 12.442, 10.492; Q10: 3.823, 3.732; Q50: 7.943, 7.860; Q90: 3.783, 3.764;
| 6  Horizon | RMSE: 27.058, 26.266; MAE: 16.963, 16.829; MAPE: 13.376, 10.926; Q10: 4.096, 3.998; Q50: 8.481, 8.414; Q90: 4.102, 4.100;
| 12 Horizon | RMSE: 30.660, 29.528; MAE: 19.332, 19.142; MAPE: 16.255, 12.737; Q10: 4.715, 4.563; Q50: 9.666, 9.571; Q90: 4.755, 4.725;
epoch 11 time used: 104  seconds  train loss: 15.076 val loss: 5.619824 test loss: 5.557779
In spatial CL model  Epoch 12: 
| 3  Horizon | RMSE: 24.855, 23.956; MAE: 15.812, 15.602; MAPE: 11.527, 9.903; Q10: 3.765, 3.668; Q50: 7.906, 7.801; Q90: 3.708, 3.640;
| 6  Horizon | RMSE: 26.991, 26.132; MAE: 17.018, 16.914; MAPE: 12.719, 10.901; Q10: 4.083, 4.016; Q50: 8.509, 8.457; Q90: 4.046, 3.976;
| 12 Horizon | RMSE: 30.975, 30.012; MAE: 19.810, 19.800; MAPE: 15.425, 13.139; Q10: 4.724, 4.651; Q50: 9.905, 9.900; Q90: 4.754, 4.707;
In quantile CL model  Epoch 12: 
| 3  Horizon | RMSE: 25.447, 24.301; MAE: 15.948, 15.677; MAPE: 11.716, 9.886; Q10: 3.747, 3.634; Q50: 7.974, 7.838; Q90: 3.858, 3.755;
| 6  Horizon | RMSE: 27.605, 26.560; MAE: 17.088, 16.940; MAPE: 13.319, 10.813; Q10: 4.084, 3.988; Q50: 8.544, 8.470; Q90: 4.174, 4.095;
| 12 Horizon | RMSE: 31.180, 30.304; MAE: 19.401, 19.611; MAPE: 16.630, 13.068; Q10: 4.686, 4.640; Q50: 9.701, 9.805; Q90: 4.747, 4.813;
In temporal CL model  Epoch 12: 
| 3  Horizon | RMSE: 24.913, 24.111; MAE: 15.842, 15.671; MAPE: 11.542, 9.727; Q10: 3.720, 3.633; Q50: 7.921, 7.836; Q90: 3.728, 3.699;
| 6  Horizon | RMSE: 27.147, 26.373; MAE: 17.027, 16.822; MAPE: 12.938, 10.589; Q10: 4.091, 3.976; Q50: 8.513, 8.411; Q90: 4.089, 4.070;
| 12 Horizon | RMSE: 30.785, 29.651; MAE: 19.395, 19.118; MAPE: 15.790, 12.340; Q10: 4.711, 4.536; Q50: 9.697, 9.559; Q90: 4.725, 4.679;
epoch 12 time used: 104  seconds  train loss: 14.993 val loss: 5.588797 test loss: 5.505706
In spatial CL model  Epoch 13: 
| 3  Horizon | RMSE: 24.891, 24.006; MAE: 15.825, 15.649; MAPE: 11.980, 10.370; Q10: 3.871, 3.805; Q50: 7.912, 7.824; Q90: 3.714, 3.633;
| 6  Horizon | RMSE: 27.248, 26.420; MAE: 17.246, 17.179; MAPE: 13.436, 11.629; Q10: 4.182, 4.147; Q50: 8.623, 8.590; Q90: 4.055, 3.980;
| 12 Horizon | RMSE: 30.813, 29.914; MAE: 19.544, 19.571; MAPE: 15.323, 13.028; Q10: 4.770, 4.755; Q50: 9.772, 9.785; Q90: 4.757, 4.712;
In quantile CL model  Epoch 13: 
| 3  Horizon | RMSE: 25.416, 24.193; MAE: 15.926, 15.643; MAPE: 12.248, 10.196; Q10: 3.821, 3.755; Q50: 7.963, 7.821; Q90: 3.854, 3.731;
| 6  Horizon | RMSE: 27.941, 26.712; MAE: 17.392, 17.188; MAPE: 14.354, 11.501; Q10: 4.143, 4.085; Q50: 8.696, 8.594; Q90: 4.183, 4.055;
| 12 Horizon | RMSE: 31.355, 30.189; MAE: 19.471, 19.522; MAPE: 17.296, 13.060; Q10: 4.797, 4.757; Q50: 9.736, 9.761; Q90: 4.753, 4.743;
In temporal CL model  Epoch 13: 
| 3  Horizon | RMSE: 24.848, 23.862; MAE: 15.692, 15.470; MAPE: 11.980, 10.032; Q10: 3.815, 3.725; Q50: 7.846, 7.735; Q90: 3.725, 3.665;
| 6  Horizon | RMSE: 27.323, 26.309; MAE: 17.103, 16.831; MAPE: 13.533, 11.024; Q10: 4.168, 4.051; Q50: 8.551, 8.415; Q90: 4.057, 3.993;
| 12 Horizon | RMSE: 30.651, 29.365; MAE: 19.228, 18.942; MAPE: 15.995, 12.391; Q10: 4.785, 4.629; Q50: 9.614, 9.471; Q90: 4.679, 4.605;
epoch 13 time used: 103  seconds  train loss: 14.932 val loss: 5.587902 test loss: 5.491683
In spatial CL model  Epoch 14: 
| 3  Horizon | RMSE: 24.881, 23.892; MAE: 15.737, 15.461; MAPE: 11.747, 10.075; Q10: 3.821, 3.712; Q50: 7.869, 7.730; Q90: 3.706, 3.613;
| 6  Horizon | RMSE: 27.104, 26.110; MAE: 17.025, 16.851; MAPE: 13.045, 11.185; Q10: 4.126, 4.044; Q50: 8.512, 8.426; Q90: 4.045, 3.965;
| 12 Horizon | RMSE: 30.985, 29.814; MAE: 19.630, 19.456; MAPE: 15.000, 12.563; Q10: 4.600, 4.480; Q50: 9.815, 9.728; Q90: 4.870, 4.805;
In quantile CL model  Epoch 14: 
| 3  Horizon | RMSE: 25.485, 24.174; MAE: 15.917, 15.620; MAPE: 12.327, 10.371; Q10: 3.812, 3.704; Q50: 7.958, 7.810; Q90: 3.861, 3.733;
| 6  Horizon | RMSE: 27.876, 26.542; MAE: 17.308, 17.087; MAPE: 14.231, 11.520; Q10: 4.199, 4.067; Q50: 8.654, 8.544; Q90: 4.176, 4.058;
| 12 Horizon | RMSE: 31.212, 29.956; MAE: 19.288, 19.337; MAPE: 16.832, 12.680; Q10: 4.638, 4.494; Q50: 9.644, 9.669; Q90: 4.773, 4.811;
In temporal CL model  Epoch 14: 
| 3  Horizon | RMSE: 24.914, 23.956; MAE: 15.781, 15.559; MAPE: 11.946, 10.092; Q10: 3.801, 3.682; Q50: 7.891, 7.780; Q90: 3.762, 3.711;
| 6  Horizon | RMSE: 27.289, 26.368; MAE: 17.108, 16.902; MAPE: 13.439, 11.075; Q10: 4.176, 4.046; Q50: 8.554, 8.451; Q90: 4.105, 4.068;
| 12 Horizon | RMSE: 30.985, 29.793; MAE: 19.464, 19.272; MAPE: 16.002, 12.542; Q10: 4.625, 4.458; Q50: 9.732, 9.636; Q90: 4.878, 4.857;
epoch 14 time used: 104  seconds  train loss: 14.88 val loss: 5.623957 test loss: 5.544113
In spatial CL model  Epoch 15: 
| 3  Horizon | RMSE: 24.986, 24.017; MAE: 15.906, 15.681; MAPE: 12.103, 10.510; Q10: 3.857, 3.760; Q50: 7.953, 7.841; Q90: 3.708, 3.617;
| 6  Horizon | RMSE: 27.127, 26.156; MAE: 17.126, 16.978; MAPE: 13.243, 11.416; Q10: 4.137, 4.078; Q50: 8.563, 8.489; Q90: 4.059, 3.972;
| 12 Horizon | RMSE: 31.119, 29.957; MAE: 19.814, 19.682; MAPE: 15.413, 13.060; Q10: 4.672, 4.612; Q50: 9.907, 9.841; Q90: 4.896, 4.775;
In quantile CL model  Epoch 15: 
| 3  Horizon | RMSE: 25.531, 24.137; MAE: 15.957, 15.593; MAPE: 12.430, 10.328; Q10: 3.799, 3.690; Q50: 7.978, 7.797; Q90: 3.846, 3.698;
| 6  Horizon | RMSE: 27.848, 26.499; MAE: 17.202, 16.961; MAPE: 14.191, 11.250; Q10: 4.110, 4.023; Q50: 8.601, 8.480; Q90: 4.162, 4.037;
| 12 Horizon | RMSE: 31.470, 30.124; MAE: 19.394, 19.414; MAPE: 17.284, 12.839; Q10: 4.660, 4.546; Q50: 9.697, 9.707; Q90: 4.794, 4.773;
In temporal CL model  Epoch 15: 
| 3  Horizon | RMSE: 25.012, 23.931; MAE: 15.853, 15.515; MAPE: 11.991, 10.063; Q10: 3.797, 3.666; Q50: 7.926, 7.757; Q90: 3.752, 3.670;
| 6  Horizon | RMSE: 27.465, 26.376; MAE: 17.281, 16.928; MAPE: 13.721, 11.166; Q10: 4.146, 4.009; Q50: 8.640, 8.464; Q90: 4.100, 4.029;
| 12 Horizon | RMSE: 31.085, 29.646; MAE: 19.567, 19.204; MAPE: 16.379, 12.685; Q10: 4.704, 4.521; Q50: 9.784, 9.602; Q90: 4.795, 4.677;
epoch 15 time used: 103  seconds  train loss: 14.727 val loss: 5.637478 test loss: 5.505867
In spatial CL model  Epoch 16: 
| 3  Horizon | RMSE: 24.712, 23.913; MAE: 15.697, 15.608; MAPE: 11.768, 10.229; Q10: 3.772, 3.701; Q50: 7.849, 7.804; Q90: 3.701, 3.661;
| 6  Horizon | RMSE: 27.092, 26.304; MAE: 17.146, 17.096; MAPE: 12.587, 10.761; Q10: 4.059, 4.001; Q50: 8.573, 8.548; Q90: 4.110, 4.090;
| 12 Horizon | RMSE: 31.278, 30.236; MAE: 19.999, 19.832; MAPE: 14.749, 12.273; Q10: 4.614, 4.523; Q50: 10.000, 9.916; Q90: 5.090, 5.037;
In quantile CL model  Epoch 16: 
| 3  Horizon | RMSE: 25.477, 24.153; MAE: 15.862, 15.545; MAPE: 12.358, 9.948; Q10: 3.739, 3.625; Q50: 7.931, 7.772; Q90: 3.845, 3.734;
| 6  Horizon | RMSE: 27.956, 26.761; MAE: 17.327, 17.115; MAPE: 13.961, 10.576; Q10: 4.061, 3.944; Q50: 8.663, 8.558; Q90: 4.205, 4.139;
| 12 Horizon | RMSE: 31.664, 30.458; MAE: 19.617, 19.559; MAPE: 16.949, 11.996; Q10: 4.623, 4.462; Q50: 9.808, 9.779; Q90: 4.916, 4.999;
In temporal CL model  Epoch 16: 
| 3  Horizon | RMSE: 24.735, 23.891; MAE: 15.608, 15.467; MAPE: 11.612, 9.735; Q10: 3.688, 3.603; Q50: 7.804, 7.734; Q90: 3.736, 3.728;
| 6  Horizon | RMSE: 27.161, 26.397; MAE: 17.028, 16.919; MAPE: 12.846, 10.434; Q10: 4.014, 3.919; Q50: 8.514, 8.460; Q90: 4.164, 4.180;
| 12 Horizon | RMSE: 30.973, 29.777; MAE: 19.548, 19.305; MAPE: 15.506, 11.902; Q10: 4.595, 4.433; Q50: 9.774, 9.653; Q90: 4.916, 4.896;
epoch 16 time used: 102  seconds  train loss: 14.695 val loss: 5.574718 test loss: 5.514598
In spatial CL model  Epoch 17: 
| 3  Horizon | RMSE: 24.748, 23.898; MAE: 15.664, 15.458; MAPE: 11.648, 10.033; Q10: 3.763, 3.670; Q50: 7.832, 7.729; Q90: 3.688, 3.607;
| 6  Horizon | RMSE: 27.014, 26.233; MAE: 16.996, 16.925; MAPE: 12.802, 11.020; Q10: 4.087, 4.063; Q50: 8.498, 8.463; Q90: 4.057, 4.000;
| 12 Horizon | RMSE: 30.900, 30.087; MAE: 19.655, 19.687; MAPE: 15.325, 13.166; Q10: 4.632, 4.610; Q50: 9.828, 9.844; Q90: 4.880, 4.828;
In quantile CL model  Epoch 17: 
| 3  Horizon | RMSE: 25.634, 24.300; MAE: 15.991, 15.713; MAPE: 12.871, 10.557; Q10: 3.795, 3.696; Q50: 7.995, 7.856; Q90: 3.864, 3.742;
| 6  Horizon | RMSE: 27.865, 26.724; MAE: 17.138, 17.114; MAPE: 14.557, 11.301; Q10: 4.130, 4.109; Q50: 8.569, 8.557; Q90: 4.180, 4.111;
| 12 Horizon | RMSE: 31.448, 30.596; MAE: 19.381, 19.761; MAPE: 17.501, 12.917; Q10: 4.628, 4.604; Q50: 9.691, 9.880; Q90: 4.852, 4.959;
In temporal CL model  Epoch 17: 
| 3  Horizon | RMSE: 24.960, 23.945; MAE: 15.807, 15.529; MAPE: 12.288, 10.241; Q10: 3.762, 3.646; Q50: 7.904, 7.764; Q90: 3.732, 3.671;
| 6  Horizon | RMSE: 27.274, 26.360; MAE: 17.010, 16.820; MAPE: 13.507, 10.925; Q10: 4.132, 4.027; Q50: 8.505, 8.410; Q90: 4.071, 4.017;
| 12 Horizon | RMSE: 30.827, 29.717; MAE: 19.308, 19.140; MAPE: 16.149, 12.481; Q10: 4.675, 4.537; Q50: 9.654, 9.570; Q90: 4.720, 4.673;
epoch 17 time used: 103  seconds  train loss: 14.655 val loss: 5.594561 test loss: 5.505658
In spatial CL model  Epoch 18: 
| 3  Horizon | RMSE: 24.784, 23.977; MAE: 15.735, 15.555; MAPE: 11.735, 10.144; Q10: 3.785, 3.711; Q50: 7.868, 7.777; Q90: 3.691, 3.622;
| 6  Horizon | RMSE: 27.043, 26.334; MAE: 17.080, 17.065; MAPE: 13.136, 11.414; Q10: 4.120, 4.116; Q50: 8.540, 8.533; Q90: 4.047, 3.985;
| 12 Horizon | RMSE: 30.899, 30.203; MAE: 19.801, 19.914; MAPE: 15.769, 13.659; Q10: 4.702, 4.715; Q50: 9.900, 9.957; Q90: 4.768, 4.715;
In quantile CL model  Epoch 18: 
| 3  Horizon | RMSE: 25.590, 24.250; MAE: 15.922, 15.564; MAPE: 12.561, 9.942; Q10: 3.728, 3.630; Q50: 7.961, 7.782; Q90: 3.895, 3.772;
| 6  Horizon | RMSE: 27.796, 26.645; MAE: 17.021, 16.979; MAPE: 14.317, 10.961; Q10: 4.046, 3.981; Q50: 8.510, 8.490; Q90: 4.188, 4.131;
| 12 Horizon | RMSE: 31.545, 30.597; MAE: 19.400, 19.820; MAPE: 17.525, 12.731; Q10: 4.615, 4.557; Q50: 9.700, 9.910; Q90: 4.878, 4.986;
In temporal CL model  Epoch 18: 
| 3  Horizon | RMSE: 24.827, 23.881; MAE: 15.638, 15.383; MAPE: 11.671, 9.757; Q10: 3.708, 3.620; Q50: 7.819, 7.692; Q90: 3.738, 3.698;
| 6  Horizon | RMSE: 27.142, 26.218; MAE: 16.847, 16.634; MAPE: 13.086, 10.641; Q10: 4.056, 3.955; Q50: 8.423, 8.317; Q90: 4.059, 4.029;
| 12 Horizon | RMSE: 30.755, 29.579; MAE: 19.184, 19.024; MAPE: 15.740, 12.154; Q10: 4.623, 4.483; Q50: 9.592, 9.512; Q90: 4.738, 4.697;
epoch 18 time used: 103  seconds  train loss: 14.62 val loss: 5.547268 test loss: 5.475171
In spatial CL model  Epoch 19: 
| 3  Horizon | RMSE: 24.722, 23.839; MAE: 15.702, 15.436; MAPE: 11.586, 9.870; Q10: 3.752, 3.644; Q50: 7.851, 7.718; Q90: 3.700, 3.624;
| 6  Horizon | RMSE: 26.943, 26.089; MAE: 16.962, 16.832; MAPE: 12.760, 10.902; Q10: 4.067, 4.015; Q50: 8.481, 8.416; Q90: 4.066, 3.983;
| 12 Horizon | RMSE: 30.764, 29.835; MAE: 19.566, 19.498; MAPE: 15.146, 12.844; Q10: 4.648, 4.588; Q50: 9.783, 9.749; Q90: 4.871, 4.799;
In quantile CL model  Epoch 19: 
| 3  Horizon | RMSE: 25.564, 24.235; MAE: 15.920, 15.557; MAPE: 12.774, 10.138; Q10: 3.741, 3.644; Q50: 7.960, 7.778; Q90: 3.861, 3.743;
| 6  Horizon | RMSE: 27.913, 26.630; MAE: 17.137, 16.920; MAPE: 14.478, 10.944; Q10: 4.076, 4.007; Q50: 8.568, 8.460; Q90: 4.225, 4.117;
| 12 Horizon | RMSE: 31.670, 30.361; MAE: 19.374, 19.387; MAPE: 17.624, 12.610; Q10: 4.663, 4.539; Q50: 9.687, 9.693; Q90: 4.885, 4.917;
***************************
***************************
quantile CL model  Early stopping at epoch: 19
***************************
***************************
In temporal CL model  Epoch 19: 
| 3  Horizon | RMSE: 24.894, 23.896; MAE: 15.822, 15.503; MAPE: 11.835, 9.775; Q10: 3.730, 3.615; Q50: 7.911, 7.752; Q90: 3.763, 3.701;
| 6  Horizon | RMSE: 27.187, 26.181; MAE: 17.037, 16.733; MAPE: 13.146, 10.533; Q10: 4.075, 3.936; Q50: 8.519, 8.366; Q90: 4.152, 4.082;
| 12 Horizon | RMSE: 30.593, 29.222; MAE: 19.213, 18.813; MAPE: 15.697, 11.887; Q10: 4.639, 4.435; Q50: 9.606, 9.407; Q90: 4.705, 4.621;
epoch 19 time used: 103  seconds  train loss: 14.588 val loss: 5.589672 test loss: 5.465203
In spatial CL model  Epoch 20: 
| 3  Horizon | RMSE: 24.760, 23.985; MAE: 15.749, 15.659; MAPE: 11.733, 10.130; Q10: 3.773, 3.700; Q50: 7.874, 7.829; Q90: 3.721, 3.681;
| 6  Horizon | RMSE: 27.160, 26.410; MAE: 17.172, 17.189; MAPE: 12.834, 11.023; Q10: 4.070, 4.028; Q50: 8.586, 8.595; Q90: 4.100, 4.077;
| 12 Horizon | RMSE: 31.172, 30.290; MAE: 19.899, 19.892; MAPE: 15.152, 12.848; Q10: 4.637, 4.594; Q50: 9.950, 9.946; Q90: 5.119, 5.088;
***************************
***************************
spatial CL model  Early stopping at epoch: 20
***************************
***************************
In quantile CL model  Epoch 20: 
| 3  Horizon | RMSE: 25.570, 24.235; MAE: 15.922, 15.557; MAPE: 12.778, 10.138; Q10: 3.742, 3.644; Q50: 7.961, 7.778; Q90: 3.861, 3.743;
| 6  Horizon | RMSE: 27.924, 26.630; MAE: 17.141, 16.920; MAPE: 14.487, 10.944; Q10: 4.078, 4.007; Q50: 8.570, 8.460; Q90: 4.226, 4.117;
| 12 Horizon | RMSE: 31.670, 30.361; MAE: 19.372, 19.387; MAPE: 17.638, 12.610; Q10: 4.664, 4.539; Q50: 9.686, 9.693; Q90: 4.885, 4.917;
In temporal CL model  Epoch 20: 
| 3  Horizon | RMSE: 24.745, 23.859; MAE: 15.659, 15.434; MAPE: 11.749, 9.761; Q10: 3.711, 3.602; Q50: 7.829, 7.717; Q90: 3.754, 3.721;
| 6  Horizon | RMSE: 27.068, 26.256; MAE: 16.891, 16.730; MAPE: 13.020, 10.504; Q10: 4.040, 3.914; Q50: 8.446, 8.365; Q90: 4.073, 4.059;
| 12 Horizon | RMSE: 30.506, 29.322; MAE: 19.049, 18.824; MAPE: 15.678, 11.979; Q10: 4.601, 4.416; Q50: 9.525, 9.412; Q90: 4.840, 4.829;
epoch 20 time used: 73  seconds  train loss: 14.517 val loss: 5.550241 test loss: 5.470505
In spatial CL model  Epoch 21: 
| 3  Horizon | RMSE: 24.754, 23.985; MAE: 15.744, 15.659; MAPE: 11.730, 10.130; Q10: 3.772, 3.700; Q50: 7.872, 7.829; Q90: 3.720, 3.681;
| 6  Horizon | RMSE: 27.151, 26.410; MAE: 17.167, 17.189; MAPE: 12.835, 11.023; Q10: 4.069, 4.028; Q50: 8.583, 8.595; Q90: 4.098, 4.077;
| 12 Horizon | RMSE: 31.167, 30.290; MAE: 19.895, 19.892; MAPE: 15.164, 12.848; Q10: 4.637, 4.594; Q50: 9.948, 9.946; Q90: 5.118, 5.088;
In quantile CL model  Epoch 21: 
| 3  Horizon | RMSE: 25.550, 24.235; MAE: 15.911, 15.557; MAPE: 12.767, 10.138; Q10: 3.740, 3.644; Q50: 7.956, 7.778; Q90: 3.859, 3.743;
| 6  Horizon | RMSE: 27.899, 26.630; MAE: 17.126, 16.920; MAPE: 14.476, 10.944; Q10: 4.074, 4.007; Q50: 8.563, 8.460; Q90: 4.223, 4.117;
| 12 Horizon | RMSE: 31.652, 30.361; MAE: 19.363, 19.387; MAPE: 17.621, 12.610; Q10: 4.662, 4.539; Q50: 9.682, 9.693; Q90: 4.880, 4.917;
In temporal CL model  Epoch 21: 
| 3  Horizon | RMSE: 24.820, 23.895; MAE: 15.622, 15.429; MAPE: 11.824, 9.823; Q10: 3.708, 3.608; Q50: 7.811, 7.715; Q90: 3.734, 3.703;
| 6  Horizon | RMSE: 27.170, 26.238; MAE: 16.912, 16.786; MAPE: 13.404, 10.860; Q10: 4.070, 3.954; Q50: 8.456, 8.393; Q90: 4.127, 4.129;
| 12 Horizon | RMSE: 30.750, 29.447; MAE: 19.221, 19.022; MAPE: 15.804, 12.069; Q10: 4.613, 4.453; Q50: 9.610, 9.511; Q90: 4.855, 4.848;
epoch 21 time used: 44  seconds  train loss: 14.406 val loss: 5.568372 test loss: 5.494812
In spatial CL model  Epoch 22: 
| 3  Horizon | RMSE: 24.748, 23.985; MAE: 15.738, 15.659; MAPE: 11.722, 10.130; Q10: 3.770, 3.700; Q50: 7.869, 7.829; Q90: 3.719, 3.681;
| 6  Horizon | RMSE: 27.141, 26.410; MAE: 17.159, 17.189; MAPE: 12.825, 11.023; Q10: 4.066, 4.028; Q50: 8.580, 8.595; Q90: 4.097, 4.077;
| 12 Horizon | RMSE: 31.151, 30.290; MAE: 19.884, 19.892; MAPE: 15.146, 12.848; Q10: 4.632, 4.594; Q50: 9.942, 9.946; Q90: 5.116, 5.088;
In quantile CL model  Epoch 22: 
| 3  Horizon | RMSE: 25.557, 24.235; MAE: 15.915, 15.557; MAPE: 12.773, 10.138; Q10: 3.741, 3.644; Q50: 7.958, 7.778; Q90: 3.860, 3.743;
| 6  Horizon | RMSE: 27.913, 26.630; MAE: 17.135, 16.920; MAPE: 14.488, 10.944; Q10: 4.076, 4.007; Q50: 8.568, 8.460; Q90: 4.226, 4.117;
| 12 Horizon | RMSE: 31.667, 30.361; MAE: 19.369, 19.387; MAPE: 17.640, 12.610; Q10: 4.664, 4.539; Q50: 9.685, 9.693; Q90: 4.883, 4.917;
In temporal CL model  Epoch 22: 
| 3  Horizon | RMSE: 24.908, 23.961; MAE: 15.675, 15.453; MAPE: 11.826, 9.847; Q10: 3.743, 3.628; Q50: 7.837, 7.727; Q90: 3.766, 3.743;
| 6  Horizon | RMSE: 27.385, 26.386; MAE: 16.977, 16.779; MAPE: 13.310, 10.779; Q10: 4.141, 4.009; Q50: 8.489, 8.389; Q90: 4.116, 4.097;
| 12 Horizon | RMSE: 30.918, 29.607; MAE: 19.277, 19.084; MAPE: 16.116, 12.420; Q10: 4.729, 4.570; Q50: 9.639, 9.542; Q90: 4.758, 4.712;
epoch 22 time used: 43  seconds  train loss: 14.374 val loss: 5.598847 test loss: 5.513509
In spatial CL model  Epoch 23: 
| 3  Horizon | RMSE: 24.712, 23.985; MAE: 15.730, 15.659; MAPE: 11.736, 10.130; Q10: 3.769, 3.700; Q50: 7.865, 7.829; Q90: 3.712, 3.681;
| 6  Horizon | RMSE: 27.148, 26.410; MAE: 17.162, 17.189; MAPE: 12.842, 11.023; Q10: 4.068, 4.028; Q50: 8.581, 8.595; Q90: 4.097, 4.077;
| 12 Horizon | RMSE: 31.161, 30.290; MAE: 19.890, 19.892; MAPE: 15.170, 12.848; Q10: 4.635, 4.594; Q50: 9.945, 9.946; Q90: 5.116, 5.088;
In quantile CL model  Epoch 23: 
| 3  Horizon | RMSE: 25.569, 24.235; MAE: 15.922, 15.557; MAPE: 12.762, 10.138; Q10: 3.742, 3.644; Q50: 7.961, 7.778; Q90: 3.861, 3.743;
| 6  Horizon | RMSE: 27.916, 26.630; MAE: 17.138, 16.920; MAPE: 14.479, 10.944; Q10: 4.077, 4.007; Q50: 8.569, 8.460; Q90: 4.226, 4.117;
| 12 Horizon | RMSE: 31.662, 30.361; MAE: 19.370, 19.387; MAPE: 17.618, 12.610; Q10: 4.663, 4.539; Q50: 9.685, 9.693; Q90: 4.884, 4.917;
In temporal CL model  Epoch 23: 
| 3  Horizon | RMSE: 24.840, 23.869; MAE: 15.630, 15.406; MAPE: 11.924, 9.931; Q10: 3.742, 3.634; Q50: 7.815, 7.703; Q90: 3.718, 3.676;
| 6  Horizon | RMSE: 27.223, 26.227; MAE: 16.890, 16.662; MAPE: 13.151, 10.578; Q10: 4.087, 3.958; Q50: 8.445, 8.331; Q90: 4.076, 4.048;
| 12 Horizon | RMSE: 30.695, 29.329; MAE: 19.080, 18.803; MAPE: 15.780, 12.022; Q10: 4.649, 4.481; Q50: 9.540, 9.402; Q90: 4.708, 4.660;
epoch 23 time used: 42  seconds  train loss: 14.363 val loss: 5.552146 test loss: 5.457027
In spatial CL model  Epoch 24: 
| 3  Horizon | RMSE: 24.747, 23.985; MAE: 15.739, 15.659; MAPE: 11.729, 10.130; Q10: 3.771, 3.700; Q50: 7.870, 7.829; Q90: 3.719, 3.681;
| 6  Horizon | RMSE: 27.144, 26.410; MAE: 17.163, 17.189; MAPE: 12.835, 11.023; Q10: 4.068, 4.028; Q50: 8.581, 8.595; Q90: 4.098, 4.077;
| 12 Horizon | RMSE: 31.162, 30.290; MAE: 19.890, 19.892; MAPE: 15.158, 12.848; Q10: 4.636, 4.594; Q50: 9.945, 9.946; Q90: 5.116, 5.088;
In quantile CL model  Epoch 24: 
| 3  Horizon | RMSE: 25.573, 24.235; MAE: 15.923, 15.557; MAPE: 12.771, 10.138; Q10: 3.743, 3.644; Q50: 7.962, 7.778; Q90: 3.861, 3.743;
| 6  Horizon | RMSE: 27.923, 26.630; MAE: 17.139, 16.920; MAPE: 14.460, 10.944; Q10: 4.078, 4.007; Q50: 8.569, 8.460; Q90: 4.226, 4.117;
| 12 Horizon | RMSE: 31.671, 30.361; MAE: 19.374, 19.387; MAPE: 17.606, 12.610; Q10: 4.663, 4.539; Q50: 9.687, 9.693; Q90: 4.886, 4.917;
In temporal CL model  Epoch 24: 
| 3  Horizon | RMSE: 24.953, 23.965; MAE: 15.751, 15.533; MAPE: 12.313, 10.318; Q10: 3.798, 3.693; Q50: 7.875, 7.767; Q90: 3.715, 3.674;
| 6  Horizon | RMSE: 27.199, 26.304; MAE: 16.917, 16.806; MAPE: 13.457, 10.941; Q10: 4.125, 4.022; Q50: 8.459, 8.403; Q90: 4.084, 4.066;
| 12 Horizon | RMSE: 30.782, 29.516; MAE: 19.222, 19.079; MAPE: 16.205, 12.533; Q10: 4.651, 4.498; Q50: 9.611, 9.539; Q90: 4.768, 4.749;
epoch 24 time used: 44  seconds  train loss: 14.338 val loss: 5.584356 test loss: 5.515484
In spatial CL model  Epoch 25: 
| 3  Horizon | RMSE: 24.741, 23.985; MAE: 15.736, 15.659; MAPE: 11.736, 10.130; Q10: 3.770, 3.700; Q50: 7.868, 7.829; Q90: 3.718, 3.681;
| 6  Horizon | RMSE: 27.143, 26.410; MAE: 17.161, 17.189; MAPE: 12.839, 11.023; Q10: 4.067, 4.028; Q50: 8.581, 8.595; Q90: 4.098, 4.077;
| 12 Horizon | RMSE: 31.156, 30.290; MAE: 19.887, 19.892; MAPE: 15.167, 12.848; Q10: 4.635, 4.594; Q50: 9.943, 9.946; Q90: 5.116, 5.088;
In quantile CL model  Epoch 25: 
| 3  Horizon | RMSE: 25.568, 24.235; MAE: 15.922, 15.557; MAPE: 12.775, 10.138; Q10: 3.742, 3.644; Q50: 7.961, 7.778; Q90: 3.861, 3.743;
| 6  Horizon | RMSE: 27.919, 26.630; MAE: 17.140, 16.920; MAPE: 14.480, 10.944; Q10: 4.078, 4.007; Q50: 8.570, 8.460; Q90: 4.226, 4.117;
| 12 Horizon | RMSE: 31.668, 30.361; MAE: 19.374, 19.387; MAPE: 17.627, 12.610; Q10: 4.664, 4.539; Q50: 9.687, 9.693; Q90: 4.884, 4.917;
In temporal CL model  Epoch 25: 
| 3  Horizon | RMSE: 24.846, 23.919; MAE: 15.640, 15.435; MAPE: 11.924, 9.858; Q10: 3.723, 3.619; Q50: 7.820, 7.717; Q90: 3.733, 3.712;
| 6  Horizon | RMSE: 27.198, 26.240; MAE: 16.879, 16.703; MAPE: 13.230, 10.617; Q10: 4.095, 3.963; Q50: 8.439, 8.352; Q90: 4.129, 4.140;
| 12 Horizon | RMSE: 30.709, 29.376; MAE: 19.125, 18.885; MAPE: 15.829, 11.999; Q10: 4.660, 4.474; Q50: 9.563, 9.442; Q90: 4.844, 4.839;
epoch 25 time used: 42  seconds  train loss: 14.277 val loss: 5.574583 test loss: 5.497188
In spatial CL model  Epoch 26: 
| 3  Horizon | RMSE: 24.749, 23.985; MAE: 15.739, 15.659; MAPE: 11.735, 10.130; Q10: 3.771, 3.700; Q50: 7.870, 7.829; Q90: 3.719, 3.681;
| 6  Horizon | RMSE: 27.152, 26.410; MAE: 17.166, 17.189; MAPE: 12.840, 11.023; Q10: 4.068, 4.028; Q50: 8.583, 8.595; Q90: 4.099, 4.077;
| 12 Horizon | RMSE: 31.164, 30.290; MAE: 19.891, 19.892; MAPE: 15.166, 12.848; Q10: 4.636, 4.594; Q50: 9.946, 9.946; Q90: 5.118, 5.088;
In quantile CL model  Epoch 26: 
| 3  Horizon | RMSE: 25.565, 24.235; MAE: 15.920, 15.557; MAPE: 12.777, 10.138; Q10: 3.742, 3.644; Q50: 7.960, 7.778; Q90: 3.860, 3.743;
| 6  Horizon | RMSE: 27.903, 26.630; MAE: 17.135, 16.920; MAPE: 14.480, 10.944; Q10: 4.076, 4.007; Q50: 8.567, 8.460; Q90: 4.224, 4.117;
| 12 Horizon | RMSE: 31.648, 30.361; MAE: 19.365, 19.387; MAPE: 17.619, 12.610; Q10: 4.663, 4.539; Q50: 9.683, 9.693; Q90: 4.881, 4.917;
In temporal CL model  Epoch 26: 
| 3  Horizon | RMSE: 24.766, 23.933; MAE: 15.606, 15.491; MAPE: 12.061, 10.087; Q10: 3.735, 3.645; Q50: 7.803, 7.746; Q90: 3.718, 3.707;
| 6  Horizon | RMSE: 27.135, 26.278; MAE: 16.840, 16.756; MAPE: 13.255, 10.753; Q10: 4.102, 3.988; Q50: 8.420, 8.378; Q90: 4.095, 4.113;
| 12 Horizon | RMSE: 30.602, 29.336; MAE: 19.079, 18.918; MAPE: 15.971, 12.316; Q10: 4.726, 4.562; Q50: 9.540, 9.459; Q90: 4.691, 4.675;
epoch 26 time used: 44  seconds  train loss: 14.263 val loss: 5.558677 test loss: 5.50365
In spatial CL model  Epoch 27: 
| 3  Horizon | RMSE: 24.749, 23.985; MAE: 15.743, 15.659; MAPE: 11.732, 10.130; Q10: 3.772, 3.700; Q50: 7.871, 7.829; Q90: 3.719, 3.681;
| 6  Horizon | RMSE: 27.149, 26.410; MAE: 17.166, 17.189; MAPE: 12.834, 11.023; Q10: 4.069, 4.028; Q50: 8.583, 8.595; Q90: 4.098, 4.077;
| 12 Horizon | RMSE: 31.161, 30.290; MAE: 19.892, 19.892; MAPE: 15.157, 12.848; Q10: 4.636, 4.594; Q50: 9.946, 9.946; Q90: 5.116, 5.088;
In quantile CL model  Epoch 27: 
| 3  Horizon | RMSE: 25.561, 24.235; MAE: 15.918, 15.557; MAPE: 12.761, 10.138; Q10: 3.741, 3.644; Q50: 7.959, 7.778; Q90: 3.860, 3.743;
| 6  Horizon | RMSE: 27.904, 26.630; MAE: 17.132, 16.920; MAPE: 14.468, 10.944; Q10: 4.075, 4.007; Q50: 8.566, 8.460; Q90: 4.225, 4.117;
| 12 Horizon | RMSE: 31.655, 30.361; MAE: 19.369, 19.387; MAPE: 17.640, 12.610; Q10: 4.664, 4.539; Q50: 9.685, 9.693; Q90: 4.882, 4.917;
In temporal CL model  Epoch 27: 
| 3  Horizon | RMSE: 24.830, 23.944; MAE: 15.585, 15.456; MAPE: 12.011, 9.957; Q10: 3.727, 3.630; Q50: 7.793, 7.728; Q90: 3.738, 3.727;
| 6  Horizon | RMSE: 27.261, 26.340; MAE: 16.860, 16.786; MAPE: 13.349, 10.762; Q10: 4.132, 4.009; Q50: 8.430, 8.393; Q90: 4.117, 4.134;
| 12 Horizon | RMSE: 30.856, 29.521; MAE: 19.172, 19.060; MAPE: 16.210, 12.474; Q10: 4.768, 4.612; Q50: 9.586, 9.530; Q90: 4.738, 4.720;
epoch 27 time used: 43  seconds  train loss: 14.25 val loss: 5.5794 test loss: 5.523306
In spatial CL model  Epoch 28: 
| 3  Horizon | RMSE: 24.759, 23.985; MAE: 15.748, 15.659; MAPE: 11.731, 10.130; Q10: 3.773, 3.700; Q50: 7.874, 7.829; Q90: 3.721, 3.681;
| 6  Horizon | RMSE: 27.159, 26.410; MAE: 17.173, 17.189; MAPE: 12.836, 11.023; Q10: 4.071, 4.028; Q50: 8.586, 8.595; Q90: 4.101, 4.077;
| 12 Horizon | RMSE: 31.168, 30.290; MAE: 19.901, 19.892; MAPE: 15.162, 12.848; Q10: 4.638, 4.594; Q50: 9.950, 9.946; Q90: 5.119, 5.088;
In quantile CL model  Epoch 28: 
| 3  Horizon | RMSE: 25.558, 24.235; MAE: 15.916, 15.557; MAPE: 12.783, 10.138; Q10: 3.740, 3.644; Q50: 7.958, 7.778; Q90: 3.860, 3.743;
| 6  Horizon | RMSE: 27.896, 26.630; MAE: 17.129, 16.920; MAPE: 14.492, 10.944; Q10: 4.074, 4.007; Q50: 8.565, 8.460; Q90: 4.224, 4.117;
| 12 Horizon | RMSE: 31.654, 30.361; MAE: 19.364, 19.387; MAPE: 17.645, 12.610; Q10: 4.662, 4.539; Q50: 9.682, 9.693; Q90: 4.881, 4.917;
In temporal CL model  Epoch 28: 
| 3  Horizon | RMSE: 24.859, 23.909; MAE: 15.608, 15.397; MAPE: 11.962, 9.879; Q10: 3.756, 3.630; Q50: 7.804, 7.699; Q90: 3.722, 3.693;
| 6  Horizon | RMSE: 27.238, 26.276; MAE: 16.859, 16.722; MAPE: 13.417, 10.796; Q10: 4.122, 3.986; Q50: 8.430, 8.361; Q90: 4.102, 4.108;
| 12 Horizon | RMSE: 30.744, 29.454; MAE: 19.082, 18.943; MAPE: 15.987, 12.212; Q10: 4.677, 4.496; Q50: 9.541, 9.472; Q90: 4.793, 4.815;
***************************
***************************
temporal CL model  Early stopping at epoch: 28
***************************
***************************
epoch 28 time used: 43  seconds  train loss: 14.232 val loss: 5.564764 test loss: 5.492156
***************************
***************************
stacking start: 
***************************
***************************
In Stacking model  Epoch 0: 
| 3  Horizon | RMSE: 24.367, 23.423; MAE: 15.348, 15.115; MAPE: 11.181, 9.758; Q10: 3.665, 3.558; Q50: 7.674, 7.558; Q90: 3.657, 3.584;
| 6  Horizon | RMSE: 26.427, 25.589; MAE: 16.482, 16.352; MAPE: 12.460, 10.666; Q10: 3.971, 3.875; Q50: 8.241, 8.176; Q90: 3.949, 3.911;
| 12 Horizon | RMSE: 29.730, 28.881; MAE: 18.659, 18.676; MAPE: 14.877, 12.237; Q10: 4.467, 4.356; Q50: 9.329, 9.338; Q90: 4.560, 4.590;
----------val loss is :  5.414806 ----------test loss is :  5.357576
In Stacking model  Epoch 1: 
| 3  Horizon | RMSE: 24.442, 23.568; MAE: 15.379, 15.221; MAPE: 11.321, 9.758; Q10: 3.651, 3.554; Q50: 7.690, 7.610; Q90: 3.649, 3.588;
| 6  Horizon | RMSE: 26.589, 25.784; MAE: 16.537, 16.449; MAPE: 12.724, 10.656; Q10: 3.963, 3.872; Q50: 8.269, 8.224; Q90: 3.951, 3.915;
| 12 Horizon | RMSE: 30.057, 29.117; MAE: 18.804, 18.778; MAPE: 15.158, 12.039; Q10: 4.474, 4.362; Q50: 9.402, 9.389; Q90: 4.568, 4.579;
----------val loss is :  5.423805 ----------test loss is :  5.374936
In Stacking model  Epoch 2: 
| 3  Horizon | RMSE: 24.551, 23.554; MAE: 15.478, 15.168; MAPE: 11.428, 9.709; Q10: 3.674, 3.579; Q50: 7.739, 7.584; Q90: 3.661, 3.583;
| 6  Horizon | RMSE: 26.700, 25.780; MAE: 16.620, 16.389; MAPE: 12.821, 10.584; Q10: 3.989, 3.903; Q50: 8.310, 8.194; Q90: 3.949, 3.899;
| 12 Horizon | RMSE: 30.024, 28.979; MAE: 18.730, 18.595; MAPE: 15.254, 11.946; Q10: 4.498, 4.394; Q50: 9.365, 9.298; Q90: 4.562, 4.551;
----------val loss is :  5.43915 ----------test loss is :  5.363983
In Stacking model  Epoch 3: 
| 3  Horizon | RMSE: 24.524, 23.705; MAE: 15.485, 15.422; MAPE: 11.738, 10.121; Q10: 3.658, 3.568; Q50: 7.742, 7.711; Q90: 3.686, 3.673;
| 6  Horizon | RMSE: 26.702, 25.935; MAE: 16.679, 16.666; MAPE: 13.185, 11.025; Q10: 3.976, 3.890; Q50: 8.339, 8.333; Q90: 4.013, 4.016;
| 12 Horizon | RMSE: 30.231, 29.304; MAE: 18.968, 19.021; MAPE: 15.610, 12.405; Q10: 4.492, 4.387; Q50: 9.484, 9.511; Q90: 4.660, 4.700;
----------val loss is :  5.477245 ----------test loss is :  5.457068
In Stacking model  Epoch 4: 
| 3  Horizon | RMSE: 24.479, 23.560; MAE: 15.408, 15.214; MAPE: 11.524, 9.827; Q10: 3.665, 3.604; Q50: 7.704, 7.607; Q90: 3.655, 3.613;
| 6  Horizon | RMSE: 26.646, 25.791; MAE: 16.576, 16.446; MAPE: 12.937, 10.706; Q10: 3.983, 3.929; Q50: 8.288, 8.223; Q90: 3.979, 3.954;
| 12 Horizon | RMSE: 30.079, 29.084; MAE: 18.787, 18.741; MAPE: 15.390, 12.101; Q10: 4.521, 4.439; Q50: 9.393, 9.371; Q90: 4.589, 4.601;
----------val loss is :  5.446114 ----------test loss is :  5.406787
In Stacking model  Epoch 5: 
| 3  Horizon | RMSE: 24.465, 23.568; MAE: 15.397, 15.224; MAPE: 11.470, 9.759; Q10: 3.655, 3.582; Q50: 7.698, 7.612; Q90: 3.659, 3.579;
| 6  Horizon | RMSE: 26.628, 25.788; MAE: 16.554, 16.442; MAPE: 12.851, 10.616; Q10: 3.975, 3.908; Q50: 8.277, 8.221; Q90: 3.951, 3.897;
| 12 Horizon | RMSE: 30.116, 29.130; MAE: 18.827, 18.785; MAPE: 15.336, 12.039; Q10: 4.511, 4.416; Q50: 9.413, 9.392; Q90: 4.564, 4.547;
----------val loss is :  5.433027 ----------test loss is :  5.382632
In Stacking model  Epoch 6: 
| 3  Horizon | RMSE: 24.451, 23.545; MAE: 15.386, 15.192; MAPE: 11.461, 9.713; Q10: 3.656, 3.550; Q50: 7.693, 7.596; Q90: 3.645, 3.582;
| 6  Horizon | RMSE: 26.613, 25.764; MAE: 16.536, 16.406; MAPE: 12.838, 10.558; Q10: 3.966, 3.863; Q50: 8.268, 8.203; Q90: 3.949, 3.909;
| 12 Horizon | RMSE: 30.079, 29.091; MAE: 18.790, 18.735; MAPE: 15.303, 11.983; Q10: 4.477, 4.350; Q50: 9.395, 9.368; Q90: 4.566, 4.562;
----------val loss is :  5.421023 ----------test loss is :  5.360227
In Stacking model  Epoch 7: 
| 3  Horizon | RMSE: 24.475, 23.524; MAE: 15.403, 15.162; MAPE: 11.489, 9.719; Q10: 3.659, 3.569; Q50: 7.702, 7.581; Q90: 3.652, 3.615;
| 6  Horizon | RMSE: 26.635, 25.747; MAE: 16.558, 16.379; MAPE: 12.864, 10.563; Q10: 3.981, 3.897; Q50: 8.279, 8.189; Q90: 3.968, 3.950;
| 12 Horizon | RMSE: 30.041, 29.024; MAE: 18.745, 18.662; MAPE: 15.332, 11.978; Q10: 4.500, 4.394; Q50: 9.372, 9.331; Q90: 4.604, 4.624;
----------val loss is :  5.435796 ----------test loss is :  5.382632
In Stacking model  Epoch 8: 
| 3  Horizon | RMSE: 24.455, 23.528; MAE: 15.390, 15.172; MAPE: 11.496, 9.738; Q10: 3.663, 3.574; Q50: 7.695, 7.586; Q90: 3.650, 3.608;
| 6  Horizon | RMSE: 26.623, 25.752; MAE: 16.545, 16.389; MAPE: 12.874, 10.578; Q10: 3.988, 3.904; Q50: 8.273, 8.195; Q90: 3.975, 3.950;
| 12 Horizon | RMSE: 30.042, 29.043; MAE: 18.747, 18.686; MAPE: 15.336, 11.998; Q10: 4.503, 4.399; Q50: 9.373, 9.343; Q90: 4.577, 4.588;
----------val loss is :  5.434262 ----------test loss is :  5.38259
In Stacking model  Epoch 9: 
| 3  Horizon | RMSE: 24.524, 23.524; MAE: 15.508, 15.154; MAPE: 11.430, 9.576; Q10: 3.806, 3.793; Q50: 7.754, 7.577; Q90: 3.652, 3.616;
| 6  Horizon | RMSE: 26.666, 25.730; MAE: 16.620, 16.332; MAPE: 12.753, 10.359; Q10: 4.143, 4.139; Q50: 8.310, 8.166; Q90: 3.965, 3.949;
| 12 Horizon | RMSE: 30.028, 28.974; MAE: 18.758, 18.564; MAPE: 15.181, 11.738; Q10: 4.678, 4.644; Q50: 9.379, 9.282; Q90: 4.608, 4.629;
----------val loss is :  5.501718 ----------test loss is :  5.456112
In Stacking model  Epoch 10: 
| 3  Horizon | RMSE: 24.499, 23.510; MAE: 15.439, 15.135; MAPE: 11.459, 9.641; Q10: 3.692, 3.569; Q50: 7.720, 7.567; Q90: 3.644, 3.599;
| 6  Horizon | RMSE: 26.653, 25.729; MAE: 16.575, 16.340; MAPE: 12.806, 10.459; Q10: 4.012, 3.894; Q50: 8.287, 8.170; Q90: 3.961, 3.935;
| 12 Horizon | RMSE: 30.012, 28.976; MAE: 18.718, 18.590; MAPE: 15.262, 11.865; Q10: 4.500, 4.368; Q50: 9.359, 9.295; Q90: 4.577, 4.589;
----------val loss is :  5.437429 ----------test loss is :  5.361402
***************************
***************************
Stack Model Early stopping at epoch: 10
***************************
***************************
Model  stgcn3  Best Results:
Epoch {'spatial CL model': 10, 'quantile CL model': 9, 'temporal CL model': 18}: 
=        =        Horizon  3        =        =        =        =        Horizon  6        =        =        =        =        Horizon  12       =        =       
RMSE     MAE      MAPE     Q10      Q50      Q90      RMSE     MAE      MAPE     Q10      Q50      Q90      RMSE     MAE      MAPE     Q10      Q50      Q90     
23.423   15.115   9.758    3.558    7.558    3.584    25.589   16.352   10.666   3.875    8.176    3.911    28.881   18.676   12.237   4.356    9.338    4.590   
Model Training Ended ... Mon Apr  8 18:27:36 2024
