nohup: ignoring input
pdate shape is:  (17856,)
./save/pems08_stgcn3_in12_out12_addtimeFalse_adjFalse_lr0.001_hc32_train0.6_val0.2_test0.2_seedNone_lossquantile_version2_note:stgcn_stacking_pems08 training started Mon Apr  8 17:42:14 2024
pdate shape is:  (17856,)
data load........
initial data shape is:  (17856, 170, 3)
train_mean shape : (170,)
train  :  (10695, 24, 170, 3)
val  :  (3566, 24, 170, 3)
test  :  (3561, 24, 170, 3)
Model Training Started ... Mon Apr  8 17:42:15 2024
TIMESTEP_IN, TIMESTEP_OUT 12 12
LOSS is : quantile
CL target length = 1
qcl init quantile loss is [0.010000000000000009, 0.5, 0.99]
Quantile cl loss is [0.009999999999999995, 0.5, 0.99]
Temporal CL length = 2
Quantile cl loss is [0.020000000000000004, 0.5, 0.98]
Temporal CL length = 3
Quantile cl loss is [0.03, 0.5, 0.97]
Temporal CL length = 4
Spatial CL target length = 1
Quantile cl loss is [0.04, 0.5, 0.96]
Temporal CL length = 5
Spatial CL target length = 2
In spatial CL model  Epoch 0: 
| 3  Horizon | RMSE: 36.866, 35.256; MAE: 25.726, 25.177; MAPE: 20.367, 18.139; Q10: 5.674, 5.473; Q50: 12.863, 12.588; Q90: 6.862, 6.602;
| 6  Horizon | RMSE: 42.502, 40.714; MAE: 29.502, 28.761; MAPE: 22.304, 19.963; Q10: 6.159, 5.919; Q50: 14.751, 14.381; Q90: 7.888, 7.618;
| 12 Horizon | RMSE: 54.287, 51.914; MAE: 37.849, 36.712; MAPE: 27.196, 24.464; Q10: 7.653, 7.391; Q50: 18.924, 18.356; Q90: 10.012, 9.688;
In quantile CL model  Epoch 0: 
| 3  Horizon | RMSE: 28.739, 27.012; MAE: 18.894, 18.126; MAPE: 14.079, 11.793; Q10: 4.648, 4.436; Q50: 9.447, 9.063; Q90: 4.853, 4.720;
| 6  Horizon | RMSE: 31.519, 29.550; MAE: 20.470, 19.440; MAPE: 15.030, 12.277; Q10: 4.980, 4.751; Q50: 10.235, 9.720; Q90: 5.383, 5.236;
| 12 Horizon | RMSE: 38.100, 35.692; MAE: 24.893, 23.561; MAPE: 17.980, 14.466; Q10: 6.190, 5.892; Q50: 12.446, 11.780; Q90: 6.913, 6.764;
In temporal CL model  Epoch 0: 
| 3  Horizon | RMSE: 27.842, 26.132; MAE: 18.038, 17.211; MAPE: 12.517, 11.007; Q10: 4.204, 3.966; Q50: 9.019, 8.606; Q90: 4.446, 4.203;
| 6  Horizon | RMSE: 113.071, 112.214; MAE: 89.982, 89.503; MAPE: 90.343, 84.788; Q10: 43.878, 44.433; Q50: 44.991, 44.751; Q90: 46.104, 45.070;
| 12 Horizon | RMSE: 112.955, 112.216; MAE: 89.894, 89.511; MAPE: 89.828, 85.004; Q10: 43.653, 44.595; Q50: 44.947, 44.755; Q90: 46.241, 44.916;
epoch 0 time used: 108  seconds  train loss: 19.179 val loss: 28.687813 test loss: 28.44052
Quantile cl loss is [0.05, 0.5, 0.95]
Temporal CL length = 6
Spatial CL target length = 3
Quantile cl loss is [0.06000000000000001, 0.5, 0.94]
Temporal CL length = 7
Spatial CL target length = 4
Quantile cl loss is [0.07, 0.5, 0.9299999999999999]
Temporal CL length = 8
Spatial CL target length = 5
Quantile cl loss is [0.08, 0.5, 0.92]
Temporal CL length = 9
Spatial CL target length = 6
In spatial CL model  Epoch 1: 
| 3  Horizon | RMSE: 26.897, 25.378; MAE: 17.470, 16.876; MAPE: 12.960, 11.381; Q10: 4.155, 4.004; Q50: 8.735, 8.438; Q90: 4.159, 3.983;
| 6  Horizon | RMSE: 29.703, 28.017; MAE: 19.085, 18.350; MAPE: 13.502, 11.666; Q10: 4.549, 4.295; Q50: 9.542, 9.175; Q90: 4.676, 4.485;
| 12 Horizon | RMSE: 34.813, 32.877; MAE: 22.685, 21.793; MAPE: 16.631, 13.763; Q10: 5.324, 4.977; Q50: 11.342, 10.896; Q90: 5.505, 5.340;
In quantile CL model  Epoch 1: 
| 3  Horizon | RMSE: 26.311, 24.804; MAE: 16.959, 16.304; MAPE: 11.940, 10.479; Q10: 4.046, 3.839; Q50: 8.479, 8.152; Q90: 4.041, 3.862;
| 6  Horizon | RMSE: 28.857, 27.270; MAE: 18.669, 17.846; MAPE: 13.347, 11.405; Q10: 4.413, 4.191; Q50: 9.334, 8.923; Q90: 4.410, 4.235;
| 12 Horizon | RMSE: 34.087, 32.247; MAE: 22.325, 21.333; MAPE: 16.240, 13.395; Q10: 5.261, 4.985; Q50: 11.162, 10.667; Q90: 5.458, 5.300;
In temporal CL model  Epoch 1: 
| 3  Horizon | RMSE: 28.382, 26.877; MAE: 18.995, 18.304; MAPE: 14.245, 12.304; Q10: 4.529, 4.274; Q50: 9.498, 9.152; Q90: 4.334, 4.160;
| 6  Horizon | RMSE: 31.953, 30.310; MAE: 21.093, 20.189; MAPE: 15.276, 12.897; Q10: 4.894, 4.594; Q50: 10.546, 10.095; Q90: 4.884, 4.694;
| 12 Horizon | RMSE: 112.996, 112.216; MAE: 89.946, 89.511; MAPE: 89.791, 85.004; Q10: 43.703, 44.595; Q50: 44.973, 44.755; Q90: 46.243, 44.916;
epoch 1 time used: 105  seconds  train loss: 17.858 val loss: 16.200991 test loss: 15.927635
Quantile cl loss is [0.09, 0.5, 0.91]
Temporal CL length = 10
Spatial CL target length = 7
Quantile cl loss is [0.1, 0.5, 0.9]
Temporal CL length = 11
Spatial CL target length = 8
Temporal CL length = 12
Spatial CL target length = 9
Temporal CL length = 13
Spatial CL target length = 10
In spatial CL model  Epoch 2: 
| 3  Horizon | RMSE: 26.227, 24.957; MAE: 17.180, 16.770; MAPE: 13.500, 11.799; Q10: 3.937, 3.811; Q50: 8.590, 8.385; Q90: 3.991, 3.859;
| 6  Horizon | RMSE: 28.419, 27.012; MAE: 18.132, 17.611; MAPE: 13.556, 11.396; Q10: 4.393, 4.197; Q50: 9.066, 8.806; Q90: 4.300, 4.161;
| 12 Horizon | RMSE: 33.116, 31.503; MAE: 21.550, 21.050; MAPE: 17.177, 14.077; Q10: 5.211, 4.955; Q50: 10.775, 10.525; Q90: 5.192, 5.054;
In quantile CL model  Epoch 2: 
| 3  Horizon | RMSE: 25.725, 24.586; MAE: 16.650, 16.329; MAPE: 12.054, 10.992; Q10: 3.943, 3.803; Q50: 8.325, 8.164; Q90: 3.870, 3.761;
| 6  Horizon | RMSE: 27.857, 26.675; MAE: 17.760, 17.396; MAPE: 12.757, 11.307; Q10: 4.253, 4.098; Q50: 8.880, 8.698; Q90: 4.234, 4.097;
| 12 Horizon | RMSE: 32.570, 31.057; MAE: 20.920, 20.317; MAPE: 15.218, 12.783; Q10: 4.904, 4.653; Q50: 10.460, 10.159; Q90: 5.163, 4.984;
In temporal CL model  Epoch 2: 
| 3  Horizon | RMSE: 25.905, 24.757; MAE: 16.915, 16.496; MAPE: 12.894, 11.430; Q10: 3.882, 3.737; Q50: 8.458, 8.248; Q90: 3.994, 3.858;
| 6  Horizon | RMSE: 28.337, 27.106; MAE: 18.108, 17.620; MAPE: 13.311, 11.519; Q10: 4.294, 4.105; Q50: 9.054, 8.810; Q90: 4.315, 4.184;
| 12 Horizon | RMSE: 33.413, 32.039; MAE: 21.746, 21.159; MAPE: 16.596, 13.920; Q10: 5.075, 4.839; Q50: 10.873, 10.580; Q90: 5.268, 5.141;
epoch 2 time used: 105  seconds  train loss: 17.45 val loss: 5.99519 test loss: 5.814076
In spatial CL model  Epoch 3: 
| 3  Horizon | RMSE: 25.865, 24.581; MAE: 16.671, 16.152; MAPE: 11.528, 10.326; Q10: 3.880, 3.759; Q50: 8.335, 8.076; Q90: 3.956, 3.816;
| 6  Horizon | RMSE: 28.252, 26.988; MAE: 18.034, 17.517; MAPE: 12.792, 11.096; Q10: 4.289, 4.127; Q50: 9.017, 8.759; Q90: 4.288, 4.175;
| 12 Horizon | RMSE: 32.696, 31.412; MAE: 21.072, 20.672; MAPE: 15.895, 13.461; Q10: 4.986, 4.726; Q50: 10.536, 10.336; Q90: 5.110, 5.059;
In quantile CL model  Epoch 3: 
| 3  Horizon | RMSE: 25.648, 24.343; MAE: 16.516, 15.942; MAPE: 11.459, 10.356; Q10: 3.892, 3.735; Q50: 8.258, 7.971; Q90: 3.893, 3.747;
| 6  Horizon | RMSE: 27.804, 26.641; MAE: 17.840, 17.354; MAPE: 12.676, 11.176; Q10: 4.217, 4.084; Q50: 8.920, 8.677; Q90: 4.178, 4.065;
| 12 Horizon | RMSE: 31.967, 30.954; MAE: 20.641, 20.330; MAPE: 15.008, 13.034; Q10: 4.883, 4.692; Q50: 10.320, 10.165; Q90: 4.914, 4.905;
In temporal CL model  Epoch 3: 
| 3  Horizon | RMSE: 25.792, 24.558; MAE: 16.656, 16.102; MAPE: 11.644, 10.257; Q10: 3.904, 3.739; Q50: 8.328, 8.051; Q90: 3.924, 3.792;
| 6  Horizon | RMSE: 28.215, 27.063; MAE: 18.068, 17.526; MAPE: 12.781, 11.074; Q10: 4.281, 4.103; Q50: 9.034, 8.763; Q90: 4.245, 4.136;
| 12 Horizon | RMSE: 32.503, 31.361; MAE: 20.989, 20.441; MAPE: 15.731, 13.073; Q10: 4.960, 4.724; Q50: 10.494, 10.220; Q90: 4.963, 4.920;
epoch 3 time used: 103  seconds  train loss: 16.794 val loss: 5.911131 test loss: 5.73018
In spatial CL model  Epoch 4: 
| 3  Horizon | RMSE: 25.733, 24.561; MAE: 16.471, 16.095; MAPE: 11.905, 10.586; Q10: 3.852, 3.754; Q50: 8.236, 8.048; Q90: 3.955, 3.835;
| 6  Horizon | RMSE: 27.949, 26.872; MAE: 17.742, 17.415; MAPE: 13.092, 11.285; Q10: 4.220, 4.111; Q50: 8.871, 8.707; Q90: 4.220, 4.125;
| 12 Horizon | RMSE: 32.240, 31.153; MAE: 20.524, 20.311; MAPE: 15.921, 13.240; Q10: 4.851, 4.654; Q50: 10.262, 10.155; Q90: 5.016, 4.981;
In quantile CL model  Epoch 4: 
| 3  Horizon | RMSE: 25.128, 24.105; MAE: 16.062, 15.797; MAPE: 11.453, 10.500; Q10: 3.794, 3.725; Q50: 8.031, 7.898; Q90: 3.797, 3.713;
| 6  Horizon | RMSE: 27.349, 26.473; MAE: 17.392, 17.265; MAPE: 12.680, 11.292; Q10: 4.111, 4.026; Q50: 8.696, 8.633; Q90: 4.141, 4.110;
| 12 Horizon | RMSE: 31.744, 30.795; MAE: 20.274, 20.206; MAPE: 15.189, 12.922; Q10: 4.747, 4.592; Q50: 10.137, 10.103; Q90: 4.955, 4.950;
In temporal CL model  Epoch 4: 
| 3  Horizon | RMSE: 25.493, 24.394; MAE: 16.389, 15.973; MAPE: 11.509, 10.301; Q10: 3.851, 3.735; Q50: 8.194, 7.987; Q90: 3.920, 3.798;
| 6  Horizon | RMSE: 27.892, 26.980; MAE: 17.776, 17.431; MAPE: 12.523, 10.951; Q10: 4.183, 4.047; Q50: 8.888, 8.716; Q90: 4.234, 4.158;
| 12 Horizon | RMSE: 32.485, 31.447; MAE: 20.794, 20.324; MAPE: 15.449, 12.727; Q10: 4.869, 4.654; Q50: 10.397, 10.162; Q90: 5.065, 5.014;
epoch 4 time used: 104  seconds  train loss: 16.386 val loss: 5.848603 test loss: 5.71225
In spatial CL model  Epoch 5: 
| 3  Horizon | RMSE: 25.366, 24.339; MAE: 16.236, 15.935; MAPE: 11.552, 9.972; Q10: 3.824, 3.740; Q50: 8.118, 7.968; Q90: 3.773, 3.675;
| 6  Horizon | RMSE: 27.578, 26.493; MAE: 17.452, 17.153; MAPE: 12.989, 10.947; Q10: 4.147, 4.047; Q50: 8.726, 8.576; Q90: 4.168, 4.086;
| 12 Horizon | RMSE: 32.052, 30.799; MAE: 20.377, 20.063; MAPE: 15.809, 12.972; Q10: 4.859, 4.665; Q50: 10.189, 10.032; Q90: 4.956, 4.925;
In quantile CL model  Epoch 5: 
| 3  Horizon | RMSE: 24.856, 24.109; MAE: 15.882, 15.799; MAPE: 10.878, 10.043; Q10: 3.728, 3.685; Q50: 7.941, 7.899; Q90: 3.713, 3.662;
| 6  Horizon | RMSE: 27.034, 26.369; MAE: 17.157, 17.202; MAPE: 12.458, 11.302; Q10: 4.068, 4.034; Q50: 8.578, 8.601; Q90: 4.137, 4.148;
| 12 Horizon | RMSE: 31.265, 30.688; MAE: 19.939, 20.165; MAPE: 15.187, 13.244; Q10: 4.671, 4.594; Q50: 9.969, 10.083; Q90: 4.877, 4.946;
In temporal CL model  Epoch 5: 
| 3  Horizon | RMSE: 25.137, 24.267; MAE: 16.090, 15.840; MAPE: 11.071, 10.008; Q10: 3.790, 3.695; Q50: 8.045, 7.920; Q90: 3.760, 3.668;
| 6  Horizon | RMSE: 27.411, 26.570; MAE: 17.365, 17.116; MAPE: 12.466, 11.003; Q10: 4.129, 4.003; Q50: 8.683, 8.558; Q90: 4.154, 4.079;
| 12 Horizon | RMSE: 31.775, 30.877; MAE: 20.218, 19.917; MAPE: 15.544, 12.984; Q10: 4.795, 4.593; Q50: 10.109, 9.958; Q90: 4.954, 4.910;
epoch 5 time used: 105  seconds  train loss: 15.911 val loss: 5.73296 test loss: 5.625584
In spatial CL model  Epoch 6: 
| 3  Horizon | RMSE: 25.230, 24.208; MAE: 16.210, 15.969; MAPE: 12.538, 10.792; Q10: 3.852, 3.763; Q50: 8.105, 7.984; Q90: 3.809, 3.723;
| 6  Horizon | RMSE: 27.453, 26.371; MAE: 17.402, 17.151; MAPE: 13.531, 11.391; Q10: 4.172, 4.070; Q50: 8.701, 8.576; Q90: 4.112, 4.022;
| 12 Horizon | RMSE: 31.309, 29.936; MAE: 19.853, 19.457; MAPE: 15.629, 12.592; Q10: 4.731, 4.494; Q50: 9.927, 9.729; Q90: 4.822, 4.733;
In quantile CL model  Epoch 6: 
| 3  Horizon | RMSE: 24.958, 24.230; MAE: 16.043, 16.083; MAPE: 11.882, 11.097; Q10: 3.757, 3.734; Q50: 8.022, 8.042; Q90: 3.754, 3.711;
| 6  Horizon | RMSE: 27.077, 26.477; MAE: 17.214, 17.392; MAPE: 12.997, 11.900; Q10: 4.096, 4.107; Q50: 8.607, 8.696; Q90: 4.091, 4.109;
| 12 Horizon | RMSE: 30.888, 30.175; MAE: 19.578, 19.847; MAPE: 15.344, 13.407; Q10: 4.643, 4.615; Q50: 9.789, 9.923; Q90: 4.779, 4.826;
In temporal CL model  Epoch 6: 
| 3  Horizon | RMSE: 25.070, 24.196; MAE: 16.237, 16.008; MAPE: 12.278, 11.142; Q10: 3.834, 3.741; Q50: 8.119, 8.004; Q90: 3.832, 3.745;
| 6  Horizon | RMSE: 27.171, 26.389; MAE: 17.374, 17.171; MAPE: 13.122, 11.645; Q10: 4.232, 4.140; Q50: 8.687, 8.586; Q90: 4.090, 4.017;
| 12 Horizon | RMSE: 31.092, 30.226; MAE: 19.895, 19.609; MAPE: 15.614, 13.006; Q10: 4.782, 4.626; Q50: 9.948, 9.805; Q90: 4.755, 4.693;
epoch 6 time used: 104  seconds  train loss: 15.734 val loss: 5.732365 test loss: 5.640847
In spatial CL model  Epoch 7: 
| 3  Horizon | RMSE: 25.067, 24.109; MAE: 15.979, 15.729; MAPE: 11.803, 10.010; Q10: 3.753, 3.667; Q50: 7.990, 7.865; Q90: 3.765, 3.707;
| 6  Horizon | RMSE: 27.413, 26.437; MAE: 17.310, 17.103; MAPE: 13.421, 11.173; Q10: 4.064, 3.956; Q50: 8.655, 8.552; Q90: 4.102, 4.053;
| 12 Horizon | RMSE: 31.707, 30.483; MAE: 20.001, 19.693; MAPE: 15.922, 12.883; Q10: 4.728, 4.517; Q50: 10.000, 9.847; Q90: 4.960, 4.921;
In quantile CL model  Epoch 7: 
| 3  Horizon | RMSE: 24.952, 24.067; MAE: 15.980, 15.756; MAPE: 10.973, 9.784; Q10: 3.723, 3.651; Q50: 7.990, 7.878; Q90: 3.776, 3.741;
| 6  Horizon | RMSE: 27.208, 26.390; MAE: 17.253, 17.166; MAPE: 12.324, 10.816; Q10: 4.018, 3.923; Q50: 8.627, 8.583; Q90: 4.101, 4.083;
| 12 Horizon | RMSE: 31.532, 30.389; MAE: 20.069, 19.938; MAPE: 14.985, 12.574; Q10: 4.661, 4.487; Q50: 10.035, 9.969; Q90: 5.056, 5.036;
In temporal CL model  Epoch 7: 
| 3  Horizon | RMSE: 24.935, 23.996; MAE: 15.943, 15.668; MAPE: 11.098, 9.833; Q10: 3.745, 3.643; Q50: 7.972, 7.834; Q90: 3.744, 3.659;
| 6  Horizon | RMSE: 27.211, 26.265; MAE: 17.189, 16.897; MAPE: 12.531, 10.742; Q10: 4.064, 3.927; Q50: 8.595, 8.448; Q90: 4.078, 3.988;
| 12 Horizon | RMSE: 31.663, 30.395; MAE: 20.093, 19.568; MAPE: 15.502, 12.326; Q10: 4.720, 4.499; Q50: 10.046, 9.784; Q90: 4.965, 4.825;
epoch 7 time used: 103  seconds  train loss: 15.575 val loss: 5.665499 test loss: 5.535268
In spatial CL model  Epoch 8: 
| 3  Horizon | RMSE: 24.916, 23.950; MAE: 15.824, 15.553; MAPE: 11.388, 9.862; Q10: 3.737, 3.641; Q50: 7.912, 7.776; Q90: 3.743, 3.669;
| 6  Horizon | RMSE: 27.299, 26.339; MAE: 17.174, 16.912; MAPE: 12.605, 10.608; Q10: 4.064, 3.945; Q50: 8.587, 8.456; Q90: 4.087, 4.036;
| 12 Horizon | RMSE: 31.772, 30.724; MAE: 20.046, 19.774; MAPE: 15.137, 12.426; Q10: 4.730, 4.538; Q50: 10.023, 9.887; Q90: 5.007, 5.017;
In quantile CL model  Epoch 8: 
| 3  Horizon | RMSE: 24.915, 24.167; MAE: 15.947, 15.847; MAPE: 11.082, 9.999; Q10: 3.728, 3.660; Q50: 7.974, 7.924; Q90: 3.777, 3.768;
| 6  Horizon | RMSE: 27.346, 26.744; MAE: 17.413, 17.466; MAPE: 12.247, 10.890; Q10: 4.071, 4.009; Q50: 8.706, 8.733; Q90: 4.166, 4.222;
| 12 Horizon | RMSE: 31.594, 30.905; MAE: 20.216, 20.340; MAPE: 14.757, 12.623; Q10: 4.646, 4.528; Q50: 10.108, 10.170; Q90: 5.178, 5.307;
In temporal CL model  Epoch 8: 
| 3  Horizon | RMSE: 24.844, 23.932; MAE: 15.868, 15.586; MAPE: 11.051, 9.968; Q10: 3.746, 3.655; Q50: 7.934, 7.793; Q90: 3.729, 3.651;
| 6  Horizon | RMSE: 27.079, 26.241; MAE: 17.108, 16.874; MAPE: 12.163, 10.672; Q10: 4.079, 3.973; Q50: 8.554, 8.437; Q90: 4.058, 4.002;
| 12 Horizon | RMSE: 31.246, 30.193; MAE: 19.826, 19.499; MAPE: 15.351, 12.432; Q10: 4.696, 4.499; Q50: 9.913, 9.749; Q90: 4.937, 4.885;
epoch 8 time used: 106  seconds  train loss: 15.454 val loss: 5.640595 test loss: 5.538017
In spatial CL model  Epoch 9: 
| 3  Horizon | RMSE: 24.969, 23.996; MAE: 15.891, 15.663; MAPE: 11.757, 10.205; Q10: 3.732, 3.642; Q50: 7.946, 7.832; Q90: 3.754, 3.692;
| 6  Horizon | RMSE: 27.475, 26.495; MAE: 17.285, 17.075; MAPE: 12.918, 10.904; Q10: 4.090, 4.014; Q50: 8.643, 8.537; Q90: 4.159, 4.114;
| 12 Horizon | RMSE: 31.791, 30.716; MAE: 20.251, 20.181; MAPE: 17.118, 14.315; Q10: 4.782, 4.646; Q50: 10.125, 10.091; Q90: 4.980, 4.970;
In quantile CL model  Epoch 9: 
| 3  Horizon | RMSE: 24.898, 24.133; MAE: 15.908, 15.931; MAPE: 11.182, 10.387; Q10: 3.718, 3.690; Q50: 7.954, 7.966; Q90: 3.790, 3.786;
| 6  Horizon | RMSE: 27.548, 26.842; MAE: 17.547, 17.659; MAPE: 12.154, 11.000; Q10: 4.045, 4.009; Q50: 8.773, 8.829; Q90: 4.236, 4.263;
| 12 Horizon | RMSE: 31.508, 30.518; MAE: 20.171, 20.353; MAPE: 15.077, 13.147; Q10: 4.616, 4.514; Q50: 10.086, 10.177; Q90: 5.172, 5.210;
In temporal CL model  Epoch 9: 
| 3  Horizon | RMSE: 24.810, 23.843; MAE: 15.856, 15.603; MAPE: 11.623, 10.267; Q10: 3.784, 3.681; Q50: 7.928, 7.802; Q90: 3.730, 3.647;
| 6  Horizon | RMSE: 27.154, 26.178; MAE: 17.186, 16.944; MAPE: 12.878, 10.991; Q10: 4.083, 3.964; Q50: 8.593, 8.472; Q90: 4.135, 4.054;
| 12 Horizon | RMSE: 31.271, 29.926; MAE: 19.956, 19.628; MAPE: 16.777, 13.291; Q10: 4.723, 4.522; Q50: 9.978, 9.814; Q90: 4.954, 4.829;
epoch 9 time used: 104  seconds  train loss: 15.319 val loss: 5.653248 test loss: 5.538166
In spatial CL model  Epoch 10: 
| 3  Horizon | RMSE: 24.979, 24.045; MAE: 15.822, 15.538; MAPE: 11.463, 9.728; Q10: 3.713, 3.626; Q50: 7.911, 7.769; Q90: 3.749, 3.671;
| 6  Horizon | RMSE: 27.454, 26.498; MAE: 17.211, 16.948; MAPE: 12.773, 10.510; Q10: 4.026, 3.924; Q50: 8.605, 8.474; Q90: 4.106, 4.055;
| 12 Horizon | RMSE: 32.142, 31.040; MAE: 20.248, 19.938; MAPE: 15.359, 12.269; Q10: 4.722, 4.525; Q50: 10.124, 9.969; Q90: 5.028, 5.025;
In quantile CL model  Epoch 10: 
| 3  Horizon | RMSE: 24.794, 23.979; MAE: 15.816, 15.680; MAPE: 10.966, 9.891; Q10: 3.703, 3.641; Q50: 7.908, 7.840; Q90: 3.772, 3.717;
| 6  Horizon | RMSE: 27.202, 26.514; MAE: 17.227, 17.199; MAPE: 12.120, 10.690; Q10: 4.003, 3.939; Q50: 8.614, 8.599; Q90: 4.191, 4.232;
| 12 Horizon | RMSE: 32.001, 31.207; MAE: 20.599, 20.625; MAPE: 14.661, 12.413; Q10: 4.674, 4.544; Q50: 10.300, 10.312; Q90: 5.254, 5.321;
In temporal CL model  Epoch 10: 
| 3  Horizon | RMSE: 24.713, 23.791; MAE: 15.722, 15.437; MAPE: 11.024, 9.748; Q10: 3.712, 3.614; Q50: 7.861, 7.718; Q90: 3.728, 3.644;
| 6  Horizon | RMSE: 27.069, 26.163; MAE: 17.050, 16.760; MAPE: 12.310, 10.526; Q10: 4.036, 3.918; Q50: 8.525, 8.380; Q90: 4.086, 4.021;
| 12 Horizon | RMSE: 31.445, 30.216; MAE: 19.976, 19.494; MAPE: 15.557, 12.258; Q10: 4.679, 4.480; Q50: 9.988, 9.747; Q90: 5.032, 4.898;
epoch 10 time used: 104  seconds  train loss: 15.089 val loss: 5.621894 test loss: 5.50091
In spatial CL model  Epoch 11: 
| 3  Horizon | RMSE: 25.078, 23.993; MAE: 15.909, 15.548; MAPE: 11.678, 9.763; Q10: 3.740, 3.640; Q50: 7.955, 7.774; Q90: 3.735, 3.641;
| 6  Horizon | RMSE: 27.411, 26.316; MAE: 17.118, 16.808; MAPE: 13.028, 10.613; Q10: 4.065, 3.954; Q50: 8.559, 8.404; Q90: 4.077, 4.001;
| 12 Horizon | RMSE: 31.827, 30.809; MAE: 19.758, 19.620; MAPE: 15.656, 12.495; Q10: 4.683, 4.536; Q50: 9.879, 9.810; Q90: 4.941, 4.929;
In quantile CL model  Epoch 11: 
| 3  Horizon | RMSE: 24.926, 24.086; MAE: 15.922, 15.774; MAPE: 10.932, 9.848; Q10: 3.688, 3.620; Q50: 7.961, 7.887; Q90: 3.777, 3.722;
| 6  Horizon | RMSE: 27.195, 26.280; MAE: 17.158, 17.000; MAPE: 12.093, 10.631; Q10: 4.007, 3.938; Q50: 8.579, 8.500; Q90: 4.168, 4.134;
| 12 Horizon | RMSE: 31.672, 30.537; MAE: 20.143, 19.996; MAPE: 14.518, 12.275; Q10: 4.603, 4.478; Q50: 10.071, 9.998; Q90: 5.147, 5.062;
In temporal CL model  Epoch 11: 
| 3  Horizon | RMSE: 24.878, 24.008; MAE: 15.813, 15.582; MAPE: 11.310, 10.054; Q10: 3.745, 3.643; Q50: 7.907, 7.791; Q90: 3.719, 3.646;
| 6  Horizon | RMSE: 27.228, 26.418; MAE: 17.117, 16.901; MAPE: 12.518, 10.851; Q10: 4.052, 3.954; Q50: 8.559, 8.450; Q90: 4.128, 4.063;
| 12 Horizon | RMSE: 31.583, 30.616; MAE: 19.952, 19.662; MAPE: 16.042, 12.703; Q10: 4.734, 4.568; Q50: 9.976, 9.831; Q90: 5.000, 4.916;
epoch 11 time used: 105  seconds  train loss: 15.022 val loss: 5.651028 test loss: 5.55375
In spatial CL model  Epoch 12: 
| 3  Horizon | RMSE: 25.032, 24.024; MAE: 15.844, 15.638; MAPE: 12.147, 10.277; Q10: 3.783, 3.713; Q50: 7.922, 7.819; Q90: 3.744, 3.674;
| 6  Horizon | RMSE: 27.682, 26.655; MAE: 17.352, 17.188; MAPE: 13.392, 10.951; Q10: 4.133, 4.063; Q50: 8.676, 8.594; Q90: 4.145, 4.094;
| 12 Horizon | RMSE: 32.354, 31.055; MAE: 20.254, 19.932; MAPE: 15.715, 12.427; Q10: 4.737, 4.555; Q50: 10.127, 9.966; Q90: 5.163, 5.109;
In quantile CL model  Epoch 12: 
| 3  Horizon | RMSE: 24.821, 23.983; MAE: 15.762, 15.713; MAPE: 11.166, 10.302; Q10: 3.731, 3.696; Q50: 7.881, 7.856; Q90: 3.724, 3.672;
| 6  Horizon | RMSE: 27.345, 26.673; MAE: 17.273, 17.373; MAPE: 12.157, 10.932; Q10: 4.048, 4.025; Q50: 8.636, 8.686; Q90: 4.168, 4.191;
| 12 Horizon | RMSE: 31.685, 30.666; MAE: 20.178, 20.141; MAPE: 14.512, 12.393; Q10: 4.651, 4.550; Q50: 10.089, 10.071; Q90: 5.101, 5.076;
In temporal CL model  Epoch 12: 
| 3  Horizon | RMSE: 24.786, 23.819; MAE: 15.762, 15.478; MAPE: 11.397, 9.947; Q10: 3.783, 3.669; Q50: 7.881, 7.739; Q90: 3.710, 3.641;
| 6  Horizon | RMSE: 27.191, 26.263; MAE: 17.135, 16.884; MAPE: 12.518, 10.556; Q10: 4.067, 3.950; Q50: 8.567, 8.442; Q90: 4.145, 4.092;
| 12 Horizon | RMSE: 31.532, 30.168; MAE: 19.991, 19.483; MAPE: 15.528, 12.052; Q10: 4.690, 4.483; Q50: 9.995, 9.742; Q90: 5.078, 4.933;
epoch 12 time used: 106  seconds  train loss: 14.962 val loss: 5.664459 test loss: 5.539957
In spatial CL model  Epoch 13: 
| 3  Horizon | RMSE: 25.070, 24.076; MAE: 15.813, 15.575; MAPE: 11.786, 9.983; Q10: 3.708, 3.630; Q50: 7.906, 7.788; Q90: 3.759, 3.695;
| 6  Horizon | RMSE: 27.596, 26.594; MAE: 17.187, 17.035; MAPE: 13.404, 11.055; Q10: 4.045, 3.971; Q50: 8.594, 8.518; Q90: 4.167, 4.110;
| 12 Horizon | RMSE: 31.857, 30.773; MAE: 19.750, 19.630; MAPE: 16.075, 12.866; Q10: 4.713, 4.615; Q50: 9.875, 9.815; Q90: 5.001, 4.975;
In quantile CL model  Epoch 13: 
| 3  Horizon | RMSE: 24.773, 23.887; MAE: 15.694, 15.523; MAPE: 10.965, 9.965; Q10: 3.691, 3.633; Q50: 7.847, 7.761; Q90: 3.733, 3.678;
| 6  Horizon | RMSE: 27.088, 26.323; MAE: 17.014, 16.982; MAPE: 12.122, 10.860; Q10: 4.009, 3.957; Q50: 8.507, 8.491; Q90: 4.167, 4.149;
| 12 Horizon | RMSE: 31.100, 30.053; MAE: 19.665, 19.523; MAPE: 14.461, 12.273; Q10: 4.575, 4.457; Q50: 9.832, 9.762; Q90: 5.000, 4.929;
In temporal CL model  Epoch 13: 
| 3  Horizon | RMSE: 24.775, 23.865; MAE: 15.719, 15.458; MAPE: 11.285, 9.813; Q10: 3.721, 3.619; Q50: 7.859, 7.729; Q90: 3.692, 3.619;
| 6  Horizon | RMSE: 27.228, 26.386; MAE: 17.086, 16.852; MAPE: 12.916, 10.853; Q10: 4.069, 3.967; Q50: 8.543, 8.426; Q90: 4.150, 4.092;
| 12 Horizon | RMSE: 31.473, 30.367; MAE: 19.755, 19.357; MAPE: 15.867, 12.309; Q10: 4.707, 4.542; Q50: 9.877, 9.678; Q90: 4.944, 4.823;
epoch 13 time used: 104  seconds  train loss: 14.893 val loss: 5.639558 test loss: 5.530311
In spatial CL model  Epoch 14: 
| 3  Horizon | RMSE: 25.126, 24.124; MAE: 15.890, 15.639; MAPE: 12.242, 10.242; Q10: 3.782, 3.710; Q50: 7.945, 7.819; Q90: 3.747, 3.678;
| 6  Horizon | RMSE: 27.772, 26.821; MAE: 17.428, 17.308; MAPE: 14.327, 11.807; Q10: 4.240, 4.203; Q50: 8.714, 8.654; Q90: 4.123, 4.070;
| 12 Horizon | RMSE: 32.311, 31.565; MAE: 20.317, 20.490; MAPE: 17.780, 14.562; Q10: 4.941, 4.918; Q50: 10.159, 10.245; Q90: 4.978, 5.013;
In quantile CL model  Epoch 14: 
| 3  Horizon | RMSE: 24.937, 24.203; MAE: 15.935, 15.909; MAPE: 11.203, 10.181; Q10: 3.754, 3.708; Q50: 7.968, 7.955; Q90: 3.797, 3.817;
| 6  Horizon | RMSE: 27.325, 26.700; MAE: 17.314, 17.455; MAPE: 12.754, 11.561; Q10: 4.197, 4.210; Q50: 8.657, 8.727; Q90: 4.188, 4.241;
| 12 Horizon | RMSE: 31.744, 31.257; MAE: 20.345, 20.796; MAPE: 15.658, 13.856; Q10: 4.805, 4.830; Q50: 10.172, 10.398; Q90: 5.251, 5.394;
In temporal CL model  Epoch 14: 
| 3  Horizon | RMSE: 25.056, 24.208; MAE: 16.046, 15.806; MAPE: 11.895, 10.468; Q10: 3.837, 3.752; Q50: 8.023, 7.903; Q90: 3.787, 3.721;
| 6  Horizon | RMSE: 27.653, 26.930; MAE: 17.659, 17.473; MAPE: 13.823, 11.863; Q10: 4.347, 4.296; Q50: 8.830, 8.737; Q90: 4.206, 4.137;
| 12 Horizon | RMSE: 32.278, 31.512; MAE: 20.792, 20.631; MAPE: 17.806, 14.437; Q10: 5.021, 4.957; Q50: 10.396, 10.316; Q90: 5.133, 5.025;
epoch 14 time used: 105  seconds  train loss: 14.833 val loss: 5.839957 test loss: 5.764633
In spatial CL model  Epoch 15: 
| 3  Horizon | RMSE: 25.052, 24.087; MAE: 15.878, 15.629; MAPE: 11.794, 9.861; Q10: 3.709, 3.633; Q50: 7.939, 7.815; Q90: 3.738, 3.670;
| 6  Horizon | RMSE: 27.519, 26.555; MAE: 17.245, 17.119; MAPE: 13.522, 10.997; Q10: 4.051, 3.969; Q50: 8.622, 8.560; Q90: 4.135, 4.083;
| 12 Horizon | RMSE: 31.797, 30.686; MAE: 19.860, 19.752; MAPE: 16.239, 12.830; Q10: 4.667, 4.522; Q50: 9.930, 9.876; Q90: 5.201, 5.208;
In quantile CL model  Epoch 15: 
| 3  Horizon | RMSE: 24.946, 24.212; MAE: 15.952, 15.897; MAPE: 11.010, 9.913; Q10: 3.711, 3.657; Q50: 7.976, 7.948; Q90: 3.777, 3.749;
| 6  Horizon | RMSE: 27.504, 26.844; MAE: 17.419, 17.537; MAPE: 12.315, 10.988; Q10: 4.043, 4.003; Q50: 8.709, 8.768; Q90: 4.304, 4.343;
| 12 Horizon | RMSE: 31.768, 30.872; MAE: 20.249, 20.374; MAPE: 14.963, 12.794; Q10: 4.635, 4.552; Q50: 10.125, 10.187; Q90: 5.404, 5.436;
In temporal CL model  Epoch 15: 
| 3  Horizon | RMSE: 24.829, 24.007; MAE: 15.798, 15.641; MAPE: 11.371, 9.839; Q10: 3.708, 3.629; Q50: 7.899, 7.820; Q90: 3.734, 3.692;
| 6  Horizon | RMSE: 27.221, 26.430; MAE: 17.141, 17.047; MAPE: 12.966, 10.824; Q10: 4.042, 3.961; Q50: 8.571, 8.524; Q90: 4.216, 4.198;
| 12 Horizon | RMSE: 31.368, 30.309; MAE: 19.815, 19.612; MAPE: 16.185, 12.459; Q10: 4.653, 4.491; Q50: 9.907, 9.806; Q90: 5.231, 5.184;
epoch 15 time used: 106  seconds  train loss: 14.7 val loss: 5.674465 test loss: 5.609561
In spatial CL model  Epoch 16: 
| 3  Horizon | RMSE: 25.063, 23.924; MAE: 15.865, 15.573; MAPE: 12.496, 10.433; Q10: 3.774, 3.690; Q50: 7.933, 7.787; Q90: 3.743, 3.645;
| 6  Horizon | RMSE: 27.397, 26.228; MAE: 17.004, 16.769; MAPE: 13.657, 10.941; Q10: 4.053, 3.965; Q50: 8.502, 8.385; Q90: 4.109, 4.021;
| 12 Horizon | RMSE: 31.638, 30.346; MAE: 19.578, 19.398; MAPE: 16.223, 12.649; Q10: 4.655, 4.530; Q50: 9.789, 9.699; Q90: 4.944, 4.855;
In quantile CL model  Epoch 16: 
| 3  Horizon | RMSE: 24.917, 24.017; MAE: 15.799, 15.651; MAPE: 11.251, 10.169; Q10: 3.716, 3.654; Q50: 7.899, 7.825; Q90: 3.755, 3.694;
| 6  Horizon | RMSE: 27.542, 26.797; MAE: 17.332, 17.376; MAPE: 12.258, 10.884; Q10: 4.022, 3.980; Q50: 8.666, 8.688; Q90: 4.366, 4.375;
| 12 Horizon | RMSE: 32.178, 31.307; MAE: 20.441, 20.580; MAPE: 14.773, 12.594; Q10: 4.647, 4.585; Q50: 10.220, 10.290; Q90: 5.482, 5.485;
In temporal CL model  Epoch 16: 
| 3  Horizon | RMSE: 24.826, 23.847; MAE: 15.807, 15.526; MAPE: 11.826, 10.220; Q10: 3.735, 3.628; Q50: 7.904, 7.763; Q90: 3.716, 3.648;
| 6  Horizon | RMSE: 27.282, 26.369; MAE: 17.122, 16.909; MAPE: 12.849, 10.733; Q10: 4.019, 3.919; Q50: 8.561, 8.454; Q90: 4.214, 4.163;
| 12 Horizon | RMSE: 31.437, 30.266; MAE: 19.810, 19.483; MAPE: 16.098, 12.428; Q10: 4.652, 4.478; Q50: 9.905, 9.742; Q90: 5.073, 4.961;
epoch 16 time used: 104  seconds  train loss: 14.668 val loss: 5.659639 test loss: 5.554618
In spatial CL model  Epoch 17: 
| 3  Horizon | RMSE: 25.066, 23.890; MAE: 15.795, 15.408; MAPE: 11.985, 9.762; Q10: 3.703, 3.600; Q50: 7.897, 7.704; Q90: 3.788, 3.684;
| 6  Horizon | RMSE: 27.528, 26.325; MAE: 17.098, 16.812; MAPE: 13.706, 10.927; Q10: 4.034, 3.942; Q50: 8.549, 8.406; Q90: 4.200, 4.109;
| 12 Horizon | RMSE: 31.954, 30.605; MAE: 19.763, 19.508; MAPE: 16.441, 12.694; Q10: 4.686, 4.562; Q50: 9.881, 9.754; Q90: 5.066, 4.984;
In quantile CL model  Epoch 17: 
| 3  Horizon | RMSE: 24.785, 23.851; MAE: 15.756, 15.518; MAPE: 10.857, 9.755; Q10: 3.694, 3.614; Q50: 7.878, 7.759; Q90: 3.788, 3.721;
| 6  Horizon | RMSE: 27.183, 26.338; MAE: 17.094, 17.053; MAPE: 12.054, 10.806; Q10: 4.023, 3.956; Q50: 8.547, 8.526; Q90: 4.217, 4.206;
| 12 Horizon | RMSE: 31.410, 30.239; MAE: 19.891, 19.771; MAPE: 14.370, 12.292; Q10: 4.603, 4.481; Q50: 9.945, 9.885; Q90: 5.231, 5.184;
In temporal CL model  Epoch 17: 
| 3  Horizon | RMSE: 24.679, 23.712; MAE: 15.687, 15.381; MAPE: 11.296, 9.806; Q10: 3.696, 3.599; Q50: 7.843, 7.690; Q90: 3.724, 3.657;
| 6  Horizon | RMSE: 27.023, 26.136; MAE: 16.958, 16.736; MAPE: 12.696, 10.593; Q10: 4.016, 3.919; Q50: 8.479, 8.368; Q90: 4.171, 4.130;
| 12 Horizon | RMSE: 31.186, 29.995; MAE: 19.666, 19.266; MAPE: 15.944, 12.142; Q10: 4.669, 4.494; Q50: 9.833, 9.633; Q90: 5.037, 4.913;
epoch 17 time used: 105  seconds  train loss: 14.625 val loss: 5.626468 test loss: 5.522125
In spatial CL model  Epoch 18: 
| 3  Horizon | RMSE: 25.188, 24.053; MAE: 15.955, 15.670; MAPE: 12.622, 10.521; Q10: 3.773, 3.697; Q50: 7.977, 7.835; Q90: 3.761, 3.664;
| 6  Horizon | RMSE: 27.560, 26.321; MAE: 17.196, 16.920; MAPE: 14.058, 11.301; Q10: 4.137, 4.066; Q50: 8.598, 8.460; Q90: 4.159, 4.052;
| 12 Horizon | RMSE: 31.732, 30.253; MAE: 19.716, 19.438; MAPE: 16.647, 12.898; Q10: 4.680, 4.545; Q50: 9.858, 9.719; Q90: 5.023, 4.892;
In quantile CL model  Epoch 18: 
| 3  Horizon | RMSE: 24.855, 24.013; MAE: 15.827, 15.773; MAPE: 11.340, 10.444; Q10: 3.726, 3.677; Q50: 7.913, 7.887; Q90: 3.778, 3.761;
| 6  Horizon | RMSE: 27.288, 26.548; MAE: 17.187, 17.262; MAPE: 12.339, 11.173; Q10: 4.050, 4.007; Q50: 8.594, 8.631; Q90: 4.281, 4.304;
| 12 Horizon | RMSE: 31.635, 30.613; MAE: 19.995, 20.024; MAPE: 14.411, 12.410; Q10: 4.582, 4.485; Q50: 9.997, 10.012; Q90: 5.351, 5.334;
In temporal CL model  Epoch 18: 
| 3  Horizon | RMSE: 24.881, 23.866; MAE: 15.946, 15.641; MAPE: 12.200, 10.557; Q10: 3.812, 3.707; Q50: 7.973, 7.820; Q90: 3.708, 3.638;
| 6  Horizon | RMSE: 27.146, 26.155; MAE: 17.170, 16.900; MAPE: 13.400, 11.218; Q10: 4.138, 4.039; Q50: 8.585, 8.450; Q90: 4.107, 4.043;
| 12 Horizon | RMSE: 31.083, 29.815; MAE: 19.596, 19.241; MAPE: 16.062, 12.414; Q10: 4.667, 4.511; Q50: 9.798, 9.621; Q90: 4.942, 4.815;
epoch 18 time used: 105  seconds  train loss: 14.594 val loss: 5.643429 test loss: 5.5303
In spatial CL model  Epoch 19: 
| 3  Horizon | RMSE: 25.075, 23.938; MAE: 15.794, 15.500; MAPE: 12.368, 10.121; Q10: 3.729, 3.637; Q50: 7.897, 7.750; Q90: 3.739, 3.646;
| 6  Horizon | RMSE: 27.622, 26.451; MAE: 17.130, 16.879; MAPE: 13.759, 10.793; Q10: 4.045, 3.961; Q50: 8.565, 8.439; Q90: 4.149, 4.064;
| 12 Horizon | RMSE: 32.584, 31.289; MAE: 20.362, 20.120; MAPE: 16.349, 12.376; Q10: 4.689, 4.547; Q50: 10.181, 10.060; Q90: 5.296, 5.240;
In quantile CL model  Epoch 19: 
| 3  Horizon | RMSE: 24.912, 24.102; MAE: 15.871, 15.837; MAPE: 11.306, 10.481; Q10: 3.719, 3.666; Q50: 7.935, 7.919; Q90: 3.794, 3.774;
| 6  Horizon | RMSE: 27.462, 26.780; MAE: 17.309, 17.448; MAPE: 12.246, 11.221; Q10: 4.042, 4.032; Q50: 8.654, 8.724; Q90: 4.351, 4.367;
| 12 Horizon | RMSE: 32.613, 31.739; MAE: 20.811, 20.995; MAPE: 14.529, 12.740; Q10: 4.677, 4.625; Q50: 10.406, 10.497; Q90: 5.684, 5.695;
In temporal CL model  Epoch 19: 
| 3  Horizon | RMSE: 24.698, 23.746; MAE: 15.666, 15.415; MAPE: 11.640, 10.131; Q10: 3.705, 3.620; Q50: 7.833, 7.708; Q90: 3.671, 3.603;
| 6  Horizon | RMSE: 27.104, 26.203; MAE: 16.977, 16.772; MAPE: 12.680, 10.647; Q10: 4.015, 3.942; Q50: 8.488, 8.386; Q90: 4.135, 4.078;
| 12 Horizon | RMSE: 31.551, 30.402; MAE: 20.021, 19.695; MAPE: 15.568, 12.071; Q10: 4.650, 4.508; Q50: 10.010, 9.847; Q90: 5.137, 5.011;
epoch 19 time used: 105  seconds  train loss: 14.568 val loss: 5.62253 test loss: 5.527399
In spatial CL model  Epoch 20: 
| 3  Horizon | RMSE: 25.025, 23.905; MAE: 15.711, 15.419; MAPE: 12.211, 9.959; Q10: 3.700, 3.609; Q50: 7.855, 7.710; Q90: 3.749, 3.663;
| 6  Horizon | RMSE: 27.546, 26.407; MAE: 17.103, 16.909; MAPE: 13.929, 11.061; Q10: 4.066, 4.002; Q50: 8.551, 8.455; Q90: 4.175, 4.105;
| 12 Horizon | RMSE: 31.918, 30.669; MAE: 19.790, 19.647; MAPE: 16.602, 12.752; Q10: 4.686, 4.574; Q50: 9.895, 9.823; Q90: 5.013, 4.941;
In quantile CL model  Epoch 20: 
| 3  Horizon | RMSE: 24.916, 24.161; MAE: 15.848, 15.826; MAPE: 11.074, 10.040; Q10: 3.723, 3.662; Q50: 7.924, 7.913; Q90: 3.810, 3.813;
| 6  Horizon | RMSE: 27.391, 26.740; MAE: 17.290, 17.446; MAPE: 12.521, 11.277; Q10: 4.065, 4.040; Q50: 8.645, 8.723; Q90: 4.397, 4.458;
| 12 Horizon | RMSE: 31.938, 31.091; MAE: 20.256, 20.441; MAPE: 14.951, 12.853; Q10: 4.656, 4.594; Q50: 10.128, 10.221; Q90: 5.394, 5.410;
In temporal CL model  Epoch 20: 
| 3  Horizon | RMSE: 24.812, 23.846; MAE: 15.691, 15.470; MAPE: 11.345, 9.772; Q10: 3.690, 3.599; Q50: 7.845, 7.735; Q90: 3.764, 3.721;
| 6  Horizon | RMSE: 27.269, 26.327; MAE: 17.060, 16.919; MAPE: 12.894, 10.734; Q10: 4.018, 3.931; Q50: 8.530, 8.459; Q90: 4.251, 4.228;
| 12 Horizon | RMSE: 31.491, 30.265; MAE: 19.820, 19.561; MAPE: 16.005, 12.273; Q10: 4.651, 4.489; Q50: 9.910, 9.780; Q90: 5.056, 4.955;
***************************
***************************
temporal CL model  Early stopping at epoch: 20
***************************
***************************
epoch 20 time used: 104  seconds  train loss: 14.469 val loss: 5.65345 test loss: 5.573615
In spatial CL model  Epoch 21: 
| 3  Horizon | RMSE: 25.011, 23.873; MAE: 15.717, 15.427; MAPE: 12.264, 10.013; Q10: 3.702, 3.600; Q50: 7.859, 7.713; Q90: 3.726, 3.632;
| 6  Horizon | RMSE: 27.484, 26.255; MAE: 17.042, 16.787; MAPE: 13.842, 10.930; Q10: 4.024, 3.925; Q50: 8.521, 8.393; Q90: 4.140, 4.044;
| 12 Horizon | RMSE: 31.664, 30.183; MAE: 19.670, 19.416; MAPE: 16.765, 12.872; Q10: 4.664, 4.518; Q50: 9.835, 9.708; Q90: 5.017, 4.894;
In quantile CL model  Epoch 21: 
| 3  Horizon | RMSE: 24.898, 24.193; MAE: 15.835, 15.857; MAPE: 11.018, 10.041; Q10: 3.701, 3.658; Q50: 7.918, 7.929; Q90: 3.772, 3.772;
| 6  Horizon | RMSE: 27.410, 26.835; MAE: 17.288, 17.483; MAPE: 12.349, 11.167; Q10: 4.031, 4.009; Q50: 8.644, 8.742; Q90: 4.305, 4.372;
| 12 Horizon | RMSE: 31.782, 31.078; MAE: 20.188, 20.458; MAPE: 14.918, 12.942; Q10: 4.637, 4.594; Q50: 10.094, 10.229; Q90: 5.400, 5.483;
In temporal CL model  Epoch 21: 
| 3  Horizon | RMSE: 24.815, 23.846; MAE: 15.694, 15.470; MAPE: 11.342, 9.772; Q10: 3.691, 3.599; Q50: 7.847, 7.735; Q90: 3.765, 3.721;
| 6  Horizon | RMSE: 27.274, 26.327; MAE: 17.065, 16.919; MAPE: 12.892, 10.734; Q10: 4.021, 3.931; Q50: 8.533, 8.459; Q90: 4.252, 4.228;
| 12 Horizon | RMSE: 31.495, 30.265; MAE: 19.823, 19.561; MAPE: 15.997, 12.273; Q10: 4.653, 4.489; Q50: 9.912, 9.780; Q90: 5.057, 4.955;
epoch 21 time used: 73  seconds  train loss: 14.429 val loss: 5.654732 test loss: 5.573615
In spatial CL model  Epoch 22: 
| 3  Horizon | RMSE: 25.134, 23.961; MAE: 15.826, 15.515; MAPE: 12.524, 10.275; Q10: 3.765, 3.678; Q50: 7.913, 7.758; Q90: 3.747, 3.642;
| 6  Horizon | RMSE: 27.557, 26.320; MAE: 17.128, 16.860; MAPE: 14.208, 11.270; Q10: 4.167, 4.100; Q50: 8.564, 8.430; Q90: 4.110, 3.994;
| 12 Horizon | RMSE: 31.664, 30.262; MAE: 19.741, 19.522; MAPE: 17.522, 13.572; Q10: 4.771, 4.671; Q50: 9.871, 9.761; Q90: 4.944, 4.816;
In quantile CL model  Epoch 22: 
| 3  Horizon | RMSE: 24.755, 23.860; MAE: 15.692, 15.510; MAPE: 11.045, 9.940; Q10: 3.707, 3.635; Q50: 7.846, 7.755; Q90: 3.714, 3.655;
| 6  Horizon | RMSE: 27.080, 26.293; MAE: 16.986, 16.980; MAPE: 12.243, 10.861; Q10: 4.029, 3.973; Q50: 8.493, 8.490; Q90: 4.136, 4.123;
| 12 Horizon | RMSE: 31.092, 30.052; MAE: 19.613, 19.647; MAPE: 14.889, 12.586; Q10: 4.612, 4.526; Q50: 9.806, 9.824; Q90: 5.132, 5.136;
In temporal CL model  Epoch 22: 
| 3  Horizon | RMSE: 24.812, 23.846; MAE: 15.691, 15.470; MAPE: 11.340, 9.772; Q10: 3.690, 3.599; Q50: 7.846, 7.735; Q90: 3.765, 3.721;
| 6  Horizon | RMSE: 27.266, 26.327; MAE: 17.061, 16.919; MAPE: 12.887, 10.734; Q10: 4.019, 3.931; Q50: 8.530, 8.459; Q90: 4.251, 4.228;
| 12 Horizon | RMSE: 31.484, 30.265; MAE: 19.817, 19.561; MAPE: 15.987, 12.273; Q10: 4.650, 4.489; Q50: 9.909, 9.780; Q90: 5.056, 4.955;
epoch 22 time used: 74  seconds  train loss: 14.411 val loss: 5.653553 test loss: 5.573615
In spatial CL model  Epoch 23: 
| 3  Horizon | RMSE: 24.979, 23.857; MAE: 15.687, 15.402; MAPE: 12.244, 10.031; Q10: 3.721, 3.631; Q50: 7.843, 7.701; Q90: 3.776, 3.686;
| 6  Horizon | RMSE: 27.507, 26.312; MAE: 17.068, 16.795; MAPE: 13.520, 10.633; Q10: 4.026, 3.933; Q50: 8.534, 8.398; Q90: 4.178, 4.092;
| 12 Horizon | RMSE: 31.834, 30.469; MAE: 19.789, 19.600; MAPE: 16.579, 12.618; Q10: 4.656, 4.523; Q50: 9.895, 9.800; Q90: 5.123, 5.054;
In quantile CL model  Epoch 23: 
| 3  Horizon | RMSE: 24.694, 23.887; MAE: 15.655, 15.580; MAPE: 11.108, 10.052; Q10: 3.730, 3.657; Q50: 7.828, 7.790; Q90: 3.747, 3.745;
| 6  Horizon | RMSE: 27.169, 26.483; MAE: 17.080, 17.169; MAPE: 12.146, 10.799; Q10: 4.045, 3.999; Q50: 8.540, 8.584; Q90: 4.238, 4.290;
| 12 Horizon | RMSE: 31.434, 30.553; MAE: 19.885, 20.011; MAPE: 14.648, 12.476; Q10: 4.615, 4.539; Q50: 9.943, 10.006; Q90: 5.308, 5.385;
In temporal CL model  Epoch 23: 
| 3  Horizon | RMSE: 24.814, 23.846; MAE: 15.693, 15.470; MAPE: 11.341, 9.772; Q10: 3.690, 3.599; Q50: 7.846, 7.735; Q90: 3.765, 3.721;
| 6  Horizon | RMSE: 27.272, 26.327; MAE: 17.063, 16.919; MAPE: 12.892, 10.734; Q10: 4.020, 3.931; Q50: 8.531, 8.459; Q90: 4.251, 4.228;
| 12 Horizon | RMSE: 31.493, 30.265; MAE: 19.823, 19.561; MAPE: 15.992, 12.273; Q10: 4.652, 4.489; Q50: 9.911, 9.780; Q90: 5.057, 4.955;
epoch 23 time used: 74  seconds  train loss: 14.386 val loss: 5.654405 test loss: 5.573615
In spatial CL model  Epoch 24: 
| 3  Horizon | RMSE: 25.208, 23.988; MAE: 15.842, 15.486; MAPE: 12.502, 10.208; Q10: 3.737, 3.628; Q50: 7.921, 7.743; Q90: 3.725, 3.619;
| 6  Horizon | RMSE: 27.615, 26.285; MAE: 17.047, 16.685; MAPE: 13.924, 10.931; Q10: 4.046, 3.943; Q50: 8.524, 8.342; Q90: 4.097, 3.975;
| 12 Horizon | RMSE: 31.840, 30.272; MAE: 19.635, 19.285; MAPE: 16.700, 12.690; Q10: 4.672, 4.532; Q50: 9.818, 9.642; Q90: 4.981, 4.821;
In quantile CL model  Epoch 24: 
| 3  Horizon | RMSE: 24.868, 23.955; MAE: 15.763, 15.564; MAPE: 11.129, 9.973; Q10: 3.722, 3.631; Q50: 7.881, 7.782; Q90: 3.757, 3.711;
| 6  Horizon | RMSE: 27.427, 26.571; MAE: 17.230, 17.143; MAPE: 12.232, 10.735; Q10: 4.046, 3.967; Q50: 8.615, 8.572; Q90: 4.294, 4.280;
| 12 Horizon | RMSE: 32.082, 30.890; MAE: 20.303, 20.201; MAPE: 14.800, 12.404; Q10: 4.639, 4.510; Q50: 10.151, 10.100; Q90: 5.498, 5.435;
In temporal CL model  Epoch 24: 
| 3  Horizon | RMSE: 24.814, 23.846; MAE: 15.691, 15.470; MAPE: 11.345, 9.772; Q10: 3.690, 3.599; Q50: 7.846, 7.735; Q90: 3.764, 3.721;
| 6  Horizon | RMSE: 27.265, 26.327; MAE: 17.061, 16.919; MAPE: 12.899, 10.734; Q10: 4.019, 3.931; Q50: 8.530, 8.459; Q90: 4.250, 4.228;
| 12 Horizon | RMSE: 31.491, 30.265; MAE: 19.820, 19.561; MAPE: 16.004, 12.273; Q10: 4.652, 4.489; Q50: 9.910, 9.780; Q90: 5.056, 4.955;
epoch 24 time used: 73  seconds  train loss: 14.368 val loss: 5.653436 test loss: 5.573615
In spatial CL model  Epoch 25: 
| 3  Horizon | RMSE: 25.156, 23.968; MAE: 15.799, 15.482; MAPE: 12.704, 10.188; Q10: 3.828, 3.742; Q50: 7.900, 7.741; Q90: 3.733, 3.628;
| 6  Horizon | RMSE: 27.738, 26.445; MAE: 17.154, 16.867; MAPE: 14.499, 11.241; Q10: 4.106, 4.021; Q50: 8.577, 8.434; Q90: 4.153, 4.047;
| 12 Horizon | RMSE: 31.990, 30.521; MAE: 19.707, 19.487; MAPE: 17.407, 13.035; Q10: 4.745, 4.635; Q50: 9.854, 9.743; Q90: 5.047, 4.920;
In quantile CL model  Epoch 25: 
| 3  Horizon | RMSE: 24.866, 24.049; MAE: 15.768, 15.681; MAPE: 11.242, 10.110; Q10: 3.763, 3.690; Q50: 7.884, 7.840; Q90: 3.798, 3.782;
| 6  Horizon | RMSE: 27.388, 26.689; MAE: 17.190, 17.285; MAPE: 12.471, 11.114; Q10: 4.076, 4.036; Q50: 8.595, 8.643; Q90: 4.294, 4.338;
| 12 Horizon | RMSE: 31.907, 31.094; MAE: 20.149, 20.385; MAPE: 15.131, 12.933; Q10: 4.680, 4.641; Q50: 10.075, 10.192; Q90: 5.418, 5.471;
In temporal CL model  Epoch 25: 
| 3  Horizon | RMSE: 24.806, 23.846; MAE: 15.687, 15.470; MAPE: 11.340, 9.772; Q10: 3.688, 3.599; Q50: 7.844, 7.735; Q90: 3.764, 3.721;
| 6  Horizon | RMSE: 27.264, 26.327; MAE: 17.057, 16.919; MAPE: 12.890, 10.734; Q10: 4.019, 3.931; Q50: 8.528, 8.459; Q90: 4.250, 4.228;
| 12 Horizon | RMSE: 31.488, 30.265; MAE: 19.819, 19.561; MAPE: 15.995, 12.273; Q10: 4.651, 4.489; Q50: 9.909, 9.780; Q90: 5.055, 4.955;
epoch 25 time used: 75  seconds  train loss: 14.306 val loss: 5.652678 test loss: 5.573615
In spatial CL model  Epoch 26: 
| 3  Horizon | RMSE: 25.183, 23.927; MAE: 15.796, 15.453; MAPE: 12.780, 10.174; Q10: 3.739, 3.624; Q50: 7.898, 7.727; Q90: 3.742, 3.633;
| 6  Horizon | RMSE: 27.784, 26.402; MAE: 17.123, 16.780; MAPE: 14.156, 10.823; Q10: 4.070, 3.963; Q50: 8.562, 8.390; Q90: 4.194, 4.075;
| 12 Horizon | RMSE: 32.186, 30.529; MAE: 19.768, 19.400; MAPE: 17.003, 12.432; Q10: 4.684, 4.521; Q50: 9.884, 9.700; Q90: 5.150, 4.992;
In quantile CL model  Epoch 26: 
| 3  Horizon | RMSE: 24.926, 24.091; MAE: 15.803, 15.715; MAPE: 11.223, 10.121; Q10: 3.731, 3.649; Q50: 7.902, 7.857; Q90: 3.785, 3.767;
| 6  Horizon | RMSE: 27.579, 26.827; MAE: 17.322, 17.378; MAPE: 12.260, 10.855; Q10: 4.063, 4.002; Q50: 8.661, 8.689; Q90: 4.339, 4.357;
| 12 Horizon | RMSE: 32.088, 31.081; MAE: 20.233, 20.313; MAPE: 14.742, 12.478; Q10: 4.639, 4.546; Q50: 10.116, 10.156; Q90: 5.542, 5.561;
In temporal CL model  Epoch 26: 
| 3  Horizon | RMSE: 24.813, 23.846; MAE: 15.691, 15.470; MAPE: 11.340, 9.772; Q10: 3.690, 3.599; Q50: 7.846, 7.735; Q90: 3.765, 3.721;
| 6  Horizon | RMSE: 27.270, 26.327; MAE: 17.062, 16.919; MAPE: 12.891, 10.734; Q10: 4.019, 3.931; Q50: 8.531, 8.459; Q90: 4.251, 4.228;
| 12 Horizon | RMSE: 31.492, 30.265; MAE: 19.821, 19.561; MAPE: 15.994, 12.273; Q10: 4.651, 4.489; Q50: 9.911, 9.780; Q90: 5.057, 4.955;
epoch 26 time used: 75  seconds  train loss: 14.294 val loss: 5.654186 test loss: 5.573615
In spatial CL model  Epoch 27: 
| 3  Horizon | RMSE: 25.038, 23.813; MAE: 15.701, 15.376; MAPE: 12.776, 10.144; Q10: 3.753, 3.659; Q50: 7.850, 7.688; Q90: 3.722, 3.615;
| 6  Horizon | RMSE: 27.518, 26.156; MAE: 16.966, 16.634; MAPE: 14.201, 10.800; Q10: 4.038, 3.937; Q50: 8.483, 8.317; Q90: 4.157, 4.040;
| 12 Horizon | RMSE: 31.718, 29.991; MAE: 19.513, 19.154; MAPE: 17.299, 12.617; Q10: 4.663, 4.509; Q50: 9.757, 9.577; Q90: 5.017, 4.850;
In quantile CL model  Epoch 27: 
| 3  Horizon | RMSE: 24.748, 23.938; MAE: 15.659, 15.592; MAPE: 11.091, 10.065; Q10: 3.703, 3.641; Q50: 7.829, 7.796; Q90: 3.771, 3.754;
| 6  Horizon | RMSE: 27.278, 26.501; MAE: 17.090, 17.122; MAPE: 12.089, 10.770; Q10: 4.008, 3.959; Q50: 8.545, 8.561; Q90: 4.319, 4.326;
| 12 Horizon | RMSE: 31.639, 30.557; MAE: 19.940, 19.977; MAPE: 14.648, 12.422; Q10: 4.596, 4.521; Q50: 9.970, 9.988; Q90: 5.382, 5.363;
In temporal CL model  Epoch 27: 
| 3  Horizon | RMSE: 24.809, 23.846; MAE: 15.694, 15.470; MAPE: 11.333, 9.772; Q10: 3.690, 3.599; Q50: 7.847, 7.735; Q90: 3.766, 3.721;
| 6  Horizon | RMSE: 27.261, 26.327; MAE: 17.061, 16.919; MAPE: 12.890, 10.734; Q10: 4.018, 3.931; Q50: 8.531, 8.459; Q90: 4.251, 4.228;
| 12 Horizon | RMSE: 31.497, 30.265; MAE: 19.824, 19.561; MAPE: 15.997, 12.273; Q10: 4.653, 4.489; Q50: 9.912, 9.780; Q90: 5.057, 4.955;
epoch 27 time used: 74  seconds  train loss: 14.282 val loss: 5.654563 test loss: 5.573615
In spatial CL model  Epoch 28: 
| 3  Horizon | RMSE: 25.098, 23.916; MAE: 15.738, 15.444; MAPE: 12.672, 10.195; Q10: 3.730, 3.647; Q50: 7.869, 7.722; Q90: 3.729, 3.630;
| 6  Horizon | RMSE: 27.658, 26.331; MAE: 17.104, 16.806; MAPE: 14.549, 11.305; Q10: 4.120, 4.051; Q50: 8.552, 8.403; Q90: 4.115, 4.000;
| 12 Horizon | RMSE: 31.818, 30.206; MAE: 19.633, 19.333; MAPE: 17.244, 12.808; Q10: 4.687, 4.562; Q50: 9.817, 9.667; Q90: 5.008, 4.856;
In quantile CL model  Epoch 28: 
| 3  Horizon | RMSE: 24.818, 24.023; MAE: 15.701, 15.630; MAPE: 11.092, 9.999; Q10: 3.722, 3.657; Q50: 7.850, 7.815; Q90: 3.749, 3.735;
| 6  Horizon | RMSE: 27.227, 26.475; MAE: 17.060, 17.097; MAPE: 12.379, 11.037; Q10: 4.064, 4.014; Q50: 8.530, 8.549; Q90: 4.191, 4.200;
| 12 Horizon | RMSE: 31.725, 30.813; MAE: 20.042, 20.173; MAPE: 14.735, 12.548; Q10: 4.627, 4.561; Q50: 10.021, 10.086; Q90: 5.311, 5.323;
In temporal CL model  Epoch 28: 
| 3  Horizon | RMSE: 24.811, 23.846; MAE: 15.689, 15.470; MAPE: 11.345, 9.772; Q10: 3.689, 3.599; Q50: 7.844, 7.735; Q90: 3.764, 3.721;
| 6  Horizon | RMSE: 27.267, 26.327; MAE: 17.059, 16.919; MAPE: 12.896, 10.734; Q10: 4.019, 3.931; Q50: 8.529, 8.459; Q90: 4.250, 4.228;
| 12 Horizon | RMSE: 31.492, 30.265; MAE: 19.819, 19.561; MAPE: 15.998, 12.273; Q10: 4.652, 4.489; Q50: 9.909, 9.780; Q90: 5.055, 4.955;
epoch 28 time used: 71  seconds  train loss: 14.265 val loss: 5.652917 test loss: 5.573615
In spatial CL model  Epoch 29: 
| 3  Horizon | RMSE: 25.155, 23.909; MAE: 15.725, 15.369; MAPE: 12.531, 9.888; Q10: 3.701, 3.593; Q50: 7.863, 7.685; Q90: 3.755, 3.644;
| 6  Horizon | RMSE: 27.713, 26.294; MAE: 17.051, 16.677; MAPE: 14.046, 10.579; Q10: 4.019, 3.908; Q50: 8.525, 8.339; Q90: 4.216, 4.096;
| 12 Horizon | RMSE: 31.948, 30.125; MAE: 19.649, 19.230; MAPE: 17.284, 12.521; Q10: 4.678, 4.516; Q50: 9.824, 9.615; Q90: 5.122, 4.919;
In quantile CL model  Epoch 29: 
| 3  Horizon | RMSE: 24.897, 24.170; MAE: 15.805, 15.813; MAPE: 11.227, 10.097; Q10: 3.723, 3.672; Q50: 7.902, 7.907; Q90: 3.802, 3.809;
| 6  Horizon | RMSE: 27.595, 27.020; MAE: 17.413, 17.612; MAPE: 12.409, 10.981; Q10: 4.058, 4.028; Q50: 8.707, 8.806; Q90: 4.446, 4.543;
| 12 Horizon | RMSE: 32.304, 31.524; MAE: 20.539, 20.807; MAPE: 15.172, 12.823; Q10: 4.684, 4.629; Q50: 10.269, 10.403; Q90: 5.725, 5.841;
In temporal CL model  Epoch 29: 
| 3  Horizon | RMSE: 24.791, 23.846; MAE: 15.680, 15.470; MAPE: 11.344, 9.772; Q10: 3.688, 3.599; Q50: 7.840, 7.735; Q90: 3.762, 3.721;
| 6  Horizon | RMSE: 27.261, 26.327; MAE: 17.055, 16.919; MAPE: 12.896, 10.734; Q10: 4.018, 3.931; Q50: 8.527, 8.459; Q90: 4.250, 4.228;
| 12 Horizon | RMSE: 31.474, 30.265; MAE: 19.807, 19.561; MAPE: 15.996, 12.273; Q10: 4.648, 4.489; Q50: 9.904, 9.780; Q90: 5.053, 4.955;
epoch 29 time used: 69  seconds  train loss: 14.252 val loss: 5.65083 test loss: 5.573615
In spatial CL model  Epoch 30: 
| 3  Horizon | RMSE: 25.156, 23.915; MAE: 15.735, 15.359; MAPE: 12.513, 9.752; Q10: 3.704, 3.595; Q50: 7.867, 7.679; Q90: 3.746, 3.637;
| 6  Horizon | RMSE: 27.750, 26.376; MAE: 17.074, 16.717; MAPE: 14.085, 10.573; Q10: 4.028, 3.918; Q50: 8.537, 8.359; Q90: 4.204, 4.085;
| 12 Horizon | RMSE: 32.101, 30.387; MAE: 19.727, 19.344; MAPE: 17.260, 12.398; Q10: 4.671, 4.507; Q50: 9.863, 9.672; Q90: 5.207, 5.050;
In quantile CL model  Epoch 30: 
| 3  Horizon | RMSE: 24.918, 24.165; MAE: 15.812, 15.766; MAPE: 11.101, 9.858; Q10: 3.723, 3.650; Q50: 7.906, 7.883; Q90: 3.786, 3.778;
| 6  Horizon | RMSE: 27.540, 26.818; MAE: 17.292, 17.370; MAPE: 12.235, 10.712; Q10: 4.057, 3.997; Q50: 8.646, 8.685; Q90: 4.388, 4.430;
| 12 Horizon | RMSE: 32.112, 31.142; MAE: 20.257, 20.414; MAPE: 14.897, 12.485; Q10: 4.652, 4.567; Q50: 10.128, 10.207; Q90: 5.628, 5.694;
In temporal CL model  Epoch 30: 
| 3  Horizon | RMSE: 24.808, 23.846; MAE: 15.688, 15.470; MAPE: 11.344, 9.772; Q10: 3.689, 3.599; Q50: 7.844, 7.735; Q90: 3.764, 3.721;
| 6  Horizon | RMSE: 27.263, 26.327; MAE: 17.057, 16.919; MAPE: 12.889, 10.734; Q10: 4.018, 3.931; Q50: 8.529, 8.459; Q90: 4.250, 4.228;
| 12 Horizon | RMSE: 31.487, 30.265; MAE: 19.818, 19.561; MAPE: 15.986, 12.273; Q10: 4.650, 4.489; Q50: 9.909, 9.780; Q90: 5.056, 4.955;
epoch 30 time used: 68  seconds  train loss: 14.211 val loss: 5.652677 test loss: 5.573615
In spatial CL model  Epoch 31: 
| 3  Horizon | RMSE: 25.076, 23.832; MAE: 15.697, 15.381; MAPE: 12.765, 10.093; Q10: 3.736, 3.650; Q50: 7.849, 7.690; Q90: 3.744, 3.637;
| 6  Horizon | RMSE: 27.594, 26.182; MAE: 16.996, 16.665; MAPE: 14.315, 10.819; Q10: 4.065, 3.973; Q50: 8.498, 8.332; Q90: 4.188, 4.077;
| 12 Horizon | RMSE: 31.791, 30.005; MAE: 19.570, 19.222; MAPE: 17.648, 12.819; Q10: 4.733, 4.597; Q50: 9.785, 9.611; Q90: 5.084, 4.920;
***************************
***************************
spatial CL model  Early stopping at epoch: 31
***************************
***************************
In quantile CL model  Epoch 31: 
| 3  Horizon | RMSE: 24.864, 24.176; MAE: 15.794, 15.840; MAPE: 11.162, 10.030; Q10: 3.731, 3.674; Q50: 7.897, 7.920; Q90: 3.811, 3.838;
| 6  Horizon | RMSE: 27.425, 26.840; MAE: 17.276, 17.471; MAPE: 12.298, 10.859; Q10: 4.047, 4.003; Q50: 8.638, 8.735; Q90: 4.463, 4.587;
| 12 Horizon | RMSE: 31.821, 30.967; MAE: 20.174, 20.400; MAPE: 15.042, 12.657; Q10: 4.645, 4.572; Q50: 10.087, 10.200; Q90: 5.635, 5.765;
In temporal CL model  Epoch 31: 
| 3  Horizon | RMSE: 24.815, 23.846; MAE: 15.695, 15.470; MAPE: 11.342, 9.772; Q10: 3.690, 3.599; Q50: 7.848, 7.735; Q90: 3.766, 3.721;
| 6  Horizon | RMSE: 27.276, 26.327; MAE: 17.065, 16.919; MAPE: 12.887, 10.734; Q10: 4.020, 3.931; Q50: 8.533, 8.459; Q90: 4.252, 4.228;
| 12 Horizon | RMSE: 31.497, 30.265; MAE: 19.826, 19.561; MAPE: 15.981, 12.273; Q10: 4.653, 4.489; Q50: 9.913, 9.780; Q90: 5.058, 4.955;
epoch 31 time used: 68  seconds  train loss: 14.201 val loss: 5.655493 test loss: 5.573615
In spatial CL model  Epoch 32: 
| 3  Horizon | RMSE: 25.055, 23.832; MAE: 15.689, 15.381; MAPE: 12.762, 10.093; Q10: 3.733, 3.650; Q50: 7.844, 7.690; Q90: 3.742, 3.637;
| 6  Horizon | RMSE: 27.578, 26.182; MAE: 16.988, 16.665; MAPE: 14.313, 10.819; Q10: 4.062, 3.973; Q50: 8.494, 8.332; Q90: 4.187, 4.077;
| 12 Horizon | RMSE: 31.784, 30.005; MAE: 19.564, 19.222; MAPE: 17.637, 12.819; Q10: 4.730, 4.597; Q50: 9.782, 9.611; Q90: 5.083, 4.920;
In quantile CL model  Epoch 32: 
| 3  Horizon | RMSE: 24.925, 24.054; MAE: 15.743, 15.635; MAPE: 11.337, 10.148; Q10: 3.744, 3.669; Q50: 7.871, 7.818; Q90: 3.755, 3.725;
| 6  Horizon | RMSE: 27.486, 26.669; MAE: 17.164, 17.188; MAPE: 12.465, 10.958; Q10: 4.072, 4.016; Q50: 8.582, 8.594; Q90: 4.304, 4.324;
| 12 Horizon | RMSE: 32.270, 31.238; MAE: 20.269, 20.403; MAPE: 15.028, 12.599; Q10: 4.678, 4.599; Q50: 10.134, 10.202; Q90: 5.561, 5.589;
***************************
***************************
quantile CL model  Early stopping at epoch: 32
***************************
***************************
In temporal CL model  Epoch 32: 
| 3  Horizon | RMSE: 24.782, 23.846; MAE: 15.674, 15.470; MAPE: 11.340, 9.772; Q10: 3.686, 3.599; Q50: 7.837, 7.735; Q90: 3.759, 3.721;
| 6  Horizon | RMSE: 27.245, 26.327; MAE: 17.046, 16.919; MAPE: 12.894, 10.734; Q10: 4.017, 3.931; Q50: 8.523, 8.459; Q90: 4.246, 4.228;
| 12 Horizon | RMSE: 31.465, 30.265; MAE: 19.804, 19.561; MAPE: 15.997, 12.273; Q10: 4.648, 4.489; Q50: 9.902, 9.780; Q90: 5.050, 4.955;
epoch 32 time used: 41  seconds  train loss: 14.169 val loss: 5.648469 test loss: 5.573615
***************************
***************************
stacking start: 
***************************
***************************
In Stacking model  Epoch 0: 
| 3  Horizon | RMSE: 24.493, 23.580; MAE: 15.457, 15.275; MAPE: 11.489, 10.074; Q10: 3.611, 3.539; Q50: 7.729, 7.638; Q90: 3.633, 3.578;
| 6  Horizon | RMSE: 26.788, 25.872; MAE: 16.708, 16.601; MAPE: 12.845, 10.915; Q10: 3.916, 3.852; Q50: 8.354, 8.300; Q90: 4.063, 4.054;
| 12 Horizon | RMSE: 30.755, 29.576; MAE: 19.340, 19.236; MAPE: 15.694, 12.832; Q10: 4.511, 4.382; Q50: 9.670, 9.618; Q90: 4.945, 4.937;
----------val loss is :  5.498806 ----------test loss is :  5.449091
In Stacking model  Epoch 1: 
| 3  Horizon | RMSE: 24.809, 23.953; MAE: 15.896, 15.836; MAPE: 12.394, 10.971; Q10: 3.723, 3.674; Q50: 7.948, 7.918; Q90: 3.646, 3.546;
| 6  Horizon | RMSE: 27.154, 26.281; MAE: 17.189, 17.215; MAPE: 13.750, 11.809; Q10: 4.057, 4.012; Q50: 8.595, 8.607; Q90: 4.029, 3.977;
| 12 Horizon | RMSE: 31.150, 30.007; MAE: 19.877, 19.910; MAPE: 16.625, 13.815; Q10: 4.671, 4.570; Q50: 9.939, 9.955; Q90: 4.891, 4.844;
----------val loss is :  5.617066 ----------test loss is :  5.581833
In Stacking model  Epoch 2: 
| 3  Horizon | RMSE: 24.476, 23.512; MAE: 15.418, 15.181; MAPE: 11.346, 9.787; Q10: 3.647, 3.553; Q50: 7.709, 7.591; Q90: 3.624, 3.552;
| 6  Horizon | RMSE: 26.810, 25.835; MAE: 16.681, 16.537; MAPE: 12.665, 10.616; Q10: 3.964, 3.873; Q50: 8.340, 8.268; Q90: 4.033, 4.002;
| 12 Horizon | RMSE: 30.702, 29.463; MAE: 19.222, 19.107; MAPE: 15.347, 12.432; Q10: 4.546, 4.410; Q50: 9.611, 9.553; Q90: 4.917, 4.887;
----------val loss is :  5.495154 ----------test loss is :  5.424963
In Stacking model  Epoch 3: 
| 3  Horizon | RMSE: 24.465, 23.494; MAE: 15.435, 15.152; MAPE: 11.242, 9.582; Q10: 3.640, 3.543; Q50: 7.717, 7.576; Q90: 3.619, 3.536;
| 6  Horizon | RMSE: 26.811, 25.822; MAE: 16.699, 16.506; MAPE: 12.529, 10.391; Q10: 3.950, 3.852; Q50: 8.350, 8.253; Q90: 4.013, 3.967;
| 12 Horizon | RMSE: 30.671, 29.426; MAE: 19.177, 19.022; MAPE: 15.078, 12.086; Q10: 4.518, 4.373; Q50: 9.588, 9.511; Q90: 4.886, 4.843;
----------val loss is :  5.485394 ----------test loss is :  5.400258
In Stacking model  Epoch 4: 
| 3  Horizon | RMSE: 24.422, 23.402; MAE: 15.384, 15.057; MAPE: 11.334, 9.659; Q10: 3.650, 3.543; Q50: 7.692, 7.529; Q90: 3.642, 3.521;
| 6  Horizon | RMSE: 26.700, 25.673; MAE: 16.590, 16.361; MAPE: 12.621, 10.464; Q10: 3.954, 3.851; Q50: 8.295, 8.180; Q90: 3.994, 3.909;
| 12 Horizon | RMSE: 30.479, 29.191; MAE: 19.013, 18.829; MAPE: 15.216, 12.197; Q10: 4.513, 4.364; Q50: 9.507, 9.414; Q90: 4.836, 4.752;
----------val loss is :  5.46772 ----------test loss is :  5.36039
In Stacking model  Epoch 5: 
| 3  Horizon | RMSE: 24.414, 23.407; MAE: 15.380, 15.069; MAPE: 11.314, 9.621; Q10: 3.641, 3.552; Q50: 7.690, 7.534; Q90: 3.649, 3.593;
| 6  Horizon | RMSE: 26.708, 25.693; MAE: 16.601, 16.390; MAPE: 12.594, 10.426; Q10: 3.956, 3.872; Q50: 8.300, 8.195; Q90: 4.066, 4.048;
| 12 Horizon | RMSE: 30.493, 29.224; MAE: 19.037, 18.865; MAPE: 15.189, 12.142; Q10: 4.539, 4.408; Q50: 9.518, 9.433; Q90: 4.968, 4.950;
----------val loss is :  5.490223 ----------test loss is :  5.414802
In Stacking model  Epoch 6: 
| 3  Horizon | RMSE: 24.499, 23.542; MAE: 15.449, 15.244; MAPE: 11.391, 9.781; Q10: 3.647, 3.547; Q50: 7.724, 7.622; Q90: 3.651, 3.593;
| 6  Horizon | RMSE: 26.857, 25.883; MAE: 16.739, 16.631; MAPE: 12.706, 10.612; Q10: 3.948, 3.849; Q50: 8.369, 8.316; Q90: 4.077, 4.057;
| 12 Horizon | RMSE: 30.734, 29.491; MAE: 19.285, 19.191; MAPE: 15.365, 12.399; Q10: 4.510, 4.360; Q50: 9.643, 9.595; Q90: 4.993, 4.973;
----------val loss is :  5.514714 ----------test loss is :  5.449563
In Stacking model  Epoch 7: 
| 3  Horizon | RMSE: 24.478, 23.395; MAE: 15.480, 15.051; MAPE: 11.336, 9.541; Q10: 3.725, 3.601; Q50: 7.740, 7.525; Q90: 3.630, 3.515;
| 6  Horizon | RMSE: 26.719, 25.630; MAE: 16.638, 16.306; MAPE: 12.565, 10.298; Q10: 4.009, 3.890; Q50: 8.319, 8.153; Q90: 3.985, 3.900;
| 12 Horizon | RMSE: 30.415, 29.072; MAE: 18.950, 18.664; MAPE: 15.014, 11.869; Q10: 4.531, 4.366; Q50: 9.475, 9.332; Q90: 4.831, 4.744;
----------val loss is :  5.490692 ----------test loss is :  5.360194
In Stacking model  Epoch 8: 
| 3  Horizon | RMSE: 24.742, 23.843; MAE: 15.862, 15.797; MAPE: 12.548, 10.995; Q10: 3.648, 3.563; Q50: 7.931, 7.898; Q90: 3.623, 3.538;
| 6  Horizon | RMSE: 27.074, 26.155; MAE: 17.158, 17.181; MAPE: 13.897, 11.825; Q10: 3.964, 3.882; Q50: 8.579, 8.591; Q90: 4.001, 3.946;
| 12 Horizon | RMSE: 30.937, 29.746; MAE: 19.747, 19.774; MAPE: 16.695, 13.754; Q10: 4.552, 4.420; Q50: 9.874, 9.887; Q90: 4.874, 4.812;
----------val loss is :  5.565706 ----------test loss is :  5.517832
In Stacking model  Epoch 9: 
| 3  Horizon | RMSE: 24.430, 23.451; MAE: 15.387, 15.159; MAPE: 11.436, 9.792; Q10: 3.649, 3.548; Q50: 7.693, 7.579; Q90: 3.622, 3.533;
| 6  Horizon | RMSE: 26.738, 25.758; MAE: 16.642, 16.518; MAPE: 12.745, 10.613; Q10: 3.946, 3.849; Q50: 8.321, 8.259; Q90: 4.004, 3.949;
| 12 Horizon | RMSE: 30.552, 29.307; MAE: 19.138, 19.036; MAPE: 15.417, 12.397; Q10: 4.504, 4.355; Q50: 9.569, 9.518; Q90: 4.881, 4.826;
----------val loss is :  5.476784 ----------test loss is :  5.39706
In Stacking model  Epoch 10: 
| 3  Horizon | RMSE: 24.426, 23.438; MAE: 15.382, 15.136; MAPE: 11.373, 9.699; Q10: 3.637, 3.541; Q50: 7.691, 7.568; Q90: 3.649, 3.530;
| 6  Horizon | RMSE: 26.747, 25.747; MAE: 16.643, 16.495; MAPE: 12.675, 10.516; Q10: 3.947, 3.853; Q50: 8.321, 8.248; Q90: 4.015, 3.931;
| 12 Horizon | RMSE: 30.563, 29.291; MAE: 19.126, 18.998; MAPE: 15.312, 12.267; Q10: 4.519, 4.378; Q50: 9.563, 9.499; Q90: 4.880, 4.797;
----------val loss is :  5.482207 ----------test loss is :  5.390753
In Stacking model  Epoch 11: 
| 3  Horizon | RMSE: 24.402, 23.393; MAE: 15.377, 15.062; MAPE: 11.287, 9.577; Q10: 3.653, 3.556; Q50: 7.688, 7.531; Q90: 3.630, 3.556;
| 6  Horizon | RMSE: 26.698, 25.676; MAE: 16.599, 16.387; MAPE: 12.543, 10.371; Q10: 3.947, 3.852; Q50: 8.299, 8.193; Q90: 4.035, 3.995;
| 12 Horizon | RMSE: 30.459, 29.180; MAE: 19.012, 18.837; MAPE: 15.128, 12.050; Q10: 4.499, 4.352; Q50: 9.506, 9.418; Q90: 4.935, 4.898;
----------val loss is :  5.478296 ----------test loss is :  5.391036
In Stacking model  Epoch 12: 
| 3  Horizon | RMSE: 24.414, 23.417; MAE: 15.369, 15.105; MAPE: 11.359, 9.681; Q10: 3.650, 3.550; Q50: 7.684, 7.552; Q90: 3.628, 3.555;
| 6  Horizon | RMSE: 26.716, 25.715; MAE: 16.612, 16.451; MAPE: 12.646, 10.491; Q10: 3.946, 3.848; Q50: 8.306, 8.225; Q90: 4.022, 3.982;
| 12 Horizon | RMSE: 30.515, 29.242; MAE: 19.077, 18.940; MAPE: 15.272, 12.231; Q10: 4.502, 4.352; Q50: 9.538, 9.470; Q90: 4.908, 4.866;
----------val loss is :  5.475917 ----------test loss is :  5.395295
In Stacking model  Epoch 13: 
| 3  Horizon | RMSE: 24.443, 23.468; MAE: 15.400, 15.157; MAPE: 11.309, 9.637; Q10: 3.636, 3.543; Q50: 7.700, 7.579; Q90: 3.636, 3.566;
| 6  Horizon | RMSE: 26.777, 25.792; MAE: 16.670, 16.528; MAPE: 12.598, 10.451; Q10: 3.949, 3.861; Q50: 8.335, 8.264; Q90: 4.045, 4.011;
| 12 Horizon | RMSE: 30.601, 29.349; MAE: 19.158, 19.032; MAPE: 15.208, 12.172; Q10: 4.526, 4.391; Q50: 9.579, 9.516; Q90: 4.952, 4.918;
----------val loss is :  5.49403 ----------test loss is :  5.422419
In Stacking model  Epoch 14: 
| 3  Horizon | RMSE: 24.403, 23.398; MAE: 15.362, 15.076; MAPE: 11.370, 9.680; Q10: 3.636, 3.541; Q50: 7.681, 7.538; Q90: 3.632, 3.561;
| 6  Horizon | RMSE: 26.702, 25.679; MAE: 16.593, 16.405; MAPE: 12.655, 10.484; Q10: 3.948, 3.857; Q50: 8.297, 8.203; Q90: 4.033, 3.994;
| 12 Horizon | RMSE: 30.481, 29.185; MAE: 19.037, 18.878; MAPE: 15.284, 12.220; Q10: 4.523, 4.385; Q50: 9.518, 9.439; Q90: 4.931, 4.888;
----------val loss is :  5.477112 ----------test loss is :  5.396294
***************************
***************************
Stack Model Early stopping at epoch: 14
***************************
***************************
Model  stgcn3  Best Results:
Epoch {'spatial CL model': 21, 'quantile CL model': 22, 'temporal CL model': 10}: 
=        =        Horizon  3        =        =        =        =        Horizon  6        =        =        =        =        Horizon  12       =        =       
RMSE     MAE      MAPE     Q10      Q50      Q90      RMSE     MAE      MAPE     Q10      Q50      Q90      RMSE     MAE      MAPE     Q10      Q50      Q90     
23.402   15.057   9.659    3.543    7.529    3.521    25.673   16.361   10.464   3.851    8.180    3.909    29.191   18.829   12.197   4.364    9.414    4.752   
Model Training Ended ... Mon Apr  8 18:37:49 2024
