nohup: ignoring input
pdate shape is:  (17856,)
./save/pems08_stgcn3_in12_out12_addtimeFalse_adjFalse_lr0.001_hc32_train0.6_val0.2_test0.2_seedNone_lossquantile_version1_note:stgcn_stacking_pems08 training started Mon Apr  8 17:41:49 2024
pdate shape is:  (17856,)
data load........
initial data shape is:  (17856, 170, 3)
train_mean shape : (170,)
train  :  (10695, 24, 170, 3)
val  :  (3566, 24, 170, 3)
test  :  (3561, 24, 170, 3)
Model Training Started ... Mon Apr  8 17:41:50 2024
TIMESTEP_IN, TIMESTEP_OUT 12 12
LOSS is : quantile
CL target length = 1
qcl init quantile loss is [0.010000000000000009, 0.5, 0.99]
Quantile cl loss is [0.009999999999999995, 0.5, 0.99]
Temporal CL length = 2
Quantile cl loss is [0.020000000000000004, 0.5, 0.98]
Temporal CL length = 3
Quantile cl loss is [0.03, 0.5, 0.97]
Temporal CL length = 4
Spatial CL target length = 1
Quantile cl loss is [0.04, 0.5, 0.96]
Temporal CL length = 5
Spatial CL target length = 2
In spatial CL model  Epoch 0: 
| 3  Horizon | RMSE: 37.090, 35.660; MAE: 25.877, 25.397; MAPE: 19.448, 17.621; Q10: 5.495, 5.277; Q50: 12.939, 12.699; Q90: 6.648, 6.455;
| 6  Horizon | RMSE: 42.010, 40.335; MAE: 29.000, 28.289; MAPE: 21.110, 19.036; Q10: 6.127, 5.840; Q50: 14.500, 14.145; Q90: 7.640, 7.373;
| 12 Horizon | RMSE: 55.120, 52.382; MAE: 37.276, 35.770; MAPE: 25.167, 22.434; Q10: 7.473, 7.080; Q50: 18.638, 17.885; Q90: 9.771, 9.447;
In quantile CL model  Epoch 0: 
| 3  Horizon | RMSE: 28.201, 26.490; MAE: 18.473, 17.729; MAPE: 13.388, 11.240; Q10: 5.175, 5.048; Q50: 9.237, 8.864; Q90: 5.089, 4.955;
| 6  Horizon | RMSE: 30.875, 29.076; MAE: 19.996, 19.223; MAPE: 14.425, 12.231; Q10: 5.861, 5.702; Q50: 9.998, 9.611; Q90: 5.472, 5.338;
| 12 Horizon | RMSE: 35.658, 33.835; MAE: 23.375, 22.597; MAPE: 17.189, 14.501; Q10: 6.345, 6.084; Q50: 11.687, 11.298; Q90: 6.855, 6.797;
In temporal CL model  Epoch 0: 
| 3  Horizon | RMSE: 27.584, 26.089; MAE: 18.158, 17.585; MAPE: 13.676, 12.310; Q10: 4.151, 3.968; Q50: 9.079, 8.792; Q90: 4.327, 4.173;
| 6  Horizon | RMSE: 113.149, 112.214; MAE: 90.066, 89.503; MAPE: 90.559, 84.788; Q10: 43.992, 44.433; Q50: 45.033, 44.751; Q90: 46.073, 45.070;
| 12 Horizon | RMSE: 113.034, 112.216; MAE: 89.982, 89.511; MAPE: 90.033, 85.004; Q10: 43.771, 44.595; Q50: 44.991, 44.755; Q90: 46.211, 44.916;
epoch 0 time used: 106  seconds  train loss: 19.172 val loss: 28.697919 test loss: 28.457448
Quantile cl loss is [0.05, 0.5, 0.95]
Temporal CL length = 6
Spatial CL target length = 3
Quantile cl loss is [0.06000000000000001, 0.5, 0.94]
Temporal CL length = 7
Spatial CL target length = 4
Quantile cl loss is [0.07, 0.5, 0.9299999999999999]
Temporal CL length = 8
Spatial CL target length = 5
Quantile cl loss is [0.08, 0.5, 0.92]
Temporal CL length = 9
Spatial CL target length = 6
In spatial CL model  Epoch 1: 
| 3  Horizon | RMSE: 27.888, 26.355; MAE: 18.141, 17.549; MAPE: 12.992, 11.194; Q10: 4.176, 3.973; Q50: 9.070, 8.774; Q90: 4.363, 4.208;
| 6  Horizon | RMSE: 30.603, 28.944; MAE: 19.938, 19.409; MAPE: 15.414, 13.316; Q10: 4.626, 4.383; Q50: 9.969, 9.704; Q90: 4.868, 4.708;
| 12 Horizon | RMSE: 35.730, 34.057; MAE: 24.030, 23.591; MAPE: 20.666, 17.548; Q10: 5.791, 5.572; Q50: 12.015, 11.795; Q90: 5.816, 5.668;
In quantile CL model  Epoch 1: 
| 3  Horizon | RMSE: 27.123, 25.866; MAE: 18.131, 17.771; MAPE: 15.209, 13.699; Q10: 4.257, 4.135; Q50: 9.066, 8.886; Q90: 4.250, 4.144;
| 6  Horizon | RMSE: 29.639, 28.474; MAE: 19.784, 19.516; MAPE: 16.621, 15.273; Q10: 4.546, 4.439; Q50: 9.892, 9.758; Q90: 4.759, 4.673;
| 12 Horizon | RMSE: 34.322, 33.510; MAE: 23.095, 23.107; MAPE: 19.556, 17.951; Q10: 5.315, 5.269; Q50: 11.548, 11.553; Q90: 5.636, 5.615;
In temporal CL model  Epoch 1: 
| 3  Horizon | RMSE: 26.684, 25.324; MAE: 17.500, 16.955; MAPE: 13.099, 11.593; Q10: 4.044, 3.889; Q50: 8.750, 8.478; Q90: 4.148, 3.983;
| 6  Horizon | RMSE: 29.781, 28.333; MAE: 19.505, 18.931; MAPE: 14.674, 12.917; Q10: 4.509, 4.336; Q50: 9.752, 9.466; Q90: 4.611, 4.450;
| 12 Horizon | RMSE: 112.927, 112.216; MAE: 89.877, 89.511; MAPE: 89.788, 85.004; Q10: 43.660, 44.595; Q50: 44.939, 44.755; Q90: 46.217, 44.916;
epoch 1 time used: 102  seconds  train loss: 18.02 val loss: 15.801458 test loss: 15.606756
Quantile cl loss is [0.09, 0.5, 0.91]
Temporal CL length = 10
Spatial CL target length = 7
Quantile cl loss is [0.1, 0.5, 0.9]
Temporal CL length = 11
Spatial CL target length = 8
Temporal CL length = 12
Spatial CL target length = 9
Temporal CL length = 13
Spatial CL target length = 10
In spatial CL model  Epoch 2: 
| 3  Horizon | RMSE: 26.879, 25.391; MAE: 17.449, 16.750; MAPE: 12.382, 10.861; Q10: 4.086, 3.908; Q50: 8.724, 8.375; Q90: 4.196, 4.015;
| 6  Horizon | RMSE: 29.500, 27.967; MAE: 19.089, 18.396; MAPE: 14.148, 12.049; Q10: 4.547, 4.326; Q50: 9.545, 9.198; Q90: 4.563, 4.408;
| 12 Horizon | RMSE: 33.992, 32.390; MAE: 22.344, 21.665; MAPE: 17.645, 14.475; Q10: 5.214, 4.960; Q50: 11.172, 10.832; Q90: 5.479, 5.322;
In quantile CL model  Epoch 2: 
| 3  Horizon | RMSE: 25.848, 24.640; MAE: 16.614, 16.182; MAPE: 12.034, 10.558; Q10: 3.987, 3.846; Q50: 8.307, 8.091; Q90: 3.921, 3.805;
| 6  Horizon | RMSE: 28.354, 27.289; MAE: 18.173, 17.794; MAPE: 13.070, 11.597; Q10: 4.340, 4.209; Q50: 9.087, 8.897; Q90: 4.286, 4.189;
| 12 Horizon | RMSE: 32.733, 31.710; MAE: 21.189, 20.809; MAPE: 15.485, 13.370; Q10: 4.940, 4.797; Q50: 10.594, 10.405; Q90: 5.041, 4.993;
In temporal CL model  Epoch 2: 
| 3  Horizon | RMSE: 26.434, 25.152; MAE: 17.274, 16.725; MAPE: 12.001, 10.857; Q10: 4.069, 3.938; Q50: 8.637, 8.362; Q90: 4.057, 3.894;
| 6  Horizon | RMSE: 29.168, 27.902; MAE: 19.014, 18.436; MAPE: 13.418, 12.000; Q10: 4.528, 4.368; Q50: 9.507, 9.218; Q90: 4.431, 4.280;
| 12 Horizon | RMSE: 34.586, 33.234; MAE: 22.982, 22.315; MAPE: 16.663, 14.502; Q10: 5.194, 5.018; Q50: 11.491, 11.158; Q90: 5.393, 5.251;
epoch 2 time used: 102  seconds  train loss: 17.551 val loss: 6.22818 test loss: 6.03772
In spatial CL model  Epoch 3: 
| 3  Horizon | RMSE: 26.191, 24.808; MAE: 16.842, 16.375; MAPE: 12.290, 10.577; Q10: 3.967, 3.822; Q50: 8.421, 8.187; Q90: 4.013, 3.874;
| 6  Horizon | RMSE: 28.433, 26.968; MAE: 18.205, 17.711; MAPE: 13.748, 11.471; Q10: 4.346, 4.187; Q50: 9.102, 8.855; Q90: 4.371, 4.252;
| 12 Horizon | RMSE: 32.612, 30.958; MAE: 21.122, 20.682; MAPE: 17.273, 14.024; Q10: 5.025, 4.796; Q50: 10.561, 10.341; Q90: 5.125, 5.045;
In quantile CL model  Epoch 3: 
| 3  Horizon | RMSE: 25.323, 24.403; MAE: 16.306, 16.126; MAPE: 11.531, 10.502; Q10: 3.885, 3.787; Q50: 8.153, 8.063; Q90: 3.851, 3.796;
| 6  Horizon | RMSE: 27.722, 26.940; MAE: 17.650, 17.542; MAPE: 12.472, 11.294; Q10: 4.201, 4.102; Q50: 8.825, 8.771; Q90: 4.231, 4.220;
| 12 Horizon | RMSE: 31.965, 31.200; MAE: 20.534, 20.501; MAPE: 15.367, 13.607; Q10: 4.794, 4.664; Q50: 10.267, 10.250; Q90: 4.997, 5.056;
In temporal CL model  Epoch 3: 
| 3  Horizon | RMSE: 25.298, 24.214; MAE: 16.209, 15.846; MAPE: 11.394, 10.073; Q10: 3.819, 3.711; Q50: 8.105, 7.923; Q90: 3.826, 3.717;
| 6  Horizon | RMSE: 27.543, 26.612; MAE: 17.565, 17.329; MAPE: 12.640, 11.124; Q10: 4.152, 4.035; Q50: 8.782, 8.665; Q90: 4.185, 4.120;
| 12 Horizon | RMSE: 32.106, 31.376; MAE: 20.834, 20.779; MAPE: 15.999, 13.874; Q10: 4.823, 4.689; Q50: 10.417, 10.389; Q90: 5.054, 5.111;
epoch 3 time used: 102  seconds  train loss: 16.892 val loss: 5.797793 test loss: 5.714542
In spatial CL model  Epoch 4: 
| 3  Horizon | RMSE: 26.281, 25.162; MAE: 17.171, 16.953; MAPE: 14.000, 12.065; Q10: 4.089, 4.052; Q50: 8.585, 8.477; Q90: 3.943, 3.840;
| 6  Horizon | RMSE: 28.801, 27.700; MAE: 18.886, 18.750; MAPE: 16.141, 13.617; Q10: 4.745, 4.783; Q50: 9.443, 9.375; Q90: 4.331, 4.266;
| 12 Horizon | RMSE: 32.916, 31.553; MAE: 21.547, 21.401; MAPE: 19.234, 15.390; Q10: 5.181, 5.060; Q50: 10.774, 10.700; Q90: 5.207, 5.160;
In quantile CL model  Epoch 4: 
| 3  Horizon | RMSE: 25.494, 24.397; MAE: 16.349, 16.042; MAPE: 12.203, 10.671; Q10: 3.957, 3.829; Q50: 8.175, 8.021; Q90: 3.875, 3.779;
| 6  Horizon | RMSE: 27.994, 27.131; MAE: 17.977, 17.815; MAPE: 13.950, 12.251; Q10: 4.493, 4.407; Q50: 8.988, 8.908; Q90: 4.206, 4.137;
| 12 Horizon | RMSE: 31.683, 30.925; MAE: 20.245, 20.215; MAPE: 15.920, 13.611; Q10: 4.837, 4.734; Q50: 10.122, 10.108; Q90: 4.908, 4.921;
In temporal CL model  Epoch 4: 
| 3  Horizon | RMSE: 25.235, 24.175; MAE: 16.154, 15.813; MAPE: 12.069, 10.481; Q10: 3.805, 3.696; Q50: 8.077, 7.906; Q90: 3.812, 3.716;
| 6  Horizon | RMSE: 27.810, 26.913; MAE: 17.844, 17.644; MAPE: 14.089, 12.196; Q10: 4.297, 4.223; Q50: 8.922, 8.822; Q90: 4.199, 4.135;
| 12 Horizon | RMSE: 31.970, 31.311; MAE: 20.581, 20.585; MAPE: 16.758, 14.147; Q10: 4.834, 4.716; Q50: 10.291, 10.293; Q90: 5.015, 5.067;
epoch 4 time used: 102  seconds  train loss: 16.465 val loss: 5.816487 test loss: 5.746988
In spatial CL model  Epoch 5: 
| 3  Horizon | RMSE: 25.672, 24.683; MAE: 16.619, 16.471; MAPE: 13.312, 11.238; Q10: 3.911, 3.825; Q50: 8.309, 8.235; Q90: 3.905, 3.829;
| 6  Horizon | RMSE: 27.972, 27.018; MAE: 17.988, 17.872; MAPE: 14.402, 11.732; Q10: 4.265, 4.173; Q50: 8.994, 8.936; Q90: 4.245, 4.200;
| 12 Horizon | RMSE: 32.284, 31.349; MAE: 20.941, 21.077; MAPE: 18.398, 14.730; Q10: 4.943, 4.862; Q50: 10.471, 10.538; Q90: 5.040, 5.058;
In quantile CL model  Epoch 5: 
| 3  Horizon | RMSE: 24.974, 24.128; MAE: 16.010, 15.911; MAPE: 11.712, 10.536; Q10: 3.781, 3.691; Q50: 8.005, 7.955; Q90: 3.815, 3.759;
| 6  Horizon | RMSE: 27.303, 26.717; MAE: 17.390, 17.445; MAPE: 12.585, 11.326; Q10: 4.090, 4.031; Q50: 8.695, 8.723; Q90: 4.221, 4.221;
| 12 Horizon | RMSE: 31.330, 30.863; MAE: 20.062, 20.252; MAPE: 15.246, 13.478; Q10: 4.685, 4.653; Q50: 10.031, 10.126; Q90: 4.989, 5.064;
In temporal CL model  Epoch 5: 
| 3  Horizon | RMSE: 24.847, 23.875; MAE: 15.844, 15.542; MAPE: 11.620, 10.117; Q10: 3.732, 3.638; Q50: 7.922, 7.771; Q90: 3.738, 3.652;
| 6  Horizon | RMSE: 27.030, 26.343; MAE: 17.109, 16.984; MAPE: 12.673, 10.858; Q10: 4.038, 3.965; Q50: 8.554, 8.492; Q90: 4.096, 4.059;
| 12 Horizon | RMSE: 31.173, 30.663; MAE: 19.850, 19.921; MAPE: 15.688, 13.130; Q10: 4.653, 4.576; Q50: 9.925, 9.960; Q90: 4.822, 4.891;
epoch 5 time used: 104  seconds  train loss: 15.967 val loss: 5.609469 test loss: 5.559253
In spatial CL model  Epoch 6: 
| 3  Horizon | RMSE: 25.440, 24.433; MAE: 16.431, 16.117; MAPE: 12.383, 10.092; Q10: 3.833, 3.745; Q50: 8.216, 8.059; Q90: 3.791, 3.722;
| 6  Horizon | RMSE: 27.529, 26.597; MAE: 17.541, 17.407; MAPE: 14.136, 11.355; Q10: 4.239, 4.198; Q50: 8.771, 8.704; Q90: 4.174, 4.134;
| 12 Horizon | RMSE: 31.902, 30.589; MAE: 20.394, 20.058; MAPE: 17.453, 13.128; Q10: 4.869, 4.693; Q50: 10.197, 10.029; Q90: 5.016, 4.948;
In quantile CL model  Epoch 6: 
| 3  Horizon | RMSE: 25.503, 24.709; MAE: 16.460, 16.354; MAPE: 11.367, 10.036; Q10: 3.796, 3.731; Q50: 8.230, 8.177; Q90: 3.832, 3.778;
| 6  Horizon | RMSE: 27.269, 26.758; MAE: 17.294, 17.378; MAPE: 12.314, 10.989; Q10: 4.064, 4.023; Q50: 8.647, 8.689; Q90: 4.186, 4.183;
| 12 Horizon | RMSE: 31.138, 30.617; MAE: 19.802, 19.847; MAPE: 14.479, 12.466; Q10: 4.614, 4.550; Q50: 9.901, 9.923; Q90: 4.873, 4.913;
In temporal CL model  Epoch 6: 
| 3  Horizon | RMSE: 25.033, 24.207; MAE: 16.134, 15.887; MAPE: 11.239, 9.812; Q10: 3.735, 3.667; Q50: 8.067, 7.943; Q90: 3.746, 3.667;
| 6  Horizon | RMSE: 27.020, 26.407; MAE: 17.162, 17.051; MAPE: 12.507, 10.675; Q10: 4.021, 3.959; Q50: 8.581, 8.526; Q90: 4.106, 4.084;
| 12 Horizon | RMSE: 31.259, 30.473; MAE: 19.901, 19.647; MAPE: 15.100, 12.271; Q10: 4.637, 4.528; Q50: 9.951, 9.824; Q90: 4.864, 4.824;
epoch 6 time used: 102  seconds  train loss: 15.754 val loss: 5.644762 test loss: 5.576071
In spatial CL model  Epoch 7: 
| 3  Horizon | RMSE: 25.597, 24.619; MAE: 16.592, 16.541; MAPE: 13.957, 11.705; Q10: 3.980, 4.004; Q50: 8.296, 8.270; Q90: 3.822, 3.745;
| 6  Horizon | RMSE: 27.934, 26.952; MAE: 17.999, 18.019; MAPE: 15.639, 12.802; Q10: 4.391, 4.437; Q50: 8.999, 9.010; Q90: 4.201, 4.134;
| 12 Horizon | RMSE: 32.283, 30.628; MAE: 20.509, 20.208; MAPE: 17.909, 13.521; Q10: 4.860, 4.722; Q50: 10.255, 10.104; Q90: 5.118, 4.982;
In quantile CL model  Epoch 7: 
| 3  Horizon | RMSE: 24.995, 24.016; MAE: 15.963, 15.740; MAPE: 11.865, 10.343; Q10: 3.804, 3.724; Q50: 7.982, 7.870; Q90: 3.750, 3.671;
| 6  Horizon | RMSE: 27.135, 26.470; MAE: 17.248, 17.234; MAPE: 13.012, 11.382; Q10: 4.196, 4.143; Q50: 8.624, 8.617; Q90: 4.089, 4.046;
| 12 Horizon | RMSE: 31.033, 30.403; MAE: 19.777, 19.775; MAPE: 14.977, 12.628; Q10: 4.697, 4.632; Q50: 9.888, 9.887; Q90: 4.881, 4.911;
In temporal CL model  Epoch 7: 
| 3  Horizon | RMSE: 24.877, 23.940; MAE: 15.947, 15.718; MAPE: 12.234, 10.673; Q10: 3.818, 3.763; Q50: 7.974, 7.859; Q90: 3.751, 3.675;
| 6  Horizon | RMSE: 27.215, 26.430; MAE: 17.199, 17.106; MAPE: 13.375, 11.425; Q10: 4.065, 3.991; Q50: 8.599, 8.553; Q90: 4.092, 4.058;
| 12 Horizon | RMSE: 31.840, 30.699; MAE: 20.013, 19.690; MAPE: 15.498, 12.368; Q10: 4.656, 4.499; Q50: 10.006, 9.845; Q90: 4.983, 4.908;
epoch 7 time used: 102  seconds  train loss: 15.633 val loss: 5.653935 test loss: 5.576782
In spatial CL model  Epoch 8: 
| 3  Horizon | RMSE: 25.504, 24.536; MAE: 16.487, 16.345; MAPE: 13.115, 10.890; Q10: 3.930, 3.826; Q50: 8.243, 8.173; Q90: 3.821, 3.755;
| 6  Horizon | RMSE: 27.722, 26.781; MAE: 17.673, 17.537; MAPE: 14.333, 11.481; Q10: 4.247, 4.123; Q50: 8.836, 8.769; Q90: 4.186, 4.149;
| 12 Horizon | RMSE: 32.075, 30.805; MAE: 20.434, 20.113; MAPE: 17.201, 12.839; Q10: 4.876, 4.638; Q50: 10.217, 10.057; Q90: 5.135, 5.137;
In quantile CL model  Epoch 8: 
| 3  Horizon | RMSE: 25.099, 24.360; MAE: 16.115, 16.095; MAPE: 11.769, 10.553; Q10: 3.812, 3.760; Q50: 8.057, 8.048; Q90: 3.845, 3.807;
| 6  Horizon | RMSE: 27.223, 26.797; MAE: 17.268, 17.398; MAPE: 12.544, 11.123; Q10: 4.100, 4.077; Q50: 8.634, 8.699; Q90: 4.206, 4.217;
| 12 Horizon | RMSE: 31.165, 30.942; MAE: 19.894, 20.106; MAPE: 14.531, 12.474; Q10: 4.647, 4.616; Q50: 9.947, 10.053; Q90: 5.069, 5.216;
In temporal CL model  Epoch 8: 
| 3  Horizon | RMSE: 24.783, 23.909; MAE: 15.826, 15.650; MAPE: 11.728, 10.332; Q10: 3.736, 3.671; Q50: 7.913, 7.825; Q90: 3.720, 3.637;
| 6  Horizon | RMSE: 27.091, 26.378; MAE: 17.050, 16.963; MAPE: 12.833, 10.966; Q10: 4.077, 4.023; Q50: 8.525, 8.482; Q90: 4.062, 4.026;
| 12 Horizon | RMSE: 31.330, 30.522; MAE: 19.732, 19.632; MAPE: 15.429, 12.510; Q10: 4.660, 4.535; Q50: 9.866, 9.816; Q90: 4.818, 4.848;
epoch 8 time used: 103  seconds  train loss: 15.452 val loss: 5.611411 test loss: 5.55956
In spatial CL model  Epoch 9: 
| 3  Horizon | RMSE: 25.484, 24.476; MAE: 16.371, 16.286; MAPE: 13.293, 11.181; Q10: 3.861, 3.758; Q50: 8.186, 8.143; Q90: 3.961, 3.890;
| 6  Horizon | RMSE: 28.048, 27.251; MAE: 17.893, 18.020; MAPE: 14.778, 12.184; Q10: 4.262, 4.206; Q50: 8.946, 9.010; Q90: 4.230, 4.218;
| 12 Horizon | RMSE: 33.233, 32.426; MAE: 21.286, 21.643; MAPE: 18.348, 14.707; Q10: 5.019, 5.009; Q50: 10.643, 10.822; Q90: 5.323, 5.358;
In quantile CL model  Epoch 9: 
| 3  Horizon | RMSE: 25.164, 24.117; MAE: 16.042, 15.757; MAPE: 11.652, 10.283; Q10: 3.762, 3.672; Q50: 8.021, 7.878; Q90: 3.854, 3.756;
| 6  Horizon | RMSE: 27.291, 26.748; MAE: 17.196, 17.263; MAPE: 12.339, 10.879; Q10: 4.074, 4.033; Q50: 8.598, 8.632; Q90: 4.131, 4.109;
| 12 Horizon | RMSE: 31.263, 31.068; MAE: 19.817, 20.117; MAPE: 14.600, 12.496; Q10: 4.616, 4.573; Q50: 9.909, 10.059; Q90: 4.914, 5.047;
In temporal CL model  Epoch 9: 
| 3  Horizon | RMSE: 24.863, 24.008; MAE: 15.891, 15.702; MAPE: 11.886, 10.416; Q10: 3.749, 3.704; Q50: 7.946, 7.851; Q90: 3.783, 3.716;
| 6  Horizon | RMSE: 27.335, 26.811; MAE: 17.239, 17.343; MAPE: 13.127, 11.325; Q10: 4.098, 4.090; Q50: 8.619, 8.671; Q90: 4.117, 4.136;
| 12 Horizon | RMSE: 31.878, 31.331; MAE: 20.046, 20.334; MAPE: 16.011, 13.297; Q10: 4.739, 4.709; Q50: 10.023, 10.167; Q90: 4.938, 5.022;
epoch 9 time used: 103  seconds  train loss: 15.351 val loss: 5.673001 test loss: 5.683083
In spatial CL model  Epoch 10: 
| 3  Horizon | RMSE: 25.283, 24.119; MAE: 16.157, 15.824; MAPE: 12.738, 10.300; Q10: 3.831, 3.722; Q50: 8.079, 7.912; Q90: 3.760, 3.663;
| 6  Horizon | RMSE: 27.527, 26.397; MAE: 17.369, 17.159; MAPE: 14.354, 11.324; Q10: 4.200, 4.119; Q50: 8.684, 8.580; Q90: 4.116, 4.047;
| 12 Horizon | RMSE: 32.025, 30.497; MAE: 20.191, 19.904; MAPE: 17.526, 13.131; Q10: 4.864, 4.724; Q50: 10.095, 9.952; Q90: 4.972, 4.874;
In quantile CL model  Epoch 10: 
| 3  Horizon | RMSE: 25.078, 24.199; MAE: 15.927, 15.789; MAPE: 11.376, 9.935; Q10: 3.753, 3.677; Q50: 7.963, 7.895; Q90: 3.799, 3.754;
| 6  Horizon | RMSE: 27.366, 26.780; MAE: 17.241, 17.310; MAPE: 12.552, 10.906; Q10: 4.066, 4.025; Q50: 8.621, 8.655; Q90: 4.190, 4.197;
| 12 Horizon | RMSE: 32.008, 31.522; MAE: 20.336, 20.452; MAPE: 14.689, 12.290; Q10: 4.621, 4.565; Q50: 10.168, 10.226; Q90: 5.223, 5.298;
In temporal CL model  Epoch 10: 
| 3  Horizon | RMSE: 24.749, 23.873; MAE: 15.803, 15.543; MAPE: 11.221, 9.741; Q10: 3.692, 3.612; Q50: 7.902, 7.772; Q90: 3.696, 3.628;
| 6  Horizon | RMSE: 26.876, 26.111; MAE: 16.855, 16.783; MAPE: 12.555, 10.725; Q10: 4.005, 3.942; Q50: 8.427, 8.392; Q90: 3.996, 3.970;
| 12 Horizon | RMSE: 31.244, 30.283; MAE: 19.590, 19.538; MAPE: 15.034, 12.196; Q10: 4.594, 4.513; Q50: 9.795, 9.769; Q90: 4.771, 4.736;
epoch 10 time used: 102  seconds  train loss: 15.112 val loss: 5.554593 test loss: 5.498063
In spatial CL model  Epoch 11: 
| 3  Horizon | RMSE: 25.377, 24.325; MAE: 16.231, 16.000; MAPE: 12.656, 10.502; Q10: 3.893, 3.794; Q50: 8.115, 8.000; Q90: 3.773, 3.700;
| 6  Horizon | RMSE: 27.635, 26.598; MAE: 17.424, 17.196; MAPE: 13.829, 11.010; Q10: 4.202, 4.082; Q50: 8.712, 8.598; Q90: 4.133, 4.062;
| 12 Horizon | RMSE: 31.862, 30.408; MAE: 20.036, 19.596; MAPE: 16.749, 12.465; Q10: 4.782, 4.559; Q50: 10.018, 9.798; Q90: 4.966, 4.838;
In quantile CL model  Epoch 11: 
| 3  Horizon | RMSE: 25.112, 24.286; MAE: 15.948, 15.865; MAPE: 11.464, 10.111; Q10: 3.797, 3.731; Q50: 7.974, 7.932; Q90: 3.806, 3.769;
| 6  Horizon | RMSE: 27.274, 26.730; MAE: 17.153, 17.220; MAPE: 12.375, 10.836; Q10: 4.077, 4.047; Q50: 8.576, 8.610; Q90: 4.165, 4.176;
| 12 Horizon | RMSE: 31.023, 30.512; MAE: 19.722, 19.715; MAPE: 14.636, 12.215; Q10: 4.606, 4.543; Q50: 9.861, 9.858; Q90: 4.901, 4.970;
In temporal CL model  Epoch 11: 
| 3  Horizon | RMSE: 24.714, 23.915; MAE: 15.693, 15.620; MAPE: 11.732, 10.228; Q10: 3.711, 3.657; Q50: 7.847, 7.810; Q90: 3.693, 3.651;
| 6  Horizon | RMSE: 27.179, 26.519; MAE: 17.024, 17.080; MAPE: 12.925, 10.917; Q10: 4.074, 4.045; Q50: 8.512, 8.540; Q90: 4.082, 4.107;
| 12 Horizon | RMSE: 31.282, 30.173; MAE: 19.498, 19.393; MAPE: 15.512, 12.259; Q10: 4.649, 4.528; Q50: 9.749, 9.697; Q90: 4.828, 4.837;
epoch 11 time used: 103  seconds  train loss: 15.041 val loss: 5.58047 test loss: 5.559422
In spatial CL model  Epoch 12: 
| 3  Horizon | RMSE: 25.250, 24.105; MAE: 16.168, 15.844; MAPE: 12.603, 10.373; Q10: 3.856, 3.720; Q50: 8.084, 7.922; Q90: 3.755, 3.676;
| 6  Horizon | RMSE: 27.491, 26.447; MAE: 17.402, 17.249; MAPE: 14.196, 11.413; Q10: 4.228, 4.123; Q50: 8.701, 8.624; Q90: 4.097, 4.039;
| 12 Horizon | RMSE: 31.823, 30.643; MAE: 20.201, 20.219; MAPE: 17.788, 13.823; Q10: 4.974, 4.892; Q50: 10.100, 10.110; Q90: 4.900, 4.874;
In quantile CL model  Epoch 12: 
| 3  Horizon | RMSE: 24.995, 24.119; MAE: 15.931, 15.846; MAPE: 11.696, 10.521; Q10: 3.770, 3.725; Q50: 7.965, 7.923; Q90: 3.799, 3.749;
| 6  Horizon | RMSE: 27.146, 26.603; MAE: 17.173, 17.342; MAPE: 12.836, 11.511; Q10: 4.071, 4.070; Q50: 8.587, 8.671; Q90: 4.115, 4.120;
| 12 Horizon | RMSE: 30.942, 30.691; MAE: 19.757, 20.193; MAPE: 15.245, 13.327; Q10: 4.655, 4.697; Q50: 9.879, 10.096; Q90: 4.957, 5.075;
In temporal CL model  Epoch 12: 
| 3  Horizon | RMSE: 24.637, 23.711; MAE: 15.610, 15.431; MAPE: 11.623, 10.138; Q10: 3.688, 3.631; Q50: 7.805, 7.715; Q90: 3.675, 3.618;
| 6  Horizon | RMSE: 26.938, 26.220; MAE: 16.819, 16.859; MAPE: 12.880, 10.993; Q10: 4.019, 3.974; Q50: 8.409, 8.430; Q90: 3.988, 3.981;
| 12 Horizon | RMSE: 31.104, 30.282; MAE: 19.461, 19.668; MAPE: 15.857, 13.074; Q10: 4.623, 4.547; Q50: 9.731, 9.834; Q90: 4.732, 4.783;
epoch 12 time used: 103  seconds  train loss: 14.97 val loss: 5.534119 test loss: 5.522663
In spatial CL model  Epoch 13: 
| 3  Horizon | RMSE: 25.290, 24.269; MAE: 16.232, 16.082; MAPE: 12.740, 10.913; Q10: 3.935, 3.892; Q50: 8.116, 8.041; Q90: 3.772, 3.707;
| 6  Horizon | RMSE: 27.583, 26.569; MAE: 17.503, 17.461; MAPE: 14.414, 11.966; Q10: 4.300, 4.244; Q50: 8.751, 8.731; Q90: 4.155, 4.114;
| 12 Horizon | RMSE: 31.753, 30.447; MAE: 20.042, 19.953; MAPE: 17.142, 13.374; Q10: 4.831, 4.672; Q50: 10.021, 9.976; Q90: 4.965, 4.911;
In quantile CL model  Epoch 13: 
| 3  Horizon | RMSE: 25.081, 24.282; MAE: 15.921, 15.909; MAPE: 11.597, 10.469; Q10: 3.774, 3.743; Q50: 7.960, 7.954; Q90: 3.807, 3.776;
| 6  Horizon | RMSE: 27.345, 26.872; MAE: 17.202, 17.440; MAPE: 12.756, 11.528; Q10: 4.078, 4.078; Q50: 8.601, 8.720; Q90: 4.196, 4.244;
| 12 Horizon | RMSE: 31.178, 30.891; MAE: 19.675, 20.063; MAPE: 14.791, 12.798; Q10: 4.592, 4.582; Q50: 9.838, 10.031; Q90: 4.955, 5.101;
In temporal CL model  Epoch 13: 
| 3  Horizon | RMSE: 24.686, 23.798; MAE: 15.630, 15.525; MAPE: 11.783, 10.278; Q10: 3.733, 3.680; Q50: 7.815, 7.762; Q90: 3.676, 3.629;
| 6  Horizon | RMSE: 27.160, 26.432; MAE: 16.957, 17.072; MAPE: 13.118, 11.204; Q10: 4.066, 4.034; Q50: 8.478, 8.536; Q90: 4.059, 4.094;
| 12 Horizon | RMSE: 31.556, 30.754; MAE: 19.637, 19.896; MAPE: 15.349, 12.402; Q10: 4.643, 4.551; Q50: 9.819, 9.948; Q90: 4.843, 4.943;
epoch 13 time used: 101  seconds  train loss: 14.911 val loss: 5.590013 test loss: 5.601202
In spatial CL model  Epoch 14: 
| 3  Horizon | RMSE: 25.305, 24.126; MAE: 16.241, 15.883; MAPE: 12.523, 10.501; Q10: 3.901, 3.770; Q50: 8.120, 7.941; Q90: 3.761, 3.657;
| 6  Horizon | RMSE: 27.477, 26.242; MAE: 17.400, 17.067; MAPE: 13.998, 11.256; Q10: 4.319, 4.174; Q50: 8.700, 8.534; Q90: 4.150, 4.043;
| 12 Horizon | RMSE: 31.777, 29.935; MAE: 20.025, 19.371; MAPE: 16.898, 12.513; Q10: 4.870, 4.643; Q50: 10.013, 9.685; Q90: 4.989, 4.774;
In quantile CL model  Epoch 14: 
| 3  Horizon | RMSE: 24.981, 24.096; MAE: 15.860, 15.736; MAPE: 11.433, 10.179; Q10: 3.774, 3.686; Q50: 7.930, 7.868; Q90: 3.784, 3.734;
| 6  Horizon | RMSE: 27.225, 26.619; MAE: 17.175, 17.212; MAPE: 12.379, 10.890; Q10: 4.143, 4.059; Q50: 8.588, 8.606; Q90: 4.335, 4.366;
| 12 Horizon | RMSE: 31.029, 30.411; MAE: 19.761, 19.818; MAPE: 14.933, 12.597; Q10: 4.612, 4.534; Q50: 9.880, 9.909; Q90: 5.123, 5.184;
In temporal CL model  Epoch 14: 
| 3  Horizon | RMSE: 24.583, 23.583; MAE: 15.548, 15.322; MAPE: 11.656, 10.018; Q10: 3.706, 3.621; Q50: 7.774, 7.661; Q90: 3.658, 3.593;
| 6  Horizon | RMSE: 26.865, 26.016; MAE: 16.744, 16.689; MAPE: 12.930, 10.786; Q10: 4.079, 3.994; Q50: 8.372, 8.345; Q90: 4.016, 4.016;
| 12 Horizon | RMSE: 30.968, 29.741; MAE: 19.241, 19.172; MAPE: 15.643, 12.429; Q10: 4.675, 4.571; Q50: 9.621, 9.586; Q90: 4.735, 4.734;
epoch 14 time used: 102  seconds  train loss: 14.852 val loss: 5.527841 test loss: 5.47518
In spatial CL model  Epoch 15: 
| 3  Horizon | RMSE: 25.222, 24.094; MAE: 16.110, 15.795; MAPE: 12.505, 10.442; Q10: 3.874, 3.741; Q50: 8.055, 7.897; Q90: 3.736, 3.636;
| 6  Horizon | RMSE: 27.496, 26.452; MAE: 17.336, 17.220; MAPE: 14.239, 11.616; Q10: 4.164, 4.044; Q50: 8.668, 8.610; Q90: 4.107, 4.053;
| 12 Horizon | RMSE: 31.688, 30.519; MAE: 19.896, 19.960; MAPE: 17.145, 13.343; Q10: 4.865, 4.806; Q50: 9.948, 9.980; Q90: 5.009, 4.986;
In quantile CL model  Epoch 15: 
| 3  Horizon | RMSE: 25.225, 24.360; MAE: 16.010, 15.843; MAPE: 11.440, 10.099; Q10: 3.788, 3.701; Q50: 8.005, 7.922; Q90: 3.803, 3.745;
| 6  Horizon | RMSE: 27.543, 27.020; MAE: 17.329, 17.420; MAPE: 12.591, 11.153; Q10: 4.089, 4.065; Q50: 8.665, 8.710; Q90: 4.233, 4.262;
| 12 Horizon | RMSE: 31.516, 31.206; MAE: 19.956, 20.257; MAPE: 15.031, 12.848; Q10: 4.673, 4.677; Q50: 9.978, 10.128; Q90: 5.182, 5.331;
In temporal CL model  Epoch 15: 
| 3  Horizon | RMSE: 24.718, 23.657; MAE: 15.631, 15.343; MAPE: 11.900, 10.029; Q10: 3.727, 3.634; Q50: 7.816, 7.672; Q90: 3.687, 3.585;
| 6  Horizon | RMSE: 27.212, 26.180; MAE: 16.966, 16.782; MAPE: 13.375, 10.978; Q10: 4.048, 3.988; Q50: 8.483, 8.391; Q90: 4.034, 3.991;
| 12 Horizon | RMSE: 31.210, 29.998; MAE: 19.355, 19.335; MAPE: 15.863, 12.414; Q10: 4.682, 4.563; Q50: 9.678, 9.667; Q90: 4.709, 4.694;
epoch 15 time used: 103  seconds  train loss: 14.719 val loss: 5.558261 test loss: 5.476379
In spatial CL model  Epoch 16: 
| 3  Horizon | RMSE: 25.098, 24.271; MAE: 16.079, 16.045; MAPE: 12.406, 10.634; Q10: 3.815, 3.752; Q50: 8.039, 8.022; Q90: 3.743, 3.731;
| 6  Horizon | RMSE: 27.419, 26.654; MAE: 17.336, 17.464; MAPE: 14.075, 11.702; Q10: 4.217, 4.203; Q50: 8.668, 8.732; Q90: 4.164, 4.198;
| 12 Horizon | RMSE: 32.116, 31.319; MAE: 20.279, 20.660; MAPE: 17.461, 13.930; Q10: 4.914, 4.923; Q50: 10.139, 10.330; Q90: 5.141, 5.257;
In quantile CL model  Epoch 16: 
| 3  Horizon | RMSE: 25.091, 24.447; MAE: 15.956, 16.066; MAPE: 11.378, 10.434; Q10: 3.733, 3.708; Q50: 7.978, 8.033; Q90: 3.793, 3.802;
| 6  Horizon | RMSE: 27.369, 27.127; MAE: 17.244, 17.641; MAPE: 12.525, 11.526; Q10: 4.057, 4.115; Q50: 8.622, 8.821; Q90: 4.328, 4.454;
| 12 Horizon | RMSE: 31.717, 31.916; MAE: 20.235, 20.983; MAPE: 15.184, 13.639; Q10: 4.625, 4.749; Q50: 10.117, 10.492; Q90: 5.411, 5.698;
In temporal CL model  Epoch 16: 
| 3  Horizon | RMSE: 24.640, 23.794; MAE: 15.643, 15.596; MAPE: 11.638, 10.053; Q10: 3.682, 3.625; Q50: 7.821, 7.798; Q90: 3.667, 3.638;
| 6  Horizon | RMSE: 27.038, 26.336; MAE: 16.876, 17.053; MAPE: 12.941, 10.938; Q10: 4.004, 3.977; Q50: 8.438, 8.527; Q90: 4.062, 4.128;
| 12 Horizon | RMSE: 31.506, 30.813; MAE: 19.702, 20.166; MAPE: 15.705, 12.817; Q10: 4.641, 4.593; Q50: 9.851, 10.083; Q90: 4.921, 5.129;
epoch 16 time used: 103  seconds  train loss: 14.689 val loss: 5.568167 test loss: 5.607013
In spatial CL model  Epoch 17: 
| 3  Horizon | RMSE: 25.036, 24.075; MAE: 16.019, 15.924; MAPE: 12.607, 10.830; Q10: 3.825, 3.710; Q50: 8.010, 7.962; Q90: 3.703, 3.662;
| 6  Horizon | RMSE: 27.287, 26.326; MAE: 17.249, 17.274; MAPE: 14.274, 11.822; Q10: 4.197, 4.129; Q50: 8.624, 8.637; Q90: 4.074, 4.056;
| 12 Horizon | RMSE: 31.538, 30.121; MAE: 19.872, 19.794; MAPE: 17.390, 13.515; Q10: 5.011, 4.940; Q50: 9.936, 9.897; Q90: 4.948, 4.897;
In quantile CL model  Epoch 17: 
| 3  Horizon | RMSE: 25.029, 24.300; MAE: 15.877, 15.910; MAPE: 11.523, 10.331; Q10: 3.742, 3.683; Q50: 7.939, 7.955; Q90: 3.814, 3.814;
| 6  Horizon | RMSE: 27.401, 26.978; MAE: 17.257, 17.497; MAPE: 12.631, 11.227; Q10: 4.053, 4.039; Q50: 8.629, 8.749; Q90: 4.336, 4.412;
| 12 Horizon | RMSE: 31.241, 30.832; MAE: 19.775, 20.038; MAPE: 15.027, 12.687; Q10: 4.606, 4.568; Q50: 9.887, 10.019; Q90: 5.338, 5.492;
In temporal CL model  Epoch 17: 
| 3  Horizon | RMSE: 24.701, 23.723; MAE: 15.584, 15.446; MAPE: 11.894, 10.036; Q10: 3.688, 3.624; Q50: 7.792, 7.723; Q90: 3.683, 3.620;
| 6  Horizon | RMSE: 27.185, 26.302; MAE: 16.898, 16.966; MAPE: 13.213, 10.896; Q10: 4.032, 3.990; Q50: 8.449, 8.483; Q90: 4.068, 4.079;
| 12 Horizon | RMSE: 31.342, 30.072; MAE: 19.345, 19.406; MAPE: 15.785, 12.338; Q10: 4.665, 4.545; Q50: 9.672, 9.703; Q90: 4.890, 4.976;
epoch 17 time used: 102  seconds  train loss: 14.646 val loss: 5.558539 test loss: 5.539722
In spatial CL model  Epoch 18: 
| 3  Horizon | RMSE: 25.179, 24.130; MAE: 16.070, 15.843; MAPE: 12.438, 10.520; Q10: 3.871, 3.761; Q50: 8.035, 7.921; Q90: 3.712, 3.650;
| 6  Horizon | RMSE: 27.394, 26.582; MAE: 17.253, 17.275; MAPE: 13.702, 11.120; Q10: 4.167, 4.080; Q50: 8.627, 8.637; Q90: 4.124, 4.154;
| 12 Horizon | RMSE: 31.716, 30.873; MAE: 19.871, 20.102; MAPE: 16.751, 13.009; Q10: 4.809, 4.746; Q50: 9.935, 10.051; Q90: 5.041, 5.148;
In quantile CL model  Epoch 18: 
| 3  Horizon | RMSE: 25.223, 24.397; MAE: 15.934, 15.899; MAPE: 11.709, 10.424; Q10: 3.774, 3.708; Q50: 7.967, 7.949; Q90: 3.793, 3.764;
| 6  Horizon | RMSE: 27.594, 27.173; MAE: 17.274, 17.502; MAPE: 12.564, 11.107; Q10: 4.076, 4.069; Q50: 8.637, 8.751; Q90: 4.285, 4.365;
| 12 Horizon | RMSE: 31.420, 31.144; MAE: 19.776, 20.155; MAPE: 15.058, 12.771; Q10: 4.639, 4.652; Q50: 9.888, 10.077; Q90: 5.204, 5.388;
In temporal CL model  Epoch 18: 
| 3  Horizon | RMSE: 24.755, 23.717; MAE: 15.642, 15.437; MAPE: 11.998, 10.102; Q10: 3.722, 3.621; Q50: 7.821, 7.718; Q90: 3.685, 3.609;
| 6  Horizon | RMSE: 27.239, 26.414; MAE: 16.984, 17.020; MAPE: 13.252, 10.840; Q10: 4.043, 3.982; Q50: 8.492, 8.510; Q90: 4.071, 4.093;
| 12 Horizon | RMSE: 31.461, 30.508; MAE: 19.485, 19.664; MAPE: 15.977, 12.553; Q10: 4.690, 4.594; Q50: 9.743, 9.832; Q90: 4.824, 4.936;
epoch 18 time used: 103  seconds  train loss: 14.604 val loss: 5.580462 test loss: 5.567412
In spatial CL model  Epoch 19: 
| 3  Horizon | RMSE: 25.142, 23.930; MAE: 16.075, 15.770; MAPE: 12.482, 10.513; Q10: 3.877, 3.728; Q50: 8.038, 7.885; Q90: 3.723, 3.651;
| 6  Horizon | RMSE: 27.422, 26.187; MAE: 17.284, 17.066; MAPE: 13.880, 11.171; Q10: 4.206, 4.039; Q50: 8.642, 8.533; Q90: 4.151, 4.106;
| 12 Horizon | RMSE: 32.011, 30.480; MAE: 20.184, 19.909; MAPE: 16.656, 12.431; Q10: 4.818, 4.635; Q50: 10.092, 9.955; Q90: 5.165, 5.151;
In quantile CL model  Epoch 19: 
| 3  Horizon | RMSE: 25.005, 24.014; MAE: 15.811, 15.708; MAPE: 11.634, 10.336; Q10: 3.766, 3.683; Q50: 7.906, 7.854; Q90: 3.754, 3.711;
| 6  Horizon | RMSE: 27.267, 26.545; MAE: 17.102, 17.164; MAPE: 12.576, 11.032; Q10: 4.084, 4.024; Q50: 8.551, 8.582; Q90: 4.259, 4.296;
| 12 Horizon | RMSE: 31.528, 30.900; MAE: 19.975, 20.102; MAPE: 14.737, 12.246; Q10: 4.599, 4.536; Q50: 9.987, 10.051; Q90: 5.367, 5.501;
In temporal CL model  Epoch 19: 
| 3  Horizon | RMSE: 24.745, 23.669; MAE: 15.615, 15.411; MAPE: 11.966, 10.053; Q10: 3.711, 3.630; Q50: 7.808, 7.705; Q90: 3.682, 3.618;
| 6  Horizon | RMSE: 27.303, 26.411; MAE: 16.973, 17.006; MAPE: 13.081, 10.705; Q10: 4.044, 3.967; Q50: 8.487, 8.503; Q90: 4.138, 4.183;
| 12 Horizon | RMSE: 31.936, 31.040; MAE: 19.932, 20.198; MAPE: 15.578, 12.114; Q10: 4.657, 4.535; Q50: 9.966, 10.099; Q90: 5.088, 5.286;
epoch 19 time used: 102  seconds  train loss: 14.58 val loss: 5.62262 test loss: 5.620915
In spatial CL model  Epoch 20: 
| 3  Horizon | RMSE: 24.988, 24.071; MAE: 15.959, 15.874; MAPE: 12.410, 10.597; Q10: 3.820, 3.728; Q50: 7.980, 7.937; Q90: 3.714, 3.712;
| 6  Horizon | RMSE: 27.261, 26.402; MAE: 17.192, 17.310; MAPE: 14.137, 11.704; Q10: 4.228, 4.189; Q50: 8.596, 8.655; Q90: 4.082, 4.116;
| 12 Horizon | RMSE: 31.383, 30.357; MAE: 19.698, 19.924; MAPE: 16.983, 13.184; Q10: 4.789, 4.686; Q50: 9.849, 9.962; Q90: 4.930, 5.012;
In quantile CL model  Epoch 20: 
| 3  Horizon | RMSE: 25.103, 24.231; MAE: 15.845, 15.789; MAPE: 11.403, 10.259; Q10: 3.747, 3.681; Q50: 7.922, 7.895; Q90: 3.789, 3.771;
| 6  Horizon | RMSE: 27.419, 26.889; MAE: 17.212, 17.421; MAPE: 12.791, 11.552; Q10: 4.096, 4.099; Q50: 8.606, 8.710; Q90: 4.225, 4.275;
| 12 Horizon | RMSE: 31.300, 30.932; MAE: 19.769, 20.165; MAPE: 15.237, 13.147; Q10: 4.604, 4.621; Q50: 9.885, 10.082; Q90: 5.120, 5.252;
In temporal CL model  Epoch 20: 
| 3  Horizon | RMSE: 24.772, 23.772; MAE: 15.615, 15.504; MAPE: 11.954, 10.073; Q10: 3.699, 3.641; Q50: 7.808, 7.752; Q90: 3.708, 3.666;
| 6  Horizon | RMSE: 27.310, 26.377; MAE: 16.976, 17.088; MAPE: 13.562, 11.251; Q10: 4.073, 4.052; Q50: 8.488, 8.544; Q90: 4.101, 4.163;
| 12 Horizon | RMSE: 31.522, 30.475; MAE: 19.491, 19.887; MAPE: 16.208, 12.933; Q10: 4.670, 4.608; Q50: 9.745, 9.944; Q90: 4.858, 5.034;
epoch 20 time used: 101  seconds  train loss: 14.487 val loss: 5.58257 test loss: 5.613305
In spatial CL model  Epoch 21: 
| 3  Horizon | RMSE: 25.037, 24.022; MAE: 15.996, 15.809; MAPE: 12.565, 10.683; Q10: 3.876, 3.773; Q50: 7.998, 7.904; Q90: 3.696, 3.651;
| 6  Horizon | RMSE: 27.186, 26.191; MAE: 17.102, 16.937; MAPE: 13.692, 10.969; Q10: 4.158, 4.022; Q50: 8.551, 8.468; Q90: 4.068, 4.038;
| 12 Horizon | RMSE: 31.393, 30.208; MAE: 19.712, 19.591; MAPE: 16.500, 12.395; Q10: 4.758, 4.573; Q50: 9.856, 9.795; Q90: 4.903, 4.922;
In quantile CL model  Epoch 21: 
| 3  Horizon | RMSE: 25.108, 24.267; MAE: 15.842, 15.848; MAPE: 11.658, 10.432; Q10: 3.757, 3.689; Q50: 7.921, 7.924; Q90: 3.771, 3.753;
| 6  Horizon | RMSE: 27.465, 26.898; MAE: 17.154, 17.253; MAPE: 12.471, 10.884; Q10: 4.059, 4.018; Q50: 8.577, 8.626; Q90: 4.286, 4.335;
| 12 Horizon | RMSE: 31.571, 31.149; MAE: 19.866, 20.100; MAPE: 14.769, 12.316; Q10: 4.595, 4.551; Q50: 9.933, 10.050; Q90: 5.182, 5.331;
***************************
***************************
quantile CL model  Early stopping at epoch: 21
***************************
***************************
In temporal CL model  Epoch 21: 
| 3  Horizon | RMSE: 24.637, 23.582; MAE: 15.528, 15.328; MAPE: 12.061, 10.052; Q10: 3.694, 3.610; Q50: 7.764, 7.664; Q90: 3.672, 3.588;
| 6  Horizon | RMSE: 27.073, 26.038; MAE: 16.757, 16.635; MAPE: 13.126, 10.579; Q10: 4.006, 3.922; Q50: 8.379, 8.317; Q90: 4.071, 4.064;
| 12 Horizon | RMSE: 31.231, 30.101; MAE: 19.294, 19.389; MAPE: 15.501, 11.985; Q10: 4.627, 4.491; Q50: 9.647, 9.695; Q90: 4.761, 4.821;
epoch 21 time used: 104  seconds  train loss: 14.469 val loss: 5.522186 test loss: 5.475505
In spatial CL model  Epoch 22: 
| 3  Horizon | RMSE: 25.120, 24.102; MAE: 16.066, 15.852; MAPE: 12.207, 10.202; Q10: 3.835, 3.720; Q50: 8.033, 7.926; Q90: 3.750, 3.729;
| 6  Horizon | RMSE: 27.421, 26.397; MAE: 17.256, 17.188; MAPE: 13.865, 11.210; Q10: 4.193, 4.085; Q50: 8.628, 8.594; Q90: 4.122, 4.136;
| 12 Horizon | RMSE: 31.775, 30.458; MAE: 19.920, 19.961; MAPE: 17.144, 13.202; Q10: 4.965, 4.871; Q50: 9.960, 9.981; Q90: 5.094, 5.141;
In quantile CL model  Epoch 22: 
| 3  Horizon | RMSE: 25.115, 24.267; MAE: 15.842, 15.848; MAPE: 11.699, 10.432; Q10: 3.758, 3.689; Q50: 7.921, 7.924; Q90: 3.771, 3.753;
| 6  Horizon | RMSE: 27.468, 26.898; MAE: 17.152, 17.253; MAPE: 12.493, 10.884; Q10: 4.060, 4.018; Q50: 8.576, 8.626; Q90: 4.286, 4.335;
| 12 Horizon | RMSE: 31.576, 31.149; MAE: 19.864, 20.100; MAPE: 14.863, 12.316; Q10: 4.596, 4.551; Q50: 9.932, 10.050; Q90: 5.181, 5.331;
In temporal CL model  Epoch 22: 
| 3  Horizon | RMSE: 24.901, 23.894; MAE: 15.709, 15.603; MAPE: 11.967, 9.934; Q10: 3.705, 3.626; Q50: 7.854, 7.801; Q90: 3.726, 3.685;
| 6  Horizon | RMSE: 27.407, 26.373; MAE: 16.925, 16.953; MAPE: 13.349, 10.818; Q10: 4.056, 3.986; Q50: 8.463, 8.477; Q90: 4.093, 4.133;
| 12 Horizon | RMSE: 31.688, 30.356; MAE: 19.473, 19.640; MAPE: 16.201, 12.561; Q10: 4.722, 4.569; Q50: 9.736, 9.820; Q90: 4.929, 5.083;
epoch 22 time used: 73  seconds  train loss: 14.447 val loss: 5.593813 test loss: 5.582879
In spatial CL model  Epoch 23: 
| 3  Horizon | RMSE: 24.934, 23.913; MAE: 15.901, 15.709; MAPE: 12.242, 10.402; Q10: 3.818, 3.703; Q50: 7.950, 7.855; Q90: 3.689, 3.648;
| 6  Horizon | RMSE: 27.161, 26.156; MAE: 17.082, 17.048; MAPE: 13.785, 11.285; Q10: 4.155, 4.048; Q50: 8.541, 8.524; Q90: 4.064, 4.064;
| 12 Horizon | RMSE: 31.337, 30.130; MAE: 19.654, 19.790; MAPE: 16.873, 13.151; Q10: 4.830, 4.759; Q50: 9.827, 9.895; Q90: 4.874, 4.907;
In quantile CL model  Epoch 23: 
| 3  Horizon | RMSE: 25.113, 24.267; MAE: 15.841, 15.848; MAPE: 11.698, 10.432; Q10: 3.758, 3.689; Q50: 7.920, 7.924; Q90: 3.770, 3.753;
| 6  Horizon | RMSE: 27.463, 26.898; MAE: 17.151, 17.253; MAPE: 12.495, 10.884; Q10: 4.059, 4.018; Q50: 8.576, 8.626; Q90: 4.285, 4.335;
| 12 Horizon | RMSE: 31.565, 31.149; MAE: 19.860, 20.100; MAPE: 14.862, 12.316; Q10: 4.594, 4.551; Q50: 9.930, 10.050; Q90: 5.180, 5.331;
In temporal CL model  Epoch 23: 
| 3  Horizon | RMSE: 24.740, 23.583; MAE: 15.555, 15.301; MAPE: 11.947, 9.884; Q10: 3.700, 3.600; Q50: 7.778, 7.650; Q90: 3.701, 3.619;
| 6  Horizon | RMSE: 27.200, 26.101; MAE: 16.804, 16.714; MAPE: 13.175, 10.626; Q10: 4.023, 3.934; Q50: 8.402, 8.357; Q90: 4.075, 4.075;
| 12 Horizon | RMSE: 31.314, 29.998; MAE: 19.244, 19.340; MAPE: 15.830, 12.275; Q10: 4.678, 4.547; Q50: 9.622, 9.670; Q90: 4.785, 4.861;
epoch 23 time used: 73  seconds  train loss: 14.432 val loss: 5.540165 test loss: 5.487515
In spatial CL model  Epoch 24: 
| 3  Horizon | RMSE: 25.109, 24.126; MAE: 16.049, 15.925; MAPE: 12.560, 10.856; Q10: 3.895, 3.816; Q50: 8.024, 7.962; Q90: 3.689, 3.640;
| 6  Horizon | RMSE: 27.311, 26.367; MAE: 17.192, 17.175; MAPE: 13.794, 11.293; Q10: 4.204, 4.124; Q50: 8.596, 8.588; Q90: 4.117, 4.127;
| 12 Horizon | RMSE: 31.717, 30.449; MAE: 19.863, 19.851; MAPE: 16.760, 12.844; Q10: 4.860, 4.748; Q50: 9.931, 9.926; Q90: 5.082, 5.115;
In quantile CL model  Epoch 24: 
| 3  Horizon | RMSE: 25.107, 24.267; MAE: 15.836, 15.848; MAPE: 11.695, 10.432; Q10: 3.756, 3.689; Q50: 7.918, 7.924; Q90: 3.770, 3.753;
| 6  Horizon | RMSE: 27.463, 26.898; MAE: 17.149, 17.253; MAPE: 12.493, 10.884; Q10: 4.059, 4.018; Q50: 8.575, 8.626; Q90: 4.285, 4.335;
| 12 Horizon | RMSE: 31.570, 31.149; MAE: 19.860, 20.100; MAPE: 14.862, 12.316; Q10: 4.595, 4.551; Q50: 9.930, 10.050; Q90: 5.181, 5.331;
In temporal CL model  Epoch 24: 
| 3  Horizon | RMSE: 24.892, 23.698; MAE: 15.643, 15.410; MAPE: 12.369, 10.197; Q10: 3.700, 3.606; Q50: 7.821, 7.705; Q90: 3.698, 3.619;
| 6  Horizon | RMSE: 27.577, 26.514; MAE: 16.989, 17.020; MAPE: 13.474, 10.819; Q10: 4.046, 3.966; Q50: 8.494, 8.510; Q90: 4.160, 4.211;
| 12 Horizon | RMSE: 31.957, 30.704; MAE: 19.605, 19.849; MAPE: 16.011, 12.357; Q10: 4.700, 4.569; Q50: 9.802, 9.925; Q90: 5.050, 5.243;
epoch 24 time used: 73  seconds  train loss: 14.406 val loss: 5.607555 test loss: 5.586909
In spatial CL model  Epoch 25: 
| 3  Horizon | RMSE: 25.065, 24.081; MAE: 16.020, 15.962; MAPE: 12.736, 11.026; Q10: 3.878, 3.817; Q50: 8.010, 7.981; Q90: 3.704, 3.677;
| 6  Horizon | RMSE: 27.335, 26.317; MAE: 17.207, 17.253; MAPE: 14.193, 11.728; Q10: 4.239, 4.201; Q50: 8.603, 8.626; Q90: 4.122, 4.140;
| 12 Horizon | RMSE: 31.743, 30.519; MAE: 19.928, 20.146; MAPE: 17.411, 13.633; Q10: 4.851, 4.765; Q50: 9.964, 10.073; Q90: 5.092, 5.176;
In quantile CL model  Epoch 25: 
| 3  Horizon | RMSE: 25.117, 24.267; MAE: 15.843, 15.848; MAPE: 11.695, 10.432; Q10: 3.758, 3.689; Q50: 7.922, 7.924; Q90: 3.771, 3.753;
| 6  Horizon | RMSE: 27.471, 26.898; MAE: 17.156, 17.253; MAPE: 12.492, 10.884; Q10: 4.061, 4.018; Q50: 8.578, 8.626; Q90: 4.286, 4.335;
| 12 Horizon | RMSE: 31.581, 31.149; MAE: 19.867, 20.100; MAPE: 14.859, 12.316; Q10: 4.596, 4.551; Q50: 9.933, 10.050; Q90: 5.182, 5.331;
In temporal CL model  Epoch 25: 
| 3  Horizon | RMSE: 24.857, 23.707; MAE: 15.650, 15.477; MAPE: 12.503, 10.345; Q10: 3.727, 3.649; Q50: 7.825, 7.739; Q90: 3.702, 3.637;
| 6  Horizon | RMSE: 27.429, 26.252; MAE: 16.914, 16.857; MAPE: 13.656, 10.956; Q10: 4.079, 4.007; Q50: 8.457, 8.428; Q90: 4.099, 4.118;
| 12 Horizon | RMSE: 31.777, 30.431; MAE: 19.519, 19.729; MAPE: 16.392, 12.646; Q10: 4.702, 4.572; Q50: 9.759, 9.864; Q90: 4.941, 5.090;
epoch 25 time used: 73  seconds  train loss: 14.342 val loss: 5.587944 test loss: 5.559947
In spatial CL model  Epoch 26: 
| 3  Horizon | RMSE: 25.076, 24.069; MAE: 15.969, 15.835; MAPE: 12.378, 10.605; Q10: 3.866, 3.783; Q50: 7.984, 7.917; Q90: 3.702, 3.672;
| 6  Horizon | RMSE: 27.350, 26.433; MAE: 17.183, 17.289; MAPE: 13.942, 11.581; Q10: 4.200, 4.152; Q50: 8.591, 8.645; Q90: 4.105, 4.124;
| 12 Horizon | RMSE: 31.694, 30.550; MAE: 19.824, 20.045; MAPE: 16.914, 13.244; Q10: 4.824, 4.746; Q50: 9.912, 10.022; Q90: 5.085, 5.165;
In quantile CL model  Epoch 26: 
| 3  Horizon | RMSE: 25.106, 24.267; MAE: 15.839, 15.848; MAPE: 11.690, 10.432; Q10: 3.756, 3.689; Q50: 7.919, 7.924; Q90: 3.770, 3.753;
| 6  Horizon | RMSE: 27.460, 26.898; MAE: 17.147, 17.253; MAPE: 12.490, 10.884; Q10: 4.058, 4.018; Q50: 8.573, 8.626; Q90: 4.284, 4.335;
| 12 Horizon | RMSE: 31.559, 31.149; MAE: 19.850, 20.100; MAPE: 14.856, 12.316; Q10: 4.593, 4.551; Q50: 9.925, 10.050; Q90: 5.176, 5.331;
In temporal CL model  Epoch 26: 
| 3  Horizon | RMSE: 24.874, 23.693; MAE: 15.613, 15.377; MAPE: 12.192, 9.980; Q10: 3.735, 3.638; Q50: 7.807, 7.689; Q90: 3.701, 3.623;
| 6  Horizon | RMSE: 27.461, 26.333; MAE: 16.919, 16.892; MAPE: 13.452, 10.784; Q10: 4.048, 3.955; Q50: 8.460, 8.446; Q90: 4.113, 4.130;
| 12 Horizon | RMSE: 31.635, 30.263; MAE: 19.377, 19.491; MAPE: 15.848, 12.130; Q10: 4.663, 4.517; Q50: 9.688, 9.746; Q90: 4.863, 4.969;
epoch 26 time used: 72  seconds  train loss: 14.33 val loss: 5.574561 test loss: 5.537365
In spatial CL model  Epoch 27: 
| 3  Horizon | RMSE: 25.012, 24.045; MAE: 15.977, 15.784; MAPE: 12.270, 10.371; Q10: 3.859, 3.759; Q50: 7.988, 7.892; Q90: 3.717, 3.692;
| 6  Horizon | RMSE: 27.299, 26.365; MAE: 17.208, 17.224; MAPE: 13.999, 11.481; Q10: 4.264, 4.211; Q50: 8.604, 8.612; Q90: 4.083, 4.084;
| 12 Horizon | RMSE: 31.679, 30.546; MAE: 19.923, 20.159; MAPE: 17.481, 13.743; Q10: 4.932, 4.877; Q50: 9.962, 10.079; Q90: 5.002, 5.070;
In quantile CL model  Epoch 27: 
| 3  Horizon | RMSE: 25.100, 24.267; MAE: 15.835, 15.848; MAPE: 11.694, 10.432; Q10: 3.756, 3.689; Q50: 7.918, 7.924; Q90: 3.769, 3.753;
| 6  Horizon | RMSE: 27.454, 26.898; MAE: 17.146, 17.253; MAPE: 12.489, 10.884; Q10: 4.058, 4.018; Q50: 8.573, 8.626; Q90: 4.283, 4.335;
| 12 Horizon | RMSE: 31.565, 31.149; MAE: 19.858, 20.100; MAPE: 14.850, 12.316; Q10: 4.594, 4.551; Q50: 9.929, 10.050; Q90: 5.179, 5.331;
In temporal CL model  Epoch 27: 
| 3  Horizon | RMSE: 24.979, 23.761; MAE: 15.653, 15.433; MAPE: 12.245, 9.978; Q10: 3.728, 3.636; Q50: 7.827, 7.716; Q90: 3.728, 3.655;
| 6  Horizon | RMSE: 27.659, 26.439; MAE: 16.981, 16.916; MAPE: 13.549, 10.770; Q10: 4.095, 4.004; Q50: 8.491, 8.458; Q90: 4.094, 4.075;
| 12 Horizon | RMSE: 31.881, 30.326; MAE: 19.430, 19.488; MAPE: 16.381, 12.518; Q10: 4.716, 4.562; Q50: 9.715, 9.744; Q90: 4.863, 4.928;
epoch 27 time used: 73  seconds  train loss: 14.316 val loss: 5.600191 test loss: 5.554726
In spatial CL model  Epoch 28: 
| 3  Horizon | RMSE: 24.983, 24.065; MAE: 15.946, 15.815; MAPE: 12.139, 10.269; Q10: 3.813, 3.707; Q50: 7.973, 7.908; Q90: 3.703, 3.692;
| 6  Horizon | RMSE: 27.244, 26.372; MAE: 17.126, 17.265; MAPE: 13.887, 11.538; Q10: 4.208, 4.171; Q50: 8.563, 8.632; Q90: 4.109, 4.161;
| 12 Horizon | RMSE: 31.480, 30.418; MAE: 19.759, 20.098; MAPE: 17.298, 13.744; Q10: 4.833, 4.760; Q50: 9.879, 10.049; Q90: 4.895, 4.984;
In quantile CL model  Epoch 28: 
| 3  Horizon | RMSE: 25.106, 24.267; MAE: 15.836, 15.848; MAPE: 11.697, 10.432; Q10: 3.756, 3.689; Q50: 7.918, 7.924; Q90: 3.770, 3.753;
| 6  Horizon | RMSE: 27.454, 26.898; MAE: 17.144, 17.253; MAPE: 12.493, 10.884; Q10: 4.058, 4.018; Q50: 8.572, 8.626; Q90: 4.283, 4.335;
| 12 Horizon | RMSE: 31.558, 31.149; MAE: 19.852, 20.100; MAPE: 14.857, 12.316; Q10: 4.593, 4.551; Q50: 9.926, 10.050; Q90: 5.175, 5.331;
In temporal CL model  Epoch 28: 
| 3  Horizon | RMSE: 24.887, 23.773; MAE: 15.655, 15.506; MAPE: 12.268, 10.046; Q10: 3.712, 3.622; Q50: 7.828, 7.753; Q90: 3.725, 3.668;
| 6  Horizon | RMSE: 27.362, 26.193; MAE: 16.868, 16.862; MAPE: 13.750, 11.013; Q10: 4.056, 3.963; Q50: 8.434, 8.431; Q90: 4.113, 4.151;
| 12 Horizon | RMSE: 31.371, 29.826; MAE: 19.190, 19.219; MAPE: 16.290, 12.442; Q10: 4.664, 4.510; Q50: 9.595, 9.609; Q90: 4.781, 4.859;
epoch 28 time used: 72  seconds  train loss: 14.298 val loss: 5.557153 test loss: 5.523465
In spatial CL model  Epoch 29: 
| 3  Horizon | RMSE: 24.962, 24.086; MAE: 15.906, 15.824; MAPE: 12.271, 10.529; Q10: 3.838, 3.752; Q50: 7.953, 7.912; Q90: 3.697, 3.685;
| 6  Horizon | RMSE: 27.255, 26.414; MAE: 17.136, 17.240; MAPE: 13.951, 11.580; Q10: 4.201, 4.148; Q50: 8.568, 8.620; Q90: 4.078, 4.095;
| 12 Horizon | RMSE: 31.547, 30.599; MAE: 19.774, 20.091; MAPE: 17.036, 13.365; Q10: 4.830, 4.797; Q50: 9.887, 10.046; Q90: 5.033, 5.136;
In quantile CL model  Epoch 29: 
| 3  Horizon | RMSE: 25.104, 24.267; MAE: 15.838, 15.848; MAPE: 11.696, 10.432; Q10: 3.757, 3.689; Q50: 7.919, 7.924; Q90: 3.770, 3.753;
| 6  Horizon | RMSE: 27.465, 26.898; MAE: 17.152, 17.253; MAPE: 12.490, 10.884; Q10: 4.060, 4.018; Q50: 8.576, 8.626; Q90: 4.286, 4.335;
| 12 Horizon | RMSE: 31.573, 31.149; MAE: 19.863, 20.100; MAPE: 14.855, 12.316; Q10: 4.595, 4.551; Q50: 9.931, 10.050; Q90: 5.181, 5.331;
In temporal CL model  Epoch 29: 
| 3  Horizon | RMSE: 24.926, 23.793; MAE: 15.644, 15.476; MAPE: 12.271, 10.011; Q10: 3.716, 3.633; Q50: 7.822, 7.738; Q90: 3.724, 3.665;
| 6  Horizon | RMSE: 27.520, 26.317; MAE: 16.899, 16.844; MAPE: 13.583, 10.802; Q10: 4.049, 3.956; Q50: 8.449, 8.422; Q90: 4.104, 4.112;
| 12 Horizon | RMSE: 31.762, 30.316; MAE: 19.377, 19.529; MAPE: 16.215, 12.379; Q10: 4.712, 4.570; Q50: 9.688, 9.764; Q90: 4.917, 5.062;
epoch 29 time used: 72  seconds  train loss: 14.293 val loss: 5.593211 test loss: 5.573395
In spatial CL model  Epoch 30: 
| 3  Horizon | RMSE: 25.031, 24.174; MAE: 15.957, 15.981; MAPE: 12.394, 10.841; Q10: 3.863, 3.841; Q50: 7.978, 7.991; Q90: 3.698, 3.702;
| 6  Horizon | RMSE: 27.341, 26.479; MAE: 17.184, 17.349; MAPE: 13.892, 11.661; Q10: 4.229, 4.230; Q50: 8.592, 8.674; Q90: 4.112, 4.148;
| 12 Horizon | RMSE: 31.685, 30.581; MAE: 19.801, 20.064; MAPE: 16.752, 13.162; Q10: 4.860, 4.858; Q50: 9.900, 10.032; Q90: 5.049, 5.121;
In quantile CL model  Epoch 30: 
| 3  Horizon | RMSE: 25.104, 24.267; MAE: 15.836, 15.848; MAPE: 11.694, 10.432; Q10: 3.756, 3.689; Q50: 7.918, 7.924; Q90: 3.769, 3.753;
| 6  Horizon | RMSE: 27.461, 26.898; MAE: 17.147, 17.253; MAPE: 12.490, 10.884; Q10: 4.058, 4.018; Q50: 8.574, 8.626; Q90: 4.284, 4.335;
| 12 Horizon | RMSE: 31.566, 31.149; MAE: 19.859, 20.100; MAPE: 14.858, 12.316; Q10: 4.595, 4.551; Q50: 9.929, 10.050; Q90: 5.178, 5.331;
In temporal CL model  Epoch 30: 
| 3  Horizon | RMSE: 25.054, 23.864; MAE: 15.696, 15.492; MAPE: 12.320, 9.999; Q10: 3.722, 3.635; Q50: 7.848, 7.746; Q90: 3.742, 3.673;
| 6  Horizon | RMSE: 27.751, 26.487; MAE: 17.008, 16.896; MAPE: 13.585, 10.666; Q10: 4.070, 3.966; Q50: 8.504, 8.448; Q90: 4.163, 4.163;
| 12 Horizon | RMSE: 32.070, 30.544; MAE: 19.549, 19.605; MAPE: 16.136, 12.097; Q10: 4.703, 4.540; Q50: 9.774, 9.802; Q90: 4.968, 5.058;
epoch 30 time used: 74  seconds  train loss: 14.248 val loss: 5.620281 test loss: 5.572943
In spatial CL model  Epoch 31: 
| 3  Horizon | RMSE: 24.966, 24.077; MAE: 15.937, 15.888; MAPE: 12.417, 10.750; Q10: 3.862, 3.808; Q50: 7.968, 7.944; Q90: 3.696, 3.693;
| 6  Horizon | RMSE: 27.191, 26.367; MAE: 17.140, 17.321; MAPE: 14.016, 11.765; Q10: 4.208, 4.209; Q50: 8.570, 8.661; Q90: 4.096, 4.144;
| 12 Horizon | RMSE: 31.456, 30.522; MAE: 19.761, 20.138; MAPE: 16.978, 13.436; Q10: 4.853, 4.835; Q50: 9.881, 10.069; Q90: 5.038, 5.183;
In quantile CL model  Epoch 31: 
| 3  Horizon | RMSE: 25.110, 24.267; MAE: 15.841, 15.848; MAPE: 11.696, 10.432; Q10: 3.757, 3.689; Q50: 7.921, 7.924; Q90: 3.771, 3.753;
| 6  Horizon | RMSE: 27.459, 26.898; MAE: 17.150, 17.253; MAPE: 12.489, 10.884; Q10: 4.059, 4.018; Q50: 8.575, 8.626; Q90: 4.285, 4.335;
| 12 Horizon | RMSE: 31.561, 31.149; MAE: 19.857, 20.100; MAPE: 14.856, 12.316; Q10: 4.595, 4.551; Q50: 9.928, 10.050; Q90: 5.178, 5.331;
In temporal CL model  Epoch 31: 
| 3  Horizon | RMSE: 24.934, 23.715; MAE: 15.633, 15.388; MAPE: 12.263, 9.897; Q10: 3.714, 3.613; Q50: 7.817, 7.694; Q90: 3.715, 3.632;
| 6  Horizon | RMSE: 27.552, 26.350; MAE: 16.957, 16.893; MAPE: 13.497, 10.613; Q10: 4.040, 3.953; Q50: 8.479, 8.446; Q90: 4.147, 4.172;
| 12 Horizon | RMSE: 31.800, 30.417; MAE: 19.475, 19.652; MAPE: 16.051, 12.162; Q10: 4.665, 4.515; Q50: 9.737, 9.826; Q90: 4.957, 5.110;
***************************
***************************
temporal CL model  Early stopping at epoch: 31
***************************
***************************
epoch 31 time used: 73  seconds  train loss: 14.237 val loss: 5.600973 test loss: 5.572632
In spatial CL model  Epoch 32: 
| 3  Horizon | RMSE: 25.066, 24.153; MAE: 15.974, 15.934; MAPE: 12.510, 10.895; Q10: 3.856, 3.795; Q50: 7.987, 7.967; Q90: 3.700, 3.692;
| 6  Horizon | RMSE: 27.335, 26.493; MAE: 17.179, 17.347; MAPE: 14.094, 11.833; Q10: 4.222, 4.220; Q50: 8.590, 8.673; Q90: 4.082, 4.109;
| 12 Horizon | RMSE: 31.716, 30.715; MAE: 19.825, 20.179; MAPE: 17.184, 13.621; Q10: 4.904, 4.899; Q50: 9.912, 10.089; Q90: 4.991, 5.091;
In quantile CL model  Epoch 32: 
| 3  Horizon | RMSE: 25.109, 24.267; MAE: 15.838, 15.848; MAPE: 11.698, 10.432; Q10: 3.757, 3.689; Q50: 7.919, 7.924; Q90: 3.770, 3.753;
| 6  Horizon | RMSE: 27.462, 26.898; MAE: 17.151, 17.253; MAPE: 12.493, 10.884; Q10: 4.059, 4.018; Q50: 8.575, 8.626; Q90: 4.286, 4.335;
| 12 Horizon | RMSE: 31.562, 31.149; MAE: 19.858, 20.100; MAPE: 14.842, 12.316; Q10: 4.593, 4.551; Q50: 9.929, 10.050; Q90: 5.180, 5.331;
In temporal CL model  Epoch 32: 
| 3  Horizon | RMSE: 24.918, 23.715; MAE: 15.625, 15.388; MAPE: 12.257, 9.897; Q10: 3.711, 3.613; Q50: 7.812, 7.694; Q90: 3.713, 3.632;
| 6  Horizon | RMSE: 27.542, 26.350; MAE: 16.948, 16.893; MAPE: 13.488, 10.613; Q10: 4.038, 3.953; Q50: 8.474, 8.446; Q90: 4.145, 4.172;
| 12 Horizon | RMSE: 31.790, 30.417; MAE: 19.464, 19.652; MAPE: 16.036, 12.162; Q10: 4.663, 4.515; Q50: 9.732, 9.826; Q90: 4.955, 5.110;
epoch 32 time used: 43  seconds  train loss: 14.209 val loss: 5.598218 test loss: 5.572632
In spatial CL model  Epoch 33: 
| 3  Horizon | RMSE: 25.048, 24.061; MAE: 15.971, 15.847; MAPE: 12.398, 10.710; Q10: 3.868, 3.791; Q50: 7.986, 7.924; Q90: 3.694, 3.651;
| 6  Horizon | RMSE: 27.304, 26.348; MAE: 17.175, 17.227; MAPE: 13.968, 11.596; Q10: 4.219, 4.166; Q50: 8.587, 8.614; Q90: 4.077, 4.072;
| 12 Horizon | RMSE: 31.757, 30.497; MAE: 19.857, 19.977; MAPE: 16.851, 13.073; Q10: 4.860, 4.787; Q50: 9.929, 9.989; Q90: 5.063, 5.096;
***************************
***************************
spatial CL model  Early stopping at epoch: 33
***************************
***************************
In quantile CL model  Epoch 33: 
| 3  Horizon | RMSE: 25.113, 24.267; MAE: 15.840, 15.848; MAPE: 11.698, 10.432; Q10: 3.758, 3.689; Q50: 7.920, 7.924; Q90: 3.771, 3.753;
| 6  Horizon | RMSE: 27.467, 26.898; MAE: 17.153, 17.253; MAPE: 12.492, 10.884; Q10: 4.060, 4.018; Q50: 8.576, 8.626; Q90: 4.286, 4.335;
| 12 Horizon | RMSE: 31.573, 31.149; MAE: 19.864, 20.100; MAPE: 14.863, 12.316; Q10: 4.596, 4.551; Q50: 9.932, 10.050; Q90: 5.181, 5.331;
In temporal CL model  Epoch 33: 
| 3  Horizon | RMSE: 24.921, 23.715; MAE: 15.623, 15.388; MAPE: 12.270, 9.897; Q10: 3.711, 3.613; Q50: 7.812, 7.694; Q90: 3.713, 3.632;
| 6  Horizon | RMSE: 27.531, 26.350; MAE: 16.942, 16.893; MAPE: 13.501, 10.613; Q10: 4.037, 3.953; Q50: 8.471, 8.446; Q90: 4.143, 4.172;
| 12 Horizon | RMSE: 31.780, 30.417; MAE: 19.459, 19.652; MAPE: 16.052, 12.162; Q10: 4.662, 4.515; Q50: 9.730, 9.826; Q90: 4.954, 5.110;
epoch 33 time used: 42  seconds  train loss: 14.198 val loss: 5.596986 test loss: 5.572632
***************************
***************************
stacking start: 
***************************
***************************
In Stacking model  Epoch 0: 
| 3  Horizon | RMSE: 24.374, 23.447; MAE: 15.454, 15.327; MAPE: 12.040, 10.200; Q10: 3.664, 3.593; Q50: 7.727, 7.663; Q90: 3.619, 3.598;
| 6  Horizon | RMSE: 26.537, 25.747; MAE: 16.591, 16.605; MAPE: 13.191, 10.828; Q10: 3.958, 3.888; Q50: 8.295, 8.302; Q90: 3.987, 4.008;
| 12 Horizon | RMSE: 30.247, 29.344; MAE: 18.904, 19.013; MAPE: 15.718, 12.351; Q10: 4.530, 4.431; Q50: 9.452, 9.506; Q90: 4.723, 4.799;
----------val loss is :  5.455316 ----------test loss is :  5.441558
In Stacking model  Epoch 1: 
| 3  Horizon | RMSE: 24.412, 23.443; MAE: 15.491, 15.370; MAPE: 12.285, 10.375; Q10: 3.701, 3.641; Q50: 7.746, 7.685; Q90: 3.602, 3.574;
| 6  Horizon | RMSE: 26.602, 25.709; MAE: 16.628, 16.641; MAPE: 13.510, 10.999; Q10: 3.998, 3.938; Q50: 8.314, 8.320; Q90: 3.967, 3.979;
| 12 Horizon | RMSE: 30.475, 29.406; MAE: 19.014, 19.175; MAPE: 16.305, 12.721; Q10: 4.589, 4.507; Q50: 9.507, 9.588; Q90: 4.701, 4.770;
----------val loss is :  5.472272 ----------test loss is :  5.461711
In Stacking model  Epoch 2: 
| 3  Horizon | RMSE: 24.415, 23.385; MAE: 15.477, 15.286; MAPE: 12.233, 10.285; Q10: 3.704, 3.631; Q50: 7.738, 7.643; Q90: 3.603, 3.572;
| 6  Horizon | RMSE: 26.586, 25.617; MAE: 16.599, 16.529; MAPE: 13.495, 10.915; Q10: 4.008, 3.934; Q50: 8.300, 8.264; Q90: 3.969, 3.981;
| 12 Horizon | RMSE: 30.457, 29.296; MAE: 18.964, 19.052; MAPE: 16.312, 12.641; Q10: 4.605, 4.512; Q50: 9.482, 9.526; Q90: 4.704, 4.776;
----------val loss is :  5.47206 ----------test loss is :  5.443079
In Stacking model  Epoch 3: 
| 3  Horizon | RMSE: 24.434, 23.273; MAE: 15.525, 15.053; MAPE: 11.881, 9.641; Q10: 3.695, 3.550; Q50: 7.762, 7.527; Q90: 3.615, 3.587;
| 6  Horizon | RMSE: 26.607, 25.500; MAE: 16.668, 16.303; MAPE: 13.232, 10.355; Q10: 4.008, 3.861; Q50: 8.334, 8.152; Q90: 3.963, 3.979;
| 12 Horizon | RMSE: 30.403, 29.105; MAE: 18.910, 18.705; MAPE: 15.866, 11.916; Q10: 4.585, 4.420; Q50: 9.455, 9.352; Q90: 4.692, 4.764;
----------val loss is :  5.47527 ----------test loss is :  5.374466
In Stacking model  Epoch 4: 
| 3  Horizon | RMSE: 24.370, 23.321; MAE: 15.428, 15.158; MAPE: 11.939, 9.907; Q10: 3.708, 3.635; Q50: 7.714, 7.579; Q90: 3.631, 3.622;
| 6  Horizon | RMSE: 26.568, 25.579; MAE: 16.582, 16.426; MAPE: 13.244, 10.577; Q10: 4.013, 3.937; Q50: 8.291, 8.213; Q90: 4.003, 4.047;
| 12 Horizon | RMSE: 30.432, 29.254; MAE: 18.920, 18.920; MAPE: 15.984, 12.226; Q10: 4.613, 4.520; Q50: 9.460, 9.460; Q90: 4.754, 4.859;
----------val loss is :  5.480206 ----------test loss is :  5.446856
In Stacking model  Epoch 5: 
| 3  Horizon | RMSE: 24.350, 23.339; MAE: 15.419, 15.181; MAPE: 11.909, 9.892; Q10: 3.695, 3.614; Q50: 7.710, 7.590; Q90: 3.596, 3.550;
| 6  Horizon | RMSE: 26.560, 25.609; MAE: 16.581, 16.462; MAPE: 13.218, 10.567; Q10: 4.000, 3.917; Q50: 8.291, 8.231; Q90: 3.967, 3.962;
| 12 Horizon | RMSE: 30.442, 29.297; MAE: 18.931, 18.961; MAPE: 15.943, 12.206; Q10: 4.596, 4.494; Q50: 9.466, 9.481; Q90: 4.699, 4.754;
----------val loss is :  5.462957 ----------test loss is :  5.416854
In Stacking model  Epoch 6: 
| 3  Horizon | RMSE: 24.375, 23.336; MAE: 15.431, 15.191; MAPE: 11.983, 9.997; Q10: 3.713, 3.646; Q50: 7.715, 7.595; Q90: 3.596, 3.522;
| 6  Horizon | RMSE: 26.569, 25.583; MAE: 16.577, 16.449; MAPE: 13.272, 10.655; Q10: 4.015, 3.947; Q50: 8.288, 8.224; Q90: 3.956, 3.916;
| 12 Horizon | RMSE: 30.434, 29.261; MAE: 18.919, 18.948; MAPE: 16.018, 12.302; Q10: 4.617, 4.530; Q50: 9.459, 9.474; Q90: 4.668, 4.687;
----------val loss is :  5.464034 ----------test loss is :  5.41103
In Stacking model  Epoch 7: 
| 3  Horizon | RMSE: 24.385, 23.330; MAE: 15.437, 15.188; MAPE: 12.018, 10.049; Q10: 3.700, 3.580; Q50: 7.719, 7.594; Q90: 3.611, 3.505;
| 6  Horizon | RMSE: 26.561, 25.558; MAE: 16.568, 16.426; MAPE: 13.296, 10.694; Q10: 4.008, 3.887; Q50: 8.284, 8.213; Q90: 3.962, 3.883;
| 12 Horizon | RMSE: 30.406, 29.215; MAE: 18.898, 18.910; MAPE: 16.032, 12.332; Q10: 4.597, 4.460; Q50: 9.449, 9.455; Q90: 4.652, 4.633;
----------val loss is :  5.460429 ----------test loss is :  5.37559
In Stacking model  Epoch 8: 
| 3  Horizon | RMSE: 24.364, 23.403; MAE: 15.438, 15.278; MAPE: 11.947, 10.006; Q10: 3.695, 3.532; Q50: 7.719, 7.639; Q90: 3.611, 3.590;
| 6  Horizon | RMSE: 26.587, 25.680; MAE: 16.604, 16.563; MAPE: 13.229, 10.667; Q10: 4.007, 3.842; Q50: 8.302, 8.281; Q90: 3.991, 4.022;
| 12 Horizon | RMSE: 30.479, 29.395; MAE: 18.981, 19.085; MAPE: 15.956, 12.298; Q10: 4.570, 4.382; Q50: 9.490, 9.543; Q90: 4.736, 4.829;
----------val loss is :  5.474894 ----------test loss is :  5.425567
In Stacking model  Epoch 9: 
| 3  Horizon | RMSE: 24.423, 23.328; MAE: 15.471, 15.176; MAPE: 12.049, 10.063; Q10: 3.726, 3.610; Q50: 7.735, 7.588; Q90: 3.604, 3.548;
| 6  Horizon | RMSE: 26.585, 25.527; MAE: 16.586, 16.389; MAPE: 13.327, 10.703; Q10: 4.034, 3.917; Q50: 8.293, 8.195; Q90: 3.933, 3.915;
| 12 Horizon | RMSE: 30.392, 29.149; MAE: 18.882, 18.846; MAPE: 16.056, 12.324; Q10: 4.630, 4.498; Q50: 9.441, 9.423; Q90: 4.642, 4.675;
----------val loss is :  5.464044 ----------test loss is :  5.390953
In Stacking model  Epoch 10: 
| 3  Horizon | RMSE: 24.354, 23.347; MAE: 15.418, 15.192; MAPE: 11.884, 9.901; Q10: 3.690, 3.566; Q50: 7.709, 7.596; Q90: 3.597, 3.555;
| 6  Horizon | RMSE: 26.563, 25.611; MAE: 16.575, 16.463; MAPE: 13.178, 10.567; Q10: 3.999, 3.873; Q50: 8.288, 8.231; Q90: 3.960, 3.965;
| 12 Horizon | RMSE: 30.440, 29.307; MAE: 18.927, 18.964; MAPE: 15.882, 12.167; Q10: 4.583, 4.440; Q50: 9.464, 9.482; Q90: 4.691, 4.756;
----------val loss is :  5.458508 ----------test loss is :  5.402733
***************************
***************************
Stack Model Early stopping at epoch: 10
***************************
***************************
Model  stgcn3  Best Results:
Epoch {'spatial CL model': 23, 'quantile CL model': 11, 'temporal CL model': 21}: 
=        =        Horizon  3        =        =        =        =        Horizon  6        =        =        =        =        Horizon  12       =        =       
RMSE     MAE      MAPE     Q10      Q50      Q90      RMSE     MAE      MAPE     Q10      Q50      Q90      RMSE     MAE      MAPE     Q10      Q50      Q90     
23.447   15.327   10.200   3.593    7.663    3.598    25.747   16.605   10.828   3.888    8.302    4.008    29.344   19.013   12.351   4.431    9.506    4.799   
Model Training Ended ... Mon Apr  8 18:36:43 2024
