nohup: ignoring input
pdate shape is:  (16992,)
./save/pems04_stnorm_in12_out12_addtimeFalse_adjTrue_lr0.001_hc32_train0.6_val0.2_test0.2_seedNone_lossquantile_version0_note:no_schedular training started Fri Dec 22 21:04:15 2023
pdate shape is:  (16992,)
data load........
initial data shape is:  (16992, 307, 3)
train_mean shape : (307,)
train  :  (10177, 24, 307, 3)
val  :  (3393, 24, 307, 3)
test  :  (3388, 24, 307, 3)
Model Training Started ... Fri Dec 22 21:04:17 2023
TIMESTEP_IN, TIMESTEP_OUT 12 12
LOSS is : quantile
Epoch 0: 
| 3  Horizon | RMSE: 33.418, 32.472; MAE: 22.101, 21.549; MAPE: 15.161, 14.930; Q10: 4.882, 4.729; Q50: 11.137, 10.849; Q90: 5.064, 4.974;
| 6  Horizon | RMSE: 35.775, 34.668; MAE: 23.534, 22.978; MAPE: 15.730, 15.582; Q10: 5.181, 5.028; Q50: 11.862, 11.570; Q90: 5.411, 5.339;
| 12 Horizon | RMSE: 39.327, 38.176; MAE: 25.903, 25.452; MAPE: 16.187, 16.335; Q10: 5.871, 5.732; Q50: 13.086, 12.842; Q90: 6.072, 5.999;
epoch 0 time used: 48  seconds  train loss: 25.55 val loss: 7.520092 test loss: 7.345092
Epoch 1: 
| 3  Horizon | RMSE: 32.926, 32.052; MAE: 21.394, 20.978; MAPE: 12.755, 12.780; Q10: 4.864, 4.738; Q50: 10.818, 10.595; Q90: 4.906, 4.854;
| 6  Horizon | RMSE: 34.074, 33.351; MAE: 22.123, 21.940; MAPE: 13.527, 13.757; Q10: 5.201, 5.105; Q50: 11.182, 11.076; Q90: 5.304, 5.316;
| 12 Horizon | RMSE: 37.906, 37.797; MAE: 24.980, 25.381; MAPE: 15.284, 16.179; Q10: 5.787, 5.843; Q50: 12.627, 12.812; Q90: 5.790, 5.895;
epoch 1 time used: 46  seconds  train loss: 20.522 val loss: 7.252697 test loss: 7.210186
Epoch 2: 
| 3  Horizon | RMSE: 31.186, 30.305; MAE: 19.668, 19.226; MAPE: 11.517, 11.409; Q10: 4.618, 4.490; Q50: 9.978, 9.740; Q90: 4.465, 4.386;
| 6  Horizon | RMSE: 32.924, 32.118; MAE: 20.827, 20.542; MAPE: 12.127, 12.143; Q10: 4.906, 4.796; Q50: 10.556, 10.396; Q90: 4.765, 4.731;
| 12 Horizon | RMSE: 35.747, 35.406; MAE: 22.860, 23.022; MAPE: 13.322, 13.742; Q10: 5.402, 5.355; Q50: 11.587, 11.646; Q90: 5.266, 5.324;
epoch 2 time used: 46  seconds  train loss: 19.733 val loss: 6.744024 test loss: 6.658531
Epoch 3: 
| 3  Horizon | RMSE: 30.826, 29.967; MAE: 19.352, 18.981; MAPE: 11.244, 11.199; Q10: 4.573, 4.452; Q50: 9.801, 9.600; Q90: 4.447, 4.359;
| 6  Horizon | RMSE: 32.612, 31.864; MAE: 20.543, 20.364; MAPE: 11.874, 11.942; Q10: 4.890, 4.784; Q50: 10.401, 10.295; Q90: 4.764, 4.758;
| 12 Horizon | RMSE: 35.736, 35.485; MAE: 22.954, 23.096; MAPE: 12.999, 13.271; Q10: 5.350, 5.303; Q50: 11.644, 11.696; Q90: 5.362, 5.468;
epoch 3 time used: 46  seconds  train loss: 19.294 val loss: 6.673807 test loss: 6.609969
Epoch 4: 
| 3  Horizon | RMSE: 30.727, 29.965; MAE: 19.336, 19.073; MAPE: 11.330, 11.377; Q10: 4.578, 4.472; Q50: 9.791, 9.644; Q90: 4.442, 4.399;
| 6  Horizon | RMSE: 32.750, 31.938; MAE: 20.648, 20.438; MAPE: 12.602, 12.558; Q10: 4.912, 4.798; Q50: 10.480, 10.357; Q90: 4.700, 4.719;
| 12 Horizon | RMSE: 34.829, 34.556; MAE: 22.269, 22.443; MAPE: 14.047, 14.010; Q10: 5.534, 5.453; Q50: 11.312, 11.376; Q90: 5.090, 5.214;
epoch 4 time used: 46  seconds  train loss: 18.959 val loss: 6.67966 test loss: 6.629523
Epoch 5: 
| 3  Horizon | RMSE: 30.580, 29.864; MAE: 19.273, 18.964; MAPE: 11.215, 11.154; Q10: 4.533, 4.435; Q50: 9.779, 9.609; Q90: 4.439, 4.375;
| 6  Horizon | RMSE: 32.389, 31.811; MAE: 20.491, 20.348; MAPE: 11.822, 11.847; Q10: 4.840, 4.758; Q50: 10.393, 10.305; Q90: 4.715, 4.727;
| 12 Horizon | RMSE: 34.827, 34.837; MAE: 22.198, 22.482; MAPE: 12.721, 13.090; Q10: 5.226, 5.227; Q50: 11.260, 11.385; Q90: 5.158, 5.312;
epoch 5 time used: 47  seconds  train loss: 18.725 val loss: 6.624434 test loss: 6.59398
Epoch 6: 
| 3  Horizon | RMSE: 30.743, 29.859; MAE: 19.569, 19.168; MAPE: 12.886, 12.700; Q10: 4.593, 4.469; Q50: 9.959, 9.739; Q90: 4.487, 4.392;
| 6  Horizon | RMSE: 32.278, 31.438; MAE: 20.465, 20.158; MAPE: 13.070, 12.879; Q10: 4.784, 4.679; Q50: 10.409, 10.236; Q90: 4.739, 4.673;
| 12 Horizon | RMSE: 34.290, 33.855; MAE: 21.730, 21.713; MAPE: 12.994, 13.025; Q10: 5.192, 5.131; Q50: 11.032, 11.004; Q90: 5.054, 5.082;
epoch 6 time used: 46  seconds  train loss: 18.571 val loss: 6.6193 test loss: 6.51966
Epoch 7: 
| 3  Horizon | RMSE: 31.008, 30.283; MAE: 19.583, 19.256; MAPE: 11.322, 11.294; Q10: 4.541, 4.447; Q50: 9.942, 9.761; Q90: 4.409, 4.359;
| 6  Horizon | RMSE: 32.213, 31.580; MAE: 20.150, 20.014; MAPE: 11.554, 11.693; Q10: 4.783, 4.701; Q50: 10.214, 10.129; Q90: 4.621, 4.647;
| 12 Horizon | RMSE: 34.083, 33.875; MAE: 21.476, 21.750; MAPE: 12.621, 13.131; Q10: 5.198, 5.143; Q50: 10.873, 10.992; Q90: 4.927, 5.070;
epoch 7 time used: 47  seconds  train loss: 18.409 val loss: 6.531753 test loss: 6.496517
Epoch 8: 
| 3  Horizon | RMSE: 30.534, 29.813; MAE: 19.212, 18.890; MAPE: 11.062, 11.037; Q10: 4.522, 4.432; Q50: 9.752, 9.573; Q90: 4.341, 4.287;
| 6  Horizon | RMSE: 32.108, 31.461; MAE: 20.172, 19.990; MAPE: 11.588, 11.626; Q10: 4.756, 4.671; Q50: 10.237, 10.129; Q90: 4.563, 4.560;
| 12 Horizon | RMSE: 34.468, 34.277; MAE: 21.902, 22.107; MAPE: 12.586, 13.010; Q10: 5.172, 5.125; Q50: 11.099, 11.185; Q90: 5.117, 5.277;
epoch 8 time used: 46  seconds  train loss: 18.271 val loss: 6.541787 test loss: 6.499788
Epoch 9: 
| 3  Horizon | RMSE: 30.485, 29.823; MAE: 19.243, 18.929; MAPE: 11.372, 11.324; Q10: 4.571, 4.475; Q50: 9.776, 9.603; Q90: 4.401, 4.361;
| 6  Horizon | RMSE: 31.811, 31.207; MAE: 19.951, 19.779; MAPE: 11.601, 11.667; Q10: 4.780, 4.684; Q50: 10.126, 10.023; Q90: 4.533, 4.557;
| 12 Horizon | RMSE: 34.862, 34.543; MAE: 22.215, 22.279; MAPE: 12.767, 12.980; Q10: 5.268, 5.188; Q50: 11.270, 11.282; Q90: 5.140, 5.252;
epoch 9 time used: 47  seconds  train loss: 18.154 val loss: 6.5639 test loss: 6.511107
Epoch 10: 
| 3  Horizon | RMSE: 30.054, 29.371; MAE: 18.795, 18.516; MAPE: 11.098, 11.097; Q10: 4.436, 4.348; Q50: 9.542, 9.387; Q90: 4.255, 4.214;
| 6  Horizon | RMSE: 31.479, 30.961; MAE: 19.688, 19.593; MAPE: 11.752, 11.802; Q10: 4.674, 4.607; Q50: 9.998, 9.935; Q90: 4.476, 4.523;
| 12 Horizon | RMSE: 33.132, 33.126; MAE: 20.740, 21.048; MAPE: 12.198, 12.568; Q10: 4.996, 5.006; Q50: 10.523, 10.660; Q90: 4.779, 4.971;
epoch 10 time used: 46  seconds  train loss: 18.088 val loss: 6.349766 test loss: 6.338729
Epoch 11: 
| 3  Horizon | RMSE: 30.161, 29.427; MAE: 18.815, 18.513; MAPE: 10.970, 10.990; Q10: 4.458, 4.358; Q50: 9.540, 9.373; Q90: 4.276, 4.230;
| 6  Horizon | RMSE: 31.798, 31.258; MAE: 19.878, 19.767; MAPE: 11.493, 11.556; Q10: 4.713, 4.619; Q50: 10.086, 10.014; Q90: 4.589, 4.646;
| 12 Horizon | RMSE: 33.423, 33.219; MAE: 20.969, 21.130; MAPE: 12.318, 12.546; Q10: 5.070, 5.016; Q50: 10.637, 10.700; Q90: 4.807, 4.968;
epoch 11 time used: 46  seconds  train loss: 17.981 val loss: 6.391925 test loss: 6.362112
Epoch 12: 
| 3  Horizon | RMSE: 30.110, 29.425; MAE: 18.808, 18.511; MAPE: 11.093, 11.082; Q10: 4.463, 4.356; Q50: 9.551, 9.387; Q90: 4.298, 4.238;
| 6  Horizon | RMSE: 31.577, 31.073; MAE: 19.764, 19.636; MAPE: 11.767, 11.771; Q10: 4.700, 4.622; Q50: 10.040, 9.959; Q90: 4.500, 4.523;
| 12 Horizon | RMSE: 33.723, 33.654; MAE: 21.373, 21.522; MAPE: 12.725, 12.828; Q10: 5.084, 5.059; Q50: 10.849, 10.906; Q90: 4.890, 5.006;
epoch 12 time used: 46  seconds  train loss: 17.878 val loss: 6.413668 test loss: 6.374605
Epoch 13: 
| 3  Horizon | RMSE: 30.039, 29.411; MAE: 18.848, 18.608; MAPE: 11.137, 11.231; Q10: 4.468, 4.384; Q50: 9.540, 9.405; Q90: 4.263, 4.237;
| 6  Horizon | RMSE: 31.716, 31.296; MAE: 19.989, 19.972; MAPE: 11.684, 11.909; Q10: 4.774, 4.705; Q50: 10.117, 10.093; Q90: 4.511, 4.583;
| 12 Horizon | RMSE: 33.602, 33.603; MAE: 21.232, 21.531; MAPE: 12.225, 12.577; Q10: 5.101, 5.064; Q50: 10.767, 10.899; Q90: 4.816, 5.013;
epoch 13 time used: 46  seconds  train loss: 17.816 val loss: 6.422973 test loss: 6.42189
Epoch 14: 
| 3  Horizon | RMSE: 30.293, 29.677; MAE: 19.078, 18.859; MAPE: 11.177, 11.282; Q10: 4.483, 4.399; Q50: 9.667, 9.542; Q90: 4.384, 4.376;
| 6  Horizon | RMSE: 31.661, 31.215; MAE: 19.919, 19.907; MAPE: 11.772, 12.002; Q10: 4.759, 4.701; Q50: 10.089, 10.067; Q90: 4.582, 4.650;
| 12 Horizon | RMSE: 33.376, 33.307; MAE: 21.044, 21.323; MAPE: 12.354, 12.759; Q10: 5.065, 5.040; Q50: 10.665, 10.787; Q90: 4.888, 5.075;
epoch 14 time used: 46  seconds  train loss: 17.768 val loss: 6.441728 test loss: 6.440987
Epoch 15: 
| 3  Horizon | RMSE: 30.737, 29.953; MAE: 19.857, 19.544; MAPE: 13.830, 13.895; Q10: 4.686, 4.597; Q50: 10.008, 9.839; Q90: 4.366, 4.327;
| 6  Horizon | RMSE: 31.752, 31.106; MAE: 20.137, 20.018; MAPE: 13.086, 13.316; Q10: 4.811, 4.738; Q50: 10.165, 10.091; Q90: 4.496, 4.522;
| 12 Horizon | RMSE: 33.628, 33.429; MAE: 21.534, 21.821; MAPE: 14.254, 14.871; Q10: 5.159, 5.154; Q50: 10.869, 10.999; Q90: 4.855, 4.976;
epoch 15 time used: 47  seconds  train loss: 17.679 val loss: 6.534586 test loss: 6.502782
Epoch 16: 
| 3  Horizon | RMSE: 30.252, 29.550; MAE: 18.985, 18.683; MAPE: 11.582, 11.537; Q10: 4.457, 4.365; Q50: 9.646, 9.479; Q90: 4.294, 4.247;
| 6  Horizon | RMSE: 31.719, 31.148; MAE: 19.745, 19.607; MAPE: 11.914, 11.922; Q10: 4.705, 4.631; Q50: 10.029, 9.943; Q90: 4.476, 4.485;
| 12 Horizon | RMSE: 33.434, 33.465; MAE: 21.088, 21.342; MAPE: 12.734, 12.858; Q10: 5.073, 5.053; Q50: 10.713, 10.821; Q90: 4.865, 5.032;
epoch 16 time used: 46  seconds  train loss: 17.657 val loss: 6.387978 test loss: 6.360927
Epoch 17: 
| 3  Horizon | RMSE: 29.975, 29.370; MAE: 18.611, 18.387; MAPE: 10.878, 10.972; Q10: 4.415, 4.322; Q50: 9.441, 9.313; Q90: 4.218, 4.192;
| 6  Horizon | RMSE: 31.367, 31.004; MAE: 19.417, 19.415; MAPE: 11.373, 11.553; Q10: 4.662, 4.596; Q50: 9.849, 9.832; Q90: 4.408, 4.468;
| 12 Horizon | RMSE: 33.202, 33.337; MAE: 20.690, 21.037; MAPE: 12.178, 12.595; Q10: 5.012, 5.015; Q50: 10.490, 10.648; Q90: 4.754, 4.940;
epoch 17 time used: 46  seconds  train loss: 17.606 val loss: 6.298459 test loss: 6.295917
Epoch 18: 
| 3  Horizon | RMSE: 30.796, 30.240; MAE: 20.079, 19.856; MAPE: 13.752, 13.716; Q10: 4.566, 4.478; Q50: 10.226, 10.098; Q90: 4.744, 4.710;
| 6  Horizon | RMSE: 32.008, 31.650; MAE: 20.606, 20.607; MAPE: 13.969, 13.980; Q10: 4.827, 4.761; Q50: 10.495, 10.478; Q90: 4.763, 4.842;
| 12 Horizon | RMSE: 34.277, 34.366; MAE: 22.232, 22.541; MAPE: 15.047, 15.115; Q10: 5.212, 5.186; Q50: 11.322, 11.454; Q90: 5.339, 5.521;
epoch 18 time used: 47  seconds  train loss: 17.519 val loss: 6.773977 test loss: 6.776326
Epoch 19: 
| 3  Horizon | RMSE: 30.336, 29.623; MAE: 18.734, 18.507; MAPE: 11.082, 11.185; Q10: 4.444, 4.339; Q50: 9.505, 9.376; Q90: 4.230, 4.219;
| 6  Horizon | RMSE: 31.794, 31.306; MAE: 19.566, 19.558; MAPE: 11.618, 11.776; Q10: 4.694, 4.618; Q50: 9.932, 9.912; Q90: 4.441, 4.503;
| 12 Horizon | RMSE: 33.512, 33.629; MAE: 20.818, 21.177; MAPE: 12.402, 12.710; Q10: 5.071, 5.046; Q50: 10.569, 10.731; Q90: 4.781, 4.985;
epoch 19 time used: 47  seconds  train loss: 17.481 val loss: 6.343038 test loss: 6.338528
Epoch 20: 
| 3  Horizon | RMSE: 29.949, 29.392; MAE: 18.665, 18.494; MAPE: 11.017, 11.191; Q10: 4.413, 4.336; Q50: 9.459, 9.359; Q90: 4.240, 4.231;
| 6  Horizon | RMSE: 31.473, 31.170; MAE: 19.782, 19.879; MAPE: 12.437, 12.774; Q10: 4.725, 4.679; Q50: 10.000, 10.035; Q90: 4.481, 4.592;
| 12 Horizon | RMSE: 32.984, 33.347; MAE: 20.648, 21.190; MAPE: 12.658, 13.288; Q10: 4.985, 5.006; Q50: 10.447, 10.706; Q90: 4.713, 4.959;
epoch 20 time used: 47  seconds  train loss: 17.451 val loss: 6.311322 test loss: 6.343502
Epoch 21: 
| 3  Horizon | RMSE: 29.887, 29.249; MAE: 18.558, 18.344; MAPE: 10.835, 10.936; Q10: 4.405, 4.311; Q50: 9.404, 9.282; Q90: 4.213, 4.186;
| 6  Horizon | RMSE: 31.286, 30.846; MAE: 19.399, 19.403; MAPE: 11.381, 11.590; Q10: 4.663, 4.594; Q50: 9.824, 9.812; Q90: 4.401, 4.456;
| 12 Horizon | RMSE: 33.303, 33.246; MAE: 20.783, 21.078; MAPE: 12.380, 12.808; Q10: 5.067, 5.040; Q50: 10.519, 10.651; Q90: 4.768, 4.930;
epoch 21 time used: 47  seconds  train loss: 17.414 val loss: 6.287519 test loss: 6.281039
Epoch 22: 
| 3  Horizon | RMSE: 30.087, 29.352; MAE: 18.858, 18.546; MAPE: 11.537, 11.486; Q10: 4.456, 4.352; Q50: 9.583, 9.410; Q90: 4.270, 4.230;
| 6  Horizon | RMSE: 31.662, 31.114; MAE: 19.888, 19.731; MAPE: 12.108, 12.076; Q10: 4.758, 4.662; Q50: 10.108, 10.012; Q90: 4.481, 4.529;
| 12 Horizon | RMSE: 34.140, 33.994; MAE: 21.660, 21.739; MAPE: 13.059, 13.091; Q10: 5.202, 5.121; Q50: 11.009, 11.026; Q90: 5.156, 5.298;
epoch 22 time used: 47  seconds  train loss: 17.357 val loss: 6.478849 test loss: 6.430355
Epoch 23: 
| 3  Horizon | RMSE: 30.187, 29.463; MAE: 18.848, 18.581; MAPE: 11.284, 11.301; Q10: 4.477, 4.367; Q50: 9.576, 9.426; Q90: 4.267, 4.256;
| 6  Horizon | RMSE: 31.681, 31.149; MAE: 19.791, 19.719; MAPE: 12.014, 12.064; Q10: 4.741, 4.647; Q50: 10.058, 10.006; Q90: 4.457, 4.530;
| 12 Horizon | RMSE: 33.615, 33.636; MAE: 21.134, 21.390; MAPE: 12.880, 13.057; Q10: 5.133, 5.098; Q50: 10.737, 10.845; Q90: 4.814, 4.981;
epoch 23 time used: 47  seconds  train loss: 17.331 val loss: 6.41979 test loss: 6.406892
Epoch 24: 
| 3  Horizon | RMSE: 30.177, 29.629; MAE: 18.884, 18.696; MAPE: 10.898, 10.987; Q10: 4.479, 4.389; Q50: 9.571, 9.463; Q90: 4.242, 4.238;
| 6  Horizon | RMSE: 31.806, 31.569; MAE: 19.996, 20.054; MAPE: 11.697, 11.924; Q10: 4.835, 4.756; Q50: 10.121, 10.136; Q90: 4.502, 4.615;
| 12 Horizon | RMSE: 33.361, 33.813; MAE: 21.037, 21.465; MAPE: 12.699, 13.134; Q10: 5.126, 5.110; Q50: 10.643, 10.845; Q90: 4.782, 5.018;
epoch 24 time used: 47  seconds  train loss: 17.283 val loss: 6.421403 test loss: 6.446457
Epoch 25: 
| 3  Horizon | RMSE: 30.044, 29.331; MAE: 18.580, 18.332; MAPE: 11.009, 11.080; Q10: 4.401, 4.300; Q50: 9.430, 9.291; Q90: 4.207, 4.177;
| 6  Horizon | RMSE: 31.404, 30.925; MAE: 19.390, 19.368; MAPE: 11.363, 11.537; Q10: 4.674, 4.585; Q50: 9.838, 9.812; Q90: 4.382, 4.458;
| 12 Horizon | RMSE: 33.286, 33.285; MAE: 20.711, 20.967; MAPE: 12.384, 12.622; Q10: 5.052, 5.016; Q50: 10.517, 10.625; Q90: 4.718, 4.874;
epoch 25 time used: 47  seconds  train loss: 17.268 val loss: 6.2817 test loss: 6.271043
Epoch 26: 
| 3  Horizon | RMSE: 30.032, 29.311; MAE: 18.608, 18.351; MAPE: 10.928, 11.049; Q10: 4.417, 4.317; Q50: 9.431, 9.287; Q90: 4.212, 4.184;
| 6  Horizon | RMSE: 31.435, 30.889; MAE: 19.415, 19.343; MAPE: 11.397, 11.606; Q10: 4.674, 4.591; Q50: 9.840, 9.790; Q90: 4.399, 4.446;
| 12 Horizon | RMSE: 33.465, 33.401; MAE: 20.803, 21.042; MAPE: 12.369, 12.757; Q10: 5.098, 5.057; Q50: 10.538, 10.643; Q90: 4.753, 4.873;
epoch 26 time used: 47  seconds  train loss: 17.219 val loss: 6.305031 test loss: 6.277334
Epoch 27: 
| 3  Horizon | RMSE: 29.997, 29.348; MAE: 18.563, 18.333; MAPE: 10.930, 10.985; Q10: 4.387, 4.299; Q50: 9.420, 9.290; Q90: 4.218, 4.197;
| 6  Horizon | RMSE: 31.380, 31.016; MAE: 19.318, 19.330; MAPE: 11.396, 11.524; Q10: 4.649, 4.577; Q50: 9.806, 9.797; Q90: 4.400, 4.482;
| 12 Horizon | RMSE: 33.217, 33.607; MAE: 20.661, 21.047; MAPE: 12.193, 12.448; Q10: 5.002, 4.998; Q50: 10.487, 10.665; Q90: 4.780, 5.001;
epoch 27 time used: 47  seconds  train loss: 17.183 val loss: 6.275124 test loss: 6.28727
Epoch 28: 
| 3  Horizon | RMSE: 30.247, 29.425; MAE: 18.673, 18.354; MAPE: 10.997, 11.027; Q10: 4.409, 4.304; Q50: 9.472, 9.297; Q90: 4.209, 4.179;
| 6  Horizon | RMSE: 31.611, 30.950; MAE: 19.427, 19.310; MAPE: 11.423, 11.549; Q10: 4.651, 4.569; Q50: 9.855, 9.782; Q90: 4.379, 4.422;
| 12 Horizon | RMSE: 33.339, 33.279; MAE: 20.692, 20.921; MAPE: 12.279, 12.565; Q10: 5.059, 5.043; Q50: 10.497, 10.595; Q90: 4.726, 4.856;
epoch 28 time used: 47  seconds  train loss: 17.177 val loss: 6.290538 test loss: 6.260925
Epoch 29: 
| 3  Horizon | RMSE: 30.070, 29.478; MAE: 18.582, 18.379; MAPE: 10.905, 11.005; Q10: 4.410, 4.314; Q50: 9.432, 9.315; Q90: 4.224, 4.215;
| 6  Horizon | RMSE: 31.434, 31.144; MAE: 19.402, 19.444; MAPE: 11.286, 11.529; Q10: 4.669, 4.600; Q50: 9.833, 9.840; Q90: 4.443, 4.528;
| 12 Horizon | RMSE: 33.176, 33.638; MAE: 20.619, 20.999; MAPE: 11.957, 12.375; Q10: 5.007, 5.024; Q50: 10.452, 10.627; Q90: 4.814, 5.020;
epoch 29 time used: 47  seconds  train loss: 17.139 val loss: 6.287304 test loss: 6.302506
Epoch 30: 
| 3  Horizon | RMSE: 29.959, 29.220; MAE: 18.573, 18.318; MAPE: 11.041, 11.066; Q10: 4.397, 4.300; Q50: 9.430, 9.287; Q90: 4.197, 4.179;
| 6  Horizon | RMSE: 31.260, 30.740; MAE: 19.279, 19.244; MAPE: 11.429, 11.516; Q10: 4.648, 4.560; Q50: 9.788, 9.755; Q90: 4.373, 4.439;
| 12 Horizon | RMSE: 33.084, 33.342; MAE: 20.528, 20.896; MAPE: 12.261, 12.533; Q10: 5.023, 5.014; Q50: 10.423, 10.591; Q90: 4.684, 4.876;
epoch 30 time used: 46  seconds  train loss: 17.142 val loss: 6.258813 test loss: 6.259138
Epoch 31: 
| 3  Horizon | RMSE: 29.952, 29.275; MAE: 18.515, 18.314; MAPE: 10.889, 11.008; Q10: 4.379, 4.290; Q50: 9.384, 9.268; Q90: 4.204, 4.188;
| 6  Horizon | RMSE: 31.347, 30.955; MAE: 19.295, 19.344; MAPE: 11.234, 11.490; Q10: 4.643, 4.570; Q50: 9.782, 9.792; Q90: 4.375, 4.445;
| 12 Horizon | RMSE: 33.020, 33.368; MAE: 20.517, 21.003; MAPE: 12.287, 12.871; Q10: 4.988, 5.037; Q50: 10.389, 10.619; Q90: 4.703, 4.892;
epoch 31 time used: 47  seconds  train loss: 17.089 val loss: 6.248743 test loss: 6.268415
Epoch 32: 
| 3  Horizon | RMSE: 30.031, 29.256; MAE: 18.520, 18.277; MAPE: 11.003, 11.031; Q10: 4.411, 4.304; Q50: 9.405, 9.268; Q90: 4.172, 4.143;
| 6  Horizon | RMSE: 31.323, 30.811; MAE: 19.198, 19.201; MAPE: 11.207, 11.369; Q10: 4.684, 4.592; Q50: 9.741, 9.728; Q90: 4.341, 4.400;
| 12 Horizon | RMSE: 32.958, 33.400; MAE: 20.400, 20.872; MAPE: 11.914, 12.316; Q10: 5.007, 5.031; Q50: 10.352, 10.573; Q90: 4.627, 4.835;
epoch 32 time used: 46  seconds  train loss: 17.064 val loss: 6.247133 test loss: 6.254715
Epoch 33: 
| 3  Horizon | RMSE: 30.209, 29.635; MAE: 18.834, 18.655; MAPE: 10.877, 10.948; Q10: 4.495, 4.413; Q50: 9.561, 9.457; Q90: 4.238, 4.234;
| 6  Horizon | RMSE: 31.863, 31.620; MAE: 19.936, 19.988; MAPE: 11.608, 11.708; Q10: 4.727, 4.662; Q50: 10.129, 10.140; Q90: 4.512, 4.622;
| 12 Horizon | RMSE: 33.294, 33.731; MAE: 20.787, 21.209; MAPE: 12.131, 12.422; Q10: 5.054, 5.066; Q50: 10.559, 10.752; Q90: 4.788, 5.022;
epoch 33 time used: 47  seconds  train loss: 17.061 val loss: 6.383465 test loss: 6.413062
Epoch 34: 
| 3  Horizon | RMSE: 29.907, 29.207; MAE: 18.481, 18.280; MAPE: 10.899, 10.997; Q10: 4.412, 4.318; Q50: 9.362, 9.246; Q90: 4.190, 4.175;
| 6  Horizon | RMSE: 31.311, 30.880; MAE: 19.323, 19.363; MAPE: 11.589, 11.817; Q10: 4.719, 4.653; Q50: 9.781, 9.787; Q90: 4.372, 4.447;
| 12 Horizon | RMSE: 33.112, 33.423; MAE: 20.611, 21.035; MAPE: 12.551, 13.014; Q10: 5.093, 5.140; Q50: 10.432, 10.632; Q90: 4.733, 4.928;
epoch 34 time used: 47  seconds  train loss: 17.037 val loss: 6.281169 test loss: 6.300894
Epoch 35: 
| 3  Horizon | RMSE: 30.270, 29.421; MAE: 18.671, 18.412; MAPE: 11.190, 11.278; Q10: 4.399, 4.300; Q50: 9.451, 9.307; Q90: 4.220, 4.199;
| 6  Horizon | RMSE: 31.494, 30.965; MAE: 19.379, 19.413; MAPE: 11.654, 11.896; Q10: 4.685, 4.615; Q50: 9.806, 9.810; Q90: 4.390, 4.463;
| 12 Horizon | RMSE: 33.224, 33.507; MAE: 20.733, 21.238; MAPE: 13.011, 13.534; Q10: 5.088, 5.133; Q50: 10.479, 10.721; Q90: 4.702, 4.920;
epoch 35 time used: 47  seconds  train loss: 17.001 val loss: 6.277435 test loss: 6.296936
Epoch 36: 
| 3  Horizon | RMSE: 30.001, 29.270; MAE: 18.584, 18.365; MAPE: 11.152, 11.178; Q10: 4.406, 4.319; Q50: 9.441, 9.316; Q90: 4.211, 4.199;
| 6  Horizon | RMSE: 31.468, 30.915; MAE: 19.188, 19.204; MAPE: 11.260, 11.450; Q10: 4.641, 4.570; Q50: 9.730, 9.724; Q90: 4.348, 4.416;
| 12 Horizon | RMSE: 33.229, 33.317; MAE: 20.520, 20.864; MAPE: 11.977, 12.354; Q10: 5.014, 5.008; Q50: 10.403, 10.562; Q90: 4.708, 4.906;
epoch 36 time used: 47  seconds  train loss: 16.987 val loss: 6.244159 test loss: 6.25149
Epoch 37: 
| 3  Horizon | RMSE: 30.250, 29.536; MAE: 18.530, 18.332; MAPE: 10.889, 10.977; Q10: 4.406, 4.301; Q50: 9.398, 9.284; Q90: 4.186, 4.166;
| 6  Horizon | RMSE: 31.729, 31.386; MAE: 19.312, 19.377; MAPE: 11.372, 11.574; Q10: 4.695, 4.654; Q50: 9.799, 9.818; Q90: 4.356, 4.414;
| 12 Horizon | RMSE: 33.695, 34.208; MAE: 20.743, 21.228; MAPE: 12.519, 13.014; Q10: 5.116, 5.229; Q50: 10.505, 10.737; Q90: 4.679, 4.839;
epoch 37 time used: 47  seconds  train loss: 16.966 val loss: 6.275853 test loss: 6.29933
Epoch 38: 
| 3  Horizon | RMSE: 30.016, 29.261; MAE: 18.470, 18.259; MAPE: 10.920, 11.016; Q10: 4.387, 4.292; Q50: 9.358, 9.237; Q90: 4.172, 4.147;
| 6  Horizon | RMSE: 31.506, 31.002; MAE: 19.300, 19.325; MAPE: 11.502, 11.739; Q10: 4.691, 4.623; Q50: 9.774, 9.773; Q90: 4.388, 4.420;
| 12 Horizon | RMSE: 33.186, 33.456; MAE: 20.518, 20.947; MAPE: 12.428, 12.933; Q10: 5.040, 5.091; Q50: 10.387, 10.589; Q90: 4.679, 4.832;
epoch 38 time used: 46  seconds  train loss: 16.97 val loss: 6.24437 test loss: 6.252045
Epoch 39: 
| 3  Horizon | RMSE: 29.954, 29.293; MAE: 18.419, 18.246; MAPE: 10.816, 10.922; Q10: 4.399, 4.299; Q50: 9.339, 9.237; Q90: 4.181, 4.167;
| 6  Horizon | RMSE: 31.297, 31.001; MAE: 19.140, 19.213; MAPE: 11.232, 11.424; Q10: 4.656, 4.603; Q50: 9.715, 9.737; Q90: 4.359, 4.429;
| 12 Horizon | RMSE: 33.092, 33.584; MAE: 20.450, 20.908; MAPE: 12.025, 12.385; Q10: 4.994, 5.046; Q50: 10.384, 10.595; Q90: 4.787, 5.006;
epoch 39 time used: 47  seconds  train loss: 16.935 val loss: 6.235825 test loss: 6.264199
Epoch 40: 
| 3  Horizon | RMSE: 29.977, 29.271; MAE: 18.484, 18.311; MAPE: 10.797, 10.889; Q10: 4.382, 4.289; Q50: 9.371, 9.270; Q90: 4.199, 4.198;
| 6  Horizon | RMSE: 31.419, 31.015; MAE: 19.261, 19.333; MAPE: 11.210, 11.401; Q10: 4.667, 4.594; Q50: 9.769, 9.791; Q90: 4.403, 4.500;
| 12 Horizon | RMSE: 33.052, 33.418; MAE: 20.290, 20.788; MAPE: 11.953, 12.398; Q10: 4.987, 5.036; Q50: 10.288, 10.523; Q90: 4.637, 4.857;
epoch 40 time used: 47  seconds  train loss: 16.917 val loss: 6.238985 test loss: 6.268833
Epoch 41: 
| 3  Horizon | RMSE: 29.959, 29.281; MAE: 18.600, 18.381; MAPE: 11.291, 11.254; Q10: 4.401, 4.295; Q50: 9.450, 9.325; Q90: 4.233, 4.219;
| 6  Horizon | RMSE: 31.255, 30.930; MAE: 19.266, 19.321; MAPE: 11.408, 11.498; Q10: 4.648, 4.588; Q50: 9.785, 9.798; Q90: 4.391, 4.482;
| 12 Horizon | RMSE: 33.215, 33.483; MAE: 20.701, 21.055; MAPE: 12.177, 12.402; Q10: 5.017, 5.023; Q50: 10.515, 10.673; Q90: 4.864, 5.076;
epoch 41 time used: 47  seconds  train loss: 16.928 val loss: 6.289447 test loss: 6.304349
Epoch 42: 
| 3  Horizon | RMSE: 29.837, 29.262; MAE: 18.440, 18.305; MAPE: 10.841, 10.955; Q10: 4.373, 4.291; Q50: 9.349, 9.267; Q90: 4.174, 4.177;
| 6  Horizon | RMSE: 31.267, 30.966; MAE: 19.204, 19.288; MAPE: 11.327, 11.548; Q10: 4.644, 4.590; Q50: 9.735, 9.764; Q90: 4.348, 4.444;
| 12 Horizon | RMSE: 33.069, 33.445; MAE: 20.392, 20.847; MAPE: 12.090, 12.467; Q10: 5.033, 5.079; Q50: 10.344, 10.558; Q90: 4.650, 4.861;
epoch 42 time used: 47  seconds  train loss: 16.896 val loss: 6.225453 test loss: 6.258245
Epoch 43: 
| 3  Horizon | RMSE: 30.123, 29.402; MAE: 18.743, 18.569; MAPE: 11.584, 11.657; Q10: 4.435, 4.340; Q50: 9.476, 9.376; Q90: 4.201, 4.188;
| 6  Horizon | RMSE: 31.543, 31.101; MAE: 19.412, 19.474; MAPE: 11.755, 11.967; Q10: 4.740, 4.680; Q50: 9.825, 9.843; Q90: 4.397, 4.469;
| 12 Horizon | RMSE: 33.225, 33.463; MAE: 20.521, 20.956; MAPE: 12.460, 12.896; Q10: 5.050, 5.079; Q50: 10.392, 10.597; Q90: 4.692, 4.888;
epoch 43 time used: 47  seconds  train loss: 16.883 val loss: 6.280658 test loss: 6.298367
Epoch 44: 
| 3  Horizon | RMSE: 30.027, 29.345; MAE: 18.393, 18.242; MAPE: 10.759, 10.871; Q10: 4.366, 4.274; Q50: 9.323, 9.233; Q90: 4.164, 4.164;
| 6  Horizon | RMSE: 31.447, 31.149; MAE: 19.197, 19.323; MAPE: 11.137, 11.385; Q10: 4.642, 4.602; Q50: 9.736, 9.785; Q90: 4.366, 4.465;
| 12 Horizon | RMSE: 33.275, 33.584; MAE: 20.421, 20.850; MAPE: 11.909, 12.295; Q10: 4.999, 5.042; Q50: 10.364, 10.561; Q90: 4.723, 4.941;
epoch 44 time used: 47  seconds  train loss: 16.888 val loss: 6.228003 test loss: 6.266196
Epoch 45: 
| 3  Horizon | RMSE: 29.913, 29.264; MAE: 18.518, 18.347; MAPE: 10.952, 10.985; Q10: 4.390, 4.301; Q50: 9.404, 9.303; Q90: 4.189, 4.193;
| 6  Horizon | RMSE: 31.329, 30.967; MAE: 19.314, 19.378; MAPE: 11.201, 11.377; Q10: 4.652, 4.599; Q50: 9.803, 9.821; Q90: 4.425, 4.523;
| 12 Horizon | RMSE: 33.261, 33.445; MAE: 20.825, 21.162; MAPE: 12.795, 12.993; Q10: 5.039, 5.080; Q50: 10.587, 10.737; Q90: 4.895, 5.082;
epoch 45 time used: 46  seconds  train loss: 16.849 val loss: 6.293027 test loss: 6.317641
Epoch 46: 
| 3  Horizon | RMSE: 29.872, 29.168; MAE: 18.492, 18.284; MAPE: 10.911, 11.022; Q10: 4.389, 4.302; Q50: 9.376, 9.257; Q90: 4.174, 4.160;
| 6  Horizon | RMSE: 31.294, 30.803; MAE: 19.255, 19.267; MAPE: 11.328, 11.552; Q10: 4.656, 4.579; Q50: 9.766, 9.756; Q90: 4.367, 4.425;
| 12 Horizon | RMSE: 33.360, 33.609; MAE: 20.825, 21.303; MAPE: 12.322, 12.886; Q10: 5.044, 5.080; Q50: 10.555, 10.778; Q90: 4.887, 5.115;
epoch 46 time used: 47  seconds  train loss: 16.843 val loss: 6.285558 test loss: 6.304115
Epoch 47: 
| 3  Horizon | RMSE: 29.973, 29.205; MAE: 18.437, 18.259; MAPE: 11.019, 11.113; Q10: 4.398, 4.304; Q50: 9.333, 9.229; Q90: 4.155, 4.151;
| 6  Horizon | RMSE: 31.499, 30.916; MAE: 19.123, 19.143; MAPE: 11.188, 11.366; Q10: 4.686, 4.607; Q50: 9.698, 9.694; Q90: 4.338, 4.422;
| 12 Horizon | RMSE: 33.149, 33.266; MAE: 20.322, 20.764; MAPE: 12.121, 12.540; Q10: 5.043, 5.078; Q50: 10.299, 10.507; Q90: 4.626, 4.828;
epoch 47 time used: 47  seconds  train loss: 16.821 val loss: 6.222976 test loss: 6.240403
Epoch 48: 
| 3  Horizon | RMSE: 30.036, 29.268; MAE: 18.463, 18.268; MAPE: 11.027, 11.051; Q10: 4.389, 4.291; Q50: 9.378, 9.266; Q90: 4.186, 4.179;
| 6  Horizon | RMSE: 31.414, 30.953; MAE: 19.139, 19.216; MAPE: 11.118, 11.328; Q10: 4.646, 4.584; Q50: 9.712, 9.738; Q90: 4.385, 4.495;
| 12 Horizon | RMSE: 33.234, 33.378; MAE: 20.359, 20.787; MAPE: 11.949, 12.307; Q10: 4.993, 5.029; Q50: 10.339, 10.537; Q90: 4.715, 4.936;
epoch 48 time used: 47  seconds  train loss: 16.84 val loss: 6.243991 test loss: 6.271878
Epoch 49: 
| 3  Horizon | RMSE: 30.096, 29.486; MAE: 18.641, 18.479; MAPE: 11.391, 11.516; Q10: 4.425, 4.330; Q50: 9.426, 9.331; Q90: 4.163, 4.159;
| 6  Horizon | RMSE: 31.527, 31.180; MAE: 19.398, 19.446; MAPE: 11.788, 12.040; Q10: 4.705, 4.650; Q50: 9.813, 9.824; Q90: 4.335, 4.397;
| 12 Horizon | RMSE: 33.117, 33.397; MAE: 20.356, 20.777; MAPE: 12.173, 12.616; Q10: 5.045, 5.093; Q50: 10.313, 10.509; Q90: 4.622, 4.804;
epoch 49 time used: 47  seconds  train loss: 16.816 val loss: 6.24891 test loss: 6.268569
Epoch 50: 
| 3  Horizon | RMSE: 29.875, 29.329; MAE: 18.376, 18.253; MAPE: 10.729, 10.827; Q10: 4.370, 4.289; Q50: 9.321, 9.245; Q90: 4.151, 4.147;
| 6  Horizon | RMSE: 31.330, 31.041; MAE: 19.103, 19.185; MAPE: 11.181, 11.378; Q10: 4.641, 4.605; Q50: 9.695, 9.722; Q90: 4.330, 4.405;
| 12 Horizon | RMSE: 33.373, 33.702; MAE: 20.801, 21.195; MAPE: 12.572, 12.767; Q10: 5.058, 5.088; Q50: 10.574, 10.752; Q90: 4.833, 5.047;
epoch 50 time used: 46  seconds  train loss: 16.802 val loss: 6.249835 test loss: 6.282114
Epoch 51: 
| 3  Horizon | RMSE: 30.031, 29.388; MAE: 18.403, 18.251; MAPE: 10.697, 10.790; Q10: 4.381, 4.293; Q50: 9.332, 9.240; Q90: 4.145, 4.140;
| 6  Horizon | RMSE: 31.445, 31.127; MAE: 19.131, 19.231; MAPE: 11.083, 11.302; Q10: 4.649, 4.611; Q50: 9.703, 9.740; Q90: 4.342, 4.428;
| 12 Horizon | RMSE: 33.018, 33.335; MAE: 20.189, 20.637; MAPE: 11.880, 12.289; Q10: 4.968, 5.047; Q50: 10.247, 10.456; Q90: 4.677, 4.875;
epoch 51 time used: 47  seconds  train loss: 16.773 val loss: 6.214015 test loss: 6.249673
Epoch 52: 
| 3  Horizon | RMSE: 29.986, 29.350; MAE: 18.407, 18.243; MAPE: 10.717, 10.821; Q10: 4.388, 4.290; Q50: 9.337, 9.240; Q90: 4.165, 4.159;
| 6  Horizon | RMSE: 31.390, 31.068; MAE: 19.144, 19.230; MAPE: 11.146, 11.386; Q10: 4.668, 4.618; Q50: 9.713, 9.742; Q90: 4.358, 4.446;
| 12 Horizon | RMSE: 33.071, 33.402; MAE: 20.303, 20.762; MAPE: 12.000, 12.464; Q10: 5.045, 5.120; Q50: 10.296, 10.512; Q90: 4.641, 4.843;
epoch 52 time used: 47  seconds  train loss: 16.778 val loss: 6.221984 test loss: 6.251533
Epoch 53: 
| 3  Horizon | RMSE: 30.015, 29.489; MAE: 18.572, 18.485; MAPE: 11.010, 11.162; Q10: 4.435, 4.365; Q50: 9.404, 9.347; Q90: 4.174, 4.188;
| 6  Horizon | RMSE: 31.379, 31.160; MAE: 19.205, 19.364; MAPE: 11.260, 11.540; Q10: 4.673, 4.651; Q50: 9.732, 9.798; Q90: 4.357, 4.470;
| 12 Horizon | RMSE: 33.046, 33.511; MAE: 20.303, 20.815; MAPE: 11.886, 12.349; Q10: 5.006, 5.086; Q50: 10.299, 10.540; Q90: 4.644, 4.862;
epoch 53 time used: 47  seconds  train loss: 16.765 val loss: 6.229949 test loss: 6.283187
Epoch 54: 
| 3  Horizon | RMSE: 29.855, 29.269; MAE: 18.348, 18.211; MAPE: 10.698, 10.778; Q10: 4.376, 4.284; Q50: 9.305, 9.221; Q90: 4.139, 4.146;
| 6  Horizon | RMSE: 31.278, 30.974; MAE: 19.214, 19.316; MAPE: 11.426, 11.648; Q10: 4.652, 4.612; Q50: 9.724, 9.763; Q90: 4.344, 4.445;
| 12 Horizon | RMSE: 33.163, 33.491; MAE: 20.837, 21.313; MAPE: 13.529, 13.972; Q10: 5.101, 5.161; Q50: 10.520, 10.750; Q90: 4.659, 4.858;
epoch 54 time used: 47  seconds  train loss: 16.757 val loss: 6.237506 test loss: 6.272947
Epoch 55: 
| 3  Horizon | RMSE: 29.909, 29.282; MAE: 18.367, 18.197; MAPE: 10.692, 10.801; Q10: 4.372, 4.282; Q50: 9.311, 9.211; Q90: 4.146, 4.142;
| 6  Horizon | RMSE: 31.317, 30.961; MAE: 19.127, 19.191; MAPE: 11.115, 11.331; Q10: 4.636, 4.582; Q50: 9.700, 9.718; Q90: 4.335, 4.413;
| 12 Horizon | RMSE: 33.191, 33.342; MAE: 20.714, 21.115; MAPE: 12.653, 13.148; Q10: 5.018, 5.039; Q50: 10.480, 10.668; Q90: 4.778, 4.983;
epoch 55 time used: 46  seconds  train loss: 16.758 val loss: 6.232976 test loss: 6.256339
Epoch 56: 
| 3  Horizon | RMSE: 29.967, 29.407; MAE: 18.369, 18.243; MAPE: 10.769, 10.866; Q10: 4.388, 4.295; Q50: 9.321, 9.243; Q90: 4.138, 4.146;
| 6  Horizon | RMSE: 31.332, 31.125; MAE: 19.116, 19.253; MAPE: 11.198, 11.425; Q10: 4.641, 4.624; Q50: 9.701, 9.757; Q90: 4.339, 4.445;
| 12 Horizon | RMSE: 32.928, 33.352; MAE: 20.275, 20.745; MAPE: 12.093, 12.437; Q10: 5.000, 5.101; Q50: 10.297, 10.515; Q90: 4.624, 4.838;
epoch 56 time used: 46  seconds  train loss: 16.728 val loss: 6.20414 test loss: 6.251199
Epoch 57: 
| 3  Horizon | RMSE: 30.001, 29.434; MAE: 18.376, 18.217; MAPE: 10.758, 10.856; Q10: 4.377, 4.283; Q50: 9.320, 9.225; Q90: 4.143, 4.138;
| 6  Horizon | RMSE: 31.363, 31.111; MAE: 19.178, 19.243; MAPE: 11.196, 11.394; Q10: 4.656, 4.606; Q50: 9.733, 9.751; Q90: 4.332, 4.408;
| 12 Horizon | RMSE: 33.087, 33.350; MAE: 20.372, 20.757; MAPE: 11.967, 12.322; Q10: 5.023, 5.065; Q50: 10.340, 10.514; Q90: 4.658, 4.819;
epoch 57 time used: 45  seconds  train loss: 16.757 val loss: 6.220412 test loss: 6.238541
Epoch 58: 
| 3  Horizon | RMSE: 29.908, 29.231; MAE: 18.403, 18.219; MAPE: 10.697, 10.769; Q10: 4.382, 4.283; Q50: 9.336, 9.228; Q90: 4.154, 4.149;
| 6  Horizon | RMSE: 31.353, 30.912; MAE: 19.102, 19.124; MAPE: 11.258, 11.395; Q10: 4.645, 4.591; Q50: 9.700, 9.697; Q90: 4.317, 4.383;
| 12 Horizon | RMSE: 33.152, 33.312; MAE: 20.309, 20.685; MAPE: 11.947, 12.302; Q10: 5.007, 5.048; Q50: 10.309, 10.481; Q90: 4.636, 4.813;
epoch 58 time used: 46  seconds  train loss: 16.718 val loss: 6.212247 test loss: 6.228533
Epoch 59: 
| 3  Horizon | RMSE: 30.071, 29.440; MAE: 18.430, 18.321; MAPE: 10.859, 11.017; Q10: 4.396, 4.312; Q50: 9.338, 9.268; Q90: 4.145, 4.145;
| 6  Horizon | RMSE: 31.569, 31.224; MAE: 19.223, 19.367; MAPE: 11.440, 11.768; Q10: 4.731, 4.721; Q50: 9.738, 9.797; Q90: 4.329, 4.407;
| 12 Horizon | RMSE: 33.056, 33.434; MAE: 20.431, 20.919; MAPE: 12.037, 12.502; Q10: 5.056, 5.136; Q50: 10.363, 10.591; Q90: 4.676, 4.869;
epoch 59 time used: 45  seconds  train loss: 16.725 val loss: 6.236191 test loss: 6.283521
Epoch 60: 
| 3  Horizon | RMSE: 29.911, 29.240; MAE: 18.278, 18.133; MAPE: 10.706, 10.780; Q10: 4.367, 4.273; Q50: 9.269, 9.181; Q90: 4.117, 4.117;
| 6  Horizon | RMSE: 31.355, 30.956; MAE: 19.025, 19.117; MAPE: 11.183, 11.355; Q10: 4.659, 4.613; Q50: 9.654, 9.686; Q90: 4.297, 4.384;
| 12 Horizon | RMSE: 32.909, 33.098; MAE: 20.160, 20.617; MAPE: 11.980, 12.394; Q10: 4.997, 5.059; Q50: 10.226, 10.440; Q90: 4.596, 4.785;
epoch 60 time used: 46  seconds  train loss: 16.704 val loss: 6.179483 test loss: 6.209827
Epoch 61: 
| 3  Horizon | RMSE: 29.964, 29.418; MAE: 18.450, 18.317; MAPE: 10.855, 10.918; Q10: 4.398, 4.303; Q50: 9.365, 9.283; Q90: 4.210, 4.219;
| 6  Horizon | RMSE: 31.330, 31.110; MAE: 19.180, 19.298; MAPE: 11.125, 11.332; Q10: 4.645, 4.603; Q50: 9.733, 9.778; Q90: 4.388, 4.497;
| 12 Horizon | RMSE: 33.010, 33.309; MAE: 20.330, 20.725; MAPE: 11.998, 12.304; Q10: 4.987, 5.036; Q50: 10.323, 10.502; Q90: 4.698, 4.898;
epoch 61 time used: 45  seconds  train loss: 16.703 val loss: 6.237902 test loss: 6.271562
Epoch 62: 
| 3  Horizon | RMSE: 30.084, 29.547; MAE: 18.535, 18.440; MAPE: 10.765, 10.866; Q10: 4.439, 4.349; Q50: 9.408, 9.346; Q90: 4.143, 4.148;
| 6  Horizon | RMSE: 31.521, 31.293; MAE: 19.278, 19.433; MAPE: 11.391, 11.577; Q10: 4.686, 4.645; Q50: 9.793, 9.856; Q90: 4.363, 4.464;
| 12 Horizon | RMSE: 33.314, 33.631; MAE: 20.664, 21.093; MAPE: 12.494, 12.745; Q10: 5.017, 5.061; Q50: 10.504, 10.700; Q90: 4.771, 4.961;
epoch 62 time used: 46  seconds  train loss: 16.676 val loss: 6.267616 test loss: 6.309053
Epoch 63: 
| 3  Horizon | RMSE: 29.727, 29.209; MAE: 18.252, 18.148; MAPE: 10.663, 10.781; Q10: 4.347, 4.270; Q50: 9.257, 9.191; Q90: 4.126, 4.135;
| 6  Horizon | RMSE: 31.108, 30.914; MAE: 19.001, 19.153; MAPE: 11.046, 11.304; Q10: 4.607, 4.582; Q50: 9.637, 9.700; Q90: 4.332, 4.454;
| 12 Horizon | RMSE: 32.863, 33.209; MAE: 20.251, 20.722; MAPE: 11.931, 12.402; Q10: 4.963, 5.037; Q50: 10.265, 10.487; Q90: 4.648, 4.839;
epoch 63 time used: 45  seconds  train loss: 16.697 val loss: 6.176868 test loss: 6.226763
Epoch 64: 
| 3  Horizon | RMSE: 30.245, 29.651; MAE: 18.624, 18.458; MAPE: 10.837, 10.903; Q10: 4.454, 4.355; Q50: 9.453, 9.355; Q90: 4.206, 4.205;
| 6  Horizon | RMSE: 31.648, 31.398; MAE: 19.450, 19.541; MAPE: 11.416, 11.576; Q10: 4.732, 4.691; Q50: 9.880, 9.911; Q90: 4.415, 4.519;
| 12 Horizon | RMSE: 33.424, 33.627; MAE: 20.700, 21.010; MAPE: 12.325, 12.564; Q10: 5.060, 5.107; Q50: 10.518, 10.656; Q90: 4.783, 4.940;
epoch 64 time used: 45  seconds  train loss: 16.683 val loss: 6.311322 test loss: 6.332908
Epoch 65: 
| 3  Horizon | RMSE: 30.335, 29.644; MAE: 18.588, 18.424; MAPE: 11.230, 11.282; Q10: 4.412, 4.322; Q50: 9.442, 9.344; Q90: 4.189, 4.181;
| 6  Horizon | RMSE: 31.770, 31.339; MAE: 19.319, 19.348; MAPE: 11.328, 11.530; Q10: 4.703, 4.657; Q50: 9.803, 9.802; Q90: 4.374, 4.427;
| 12 Horizon | RMSE: 32.967, 33.375; MAE: 20.275, 20.785; MAPE: 11.865, 12.278; Q10: 4.968, 5.037; Q50: 10.293, 10.532; Q90: 4.712, 4.950;
epoch 65 time used: 45  seconds  train loss: 16.66 val loss: 6.245243 test loss: 6.279045
Epoch 66: 
| 3  Horizon | RMSE: 29.797, 29.351; MAE: 18.275, 18.208; MAPE: 10.719, 10.873; Q10: 4.369, 4.295; Q50: 9.259, 9.211; Q90: 4.137, 4.157;
| 6  Horizon | RMSE: 31.194, 31.118; MAE: 19.013, 19.226; MAPE: 11.082, 11.390; Q10: 4.630, 4.616; Q50: 9.637, 9.731; Q90: 4.333, 4.456;
| 12 Horizon | RMSE: 33.063, 33.438; MAE: 20.305, 20.772; MAPE: 11.938, 12.423; Q10: 5.013, 5.075; Q50: 10.291, 10.510; Q90: 4.639, 4.839;
epoch 66 time used: 45  seconds  train loss: 16.662 val loss: 6.188253 test loss: 6.24745
Epoch 67: 
| 3  Horizon | RMSE: 29.951, 29.526; MAE: 18.391, 18.329; MAPE: 10.696, 10.821; Q10: 4.370, 4.281; Q50: 9.331, 9.286; Q90: 4.178, 4.209;
| 6  Horizon | RMSE: 31.347, 31.293; MAE: 19.140, 19.350; MAPE: 11.052, 11.324; Q10: 4.631, 4.600; Q50: 9.709, 9.801; Q90: 4.398, 4.547;
| 12 Horizon | RMSE: 33.294, 33.902; MAE: 20.657, 21.207; MAPE: 11.808, 12.281; Q10: 4.983, 5.053; Q50: 10.478, 10.738; Q90: 4.889, 5.173;
epoch 67 time used: 45  seconds  train loss: 16.651 val loss: 6.256799 test loss: 6.329607
Epoch 68: 
| 3  Horizon | RMSE: 29.810, 29.369; MAE: 18.304, 18.220; MAPE: 10.651, 10.776; Q10: 4.367, 4.286; Q50: 9.277, 9.220; Q90: 4.132, 4.145;
| 6  Horizon | RMSE: 31.236, 31.260; MAE: 19.154, 19.384; MAPE: 11.025, 11.300; Q10: 4.620, 4.604; Q50: 9.716, 9.818; Q90: 4.382, 4.532;
| 12 Horizon | RMSE: 32.955, 33.541; MAE: 20.355, 20.927; MAPE: 11.832, 12.294; Q10: 4.971, 5.044; Q50: 10.328, 10.598; Q90: 4.749, 5.027;
epoch 68 time used: 46  seconds  train loss: 16.656 val loss: 6.211882 test loss: 6.28478
Epoch 69: 
| 3  Horizon | RMSE: 29.908, 29.318; MAE: 18.338, 18.223; MAPE: 10.849, 11.018; Q10: 4.373, 4.285; Q50: 9.297, 9.225; Q90: 4.134, 4.140;
| 6  Horizon | RMSE: 31.395, 31.075; MAE: 19.149, 19.241; MAPE: 11.367, 11.680; Q10: 4.662, 4.632; Q50: 9.706, 9.738; Q90: 4.322, 4.400;
| 12 Horizon | RMSE: 33.153, 33.454; MAE: 20.405, 20.782; MAPE: 12.000, 12.390; Q10: 4.993, 5.029; Q50: 10.358, 10.529; Q90: 4.728, 4.925;
epoch 69 time used: 46  seconds  train loss: 16.639 val loss: 6.218137 test loss: 6.249118
Epoch 70: 
| 3  Horizon | RMSE: 30.174, 29.709; MAE: 18.436, 18.338; MAPE: 10.994, 11.100; Q10: 4.422, 4.332; Q50: 9.361, 9.297; Q90: 4.137, 4.144;
| 6  Horizon | RMSE: 31.517, 31.396; MAE: 19.154, 19.292; MAPE: 11.331, 11.537; Q10: 4.693, 4.675; Q50: 9.724, 9.779; Q90: 4.307, 4.408;
| 12 Horizon | RMSE: 33.246, 33.781; MAE: 20.449, 20.923; MAPE: 12.250, 12.577; Q10: 5.061, 5.159; Q50: 10.387, 10.606; Q90: 4.673, 4.865;
epoch 70 time used: 45  seconds  train loss: 16.641 val loss: 6.237836 test loss: 6.285319
Epoch 71: 
| 3  Horizon | RMSE: 29.919, 29.604; MAE: 18.377, 18.306; MAPE: 11.015, 11.119; Q10: 4.383, 4.303; Q50: 9.334, 9.283; Q90: 4.134, 4.150;
| 6  Horizon | RMSE: 31.380, 31.429; MAE: 19.130, 19.287; MAPE: 11.391, 11.593; Q10: 4.669, 4.674; Q50: 9.716, 9.780; Q90: 4.343, 4.442;
| 12 Horizon | RMSE: 32.984, 33.525; MAE: 20.184, 20.689; MAPE: 11.915, 12.394; Q10: 5.001, 5.112; Q50: 10.237, 10.474; Q90: 4.624, 4.822;
epoch 71 time used: 45  seconds  train loss: 16.624 val loss: 6.211841 test loss: 6.271966
Epoch 72: 
| 3  Horizon | RMSE: 29.842, 29.506; MAE: 18.318, 18.242; MAPE: 10.815, 10.924; Q10: 4.376, 4.289; Q50: 9.299, 9.247; Q90: 4.136, 4.139;
| 6  Horizon | RMSE: 31.214, 31.239; MAE: 19.077, 19.256; MAPE: 11.181, 11.420; Q10: 4.657, 4.648; Q50: 9.683, 9.760; Q90: 4.339, 4.433;
| 12 Horizon | RMSE: 33.011, 33.557; MAE: 20.380, 20.882; MAPE: 12.075, 12.435; Q10: 5.016, 5.112; Q50: 10.348, 10.584; Q90: 4.715, 4.940;
epoch 72 time used: 45  seconds  train loss: 16.613 val loss: 6.229315 test loss: 6.281439
Epoch 73: 
| 3  Horizon | RMSE: 29.692, 29.304; MAE: 18.256, 18.181; MAPE: 10.749, 10.869; Q10: 4.362, 4.279; Q50: 9.263, 9.212; Q90: 4.122, 4.135;
| 6  Horizon | RMSE: 31.114, 31.111; MAE: 19.007, 19.189; MAPE: 11.190, 11.451; Q10: 4.615, 4.613; Q50: 9.639, 9.717; Q90: 4.297, 4.380;
| 12 Horizon | RMSE: 33.196, 33.757; MAE: 20.422, 20.968; MAPE: 12.140, 12.650; Q10: 5.026, 5.159; Q50: 10.357, 10.617; Q90: 4.632, 4.808;
Early stopping at epoch: 73
Model  stnorm  Best Results:
Epoch 63: 
=        =        Horizon  3        =        =        =        =        Horizon  6        =        =        =        =        Horizon  12       =        =       
RMSE     MAE      MAPE     Q10      Q50      Q90      RMSE     MAE      MAPE     Q10      Q50      Q90      RMSE     MAE      MAPE     Q10      Q50      Q90     
29.209   18.148   10.781   4.270    9.191    4.135    30.914   19.153   11.304   4.582    9.700    4.454    33.209   20.722   12.402   5.037    10.487   4.839   
Model Training Ended ... Fri Dec 22 22:02:14 2023
