nohup: ignoring input
pdate shape is:  (16992,)
./save/pems04_stnorm_in12_out12_addtimeFalse_adjTrue_lr0.001_hc32_train0.6_val0.2_test0.2_seedNone_lossquantile_version1_note:no_schedular training started Fri Dec 22 21:04:15 2023
pdate shape is:  (16992,)
data load........
initial data shape is:  (16992, 307, 3)
train_mean shape : (307,)
train  :  (10177, 24, 307, 3)
val  :  (3393, 24, 307, 3)
test  :  (3388, 24, 307, 3)
Model Training Started ... Fri Dec 22 21:04:17 2023
TIMESTEP_IN, TIMESTEP_OUT 12 12
LOSS is : quantile
Epoch 0: 
| 3  Horizon | RMSE: 31.941, 30.965; MAE: 20.333, 19.806; MAPE: 11.695, 11.575; Q10: 4.771, 4.645; Q50: 10.311, 10.034; Q90: 4.696, 4.598;
| 6  Horizon | RMSE: 34.806, 33.679; MAE: 22.407, 21.841; MAPE: 13.257, 13.053; Q10: 5.187, 5.027; Q50: 11.380, 11.077; Q90: 5.127, 5.050;
| 12 Horizon | RMSE: 39.669, 38.298; MAE: 25.857, 25.213; MAPE: 14.748, 14.642; Q10: 6.094, 5.914; Q50: 13.128, 12.778; Q90: 6.058, 5.965;
epoch 0 time used: 53  seconds  train loss: 25.524 val loss: 7.281033 test loss: 7.097299
Epoch 1: 
| 3  Horizon | RMSE: 31.312, 30.494; MAE: 19.874, 19.492; MAPE: 11.824, 11.736; Q10: 4.674, 4.560; Q50: 10.054, 9.849; Q90: 4.584, 4.521;
| 6  Horizon | RMSE: 33.309, 32.586; MAE: 21.220, 20.999; MAPE: 12.588, 12.659; Q10: 4.975, 4.859; Q50: 10.735, 10.611; Q90: 4.879, 4.862;
| 12 Horizon | RMSE: 36.557, 36.212; MAE: 23.745, 23.875; MAPE: 14.471, 14.859; Q10: 5.595, 5.532; Q50: 12.007, 12.056; Q90: 5.530, 5.583;
epoch 1 time used: 55  seconds  train loss: 20.392 val loss: 6.894543 test loss: 6.819496
Epoch 2: 
| 3  Horizon | RMSE: 31.161, 30.364; MAE: 20.046, 19.687; MAPE: 12.742, 12.660; Q10: 4.776, 4.661; Q50: 10.125, 9.932; Q90: 4.524, 4.466;
| 6  Horizon | RMSE: 33.061, 32.388; MAE: 21.467, 21.307; MAPE: 13.927, 14.065; Q10: 5.046, 4.941; Q50: 10.838, 10.744; Q90: 4.803, 4.801;
| 12 Horizon | RMSE: 35.931, 35.777; MAE: 23.723, 24.049; MAPE: 15.661, 16.222; Q10: 5.597, 5.583; Q50: 11.965, 12.116; Q90: 5.345, 5.454;
epoch 2 time used: 55  seconds  train loss: 19.639 val loss: 6.906453 test loss: 6.859502
Epoch 3: 
| 3  Horizon | RMSE: 30.904, 30.100; MAE: 19.503, 19.145; MAPE: 11.602, 11.527; Q10: 4.655, 4.538; Q50: 9.881, 9.686; Q90: 4.422, 4.354;
| 6  Horizon | RMSE: 32.648, 32.000; MAE: 20.657, 20.492; MAPE: 12.153, 12.223; Q10: 4.913, 4.816; Q50: 10.470, 10.371; Q90: 4.716, 4.707;
| 12 Horizon | RMSE: 35.465, 35.288; MAE: 22.665, 22.890; MAPE: 13.258, 13.586; Q10: 5.352, 5.307; Q50: 11.489, 11.584; Q90: 5.225, 5.289;
epoch 3 time used: 53  seconds  train loss: 19.216 val loss: 6.696088 test loss: 6.635399
Epoch 4: 
| 3  Horizon | RMSE: 31.297, 30.379; MAE: 20.060, 19.628; MAPE: 13.355, 13.176; Q10: 4.660, 4.534; Q50: 10.210, 9.977; Q90: 4.757, 4.671;
| 6  Horizon | RMSE: 32.913, 32.140; MAE: 20.787, 20.537; MAPE: 12.925, 12.842; Q10: 4.884, 4.783; Q50: 10.567, 10.422; Q90: 4.857, 4.816;
| 12 Horizon | RMSE: 35.907, 35.751; MAE: 22.754, 22.912; MAPE: 13.884, 14.037; Q10: 5.421, 5.411; Q50: 11.558, 11.615; Q90: 5.302, 5.359;
epoch 4 time used: 55  seconds  train loss: 18.94 val loss: 6.79596 test loss: 6.720802
Epoch 5: 
| 3  Horizon | RMSE: 30.750, 29.817; MAE: 19.333, 18.929; MAPE: 11.395, 11.294; Q10: 4.582, 4.467; Q50: 9.818, 9.599; Q90: 4.378, 4.295;
| 6  Horizon | RMSE: 32.468, 31.606; MAE: 20.454, 20.200; MAPE: 12.104, 12.046; Q10: 4.826, 4.719; Q50: 10.388, 10.243; Q90: 4.690, 4.660;
| 12 Horizon | RMSE: 34.978, 34.568; MAE: 22.350, 22.424; MAPE: 13.292, 13.333; Q10: 5.294, 5.221; Q50: 11.357, 11.374; Q90: 5.149, 5.214;
epoch 5 time used: 54  seconds  train loss: 18.678 val loss: 6.629114 test loss: 6.548811
Epoch 6: 
| 3  Horizon | RMSE: 30.456, 29.614; MAE: 19.080, 18.737; MAPE: 11.264, 11.168; Q10: 4.539, 4.420; Q50: 9.683, 9.495; Q90: 4.318, 4.267;
| 6  Horizon | RMSE: 32.004, 31.320; MAE: 20.065, 19.942; MAPE: 11.815, 11.916; Q10: 4.754, 4.653; Q50: 10.169, 10.091; Q90: 4.611, 4.641;
| 12 Horizon | RMSE: 34.010, 33.847; MAE: 21.452, 21.712; MAPE: 12.595, 12.931; Q10: 5.148, 5.095; Q50: 10.879, 10.991; Q90: 4.948, 5.077;
epoch 6 time used: 53  seconds  train loss: 18.545 val loss: 6.486008 test loss: 6.440699
Epoch 7: 
| 3  Horizon | RMSE: 30.512, 29.722; MAE: 19.229, 18.883; MAPE: 11.164, 11.084; Q10: 4.555, 4.446; Q50: 9.751, 9.563; Q90: 4.359, 4.313;
| 6  Horizon | RMSE: 32.113, 31.378; MAE: 20.230, 20.042; MAPE: 11.809, 11.833; Q10: 4.858, 4.764; Q50: 10.250, 10.141; Q90: 4.581, 4.592;
| 12 Horizon | RMSE: 34.447, 34.466; MAE: 22.023, 22.377; MAPE: 13.014, 13.324; Q10: 5.320, 5.298; Q50: 11.160, 11.322; Q90: 5.018, 5.179;
epoch 7 time used: 55  seconds  train loss: 18.423 val loss: 6.562573 test loss: 6.526612
Epoch 8: 
| 3  Horizon | RMSE: 30.541, 29.713; MAE: 19.057, 18.755; MAPE: 11.067, 11.036; Q10: 4.514, 4.398; Q50: 9.660, 9.492; Q90: 4.305, 4.260;
| 6  Horizon | RMSE: 32.145, 31.487; MAE: 19.991, 19.943; MAPE: 11.688, 11.869; Q10: 4.781, 4.700; Q50: 10.125, 10.084; Q90: 4.543, 4.565;
| 12 Horizon | RMSE: 34.182, 34.255; MAE: 21.252, 21.658; MAPE: 12.581, 13.080; Q10: 5.115, 5.151; Q50: 10.774, 10.959; Q90: 4.876, 5.030;
epoch 8 time used: 53  seconds  train loss: 18.27 val loss: 6.451519 test loss: 6.436643
Epoch 9: 
| 3  Horizon | RMSE: 30.677, 29.812; MAE: 19.643, 19.258; MAPE: 13.056, 12.853; Q10: 4.591, 4.475; Q50: 10.000, 9.790; Q90: 4.357, 4.295;
| 6  Horizon | RMSE: 32.185, 31.341; MAE: 20.391, 20.146; MAPE: 13.126, 12.953; Q10: 4.915, 4.800; Q50: 10.375, 10.233; Q90: 4.633, 4.630;
| 12 Horizon | RMSE: 34.687, 34.189; MAE: 22.234, 22.190; MAPE: 13.968, 13.761; Q10: 5.295, 5.190; Q50: 11.311, 11.265; Q90: 5.110, 5.211;
epoch 9 time used: 54  seconds  train loss: 18.157 val loss: 6.660063 test loss: 6.578041
Epoch 10: 
| 3  Horizon | RMSE: 30.429, 29.591; MAE: 18.906, 18.592; MAPE: 11.187, 11.121; Q10: 4.494, 4.381; Q50: 9.591, 9.416; Q90: 4.326, 4.262;
| 6  Horizon | RMSE: 32.428, 31.605; MAE: 20.012, 19.834; MAPE: 11.855, 11.892; Q10: 4.734, 4.643; Q50: 10.152, 10.045; Q90: 4.572, 4.550;
| 12 Horizon | RMSE: 34.545, 34.123; MAE: 21.507, 21.583; MAPE: 12.712, 12.864; Q10: 5.090, 5.056; Q50: 10.918, 10.935; Q90: 5.004, 5.047;
epoch 10 time used: 55  seconds  train loss: 18.063 val loss: 6.49081 test loss: 6.421099
Epoch 11: 
| 3  Horizon | RMSE: 30.469, 29.724; MAE: 19.179, 18.903; MAPE: 11.415, 11.468; Q10: 4.533, 4.416; Q50: 9.713, 9.559; Q90: 4.377, 4.343;
| 6  Horizon | RMSE: 32.280, 31.649; MAE: 20.255, 20.137; MAPE: 11.767, 11.883; Q10: 4.791, 4.686; Q50: 10.272, 10.197; Q90: 4.679, 4.713;
| 12 Horizon | RMSE: 34.524, 34.176; MAE: 21.764, 21.872; MAPE: 12.608, 12.866; Q10: 5.160, 5.075; Q50: 11.041, 11.075; Q90: 5.121, 5.251;
epoch 11 time used: 50  seconds  train loss: 17.963 val loss: 6.584434 test loss: 6.536156
Epoch 12: 
| 3  Horizon | RMSE: 30.180, 29.443; MAE: 18.751, 18.510; MAPE: 11.010, 11.073; Q10: 4.474, 4.363; Q50: 9.503, 9.367; Q90: 4.243, 4.210;
| 6  Horizon | RMSE: 31.714, 31.114; MAE: 19.602, 19.545; MAPE: 11.540, 11.645; Q10: 4.716, 4.624; Q50: 9.950, 9.904; Q90: 4.453, 4.504;
| 12 Horizon | RMSE: 33.625, 33.587; MAE: 20.979, 21.354; MAPE: 12.313, 12.792; Q10: 5.079, 5.069; Q50: 10.633, 10.802; Q90: 4.842, 5.020;
epoch 12 time used: 54  seconds  train loss: 17.9 val loss: 6.349 test loss: 6.333403
Epoch 13: 
| 3  Horizon | RMSE: 31.182, 30.504; MAE: 19.374, 19.144; MAPE: 11.500, 11.553; Q10: 4.548, 4.453; Q50: 9.825, 9.692; Q90: 4.436, 4.384;
| 6  Horizon | RMSE: 33.214, 32.692; MAE: 20.514, 20.447; MAPE: 12.263, 12.431; Q10: 4.796, 4.758; Q50: 10.408, 10.355; Q90: 4.702, 4.693;
| 12 Horizon | RMSE: 34.303, 34.294; MAE: 21.367, 21.600; MAPE: 12.810, 13.058; Q10: 5.083, 5.133; Q50: 10.851, 10.945; Q90: 4.969, 5.039;
epoch 13 time used: 54  seconds  train loss: 17.822 val loss: 6.534043 test loss: 6.510052
Epoch 14: 
| 3  Horizon | RMSE: 30.620, 29.898; MAE: 18.985, 18.735; MAPE: 11.209, 11.219; Q10: 4.486, 4.390; Q50: 9.623, 9.481; Q90: 4.258, 4.220;
| 6  Horizon | RMSE: 31.692, 31.324; MAE: 19.616, 19.662; MAPE: 11.540, 11.711; Q10: 4.720, 4.671; Q50: 9.942, 9.948; Q90: 4.434, 4.480;
| 12 Horizon | RMSE: 33.615, 33.843; MAE: 20.946, 21.431; MAPE: 12.549, 13.105; Q10: 5.101, 5.170; Q50: 10.604, 10.832; Q90: 4.768, 4.943;
epoch 14 time used: 50  seconds  train loss: 17.745 val loss: 6.359424 test loss: 6.367276
Epoch 15: 
| 3  Horizon | RMSE: 30.458, 29.832; MAE: 18.973, 18.800; MAPE: 11.442, 11.581; Q10: 4.517, 4.413; Q50: 9.603, 9.500; Q90: 4.284, 4.268;
| 6  Horizon | RMSE: 31.914, 31.501; MAE: 19.687, 19.745; MAPE: 11.834, 12.105; Q10: 4.741, 4.689; Q50: 9.972, 9.984; Q90: 4.458, 4.507;
| 12 Horizon | RMSE: 33.880, 33.897; MAE: 21.126, 21.553; MAPE: 13.169, 13.781; Q10: 5.180, 5.224; Q50: 10.682, 10.881; Q90: 4.768, 4.939;
epoch 15 time used: 55  seconds  train loss: 17.731 val loss: 6.388762 test loss: 6.400654
Epoch 16: 
| 3  Horizon | RMSE: 30.264, 29.641; MAE: 18.988, 18.816; MAPE: 11.399, 11.528; Q10: 4.508, 4.439; Q50: 9.605, 9.505; Q90: 4.302, 4.274;
| 6  Horizon | RMSE: 31.859, 31.501; MAE: 19.927, 20.025; MAPE: 11.950, 12.260; Q10: 4.787, 4.762; Q50: 10.085, 10.120; Q90: 4.525, 4.556;
| 12 Horizon | RMSE: 34.620, 35.109; MAE: 21.699, 22.309; MAPE: 13.380, 14.185; Q10: 5.276, 5.487; Q50: 10.977, 11.269; Q90: 4.945, 5.075;
epoch 16 time used: 54  seconds  train loss: 17.613 val loss: 6.472232 test loss: 6.510543
Epoch 17: 
| 3  Horizon | RMSE: 30.158, 29.593; MAE: 18.825, 18.660; MAPE: 11.022, 11.164; Q10: 4.461, 4.386; Q50: 9.538, 9.438; Q90: 4.253, 4.229;
| 6  Horizon | RMSE: 31.789, 31.470; MAE: 19.856, 19.970; MAPE: 12.105, 12.510; Q10: 4.714, 4.686; Q50: 10.046, 10.087; Q90: 4.463, 4.509;
| 12 Horizon | RMSE: 33.530, 33.870; MAE: 21.036, 21.564; MAPE: 12.368, 13.055; Q10: 5.063, 5.134; Q50: 10.655, 10.903; Q90: 4.834, 5.034;
epoch 17 time used: 52  seconds  train loss: 17.611 val loss: 6.381518 test loss: 6.418071
Epoch 18: 
| 3  Horizon | RMSE: 30.078, 29.438; MAE: 18.738, 18.496; MAPE: 11.013, 11.001; Q10: 4.425, 4.319; Q50: 9.511, 9.374; Q90: 4.232, 4.204;
| 6  Horizon | RMSE: 31.548, 31.083; MAE: 19.490, 19.438; MAPE: 11.380, 11.508; Q10: 4.677, 4.593; Q50: 9.890, 9.847; Q90: 4.440, 4.482;
| 12 Horizon | RMSE: 33.417, 33.474; MAE: 20.818, 21.120; MAPE: 12.155, 12.462; Q10: 5.027, 5.030; Q50: 10.565, 10.697; Q90: 4.746, 4.914;
epoch 18 time used: 55  seconds  train loss: 17.562 val loss: 6.3254 test loss: 6.311075
Epoch 19: 
| 3  Horizon | RMSE: 29.953, 29.357; MAE: 18.630, 18.421; MAPE: 10.868, 10.928; Q10: 4.459, 4.364; Q50: 9.445, 9.324; Q90: 4.216, 4.195;
| 6  Horizon | RMSE: 31.467, 31.059; MAE: 19.541, 19.532; MAPE: 11.408, 11.599; Q10: 4.697, 4.625; Q50: 9.904, 9.884; Q90: 4.417, 4.458;
| 12 Horizon | RMSE: 33.187, 33.238; MAE: 20.692, 21.031; MAPE: 12.168, 12.596; Q10: 5.041, 5.036; Q50: 10.486, 10.641; Q90: 4.724, 4.887;
epoch 19 time used: 54  seconds  train loss: 17.466 val loss: 6.311667 test loss: 6.308032
Epoch 20: 
| 3  Horizon | RMSE: 30.138, 29.485; MAE: 18.761, 18.547; MAPE: 11.335, 11.450; Q10: 4.438, 4.338; Q50: 9.494, 9.371; Q90: 4.222, 4.206;
| 6  Horizon | RMSE: 31.576, 31.064; MAE: 19.539, 19.509; MAPE: 11.776, 12.023; Q10: 4.703, 4.628; Q50: 9.890, 9.859; Q90: 4.414, 4.460;
| 12 Horizon | RMSE: 33.384, 33.352; MAE: 20.806, 21.100; MAPE: 12.305, 12.769; Q10: 5.061, 5.043; Q50: 10.539, 10.669; Q90: 4.756, 4.926;
epoch 20 time used: 52  seconds  train loss: 17.468 val loss: 6.312616 test loss: 6.304349
Epoch 21: 
| 3  Horizon | RMSE: 30.217, 29.755; MAE: 18.719, 18.584; MAPE: 11.113, 11.278; Q10: 4.476, 4.384; Q50: 9.476, 9.393; Q90: 4.214, 4.198;
| 6  Horizon | RMSE: 31.687, 31.526; MAE: 19.422, 19.515; MAPE: 11.338, 11.579; Q10: 4.680, 4.644; Q50: 9.850, 9.881; Q90: 4.399, 4.455;
| 12 Horizon | RMSE: 33.428, 33.805; MAE: 20.588, 21.044; MAPE: 12.116, 12.565; Q10: 5.041, 5.117; Q50: 10.440, 10.650; Q90: 4.706, 4.886;
epoch 21 time used: 55  seconds  train loss: 17.409 val loss: 6.294924 test loss: 6.323702
Epoch 22: 
| 3  Horizon | RMSE: 30.203, 29.542; MAE: 18.710, 18.468; MAPE: 10.999, 11.015; Q10: 4.433, 4.330; Q50: 9.489, 9.352; Q90: 4.228, 4.200;
| 6  Horizon | RMSE: 31.865, 31.266; MAE: 19.659, 19.544; MAPE: 11.693, 11.733; Q10: 4.731, 4.636; Q50: 9.982, 9.908; Q90: 4.448, 4.487;
| 12 Horizon | RMSE: 34.268, 33.842; MAE: 21.265, 21.366; MAPE: 12.613, 12.799; Q10: 5.259, 5.203; Q50: 10.787, 10.820; Q90: 4.807, 4.915;
epoch 22 time used: 55  seconds  train loss: 17.363 val loss: 6.361578 test loss: 6.328618
Epoch 23: 
| 3  Horizon | RMSE: 30.067, 29.527; MAE: 18.635, 18.471; MAPE: 11.121, 11.239; Q10: 4.438, 4.348; Q50: 9.440, 9.342; Q90: 4.216, 4.199;
| 6  Horizon | RMSE: 31.452, 31.138; MAE: 19.376, 19.437; MAPE: 11.428, 11.687; Q10: 4.667, 4.609; Q50: 9.820, 9.836; Q90: 4.400, 4.459;
| 12 Horizon | RMSE: 33.146, 33.326; MAE: 20.518, 20.947; MAPE: 12.198, 12.669; Q10: 5.024, 5.061; Q50: 10.397, 10.593; Q90: 4.718, 4.917;
epoch 23 time used: 53  seconds  train loss: 17.326 val loss: 6.275178 test loss: 6.292304
Epoch 24: 
| 3  Horizon | RMSE: 30.081, 29.644; MAE: 18.603, 18.466; MAPE: 10.922, 11.004; Q10: 4.433, 4.343; Q50: 9.441, 9.357; Q90: 4.217, 4.203;
| 6  Horizon | RMSE: 31.673, 31.412; MAE: 19.422, 19.479; MAPE: 11.354, 11.599; Q10: 4.700, 4.652; Q50: 9.851, 9.863; Q90: 4.396, 4.455;
| 12 Horizon | RMSE: 33.491, 33.567; MAE: 20.821, 21.171; MAPE: 12.221, 12.626; Q10: 5.089, 5.115; Q50: 10.559, 10.715; Q90: 4.802, 4.975;
epoch 24 time used: 55  seconds  train loss: 17.286 val loss: 6.303981 test loss: 6.319533
Epoch 25: 
| 3  Horizon | RMSE: 30.229, 29.833; MAE: 19.165, 18.986; MAPE: 12.469, 12.363; Q10: 4.524, 4.436; Q50: 9.747, 9.641; Q90: 4.308, 4.275;
| 6  Horizon | RMSE: 31.726, 31.475; MAE: 19.797, 19.771; MAPE: 12.464, 12.443; Q10: 4.726, 4.675; Q50: 10.065, 10.035; Q90: 4.461, 4.497;
| 12 Horizon | RMSE: 33.503, 33.672; MAE: 20.977, 21.293; MAPE: 12.734, 12.887; Q10: 5.099, 5.132; Q50: 10.661, 10.800; Q90: 4.826, 4.985;
epoch 25 time used: 53  seconds  train loss: 17.264 val loss: 6.418764 test loss: 6.421134
Epoch 26: 
| 3  Horizon | RMSE: 30.264, 29.810; MAE: 18.643, 18.477; MAPE: 10.902, 11.000; Q10: 4.425, 4.331; Q50: 9.456, 9.357; Q90: 4.204, 4.186;
| 6  Horizon | RMSE: 31.484, 31.336; MAE: 19.319, 19.402; MAPE: 11.235, 11.470; Q10: 4.665, 4.621; Q50: 9.801, 9.827; Q90: 4.371, 4.437;
| 12 Horizon | RMSE: 33.319, 33.633; MAE: 20.685, 21.073; MAPE: 12.105, 12.426; Q10: 5.041, 5.077; Q50: 10.502, 10.675; Q90: 4.715, 4.926;
epoch 26 time used: 54  seconds  train loss: 17.242 val loss: 6.268243 test loss: 6.293919
Epoch 27: 
| 3  Horizon | RMSE: 30.415, 30.093; MAE: 18.904, 18.800; MAPE: 11.563, 11.777; Q10: 4.454, 4.391; Q50: 9.566, 9.499; Q90: 4.278, 4.267;
| 6  Horizon | RMSE: 31.888, 31.850; MAE: 19.579, 19.698; MAPE: 11.645, 11.988; Q10: 4.683, 4.678; Q50: 9.921, 9.964; Q90: 4.466, 4.519;
| 12 Horizon | RMSE: 33.600, 33.857; MAE: 20.778, 21.240; MAPE: 12.561, 13.158; Q10: 5.054, 5.138; Q50: 10.523, 10.737; Q90: 4.767, 4.937;
epoch 27 time used: 55  seconds  train loss: 17.21 val loss: 6.335894 test loss: 6.371456
Epoch 28: 
| 3  Horizon | RMSE: 29.997, 29.595; MAE: 18.545, 18.419; MAPE: 10.783, 10.899; Q10: 4.404, 4.316; Q50: 9.401, 9.322; Q90: 4.212, 4.204;
| 6  Horizon | RMSE: 31.752, 31.632; MAE: 19.683, 19.761; MAPE: 11.251, 11.466; Q10: 4.680, 4.633; Q50: 9.987, 10.011; Q90: 4.480, 4.552;
| 12 Horizon | RMSE: 33.369, 33.461; MAE: 20.549, 20.899; MAPE: 11.988, 12.373; Q10: 5.039, 5.079; Q50: 10.424, 10.582; Q90: 4.747, 4.938;
epoch 28 time used: 52  seconds  train loss: 17.183 val loss: 6.294465 test loss: 6.31894
Epoch 29: 
| 3  Horizon | RMSE: 30.190, 29.847; MAE: 18.696, 18.554; MAPE: 11.234, 11.248; Q10: 4.417, 4.341; Q50: 9.493, 9.405; Q90: 4.232, 4.209;
| 6  Horizon | RMSE: 31.605, 31.572; MAE: 19.440, 19.553; MAPE: 11.507, 11.680; Q10: 4.694, 4.673; Q50: 9.869, 9.909; Q90: 4.416, 4.470;
| 12 Horizon | RMSE: 33.613, 33.977; MAE: 20.946, 21.401; MAPE: 12.384, 12.663; Q10: 5.097, 5.128; Q50: 10.638, 10.844; Q90: 4.818, 5.076;
epoch 29 time used: 54  seconds  train loss: 17.162 val loss: 6.327601 test loss: 6.359449
Epoch 30: 
| 3  Horizon | RMSE: 30.318, 29.861; MAE: 18.604, 18.440; MAPE: 10.950, 11.063; Q10: 4.418, 4.324; Q50: 9.437, 9.339; Q90: 4.208, 4.186;
| 6  Horizon | RMSE: 31.750, 31.530; MAE: 19.321, 19.368; MAPE: 11.332, 11.576; Q10: 4.660, 4.628; Q50: 9.803, 9.810; Q90: 4.379, 4.424;
| 12 Horizon | RMSE: 33.340, 33.408; MAE: 20.398, 20.755; MAPE: 12.072, 12.446; Q10: 5.015, 5.075; Q50: 10.353, 10.513; Q90: 4.675, 4.852;
epoch 30 time used: 55  seconds  train loss: 17.118 val loss: 6.248146 test loss: 6.266491
Epoch 31: 
| 3  Horizon | RMSE: 29.982, 29.510; MAE: 18.509, 18.359; MAPE: 10.928, 11.025; Q10: 4.405, 4.324; Q50: 9.391, 9.301; Q90: 4.183, 4.170;
| 6  Horizon | RMSE: 31.584, 31.223; MAE: 19.336, 19.359; MAPE: 11.362, 11.586; Q10: 4.654, 4.616; Q50: 9.810, 9.805; Q90: 4.369, 4.409;
| 12 Horizon | RMSE: 33.118, 33.141; MAE: 20.434, 20.790; MAPE: 12.087, 12.433; Q10: 5.034, 5.067; Q50: 10.371, 10.531; Q90: 4.670, 4.837;
epoch 31 time used: 52  seconds  train loss: 17.122 val loss: 6.247789 test loss: 6.260898
Epoch 32: 
| 3  Horizon | RMSE: 29.948, 29.690; MAE: 18.518, 18.430; MAPE: 10.844, 10.980; Q10: 4.389, 4.307; Q50: 9.386, 9.328; Q90: 4.193, 4.189;
| 6  Horizon | RMSE: 31.462, 31.578; MAE: 19.394, 19.559; MAPE: 11.353, 11.665; Q10: 4.659, 4.654; Q50: 9.825, 9.894; Q90: 4.429, 4.511;
| 12 Horizon | RMSE: 33.242, 33.659; MAE: 20.555, 21.034; MAPE: 11.990, 12.464; Q10: 5.023, 5.111; Q50: 10.419, 10.641; Q90: 4.750, 4.967;
epoch 32 time used: 54  seconds  train loss: 17.086 val loss: 6.266237 test loss: 6.315446
Epoch 33: 
| 3  Horizon | RMSE: 30.107, 29.779; MAE: 18.610, 18.472; MAPE: 11.129, 11.158; Q10: 4.430, 4.347; Q50: 9.451, 9.367; Q90: 4.186, 4.172;
| 6  Horizon | RMSE: 31.505, 31.533; MAE: 19.268, 19.393; MAPE: 11.314, 11.545; Q10: 4.651, 4.653; Q50: 9.779, 9.826; Q90: 4.355, 4.413;
| 12 Horizon | RMSE: 33.208, 33.481; MAE: 20.426, 20.833; MAPE: 12.066, 12.413; Q10: 5.020, 5.118; Q50: 10.370, 10.557; Q90: 4.673, 4.856;
epoch 33 time used: 55  seconds  train loss: 17.061 val loss: 6.259151 test loss: 6.295166
Epoch 34: 
| 3  Horizon | RMSE: 29.913, 29.698; MAE: 18.565, 18.526; MAPE: 10.983, 11.162; Q10: 4.400, 4.335; Q50: 9.407, 9.373; Q90: 4.187, 4.200;
| 6  Horizon | RMSE: 31.365, 31.407; MAE: 19.249, 19.422; MAPE: 11.357, 11.659; Q10: 4.653, 4.658; Q50: 9.757, 9.828; Q90: 4.347, 4.415;
| 12 Horizon | RMSE: 33.289, 33.609; MAE: 20.602, 21.150; MAPE: 12.776, 13.384; Q10: 5.066, 5.191; Q50: 10.422, 10.682; Q90: 4.670, 4.868;
epoch 34 time used: 51  seconds  train loss: 17.038 val loss: 6.252471 test loss: 6.314023
Epoch 35: 
| 3  Horizon | RMSE: 30.010, 29.772; MAE: 18.551, 18.466; MAPE: 11.013, 11.068; Q10: 4.473, 4.396; Q50: 9.419, 9.360; Q90: 4.186, 4.187;
| 6  Horizon | RMSE: 31.754, 31.807; MAE: 19.378, 19.503; MAPE: 11.480, 11.693; Q10: 4.686, 4.692; Q50: 9.836, 9.883; Q90: 4.373, 4.435;
| 12 Horizon | RMSE: 33.478, 33.782; MAE: 20.607, 21.045; MAPE: 12.382, 12.665; Q10: 5.108, 5.200; Q50: 10.467, 10.666; Q90: 4.688, 4.861;
epoch 35 time used: 54  seconds  train loss: 17.038 val loss: 6.283367 test loss: 6.325121
Epoch 36: 
| 3  Horizon | RMSE: 30.029, 29.890; MAE: 18.502, 18.460; MAPE: 10.813, 10.976; Q10: 4.391, 4.321; Q50: 9.379, 9.345; Q90: 4.179, 4.188;
| 6  Horizon | RMSE: 31.682, 31.832; MAE: 19.248, 19.405; MAPE: 11.232, 11.519; Q10: 4.667, 4.684; Q50: 9.761, 9.825; Q90: 4.364, 4.428;
| 12 Horizon | RMSE: 33.360, 33.770; MAE: 20.422, 20.883; MAPE: 11.984, 12.380; Q10: 5.043, 5.153; Q50: 10.364, 10.576; Q90: 4.683, 4.886;
epoch 36 time used: 56  seconds  train loss: 17.023 val loss: 6.244613 test loss: 6.302195
Epoch 37: 
| 3  Horizon | RMSE: 29.962, 29.769; MAE: 18.489, 18.437; MAPE: 10.721, 10.872; Q10: 4.405, 4.347; Q50: 9.375, 9.335; Q90: 4.183, 4.180;
| 6  Horizon | RMSE: 31.554, 31.734; MAE: 19.289, 19.477; MAPE: 11.186, 11.483; Q10: 4.669, 4.703; Q50: 9.783, 9.863; Q90: 4.378, 4.440;
| 12 Horizon | RMSE: 33.664, 34.044; MAE: 20.845, 21.262; MAPE: 12.635, 12.857; Q10: 5.097, 5.208; Q50: 10.595, 10.784; Q90: 4.812, 4.995;
epoch 37 time used: 51  seconds  train loss: 16.984 val loss: 6.278263 test loss: 6.335956
Epoch 38: 
| 3  Horizon | RMSE: 30.016, 29.749; MAE: 18.845, 18.777; MAPE: 11.859, 12.032; Q10: 4.419, 4.352; Q50: 9.519, 9.473; Q90: 4.267, 4.275;
| 6  Horizon | RMSE: 31.441, 31.624; MAE: 19.521, 19.730; MAPE: 12.023, 12.395; Q10: 4.723, 4.760; Q50: 9.867, 9.960; Q90: 4.447, 4.520;
| 12 Horizon | RMSE: 33.238, 33.772; MAE: 20.695, 21.306; MAPE: 12.881, 13.528; Q10: 5.074, 5.232; Q50: 10.460, 10.755; Q90: 4.700, 4.903;
epoch 38 time used: 54  seconds  train loss: 16.949 val loss: 6.3339 test loss: 6.404346
Epoch 39: 
| 3  Horizon | RMSE: 29.982, 29.837; MAE: 18.412, 18.364; MAPE: 10.775, 10.916; Q10: 4.388, 4.326; Q50: 9.336, 9.298; Q90: 4.155, 4.153;
| 6  Horizon | RMSE: 31.652, 31.936; MAE: 19.226, 19.390; MAPE: 11.255, 11.535; Q10: 4.686, 4.729; Q50: 9.750, 9.818; Q90: 4.334, 4.398;
| 12 Horizon | RMSE: 33.823, 34.224; MAE: 20.616, 21.009; MAPE: 12.118, 12.491; Q10: 5.117, 5.256; Q50: 10.461, 10.641; Q90: 4.665, 4.820;
epoch 39 time used: 55  seconds  train loss: 16.97 val loss: 6.248515 test loss: 6.299097
Epoch 40: 
| 3  Horizon | RMSE: 30.305, 29.993; MAE: 18.707, 18.549; MAPE: 11.249, 11.284; Q10: 4.447, 4.373; Q50: 9.502, 9.407; Q90: 4.241, 4.210;
| 6  Horizon | RMSE: 31.642, 31.690; MAE: 19.434, 19.499; MAPE: 11.710, 11.849; Q10: 4.688, 4.696; Q50: 9.874, 9.891; Q90: 4.424, 4.454;
| 12 Horizon | RMSE: 33.295, 33.635; MAE: 20.625, 21.017; MAPE: 12.416, 12.665; Q10: 5.028, 5.133; Q50: 10.480, 10.658; Q90: 4.769, 4.935;
epoch 40 time used: 51  seconds  train loss: 16.946 val loss: 6.31183 test loss: 6.338441
Epoch 41: 
| 3  Horizon | RMSE: 30.080, 29.905; MAE: 18.584, 18.543; MAPE: 11.110, 11.273; Q10: 4.434, 4.365; Q50: 9.419, 9.384; Q90: 4.218, 4.232;
| 6  Horizon | RMSE: 31.602, 31.833; MAE: 19.319, 19.514; MAPE: 11.424, 11.709; Q10: 4.714, 4.740; Q50: 9.802, 9.885; Q90: 4.376, 4.464;
| 12 Horizon | RMSE: 33.401, 33.986; MAE: 20.538, 21.116; MAPE: 12.213, 12.615; Q10: 5.055, 5.184; Q50: 10.431, 10.702; Q90: 4.723, 4.966;
epoch 41 time used: 54  seconds  train loss: 16.935 val loss: 6.283974 test loss: 6.360493
Epoch 42: 
| 3  Horizon | RMSE: 30.199, 29.948; MAE: 18.928, 18.854; MAPE: 11.531, 11.568; Q10: 4.457, 4.383; Q50: 9.622, 9.571; Q90: 4.284, 4.291;
| 6  Horizon | RMSE: 31.567, 31.685; MAE: 19.498, 19.656; MAPE: 11.787, 11.931; Q10: 4.693, 4.697; Q50: 9.910, 9.974; Q90: 4.489, 4.577;
| 12 Horizon | RMSE: 33.416, 33.926; MAE: 20.814, 21.322; MAPE: 12.293, 12.599; Q10: 5.038, 5.143; Q50: 10.573, 10.810; Q90: 4.889, 5.151;
epoch 42 time used: 54  seconds  train loss: 16.899 val loss: 6.366817 test loss: 6.429149
Epoch 43: 
| 3  Horizon | RMSE: 30.025, 29.800; MAE: 18.621, 18.546; MAPE: 10.935, 11.025; Q10: 4.406, 4.337; Q50: 9.455, 9.403; Q90: 4.212, 4.213;
| 6  Horizon | RMSE: 31.514, 31.681; MAE: 19.433, 19.582; MAPE: 11.397, 11.606; Q10: 4.675, 4.694; Q50: 9.869, 9.930; Q90: 4.397, 4.472;
| 12 Horizon | RMSE: 33.168, 33.636; MAE: 20.374, 20.853; MAPE: 12.134, 12.476; Q10: 5.035, 5.145; Q50: 10.348, 10.571; Q90: 4.665, 4.861;
epoch 43 time used: 51  seconds  train loss: 16.934 val loss: 6.273309 test loss: 6.326013
Epoch 44: 
| 3  Horizon | RMSE: 30.291, 30.149; MAE: 19.196, 19.132; MAPE: 12.567, 12.609; Q10: 4.493, 4.430; Q50: 9.773, 9.727; Q90: 4.356, 4.364;
| 6  Horizon | RMSE: 31.757, 32.059; MAE: 19.984, 20.152; MAPE: 12.856, 12.983; Q10: 4.780, 4.810; Q50: 10.171, 10.240; Q90: 4.492, 4.587;
| 12 Horizon | RMSE: 33.797, 34.484; MAE: 21.506, 22.025; MAPE: 13.714, 13.960; Q10: 5.152, 5.280; Q50: 10.939, 11.182; Q90: 5.057, 5.334;
epoch 44 time used: 54  seconds  train loss: 16.872 val loss: 6.555765 test loss: 6.628778
Epoch 45: 
| 3  Horizon | RMSE: 29.882, 29.642; MAE: 18.452, 18.372; MAPE: 10.834, 10.927; Q10: 4.388, 4.319; Q50: 9.367, 9.312; Q90: 4.170, 4.165;
| 6  Horizon | RMSE: 31.339, 31.417; MAE: 19.209, 19.339; MAPE: 11.233, 11.492; Q10: 4.665, 4.674; Q50: 9.747, 9.799; Q90: 4.344, 4.395;
| 12 Horizon | RMSE: 33.292, 33.728; MAE: 20.610, 21.072; MAPE: 12.288, 12.757; Q10: 5.072, 5.180; Q50: 10.444, 10.660; Q90: 4.681, 4.850;
epoch 45 time used: 54  seconds  train loss: 16.885 val loss: 6.24904 test loss: 6.296273
Epoch 46: 
| 3  Horizon | RMSE: 30.145, 29.847; MAE: 18.502, 18.422; MAPE: 10.907, 11.036; Q10: 4.433, 4.369; Q50: 9.377, 9.323; Q90: 4.155, 4.152;
| 6  Horizon | RMSE: 31.434, 31.548; MAE: 19.174, 19.362; MAPE: 11.172, 11.481; Q10: 4.686, 4.719; Q50: 9.724, 9.804; Q90: 4.343, 4.422;
| 12 Horizon | RMSE: 33.124, 33.697; MAE: 20.384, 20.977; MAPE: 12.079, 12.643; Q10: 5.072, 5.243; Q50: 10.329, 10.612; Q90: 4.656, 4.874;
epoch 46 time used: 52  seconds  train loss: 16.859 val loss: 6.23778 test loss: 6.308716
Epoch 47: 
| 3  Horizon | RMSE: 29.770, 29.445; MAE: 18.499, 18.421; MAPE: 11.037, 11.210; Q10: 4.383, 4.314; Q50: 9.371, 9.318; Q90: 4.171, 4.163;
| 6  Horizon | RMSE: 31.277, 31.260; MAE: 19.283, 19.426; MAPE: 11.255, 11.542; Q10: 4.636, 4.637; Q50: 9.784, 9.841; Q90: 4.391, 4.463;
| 12 Horizon | RMSE: 33.314, 33.771; MAE: 20.897, 21.413; MAPE: 12.567, 13.092; Q10: 5.049, 5.147; Q50: 10.584, 10.828; Q90: 4.823, 5.047;
epoch 47 time used: 54  seconds  train loss: 16.833 val loss: 6.281928 test loss: 6.334665
Epoch 48: 
| 3  Horizon | RMSE: 29.851, 29.671; MAE: 18.467, 18.417; MAPE: 10.891, 10.973; Q10: 4.381, 4.331; Q50: 9.378, 9.339; Q90: 4.159, 4.158;
| 6  Horizon | RMSE: 31.328, 31.597; MAE: 19.159, 19.347; MAPE: 11.223, 11.467; Q10: 4.649, 4.701; Q50: 9.728, 9.808; Q90: 4.353, 4.435;
| 12 Horizon | RMSE: 33.166, 33.811; MAE: 20.338, 20.860; MAPE: 11.920, 12.339; Q10: 5.013, 5.183; Q50: 10.322, 10.567; Q90: 4.644, 4.856;
epoch 48 time used: 48  seconds  train loss: 16.849 val loss: 6.233892 test loss: 6.306254
Epoch 49: 
| 3  Horizon | RMSE: 30.330, 30.225; MAE: 18.854, 18.833; MAPE: 10.791, 10.927; Q10: 4.438, 4.398; Q50: 9.567, 9.542; Q90: 4.254, 4.260;
| 6  Horizon | RMSE: 31.774, 32.091; MAE: 19.649, 19.884; MAPE: 11.255, 11.533; Q10: 4.703, 4.753; Q50: 9.975, 10.079; Q90: 4.452, 4.553;
| 12 Horizon | RMSE: 33.593, 34.163; MAE: 20.958, 21.454; MAPE: 12.179, 12.554; Q10: 5.094, 5.221; Q50: 10.645, 10.877; Q90: 4.888, 5.145;
epoch 49 time used: 47  seconds  train loss: 16.821 val loss: 6.37182 test loss: 6.450865
Epoch 50: 
| 3  Horizon | RMSE: 29.957, 29.722; MAE: 18.389, 18.313; MAPE: 10.804, 10.911; Q10: 4.386, 4.326; Q50: 9.329, 9.277; Q90: 4.148, 4.140;
| 6  Horizon | RMSE: 31.514, 31.681; MAE: 19.202, 19.334; MAPE: 11.241, 11.491; Q10: 4.669, 4.708; Q50: 9.744, 9.796; Q90: 4.335, 4.400;
| 12 Horizon | RMSE: 33.251, 33.695; MAE: 20.431, 20.866; MAPE: 12.072, 12.443; Q10: 5.030, 5.168; Q50: 10.374, 10.576; Q90: 4.671, 4.842;
epoch 50 time used: 47  seconds  train loss: 16.797 val loss: 6.23419 test loss: 6.28826
Epoch 51: 
| 3  Horizon | RMSE: 29.815, 29.477; MAE: 18.330, 18.230; MAPE: 10.822, 10.904; Q10: 4.390, 4.320; Q50: 9.307, 9.243; Q90: 4.137, 4.133;
| 6  Horizon | RMSE: 31.174, 31.199; MAE: 19.050, 19.174; MAPE: 11.207, 11.423; Q10: 4.635, 4.659; Q50: 9.674, 9.722; Q90: 4.339, 4.414;
| 12 Horizon | RMSE: 32.871, 33.328; MAE: 20.206, 20.701; MAPE: 11.909, 12.348; Q10: 4.995, 5.131; Q50: 10.258, 10.490; Q90: 4.632, 4.827;
epoch 51 time used: 47  seconds  train loss: 16.804 val loss: 6.211927 test loss: 6.26518
Epoch 52: 
| 3  Horizon | RMSE: 30.240, 30.073; MAE: 18.862, 18.757; MAPE: 12.058, 12.045; Q10: 4.446, 4.388; Q50: 9.590, 9.524; Q90: 4.277, 4.250;
| 6  Horizon | RMSE: 31.824, 32.132; MAE: 19.660, 19.783; MAPE: 12.423, 12.514; Q10: 4.739, 4.789; Q50: 9.996, 10.043; Q90: 4.455, 4.506;
| 12 Horizon | RMSE: 33.448, 34.100; MAE: 20.858, 21.359; MAPE: 12.822, 13.094; Q10: 5.128, 5.283; Q50: 10.603, 10.835; Q90: 4.801, 5.011;
epoch 52 time used: 47  seconds  train loss: 16.785 val loss: 6.384151 test loss: 6.437596
Epoch 53: 
| 3  Horizon | RMSE: 29.953, 29.707; MAE: 18.407, 18.333; MAPE: 10.785, 10.872; Q10: 4.386, 4.320; Q50: 9.340, 9.289; Q90: 4.177, 4.172;
| 6  Horizon | RMSE: 31.383, 31.560; MAE: 19.140, 19.318; MAPE: 11.163, 11.435; Q10: 4.649, 4.679; Q50: 9.710, 9.786; Q90: 4.336, 4.400;
| 12 Horizon | RMSE: 33.227, 33.878; MAE: 20.437, 21.056; MAPE: 12.209, 12.791; Q10: 5.025, 5.195; Q50: 10.355, 10.651; Q90: 4.647, 4.832;
epoch 53 time used: 47  seconds  train loss: 16.81 val loss: 6.228215 test loss: 6.293287
Epoch 54: 
| 3  Horizon | RMSE: 29.861, 29.641; MAE: 18.413, 18.353; MAPE: 10.757, 10.855; Q10: 4.375, 4.315; Q50: 9.343, 9.300; Q90: 4.173, 4.176;
| 6  Horizon | RMSE: 31.322, 31.469; MAE: 19.246, 19.431; MAPE: 11.110, 11.390; Q10: 4.653, 4.668; Q50: 9.757, 9.837; Q90: 4.416, 4.513;
| 12 Horizon | RMSE: 33.148, 33.666; MAE: 20.620, 21.152; MAPE: 12.330, 12.849; Q10: 5.030, 5.159; Q50: 10.438, 10.692; Q90: 4.712, 4.933;
epoch 54 time used: 48  seconds  train loss: 16.765 val loss: 6.263131 test loss: 6.330405
Epoch 55: 
| 3  Horizon | RMSE: 30.049, 29.955; MAE: 18.591, 18.561; MAPE: 10.984, 11.057; Q10: 4.401, 4.352; Q50: 9.443, 9.414; Q90: 4.230, 4.241;
| 6  Horizon | RMSE: 31.371, 31.729; MAE: 19.093, 19.313; MAPE: 11.068, 11.350; Q10: 4.634, 4.702; Q50: 9.688, 9.785; Q90: 4.386, 4.487;
| 12 Horizon | RMSE: 33.333, 34.052; MAE: 20.633, 21.151; MAPE: 11.896, 12.288; Q10: 5.000, 5.159; Q50: 10.476, 10.719; Q90: 4.809, 5.054;
epoch 55 time used: 47  seconds  train loss: 16.752 val loss: 6.296417 test loss: 6.381023
Epoch 56: 
| 3  Horizon | RMSE: 29.946, 29.768; MAE: 18.343, 18.313; MAPE: 10.757, 10.934; Q10: 4.375, 4.319; Q50: 9.301, 9.273; Q90: 4.141, 4.141;
| 6  Horizon | RMSE: 31.286, 31.531; MAE: 19.079, 19.308; MAPE: 11.144, 11.481; Q10: 4.647, 4.694; Q50: 9.679, 9.781; Q90: 4.310, 4.395;
| 12 Horizon | RMSE: 32.974, 33.603; MAE: 20.357, 20.941; MAPE: 11.973, 12.510; Q10: 5.005, 5.146; Q50: 10.317, 10.596; Q90: 4.632, 4.856;
epoch 56 time used: 47  seconds  train loss: 16.755 val loss: 6.20793 test loss: 6.288096
Epoch 57: 
| 3  Horizon | RMSE: 29.925, 29.687; MAE: 18.457, 18.398; MAPE: 10.990, 11.047; Q10: 4.397, 4.327; Q50: 9.377, 9.332; Q90: 4.224, 4.236;
| 6  Horizon | RMSE: 31.385, 31.542; MAE: 19.212, 19.383; MAPE: 11.390, 11.574; Q10: 4.653, 4.678; Q50: 9.762, 9.832; Q90: 4.455, 4.552;
| 12 Horizon | RMSE: 33.147, 33.602; MAE: 20.355, 20.814; MAPE: 12.071, 12.393; Q10: 4.998, 5.128; Q50: 10.340, 10.552; Q90: 4.671, 4.877;
epoch 57 time used: 46  seconds  train loss: 16.75 val loss: 6.254019 test loss: 6.313613
Epoch 58: 
| 3  Horizon | RMSE: 29.999, 29.801; MAE: 18.510, 18.484; MAPE: 10.816, 10.996; Q10: 4.382, 4.327; Q50: 9.383, 9.357; Q90: 4.179, 4.183;
| 6  Horizon | RMSE: 31.479, 31.666; MAE: 19.421, 19.656; MAPE: 11.577, 11.981; Q10: 4.682, 4.734; Q50: 9.834, 9.938; Q90: 4.429, 4.519;
| 12 Horizon | RMSE: 33.436, 34.043; MAE: 20.737, 21.266; MAPE: 11.973, 12.500; Q10: 5.000, 5.143; Q50: 10.512, 10.759; Q90: 4.759, 4.991;
epoch 58 time used: 47  seconds  train loss: 16.718 val loss: 6.290506 test loss: 6.367838
Epoch 59: 
| 3  Horizon | RMSE: 30.146, 29.961; MAE: 18.553, 18.487; MAPE: 11.318, 11.385; Q10: 4.421, 4.358; Q50: 9.427, 9.380; Q90: 4.149, 4.155;
| 6  Horizon | RMSE: 31.582, 31.837; MAE: 19.237, 19.410; MAPE: 11.623, 11.830; Q10: 4.653, 4.707; Q50: 9.775, 9.847; Q90: 4.347, 4.408;
| 12 Horizon | RMSE: 33.323, 33.870; MAE: 20.404, 20.909; MAPE: 12.128, 12.508; Q10: 5.018, 5.173; Q50: 10.363, 10.599; Q90: 4.638, 4.819;
epoch 59 time used: 47  seconds  train loss: 16.738 val loss: 6.249191 test loss: 6.312171
Epoch 60: 
| 3  Horizon | RMSE: 29.982, 29.825; MAE: 18.400, 18.364; MAPE: 10.997, 11.140; Q10: 4.409, 4.376; Q50: 9.321, 9.290; Q90: 4.142, 4.144;
| 6  Horizon | RMSE: 31.543, 31.755; MAE: 19.149, 19.323; MAPE: 11.350, 11.631; Q10: 4.707, 4.785; Q50: 9.710, 9.784; Q90: 4.338, 4.396;
| 12 Horizon | RMSE: 33.104, 33.684; MAE: 20.294, 20.826; MAPE: 12.023, 12.419; Q10: 5.012, 5.186; Q50: 10.300, 10.551; Q90: 4.630, 4.825;
epoch 60 time used: 47  seconds  train loss: 16.709 val loss: 6.222029 test loss: 6.298518
Epoch 61: 
| 3  Horizon | RMSE: 29.899, 29.649; MAE: 18.379, 18.293; MAPE: 10.780, 10.875; Q10: 4.388, 4.320; Q50: 9.325, 9.269; Q90: 4.146, 4.137;
| 6  Horizon | RMSE: 31.330, 31.477; MAE: 19.185, 19.353; MAPE: 11.286, 11.606; Q10: 4.665, 4.702; Q50: 9.722, 9.793; Q90: 4.329, 4.401;
| 12 Horizon | RMSE: 33.174, 33.647; MAE: 20.416, 20.910; MAPE: 11.917, 12.358; Q10: 5.024, 5.134; Q50: 10.354, 10.585; Q90: 4.669, 4.875;
epoch 61 time used: 47  seconds  train loss: 16.723 val loss: 6.225707 test loss: 6.281793
Epoch 62: 
| 3  Horizon | RMSE: 30.060, 29.587; MAE: 18.451, 18.281; MAPE: 10.935, 10.945; Q10: 4.428, 4.343; Q50: 9.369, 9.268; Q90: 4.167, 4.138;
| 6  Horizon | RMSE: 31.342, 31.142; MAE: 19.107, 19.155; MAPE: 11.174, 11.329; Q10: 4.640, 4.628; Q50: 9.699, 9.708; Q90: 4.331, 4.367;
| 12 Horizon | RMSE: 33.080, 33.290; MAE: 20.360, 20.759; MAPE: 11.863, 12.259; Q10: 5.002, 5.056; Q50: 10.325, 10.509; Q90: 4.689, 4.865;
epoch 62 time used: 47  seconds  train loss: 16.704 val loss: 6.235892 test loss: 6.257544
Epoch 63: 
| 3  Horizon | RMSE: 29.890, 29.772; MAE: 18.416, 18.381; MAPE: 11.003, 11.185; Q10: 4.403, 4.358; Q50: 9.324, 9.295; Q90: 4.138, 4.137;
| 6  Horizon | RMSE: 31.208, 31.475; MAE: 19.048, 19.260; MAPE: 11.070, 11.390; Q10: 4.631, 4.680; Q50: 9.661, 9.754; Q90: 4.311, 4.386;
| 12 Horizon | RMSE: 33.126, 33.752; MAE: 20.503, 21.033; MAPE: 12.065, 12.426; Q10: 5.024, 5.151; Q50: 10.417, 10.663; Q90: 4.666, 4.905;
epoch 63 time used: 46  seconds  train loss: 16.676 val loss: 6.221686 test loss: 6.294919
Epoch 64: 
| 3  Horizon | RMSE: 29.797, 29.652; MAE: 18.303, 18.269; MAPE: 10.660, 10.779; Q10: 4.365, 4.324; Q50: 9.288, 9.258; Q90: 4.141, 4.138;
| 6  Horizon | RMSE: 31.210, 31.449; MAE: 19.021, 19.228; MAPE: 11.053, 11.328; Q10: 4.622, 4.678; Q50: 9.654, 9.744; Q90: 4.327, 4.398;
| 12 Horizon | RMSE: 33.054, 33.482; MAE: 20.196, 20.689; MAPE: 11.798, 12.239; Q10: 4.977, 5.103; Q50: 10.245, 10.476; Q90: 4.635, 4.827;
epoch 64 time used: 47  seconds  train loss: 16.689 val loss: 6.187801 test loss: 6.256144
Epoch 65: 
| 3  Horizon | RMSE: 30.027, 29.716; MAE: 18.312, 18.246; MAPE: 10.835, 10.948; Q10: 4.376, 4.318; Q50: 9.284, 9.238; Q90: 4.123, 4.130;
| 6  Horizon | RMSE: 31.432, 31.487; MAE: 19.080, 19.262; MAPE: 11.275, 11.563; Q10: 4.673, 4.718; Q50: 9.673, 9.751; Q90: 4.324, 4.413;
| 12 Horizon | RMSE: 33.177, 33.667; MAE: 20.399, 20.981; MAPE: 12.181, 12.703; Q10: 5.070, 5.217; Q50: 10.337, 10.616; Q90: 4.657, 4.883;
epoch 65 time used: 47  seconds  train loss: 16.667 val loss: 6.21913 test loss: 6.294942
Epoch 66: 
| 3  Horizon | RMSE: 29.914, 29.889; MAE: 18.298, 18.272; MAPE: 10.745, 10.890; Q10: 4.369, 4.331; Q50: 9.285, 9.258; Q90: 4.134, 4.132;
| 6  Horizon | RMSE: 31.406, 31.854; MAE: 19.038, 19.259; MAPE: 11.190, 11.474; Q10: 4.645, 4.737; Q50: 9.663, 9.759; Q90: 4.311, 4.379;
| 12 Horizon | RMSE: 33.050, 33.793; MAE: 20.375, 20.915; MAPE: 12.197, 12.487; Q10: 4.988, 5.147; Q50: 10.354, 10.605; Q90: 4.720, 4.945;
epoch 66 time used: 47  seconds  train loss: 16.672 val loss: 6.205485 test loss: 6.291462
Epoch 67: 
| 3  Horizon | RMSE: 30.012, 30.054; MAE: 18.367, 18.391; MAPE: 10.763, 10.968; Q10: 4.390, 4.364; Q50: 9.309, 9.308; Q90: 4.137, 4.149;
| 6  Horizon | RMSE: 31.564, 32.092; MAE: 19.247, 19.543; MAPE: 11.358, 11.772; Q10: 4.691, 4.795; Q50: 9.754, 9.889; Q90: 4.326, 4.402;
| 12 Horizon | RMSE: 33.273, 34.054; MAE: 20.442, 21.147; MAPE: 12.391, 13.083; Q10: 5.074, 5.305; Q50: 10.352, 10.691; Q90: 4.637, 4.826;
epoch 67 time used: 47  seconds  train loss: 16.662 val loss: 6.231832 test loss: 6.338446
Epoch 68: 
| 3  Horizon | RMSE: 30.016, 30.015; MAE: 18.404, 18.401; MAPE: 10.718, 10.885; Q10: 4.419, 4.401; Q50: 9.333, 9.320; Q90: 4.151, 4.170;
| 6  Horizon | RMSE: 31.411, 31.820; MAE: 19.134, 19.367; MAPE: 11.119, 11.444; Q10: 4.682, 4.773; Q50: 9.705, 9.809; Q90: 4.355, 4.455;
| 12 Horizon | RMSE: 33.076, 33.725; MAE: 20.298, 20.863; MAPE: 11.931, 12.466; Q10: 5.005, 5.197; Q50: 10.288, 10.555; Q90: 4.715, 4.938;
epoch 68 time used: 47  seconds  train loss: 16.672 val loss: 6.235488 test loss: 6.331059
Epoch 69: 
| 3  Horizon | RMSE: 29.964, 30.105; MAE: 18.457, 18.530; MAPE: 10.879, 11.101; Q10: 4.382, 4.367; Q50: 9.348, 9.372; Q90: 4.184, 4.220;
| 6  Horizon | RMSE: 31.510, 32.202; MAE: 19.417, 19.792; MAPE: 11.558, 12.019; Q10: 4.704, 4.843; Q50: 9.829, 10.005; Q90: 4.435, 4.560;
| 12 Horizon | RMSE: 33.133, 34.111; MAE: 20.413, 21.165; MAPE: 12.038, 12.699; Q10: 4.998, 5.225; Q50: 10.342, 10.705; Q90: 4.736, 5.009;
epoch 69 time used: 45  seconds  train loss: 16.652 val loss: 6.273575 test loss: 6.409436
Epoch 70: 
| 3  Horizon | RMSE: 29.898, 29.626; MAE: 18.479, 18.421; MAPE: 11.064, 11.206; Q10: 4.379, 4.326; Q50: 9.350, 9.309; Q90: 4.196, 4.206;
| 6  Horizon | RMSE: 31.300, 31.364; MAE: 19.290, 19.472; MAPE: 11.727, 12.041; Q10: 4.664, 4.701; Q50: 9.756, 9.836; Q90: 4.385, 4.468;
| 12 Horizon | RMSE: 33.064, 33.453; MAE: 20.394, 20.934; MAPE: 12.205, 12.735; Q10: 5.024, 5.166; Q50: 10.323, 10.582; Q90: 4.668, 4.877;
epoch 70 time used: 47  seconds  train loss: 16.641 val loss: 6.244615 test loss: 6.312247
Epoch 71: 
| 3  Horizon | RMSE: 30.288, 30.442; MAE: 18.763, 18.827; MAPE: 10.988, 11.184; Q10: 4.441, 4.436; Q50: 9.504, 9.523; Q90: 4.250, 4.286;
| 6  Horizon | RMSE: 31.650, 32.277; MAE: 19.363, 19.689; MAPE: 11.370, 11.722; Q10: 4.713, 4.838; Q50: 9.817, 9.967; Q90: 4.383, 4.475;
| 12 Horizon | RMSE: 33.247, 33.919; MAE: 20.474, 21.048; MAPE: 12.064, 12.515; Q10: 5.050, 5.266; Q50: 10.388, 10.662; Q90: 4.734, 4.929;
epoch 71 time used: 47  seconds  train loss: 16.634 val loss: 6.302587 test loss: 6.413796
Epoch 72: 
| 3  Horizon | RMSE: 29.955, 29.790; MAE: 18.342, 18.335; MAPE: 10.774, 10.966; Q10: 4.382, 4.344; Q50: 9.296, 9.280; Q90: 4.143, 4.157;
| 6  Horizon | RMSE: 31.358, 31.576; MAE: 19.060, 19.294; MAPE: 11.126, 11.453; Q10: 4.651, 4.705; Q50: 9.669, 9.772; Q90: 4.332, 4.424;
| 12 Horizon | RMSE: 33.196, 33.776; MAE: 20.434, 21.038; MAPE: 11.884, 12.370; Q10: 5.015, 5.153; Q50: 10.369, 10.654; Q90: 4.730, 4.989;
epoch 72 time used: 47  seconds  train loss: 16.638 val loss: 6.23526 test loss: 6.321133
Epoch 73: 
| 3  Horizon | RMSE: 29.976, 29.875; MAE: 18.323, 18.344; MAPE: 10.816, 10.977; Q10: 4.388, 4.357; Q50: 9.301, 9.297; Q90: 4.125, 4.154;
| 6  Horizon | RMSE: 31.446, 31.794; MAE: 19.120, 19.398; MAPE: 11.252, 11.555; Q10: 4.674, 4.760; Q50: 9.709, 9.833; Q90: 4.322, 4.433;
| 12 Horizon | RMSE: 33.107, 33.728; MAE: 20.337, 20.969; MAPE: 11.929, 12.422; Q10: 5.028, 5.190; Q50: 10.323, 10.620; Q90: 4.683, 4.949;
epoch 73 time used: 47  seconds  train loss: 16.611 val loss: 6.227215 test loss: 6.332532
Epoch 74: 
| 3  Horizon | RMSE: 29.872, 29.769; MAE: 18.260, 18.241; MAPE: 10.701, 10.879; Q10: 4.362, 4.316; Q50: 9.256, 9.233; Q90: 4.124, 4.132;
| 6  Horizon | RMSE: 31.301, 31.533; MAE: 18.994, 19.160; MAPE: 11.123, 11.382; Q10: 4.657, 4.724; Q50: 9.638, 9.706; Q90: 4.294, 4.358;
| 12 Horizon | RMSE: 32.874, 33.504; MAE: 20.157, 20.751; MAPE: 11.844, 12.387; Q10: 5.009, 5.188; Q50: 10.216, 10.498; Q90: 4.594, 4.800;
epoch 74 time used: 47  seconds  train loss: 16.635 val loss: 6.178324 test loss: 6.257868
Epoch 75: 
| 3  Horizon | RMSE: 30.045, 30.191; MAE: 18.500, 18.558; MAPE: 10.725, 10.913; Q10: 4.387, 4.358; Q50: 9.383, 9.398; Q90: 4.260, 4.304;
| 6  Horizon | RMSE: 31.350, 31.921; MAE: 19.075, 19.382; MAPE: 11.140, 11.482; Q10: 4.652, 4.741; Q50: 9.676, 9.815; Q90: 4.360, 4.487;
| 12 Horizon | RMSE: 33.058, 33.730; MAE: 20.298, 20.889; MAPE: 11.886, 12.324; Q10: 5.017, 5.167; Q50: 10.301, 10.579; Q90: 4.661, 4.908;
epoch 75 time used: 46  seconds  train loss: 16.597 val loss: 6.235258 test loss: 6.344347
Epoch 76: 
| 3  Horizon | RMSE: 30.188, 30.230; MAE: 18.630, 18.656; MAPE: 10.688, 10.871; Q10: 4.386, 4.356; Q50: 9.455, 9.455; Q90: 4.212, 4.239;
| 6  Horizon | RMSE: 31.791, 32.267; MAE: 19.557, 19.807; MAPE: 11.268, 11.538; Q10: 4.677, 4.758; Q50: 9.934, 10.045; Q90: 4.495, 4.618;
| 12 Horizon | RMSE: 33.581, 34.340; MAE: 20.782, 21.371; MAPE: 11.915, 12.437; Q10: 5.070, 5.240; Q50: 10.542, 10.821; Q90: 4.869, 5.143;
epoch 76 time used: 47  seconds  train loss: 16.599 val loss: 6.331071 test loss: 6.433634
Epoch 77: 
| 3  Horizon | RMSE: 29.755, 29.536; MAE: 18.291, 18.242; MAPE: 10.798, 10.873; Q10: 4.367, 4.309; Q50: 9.285, 9.248; Q90: 4.145, 4.139;
| 6  Horizon | RMSE: 31.144, 31.273; MAE: 19.012, 19.209; MAPE: 11.109, 11.350; Q10: 4.619, 4.654; Q50: 9.650, 9.735; Q90: 4.299, 4.377;
| 12 Horizon | RMSE: 32.921, 33.436; MAE: 20.144, 20.746; MAPE: 11.908, 12.421; Q10: 4.976, 5.125; Q50: 10.214, 10.501; Q90: 4.596, 4.785;
epoch 77 time used: 47  seconds  train loss: 16.614 val loss: 6.182666 test loss: 6.248357
Epoch 78: 
| 3  Horizon | RMSE: 29.786, 29.660; MAE: 18.334, 18.335; MAPE: 10.758, 10.948; Q10: 4.375, 4.336; Q50: 9.287, 9.275; Q90: 4.146, 4.169;
| 6  Horizon | RMSE: 31.285, 31.494; MAE: 19.172, 19.406; MAPE: 11.125, 11.454; Q10: 4.656, 4.706; Q50: 9.720, 9.824; Q90: 4.371, 4.480;
| 12 Horizon | RMSE: 32.985, 33.598; MAE: 20.376, 21.014; MAPE: 12.103, 12.691; Q10: 4.999, 5.146; Q50: 10.322, 10.628; Q90: 4.708, 4.963;
epoch 78 time used: 45  seconds  train loss: 16.617 val loss: 6.231364 test loss: 6.323955
Epoch 79: 
| 3  Horizon | RMSE: 29.951, 29.916; MAE: 18.369, 18.397; MAPE: 10.719, 10.903; Q10: 4.376, 4.326; Q50: 9.314, 9.315; Q90: 4.145, 4.173;
| 6  Horizon | RMSE: 31.467, 31.896; MAE: 19.196, 19.501; MAPE: 11.218, 11.602; Q10: 4.662, 4.744; Q50: 9.730, 9.870; Q90: 4.384, 4.504;
| 12 Horizon | RMSE: 33.136, 33.786; MAE: 20.313, 20.927; MAPE: 11.847, 12.398; Q10: 5.010, 5.163; Q50: 10.298, 10.591; Q90: 4.679, 4.917;
epoch 79 time used: 45  seconds  train loss: 16.59 val loss: 6.241716 test loss: 6.34388
Epoch 80: 
| 3  Horizon | RMSE: 29.869, 29.881; MAE: 18.282, 18.324; MAPE: 10.735, 10.957; Q10: 4.366, 4.326; Q50: 9.271, 9.279; Q90: 4.128, 4.149;
| 6  Horizon | RMSE: 31.362, 31.861; MAE: 19.089, 19.373; MAPE: 11.206, 11.594; Q10: 4.655, 4.748; Q50: 9.677, 9.806; Q90: 4.319, 4.405;
| 12 Horizon | RMSE: 33.154, 34.083; MAE: 20.475, 21.199; MAPE: 12.245, 12.928; Q10: 5.033, 5.256; Q50: 10.366, 10.717; Q90: 4.683, 4.918;
epoch 80 time used: 47  seconds  train loss: 16.581 val loss: 6.217096 test loss: 6.327525
Epoch 81: 
| 3  Horizon | RMSE: 29.858, 29.865; MAE: 18.245, 18.273; MAPE: 10.641, 10.829; Q10: 4.365, 4.338; Q50: 9.249, 9.250; Q90: 4.131, 4.155;
| 6  Horizon | RMSE: 31.302, 31.781; MAE: 19.003, 19.284; MAPE: 11.085, 11.442; Q10: 4.641, 4.749; Q50: 9.631, 9.759; Q90: 4.324, 4.421;
| 12 Horizon | RMSE: 32.924, 33.740; MAE: 20.142, 20.824; MAPE: 11.878, 12.422; Q10: 5.016, 5.258; Q50: 10.212, 10.539; Q90: 4.595, 4.806;
epoch 81 time used: 45  seconds  train loss: 16.585 val loss: 6.180695 test loss: 6.289932
Epoch 82: 
| 3  Horizon | RMSE: 30.038, 30.196; MAE: 18.459, 18.537; MAPE: 11.210, 11.458; Q10: 4.424, 4.408; Q50: 9.335, 9.363; Q90: 4.151, 4.177;
| 6  Horizon | RMSE: 31.429, 32.060; MAE: 19.093, 19.416; MAPE: 11.300, 11.718; Q10: 4.676, 4.799; Q50: 9.665, 9.815; Q90: 4.321, 4.421;
| 12 Horizon | RMSE: 33.147, 33.932; MAE: 20.339, 21.025; MAPE: 12.176, 12.811; Q10: 5.037, 5.248; Q50: 10.294, 10.624; Q90: 4.652, 4.877;
epoch 82 time used: 47  seconds  train loss: 16.577 val loss: 6.223295 test loss: 6.343287
Epoch 83: 
| 3  Horizon | RMSE: 30.171, 30.332; MAE: 18.551, 18.619; MAPE: 10.700, 10.902; Q10: 4.398, 4.370; Q50: 9.414, 9.435; Q90: 4.188, 4.209;
| 6  Horizon | RMSE: 31.737, 32.358; MAE: 19.461, 19.766; MAPE: 11.163, 11.490; Q10: 4.706, 4.807; Q50: 9.874, 10.013; Q90: 4.425, 4.536;
| 12 Horizon | RMSE: 33.297, 34.291; MAE: 20.564, 21.294; MAPE: 11.974, 12.560; Q10: 5.018, 5.228; Q50: 10.424, 10.776; Q90: 4.709, 4.966;
epoch 83 time used: 47  seconds  train loss: 16.563 val loss: 6.274526 test loss: 6.39074
Epoch 84: 
| 3  Horizon | RMSE: 29.964, 30.025; MAE: 18.428, 18.445; MAPE: 10.772, 10.918; Q10: 4.380, 4.337; Q50: 9.352, 9.347; Q90: 4.172, 4.205;
| 6  Horizon | RMSE: 31.423, 31.943; MAE: 19.204, 19.451; MAPE: 11.234, 11.494; Q10: 4.681, 4.759; Q50: 9.748, 9.858; Q90: 4.352, 4.461;
| 12 Horizon | RMSE: 33.000, 33.761; MAE: 20.204, 20.820; MAPE: 11.960, 12.406; Q10: 5.037, 5.241; Q50: 10.252, 10.545; Q90: 4.615, 4.836;
Early stopping at epoch: 84
Model  stnorm  Best Results:
Epoch 74: 
=        =        Horizon  3        =        =        =        =        Horizon  6        =        =        =        =        Horizon  12       =        =       
RMSE     MAE      MAPE     Q10      Q50      Q90      RMSE     MAE      MAPE     Q10      Q50      Q90      RMSE     MAE      MAPE     Q10      Q50      Q90     
29.769   18.241   10.879   4.316    9.233    4.132    31.533   19.160   11.382   4.724    9.706    4.358    33.504   20.751   12.387   5.188    10.498   4.800   
Model Training Ended ... Fri Dec 22 22:17:00 2023
