nohup: ignoring input
pdate shape is:  (16992,)
./save/pems04_stnorm_in12_out12_addtimeFalse_adjTrue_lr0.001_hc32_train0.6_val0.2_test0.2_seedNone_lossquantile_version2_note:no_schedular training started Fri Dec 22 21:04:15 2023
pdate shape is:  (16992,)
data load........
initial data shape is:  (16992, 307, 3)
train_mean shape : (307,)
train  :  (10177, 24, 307, 3)
val  :  (3393, 24, 307, 3)
test  :  (3388, 24, 307, 3)
Model Training Started ... Fri Dec 22 21:04:17 2023
TIMESTEP_IN, TIMESTEP_OUT 12 12
LOSS is : quantile
Epoch 0: 
| 3  Horizon | RMSE: 33.552, 32.521; MAE: 22.104, 21.487; MAPE: 15.008, 14.718; Q10: 5.254, 5.096; Q50: 11.256, 10.927; Q90: 4.822, 4.721;
| 6  Horizon | RMSE: 36.050, 34.878; MAE: 23.643, 22.988; MAPE: 15.702, 15.288; Q10: 5.684, 5.514; Q50: 12.035, 11.684; Q90: 5.269, 5.212;
| 12 Horizon | RMSE: 40.957, 39.743; MAE: 27.025, 26.430; MAPE: 17.004, 16.558; Q10: 6.466, 6.252; Q50: 13.744, 13.417; Q90: 6.095, 6.076;
epoch 0 time used: 48  seconds  train loss: 25.239 val loss: 7.711838 test loss: 7.526087
Epoch 1: 
| 3  Horizon | RMSE: 31.769, 30.777; MAE: 20.427, 19.935; MAPE: 13.036, 12.812; Q10: 4.722, 4.607; Q50: 10.378, 10.112; Q90: 4.603, 4.505;
| 6  Horizon | RMSE: 33.828, 32.894; MAE: 21.931, 21.499; MAPE: 13.882, 13.690; Q10: 5.058, 4.949; Q50: 11.149, 10.912; Q90: 5.009, 4.959;
| 12 Horizon | RMSE: 37.994, 37.248; MAE: 25.304, 25.033; MAPE: 16.899, 16.579; Q10: 5.748, 5.674; Q50: 12.873, 12.707; Q90: 5.640, 5.641;
epoch 1 time used: 46  seconds  train loss: 20.481 val loss: 7.101192 test loss: 6.977841
Epoch 2: 
| 3  Horizon | RMSE: 31.524, 30.658; MAE: 20.458, 20.127; MAPE: 13.714, 13.731; Q10: 4.787, 4.685; Q50: 10.322, 10.142; Q90: 4.632, 4.578;
| 6  Horizon | RMSE: 33.868, 33.028; MAE: 22.069, 21.844; MAPE: 14.715, 14.803; Q10: 5.159, 5.076; Q50: 11.135, 11.007; Q90: 5.004, 5.004;
| 12 Horizon | RMSE: 36.537, 36.155; MAE: 23.949, 24.204; MAPE: 15.748, 16.248; Q10: 5.545, 5.516; Q50: 12.086, 12.198; Q90: 5.498, 5.582;
epoch 2 time used: 48  seconds  train loss: 19.764 val loss: 6.993881 test loss: 6.944685
Epoch 3: 
| 3  Horizon | RMSE: 30.880, 29.927; MAE: 19.433, 19.034; MAPE: 11.355, 11.255; Q10: 4.624, 4.517; Q50: 9.864, 9.647; Q90: 4.398, 4.316;
| 6  Horizon | RMSE: 32.806, 31.942; MAE: 20.805, 20.539; MAPE: 12.186, 12.114; Q10: 4.891, 4.782; Q50: 10.565, 10.414; Q90: 4.687, 4.666;
| 12 Horizon | RMSE: 35.841, 35.415; MAE: 23.056, 23.123; MAPE: 13.387, 13.438; Q10: 5.434, 5.333; Q50: 11.705, 11.719; Q90: 5.246, 5.353;
epoch 3 time used: 48  seconds  train loss: 19.219 val loss: 6.729033 test loss: 6.648945
Epoch 4: 
| 3  Horizon | RMSE: 31.380, 30.332; MAE: 19.893, 19.420; MAPE: 12.401, 12.351; Q10: 4.585, 4.464; Q50: 10.058, 9.805; Q90: 4.569, 4.487;
| 6  Horizon | RMSE: 32.455, 31.580; MAE: 20.364, 20.083; MAPE: 11.937, 11.937; Q10: 4.805, 4.701; Q50: 10.327, 10.169; Q90: 4.693, 4.661;
| 12 Horizon | RMSE: 34.811, 34.486; MAE: 22.059, 22.214; MAPE: 12.938, 13.149; Q10: 5.252, 5.184; Q50: 11.190, 11.248; Q90: 5.141, 5.237;
epoch 4 time used: 46  seconds  train loss: 19.004 val loss: 6.64261 test loss: 6.562555
Epoch 5: 
| 3  Horizon | RMSE: 30.806, 29.806; MAE: 19.320, 18.875; MAPE: 11.231, 11.104; Q10: 4.580, 4.472; Q50: 9.803, 9.561; Q90: 4.396, 4.321;
| 6  Horizon | RMSE: 32.552, 31.694; MAE: 20.504, 20.223; MAPE: 11.829, 11.772; Q10: 4.853, 4.744; Q50: 10.404, 10.245; Q90: 4.666, 4.651;
| 12 Horizon | RMSE: 35.197, 34.770; MAE: 22.609, 22.636; MAPE: 13.386, 13.361; Q10: 5.333, 5.248; Q50: 11.483, 11.477; Q90: 5.097, 5.191;
epoch 5 time used: 47  seconds  train loss: 18.724 val loss: 6.646079 test loss: 6.564894
Epoch 6: 
| 3  Horizon | RMSE: 30.747, 29.608; MAE: 19.262, 18.778; MAPE: 11.906, 11.703; Q10: 4.527, 4.424; Q50: 9.785, 9.524; Q90: 4.395, 4.311;
| 6  Horizon | RMSE: 32.306, 31.283; MAE: 20.284, 19.947; MAPE: 12.527, 12.380; Q10: 4.813, 4.711; Q50: 10.307, 10.119; Q90: 4.730, 4.659;
| 12 Horizon | RMSE: 34.438, 33.930; MAE: 21.775, 21.805; MAPE: 13.263, 13.238; Q10: 5.300, 5.218; Q50: 11.061, 11.059; Q90: 4.922, 5.008;
epoch 6 time used: 48  seconds  train loss: 18.572 val loss: 6.574031 test loss: 6.478213
Epoch 7: 
| 3  Horizon | RMSE: 30.428, 29.416; MAE: 18.949, 18.557; MAPE: 11.211, 11.160; Q10: 4.500, 4.395; Q50: 9.599, 9.385; Q90: 4.301, 4.239;
| 6  Horizon | RMSE: 31.827, 30.949; MAE: 19.803, 19.586; MAPE: 11.568, 11.563; Q10: 4.724, 4.613; Q50: 10.044, 9.918; Q90: 4.513, 4.521;
| 12 Horizon | RMSE: 34.047, 33.414; MAE: 21.256, 21.328; MAPE: 12.426, 12.618; Q10: 5.115, 5.016; Q50: 10.778, 10.795; Q90: 4.938, 5.030;
epoch 7 time used: 47  seconds  train loss: 18.375 val loss: 6.429113 test loss: 6.357102
Epoch 8: 
| 3  Horizon | RMSE: 30.960, 29.940; MAE: 19.411, 19.050; MAPE: 11.222, 11.138; Q10: 4.577, 4.474; Q50: 9.840, 9.643; Q90: 4.400, 4.342;
| 6  Horizon | RMSE: 33.018, 32.202; MAE: 20.857, 20.674; MAPE: 11.868, 11.844; Q10: 4.923, 4.811; Q50: 10.586, 10.478; Q90: 4.624, 4.638;
| 12 Horizon | RMSE: 34.763, 34.316; MAE: 21.984, 22.122; MAPE: 12.818, 12.890; Q10: 5.232, 5.119; Q50: 11.164, 11.214; Q90: 5.015, 5.129;
epoch 8 time used: 46  seconds  train loss: 18.257 val loss: 6.629383 test loss: 6.57205
Epoch 9: 
| 3  Horizon | RMSE: 30.547, 29.449; MAE: 18.956, 18.553; MAPE: 11.255, 11.145; Q10: 4.480, 4.353; Q50: 9.624, 9.404; Q90: 4.318, 4.260;
| 6  Horizon | RMSE: 32.135, 31.127; MAE: 19.881, 19.610; MAPE: 11.676, 11.650; Q10: 4.748, 4.617; Q50: 10.087, 9.935; Q90: 4.524, 4.519;
| 12 Horizon | RMSE: 34.150, 33.489; MAE: 21.309, 21.291; MAPE: 12.567, 12.696; Q10: 5.162, 5.037; Q50: 10.796, 10.770; Q90: 4.901, 4.989;
epoch 9 time used: 46  seconds  train loss: 18.118 val loss: 6.439969 test loss: 6.34864
Epoch 10: 
| 3  Horizon | RMSE: 30.642, 29.535; MAE: 19.186, 18.713; MAPE: 11.965, 11.752; Q10: 4.531, 4.399; Q50: 9.746, 9.493; Q90: 4.398, 4.326;
| 6  Horizon | RMSE: 32.174, 31.158; MAE: 20.017, 19.711; MAPE: 12.036, 11.967; Q10: 4.771, 4.635; Q50: 10.163, 9.994; Q90: 4.571, 4.562;
| 12 Horizon | RMSE: 34.657, 34.035; MAE: 21.673, 21.682; MAPE: 13.025, 13.073; Q10: 5.189, 5.062; Q50: 11.007, 10.993; Q90: 5.142, 5.218;
epoch 10 time used: 47  seconds  train loss: 18.025 val loss: 6.531544 test loss: 6.431904
Epoch 11: 
| 3  Horizon | RMSE: 30.312, 29.435; MAE: 19.003, 18.701; MAPE: 11.367, 11.341; Q10: 4.480, 4.382; Q50: 9.627, 9.460; Q90: 4.306, 4.279;
| 6  Horizon | RMSE: 31.744, 31.020; MAE: 19.864, 19.743; MAPE: 11.943, 12.001; Q10: 4.742, 4.637; Q50: 10.064, 9.988; Q90: 4.500, 4.534;
| 12 Horizon | RMSE: 33.713, 33.397; MAE: 21.327, 21.541; MAPE: 12.983, 13.304; Q10: 5.181, 5.094; Q50: 10.797, 10.888; Q90: 4.853, 4.999;
epoch 11 time used: 47  seconds  train loss: 17.936 val loss: 6.449164 test loss: 6.412217
Epoch 12: 
| 3  Horizon | RMSE: 30.462, 29.410; MAE: 18.895, 18.507; MAPE: 11.231, 11.083; Q10: 4.511, 4.397; Q50: 9.592, 9.380; Q90: 4.255, 4.207;
| 6  Horizon | RMSE: 31.651, 30.864; MAE: 19.680, 19.514; MAPE: 11.720, 11.655; Q10: 4.722, 4.622; Q50: 9.994, 9.894; Q90: 4.460, 4.489;
| 12 Horizon | RMSE: 33.624, 33.285; MAE: 21.195, 21.308; MAPE: 13.134, 13.070; Q10: 5.108, 5.044; Q50: 10.773, 10.812; Q90: 4.852, 4.997;
epoch 12 time used: 47  seconds  train loss: 17.873 val loss: 6.392833 test loss: 6.342443
Epoch 13: 
| 3  Horizon | RMSE: 30.229, 29.260; MAE: 18.748, 18.398; MAPE: 11.099, 10.976; Q10: 4.429, 4.320; Q50: 9.517, 9.323; Q90: 4.266, 4.221;
| 6  Horizon | RMSE: 31.604, 30.817; MAE: 19.604, 19.441; MAPE: 11.629, 11.570; Q10: 4.678, 4.568; Q50: 9.953, 9.855; Q90: 4.492, 4.509;
| 12 Horizon | RMSE: 33.385, 32.942; MAE: 20.851, 20.961; MAPE: 13.112, 13.038; Q10: 5.057, 4.975; Q50: 10.599, 10.636; Q90: 4.800, 4.914;
epoch 13 time used: 48  seconds  train loss: 17.796 val loss: 6.358217 test loss: 6.298764
Epoch 14: 
| 3  Horizon | RMSE: 30.170, 29.256; MAE: 18.879, 18.517; MAPE: 11.482, 11.289; Q10: 4.450, 4.347; Q50: 9.591, 9.392; Q90: 4.241, 4.207;
| 6  Horizon | RMSE: 31.613, 30.819; MAE: 19.665, 19.468; MAPE: 12.128, 11.972; Q10: 4.692, 4.576; Q50: 9.989, 9.873; Q90: 4.437, 4.459;
| 12 Horizon | RMSE: 33.545, 33.198; MAE: 20.980, 21.128; MAPE: 12.929, 12.895; Q10: 5.107, 5.019; Q50: 10.659, 10.714; Q90: 4.755, 4.907;
epoch 14 time used: 47  seconds  train loss: 17.755 val loss: 6.353244 test loss: 6.294324
Epoch 15: 
| 3  Horizon | RMSE: 30.893, 29.785; MAE: 19.155, 18.793; MAPE: 11.639, 11.632; Q10: 4.496, 4.376; Q50: 9.690, 9.492; Q90: 4.316, 4.265;
| 6  Horizon | RMSE: 32.106, 31.164; MAE: 19.782, 19.606; MAPE: 11.934, 12.034; Q10: 4.773, 4.657; Q50: 10.013, 9.907; Q90: 4.453, 4.461;
| 12 Horizon | RMSE: 33.887, 33.355; MAE: 20.965, 21.220; MAPE: 12.692, 13.124; Q10: 5.133, 5.093; Q50: 10.616, 10.724; Q90: 4.781, 4.913;
epoch 15 time used: 47  seconds  train loss: 17.701 val loss: 6.413843 test loss: 6.360236
Epoch 16: 
| 3  Horizon | RMSE: 30.335, 29.544; MAE: 19.021, 18.768; MAPE: 11.325, 11.324; Q10: 4.441, 4.353; Q50: 9.625, 9.483; Q90: 4.325, 4.313;
| 6  Horizon | RMSE: 31.747, 31.148; MAE: 19.792, 19.754; MAPE: 11.769, 11.882; Q10: 4.675, 4.585; Q50: 10.017, 9.984; Q90: 4.478, 4.519;
| 12 Horizon | RMSE: 33.782, 33.588; MAE: 21.210, 21.451; MAPE: 12.319, 12.561; Q10: 5.073, 5.000; Q50: 10.751, 10.856; Q90: 4.892, 5.077;
epoch 16 time used: 48  seconds  train loss: 17.582 val loss: 6.399683 test loss: 6.383311
Epoch 17: 
| 3  Horizon | RMSE: 30.134, 29.294; MAE: 18.766, 18.454; MAPE: 11.112, 11.014; Q10: 4.465, 4.355; Q50: 9.528, 9.353; Q90: 4.240, 4.215;
| 6  Horizon | RMSE: 31.550, 30.933; MAE: 19.633, 19.524; MAPE: 11.747, 11.697; Q10: 4.716, 4.605; Q50: 9.973, 9.901; Q90: 4.432, 4.476;
| 12 Horizon | RMSE: 33.470, 33.201; MAE: 20.813, 21.004; MAPE: 12.475, 12.549; Q10: 5.098, 5.019; Q50: 10.571, 10.648; Q90: 4.752, 4.922;
epoch 17 time used: 47  seconds  train loss: 17.551 val loss: 6.345887 test loss: 6.30738
Epoch 18: 
| 3  Horizon | RMSE: 30.075, 29.206; MAE: 18.665, 18.360; MAPE: 11.011, 10.952; Q10: 4.459, 4.367; Q50: 9.473, 9.304; Q90: 4.232, 4.202;
| 6  Horizon | RMSE: 31.755, 30.979; MAE: 19.769, 19.585; MAPE: 12.167, 12.076; Q10: 4.705, 4.615; Q50: 10.045, 9.936; Q90: 4.466, 4.476;
| 12 Horizon | RMSE: 33.524, 33.240; MAE: 20.941, 21.176; MAPE: 12.504, 12.724; Q10: 5.092, 5.048; Q50: 10.625, 10.724; Q90: 4.785, 4.935;
epoch 18 time used: 48  seconds  train loss: 17.507 val loss: 6.358894 test loss: 6.320035
Epoch 19: 
| 3  Horizon | RMSE: 30.069, 29.130; MAE: 18.546, 18.206; MAPE: 10.945, 10.871; Q10: 4.424, 4.308; Q50: 9.410, 9.222; Q90: 4.209, 4.168;
| 6  Horizon | RMSE: 31.485, 30.691; MAE: 19.400, 19.242; MAPE: 11.484, 11.508; Q10: 4.678, 4.565; Q50: 9.835, 9.738; Q90: 4.399, 4.429;
| 12 Horizon | RMSE: 33.877, 33.209; MAE: 21.048, 21.062; MAPE: 12.605, 12.723; Q10: 5.191, 5.076; Q50: 10.671, 10.659; Q90: 4.774, 4.863;
epoch 19 time used: 47  seconds  train loss: 17.465 val loss: 6.3226 test loss: 6.260229
Epoch 20: 
| 3  Horizon | RMSE: 29.931, 29.137; MAE: 18.659, 18.376; MAPE: 10.987, 10.987; Q10: 4.396, 4.300; Q50: 9.445, 9.288; Q90: 4.232, 4.210;
| 6  Horizon | RMSE: 31.417, 30.700; MAE: 19.510, 19.390; MAPE: 11.605, 11.721; Q10: 4.663, 4.569; Q50: 9.878, 9.801; Q90: 4.421, 4.465;
| 12 Horizon | RMSE: 33.391, 33.186; MAE: 21.011, 21.324; MAPE: 12.558, 13.048; Q10: 5.052, 5.014; Q50: 10.637, 10.778; Q90: 4.785, 4.960;
epoch 20 time used: 47  seconds  train loss: 17.409 val loss: 6.310292 test loss: 6.287659
Epoch 21: 
| 3  Horizon | RMSE: 30.258, 29.377; MAE: 18.734, 18.390; MAPE: 10.930, 10.929; Q10: 4.461, 4.347; Q50: 9.494, 9.305; Q90: 4.218, 4.182;
| 6  Horizon | RMSE: 31.603, 30.855; MAE: 19.476, 19.301; MAPE: 11.424, 11.514; Q10: 4.725, 4.611; Q50: 9.870, 9.765; Q90: 4.394, 4.421;
| 12 Horizon | RMSE: 33.308, 33.013; MAE: 20.704, 20.872; MAPE: 12.110, 12.299; Q10: 5.035, 4.953; Q50: 10.504, 10.570; Q90: 4.750, 4.898;
epoch 21 time used: 48  seconds  train loss: 17.369 val loss: 6.304933 test loss: 6.260938
Epoch 22: 
| 3  Horizon | RMSE: 29.975, 29.202; MAE: 18.566, 18.294; MAPE: 10.829, 10.814; Q10: 4.387, 4.286; Q50: 9.419, 9.265; Q90: 4.226, 4.210;
| 6  Horizon | RMSE: 31.458, 30.873; MAE: 19.439, 19.366; MAPE: 11.340, 11.394; Q10: 4.651, 4.546; Q50: 9.865, 9.810; Q90: 4.453, 4.520;
| 12 Horizon | RMSE: 33.339, 33.086; MAE: 20.646, 20.881; MAPE: 12.311, 12.473; Q10: 5.023, 4.944; Q50: 10.484, 10.582; Q90: 4.819, 5.007;
epoch 22 time used: 48  seconds  train loss: 17.317 val loss: 6.292717 test loss: 6.269901
Epoch 23: 
| 3  Horizon | RMSE: 29.891, 29.092; MAE: 18.549, 18.267; MAPE: 10.845, 10.846; Q10: 4.392, 4.297; Q50: 9.397, 9.239; Q90: 4.208, 4.190;
| 6  Horizon | RMSE: 31.333, 30.595; MAE: 19.399, 19.236; MAPE: 11.622, 11.582; Q10: 4.675, 4.573; Q50: 9.853, 9.755; Q90: 4.387, 4.414;
| 12 Horizon | RMSE: 33.032, 32.660; MAE: 20.475, 20.677; MAPE: 12.110, 12.325; Q10: 5.039, 4.972; Q50: 10.387, 10.469; Q90: 4.678, 4.819;
epoch 23 time used: 47  seconds  train loss: 17.31 val loss: 6.269901 test loss: 6.235618
Epoch 24: 
| 3  Horizon | RMSE: 30.689, 29.738; MAE: 18.951, 18.613; MAPE: 11.368, 11.384; Q10: 4.471, 4.347; Q50: 9.594, 9.408; Q90: 4.215, 4.177;
| 6  Horizon | RMSE: 32.154, 31.381; MAE: 19.851, 19.677; MAPE: 12.083, 12.218; Q10: 4.791, 4.676; Q50: 10.047, 9.943; Q90: 4.436, 4.452;
| 12 Horizon | RMSE: 33.915, 33.518; MAE: 21.011, 21.160; MAPE: 12.742, 13.077; Q10: 5.103, 5.041; Q50: 10.639, 10.695; Q90: 4.762, 4.894;
epoch 24 time used: 47  seconds  train loss: 17.253 val loss: 6.391159 test loss: 6.337144
Epoch 25: 
| 3  Horizon | RMSE: 30.037, 29.248; MAE: 18.547, 18.286; MAPE: 10.890, 10.909; Q10: 4.397, 4.298; Q50: 9.410, 9.263; Q90: 4.207, 4.179;
| 6  Horizon | RMSE: 31.442, 30.799; MAE: 19.371, 19.293; MAPE: 11.393, 11.532; Q10: 4.665, 4.562; Q50: 9.820, 9.765; Q90: 4.399, 4.452;
| 12 Horizon | RMSE: 33.314, 33.006; MAE: 20.525, 20.826; MAPE: 12.274, 12.693; Q10: 5.016, 4.969; Q50: 10.407, 10.540; Q90: 4.698, 4.861;
epoch 25 time used: 48  seconds  train loss: 17.239 val loss: 6.27309 test loss: 6.248772
Epoch 26: 
| 3  Horizon | RMSE: 29.851, 29.199; MAE: 18.491, 18.274; MAPE: 10.916, 10.918; Q10: 4.391, 4.286; Q50: 9.388, 9.264; Q90: 4.212, 4.215;
| 6  Horizon | RMSE: 31.296, 30.830; MAE: 19.320, 19.286; MAPE: 11.293, 11.378; Q10: 4.648, 4.548; Q50: 9.807, 9.774; Q90: 4.415, 4.509;
| 12 Horizon | RMSE: 33.139, 33.186; MAE: 20.640, 21.000; MAPE: 11.989, 12.292; Q10: 4.986, 4.931; Q50: 10.472, 10.635; Q90: 4.828, 5.092;
epoch 26 time used: 47  seconds  train loss: 17.201 val loss: 6.284041 test loss: 6.289272
Epoch 27: 
| 3  Horizon | RMSE: 29.897, 29.181; MAE: 18.688, 18.467; MAPE: 11.457, 11.503; Q10: 4.404, 4.316; Q50: 9.443, 9.318; Q90: 4.196, 4.174;
| 6  Horizon | RMSE: 31.626, 30.959; MAE: 19.727, 19.623; MAPE: 12.375, 12.510; Q10: 4.723, 4.641; Q50: 9.966, 9.900; Q90: 4.410, 4.439;
| 12 Horizon | RMSE: 33.160, 33.018; MAE: 20.877, 21.227; MAPE: 13.354, 13.800; Q10: 5.090, 5.051; Q50: 10.545, 10.706; Q90: 4.705, 4.904;
epoch 27 time used: 47  seconds  train loss: 17.184 val loss: 6.311305 test loss: 6.306077
Epoch 28: 
| 3  Horizon | RMSE: 29.992, 29.284; MAE: 18.517, 18.291; MAPE: 10.908, 10.954; Q10: 4.388, 4.296; Q50: 9.382, 9.254; Q90: 4.195, 4.181;
| 6  Horizon | RMSE: 31.427, 30.923; MAE: 19.325, 19.284; MAPE: 11.354, 11.498; Q10: 4.653, 4.566; Q50: 9.794, 9.758; Q90: 4.392, 4.445;
| 12 Horizon | RMSE: 33.329, 33.097; MAE: 20.508, 20.760; MAPE: 12.259, 12.649; Q10: 5.023, 4.990; Q50: 10.391, 10.501; Q90: 4.673, 4.835;
epoch 28 time used: 48  seconds  train loss: 17.147 val loss: 6.248515 test loss: 6.237819
Epoch 29: 
| 3  Horizon | RMSE: 30.058, 29.430; MAE: 18.626, 18.449; MAPE: 10.856, 10.906; Q10: 4.395, 4.302; Q50: 9.446, 9.341; Q90: 4.214, 4.215;
| 6  Horizon | RMSE: 31.493, 30.992; MAE: 19.328, 19.303; MAPE: 11.422, 11.531; Q10: 4.669, 4.580; Q50: 9.806, 9.776; Q90: 4.373, 4.429;
| 12 Horizon | RMSE: 33.847, 33.794; MAE: 20.831, 21.125; MAPE: 12.476, 12.822; Q10: 5.090, 5.105; Q50: 10.567, 10.697; Q90: 4.717, 4.872;
epoch 29 time used: 47  seconds  train loss: 17.117 val loss: 6.282239 test loss: 6.277899
Epoch 30: 
| 3  Horizon | RMSE: 30.011, 29.379; MAE: 18.541, 18.337; MAPE: 10.866, 10.903; Q10: 4.414, 4.319; Q50: 9.409, 9.292; Q90: 4.198, 4.175;
| 6  Horizon | RMSE: 32.027, 31.413; MAE: 19.679, 19.546; MAPE: 11.564, 11.631; Q10: 4.745, 4.655; Q50: 9.988, 9.904; Q90: 4.429, 4.449;
| 12 Horizon | RMSE: 33.632, 33.491; MAE: 20.727, 21.012; MAPE: 12.322, 12.600; Q10: 5.126, 5.117; Q50: 10.517, 10.641; Q90: 4.702, 4.846;
epoch 30 time used: 47  seconds  train loss: 17.089 val loss: 6.335176 test loss: 6.309694
Epoch 31: 
| 3  Horizon | RMSE: 30.009, 29.312; MAE: 18.470, 18.247; MAPE: 10.848, 10.922; Q10: 4.384, 4.294; Q50: 9.358, 9.232; Q90: 4.202, 4.163;
| 6  Horizon | RMSE: 31.353, 30.890; MAE: 19.240, 19.228; MAPE: 11.259, 11.440; Q10: 4.649, 4.578; Q50: 9.749, 9.728; Q90: 4.376, 4.405;
| 12 Horizon | RMSE: 33.032, 32.898; MAE: 20.325, 20.647; MAPE: 11.983, 12.320; Q10: 4.991, 4.976; Q50: 10.309, 10.451; Q90: 4.666, 4.809;
epoch 31 time used: 48  seconds  train loss: 17.087 val loss: 6.23327 test loss: 6.22462
Epoch 32: 
| 3  Horizon | RMSE: 29.861, 29.180; MAE: 18.470, 18.224; MAPE: 10.903, 10.924; Q10: 4.382, 4.276; Q50: 9.352, 9.214; Q90: 4.178, 4.161;
| 6  Horizon | RMSE: 31.138, 30.684; MAE: 19.235, 19.178; MAPE: 11.212, 11.309; Q10: 4.630, 4.533; Q50: 9.747, 9.703; Q90: 4.360, 4.422;
| 12 Horizon | RMSE: 32.925, 32.740; MAE: 20.426, 20.640; MAPE: 12.115, 12.419; Q10: 5.065, 5.009; Q50: 10.352, 10.443; Q90: 4.663, 4.813;
epoch 32 time used: 47  seconds  train loss: 17.055 val loss: 6.237006 test loss: 6.215444
Epoch 33: 
| 3  Horizon | RMSE: 30.032, 29.378; MAE: 18.790, 18.582; MAPE: 11.641, 11.739; Q10: 4.422, 4.329; Q50: 9.500, 9.380; Q90: 4.199, 4.176;
| 6  Horizon | RMSE: 31.418, 30.909; MAE: 19.384, 19.338; MAPE: 11.488, 11.663; Q10: 4.667, 4.580; Q50: 9.815, 9.775; Q90: 4.384, 4.419;
| 12 Horizon | RMSE: 33.236, 33.361; MAE: 20.729, 21.143; MAPE: 12.174, 12.605; Q10: 5.055, 5.032; Q50: 10.502, 10.692; Q90: 4.749, 4.982;
epoch 33 time used: 47  seconds  train loss: 17.024 val loss: 6.280708 test loss: 6.275082
Epoch 34: 
| 3  Horizon | RMSE: 29.901, 29.198; MAE: 18.411, 18.189; MAPE: 10.835, 10.884; Q10: 4.363, 4.267; Q50: 9.334, 9.206; Q90: 4.165, 4.154;
| 6  Horizon | RMSE: 31.561, 30.904; MAE: 19.258, 19.142; MAPE: 11.327, 11.424; Q10: 4.654, 4.551; Q50: 9.768, 9.692; Q90: 4.362, 4.400;
| 12 Horizon | RMSE: 33.320, 33.032; MAE: 20.460, 20.634; MAPE: 12.116, 12.308; Q10: 4.973, 4.921; Q50: 10.388, 10.454; Q90: 4.725, 4.878;
epoch 34 time used: 48  seconds  train loss: 17.004 val loss: 6.238212 test loss: 6.207664
Epoch 35: 
| 3  Horizon | RMSE: 29.786, 29.147; MAE: 18.439, 18.232; MAPE: 10.991, 11.052; Q10: 4.384, 4.291; Q50: 9.340, 9.222; Q90: 4.156, 4.151;
| 6  Horizon | RMSE: 31.152, 30.730; MAE: 19.230, 19.236; MAPE: 11.393, 11.574; Q10: 4.652, 4.574; Q50: 9.745, 9.733; Q90: 4.346, 4.418;
| 12 Horizon | RMSE: 33.219, 33.479; MAE: 20.979, 21.446; MAPE: 12.331, 12.745; Q10: 5.078, 5.071; Q50: 10.635, 10.852; Q90: 4.760, 5.034;
epoch 35 time used: 47  seconds  train loss: 16.982 val loss: 6.264776 test loss: 6.285263
Epoch 36: 
| 3  Horizon | RMSE: 29.871, 29.165; MAE: 18.408, 18.185; MAPE: 10.787, 10.820; Q10: 4.372, 4.276; Q50: 9.339, 9.211; Q90: 4.195, 4.159;
| 6  Horizon | RMSE: 31.290, 30.804; MAE: 19.254, 19.220; MAPE: 11.368, 11.452; Q10: 4.647, 4.564; Q50: 9.774, 9.740; Q90: 4.427, 4.464;
| 12 Horizon | RMSE: 33.154, 33.028; MAE: 20.598, 20.824; MAPE: 12.496, 12.613; Q10: 5.055, 5.013; Q50: 10.464, 10.558; Q90: 4.739, 4.905;
epoch 36 time used: 48  seconds  train loss: 16.968 val loss: 6.269764 test loss: 6.248959
Epoch 37: 
| 3  Horizon | RMSE: 29.890, 29.138; MAE: 18.463, 18.213; MAPE: 10.931, 10.988; Q10: 4.393, 4.290; Q50: 9.358, 9.216; Q90: 4.168, 4.148;
| 6  Horizon | RMSE: 31.220, 30.692; MAE: 19.254, 19.200; MAPE: 11.372, 11.518; Q10: 4.642, 4.553; Q50: 9.759, 9.716; Q90: 4.367, 4.422;
| 12 Horizon | RMSE: 33.046, 32.818; MAE: 20.439, 20.657; MAPE: 12.149, 12.466; Q10: 5.010, 4.945; Q50: 10.360, 10.452; Q90: 4.653, 4.811;
epoch 37 time used: 48  seconds  train loss: 16.951 val loss: 6.23157 test loss: 6.210042
Epoch 38: 
| 3  Horizon | RMSE: 29.980, 29.276; MAE: 18.426, 18.176; MAPE: 10.853, 10.835; Q10: 4.404, 4.286; Q50: 9.352, 9.210; Q90: 4.174, 4.169;
| 6  Horizon | RMSE: 31.340, 30.814; MAE: 19.233, 19.151; MAPE: 11.356, 11.381; Q10: 4.681, 4.570; Q50: 9.763, 9.704; Q90: 4.357, 4.413;
| 12 Horizon | RMSE: 33.039, 32.924; MAE: 20.382, 20.645; MAPE: 12.086, 12.306; Q10: 5.039, 4.986; Q50: 10.345, 10.457; Q90: 4.656, 4.840;
epoch 38 time used: 47  seconds  train loss: 16.931 val loss: 6.240726 test loss: 6.223354
Epoch 39: 
| 3  Horizon | RMSE: 29.905, 29.218; MAE: 18.503, 18.250; MAPE: 11.217, 11.165; Q10: 4.394, 4.293; Q50: 9.402, 9.259; Q90: 4.188, 4.161;
| 6  Horizon | RMSE: 31.438, 31.039; MAE: 19.505, 19.470; MAPE: 11.754, 11.729; Q10: 4.653, 4.563; Q50: 9.915, 9.879; Q90: 4.442, 4.522;
| 12 Horizon | RMSE: 33.129, 33.057; MAE: 20.525, 20.759; MAPE: 12.385, 12.465; Q10: 5.016, 4.972; Q50: 10.431, 10.525; Q90: 4.702, 4.882;
epoch 39 time used: 47  seconds  train loss: 16.905 val loss: 6.274268 test loss: 6.260305
Epoch 40: 
| 3  Horizon | RMSE: 30.043, 29.600; MAE: 18.631, 18.508; MAPE: 10.814, 10.869; Q10: 4.393, 4.315; Q50: 9.460, 9.382; Q90: 4.234, 4.246;
| 6  Horizon | RMSE: 31.318, 31.092; MAE: 19.211, 19.295; MAPE: 11.103, 11.267; Q10: 4.643, 4.579; Q50: 9.746, 9.773; Q90: 4.357, 4.440;
| 12 Horizon | RMSE: 32.942, 33.036; MAE: 20.300, 20.658; MAPE: 11.916, 12.247; Q10: 4.963, 4.946; Q50: 10.292, 10.456; Q90: 4.641, 4.835;
epoch 40 time used: 47  seconds  train loss: 16.908 val loss: 6.235974 test loss: 6.255075
Epoch 41: 
| 3  Horizon | RMSE: 30.057, 29.576; MAE: 18.598, 18.438; MAPE: 10.718, 10.783; Q10: 4.399, 4.307; Q50: 9.426, 9.331; Q90: 4.242, 4.242;
| 6  Horizon | RMSE: 31.522, 31.310; MAE: 19.365, 19.383; MAPE: 11.272, 11.366; Q10: 4.678, 4.608; Q50: 9.828, 9.822; Q90: 4.435, 4.507;
| 12 Horizon | RMSE: 33.738, 33.864; MAE: 20.932, 21.235; MAPE: 12.192, 12.387; Q10: 5.086, 5.061; Q50: 10.627, 10.760; Q90: 4.874, 5.057;
epoch 41 time used: 47  seconds  train loss: 16.879 val loss: 6.315346 test loss: 6.322267
Epoch 42: 
| 3  Horizon | RMSE: 29.928, 29.286; MAE: 18.427, 18.239; MAPE: 10.976, 11.060; Q10: 4.396, 4.294; Q50: 9.337, 9.227; Q90: 4.153, 4.150;
| 6  Horizon | RMSE: 31.269, 30.936; MAE: 19.190, 19.240; MAPE: 11.280, 11.459; Q10: 4.638, 4.552; Q50: 9.727, 9.738; Q90: 4.365, 4.453;
| 12 Horizon | RMSE: 32.983, 32.969; MAE: 20.375, 20.669; MAPE: 12.068, 12.323; Q10: 4.996, 4.943; Q50: 10.338, 10.466; Q90: 4.692, 4.906;
epoch 42 time used: 45  seconds  train loss: 16.91 val loss: 6.22057 test loss: 6.223058
Epoch 43: 
| 3  Horizon | RMSE: 29.926, 29.476; MAE: 18.385, 18.224; MAPE: 10.744, 10.788; Q10: 4.383, 4.285; Q50: 9.331, 9.235; Q90: 4.171, 4.169;
| 6  Horizon | RMSE: 31.430, 31.118; MAE: 19.127, 19.104; MAPE: 11.228, 11.318; Q10: 4.652, 4.584; Q50: 9.708, 9.680; Q90: 4.335, 4.388;
| 12 Horizon | RMSE: 33.334, 33.573; MAE: 20.747, 21.126; MAPE: 11.874, 12.162; Q10: 4.973, 4.962; Q50: 10.529, 10.702; Q90: 4.781, 5.026;
epoch 43 time used: 48  seconds  train loss: 16.87 val loss: 6.237545 test loss: 6.250516
Epoch 44: 
| 3  Horizon | RMSE: 29.849, 29.275; MAE: 18.539, 18.378; MAPE: 11.239, 11.343; Q10: 4.482, 4.394; Q50: 9.379, 9.284; Q90: 4.188, 4.192;
| 6  Horizon | RMSE: 31.375, 30.997; MAE: 19.447, 19.494; MAPE: 11.924, 12.164; Q10: 4.715, 4.661; Q50: 9.836, 9.846; Q90: 4.382, 4.460;
| 12 Horizon | RMSE: 33.301, 33.084; MAE: 20.713, 20.979; MAPE: 12.826, 13.279; Q10: 5.074, 5.034; Q50: 10.476, 10.594; Q90: 4.686, 4.855;
epoch 44 time used: 47  seconds  train loss: 16.844 val loss: 6.28903 test loss: 6.293519
Epoch 45: 
| 3  Horizon | RMSE: 29.888, 29.427; MAE: 18.426, 18.264; MAPE: 10.992, 11.093; Q10: 4.370, 4.281; Q50: 9.332, 9.235; Q90: 4.168, 4.161;
| 6  Horizon | RMSE: 31.235, 31.012; MAE: 19.203, 19.239; MAPE: 11.496, 11.734; Q10: 4.673, 4.619; Q50: 9.721, 9.723; Q90: 4.341, 4.401;
| 12 Horizon | RMSE: 32.944, 33.051; MAE: 20.391, 20.761; MAPE: 12.388, 12.900; Q10: 4.999, 5.023; Q50: 10.322, 10.492; Q90: 4.636, 4.810;
epoch 45 time used: 47  seconds  train loss: 16.822 val loss: 6.220175 test loss: 6.235767
Epoch 46: 
| 3  Horizon | RMSE: 29.758, 29.303; MAE: 18.451, 18.351; MAPE: 10.956, 11.083; Q10: 4.370, 4.292; Q50: 9.347, 9.283; Q90: 4.192, 4.207;
| 6  Horizon | RMSE: 31.113, 30.879; MAE: 19.215, 19.316; MAPE: 11.362, 11.618; Q10: 4.645, 4.609; Q50: 9.736, 9.772; Q90: 4.356, 4.433;
| 12 Horizon | RMSE: 32.887, 33.113; MAE: 20.475, 20.923; MAPE: 11.986, 12.454; Q10: 5.009, 5.037; Q50: 10.384, 10.592; Q90: 4.711, 4.934;
epoch 46 time used: 47  seconds  train loss: 16.823 val loss: 6.236315 test loss: 6.272659
Epoch 47: 
| 3  Horizon | RMSE: 29.881, 29.457; MAE: 18.342, 18.230; MAPE: 10.753, 10.871; Q10: 4.361, 4.275; Q50: 9.294, 9.223; Q90: 4.154, 4.166;
| 6  Horizon | RMSE: 31.330, 31.187; MAE: 19.141, 19.266; MAPE: 11.272, 11.556; Q10: 4.648, 4.611; Q50: 9.693, 9.741; Q90: 4.354, 4.448;
| 12 Horizon | RMSE: 33.041, 33.255; MAE: 20.351, 20.776; MAPE: 11.777, 12.195; Q10: 4.954, 4.960; Q50: 10.321, 10.516; Q90: 4.692, 4.932;
epoch 47 time used: 47  seconds  train loss: 16.79 val loss: 6.198607 test loss: 6.23033
Epoch 48: 
| 3  Horizon | RMSE: 29.920, 29.416; MAE: 18.402, 18.273; MAPE: 10.962, 11.065; Q10: 4.373, 4.293; Q50: 9.315, 9.236; Q90: 4.154, 4.159;
| 6  Horizon | RMSE: 31.410, 31.192; MAE: 19.266, 19.373; MAPE: 11.353, 11.587; Q10: 4.689, 4.643; Q50: 9.756, 9.795; Q90: 4.353, 4.428;
| 12 Horizon | RMSE: 33.137, 33.329; MAE: 20.547, 20.964; MAPE: 11.907, 12.287; Q10: 5.017, 5.011; Q50: 10.417, 10.610; Q90: 4.667, 4.881;
epoch 48 time used: 48  seconds  train loss: 16.792 val loss: 6.244258 test loss: 6.275552
Epoch 49: 
| 3  Horizon | RMSE: 29.888, 29.332; MAE: 18.308, 18.147; MAPE: 10.780, 10.812; Q10: 4.351, 4.255; Q50: 9.295, 9.198; Q90: 4.158, 4.169;
| 6  Horizon | RMSE: 31.362, 31.050; MAE: 19.065, 19.119; MAPE: 11.216, 11.401; Q10: 4.638, 4.577; Q50: 9.665, 9.676; Q90: 4.342, 4.438;
| 12 Horizon | RMSE: 33.093, 33.184; MAE: 20.327, 20.685; MAPE: 11.988, 12.204; Q10: 4.985, 4.967; Q50: 10.322, 10.483; Q90: 4.691, 4.925;
epoch 49 time used: 48  seconds  train loss: 16.762 val loss: 6.207102 test loss: 6.229089
Epoch 50: 
| 3  Horizon | RMSE: 29.919, 29.477; MAE: 18.433, 18.273; MAPE: 10.973, 10.986; Q10: 4.384, 4.296; Q50: 9.364, 9.268; Q90: 4.169, 4.167;
| 6  Horizon | RMSE: 31.441, 31.334; MAE: 19.285, 19.376; MAPE: 11.173, 11.322; Q10: 4.655, 4.600; Q50: 9.790, 9.820; Q90: 4.400, 4.502;
| 12 Horizon | RMSE: 32.986, 33.252; MAE: 20.308, 20.693; MAPE: 11.880, 12.179; Q10: 4.974, 4.985; Q50: 10.308, 10.484; Q90: 4.675, 4.902;
epoch 50 time used: 47  seconds  train loss: 16.793 val loss: 6.229694 test loss: 6.25717
Epoch 51: 
| 3  Horizon | RMSE: 30.269, 29.675; MAE: 18.395, 18.198; MAPE: 10.774, 10.844; Q10: 4.411, 4.300; Q50: 9.328, 9.212; Q90: 4.149, 4.145;
| 6  Horizon | RMSE: 31.695, 31.268; MAE: 19.127, 19.110; MAPE: 11.172, 11.378; Q10: 4.715, 4.636; Q50: 9.695, 9.669; Q90: 4.329, 4.393;
| 12 Horizon | RMSE: 33.713, 33.467; MAE: 20.539, 20.706; MAPE: 12.098, 12.402; Q10: 5.139, 5.118; Q50: 10.417, 10.481; Q90: 4.659, 4.785;
epoch 51 time used: 47  seconds  train loss: 16.735 val loss: 6.253076 test loss: 6.236352
Epoch 52: 
| 3  Horizon | RMSE: 29.941, 29.589; MAE: 18.588, 18.483; MAPE: 11.313, 11.427; Q10: 4.390, 4.308; Q50: 9.405, 9.339; Q90: 4.169, 4.176;
| 6  Horizon | RMSE: 31.462, 31.429; MAE: 19.371, 19.510; MAPE: 11.515, 11.755; Q10: 4.663, 4.617; Q50: 9.809, 9.864; Q90: 4.387, 4.477;
| 12 Horizon | RMSE: 33.387, 33.820; MAE: 20.927, 21.449; MAPE: 12.578, 13.066; Q10: 5.093, 5.128; Q50: 10.596, 10.843; Q90: 4.801, 5.046;
epoch 52 time used: 46  seconds  train loss: 16.768 val loss: 6.291583 test loss: 6.334471
Epoch 53: 
| 3  Horizon | RMSE: 29.854, 29.436; MAE: 18.378, 18.250; MAPE: 10.773, 10.812; Q10: 4.369, 4.281; Q50: 9.328, 9.248; Q90: 4.170, 4.183;
| 6  Horizon | RMSE: 31.407, 31.221; MAE: 19.089, 19.129; MAPE: 11.183, 11.312; Q10: 4.655, 4.609; Q50: 9.687, 9.691; Q90: 4.321, 4.386;
| 12 Horizon | RMSE: 33.400, 33.380; MAE: 20.474, 20.718; MAPE: 12.026, 12.291; Q10: 5.081, 5.089; Q50: 10.387, 10.492; Q90: 4.649, 4.803;
epoch 53 time used: 46  seconds  train loss: 16.732 val loss: 6.225651 test loss: 6.240501
Epoch 54: 
| 3  Horizon | RMSE: 30.047, 29.592; MAE: 18.366, 18.217; MAPE: 10.805, 10.866; Q10: 4.376, 4.289; Q50: 9.322, 9.232; Q90: 4.129, 4.122;
| 6  Horizon | RMSE: 31.474, 31.339; MAE: 19.012, 19.101; MAPE: 11.216, 11.390; Q10: 4.648, 4.618; Q50: 9.650, 9.679; Q90: 4.285, 4.354;
| 12 Horizon | RMSE: 33.192, 33.375; MAE: 20.220, 20.662; MAPE: 12.159, 12.619; Q10: 4.990, 5.051; Q50: 10.251, 10.457; Q90: 4.585, 4.773;
epoch 54 time used: 46  seconds  train loss: 16.71 val loss: 6.177079 test loss: 6.211185
Epoch 55: 
| 3  Horizon | RMSE: 30.004, 29.620; MAE: 18.347, 18.227; MAPE: 10.737, 10.807; Q10: 4.361, 4.275; Q50: 9.312, 9.237; Q90: 4.157, 4.154;
| 6  Horizon | RMSE: 31.323, 31.225; MAE: 19.085, 19.202; MAPE: 11.134, 11.345; Q10: 4.624, 4.587; Q50: 9.678, 9.722; Q90: 4.340, 4.434;
| 12 Horizon | RMSE: 33.060, 33.348; MAE: 20.391, 20.823; MAPE: 11.833, 12.154; Q10: 4.968, 4.991; Q50: 10.348, 10.549; Q90: 4.717, 4.958;
epoch 55 time used: 46  seconds  train loss: 16.711 val loss: 6.204554 test loss: 6.241431
Epoch 56: 
| 3  Horizon | RMSE: 29.846, 29.353; MAE: 18.262, 18.117; MAPE: 10.713, 10.780; Q10: 4.362, 4.268; Q50: 9.258, 9.171; Q90: 4.116, 4.123;
| 6  Horizon | RMSE: 31.212, 30.978; MAE: 18.963, 19.032; MAPE: 11.120, 11.267; Q10: 4.622, 4.569; Q50: 9.621, 9.640; Q90: 4.291, 4.355;
| 12 Horizon | RMSE: 32.922, 33.039; MAE: 20.245, 20.623; MAPE: 11.893, 12.142; Q10: 4.965, 4.975; Q50: 10.274, 10.447; Q90: 4.651, 4.863;
epoch 56 time used: 46  seconds  train loss: 16.706 val loss: 6.176599 test loss: 6.199144
Epoch 57: 
| 3  Horizon | RMSE: 30.038, 29.806; MAE: 18.318, 18.274; MAPE: 10.802, 10.957; Q10: 4.363, 4.276; Q50: 9.279, 9.244; Q90: 4.141, 4.163;
| 6  Horizon | RMSE: 31.512, 31.647; MAE: 19.140, 19.339; MAPE: 11.253, 11.549; Q10: 4.650, 4.642; Q50: 9.696, 9.782; Q90: 4.329, 4.421;
| 12 Horizon | RMSE: 33.213, 33.515; MAE: 20.331, 20.753; MAPE: 12.150, 12.573; Q10: 5.061, 5.124; Q50: 10.303, 10.499; Q90: 4.662, 4.872;
epoch 57 time used: 46  seconds  train loss: 16.697 val loss: 6.208612 test loss: 6.264547
Epoch 58: 
| 3  Horizon | RMSE: 29.905, 29.502; MAE: 18.378, 18.267; MAPE: 10.759, 10.867; Q10: 4.370, 4.289; Q50: 9.322, 9.251; Q90: 4.148, 4.153;
| 6  Horizon | RMSE: 31.387, 31.212; MAE: 19.124, 19.201; MAPE: 11.168, 11.378; Q10: 4.634, 4.593; Q50: 9.700, 9.723; Q90: 4.344, 4.421;
| 12 Horizon | RMSE: 33.277, 33.577; MAE: 20.594, 21.085; MAPE: 12.425, 12.993; Q10: 5.050, 5.117; Q50: 10.432, 10.662; Q90: 4.718, 4.938;
epoch 58 time used: 46  seconds  train loss: 16.684 val loss: 6.238017 test loss: 6.277984
Epoch 59: 
| 3  Horizon | RMSE: 30.043, 29.531; MAE: 18.526, 18.379; MAPE: 11.149, 11.175; Q10: 4.390, 4.302; Q50: 9.413, 9.324; Q90: 4.210, 4.207;
| 6  Horizon | RMSE: 31.477, 31.188; MAE: 19.285, 19.347; MAPE: 11.295, 11.423; Q10: 4.639, 4.576; Q50: 9.791, 9.807; Q90: 4.407, 4.497;
| 12 Horizon | RMSE: 33.192, 33.217; MAE: 20.503, 20.845; MAPE: 11.985, 12.263; Q10: 4.980, 4.973; Q50: 10.402, 10.557; Q90: 4.756, 4.981;
epoch 59 time used: 46  seconds  train loss: 16.696 val loss: 6.257772 test loss: 6.28076
Epoch 60: 
| 3  Horizon | RMSE: 29.875, 29.443; MAE: 18.232, 18.100; MAPE: 10.735, 10.813; Q10: 4.351, 4.276; Q50: 9.241, 9.161; Q90: 4.121, 4.117;
| 6  Horizon | RMSE: 31.231, 31.082; MAE: 18.975, 19.058; MAPE: 11.158, 11.330; Q10: 4.622, 4.592; Q50: 9.618, 9.645; Q90: 4.303, 4.380;
| 12 Horizon | RMSE: 33.076, 33.206; MAE: 20.218, 20.561; MAPE: 11.950, 12.252; Q10: 4.981, 5.009; Q50: 10.256, 10.413; Q90: 4.618, 4.772;
epoch 60 time used: 46  seconds  train loss: 16.661 val loss: 6.173385 test loss: 6.194618
Epoch 61: 
| 3  Horizon | RMSE: 29.946, 29.396; MAE: 18.331, 18.196; MAPE: 10.770, 10.813; Q10: 4.383, 4.296; Q50: 9.300, 9.218; Q90: 4.146, 4.165;
| 6  Horizon | RMSE: 31.479, 31.214; MAE: 19.120, 19.216; MAPE: 11.291, 11.408; Q10: 4.671, 4.619; Q50: 9.707, 9.740; Q90: 4.324, 4.415;
| 12 Horizon | RMSE: 33.077, 33.178; MAE: 20.260, 20.657; MAPE: 12.027, 12.269; Q10: 5.029, 5.037; Q50: 10.287, 10.469; Q90: 4.645, 4.860;
epoch 61 time used: 46  seconds  train loss: 16.65 val loss: 6.212984 test loss: 6.244937
Epoch 62: 
| 3  Horizon | RMSE: 30.018, 29.472; MAE: 18.558, 18.431; MAPE: 10.840, 10.881; Q10: 4.375, 4.288; Q50: 9.424, 9.345; Q90: 4.208, 4.234;
| 6  Horizon | RMSE: 31.317, 30.912; MAE: 19.173, 19.213; MAPE: 11.132, 11.248; Q10: 4.621, 4.548; Q50: 9.733, 9.737; Q90: 4.432, 4.532;
| 12 Horizon | RMSE: 32.922, 32.811; MAE: 20.176, 20.503; MAPE: 11.889, 12.211; Q10: 4.977, 4.961; Q50: 10.230, 10.378; Q90: 4.622, 4.800;
epoch 62 time used: 46  seconds  train loss: 16.665 val loss: 6.223319 test loss: 6.241442
Epoch 63: 
| 3  Horizon | RMSE: 30.062, 29.623; MAE: 18.338, 18.242; MAPE: 10.806, 10.921; Q10: 4.372, 4.288; Q50: 9.296, 9.233; Q90: 4.143, 4.161;
| 6  Horizon | RMSE: 31.530, 31.382; MAE: 19.043, 19.135; MAPE: 11.232, 11.396; Q10: 4.659, 4.612; Q50: 9.662, 9.693; Q90: 4.311, 4.412;
| 12 Horizon | RMSE: 33.630, 33.671; MAE: 20.455, 20.756; MAPE: 12.182, 12.446; Q10: 5.063, 5.076; Q50: 10.381, 10.513; Q90: 4.621, 4.790;
epoch 63 time used: 46  seconds  train loss: 16.655 val loss: 6.218805 test loss: 6.24062
Epoch 64: 
| 3  Horizon | RMSE: 29.919, 29.341; MAE: 18.238, 18.078; MAPE: 10.688, 10.749; Q10: 4.362, 4.273; Q50: 9.255, 9.160; Q90: 4.113, 4.117;
| 6  Horizon | RMSE: 31.307, 30.941; MAE: 19.015, 19.052; MAPE: 11.129, 11.239; Q10: 4.624, 4.561; Q50: 9.653, 9.655; Q90: 4.303, 4.389;
| 12 Horizon | RMSE: 33.091, 33.139; MAE: 20.437, 20.730; MAPE: 12.200, 12.317; Q10: 4.990, 4.969; Q50: 10.385, 10.513; Q90: 4.680, 4.904;
epoch 64 time used: 46  seconds  train loss: 16.627 val loss: 6.202903 test loss: 6.220619
Epoch 65: 
| 3  Horizon | RMSE: 30.019, 29.325; MAE: 18.357, 18.147; MAPE: 10.794, 10.857; Q10: 4.367, 4.271; Q50: 9.305, 9.187; Q90: 4.150, 4.130;
| 6  Horizon | RMSE: 31.365, 30.872; MAE: 19.160, 19.167; MAPE: 11.542, 11.736; Q10: 4.643, 4.574; Q50: 9.699, 9.690; Q90: 4.305, 4.363;
| 12 Horizon | RMSE: 32.857, 32.834; MAE: 20.168, 20.537; MAPE: 11.855, 12.205; Q10: 4.981, 4.972; Q50: 10.225, 10.396; Q90: 4.599, 4.786;
epoch 65 time used: 46  seconds  train loss: 16.619 val loss: 6.192888 test loss: 6.198091
Epoch 66: 
| 3  Horizon | RMSE: 30.334, 29.693; MAE: 18.702, 18.510; MAPE: 11.349, 11.477; Q10: 4.432, 4.347; Q50: 9.470, 9.359; Q90: 4.237, 4.211;
| 6  Horizon | RMSE: 31.341, 31.069; MAE: 19.137, 19.227; MAPE: 11.373, 11.645; Q10: 4.657, 4.631; Q50: 9.703, 9.732; Q90: 4.375, 4.427;
| 12 Horizon | RMSE: 32.922, 33.215; MAE: 20.355, 20.894; MAPE: 12.165, 12.732; Q10: 4.994, 5.049; Q50: 10.316, 10.571; Q90: 4.686, 4.909;
epoch 66 time used: 46  seconds  train loss: 16.619 val loss: 6.249157 test loss: 6.281111
Epoch 67: 
| 3  Horizon | RMSE: 30.060, 29.548; MAE: 18.437, 18.311; MAPE: 11.141, 11.144; Q10: 4.372, 4.284; Q50: 9.368, 9.290; Q90: 4.180, 4.171;
| 6  Horizon | RMSE: 31.398, 31.097; MAE: 19.079, 19.146; MAPE: 11.182, 11.297; Q10: 4.642, 4.586; Q50: 9.685, 9.703; Q90: 4.329, 4.407;
| 12 Horizon | RMSE: 33.282, 33.174; MAE: 20.377, 20.638; MAPE: 12.067, 12.220; Q10: 4.987, 4.968; Q50: 10.349, 10.462; Q90: 4.712, 4.892;
epoch 67 time used: 46  seconds  train loss: 16.623 val loss: 6.21991 test loss: 6.230679
Epoch 68: 
| 3  Horizon | RMSE: 29.978, 29.447; MAE: 18.419, 18.304; MAPE: 10.694, 10.765; Q10: 4.375, 4.303; Q50: 9.350, 9.279; Q90: 4.162, 4.174;
| 6  Horizon | RMSE: 31.297, 30.994; MAE: 19.111, 19.198; MAPE: 10.984, 11.168; Q10: 4.633, 4.578; Q50: 9.693, 9.724; Q90: 4.372, 4.474;
| 12 Horizon | RMSE: 33.061, 33.145; MAE: 20.354, 20.730; MAPE: 11.804, 12.054; Q10: 4.987, 4.981; Q50: 10.332, 10.505; Q90: 4.676, 4.888;
epoch 68 time used: 44  seconds  train loss: 16.612 val loss: 6.23608 test loss: 6.26946
Epoch 69: 
| 3  Horizon | RMSE: 29.997, 29.220; MAE: 18.319, 18.096; MAPE: 10.714, 10.741; Q10: 4.353, 4.268; Q50: 9.297, 9.170; Q90: 4.142, 4.130;
| 6  Horizon | RMSE: 31.340, 30.792; MAE: 19.054, 19.050; MAPE: 11.138, 11.245; Q10: 4.628, 4.557; Q50: 9.673, 9.656; Q90: 4.331, 4.390;
| 12 Horizon | RMSE: 33.007, 32.968; MAE: 20.344, 20.665; MAPE: 11.892, 12.136; Q10: 4.969, 4.959; Q50: 10.329, 10.472; Q90: 4.656, 4.842;
epoch 69 time used: 44  seconds  train loss: 16.618 val loss: 6.203229 test loss: 6.208735
Epoch 70: 
| 3  Horizon | RMSE: 30.008, 29.231; MAE: 18.308, 18.066; MAPE: 10.691, 10.688; Q10: 4.377, 4.273; Q50: 9.291, 9.154; Q90: 4.125, 4.104;
| 6  Horizon | RMSE: 31.705, 31.030; MAE: 19.167, 19.063; MAPE: 11.214, 11.267; Q10: 4.691, 4.598; Q50: 9.729, 9.660; Q90: 4.309, 4.356;
| 12 Horizon | RMSE: 33.308, 33.097; MAE: 20.349, 20.586; MAPE: 12.059, 12.315; Q10: 5.026, 5.004; Q50: 10.320, 10.422; Q90: 4.627, 4.783;
Early stopping at epoch: 70
Model  stnorm  Best Results:
Epoch 60: 
=        =        Horizon  3        =        =        =        =        Horizon  6        =        =        =        =        Horizon  12       =        =       
RMSE     MAE      MAPE     Q10      Q50      Q90      RMSE     MAE      MAPE     Q10      Q50      Q90      RMSE     MAE      MAPE     Q10      Q50      Q90     
29.443   18.100   10.813   4.276    9.161    4.117    31.082   19.058   11.330   4.592    9.645    4.380    33.206   20.561   12.252   5.009    10.413   4.772   
Model Training Ended ... Fri Dec 22 22:00:24 2023
