nohup: ignoring input
pdate shape is:  (16992,)
./save/pems04_stnorm_in12_out12_addtimeFalse_adjTrue_lr0.001_hc32_train0.6_val0.2_test0.2_seedNone_lossquantile_version4_note:no_schedular training started Fri Dec 22 21:04:15 2023
pdate shape is:  (16992,)
data load........
initial data shape is:  (16992, 307, 3)
train_mean shape : (307,)
train  :  (10177, 24, 307, 3)
val  :  (3393, 24, 307, 3)
test  :  (3388, 24, 307, 3)
Model Training Started ... Fri Dec 22 21:04:17 2023
TIMESTEP_IN, TIMESTEP_OUT 12 12
LOSS is : quantile
Epoch 0: 
| 3  Horizon | RMSE: 31.990, 31.078; MAE: 20.327, 19.832; MAPE: 12.091, 11.965; Q10: 4.775, 4.621; Q50: 10.315, 10.050; Q90: 4.740, 4.656;
| 6  Horizon | RMSE: 34.822, 33.949; MAE: 22.454, 22.108; MAPE: 13.751, 13.881; Q10: 5.261, 5.153; Q50: 11.359, 11.169; Q90: 5.256, 5.211;
| 12 Horizon | RMSE: 39.242, 38.443; MAE: 25.751, 25.508; MAPE: 14.896, 15.328; Q10: 5.854, 5.786; Q50: 13.027, 12.884; Q90: 5.916, 5.902;
epoch 0 time used: 48  seconds  train loss: 25.609 val loss: 7.261498 test loss: 7.139519
Epoch 1: 
| 3  Horizon | RMSE: 31.697, 30.865; MAE: 20.290, 19.871; MAPE: 12.065, 11.941; Q10: 4.681, 4.552; Q50: 10.306, 10.079; Q90: 4.630, 4.560;
| 6  Horizon | RMSE: 34.090, 33.357; MAE: 21.968, 21.676; MAPE: 13.076, 13.003; Q10: 5.197, 5.075; Q50: 11.158, 10.995; Q90: 5.117, 5.108;
| 12 Horizon | RMSE: 37.636, 37.141; MAE: 24.392, 24.315; MAPE: 13.934, 14.029; Q10: 5.698, 5.587; Q50: 12.367, 12.307; Q90: 5.663, 5.692;
epoch 1 time used: 46  seconds  train loss: 20.451 val loss: 7.074142 test loss: 6.971247
Epoch 2: 
| 3  Horizon | RMSE: 31.179, 30.338; MAE: 19.748, 19.350; MAPE: 11.857, 11.794; Q10: 4.612, 4.483; Q50: 9.989, 9.775; Q90: 4.471, 4.395;
| 6  Horizon | RMSE: 33.345, 32.577; MAE: 21.019, 20.760; MAPE: 12.356, 12.377; Q10: 4.958, 4.833; Q50: 10.649, 10.502; Q90: 4.794, 4.762;
| 12 Horizon | RMSE: 36.938, 36.419; MAE: 23.616, 23.632; MAPE: 14.072, 14.386; Q10: 5.613, 5.545; Q50: 11.954, 11.942; Q90: 5.380, 5.404;
epoch 2 time used: 47  seconds  train loss: 19.769 val loss: 6.822171 test loss: 6.729228
Epoch 3: 
| 3  Horizon | RMSE: 31.337, 30.430; MAE: 19.850, 19.399; MAPE: 12.576, 12.383; Q10: 4.669, 4.527; Q50: 10.089, 9.846; Q90: 4.714, 4.617;
| 6  Horizon | RMSE: 32.803, 32.038; MAE: 20.686, 20.445; MAPE: 12.814, 12.698; Q10: 4.869, 4.753; Q50: 10.507, 10.370; Q90: 4.817, 4.786;
| 12 Horizon | RMSE: 35.639, 35.199; MAE: 22.543, 22.604; MAPE: 13.771, 13.818; Q10: 5.391, 5.328; Q50: 11.452, 11.461; Q90: 5.492, 5.482;
epoch 3 time used: 47  seconds  train loss: 19.296 val loss: 6.788998 test loss: 6.689716
Epoch 4: 
| 3  Horizon | RMSE: 30.687, 29.978; MAE: 19.245, 18.958; MAPE: 11.294, 11.251; Q10: 4.566, 4.455; Q50: 9.759, 9.600; Q90: 4.492, 4.475;
| 6  Horizon | RMSE: 32.659, 32.244; MAE: 20.489, 20.479; MAPE: 12.304, 12.496; Q10: 4.834, 4.753; Q50: 10.379, 10.358; Q90: 4.696, 4.726;
| 12 Horizon | RMSE: 35.291, 35.481; MAE: 22.289, 22.685; MAPE: 13.298, 13.723; Q10: 5.320, 5.340; Q50: 11.311, 11.489; Q90: 5.140, 5.330;
epoch 4 time used: 48  seconds  train loss: 18.981 val loss: 6.642336 test loss: 6.633399
Epoch 5: 
| 3  Horizon | RMSE: 30.563, 29.825; MAE: 19.214, 18.931; MAPE: 11.239, 11.189; Q10: 4.506, 4.390; Q50: 9.730, 9.573; Q90: 4.416, 4.385;
| 6  Horizon | RMSE: 32.263, 31.569; MAE: 20.049, 19.892; MAPE: 11.804, 11.828; Q10: 4.773, 4.657; Q50: 10.162, 10.066; Q90: 4.599, 4.611;
| 12 Horizon | RMSE: 34.243, 33.900; MAE: 21.479, 21.696; MAPE: 12.953, 13.341; Q10: 5.177, 5.130; Q50: 10.871, 10.961; Q90: 4.962, 5.094;
epoch 5 time used: 48  seconds  train loss: 18.768 val loss: 6.498683 test loss: 6.449729
Epoch 6: 
| 3  Horizon | RMSE: 30.557, 29.842; MAE: 19.151, 18.850; MAPE: 11.346, 11.228; Q10: 4.549, 4.426; Q50: 9.723, 9.555; Q90: 4.329, 4.281;
| 6  Horizon | RMSE: 32.571, 31.961; MAE: 20.228, 20.054; MAPE: 11.886, 11.888; Q10: 4.832, 4.713; Q50: 10.262, 10.157; Q90: 4.605, 4.594;
| 12 Horizon | RMSE: 34.598, 34.397; MAE: 21.742, 21.893; MAPE: 12.930, 13.107; Q10: 5.225, 5.177; Q50: 11.030, 11.086; Q90: 4.997, 5.068;
epoch 6 time used: 49  seconds  train loss: 18.56 val loss: 6.531746 test loss: 6.472976
Epoch 7: 
| 3  Horizon | RMSE: 30.836, 30.058; MAE: 19.728, 19.435; MAPE: 13.215, 13.172; Q10: 4.671, 4.550; Q50: 9.951, 9.792; Q90: 4.446, 4.398;
| 6  Horizon | RMSE: 32.563, 31.916; MAE: 20.436, 20.343; MAPE: 13.008, 13.109; Q10: 4.938, 4.842; Q50: 10.322, 10.261; Q90: 4.638, 4.646;
| 12 Horizon | RMSE: 34.473, 34.310; MAE: 21.679, 22.043; MAPE: 13.484, 14.016; Q10: 5.191, 5.182; Q50: 10.961, 11.126; Q90: 4.980, 5.090;
epoch 7 time used: 48  seconds  train loss: 18.432 val loss: 6.606069 test loss: 6.575067
Epoch 8: 
| 3  Horizon | RMSE: 30.434, 29.612; MAE: 19.082, 18.761; MAPE: 11.129, 11.067; Q10: 4.498, 4.377; Q50: 9.664, 9.488; Q90: 4.334, 4.281;
| 6  Horizon | RMSE: 32.183, 31.397; MAE: 20.037, 19.838; MAPE: 11.752, 11.750; Q10: 4.799, 4.666; Q50: 10.152, 10.035; Q90: 4.557, 4.550;
| 12 Horizon | RMSE: 34.283, 33.836; MAE: 21.682, 21.790; MAPE: 13.125, 13.377; Q10: 5.239, 5.162; Q50: 10.973, 11.008; Q90: 4.913, 5.002;
epoch 8 time used: 48  seconds  train loss: 18.299 val loss: 6.494118 test loss: 6.424588
Epoch 9: 
| 3  Horizon | RMSE: 30.341, 29.615; MAE: 18.967, 18.720; MAPE: 11.088, 11.024; Q10: 4.503, 4.398; Q50: 9.618, 9.478; Q90: 4.301, 4.264;
| 6  Horizon | RMSE: 31.992, 31.365; MAE: 19.858, 19.782; MAPE: 11.671, 11.648; Q10: 4.771, 4.675; Q50: 10.076, 10.022; Q90: 4.522, 4.536;
| 12 Horizon | RMSE: 34.047, 33.744; MAE: 21.225, 21.415; MAPE: 12.614, 12.738; Q10: 5.115, 5.065; Q50: 10.769, 10.845; Q90: 4.874, 4.973;
epoch 9 time used: 49  seconds  train loss: 18.187 val loss: 6.428146 test loss: 6.388786
Epoch 10: 
| 3  Horizon | RMSE: 30.447, 29.681; MAE: 19.168, 18.865; MAPE: 11.431, 11.297; Q10: 4.494, 4.379; Q50: 9.738, 9.571; Q90: 4.337, 4.297;
| 6  Horizon | RMSE: 32.022, 31.372; MAE: 19.936, 19.855; MAPE: 11.589, 11.663; Q10: 4.742, 4.630; Q50: 10.106, 10.049; Q90: 4.536, 4.565;
| 12 Horizon | RMSE: 34.187, 33.884; MAE: 21.729, 21.979; MAPE: 13.574, 13.954; Q10: 5.107, 5.041; Q50: 10.983, 11.092; Q90: 4.997, 5.153;
epoch 10 time used: 47  seconds  train loss: 18.04 val loss: 6.460361 test loss: 6.420364
Epoch 11: 
| 3  Horizon | RMSE: 30.722, 29.853; MAE: 19.132, 18.789; MAPE: 11.328, 11.252; Q10: 4.483, 4.369; Q50: 9.705, 9.517; Q90: 4.326, 4.272;
| 6  Horizon | RMSE: 32.251, 31.499; MAE: 19.986, 19.786; MAPE: 11.840, 11.801; Q10: 4.765, 4.659; Q50: 10.146, 10.029; Q90: 4.513, 4.506;
| 12 Horizon | RMSE: 34.139, 33.731; MAE: 21.389, 21.463; MAPE: 12.783, 12.853; Q10: 5.164, 5.124; Q50: 10.863, 10.881; Q90: 4.863, 4.932;
epoch 11 time used: 46  seconds  train loss: 17.991 val loss: 6.452304 test loss: 6.391473
Epoch 12: 
| 3  Horizon | RMSE: 30.116, 29.448; MAE: 18.777, 18.532; MAPE: 10.960, 10.935; Q10: 4.450, 4.350; Q50: 9.513, 9.376; Q90: 4.258, 4.217;
| 6  Horizon | RMSE: 31.760, 31.302; MAE: 19.668, 19.620; MAPE: 11.626, 11.700; Q10: 4.701, 4.609; Q50: 9.960, 9.921; Q90: 4.464, 4.486;
| 12 Horizon | RMSE: 33.399, 33.382; MAE: 20.772, 21.073; MAPE: 12.323, 12.631; Q10: 5.071, 5.027; Q50: 10.528, 10.662; Q90: 4.748, 4.886;
epoch 12 time used: 47  seconds  train loss: 17.875 val loss: 6.345367 test loss: 6.321643
Epoch 13: 
| 3  Horizon | RMSE: 30.733, 29.913; MAE: 19.405, 19.129; MAPE: 12.381, 12.401; Q10: 4.558, 4.448; Q50: 9.802, 9.649; Q90: 4.399, 4.349;
| 6  Horizon | RMSE: 32.465, 31.789; MAE: 20.235, 20.166; MAPE: 12.702, 12.849; Q10: 4.797, 4.718; Q50: 10.228, 10.177; Q90: 4.584, 4.583;
| 12 Horizon | RMSE: 33.573, 33.456; MAE: 20.885, 21.203; MAPE: 12.453, 12.789; Q10: 5.059, 5.055; Q50: 10.586, 10.726; Q90: 4.791, 4.923;
epoch 13 time used: 47  seconds  train loss: 17.804 val loss: 6.447826 test loss: 6.423377
Epoch 14: 
| 3  Horizon | RMSE: 30.210, 29.568; MAE: 18.989, 18.809; MAPE: 11.598, 11.673; Q10: 4.490, 4.398; Q50: 9.600, 9.495; Q90: 4.275, 4.255;
| 6  Horizon | RMSE: 31.968, 31.622; MAE: 20.055, 20.147; MAPE: 12.161, 12.378; Q10: 4.777, 4.709; Q50: 10.141, 10.173; Q90: 4.507, 4.565;
| 12 Horizon | RMSE: 33.997, 34.049; MAE: 21.339, 21.764; MAPE: 12.543, 13.014; Q10: 5.119, 5.110; Q50: 10.815, 11.010; Q90: 4.867, 5.063;
epoch 14 time used: 47  seconds  train loss: 17.798 val loss: 6.46163 test loss: 6.482384
Epoch 15: 
| 3  Horizon | RMSE: 30.205, 29.582; MAE: 18.901, 18.690; MAPE: 11.146, 11.112; Q10: 4.468, 4.370; Q50: 9.594, 9.472; Q90: 4.280, 4.267;
| 6  Horizon | RMSE: 31.802, 31.462; MAE: 19.717, 19.789; MAPE: 11.528, 11.680; Q10: 4.715, 4.651; Q50: 10.002, 10.022; Q90: 4.487, 4.538;
| 12 Horizon | RMSE: 33.618, 33.684; MAE: 20.946, 21.293; MAPE: 12.199, 12.443; Q10: 5.044, 5.020; Q50: 10.634, 10.788; Q90: 4.815, 5.008;
epoch 15 time used: 49  seconds  train loss: 17.669 val loss: 6.382427 test loss: 6.381229
Epoch 16: 
| 3  Horizon | RMSE: 31.309, 30.778; MAE: 19.911, 19.747; MAPE: 11.266, 11.310; Q10: 4.688, 4.608; Q50: 10.081, 9.982; Q90: 4.437, 4.439;
| 6  Horizon | RMSE: 32.855, 32.561; MAE: 20.755, 20.868; MAPE: 11.792, 11.984; Q10: 4.886, 4.816; Q50: 10.507, 10.548; Q90: 4.664, 4.755;
| 12 Horizon | RMSE: 36.586, 36.763; MAE: 23.594, 23.992; MAPE: 12.701, 13.010; Q10: 5.480, 5.423; Q50: 11.968, 12.147; Q90: 5.497, 5.826;
epoch 16 time used: 47  seconds  train loss: 17.601 val loss: 6.794297 test loss: 6.825493
Epoch 17: 
| 3  Horizon | RMSE: 30.091, 29.482; MAE: 18.672, 18.481; MAPE: 10.947, 10.958; Q10: 4.435, 4.340; Q50: 9.469, 9.357; Q90: 4.235, 4.197;
| 6  Horizon | RMSE: 31.975, 31.492; MAE: 19.734, 19.663; MAPE: 11.734, 11.772; Q10: 4.721, 4.642; Q50: 10.021, 9.968; Q90: 4.477, 4.465;
| 12 Horizon | RMSE: 33.645, 33.515; MAE: 20.934, 21.125; MAPE: 12.646, 12.755; Q10: 5.060, 5.039; Q50: 10.635, 10.709; Q90: 4.775, 4.866;
epoch 17 time used: 47  seconds  train loss: 17.564 val loss: 6.355374 test loss: 6.322164
Epoch 18: 
| 3  Horizon | RMSE: 30.173, 29.569; MAE: 18.842, 18.665; MAPE: 10.909, 10.887; Q10: 4.439, 4.339; Q50: 9.563, 9.459; Q90: 4.251, 4.240;
| 6  Horizon | RMSE: 31.647, 31.176; MAE: 19.598, 19.591; MAPE: 11.529, 11.564; Q10: 4.729, 4.647; Q50: 9.952, 9.933; Q90: 4.436, 4.487;
| 12 Horizon | RMSE: 33.368, 33.091; MAE: 20.682, 20.881; MAPE: 12.279, 12.413; Q10: 5.020, 4.975; Q50: 10.501, 10.583; Q90: 4.741, 4.894;
epoch 18 time used: 47  seconds  train loss: 17.527 val loss: 6.338159 test loss: 6.32724
Epoch 19: 
| 3  Horizon | RMSE: 30.061, 29.462; MAE: 18.735, 18.545; MAPE: 11.220, 11.161; Q10: 4.444, 4.342; Q50: 9.516, 9.405; Q90: 4.228, 4.206;
| 6  Horizon | RMSE: 31.664, 31.327; MAE: 19.554, 19.608; MAPE: 11.580, 11.645; Q10: 4.704, 4.635; Q50: 9.929, 9.941; Q90: 4.425, 4.495;
| 12 Horizon | RMSE: 33.418, 33.368; MAE: 20.659, 20.993; MAPE: 12.209, 12.494; Q10: 5.051, 5.045; Q50: 10.482, 10.633; Q90: 4.736, 4.912;
epoch 19 time used: 47  seconds  train loss: 17.464 val loss: 6.328545 test loss: 6.330852
Epoch 20: 
| 3  Horizon | RMSE: 30.114, 29.540; MAE: 18.680, 18.529; MAPE: 11.183, 11.272; Q10: 4.445, 4.348; Q50: 9.463, 9.372; Q90: 4.282, 4.256;
| 6  Horizon | RMSE: 31.624, 31.415; MAE: 19.499, 19.624; MAPE: 11.735, 11.987; Q10: 4.721, 4.697; Q50: 9.875, 9.922; Q90: 4.408, 4.478;
| 12 Horizon | RMSE: 33.487, 33.750; MAE: 20.797, 21.354; MAPE: 12.754, 13.332; Q10: 5.157, 5.256; Q50: 10.526, 10.791; Q90: 4.755, 4.954;
epoch 20 time used: 47  seconds  train loss: 17.413 val loss: 6.322754 test loss: 6.360609
Epoch 21: 
| 3  Horizon | RMSE: 30.000, 29.458; MAE: 18.878, 18.729; MAPE: 11.672, 11.746; Q10: 4.456, 4.370; Q50: 9.539, 9.452; Q90: 4.240, 4.239;
| 6  Horizon | RMSE: 31.450, 31.141; MAE: 19.410, 19.466; MAPE: 11.481, 11.649; Q10: 4.663, 4.606; Q50: 9.830, 9.843; Q90: 4.401, 4.432;
| 12 Horizon | RMSE: 33.143, 33.229; MAE: 20.552, 20.885; MAPE: 12.150, 12.371; Q10: 4.981, 4.981; Q50: 10.435, 10.583; Q90: 4.694, 4.868;
epoch 21 time used: 47  seconds  train loss: 17.374 val loss: 6.289017 test loss: 6.299336
Epoch 22: 
| 3  Horizon | RMSE: 30.110, 29.435; MAE: 18.930, 18.687; MAPE: 11.838, 11.863; Q10: 4.492, 4.390; Q50: 9.569, 9.433; Q90: 4.249, 4.221;
| 6  Horizon | RMSE: 31.618, 31.157; MAE: 19.701, 19.661; MAPE: 12.247, 12.377; Q10: 4.728, 4.650; Q50: 9.962, 9.927; Q90: 4.444, 4.474;
| 12 Horizon | RMSE: 33.533, 33.434; MAE: 21.236, 21.552; MAPE: 13.769, 14.161; Q10: 5.129, 5.108; Q50: 10.723, 10.867; Q90: 4.807, 4.953;
epoch 22 time used: 47  seconds  train loss: 17.349 val loss: 6.396052 test loss: 6.378654
Epoch 23: 
| 3  Horizon | RMSE: 30.059, 29.571; MAE: 18.871, 18.752; MAPE: 11.695, 11.808; Q10: 4.497, 4.407; Q50: 9.544, 9.470; Q90: 4.251, 4.252;
| 6  Horizon | RMSE: 31.581, 31.432; MAE: 19.565, 19.686; MAPE: 11.871, 12.145; Q10: 4.731, 4.699; Q50: 9.907, 9.952; Q90: 4.439, 4.521;
| 12 Horizon | RMSE: 33.527, 33.670; MAE: 21.150, 21.564; MAPE: 14.016, 14.563; Q10: 5.148, 5.196; Q50: 10.680, 10.874; Q90: 4.795, 4.962;
epoch 23 time used: 47  seconds  train loss: 17.303 val loss: 6.376201 test loss: 6.402468
Epoch 24: 
| 3  Horizon | RMSE: 30.006, 29.397; MAE: 18.720, 18.514; MAPE: 11.376, 11.408; Q10: 4.451, 4.362; Q50: 9.475, 9.357; Q90: 4.222, 4.191;
| 6  Horizon | RMSE: 31.424, 31.103; MAE: 19.378, 19.420; MAPE: 11.517, 11.679; Q10: 4.680, 4.636; Q50: 9.818, 9.824; Q90: 4.388, 4.423;
| 12 Horizon | RMSE: 33.182, 33.197; MAE: 20.551, 20.935; MAPE: 12.456, 12.890; Q10: 4.998, 5.022; Q50: 10.402, 10.580; Q90: 4.693, 4.858;
epoch 24 time used: 48  seconds  train loss: 17.293 val loss: 6.276876 test loss: 6.278201
Epoch 25: 
| 3  Horizon | RMSE: 30.000, 29.538; MAE: 18.730, 18.622; MAPE: 11.294, 11.360; Q10: 4.428, 4.343; Q50: 9.475, 9.408; Q90: 4.220, 4.238;
| 6  Horizon | RMSE: 31.418, 31.269; MAE: 19.448, 19.588; MAPE: 11.703, 11.908; Q10: 4.676, 4.643; Q50: 9.842, 9.899; Q90: 4.405, 4.500;
| 12 Horizon | RMSE: 33.197, 33.323; MAE: 20.585, 20.975; MAPE: 12.006, 12.313; Q10: 5.007, 5.018; Q50: 10.445, 10.623; Q90: 4.734, 4.947;
epoch 25 time used: 47  seconds  train loss: 17.22 val loss: 6.281328 test loss: 6.320882
Epoch 26: 
| 3  Horizon | RMSE: 30.254, 29.828; MAE: 18.904, 18.786; MAPE: 10.877, 10.918; Q10: 4.456, 4.363; Q50: 9.594, 9.519; Q90: 4.263, 4.281;
| 6  Horizon | RMSE: 31.642, 31.479; MAE: 19.561, 19.661; MAPE: 11.328, 11.464; Q10: 4.684, 4.620; Q50: 9.929, 9.963; Q90: 4.469, 4.567;
| 12 Horizon | RMSE: 34.030, 34.154; MAE: 21.291, 21.631; MAPE: 12.265, 12.490; Q10: 5.081, 5.047; Q50: 10.811, 10.960; Q90: 4.889, 5.125;
epoch 26 time used: 47  seconds  train loss: 17.225 val loss: 6.377199 test loss: 6.403646
Epoch 27: 
| 3  Horizon | RMSE: 29.963, 29.548; MAE: 18.639, 18.530; MAPE: 11.104, 11.196; Q10: 4.432, 4.353; Q50: 9.443, 9.375; Q90: 4.184, 4.184;
| 6  Horizon | RMSE: 31.479, 31.276; MAE: 19.331, 19.394; MAPE: 11.446, 11.622; Q10: 4.680, 4.648; Q50: 9.803, 9.819; Q90: 4.381, 4.415;
| 12 Horizon | RMSE: 33.132, 33.118; MAE: 20.395, 20.661; MAPE: 12.150, 12.351; Q10: 5.004, 5.025; Q50: 10.356, 10.470; Q90: 4.666, 4.790;
epoch 27 time used: 46  seconds  train loss: 17.187 val loss: 6.252949 test loss: 6.261742
Epoch 28: 
| 3  Horizon | RMSE: 30.309, 29.848; MAE: 18.726, 18.519; MAPE: 10.987, 10.975; Q10: 4.423, 4.344; Q50: 9.503, 9.384; Q90: 4.218, 4.185;
| 6  Horizon | RMSE: 31.694, 31.724; MAE: 19.534, 19.596; MAPE: 11.826, 11.861; Q10: 4.692, 4.686; Q50: 9.926, 9.941; Q90: 4.403, 4.451;
| 12 Horizon | RMSE: 33.388, 33.795; MAE: 20.633, 21.032; MAPE: 12.393, 12.555; Q10: 5.033, 5.098; Q50: 10.484, 10.666; Q90: 4.688, 4.860;
epoch 28 time used: 47  seconds  train loss: 17.147 val loss: 6.294377 test loss: 6.315071
Epoch 29: 
| 3  Horizon | RMSE: 30.062, 29.521; MAE: 18.528, 18.350; MAPE: 10.813, 10.862; Q10: 4.395, 4.303; Q50: 9.394, 9.289; Q90: 4.198, 4.173;
| 6  Horizon | RMSE: 31.524, 31.354; MAE: 19.284, 19.356; MAPE: 11.337, 11.491; Q10: 4.659, 4.628; Q50: 9.787, 9.807; Q90: 4.384, 4.425;
| 12 Horizon | RMSE: 33.465, 33.601; MAE: 20.713, 21.024; MAPE: 12.231, 12.444; Q10: 5.017, 5.038; Q50: 10.522, 10.657; Q90: 4.782, 4.950;
epoch 29 time used: 47  seconds  train loss: 17.129 val loss: 6.271619 test loss: 6.285335
Epoch 30: 
| 3  Horizon | RMSE: 30.065, 29.535; MAE: 18.743, 18.600; MAPE: 11.141, 11.210; Q10: 4.452, 4.375; Q50: 9.489, 9.404; Q90: 4.242, 4.240;
| 6  Horizon | RMSE: 31.614, 31.382; MAE: 19.497, 19.601; MAPE: 11.571, 11.784; Q10: 4.735, 4.716; Q50: 9.876, 9.913; Q90: 4.403, 4.447;
| 12 Horizon | RMSE: 33.587, 33.718; MAE: 20.938, 21.393; MAPE: 12.872, 13.330; Q10: 5.160, 5.233; Q50: 10.594, 10.808; Q90: 4.703, 4.869;
epoch 30 time used: 47  seconds  train loss: 17.094 val loss: 6.333886 test loss: 6.364983
Epoch 31: 
| 3  Horizon | RMSE: 30.100, 29.750; MAE: 18.618, 18.531; MAPE: 10.839, 10.925; Q10: 4.431, 4.345; Q50: 9.444, 9.385; Q90: 4.223, 4.236;
| 6  Horizon | RMSE: 31.769, 31.818; MAE: 19.468, 19.615; MAPE: 11.337, 11.527; Q10: 4.718, 4.697; Q50: 9.879, 9.936; Q90: 4.439, 4.531;
| 12 Horizon | RMSE: 33.725, 34.002; MAE: 20.821, 21.160; MAPE: 12.450, 12.623; Q10: 5.086, 5.113; Q50: 10.579, 10.729; Q90: 4.786, 4.973;
epoch 31 time used: 47  seconds  train loss: 17.084 val loss: 6.330004 test loss: 6.366087
Epoch 32: 
| 3  Horizon | RMSE: 30.333, 29.777; MAE: 18.747, 18.524; MAPE: 10.954, 11.031; Q10: 4.470, 4.368; Q50: 9.506, 9.377; Q90: 4.221, 4.192;
| 6  Horizon | RMSE: 31.438, 31.376; MAE: 19.380, 19.486; MAPE: 11.513, 11.787; Q10: 4.662, 4.644; Q50: 9.816, 9.853; Q90: 4.397, 4.462;
| 12 Horizon | RMSE: 33.318, 33.535; MAE: 20.587, 20.942; MAPE: 12.262, 12.678; Q10: 5.035, 5.100; Q50: 10.430, 10.591; Q90: 4.730, 4.897;
epoch 32 time used: 47  seconds  train loss: 17.058 val loss: 6.284493 test loss: 6.302386
Epoch 33: 
| 3  Horizon | RMSE: 29.978, 29.490; MAE: 18.506, 18.324; MAPE: 10.790, 10.837; Q10: 4.438, 4.344; Q50: 9.385, 9.278; Q90: 4.196, 4.175;
| 6  Horizon | RMSE: 31.221, 31.223; MAE: 19.162, 19.317; MAPE: 11.111, 11.354; Q10: 4.624, 4.597; Q50: 9.717, 9.779; Q90: 4.350, 4.421;
| 12 Horizon | RMSE: 32.841, 33.251; MAE: 20.316, 20.834; MAPE: 12.092, 12.634; Q10: 4.941, 5.009; Q50: 10.290, 10.535; Q90: 4.666, 4.881;
epoch 33 time used: 47  seconds  train loss: 17.021 val loss: 6.216594 test loss: 6.252969
Epoch 34: 
| 3  Horizon | RMSE: 29.987, 29.703; MAE: 18.498, 18.413; MAPE: 10.758, 10.859; Q10: 4.414, 4.344; Q50: 9.382, 9.324; Q90: 4.190, 4.201;
| 6  Horizon | RMSE: 31.492, 31.583; MAE: 19.265, 19.409; MAPE: 11.281, 11.486; Q10: 4.682, 4.685; Q50: 9.776, 9.832; Q90: 4.374, 4.470;
| 12 Horizon | RMSE: 33.183, 33.524; MAE: 20.361, 20.782; MAPE: 11.948, 12.316; Q10: 5.002, 5.080; Q50: 10.334, 10.528; Q90: 4.655, 4.845;
epoch 34 time used: 48  seconds  train loss: 16.99 val loss: 6.245763 test loss: 6.295003
Epoch 35: 
| 3  Horizon | RMSE: 30.092, 29.846; MAE: 18.586, 18.525; MAPE: 11.075, 11.268; Q10: 4.410, 4.346; Q50: 9.416, 9.370; Q90: 4.212, 4.221;
| 6  Horizon | RMSE: 31.605, 31.698; MAE: 19.381, 19.538; MAPE: 11.618, 11.955; Q10: 4.698, 4.710; Q50: 9.816, 9.880; Q90: 4.376, 4.455;
| 12 Horizon | RMSE: 33.506, 33.768; MAE: 20.716, 21.122; MAPE: 12.741, 13.262; Q10: 5.064, 5.131; Q50: 10.479, 10.668; Q90: 4.722, 4.878;
epoch 35 time used: 48  seconds  train loss: 17.0 val loss: 6.28524 test loss: 6.328877
Epoch 36: 
| 3  Horizon | RMSE: 29.906, 29.611; MAE: 18.615, 18.558; MAPE: 11.076, 11.231; Q10: 4.391, 4.317; Q50: 9.422, 9.379; Q90: 4.220, 4.231;
| 6  Horizon | RMSE: 31.312, 31.403; MAE: 19.346, 19.540; MAPE: 11.448, 11.747; Q10: 4.642, 4.644; Q50: 9.795, 9.878; Q90: 4.409, 4.512;
| 12 Horizon | RMSE: 33.042, 33.509; MAE: 20.499, 21.042; MAPE: 12.174, 12.700; Q10: 5.011, 5.117; Q50: 10.377, 10.636; Q90: 4.755, 4.981;
epoch 36 time used: 49  seconds  train loss: 16.996 val loss: 6.2819 test loss: 6.348068
Epoch 37: 
| 3  Horizon | RMSE: 29.867, 29.501; MAE: 18.465, 18.358; MAPE: 10.845, 10.882; Q10: 4.398, 4.318; Q50: 9.376, 9.307; Q90: 4.215, 4.226;
| 6  Horizon | RMSE: 31.592, 31.702; MAE: 19.697, 19.908; MAPE: 11.564, 11.671; Q10: 4.671, 4.659; Q50: 10.008, 10.098; Q90: 4.628, 4.789;
| 12 Horizon | RMSE: 33.121, 33.541; MAE: 20.533, 21.020; MAPE: 12.041, 12.323; Q10: 4.959, 5.010; Q50: 10.429, 10.656; Q90: 4.863, 5.154;
epoch 37 time used: 48  seconds  train loss: 16.971 val loss: 6.310365 test loss: 6.37429
Epoch 38: 
| 3  Horizon | RMSE: 29.853, 29.495; MAE: 18.420, 18.309; MAPE: 10.794, 10.842; Q10: 4.387, 4.305; Q50: 9.349, 9.278; Q90: 4.169, 4.163;
| 6  Horizon | RMSE: 31.389, 31.400; MAE: 19.316, 19.405; MAPE: 11.469, 11.562; Q10: 4.677, 4.662; Q50: 9.811, 9.839; Q90: 4.403, 4.477;
| 12 Horizon | RMSE: 33.457, 33.677; MAE: 20.646, 20.899; MAPE: 12.430, 12.577; Q10: 5.050, 5.122; Q50: 10.489, 10.596; Q90: 4.702, 4.812;
epoch 38 time used: 47  seconds  train loss: 16.935 val loss: 6.261998 test loss: 6.286131
Epoch 39: 
| 3  Horizon | RMSE: 30.266, 29.728; MAE: 18.679, 18.485; MAPE: 11.184, 11.299; Q10: 4.465, 4.369; Q50: 9.458, 9.345; Q90: 4.224, 4.185;
| 6  Horizon | RMSE: 32.085, 31.716; MAE: 19.597, 19.527; MAPE: 11.618, 11.824; Q10: 4.743, 4.692; Q50: 9.931, 9.878; Q90: 4.427, 4.424;
| 12 Horizon | RMSE: 33.232, 33.431; MAE: 20.295, 20.707; MAPE: 11.965, 12.392; Q10: 4.981, 5.030; Q50: 10.290, 10.479; Q90: 4.624, 4.798;
epoch 39 time used: 47  seconds  train loss: 16.926 val loss: 6.283028 test loss: 6.28313
Epoch 40: 
| 3  Horizon | RMSE: 29.943, 29.612; MAE: 18.487, 18.398; MAPE: 10.793, 10.857; Q10: 4.394, 4.304; Q50: 9.381, 9.321; Q90: 4.182, 4.202;
| 6  Horizon | RMSE: 31.455, 31.519; MAE: 19.232, 19.348; MAPE: 11.268, 11.418; Q10: 4.671, 4.657; Q50: 9.762, 9.803; Q90: 4.393, 4.497;
| 12 Horizon | RMSE: 33.529, 33.801; MAE: 20.529, 20.906; MAPE: 12.198, 12.677; Q10: 5.056, 5.142; Q50: 10.401, 10.573; Q90: 4.638, 4.814;
epoch 40 time used: 47  seconds  train loss: 16.901 val loss: 6.242881 test loss: 6.28483
Epoch 41: 
| 3  Horizon | RMSE: 30.150, 29.618; MAE: 18.604, 18.393; MAPE: 11.130, 11.111; Q10: 4.389, 4.292; Q50: 9.451, 9.328; Q90: 4.187, 4.163;
| 6  Horizon | RMSE: 31.646, 31.433; MAE: 19.348, 19.333; MAPE: 11.591, 11.657; Q10: 4.696, 4.650; Q50: 9.829, 9.803; Q90: 4.366, 4.408;
| 12 Horizon | RMSE: 33.459, 33.594; MAE: 20.460, 20.743; MAPE: 12.274, 12.510; Q10: 5.084, 5.108; Q50: 10.391, 10.511; Q90: 4.666, 4.810;
epoch 41 time used: 47  seconds  train loss: 16.897 val loss: 6.271577 test loss: 6.268304
Epoch 42: 
| 3  Horizon | RMSE: 29.952, 29.653; MAE: 18.437, 18.361; MAPE: 10.752, 10.830; Q10: 4.392, 4.318; Q50: 9.356, 9.301; Q90: 4.153, 4.158;
| 6  Horizon | RMSE: 31.355, 31.485; MAE: 19.144, 19.324; MAPE: 11.182, 11.360; Q10: 4.660, 4.664; Q50: 9.719, 9.792; Q90: 4.363, 4.469;
| 12 Horizon | RMSE: 33.086, 33.489; MAE: 20.276, 20.740; MAPE: 11.961, 12.243; Q10: 4.968, 5.035; Q50: 10.297, 10.510; Q90: 4.662, 4.895;
epoch 42 time used: 47  seconds  train loss: 16.895 val loss: 6.229841 test loss: 6.289756
Epoch 43: 
| 3  Horizon | RMSE: 29.982, 29.624; MAE: 18.414, 18.311; MAPE: 10.721, 10.802; Q10: 4.396, 4.321; Q50: 9.338, 9.270; Q90: 4.161, 4.144;
| 6  Horizon | RMSE: 31.445, 31.407; MAE: 19.190, 19.272; MAPE: 11.323, 11.445; Q10: 4.648, 4.645; Q50: 9.740, 9.764; Q90: 4.362, 4.414;
| 12 Horizon | RMSE: 33.268, 33.571; MAE: 20.534, 20.863; MAPE: 12.637, 12.750; Q10: 5.016, 5.082; Q50: 10.434, 10.579; Q90: 4.701, 4.862;
Early stopping at epoch: 43
Model  stnorm  Best Results:
Epoch 33: 
=        =        Horizon  3        =        =        =        =        Horizon  6        =        =        =        =        Horizon  12       =        =       
RMSE     MAE      MAPE     Q10      Q50      Q90      RMSE     MAE      MAPE     Q10      Q50      Q90      RMSE     MAE      MAPE     Q10      Q50      Q90     
29.490   18.324   10.837   4.344    9.278    4.175    31.223   19.317   11.354   4.597    9.779    4.421    33.251   20.834   12.634   5.009    10.535   4.881   
Model Training Ended ... Fri Dec 22 21:39:35 2023
