nohup: ignoring input
pdate shape is:  (16992,)
./save/pems04_stnorm_in12_out12_addtimeFalse_adjTrue_lr0.001_hc32_train0.6_val0.2_test0.2_seedNone_lossquantile_version3_note:no_schedular training started Fri Dec 22 21:04:15 2023
pdate shape is:  (16992,)
data load........
initial data shape is:  (16992, 307, 3)
train_mean shape : (307,)
train  :  (10177, 24, 307, 3)
val  :  (3393, 24, 307, 3)
test  :  (3388, 24, 307, 3)
Model Training Started ... Fri Dec 22 21:04:17 2023
TIMESTEP_IN, TIMESTEP_OUT 12 12
LOSS is : quantile
Epoch 0: 
| 3  Horizon | RMSE: 31.928, 31.005; MAE: 20.578, 20.121; MAPE: 12.960, 12.910; Q10: 4.817, 4.673; Q50: 10.396, 10.150; Q90: 4.668, 4.583;
| 6  Horizon | RMSE: 34.581, 33.533; MAE: 22.175, 21.735; MAPE: 13.090, 13.157; Q10: 5.182, 5.025; Q50: 11.230, 10.990; Q90: 5.142, 5.073;
| 12 Horizon | RMSE: 38.985, 37.968; MAE: 25.444, 25.084; MAPE: 14.655, 14.808; Q10: 5.841, 5.714; Q50: 12.900, 12.693; Q90: 5.914, 5.866;
epoch 0 time used: 49  seconds  train loss: 25.288 val loss: 7.214061 test loss: 7.064517
Epoch 1: 
| 3  Horizon | RMSE: 31.312, 30.403; MAE: 19.846, 19.405; MAPE: 11.529, 11.458; Q10: 4.686, 4.560; Q50: 10.050, 9.812; Q90: 4.595, 4.532;
| 6  Horizon | RMSE: 33.439, 32.593; MAE: 21.433, 21.146; MAPE: 12.889, 12.991; Q10: 5.021, 4.904; Q50: 10.842, 10.681; Q90: 4.979, 4.961;
| 12 Horizon | RMSE: 36.924, 36.668; MAE: 24.642, 24.871; MAPE: 16.742, 17.280; Q10: 5.631, 5.561; Q50: 12.428, 12.527; Q90: 5.608, 5.710;
epoch 1 time used: 47  seconds  train loss: 20.509 val loss: 6.968141 test loss: 6.891535
Epoch 2: 
| 3  Horizon | RMSE: 31.565, 30.766; MAE: 20.154, 19.788; MAPE: 11.499, 11.419; Q10: 4.879, 4.779; Q50: 10.226, 10.025; Q90: 4.567, 4.504;
| 6  Horizon | RMSE: 34.015, 33.359; MAE: 22.052, 21.860; MAPE: 13.392, 13.374; Q10: 5.186, 5.084; Q50: 11.213, 11.101; Q90: 4.919, 4.923;
| 12 Horizon | RMSE: 38.109, 37.906; MAE: 24.793, 25.028; MAPE: 14.161, 14.397; Q10: 5.712, 5.644; Q50: 12.591, 12.688; Q90: 5.915, 6.034;
epoch 2 time used: 47  seconds  train loss: 19.726 val loss: 7.141816 test loss: 7.087401
Epoch 3: 
| 3  Horizon | RMSE: 30.841, 29.931; MAE: 19.363, 18.950; MAPE: 11.169, 11.115; Q10: 4.580, 4.461; Q50: 9.814, 9.589; Q90: 4.412, 4.339;
| 6  Horizon | RMSE: 32.573, 31.727; MAE: 20.444, 20.180; MAPE: 11.848, 11.900; Q10: 4.827, 4.708; Q50: 10.356, 10.204; Q90: 4.712, 4.688;
| 12 Horizon | RMSE: 35.066, 34.573; MAE: 22.097, 22.142; MAPE: 12.716, 12.993; Q10: 5.328, 5.231; Q50: 11.200, 11.201; Q90: 5.076, 5.141;
epoch 3 time used: 47  seconds  train loss: 19.291 val loss: 6.61447 test loss: 6.528276
Epoch 4: 
| 3  Horizon | RMSE: 30.891, 30.045; MAE: 19.569, 19.203; MAPE: 12.194, 12.035; Q10: 4.564, 4.448; Q50: 9.941, 9.740; Q90: 4.452, 4.389;
| 6  Horizon | RMSE: 32.629, 31.888; MAE: 20.592, 20.382; MAPE: 12.836, 12.732; Q10: 4.845, 4.742; Q50: 10.463, 10.341; Q90: 4.736, 4.710;
| 12 Horizon | RMSE: 35.400, 35.220; MAE: 22.403, 22.596; MAPE: 13.704, 13.823; Q10: 5.330, 5.295; Q50: 11.375, 11.452; Q90: 5.119, 5.183;
epoch 4 time used: 47  seconds  train loss: 18.943 val loss: 6.673114 test loss: 6.610086
Epoch 5: 
| 3  Horizon | RMSE: 31.103, 30.217; MAE: 19.827, 19.429; MAPE: 11.877, 11.747; Q10: 4.618, 4.497; Q50: 10.075, 9.858; Q90: 4.488, 4.426;
| 6  Horizon | RMSE: 32.384, 31.542; MAE: 20.399, 20.171; MAPE: 11.996, 11.977; Q10: 4.915, 4.797; Q50: 10.356, 10.224; Q90: 4.671, 4.671;
| 12 Horizon | RMSE: 34.680, 34.362; MAE: 21.953, 22.143; MAPE: 13.100, 13.306; Q10: 5.280, 5.218; Q50: 11.141, 11.218; Q90: 5.003, 5.117;
epoch 5 time used: 47  seconds  train loss: 18.697 val loss: 6.656282 test loss: 6.591146
Epoch 6: 
| 3  Horizon | RMSE: 30.544, 29.706; MAE: 19.135, 18.783; MAPE: 11.013, 10.947; Q10: 4.553, 4.449; Q50: 9.700, 9.508; Q90: 4.361, 4.300;
| 6  Horizon | RMSE: 32.256, 31.528; MAE: 20.214, 20.022; MAPE: 11.625, 11.638; Q10: 4.788, 4.685; Q50: 10.241, 10.128; Q90: 4.600, 4.599;
| 12 Horizon | RMSE: 34.834, 34.808; MAE: 22.070, 22.412; MAPE: 12.665, 12.974; Q10: 5.314, 5.254; Q50: 11.177, 11.335; Q90: 5.022, 5.200;
epoch 6 time used: 48  seconds  train loss: 18.552 val loss: 6.553744 test loss: 6.509678
Epoch 7: 
| 3  Horizon | RMSE: 30.562, 29.773; MAE: 19.090, 18.822; MAPE: 11.218, 11.221; Q10: 4.524, 4.424; Q50: 9.686, 9.535; Q90: 4.310, 4.272;
| 6  Horizon | RMSE: 32.234, 31.648; MAE: 20.034, 20.016; MAPE: 11.720, 11.851; Q10: 4.808, 4.734; Q50: 10.165, 10.141; Q90: 4.565, 4.614;
| 12 Horizon | RMSE: 34.192, 34.502; MAE: 21.319, 21.870; MAPE: 12.513, 12.984; Q10: 5.128, 5.162; Q50: 10.809, 11.069; Q90: 4.946, 5.190;
epoch 7 time used: 48  seconds  train loss: 18.369 val loss: 6.474559 test loss: 6.484761
Epoch 8: 
| 3  Horizon | RMSE: 30.483, 29.674; MAE: 18.998, 18.746; MAPE: 11.355, 11.375; Q10: 4.497, 4.387; Q50: 9.631, 9.489; Q90: 4.303, 4.266;
| 6  Horizon | RMSE: 32.310, 31.516; MAE: 19.998, 19.870; MAPE: 12.109, 12.163; Q10: 4.791, 4.711; Q50: 10.150, 10.070; Q90: 4.526, 4.534;
| 12 Horizon | RMSE: 34.402, 34.311; MAE: 21.562, 21.818; MAPE: 13.223, 13.407; Q10: 5.231, 5.258; Q50: 10.946, 11.058; Q90: 4.936, 5.021;
epoch 8 time used: 47  seconds  train loss: 18.225 val loss: 6.472333 test loss: 6.446878
Epoch 9: 
| 3  Horizon | RMSE: 30.402, 29.639; MAE: 19.046, 18.788; MAPE: 11.236, 11.213; Q10: 4.510, 4.407; Q50: 9.663, 9.517; Q90: 4.354, 4.322;
| 6  Horizon | RMSE: 31.892, 31.331; MAE: 19.914, 19.885; MAPE: 11.922, 11.965; Q10: 4.780, 4.690; Q50: 10.108, 10.077; Q90: 4.513, 4.563;
| 12 Horizon | RMSE: 33.943, 34.011; MAE: 21.455, 21.824; MAPE: 13.705, 13.758; Q10: 5.125, 5.101; Q50: 10.905, 11.070; Q90: 4.854, 5.060;
epoch 9 time used: 48  seconds  train loss: 18.145 val loss: 6.474047 test loss: 6.465659
Epoch 10: 
| 3  Horizon | RMSE: 30.338, 29.559; MAE: 18.982, 18.713; MAPE: 11.250, 11.301; Q10: 4.474, 4.375; Q50: 9.609, 9.459; Q90: 4.321, 4.283;
| 6  Horizon | RMSE: 31.861, 31.239; MAE: 19.816, 19.758; MAPE: 11.654, 11.827; Q10: 4.744, 4.657; Q50: 10.036, 9.992; Q90: 4.496, 4.518;
| 12 Horizon | RMSE: 34.126, 34.206; MAE: 21.386, 21.747; MAPE: 12.401, 12.693; Q10: 5.147, 5.113; Q50: 10.853, 11.017; Q90: 4.912, 5.117;
epoch 10 time used: 48  seconds  train loss: 18.068 val loss: 6.427855 test loss: 6.412252
Epoch 11: 
| 3  Horizon | RMSE: 30.393, 29.722; MAE: 19.036, 18.854; MAPE: 11.010, 11.074; Q10: 4.473, 4.379; Q50: 9.646, 9.539; Q90: 4.364, 4.346;
| 6  Horizon | RMSE: 31.785, 31.261; MAE: 19.839, 19.847; MAPE: 11.732, 11.905; Q10: 4.758, 4.686; Q50: 10.045, 10.034; Q90: 4.519, 4.561;
| 12 Horizon | RMSE: 33.831, 33.957; MAE: 21.313, 21.744; MAPE: 12.577, 12.966; Q10: 5.118, 5.116; Q50: 10.797, 10.998; Q90: 4.938, 5.160;
epoch 11 time used: 49  seconds  train loss: 17.924 val loss: 6.428004 test loss: 6.429684
Epoch 12: 
| 3  Horizon | RMSE: 30.319, 29.775; MAE: 18.814, 18.627; MAPE: 11.115, 11.141; Q10: 4.458, 4.362; Q50: 9.546, 9.437; Q90: 4.258, 4.232;
| 6  Horizon | RMSE: 31.867, 31.640; MAE: 19.683, 19.750; MAPE: 11.789, 11.965; Q10: 4.733, 4.690; Q50: 9.974, 9.993; Q90: 4.459, 4.485;
| 12 Horizon | RMSE: 34.069, 34.787; MAE: 21.270, 21.865; MAPE: 12.540, 12.909; Q10: 5.197, 5.269; Q50: 10.788, 11.074; Q90: 4.788, 4.990;
epoch 12 time used: 48  seconds  train loss: 17.859 val loss: 6.382788 test loss: 6.407515
Epoch 13: 
| 3  Horizon | RMSE: 30.370, 29.763; MAE: 18.932, 18.756; MAPE: 11.062, 11.091; Q10: 4.506, 4.417; Q50: 9.605, 9.501; Q90: 4.312, 4.295;
| 6  Horizon | RMSE: 31.981, 31.633; MAE: 19.912, 19.972; MAPE: 11.755, 11.853; Q10: 4.774, 4.704; Q50: 10.112, 10.127; Q90: 4.528, 4.586;
| 12 Horizon | RMSE: 34.030, 34.421; MAE: 21.321, 21.834; MAPE: 12.546, 12.824; Q10: 5.127, 5.111; Q50: 10.830, 11.070; Q90: 4.892, 5.133;
epoch 13 time used: 48  seconds  train loss: 17.803 val loss: 6.433716 test loss: 6.454498
Epoch 14: 
| 3  Horizon | RMSE: 30.565, 29.677; MAE: 18.931, 18.611; MAPE: 11.181, 11.180; Q10: 4.464, 4.347; Q50: 9.588, 9.412; Q90: 4.263, 4.225;
| 6  Horizon | RMSE: 31.605, 31.031; MAE: 19.525, 19.507; MAPE: 11.501, 11.621; Q10: 4.675, 4.585; Q50: 9.891, 9.868; Q90: 4.452, 4.502;
| 12 Horizon | RMSE: 33.556, 33.674; MAE: 20.771, 21.167; MAPE: 12.248, 12.580; Q10: 5.018, 5.023; Q50: 10.532, 10.717; Q90: 4.769, 4.953;
epoch 14 time used: 48  seconds  train loss: 17.73 val loss: 6.334882 test loss: 6.320059
Epoch 15: 
| 3  Horizon | RMSE: 30.316, 29.789; MAE: 18.746, 18.572; MAPE: 11.100, 11.149; Q10: 4.459, 4.367; Q50: 9.509, 9.407; Q90: 4.268, 4.254;
| 6  Horizon | RMSE: 31.808, 31.724; MAE: 19.610, 19.750; MAPE: 11.495, 11.688; Q10: 4.699, 4.676; Q50: 9.947, 10.004; Q90: 4.481, 4.551;
| 12 Horizon | RMSE: 34.001, 34.743; MAE: 20.938, 21.468; MAPE: 12.391, 12.784; Q10: 5.073, 5.192; Q50: 10.619, 10.871; Q90: 4.803, 4.987;
epoch 15 time used: 48  seconds  train loss: 17.675 val loss: 6.355638 test loss: 6.392696
Epoch 16: 
| 3  Horizon | RMSE: 30.238, 29.711; MAE: 18.767, 18.585; MAPE: 11.181, 11.186; Q10: 4.462, 4.357; Q50: 9.529, 9.423; Q90: 4.235, 4.211;
| 6  Horizon | RMSE: 31.665, 31.444; MAE: 19.438, 19.506; MAPE: 11.404, 11.542; Q10: 4.681, 4.625; Q50: 9.864, 9.884; Q90: 4.428, 4.485;
| 12 Horizon | RMSE: 33.381, 33.955; MAE: 20.586, 21.087; MAPE: 12.180, 12.542; Q10: 5.013, 5.067; Q50: 10.447, 10.684; Q90: 4.766, 4.976;
epoch 16 time used: 49  seconds  train loss: 17.592 val loss: 6.323968 test loss: 6.346155
Epoch 17: 
| 3  Horizon | RMSE: 30.566, 29.891; MAE: 18.942, 18.671; MAPE: 11.153, 11.167; Q10: 4.529, 4.405; Q50: 9.608, 9.456; Q90: 4.292, 4.257;
| 6  Horizon | RMSE: 32.032, 31.639; MAE: 19.765, 19.712; MAPE: 11.580, 11.728; Q10: 4.752, 4.686; Q50: 10.021, 9.978; Q90: 4.502, 4.518;
| 12 Horizon | RMSE: 34.247, 34.531; MAE: 21.228, 21.511; MAPE: 12.587, 12.859; Q10: 5.170, 5.198; Q50: 10.771, 10.895; Q90: 4.860, 4.983;
epoch 17 time used: 49  seconds  train loss: 17.543 val loss: 6.421342 test loss: 6.40285
Epoch 18: 
| 3  Horizon | RMSE: 30.325, 29.688; MAE: 19.050, 18.858; MAPE: 12.011, 12.096; Q10: 4.495, 4.408; Q50: 9.621, 9.512; Q90: 4.292, 4.275;
| 6  Horizon | RMSE: 31.729, 31.420; MAE: 19.683, 19.751; MAPE: 11.703, 11.910; Q10: 4.680, 4.624; Q50: 9.957, 9.978; Q90: 4.460, 4.517;
| 12 Horizon | RMSE: 33.424, 33.900; MAE: 20.782, 21.316; MAPE: 12.477, 12.926; Q10: 5.016, 5.059; Q50: 10.515, 10.771; Q90: 4.725, 4.916;
epoch 18 time used: 49  seconds  train loss: 17.499 val loss: 6.362129 test loss: 6.386671
Epoch 19: 
| 3  Horizon | RMSE: 30.165, 29.592; MAE: 18.731, 18.512; MAPE: 11.087, 11.145; Q10: 4.446, 4.335; Q50: 9.486, 9.361; Q90: 4.235, 4.212;
| 6  Horizon | RMSE: 31.706, 31.358; MAE: 19.671, 19.625; MAPE: 11.857, 11.998; Q10: 4.711, 4.642; Q50: 9.956, 9.919; Q90: 4.432, 4.459;
| 12 Horizon | RMSE: 33.676, 33.941; MAE: 20.944, 21.239; MAPE: 12.537, 12.774; Q10: 5.152, 5.162; Q50: 10.621, 10.753; Q90: 4.748, 4.878;
epoch 19 time used: 49  seconds  train loss: 17.475 val loss: 6.337821 test loss: 6.330299
Epoch 20: 
| 3  Horizon | RMSE: 30.223, 29.640; MAE: 18.690, 18.490; MAPE: 10.980, 11.028; Q10: 4.426, 4.325; Q50: 9.487, 9.371; Q90: 4.241, 4.221;
| 6  Horizon | RMSE: 31.705, 31.384; MAE: 19.485, 19.510; MAPE: 11.434, 11.587; Q10: 4.711, 4.653; Q50: 9.889, 9.887; Q90: 4.438, 4.471;
| 12 Horizon | RMSE: 33.594, 34.211; MAE: 20.756, 21.310; MAPE: 12.326, 12.705; Q10: 5.024, 5.118; Q50: 10.524, 10.788; Q90: 4.799, 5.011;
epoch 20 time used: 49  seconds  train loss: 17.417 val loss: 6.324508 test loss: 6.346449
Epoch 21: 
| 3  Horizon | RMSE: 30.387, 29.823; MAE: 18.724, 18.509; MAPE: 10.976, 11.074; Q10: 4.454, 4.349; Q50: 9.497, 9.374; Q90: 4.260, 4.217;
| 6  Horizon | RMSE: 31.784, 31.539; MAE: 19.515, 19.520; MAPE: 11.449, 11.648; Q10: 4.711, 4.665; Q50: 9.898, 9.885; Q90: 4.431, 4.447;
| 12 Horizon | RMSE: 34.168, 34.436; MAE: 21.066, 21.317; MAPE: 12.728, 12.944; Q10: 5.162, 5.221; Q50: 10.699, 10.806; Q90: 4.788, 4.883;
epoch 21 time used: 49  seconds  train loss: 17.398 val loss: 6.355841 test loss: 6.345692
Epoch 22: 
| 3  Horizon | RMSE: 30.335, 29.955; MAE: 18.973, 18.890; MAPE: 11.843, 11.997; Q10: 4.455, 4.375; Q50: 9.592, 9.537; Q90: 4.267, 4.264;
| 6  Horizon | RMSE: 31.699, 31.769; MAE: 19.574, 19.796; MAPE: 11.816, 12.101; Q10: 4.708, 4.701; Q50: 9.907, 10.004; Q90: 4.420, 4.490;
| 12 Horizon | RMSE: 33.718, 34.499; MAE: 20.756, 21.402; MAPE: 12.459, 12.947; Q10: 5.068, 5.174; Q50: 10.509, 10.820; Q90: 4.752, 4.963;
epoch 22 time used: 49  seconds  train loss: 17.339 val loss: 6.341211 test loss: 6.406203
Epoch 23: 
| 3  Horizon | RMSE: 30.243, 29.722; MAE: 18.678, 18.510; MAPE: 11.123, 11.168; Q10: 4.435, 4.351; Q50: 9.480, 9.382; Q90: 4.236, 4.206;
| 6  Horizon | RMSE: 31.611, 31.525; MAE: 19.453, 19.593; MAPE: 11.554, 11.745; Q10: 4.699, 4.698; Q50: 9.870, 9.928; Q90: 4.423, 4.473;
| 12 Horizon | RMSE: 33.371, 34.096; MAE: 20.540, 21.135; MAPE: 12.343, 12.720; Q10: 5.042, 5.179; Q50: 10.426, 10.711; Q90: 4.697, 4.866;
epoch 23 time used: 49  seconds  train loss: 17.313 val loss: 6.294195 test loss: 6.334059
Epoch 24: 
| 3  Horizon | RMSE: 30.165, 29.712; MAE: 18.638, 18.466; MAPE: 11.033, 11.106; Q10: 4.441, 4.338; Q50: 9.462, 9.360; Q90: 4.226, 4.207;
| 6  Horizon | RMSE: 31.639, 31.484; MAE: 19.381, 19.438; MAPE: 11.374, 11.613; Q10: 4.697, 4.662; Q50: 9.834, 9.847; Q90: 4.398, 4.440;
| 12 Horizon | RMSE: 33.893, 34.163; MAE: 20.836, 21.108; MAPE: 12.529, 12.773; Q10: 5.126, 5.178; Q50: 10.584, 10.700; Q90: 4.743, 4.854;
epoch 24 time used: 49  seconds  train loss: 17.288 val loss: 6.308635 test loss: 6.317109
Epoch 25: 
| 3  Horizon | RMSE: 30.080, 29.612; MAE: 18.588, 18.463; MAPE: 10.873, 10.962; Q10: 4.424, 4.346; Q50: 9.431, 9.354; Q90: 4.208, 4.186;
| 6  Horizon | RMSE: 31.566, 31.404; MAE: 19.458, 19.583; MAPE: 11.362, 11.592; Q10: 4.681, 4.644; Q50: 9.863, 9.911; Q90: 4.410, 4.479;
| 12 Horizon | RMSE: 33.538, 34.043; MAE: 20.798, 21.349; MAPE: 12.113, 12.483; Q10: 5.039, 5.111; Q50: 10.544, 10.807; Q90: 4.774, 4.986;
epoch 25 time used: 49  seconds  train loss: 17.229 val loss: 6.313387 test loss: 6.357487
Epoch 26: 
| 3  Horizon | RMSE: 29.988, 29.674; MAE: 18.567, 18.449; MAPE: 11.122, 11.160; Q10: 4.408, 4.324; Q50: 9.427, 9.354; Q90: 4.217, 4.210;
| 6  Horizon | RMSE: 31.389, 31.396; MAE: 19.333, 19.441; MAPE: 11.758, 11.847; Q10: 4.650, 4.645; Q50: 9.822, 9.860; Q90: 4.373, 4.416;
| 12 Horizon | RMSE: 33.068, 33.781; MAE: 20.411, 20.981; MAPE: 12.201, 12.600; Q10: 5.007, 5.138; Q50: 10.350, 10.623; Q90: 4.660, 4.863;
epoch 26 time used: 49  seconds  train loss: 17.211 val loss: 6.248714 test loss: 6.294855
Epoch 27: 
| 3  Horizon | RMSE: 30.370, 29.745; MAE: 18.684, 18.454; MAPE: 11.084, 11.146; Q10: 4.444, 4.345; Q50: 9.477, 9.346; Q90: 4.225, 4.186;
| 6  Horizon | RMSE: 31.528, 31.215; MAE: 19.334, 19.365; MAPE: 11.438, 11.625; Q10: 4.668, 4.627; Q50: 9.807, 9.808; Q90: 4.374, 4.411;
| 12 Horizon | RMSE: 33.603, 33.836; MAE: 20.718, 21.052; MAPE: 12.411, 12.674; Q10: 5.045, 5.100; Q50: 10.513, 10.664; Q90: 4.746, 4.892;
epoch 27 time used: 49  seconds  train loss: 17.202 val loss: 6.291273 test loss: 6.295708
Epoch 28: 
| 3  Horizon | RMSE: 29.989, 29.629; MAE: 18.495, 18.402; MAPE: 10.813, 10.937; Q10: 4.403, 4.326; Q50: 9.381, 9.321; Q90: 4.181, 4.176;
| 6  Horizon | RMSE: 31.393, 31.306; MAE: 19.235, 19.371; MAPE: 11.362, 11.570; Q10: 4.656, 4.644; Q50: 9.764, 9.818; Q90: 4.355, 4.423;
| 12 Horizon | RMSE: 33.812, 34.215; MAE: 20.694, 21.105; MAPE: 12.408, 12.733; Q10: 5.112, 5.212; Q50: 10.506, 10.696; Q90: 4.689, 4.837;
epoch 28 time used: 49  seconds  train loss: 17.166 val loss: 6.278748 test loss: 6.313682
Epoch 29: 
| 3  Horizon | RMSE: 30.178, 29.886; MAE: 18.839, 18.753; MAPE: 10.906, 10.998; Q10: 4.492, 4.416; Q50: 9.553, 9.496; Q90: 4.256, 4.252;
| 6  Horizon | RMSE: 31.481, 31.468; MAE: 19.409, 19.546; MAPE: 11.307, 11.511; Q10: 4.698, 4.688; Q50: 9.841, 9.898; Q90: 4.403, 4.467;
| 12 Horizon | RMSE: 33.296, 33.933; MAE: 20.509, 21.025; MAPE: 12.172, 12.568; Q10: 5.010, 5.123; Q50: 10.386, 10.634; Q90: 4.684, 4.853;
epoch 29 time used: 49  seconds  train loss: 17.119 val loss: 6.297574 test loss: 6.34484
Epoch 30: 
| 3  Horizon | RMSE: 30.210, 29.688; MAE: 18.585, 18.404; MAPE: 11.028, 11.143; Q10: 4.415, 4.321; Q50: 9.416, 9.312; Q90: 4.197, 4.172;
| 6  Horizon | RMSE: 31.389, 31.271; MAE: 19.310, 19.434; MAPE: 11.432, 11.665; Q10: 4.649, 4.634; Q50: 9.781, 9.831; Q90: 4.408, 4.481;
| 12 Horizon | RMSE: 33.194, 33.734; MAE: 20.403, 20.900; MAPE: 12.063, 12.443; Q10: 5.020, 5.115; Q50: 10.340, 10.577; Q90: 4.722, 4.952;
epoch 30 time used: 49  seconds  train loss: 17.114 val loss: 6.260934 test loss: 6.300003
Epoch 31: 
| 3  Horizon | RMSE: 30.162, 29.616; MAE: 18.870, 18.691; MAPE: 11.807, 11.837; Q10: 4.521, 4.428; Q50: 9.594, 9.490; Q90: 4.259, 4.238;
| 6  Horizon | RMSE: 31.813, 31.530; MAE: 20.089, 20.118; MAPE: 13.290, 13.371; Q10: 4.799, 4.754; Q50: 10.227, 10.227; Q90: 4.664, 4.711;
| 12 Horizon | RMSE: 33.663, 34.004; MAE: 21.258, 21.623; MAPE: 13.857, 14.068; Q10: 5.133, 5.181; Q50: 10.816, 10.982; Q90: 4.902, 5.080;
epoch 31 time used: 49  seconds  train loss: 17.082 val loss: 6.45378 test loss: 6.472097
Epoch 32: 
| 3  Horizon | RMSE: 29.902, 29.428; MAE: 18.554, 18.429; MAPE: 11.055, 11.185; Q10: 4.387, 4.308; Q50: 9.393, 9.318; Q90: 4.249, 4.224;
| 6  Horizon | RMSE: 31.276, 31.101; MAE: 19.386, 19.514; MAPE: 11.451, 11.679; Q10: 4.647, 4.616; Q50: 9.820, 9.872; Q90: 4.439, 4.489;
| 12 Horizon | RMSE: 33.062, 33.336; MAE: 20.539, 20.952; MAPE: 12.399, 12.763; Q10: 5.002, 5.062; Q50: 10.401, 10.596; Q90: 4.716, 4.866;
epoch 32 time used: 49  seconds  train loss: 17.069 val loss: 6.269412 test loss: 6.297675
Epoch 33: 
| 3  Horizon | RMSE: 29.993, 29.603; MAE: 18.512, 18.406; MAPE: 11.075, 11.141; Q10: 4.417, 4.338; Q50: 9.402, 9.334; Q90: 4.193, 4.199;
| 6  Horizon | RMSE: 31.402, 31.286; MAE: 19.226, 19.351; MAPE: 11.412, 11.605; Q10: 4.674, 4.653; Q50: 9.762, 9.811; Q90: 4.361, 4.444;
| 12 Horizon | RMSE: 33.058, 33.531; MAE: 20.335, 20.839; MAPE: 12.065, 12.421; Q10: 4.979, 5.050; Q50: 10.323, 10.562; Q90: 4.663, 4.902;
epoch 33 time used: 49  seconds  train loss: 17.063 val loss: 6.243083 test loss: 6.292577
Epoch 34: 
| 3  Horizon | RMSE: 29.908, 29.540; MAE: 18.456, 18.372; MAPE: 10.778, 10.881; Q10: 4.417, 4.325; Q50: 9.366, 9.310; Q90: 4.181, 4.183;
| 6  Horizon | RMSE: 31.413, 31.304; MAE: 19.246, 19.377; MAPE: 11.228, 11.438; Q10: 4.680, 4.652; Q50: 9.768, 9.819; Q90: 4.377, 4.465;
| 12 Horizon | RMSE: 33.188, 33.580; MAE: 20.409, 20.908; MAPE: 12.037, 12.457; Q10: 5.000, 5.072; Q50: 10.351, 10.588; Q90: 4.679, 4.920;
epoch 34 time used: 49  seconds  train loss: 17.01 val loss: 6.252741 test loss: 6.301191
Epoch 35: 
| 3  Horizon | RMSE: 30.027, 29.675; MAE: 18.519, 18.410; MAPE: 10.944, 11.081; Q10: 4.409, 4.340; Q50: 9.383, 9.315; Q90: 4.178, 4.165;
| 6  Horizon | RMSE: 31.568, 31.473; MAE: 19.360, 19.463; MAPE: 11.618, 11.871; Q10: 4.712, 4.724; Q50: 9.807, 9.846; Q90: 4.365, 4.407;
| 12 Horizon | RMSE: 33.278, 33.820; MAE: 20.450, 20.904; MAPE: 12.212, 12.611; Q10: 5.050, 5.156; Q50: 10.363, 10.577; Q90: 4.652, 4.796;
epoch 35 time used: 49  seconds  train loss: 17.024 val loss: 6.257506 test loss: 6.299201
Epoch 36: 
| 3  Horizon | RMSE: 30.005, 29.562; MAE: 18.490, 18.373; MAPE: 10.870, 10.959; Q10: 4.394, 4.318; Q50: 9.380, 9.307; Q90: 4.190, 4.178;
| 6  Horizon | RMSE: 31.606, 31.424; MAE: 19.397, 19.512; MAPE: 11.519, 11.762; Q10: 4.680, 4.674; Q50: 9.832, 9.876; Q90: 4.391, 4.441;
| 12 Horizon | RMSE: 33.150, 33.692; MAE: 20.570, 21.108; MAPE: 12.567, 12.999; Q10: 5.006, 5.090; Q50: 10.410, 10.669; Q90: 4.681, 4.880;
epoch 36 time used: 49  seconds  train loss: 16.988 val loss: 6.262976 test loss: 6.307902
Epoch 37: 
| 3  Horizon | RMSE: 29.852, 29.504; MAE: 18.458, 18.374; MAPE: 10.937, 10.994; Q10: 4.383, 4.303; Q50: 9.373, 9.317; Q90: 4.183, 4.196;
| 6  Horizon | RMSE: 31.340, 31.268; MAE: 19.276, 19.423; MAPE: 11.542, 11.687; Q10: 4.643, 4.626; Q50: 9.793, 9.852; Q90: 4.367, 4.464;
| 12 Horizon | RMSE: 33.180, 33.854; MAE: 20.591, 21.193; MAPE: 12.156, 12.499; Q10: 5.002, 5.073; Q50: 10.459, 10.746; Q90: 4.794, 5.096;
epoch 37 time used: 49  seconds  train loss: 16.978 val loss: 6.266893 test loss: 6.333493
Epoch 38: 
| 3  Horizon | RMSE: 29.884, 29.463; MAE: 18.413, 18.313; MAPE: 10.676, 10.791; Q10: 4.379, 4.299; Q50: 9.334, 9.271; Q90: 4.188, 4.191;
| 6  Horizon | RMSE: 31.348, 31.270; MAE: 19.238, 19.403; MAPE: 11.108, 11.336; Q10: 4.629, 4.617; Q50: 9.755, 9.825; Q90: 4.366, 4.443;
| 12 Horizon | RMSE: 33.099, 33.772; MAE: 20.541, 21.121; MAPE: 11.886, 12.320; Q10: 4.950, 5.040; Q50: 10.410, 10.690; Q90: 4.753, 5.017;
epoch 38 time used: 49  seconds  train loss: 16.947 val loss: 6.258211 test loss: 6.319753
Epoch 39: 
| 3  Horizon | RMSE: 29.957, 29.550; MAE: 18.439, 18.341; MAPE: 10.783, 10.921; Q10: 4.380, 4.310; Q50: 9.342, 9.280; Q90: 4.166, 4.164;
| 6  Horizon | RMSE: 31.640, 31.464; MAE: 19.317, 19.439; MAPE: 11.384, 11.636; Q10: 4.663, 4.656; Q50: 9.784, 9.832; Q90: 4.374, 4.444;
| 12 Horizon | RMSE: 33.183, 33.800; MAE: 20.446, 21.030; MAPE: 11.886, 12.316; Q10: 4.980, 5.059; Q50: 10.368, 10.648; Q90: 4.709, 4.963;
epoch 39 time used: 49  seconds  train loss: 16.93 val loss: 6.242599 test loss: 6.300913
Epoch 40: 
| 3  Horizon | RMSE: 30.142, 29.749; MAE: 18.690, 18.580; MAPE: 11.090, 11.205; Q10: 4.434, 4.356; Q50: 9.464, 9.397; Q90: 4.224, 4.225;
| 6  Horizon | RMSE: 31.716, 31.685; MAE: 19.490, 19.679; MAPE: 11.540, 11.813; Q10: 4.718, 4.722; Q50: 9.876, 9.960; Q90: 4.407, 4.495;
| 12 Horizon | RMSE: 34.253, 34.885; MAE: 21.278, 21.831; MAPE: 12.742, 13.223; Q10: 5.225, 5.358; Q50: 10.784, 11.050; Q90: 4.833, 5.026;
epoch 40 time used: 48  seconds  train loss: 16.939 val loss: 6.345922 test loss: 6.414502
Epoch 41: 
| 3  Horizon | RMSE: 29.762, 29.346; MAE: 18.375, 18.270; MAPE: 10.748, 10.866; Q10: 4.369, 4.288; Q50: 9.318, 9.252; Q90: 4.169, 4.172;
| 6  Horizon | RMSE: 31.229, 31.033; MAE: 19.152, 19.257; MAPE: 11.202, 11.430; Q10: 4.632, 4.610; Q50: 9.712, 9.751; Q90: 4.360, 4.447;
| 12 Horizon | RMSE: 33.031, 33.529; MAE: 20.386, 20.886; MAPE: 12.099, 12.557; Q10: 4.976, 5.058; Q50: 10.329, 10.567; Q90: 4.686, 4.909;
epoch 41 time used: 48  seconds  train loss: 16.917 val loss: 6.216475 test loss: 6.264314
Epoch 42: 
| 3  Horizon | RMSE: 30.348, 30.172; MAE: 18.530, 18.450; MAPE: 10.863, 10.967; Q10: 4.455, 4.404; Q50: 9.395, 9.341; Q90: 4.199, 4.180;
| 6  Horizon | RMSE: 31.627, 31.865; MAE: 19.350, 19.573; MAPE: 11.492, 11.683; Q10: 4.672, 4.711; Q50: 9.827, 9.925; Q90: 4.408, 4.508;
| 12 Horizon | RMSE: 33.367, 34.397; MAE: 20.567, 21.201; MAPE: 12.506, 12.838; Q10: 5.015, 5.173; Q50: 10.451, 10.753; Q90: 4.764, 5.010;
epoch 42 time used: 49  seconds  train loss: 16.885 val loss: 6.275886 test loss: 6.351104
Epoch 43: 
| 3  Horizon | RMSE: 29.973, 29.676; MAE: 18.408, 18.329; MAPE: 10.697, 10.794; Q10: 4.386, 4.318; Q50: 9.331, 9.278; Q90: 4.176, 4.187;
| 6  Horizon | RMSE: 31.564, 31.507; MAE: 19.272, 19.389; MAPE: 11.152, 11.333; Q10: 4.675, 4.670; Q50: 9.771, 9.816; Q90: 4.402, 4.496;
| 12 Horizon | RMSE: 33.377, 33.840; MAE: 20.578, 20.993; MAPE: 12.374, 12.625; Q10: 5.030, 5.089; Q50: 10.456, 10.648; Q90: 4.769, 4.995;
epoch 43 time used: 48  seconds  train loss: 16.885 val loss: 6.265218 test loss: 6.314342
Epoch 44: 
| 3  Horizon | RMSE: 30.129, 29.762; MAE: 18.395, 18.298; MAPE: 10.768, 10.827; Q10: 4.390, 4.325; Q50: 9.331, 9.270; Q90: 4.175, 4.157;
| 6  Horizon | RMSE: 31.550, 31.482; MAE: 19.219, 19.377; MAPE: 11.157, 11.342; Q10: 4.652, 4.655; Q50: 9.742, 9.809; Q90: 4.383, 4.467;
| 12 Horizon | RMSE: 33.306, 33.842; MAE: 20.449, 20.965; MAPE: 12.255, 12.592; Q10: 5.003, 5.106; Q50: 10.352, 10.601; Q90: 4.677, 4.883;
epoch 44 time used: 48  seconds  train loss: 16.851 val loss: 6.231013 test loss: 6.287251
Epoch 45: 
| 3  Horizon | RMSE: 30.032, 29.939; MAE: 18.367, 18.340; MAPE: 10.759, 10.844; Q10: 4.398, 4.360; Q50: 9.319, 9.293; Q90: 4.181, 4.190;
| 6  Horizon | RMSE: 31.526, 31.739; MAE: 19.157, 19.362; MAPE: 11.161, 11.362; Q10: 4.651, 4.685; Q50: 9.720, 9.810; Q90: 4.361, 4.451;
| 12 Horizon | RMSE: 33.167, 34.001; MAE: 20.253, 20.856; MAPE: 11.929, 12.327; Q10: 4.975, 5.112; Q50: 10.272, 10.562; Q90: 4.661, 4.893;
epoch 45 time used: 48  seconds  train loss: 16.863 val loss: 6.21757 test loss: 6.299548
Epoch 46: 
| 3  Horizon | RMSE: 30.178, 29.956; MAE: 18.439, 18.379; MAPE: 10.926, 11.014; Q10: 4.430, 4.377; Q50: 9.351, 9.308; Q90: 4.151, 4.152;
| 6  Horizon | RMSE: 31.385, 31.457; MAE: 19.095, 19.291; MAPE: 11.194, 11.400; Q10: 4.657, 4.670; Q50: 9.684, 9.770; Q90: 4.338, 4.451;
| 12 Horizon | RMSE: 33.043, 33.757; MAE: 20.264, 20.865; MAPE: 11.932, 12.330; Q10: 4.983, 5.113; Q50: 10.280, 10.568; Q90: 4.660, 4.929;
epoch 46 time used: 48  seconds  train loss: 16.819 val loss: 6.21198 test loss: 6.292227
Epoch 47: 
| 3  Horizon | RMSE: 30.236, 30.017; MAE: 18.505, 18.419; MAPE: 10.818, 10.924; Q10: 4.418, 4.360; Q50: 9.389, 9.333; Q90: 4.159, 4.168;
| 6  Horizon | RMSE: 31.864, 31.930; MAE: 19.371, 19.503; MAPE: 11.360, 11.565; Q10: 4.748, 4.768; Q50: 9.832, 9.886; Q90: 4.365, 4.440;
| 12 Horizon | RMSE: 33.705, 34.322; MAE: 20.534, 21.048; MAPE: 12.100, 12.518; Q10: 5.083, 5.214; Q50: 10.410, 10.655; Q90: 4.652, 4.833;
epoch 47 time used: 48  seconds  train loss: 16.838 val loss: 6.278683 test loss: 6.337214
Epoch 48: 
| 3  Horizon | RMSE: 30.010, 29.778; MAE: 18.426, 18.348; MAPE: 10.889, 10.992; Q10: 4.400, 4.339; Q50: 9.355, 9.303; Q90: 4.180, 4.165;
| 6  Horizon | RMSE: 31.421, 31.529; MAE: 19.140, 19.310; MAPE: 11.208, 11.451; Q10: 4.648, 4.670; Q50: 9.716, 9.789; Q90: 4.356, 4.427;
| 12 Horizon | RMSE: 33.272, 33.893; MAE: 20.355, 20.858; MAPE: 12.135, 12.530; Q10: 4.980, 5.101; Q50: 10.336, 10.575; Q90: 4.675, 4.843;
epoch 48 time used: 49  seconds  train loss: 16.814 val loss: 6.226973 test loss: 6.284289
Epoch 49: 
| 3  Horizon | RMSE: 30.134, 29.614; MAE: 18.452, 18.288; MAPE: 10.852, 10.938; Q10: 4.423, 4.335; Q50: 9.358, 9.261; Q90: 4.151, 4.142;
| 6  Horizon | RMSE: 31.817, 31.480; MAE: 19.383, 19.400; MAPE: 11.446, 11.666; Q10: 4.714, 4.684; Q50: 9.825, 9.819; Q90: 4.358, 4.399;
| 12 Horizon | RMSE: 33.164, 33.519; MAE: 20.422, 20.815; MAPE: 12.079, 12.445; Q10: 5.014, 5.067; Q50: 10.359, 10.540; Q90: 4.687, 4.847;
epoch 49 time used: 48  seconds  train loss: 16.808 val loss: 6.2451 test loss: 6.266413
Epoch 50: 
| 3  Horizon | RMSE: 30.295, 30.106; MAE: 18.620, 18.537; MAPE: 11.088, 11.146; Q10: 4.465, 4.412; Q50: 9.457, 9.402; Q90: 4.186, 4.176;
| 6  Horizon | RMSE: 31.891, 32.046; MAE: 19.389, 19.529; MAPE: 11.545, 11.726; Q10: 4.723, 4.767; Q50: 9.846, 9.904; Q90: 4.359, 4.407;
| 12 Horizon | RMSE: 33.772, 34.555; MAE: 20.598, 21.117; MAPE: 12.160, 12.561; Q10: 5.059, 5.215; Q50: 10.448, 10.695; Q90: 4.670, 4.822;
epoch 50 time used: 48  seconds  train loss: 16.776 val loss: 6.288333 test loss: 6.347152
Epoch 51: 
| 3  Horizon | RMSE: 29.924, 29.653; MAE: 18.457, 18.376; MAPE: 11.127, 11.172; Q10: 4.389, 4.330; Q50: 9.377, 9.322; Q90: 4.167, 4.162;
| 6  Horizon | RMSE: 31.332, 31.386; MAE: 19.138, 19.326; MAPE: 11.309, 11.507; Q10: 4.647, 4.659; Q50: 9.718, 9.799; Q90: 4.354, 4.444;
| 12 Horizon | RMSE: 33.198, 33.817; MAE: 20.333, 20.863; MAPE: 11.959, 12.361; Q10: 4.993, 5.089; Q50: 10.320, 10.573; Q90: 4.668, 4.900;
epoch 51 time used: 46  seconds  train loss: 16.804 val loss: 6.221351 test loss: 6.284553
Epoch 52: 
| 3  Horizon | RMSE: 30.008, 29.773; MAE: 18.367, 18.332; MAPE: 10.827, 10.916; Q10: 4.393, 4.336; Q50: 9.320, 9.290; Q90: 4.155, 4.173;
| 6  Horizon | RMSE: 31.508, 31.547; MAE: 19.188, 19.388; MAPE: 11.308, 11.492; Q10: 4.669, 4.673; Q50: 9.741, 9.830; Q90: 4.369, 4.472;
| 12 Horizon | RMSE: 33.344, 34.095; MAE: 20.411, 21.032; MAPE: 11.997, 12.380; Q10: 5.024, 5.125; Q50: 10.360, 10.660; Q90: 4.694, 4.976;
epoch 52 time used: 46  seconds  train loss: 16.777 val loss: 6.241897 test loss: 6.326896
Epoch 53: 
| 3  Horizon | RMSE: 29.836, 29.583; MAE: 18.389, 18.302; MAPE: 11.007, 11.080; Q10: 4.381, 4.320; Q50: 9.340, 9.283; Q90: 4.207, 4.207;
| 6  Horizon | RMSE: 31.324, 31.386; MAE: 19.153, 19.302; MAPE: 11.272, 11.483; Q10: 4.644, 4.663; Q50: 9.723, 9.785; Q90: 4.390, 4.474;
| 12 Horizon | RMSE: 33.182, 33.720; MAE: 20.450, 20.933; MAPE: 12.222, 12.573; Q10: 4.996, 5.097; Q50: 10.388, 10.616; Q90: 4.728, 4.942;
epoch 53 time used: 47  seconds  train loss: 16.77 val loss: 6.241767 test loss: 6.301983
Epoch 54: 
| 3  Horizon | RMSE: 29.799, 29.720; MAE: 18.362, 18.330; MAPE: 10.797, 10.962; Q10: 4.373, 4.322; Q50: 9.297, 9.269; Q90: 4.166, 4.182;
| 6  Horizon | RMSE: 31.376, 31.597; MAE: 19.404, 19.616; MAPE: 11.657, 11.971; Q10: 4.654, 4.678; Q50: 9.818, 9.913; Q90: 4.402, 4.500;
| 12 Horizon | RMSE: 33.163, 33.900; MAE: 20.701, 21.300; MAPE: 12.663, 13.176; Q10: 4.996, 5.098; Q50: 10.469, 10.761; Q90: 4.745, 5.007;
epoch 54 time used: 46  seconds  train loss: 16.737 val loss: 6.247401 test loss: 6.325504
Epoch 55: 
| 3  Horizon | RMSE: 30.151, 30.140; MAE: 18.399, 18.389; MAPE: 10.759, 10.922; Q10: 4.381, 4.337; Q50: 9.335, 9.316; Q90: 4.192, 4.200;
| 6  Horizon | RMSE: 31.923, 32.276; MAE: 19.277, 19.472; MAPE: 11.234, 11.516; Q10: 4.693, 4.736; Q50: 9.783, 9.866; Q90: 4.409, 4.505;
| 12 Horizon | RMSE: 33.747, 34.590; MAE: 20.694, 21.254; MAPE: 12.039, 12.452; Q10: 5.019, 5.126; Q50: 10.508, 10.773; Q90: 4.915, 5.203;
epoch 55 time used: 47  seconds  train loss: 16.736 val loss: 6.289457 test loss: 6.374475
Epoch 56: 
| 3  Horizon | RMSE: 29.817, 29.846; MAE: 18.268, 18.298; MAPE: 10.686, 10.843; Q10: 4.370, 4.332; Q50: 9.265, 9.268; Q90: 4.145, 4.171;
| 6  Horizon | RMSE: 31.291, 31.656; MAE: 19.040, 19.297; MAPE: 11.158, 11.424; Q10: 4.639, 4.688; Q50: 9.664, 9.781; Q90: 4.312, 4.423;
| 12 Horizon | RMSE: 33.472, 34.208; MAE: 20.409, 20.913; MAPE: 12.066, 12.467; Q10: 5.084, 5.206; Q50: 10.360, 10.600; Q90: 4.645, 4.833;
epoch 56 time used: 47  seconds  train loss: 16.739 val loss: 6.205347 test loss: 6.290491
Epoch 57: 
| 3  Horizon | RMSE: 29.975, 29.831; MAE: 18.379, 18.377; MAPE: 10.719, 10.857; Q10: 4.400, 4.356; Q50: 9.326, 9.313; Q90: 4.162, 4.165;
| 6  Horizon | RMSE: 31.528, 31.652; MAE: 19.244, 19.449; MAPE: 11.220, 11.466; Q10: 4.674, 4.698; Q50: 9.770, 9.861; Q90: 4.356, 4.431;
| 12 Horizon | RMSE: 33.423, 34.150; MAE: 20.546, 21.092; MAPE: 12.054, 12.480; Q10: 5.061, 5.167; Q50: 10.431, 10.692; Q90: 4.687, 4.907;
epoch 57 time used: 46  seconds  train loss: 16.724 val loss: 6.252274 test loss: 6.327365
Epoch 58: 
| 3  Horizon | RMSE: 30.125, 30.126; MAE: 18.620, 18.622; MAPE: 10.777, 10.921; Q10: 4.431, 4.393; Q50: 9.450, 9.438; Q90: 4.210, 4.240;
| 6  Horizon | RMSE: 31.945, 32.250; MAE: 19.771, 19.978; MAPE: 11.306, 11.550; Q10: 4.715, 4.751; Q50: 10.036, 10.126; Q90: 4.549, 4.669;
| 12 Horizon | RMSE: 33.338, 34.134; MAE: 20.605, 21.177; MAPE: 11.968, 12.392; Q10: 5.010, 5.128; Q50: 10.456, 10.730; Q90: 4.856, 5.131;
epoch 58 time used: 46  seconds  train loss: 16.706 val loss: 6.362447 test loss: 6.450787
Epoch 59: 
| 3  Horizon | RMSE: 29.868, 29.909; MAE: 18.367, 18.426; MAPE: 10.777, 10.913; Q10: 4.386, 4.361; Q50: 9.320, 9.336; Q90: 4.157, 4.195;
| 6  Horizon | RMSE: 31.360, 31.755; MAE: 19.172, 19.480; MAPE: 11.205, 11.460; Q10: 4.654, 4.702; Q50: 9.730, 9.872; Q90: 4.425, 4.569;
| 12 Horizon | RMSE: 33.289, 34.067; MAE: 20.612, 21.214; MAPE: 12.415, 12.741; Q10: 5.024, 5.146; Q50: 10.472, 10.760; Q90: 4.770, 5.060;
epoch 59 time used: 47  seconds  train loss: 16.69 val loss: 6.254715 test loss: 6.364772
Epoch 60: 
| 3  Horizon | RMSE: 29.771, 29.666; MAE: 18.370, 18.367; MAPE: 10.766, 10.929; Q10: 4.372, 4.332; Q50: 9.315, 9.302; Q90: 4.185, 4.213;
| 6  Horizon | RMSE: 31.284, 31.490; MAE: 19.247, 19.427; MAPE: 11.308, 11.517; Q10: 4.647, 4.680; Q50: 9.773, 9.851; Q90: 4.414, 4.528;
| 12 Horizon | RMSE: 33.017, 33.770; MAE: 20.381, 20.941; MAPE: 12.070, 12.471; Q10: 5.003, 5.131; Q50: 10.348, 10.615; Q90: 4.675, 4.921;
epoch 60 time used: 46  seconds  train loss: 16.698 val loss: 6.241477 test loss: 6.324601
Epoch 61: 
| 3  Horizon | RMSE: 29.814, 29.936; MAE: 18.315, 18.377; MAPE: 10.716, 10.914; Q10: 4.370, 4.345; Q50: 9.279, 9.299; Q90: 4.140, 4.173;
| 6  Horizon | RMSE: 31.367, 31.864; MAE: 19.218, 19.530; MAPE: 11.177, 11.488; Q10: 4.662, 4.716; Q50: 9.742, 9.886; Q90: 4.408, 4.557;
| 12 Horizon | RMSE: 33.136, 34.083; MAE: 20.494, 21.147; MAPE: 12.507, 12.968; Q10: 5.042, 5.174; Q50: 10.371, 10.690; Q90: 4.667, 4.921;
epoch 61 time used: 47  seconds  train loss: 16.7 val loss: 6.232428 test loss: 6.343905
Epoch 62: 
| 3  Horizon | RMSE: 30.435, 30.436; MAE: 18.658, 18.600; MAPE: 10.935, 11.100; Q10: 4.452, 4.413; Q50: 9.455, 9.414; Q90: 4.195, 4.191;
| 6  Horizon | RMSE: 31.892, 32.302; MAE: 19.395, 19.557; MAPE: 11.268, 11.540; Q10: 4.705, 4.761; Q50: 9.839, 9.908; Q90: 4.371, 4.445;
| 12 Horizon | RMSE: 33.262, 34.270; MAE: 20.417, 21.032; MAPE: 11.998, 12.424; Q10: 4.999, 5.144; Q50: 10.366, 10.661; Q90: 4.685, 4.917;
epoch 62 time used: 46  seconds  train loss: 16.682 val loss: 6.256671 test loss: 6.342514
Epoch 63: 
| 3  Horizon | RMSE: 29.751, 29.862; MAE: 18.405, 18.447; MAPE: 10.709, 10.860; Q10: 4.393, 4.357; Q50: 9.341, 9.350; Q90: 4.145, 4.173;
| 6  Horizon | RMSE: 31.233, 31.711; MAE: 19.134, 19.384; MAPE: 11.178, 11.433; Q10: 4.640, 4.685; Q50: 9.712, 9.825; Q90: 4.370, 4.480;
| 12 Horizon | RMSE: 33.136, 34.010; MAE: 20.493, 21.047; MAPE: 12.143, 12.506; Q10: 5.022, 5.130; Q50: 10.407, 10.671; Q90: 4.690, 4.948;
epoch 63 time used: 47  seconds  train loss: 16.667 val loss: 6.242437 test loss: 6.338662
Epoch 64: 
| 3  Horizon | RMSE: 29.912, 30.040; MAE: 18.360, 18.393; MAPE: 10.883, 11.065; Q10: 4.379, 4.352; Q50: 9.304, 9.309; Q90: 4.136, 4.157;
| 6  Horizon | RMSE: 31.476, 32.008; MAE: 19.163, 19.420; MAPE: 11.352, 11.653; Q10: 4.670, 4.748; Q50: 9.711, 9.828; Q90: 4.336, 4.454;
| 12 Horizon | RMSE: 33.297, 34.209; MAE: 20.461, 20.985; MAPE: 12.390, 12.824; Q10: 5.074, 5.224; Q50: 10.360, 10.613; Q90: 4.667, 4.893;
epoch 64 time used: 46  seconds  train loss: 16.677 val loss: 6.221949 test loss: 6.320954
Epoch 65: 
| 3  Horizon | RMSE: 29.962, 29.978; MAE: 18.338, 18.355; MAPE: 10.783, 10.962; Q10: 4.396, 4.377; Q50: 9.303, 9.299; Q90: 4.137, 4.148;
| 6  Horizon | RMSE: 31.850, 32.262; MAE: 19.285, 19.506; MAPE: 11.288, 11.595; Q10: 4.735, 4.815; Q50: 9.785, 9.884; Q90: 4.339, 4.412;
| 12 Horizon | RMSE: 33.383, 34.327; MAE: 20.315, 20.924; MAPE: 12.046, 12.520; Q10: 5.064, 5.248; Q50: 10.308, 10.600; Q90: 4.611, 4.818;
epoch 65 time used: 46  seconds  train loss: 16.635 val loss: 6.22977 test loss: 6.326208
Epoch 66: 
| 3  Horizon | RMSE: 29.836, 30.148; MAE: 18.455, 18.572; MAPE: 10.679, 10.871; Q10: 4.395, 4.389; Q50: 9.365, 9.412; Q90: 4.192, 4.249;
| 6  Horizon | RMSE: 31.371, 32.096; MAE: 19.279, 19.661; MAPE: 11.131, 11.465; Q10: 4.661, 4.751; Q50: 9.776, 9.957; Q90: 4.382, 4.529;
| 12 Horizon | RMSE: 33.395, 34.639; MAE: 20.742, 21.500; MAPE: 11.954, 12.450; Q10: 5.026, 5.192; Q50: 10.519, 10.889; Q90: 4.750, 5.073;
Early stopping at epoch: 66
Model  stnorm  Best Results:
Epoch 56: 
=        =        Horizon  3        =        =        =        =        Horizon  6        =        =        =        =        Horizon  12       =        =       
RMSE     MAE      MAPE     Q10      Q50      Q90      RMSE     MAE      MAPE     Q10      Q50      Q90      RMSE     MAE      MAPE     Q10      Q50      Q90     
29.846   18.298   10.843   4.332    9.268    4.171    31.656   19.297   11.424   4.688    9.781    4.423    34.208   20.913   12.467   5.206    10.600   4.833   
Model Training Ended ... Fri Dec 22 21:58:30 2023
