nohup: ignoring input
pdate shape is:  (16992,)
./save/pems04_stgcn17_in12_out12_addtimeFalse_adjTrue_lr0.001_hc32_train0.7_val0.1_test0.2_seed233_lossquantile_versionstq18_s300slen30q3000_note: training started Sun Oct 15 17:35:58 2023
pdate shape is:  (16992,)
data load........
initial data shape is:  (16992, 307, 3)
train_mean shape : (307,)
train  :  (11873, 24, 307, 3)
val  :  (1697, 24, 307, 3)
test  :  (3388, 24, 307, 3)
Model Training Started ... Sun Oct 15 17:36:00 2023
TIMESTEP_IN, TIMESTEP_OUT 12 12
LOSS is : quantile
qcl init quantile loss is [0.010000000000000009, 0.5, 0.99]
Spatial CL target length = 1
Spatial CL target length = 2
Epoch 0: 
| 3  Horizon | RMSE: 37.776, 36.634; MAE: 25.149, 24.532; MAPE: 14.919, 15.050; Q10: 5.874, 5.713; Q50: 12.734, 12.395; Q90: 6.045, 5.861;
| 6  Horizon | RMSE: 41.943, 40.614; MAE: 27.814, 27.077; MAPE: 15.702, 15.796; Q10: 6.290, 6.134; Q50: 14.089, 13.687; Q90: 6.993, 6.754;
| 12 Horizon | RMSE: 54.147, 51.730; MAE: 36.191, 34.981; MAPE: 20.673, 20.617; Q10: 7.710, 7.496; Q50: 18.339, 17.694; Q90: 10.199, 9.471;
epoch 0 time used: 44  seconds  train loss: 26.006 val loss: 9.575028 test loss: 9.250397
Spatial CL target length = 3
Spatial CL target length = 4
Spatial CL target length = 5
Spatial CL target length = 6
Spatial CL target length = 7
Epoch 1: 
| 3  Horizon | RMSE: 32.863, 32.004; MAE: 21.716, 21.208; MAPE: 14.319, 14.219; Q10: 5.035, 4.886; Q50: 11.006, 10.737; Q90: 4.922, 4.839;
| 6  Horizon | RMSE: 35.003, 34.279; MAE: 23.034, 22.651; MAPE: 14.294, 14.326; Q10: 5.392, 5.268; Q50: 11.677, 11.469; Q90: 5.289, 5.272;
| 12 Horizon | RMSE: 39.563, 39.252; MAE: 26.359, 26.350; MAPE: 15.916, 16.506; Q10: 6.086, 5.994; Q50: 13.341, 13.319; Q90: 6.160, 6.227;
epoch 1 time used: 41  seconds  train loss: 23.405 val loss: 7.55523 test loss: 7.446047
Spatial CL target length = 8
Spatial CL target length = 9
Spatial CL target length = 10
Spatial CL target length = 11
Spatial CL target length = 12
Epoch 2: 
| 3  Horizon | RMSE: 32.660, 31.829; MAE: 20.915, 20.498; MAPE: 12.452, 12.450; Q10: 4.934, 4.791; Q50: 10.605, 10.378; Q90: 4.818, 4.753;
| 6  Horizon | RMSE: 34.507, 33.921; MAE: 22.243, 21.999; MAPE: 13.278, 13.368; Q10: 5.131, 5.052; Q50: 11.279, 11.138; Q90: 5.212, 5.176;
| 12 Horizon | RMSE: 37.274, 37.402; MAE: 24.400, 24.630; MAPE: 14.488, 14.845; Q10: 5.709, 5.692; Q50: 12.374, 12.469; Q90: 5.613, 5.726;
epoch 2 time used: 41  seconds  train loss: 20.94 val loss: 7.219438 test loss: 7.150806
Spatial CL target length = 13
Spatial CL target length = 14
Spatial CL target length = 15
Spatial CL target length = 16
Spatial CL target length = 17
Epoch 3: 
| 3  Horizon | RMSE: 31.681, 30.966; MAE: 20.053, 19.788; MAPE: 11.635, 11.706; Q10: 4.772, 4.645; Q50: 10.174, 10.026; Q90: 4.558, 4.543;
| 6  Horizon | RMSE: 33.301, 32.829; MAE: 21.218, 21.155; MAPE: 12.397, 12.591; Q10: 5.051, 4.959; Q50: 10.771, 10.724; Q90: 4.876, 4.955;
| 12 Horizon | RMSE: 36.531, 36.671; MAE: 23.737, 24.092; MAPE: 13.733, 14.170; Q10: 5.586, 5.575; Q50: 12.045, 12.203; Q90: 5.463, 5.642;
epoch 3 time used: 41  seconds  train loss: 20.144 val loss: 6.937812 test loss: 6.924017
Spatial CL target length = 18
Spatial CL target length = 19
Spatial CL target length = 20
Spatial CL target length = 21
Spatial CL target length = 22
Epoch 4: 
| 3  Horizon | RMSE: 31.233, 30.717; MAE: 19.833, 19.637; MAPE: 11.548, 11.645; Q10: 4.715, 4.591; Q50: 10.060, 9.945; Q90: 4.498, 4.518;
| 6  Horizon | RMSE: 32.791, 32.591; MAE: 20.919, 20.957; MAPE: 12.188, 12.446; Q10: 4.958, 4.898; Q50: 10.612, 10.614; Q90: 4.774, 4.877;
| 12 Horizon | RMSE: 35.455, 36.208; MAE: 22.960, 23.625; MAPE: 13.426, 14.287; Q10: 5.426, 5.522; Q50: 11.637, 11.951; Q90: 5.259, 5.528;
epoch 4 time used: 41  seconds  train loss: 19.693 val loss: 6.810471 test loss: 6.851463
Spatial CL target length = 23
Spatial CL target length = 24
Spatial CL target length = 25
Spatial CL target length = 26
Spatial CL target length = 27
Epoch 5: 
| 3  Horizon | RMSE: 30.950, 30.528; MAE: 19.587, 19.420; MAPE: 11.335, 11.386; Q10: 4.678, 4.560; Q50: 9.940, 9.839; Q90: 4.431, 4.455;
| 6  Horizon | RMSE: 32.529, 32.327; MAE: 20.760, 20.726; MAPE: 12.310, 12.366; Q10: 4.921, 4.834; Q50: 10.547, 10.511; Q90: 4.738, 4.839;
| 12 Horizon | RMSE: 35.251, 35.615; MAE: 22.858, 23.187; MAPE: 13.533, 13.790; Q10: 5.408, 5.396; Q50: 11.611, 11.751; Q90: 5.148, 5.354;
epoch 5 time used: 41  seconds  train loss: 19.218 val loss: 6.733508 test loss: 6.74091
Spatial CL target length = 28
Spatial CL target length = 29
Spatial CL target length = 30
Epoch 6: 
| 3  Horizon | RMSE: 30.972, 30.471; MAE: 19.793, 19.603; MAPE: 12.073, 12.230; Q10: 4.676, 4.583; Q50: 10.004, 9.894; Q90: 4.452, 4.459;
| 6  Horizon | RMSE: 32.391, 32.184; MAE: 20.620, 20.641; MAPE: 12.071, 12.318; Q10: 4.912, 4.847; Q50: 10.440, 10.433; Q90: 4.662, 4.732;
| 12 Horizon | RMSE: 35.329, 35.646; MAE: 22.790, 23.147; MAPE: 13.121, 13.572; Q10: 5.437, 5.429; Q50: 11.563, 11.722; Q90: 5.180, 5.368;
epoch 6 time used: 41  seconds  train loss: 19.046 val loss: 6.736146 test loss: 6.745866
Epoch 7: 
| 3  Horizon | RMSE: 31.002, 30.902; MAE: 19.802, 19.878; MAPE: 11.307, 11.515; Q10: 4.717, 4.655; Q50: 10.048, 10.071; Q90: 4.440, 4.530;
| 6  Horizon | RMSE: 32.335, 32.487; MAE: 20.609, 20.888; MAPE: 11.713, 12.074; Q10: 4.913, 4.886; Q50: 10.451, 10.576; Q90: 4.630, 4.784;
| 12 Horizon | RMSE: 34.768, 35.425; MAE: 22.382, 22.975; MAPE: 12.858, 13.466; Q10: 5.339, 5.390; Q50: 11.355, 11.633; Q90: 5.082, 5.338;
epoch 7 time used: 42  seconds  train loss: 18.886 val loss: 6.699985 test loss: 6.792599
Quantile cl loss is [0.009999999999999995, 0.5, 0.99]
Epoch 8: 
| 3  Horizon | RMSE: 30.629, 30.296; MAE: 19.348, 19.242; MAPE: 11.247, 11.313; Q10: 6.272, 6.207; Q50: 9.820, 9.749; Q90: 6.012, 5.868;
| 6  Horizon | RMSE: 32.010, 31.902; MAE: 20.202, 20.278; MAPE: 11.753, 11.992; Q10: 6.813, 6.743; Q50: 10.238, 10.258; Q90: 6.340, 6.209;
| 12 Horizon | RMSE: 34.580, 35.009; MAE: 22.149, 22.590; MAPE: 13.156, 13.763; Q10: 7.420, 7.337; Q50: 11.214, 11.417; Q90: 6.976, 6.916;
epoch 8 time used: 41  seconds  train loss: 15.441 val loss: 7.802257 test loss: 7.753883
Epoch 9: 
| 3  Horizon | RMSE: 30.781, 30.326; MAE: 19.421, 19.254; MAPE: 11.234, 11.374; Q10: 6.826, 6.754; Q50: 9.848, 9.744; Q90: 6.138, 6.003;
| 6  Horizon | RMSE: 32.284, 32.084; MAE: 20.471, 20.497; MAPE: 12.016, 12.307; Q10: 6.650, 6.582; Q50: 10.368, 10.362; Q90: 6.749, 6.634;
| 12 Horizon | RMSE: 35.243, 35.323; MAE: 22.586, 22.824; MAPE: 13.211, 13.648; Q10: 7.544, 7.456; Q50: 11.447, 11.543; Q90: 7.178, 7.109;
epoch 9 time used: 41  seconds  train loss: 11.291 val loss: 7.982038 test loss: 7.918335
Quantile cl loss is [0.020000000000000004, 0.5, 0.98]
Epoch 10: 
| 3  Horizon | RMSE: 31.001, 30.980; MAE: 19.788, 19.867; MAPE: 11.221, 11.452; Q10: 6.114, 6.062; Q50: 10.037, 10.059; Q90: 5.193, 5.165;
| 6  Horizon | RMSE: 32.216, 32.365; MAE: 20.461, 20.674; MAPE: 11.614, 11.909; Q10: 6.257, 6.218; Q50: 10.378, 10.468; Q90: 5.315, 5.309;
| 12 Horizon | RMSE: 34.640, 35.248; MAE: 22.330, 22.843; MAPE: 12.797, 13.371; Q10: 7.014, 6.959; Q50: 11.312, 11.551; Q90: 5.945, 6.002;
epoch 10 time used: 41  seconds  train loss: 11.67 val loss: 7.384059 test loss: 7.409118
Epoch 11: 
| 3  Horizon | RMSE: 30.585, 30.433; MAE: 19.340, 19.353; MAPE: 11.071, 11.217; Q10: 5.800, 5.772; Q50: 9.813, 9.801; Q90: 5.120, 5.021;
| 6  Horizon | RMSE: 31.894, 31.878; MAE: 20.070, 20.203; MAPE: 11.550, 11.817; Q10: 5.917, 5.906; Q50: 10.174, 10.222; Q90: 5.493, 5.413;
| 12 Horizon | RMSE: 34.233, 34.788; MAE: 21.841, 22.321; MAPE: 12.548, 13.024; Q10: 6.570, 6.562; Q50: 11.077, 11.298; Q90: 5.892, 5.883;
epoch 11 time used: 59  seconds  train loss: 12.279 val loss: 7.223433 test loss: 7.225648
Quantile cl loss is [0.03, 0.5, 0.97]
Epoch 12: 
| 3  Horizon | RMSE: 30.451, 30.311; MAE: 19.199, 19.214; MAPE: 11.143, 11.262; Q10: 5.416, 5.395; Q50: 9.743, 9.732; Q90: 4.953, 4.884;
| 6  Horizon | RMSE: 31.781, 32.006; MAE: 19.989, 20.261; MAPE: 11.501, 11.807; Q10: 5.540, 5.544; Q50: 10.138, 10.258; Q90: 5.228, 5.199;
| 12 Horizon | RMSE: 34.146, 35.025; MAE: 21.738, 22.422; MAPE: 12.497, 13.071; Q10: 6.406, 6.417; Q50: 11.033, 11.358; Q90: 5.483, 5.557;
epoch 12 time used: 58  seconds  train loss: 12.638 val loss: 7.029835 test loss: 7.06882
Epoch 13: 
| 3  Horizon | RMSE: 30.441, 30.209; MAE: 19.174, 19.161; MAPE: 11.127, 11.323; Q10: 5.196, 5.168; Q50: 9.724, 9.699; Q90: 4.933, 4.856;
| 6  Horizon | RMSE: 31.896, 32.118; MAE: 20.181, 20.456; MAPE: 11.641, 11.891; Q10: 5.728, 5.722; Q50: 10.250, 10.371; Q90: 4.969, 4.961;
| 12 Horizon | RMSE: 34.254, 34.835; MAE: 21.842, 22.352; MAPE: 12.548, 12.997; Q10: 6.130, 6.134; Q50: 11.088, 11.323; Q90: 5.320, 5.400;
epoch 13 time used: 58  seconds  train loss: 13.174 val loss: 6.972002 test loss: 7.001001
Quantile cl loss is [0.04, 0.5, 0.96]
Epoch 14: 
| 3  Horizon | RMSE: 30.476, 30.334; MAE: 19.229, 19.254; MAPE: 11.095, 11.229; Q10: 5.043, 5.023; Q50: 9.762, 9.757; Q90: 4.645, 4.588;
| 6  Horizon | RMSE: 31.875, 32.026; MAE: 20.091, 20.317; MAPE: 11.497, 11.772; Q10: 5.372, 5.377; Q50: 10.197, 10.294; Q90: 4.920, 4.910;
| 12 Horizon | RMSE: 34.370, 34.906; MAE: 21.957, 22.419; MAPE: 12.645, 13.072; Q10: 5.702, 5.734; Q50: 11.148, 11.360; Q90: 5.298, 5.369;
epoch 14 time used: 58  seconds  train loss: 13.466 val loss: 6.815504 test loss: 6.850079
Epoch 15: 
| 3  Horizon | RMSE: 30.427, 30.311; MAE: 19.234, 19.264; MAPE: 11.164, 11.288; Q10: 5.118, 5.101; Q50: 9.768, 9.766; Q90: 4.534, 4.497;
| 6  Horizon | RMSE: 31.768, 32.031; MAE: 20.047, 20.339; MAPE: 11.472, 11.785; Q10: 5.286, 5.295; Q50: 10.178, 10.310; Q90: 4.687, 4.715;
| 12 Horizon | RMSE: 33.990, 34.610; MAE: 21.582, 22.098; MAPE: 12.377, 12.872; Q10: 5.658, 5.702; Q50: 10.952, 11.192; Q90: 5.157, 5.248;
epoch 15 time used: 59  seconds  train loss: 13.903 val loss: 6.746906 test loss: 6.794049
Quantile cl loss is [0.05, 0.5, 0.95]
Epoch 16: 
| 3  Horizon | RMSE: 30.525, 30.364; MAE: 19.224, 19.253; MAPE: 11.123, 11.296; Q10: 4.789, 4.779; Q50: 9.758, 9.757; Q90: 4.566, 4.532;
| 6  Horizon | RMSE: 31.856, 32.071; MAE: 19.990, 20.287; MAPE: 11.472, 11.829; Q10: 5.069, 5.100; Q50: 10.142, 10.277; Q90: 4.775, 4.816;
| 12 Horizon | RMSE: 34.149, 35.105; MAE: 21.773, 22.539; MAPE: 12.570, 13.170; Q10: 5.607, 5.681; Q50: 11.056, 11.423; Q90: 5.139, 5.306;
epoch 16 time used: 58  seconds  train loss: 14.18 val loss: 6.693402 test loss: 6.769723
Epoch 17: 
| 3  Horizon | RMSE: 30.516, 30.397; MAE: 19.223, 19.251; MAPE: 11.156, 11.303; Q10: 4.824, 4.809; Q50: 9.757, 9.754; Q90: 4.633, 4.596;
| 6  Horizon | RMSE: 31.890, 32.112; MAE: 20.077, 20.352; MAPE: 11.655, 12.002; Q10: 5.060, 5.080; Q50: 10.174, 10.295; Q90: 4.820, 4.855;
| 12 Horizon | RMSE: 34.184, 34.949; MAE: 21.772, 22.403; MAPE: 12.683, 13.327; Q10: 5.441, 5.505; Q50: 11.028, 11.328; Q90: 5.223, 5.357;
epoch 17 time used: 58  seconds  train loss: 14.658 val loss: 6.692934 test loss: 6.759049
Quantile cl loss is [0.06000000000000001, 0.5, 0.94]
Epoch 18: 
| 3  Horizon | RMSE: 30.493, 30.345; MAE: 19.217, 19.264; MAPE: 11.074, 11.358; Q10: 4.760, 4.742; Q50: 9.745, 9.752; Q90: 4.468, 4.452;
| 6  Horizon | RMSE: 31.876, 32.024; MAE: 20.000, 20.250; MAPE: 11.493, 11.884; Q10: 4.939, 4.954; Q50: 10.138, 10.248; Q90: 4.656, 4.712;
| 12 Horizon | RMSE: 34.314, 35.040; MAE: 21.779, 22.400; MAPE: 12.372, 12.951; Q10: 5.683, 5.734; Q50: 11.050, 11.343; Q90: 5.043, 5.193;
epoch 18 time used: 58  seconds  train loss: 14.894 val loss: 6.632637 test loss: 6.700086
Epoch 19: 
| 3  Horizon | RMSE: 30.471, 30.470; MAE: 19.129, 19.297; MAPE: 11.005, 11.260; Q10: 4.689, 4.684; Q50: 9.700, 9.767; Q90: 4.397, 4.439;
| 6  Horizon | RMSE: 31.857, 32.164; MAE: 19.947, 20.334; MAPE: 11.667, 12.058; Q10: 4.908, 4.951; Q50: 10.100, 10.278; Q90: 4.599, 4.711;
| 12 Horizon | RMSE: 34.211, 35.135; MAE: 21.631, 22.385; MAPE: 12.368, 12.894; Q10: 5.410, 5.508; Q50: 10.977, 11.339; Q90: 4.969, 5.176;
epoch 19 time used: 58  seconds  train loss: 15.357 val loss: 6.580188 test loss: 6.704706
Quantile cl loss is [0.07, 0.5, 0.9299999999999999]
Epoch 20: 
| 3  Horizon | RMSE: 30.424, 30.512; MAE: 19.177, 19.352; MAPE: 11.087, 11.289; Q10: 4.698, 4.688; Q50: 9.731, 9.800; Q90: 4.400, 4.452;
| 6  Horizon | RMSE: 31.789, 32.233; MAE: 19.987, 20.385; MAPE: 11.576, 11.867; Q10: 4.914, 4.950; Q50: 10.146, 10.328; Q90: 4.588, 4.714;
| 12 Horizon | RMSE: 34.148, 35.095; MAE: 21.785, 22.471; MAPE: 12.689, 13.151; Q10: 5.398, 5.481; Q50: 11.062, 11.386; Q90: 4.989, 5.202;
epoch 20 time used: 58  seconds  train loss: 15.512 val loss: 6.576157 test loss: 6.693754
Epoch 21: 
| 3  Horizon | RMSE: 30.488, 30.275; MAE: 19.160, 19.120; MAPE: 11.276, 11.351; Q10: 4.624, 4.593; Q50: 9.730, 9.692; Q90: 4.430, 4.428;
| 6  Horizon | RMSE: 31.707, 31.948; MAE: 19.846, 20.112; MAPE: 11.490, 11.768; Q10: 4.855, 4.871; Q50: 10.074, 10.191; Q90: 4.551, 4.654;
| 12 Horizon | RMSE: 33.967, 34.676; MAE: 21.485, 22.051; MAPE: 12.444, 12.940; Q10: 5.269, 5.338; Q50: 10.905, 11.170; Q90: 4.931, 5.132;
epoch 21 time used: 57  seconds  train loss: 15.97 val loss: 6.521728 test loss: 6.600336
Quantile cl loss is [0.08, 0.5, 0.92]
Epoch 22: 
| 3  Horizon | RMSE: 30.411, 30.458; MAE: 19.154, 19.292; MAPE: 11.053, 11.213; Q10: 4.663, 4.645; Q50: 9.726, 9.778; Q90: 4.317, 4.377;
| 6  Horizon | RMSE: 31.736, 32.141; MAE: 19.903, 20.282; MAPE: 11.395, 11.695; Q10: 4.880, 4.906; Q50: 10.105, 10.278; Q90: 4.503, 4.667;
| 12 Horizon | RMSE: 34.051, 34.915; MAE: 21.562, 22.223; MAPE: 12.241, 12.744; Q10: 5.266, 5.334; Q50: 10.939, 11.254; Q90: 4.895, 5.144;
epoch 22 time used: 57  seconds  train loss: 16.156 val loss: 6.505006 test loss: 6.623635
Epoch 23: 
| 3  Horizon | RMSE: 30.431, 30.387; MAE: 19.078, 19.177; MAPE: 11.049, 11.224; Q10: 4.602, 4.586; Q50: 9.681, 9.714; Q90: 4.331, 4.384;
| 6  Horizon | RMSE: 31.815, 32.174; MAE: 19.844, 20.213; MAPE: 11.427, 11.746; Q10: 4.805, 4.835; Q50: 10.073, 10.242; Q90: 4.504, 4.656;
| 12 Horizon | RMSE: 34.189, 35.069; MAE: 21.597, 22.286; MAPE: 12.591, 13.057; Q10: 5.257, 5.342; Q50: 10.971, 11.300; Q90: 4.898, 5.170;
epoch 23 time used: 58  seconds  train loss: 16.6 val loss: 6.496868 test loss: 6.618924
Quantile cl loss is [0.09, 0.5, 0.91]
Epoch 24: 
| 3  Horizon | RMSE: 30.399, 30.309; MAE: 19.081, 19.143; MAPE: 11.033, 11.239; Q10: 4.556, 4.512; Q50: 9.680, 9.693; Q90: 4.317, 4.390;
| 6  Horizon | RMSE: 31.759, 32.050; MAE: 19.871, 20.173; MAPE: 11.422, 11.715; Q10: 4.795, 4.793; Q50: 10.086, 10.220; Q90: 4.502, 4.674;
| 12 Horizon | RMSE: 34.133, 34.764; MAE: 21.548, 22.080; MAPE: 12.374, 12.853; Q10: 5.217, 5.265; Q50: 10.934, 11.182; Q90: 4.909, 5.154;
epoch 24 time used: 58  seconds  train loss: 16.764 val loss: 6.480026 test loss: 6.57619
Epoch 25: 
| 3  Horizon | RMSE: 30.364, 30.460; MAE: 19.079, 19.246; MAPE: 11.070, 11.240; Q10: 4.557, 4.532; Q50: 9.685, 9.751; Q90: 4.314, 4.425;
| 6  Horizon | RMSE: 31.718, 32.201; MAE: 19.864, 20.285; MAPE: 11.426, 11.731; Q10: 4.790, 4.814; Q50: 10.084, 10.279; Q90: 4.488, 4.701;
| 12 Horizon | RMSE: 33.972, 34.881; MAE: 21.460, 22.171; MAPE: 12.252, 12.800; Q10: 5.187, 5.268; Q50: 10.888, 11.228; Q90: 4.875, 5.201;
epoch 25 time used: 58  seconds  train loss: 17.15 val loss: 6.472361 test loss: 6.61955
Quantile cl loss is [0.1, 0.5, 0.9]
Epoch 26: 
| 3  Horizon | RMSE: 30.337, 30.372; MAE: 19.056, 19.190; MAPE: 11.063, 11.256; Q10: 4.546, 4.510; Q50: 9.667, 9.716; Q90: 4.310, 4.423;
| 6  Horizon | RMSE: 31.692, 32.117; MAE: 19.838, 20.225; MAPE: 11.404, 11.720; Q10: 4.761, 4.774; Q50: 10.065, 10.242; Q90: 4.502, 4.727;
| 12 Horizon | RMSE: 34.045, 34.724; MAE: 21.520, 22.117; MAPE: 12.607, 13.178; Q10: 5.187, 5.262; Q50: 10.899, 11.181; Q90: 4.891, 5.175;
epoch 26 time used: 58  seconds  train loss: 17.296 val loss: 6.461668 test loss: 6.594587
Epoch 27: 
| 3  Horizon | RMSE: 30.301, 30.407; MAE: 19.043, 19.224; MAPE: 10.954, 11.165; Q10: 4.536, 4.500; Q50: 9.667, 9.740; Q90: 4.321, 4.469;
| 6  Horizon | RMSE: 31.721, 32.253; MAE: 19.902, 20.373; MAPE: 11.308, 11.683; Q10: 4.759, 4.777; Q50: 10.102, 10.322; Q90: 4.523, 4.790;
| 12 Horizon | RMSE: 34.069, 34.937; MAE: 21.576, 22.281; MAPE: 12.233, 12.771; Q10: 5.171, 5.241; Q50: 10.951, 11.286; Q90: 4.950, 5.309;
epoch 27 time used: 58  seconds  train loss: 17.724 val loss: 6.468059 test loss: 6.627029
Epoch 28: 
| 3  Horizon | RMSE: 30.378, 30.573; MAE: 19.142, 19.374; MAPE: 10.929, 11.186; Q10: 4.558, 4.533; Q50: 9.713, 9.813; Q90: 4.334, 4.492;
| 6  Horizon | RMSE: 31.709, 32.238; MAE: 19.884, 20.356; MAPE: 11.276, 11.685; Q10: 4.752, 4.773; Q50: 10.086, 10.306; Q90: 4.525, 4.790;
| 12 Horizon | RMSE: 34.004, 34.885; MAE: 21.529, 22.233; MAPE: 12.170, 12.743; Q10: 5.157, 5.227; Q50: 10.922, 11.257; Q90: 4.931, 5.292;
epoch 28 time used: 58  seconds  train loss: 17.707 val loss: 6.475295 test loss: 6.639189
Epoch 29: 
| 3  Horizon | RMSE: 30.307, 30.328; MAE: 19.022, 19.145; MAPE: 11.008, 11.186; Q10: 4.534, 4.494; Q50: 9.656, 9.699; Q90: 4.309, 4.432;
| 6  Horizon | RMSE: 31.683, 32.092; MAE: 19.850, 20.224; MAPE: 11.443, 11.731; Q10: 4.749, 4.756; Q50: 10.080, 10.251; Q90: 4.531, 4.768;
| 12 Horizon | RMSE: 33.886, 34.662; MAE: 21.371, 22.019; MAPE: 12.175, 12.739; Q10: 5.144, 5.212; Q50: 10.841, 11.148; Q90: 4.886, 5.211;
epoch 29 time used: 58  seconds  train loss: 17.696 val loss: 6.452546 test loss: 6.589688
Epoch 30: 
| 3  Horizon | RMSE: 30.295, 30.408; MAE: 19.054, 19.226; MAPE: 10.974, 11.173; Q10: 4.533, 4.499; Q50: 9.671, 9.740; Q90: 4.315, 4.457;
| 6  Horizon | RMSE: 31.585, 31.957; MAE: 19.721, 20.087; MAPE: 11.335, 11.673; Q10: 4.736, 4.747; Q50: 10.006, 10.172; Q90: 4.479, 4.705;
| 12 Horizon | RMSE: 33.813, 34.534; MAE: 21.284, 21.911; MAPE: 12.241, 12.799; Q10: 5.146, 5.219; Q50: 10.795, 11.091; Q90: 4.849, 5.150;
epoch 30 time used: 58  seconds  train loss: 17.654 val loss: 6.432772 test loss: 6.570428
Epoch 31: 
| 3  Horizon | RMSE: 30.317, 30.424; MAE: 19.038, 19.226; MAPE: 10.932, 11.202; Q10: 4.533, 4.502; Q50: 9.657, 9.734; Q90: 4.319, 4.469;
| 6  Horizon | RMSE: 31.666, 32.140; MAE: 19.807, 20.238; MAPE: 11.280, 11.658; Q10: 4.750, 4.763; Q50: 10.052, 10.251; Q90: 4.507, 4.762;
| 12 Horizon | RMSE: 33.880, 34.664; MAE: 21.358, 22.026; MAPE: 12.186, 12.763; Q10: 5.146, 5.213; Q50: 10.834, 11.151; Q90: 4.888, 5.222;
epoch 31 time used: 59  seconds  train loss: 17.644 val loss: 6.446147 test loss: 6.596024
Epoch 32: 
| 3  Horizon | RMSE: 30.338, 30.459; MAE: 19.070, 19.277; MAPE: 10.925, 11.187; Q10: 4.535, 4.504; Q50: 9.675, 9.761; Q90: 4.337, 4.491;
| 6  Horizon | RMSE: 31.653, 32.094; MAE: 19.795, 20.226; MAPE: 11.315, 11.702; Q10: 4.741, 4.753; Q50: 10.041, 10.240; Q90: 4.503, 4.750;
| 12 Horizon | RMSE: 34.018, 34.905; MAE: 21.531, 22.246; MAPE: 12.239, 12.783; Q10: 5.153, 5.223; Q50: 10.928, 11.268; Q90: 4.943, 5.316;
epoch 32 time used: 58  seconds  train loss: 17.637 val loss: 6.463956 test loss: 6.623979
Epoch 33: 
| 3  Horizon | RMSE: 30.329, 30.461; MAE: 19.080, 19.268; MAPE: 10.908, 11.149; Q10: 4.534, 4.498; Q50: 9.680, 9.757; Q90: 4.326, 4.472;
| 6  Horizon | RMSE: 31.645, 32.067; MAE: 19.810, 20.213; MAPE: 11.267, 11.649; Q10: 4.747, 4.754; Q50: 10.047, 10.233; Q90: 4.523, 4.777;
| 12 Horizon | RMSE: 33.911, 34.637; MAE: 21.417, 22.049; MAPE: 12.179, 12.738; Q10: 5.159, 5.211; Q50: 10.861, 11.161; Q90: 4.921, 5.261;
epoch 33 time used: 58  seconds  train loss: 17.629 val loss: 6.459243 test loss: 6.605548
Epoch 34: 
| 3  Horizon | RMSE: 30.256, 30.282; MAE: 19.003, 19.141; MAPE: 10.963, 11.218; Q10: 4.528, 4.488; Q50: 9.637, 9.688; Q90: 4.300, 4.423;
| 6  Horizon | RMSE: 31.605, 31.928; MAE: 19.747, 20.102; MAPE: 11.357, 11.739; Q10: 4.746, 4.753; Q50: 10.013, 10.174; Q90: 4.484, 4.701;
| 12 Horizon | RMSE: 33.893, 34.554; MAE: 21.367, 21.980; MAPE: 12.308, 12.883; Q10: 5.150, 5.211; Q50: 10.829, 11.119; Q90: 4.893, 5.205;
epoch 34 time used: 58  seconds  train loss: 17.619 val loss: 6.436782 test loss: 6.567786
Epoch 35: 
| 3  Horizon | RMSE: 30.280, 30.287; MAE: 18.987, 19.113; MAPE: 10.953, 11.199; Q10: 4.527, 4.485; Q50: 9.631, 9.676; Q90: 4.300, 4.418;
| 6  Horizon | RMSE: 31.630, 31.979; MAE: 19.750, 20.107; MAPE: 11.306, 11.661; Q10: 4.738, 4.738; Q50: 10.020, 10.182; Q90: 4.491, 4.713;
| 12 Horizon | RMSE: 34.054, 34.802; MAE: 21.535, 22.167; MAPE: 12.259, 12.745; Q10: 5.159, 5.207; Q50: 10.932, 11.230; Q90: 4.955, 5.293;
epoch 35 time used: 58  seconds  train loss: 17.589 val loss: 6.448301 test loss: 6.578164
Epoch 36: 
| 3  Horizon | RMSE: 30.300, 30.353; MAE: 19.007, 19.168; MAPE: 10.956, 11.224; Q10: 4.528, 4.493; Q50: 9.641, 9.704; Q90: 4.305, 4.434;
| 6  Horizon | RMSE: 31.636, 32.000; MAE: 19.757, 20.141; MAPE: 11.339, 11.742; Q10: 4.741, 4.751; Q50: 10.019, 10.195; Q90: 4.487, 4.714;
| 12 Horizon | RMSE: 33.940, 34.669; MAE: 21.420, 22.065; MAPE: 12.199, 12.772; Q10: 5.147, 5.206; Q50: 10.865, 11.170; Q90: 4.910, 5.246;
epoch 36 time used: 58  seconds  train loss: 17.587 val loss: 6.439559 test loss: 6.578135
Epoch 37: 
| 3  Horizon | RMSE: 30.278, 30.328; MAE: 18.995, 19.155; MAPE: 10.946, 11.196; Q10: 4.527, 4.486; Q50: 9.636, 9.698; Q90: 4.304, 4.434;
| 6  Horizon | RMSE: 31.646, 32.058; MAE: 19.806, 20.214; MAPE: 11.287, 11.656; Q10: 4.741, 4.740; Q50: 10.049, 10.237; Q90: 4.511, 4.760;
| 12 Horizon | RMSE: 33.949, 34.635; MAE: 21.421, 22.045; MAPE: 12.183, 12.722; Q10: 5.152, 5.195; Q50: 10.868, 11.162; Q90: 4.912, 5.240;
epoch 37 time used: 58  seconds  train loss: 17.577 val loss: 6.44504 test loss: 6.580566
Epoch 38: 
| 3  Horizon | RMSE: 30.284, 30.344; MAE: 18.999, 19.151; MAPE: 10.928, 11.161; Q10: 4.527, 4.483; Q50: 9.642, 9.700; Q90: 4.308, 4.442;
| 6  Horizon | RMSE: 31.636, 32.019; MAE: 19.767, 20.150; MAPE: 11.317, 11.662; Q10: 4.743, 4.738; Q50: 10.034, 10.209; Q90: 4.491, 4.719;
| 12 Horizon | RMSE: 33.972, 34.706; MAE: 21.442, 22.079; MAPE: 12.205, 12.743; Q10: 5.152, 5.197; Q50: 10.881, 11.182; Q90: 4.933, 5.280;
epoch 38 time used: 59  seconds  train loss: 17.57 val loss: 6.450541 test loss: 6.589568
Epoch 39: 
| 3  Horizon | RMSE: 30.297, 30.363; MAE: 18.997, 19.164; MAPE: 10.930, 11.174; Q10: 4.526, 4.485; Q50: 9.639, 9.705; Q90: 4.319, 4.463;
| 6  Horizon | RMSE: 31.653, 32.067; MAE: 19.782, 20.196; MAPE: 11.270, 11.648; Q10: 4.737, 4.736; Q50: 10.037, 10.228; Q90: 4.507, 4.755;
| 12 Horizon | RMSE: 33.951, 34.697; MAE: 21.425, 22.085; MAPE: 12.162, 12.716; Q10: 5.141, 5.192; Q50: 10.871, 11.184; Q90: 4.942, 5.297;
epoch 39 time used: 58  seconds  train loss: 17.566 val loss: 6.451603 test loss: 6.598328
Epoch 40: 
| 3  Horizon | RMSE: 30.264, 30.348; MAE: 18.999, 19.171; MAPE: 10.928, 11.184; Q10: 4.527, 4.488; Q50: 9.639, 9.707; Q90: 4.303, 4.442;
| 6  Horizon | RMSE: 31.655, 32.122; MAE: 19.847, 20.267; MAPE: 11.342, 11.673; Q10: 4.747, 4.746; Q50: 10.075, 10.268; Q90: 4.517, 4.772;
| 12 Horizon | RMSE: 33.954, 34.714; MAE: 21.479, 22.127; MAPE: 12.217, 12.763; Q10: 5.159, 5.206; Q50: 10.896, 11.202; Q90: 4.937, 5.284;
Early stopping at epoch: 40
Model  stgcn17  Best Results:
Epoch 30: 
=        =        Horizon  3        =        =        =        =        Horizon  6        =        =        =        =        Horizon  12       =        =       
RMSE     MAE      MAPE     Q10      Q50      Q90      RMSE     MAE      MAPE     Q10      Q50      Q90      RMSE     MAE      MAPE     Q10      Q50      Q90     
30.408   19.226   11.173   4.499    9.740    4.457    31.957   20.087   11.673   4.747    10.172   4.705    34.534   21.911   12.799   5.219    11.091   5.150   
Model Training Ended ... Sun Oct 15 18:13:11 2023
