nohup: ignoring input
pdate shape is:  (16992,)
./save/pems04_stgcn17_in12_out12_addtimeFalse_adjTrue_lr0.001_hc32_train0.7_val0.1_test0.2_seed233_lossquantile_versionstq18_s300slen7q400_note: training started Sun Oct 15 17:35:49 2023
pdate shape is:  (16992,)
data load........
initial data shape is:  (16992, 307, 3)
train_mean shape : (307,)
train  :  (11873, 24, 307, 3)
val  :  (1697, 24, 307, 3)
test  :  (3388, 24, 307, 3)
Model Training Started ... Sun Oct 15 17:35:51 2023
TIMESTEP_IN, TIMESTEP_OUT 12 12
LOSS is : quantile
qcl init quantile loss is [0.010000000000000009, 0.5, 0.99]
Spatial CL target length = 1
Spatial CL target length = 2
Epoch 0: 
| 3  Horizon | RMSE: 37.686, 36.629; MAE: 24.970, 24.398; MAPE: 14.570, 14.745; Q10: 5.848, 5.682; Q50: 12.670, 12.363; Q90: 5.959, 5.906;
| 6  Horizon | RMSE: 41.337, 40.561; MAE: 27.477, 27.134; MAPE: 15.654, 16.010; Q10: 6.253, 6.107; Q50: 13.939, 13.744; Q90: 7.064, 7.022;
| 12 Horizon | RMSE: 52.702, 51.573; MAE: 35.314, 34.918; MAPE: 20.088, 20.480; Q10: 7.751, 7.576; Q50: 17.890, 17.668; Q90: 9.922, 9.363;
epoch 0 time used: 43  seconds  train loss: 26.024 val loss: 9.484425 test loss: 9.288593
Spatial CL target length = 3
Spatial CL target length = 4
Spatial CL target length = 5
Spatial CL target length = 6
Spatial CL target length = 7
Epoch 1: 
| 3  Horizon | RMSE: 32.901, 32.068; MAE: 21.216, 20.772; MAPE: 12.516, 12.673; Q10: 4.941, 4.794; Q50: 10.773, 10.536; Q90: 4.808, 4.753;
| 6  Horizon | RMSE: 35.580, 34.798; MAE: 23.046, 22.647; MAPE: 13.225, 13.392; Q10: 5.307, 5.168; Q50: 11.693, 11.477; Q90: 5.299, 5.295;
| 12 Horizon | RMSE: 40.754, 40.103; MAE: 26.848, 26.629; MAPE: 15.394, 15.726; Q10: 6.161, 6.000; Q50: 13.598, 13.470; Q90: 6.269, 6.312;
epoch 1 time used: 42  seconds  train loss: 23.577 val loss: 7.528485 test loss: 7.412218
Quantile cl loss is [0.009999999999999995, 0.5, 0.99]
Quantile cl loss is [0.020000000000000004, 0.5, 0.98]
Quantile cl loss is [0.03, 0.5, 0.97]
Quantile cl loss is [0.04, 0.5, 0.96]
Epoch 2: 
| 3  Horizon | RMSE: 33.571, 32.869; MAE: 21.788, 21.488; MAPE: 13.655, 13.822; Q10: 5.280, 5.110; Q50: 11.070, 10.905; Q90: 5.720, 5.660;
| 6  Horizon | RMSE: 35.952, 35.571; MAE: 23.432, 23.380; MAPE: 14.495, 14.772; Q10: 5.783, 5.623; Q50: 11.902, 11.859; Q90: 6.406, 6.390;
| 12 Horizon | RMSE: 39.114, 39.517; MAE: 25.728, 26.241; MAPE: 15.815, 16.367; Q10: 6.327, 6.186; Q50: 13.057, 13.294; Q90: 7.093, 7.185;
epoch 2 time used: 40  seconds  train loss: 15.133 val loss: 7.965854 test loss: 7.911066
Quantile cl loss is [0.05, 0.5, 0.95]
Quantile cl loss is [0.06000000000000001, 0.5, 0.94]
Quantile cl loss is [0.07, 0.5, 0.9299999999999999]
Epoch 3: 
| 3  Horizon | RMSE: 31.863, 31.073; MAE: 20.181, 19.892; MAPE: 11.709, 11.835; Q10: 5.117, 4.971; Q50: 10.240, 10.081; Q90: 4.647, 4.629;
| 6  Horizon | RMSE: 33.691, 33.220; MAE: 21.459, 21.393; MAPE: 12.376, 12.656; Q10: 5.389, 5.279; Q50: 10.891, 10.844; Q90: 4.873, 4.936;
| 12 Horizon | RMSE: 37.754, 37.870; MAE: 24.606, 24.822; MAPE: 13.948, 14.444; Q10: 6.234, 6.147; Q50: 12.482, 12.571; Q90: 5.543, 5.715;
epoch 3 time used: 40  seconds  train loss: 16.969 val loss: 7.162053 test loss: 7.127657
Quantile cl loss is [0.08, 0.5, 0.92]
Quantile cl loss is [0.09, 0.5, 0.91]
Quantile cl loss is [0.1, 0.5, 0.9]
Epoch 4: 
| 3  Horizon | RMSE: 31.361, 30.623; MAE: 19.989, 19.629; MAPE: 11.488, 11.630; Q10: 4.736, 4.595; Q50: 10.126, 9.926; Q90: 4.519, 4.516;
| 6  Horizon | RMSE: 33.125, 32.597; MAE: 21.169, 20.957; MAPE: 12.115, 12.276; Q10: 5.005, 4.900; Q50: 10.737, 10.609; Q90: 4.866, 4.890;
| 12 Horizon | RMSE: 36.348, 36.487; MAE: 23.504, 23.705; MAPE: 13.419, 13.844; Q10: 5.548, 5.559; Q50: 11.925, 12.000; Q90: 5.439, 5.590;
epoch 4 time used: 40  seconds  train loss: 19.266 val loss: 6.906545 test loss: 6.862655
Epoch 5: 
| 3  Horizon | RMSE: 31.388, 30.722; MAE: 19.881, 19.558; MAPE: 11.405, 11.480; Q10: 4.713, 4.571; Q50: 10.089, 9.909; Q90: 4.522, 4.532;
| 6  Horizon | RMSE: 33.315, 32.899; MAE: 21.343, 21.163; MAPE: 12.547, 12.624; Q10: 5.005, 4.905; Q50: 10.846, 10.736; Q90: 4.953, 5.002;
| 12 Horizon | RMSE: 36.548, 36.694; MAE: 23.749, 23.835; MAPE: 13.906, 14.065; Q10: 5.557, 5.528; Q50: 12.067, 12.086; Q90: 5.337, 5.520;
epoch 5 time used: 41  seconds  train loss: 19.336 val loss: 6.892288 test loss: 6.856747
Epoch 6: 
| 3  Horizon | RMSE: 31.124, 30.654; MAE: 19.560, 19.381; MAPE: 11.291, 11.467; Q10: 4.687, 4.578; Q50: 9.920, 9.812; Q90: 4.442, 4.472;
| 6  Horizon | RMSE: 32.636, 32.563; MAE: 20.540, 20.597; MAPE: 11.812, 12.087; Q10: 4.931, 4.884; Q50: 10.423, 10.434; Q90: 4.665, 4.750;
| 12 Horizon | RMSE: 35.291, 36.056; MAE: 22.467, 22.958; MAPE: 12.943, 13.454; Q10: 5.363, 5.448; Q50: 11.399, 11.626; Q90: 5.104, 5.313;
epoch 6 time used: 43  seconds  train loss: 19.132 val loss: 6.696507 test loss: 6.728372
Epoch 7: 
| 3  Horizon | RMSE: 31.403, 30.982; MAE: 19.955, 19.817; MAPE: 11.378, 11.561; Q10: 4.737, 4.633; Q50: 10.127, 10.041; Q90: 4.472, 4.533;
| 6  Horizon | RMSE: 32.887, 32.842; MAE: 20.873, 20.995; MAPE: 11.851, 12.196; Q10: 4.957, 4.917; Q50: 10.592, 10.636; Q90: 4.660, 4.781;
| 12 Horizon | RMSE: 35.260, 36.070; MAE: 22.556, 23.133; MAPE: 12.961, 13.568; Q10: 5.363, 5.478; Q50: 11.444, 11.714; Q90: 5.106, 5.366;
epoch 7 time used: 41  seconds  train loss: 18.956 val loss: 6.760589 test loss: 6.818404
Epoch 8: 
| 3  Horizon | RMSE: 30.977, 30.504; MAE: 19.346, 19.176; MAPE: 11.213, 11.367; Q10: 4.636, 4.533; Q50: 9.812, 9.708; Q90: 4.370, 4.408;
| 6  Horizon | RMSE: 32.629, 32.555; MAE: 20.412, 20.516; MAPE: 12.024, 12.407; Q10: 4.875, 4.857; Q50: 10.340, 10.371; Q90: 4.605, 4.704;
| 12 Horizon | RMSE: 35.148, 35.938; MAE: 22.225, 22.841; MAPE: 13.025, 13.809; Q10: 5.344, 5.484; Q50: 11.263, 11.551; Q90: 5.004, 5.228;
epoch 8 time used: 40  seconds  train loss: 18.848 val loss: 6.615826 test loss: 6.665875
Epoch 9: 
| 3  Horizon | RMSE: 31.264, 30.797; MAE: 19.525, 19.362; MAPE: 11.260, 11.431; Q10: 4.671, 4.560; Q50: 9.902, 9.799; Q90: 4.402, 4.449;
| 6  Horizon | RMSE: 32.672, 32.590; MAE: 20.418, 20.527; MAPE: 11.777, 12.160; Q10: 4.889, 4.847; Q50: 10.351, 10.383; Q90: 4.613, 4.727;
| 12 Horizon | RMSE: 35.222, 35.914; MAE: 22.270, 22.836; MAPE: 12.942, 13.542; Q10: 5.348, 5.467; Q50: 11.298, 11.558; Q90: 5.006, 5.258;
epoch 9 time used: 40  seconds  train loss: 18.715 val loss: 6.6527 test loss: 6.707164
Epoch 10: 
| 3  Horizon | RMSE: 31.061, 30.634; MAE: 19.516, 19.364; MAPE: 11.229, 11.348; Q10: 4.663, 4.552; Q50: 9.906, 9.811; Q90: 4.416, 4.487;
| 6  Horizon | RMSE: 32.407, 32.257; MAE: 20.260, 20.318; MAPE: 11.666, 11.892; Q10: 4.869, 4.806; Q50: 10.285, 10.294; Q90: 4.587, 4.711;
| 12 Horizon | RMSE: 34.642, 35.116; MAE: 21.966, 22.438; MAPE: 12.586, 13.223; Q10: 5.275, 5.305; Q50: 11.138, 11.354; Q90: 5.007, 5.270;
epoch 10 time used: 40  seconds  train loss: 18.485 val loss: 6.623149 test loss: 6.664261
Epoch 11: 
| 3  Horizon | RMSE: 31.004, 30.584; MAE: 19.562, 19.415; MAPE: 11.815, 11.837; Q10: 4.656, 4.560; Q50: 9.940, 9.849; Q90: 4.427, 4.473;
| 6  Horizon | RMSE: 32.372, 32.270; MAE: 20.234, 20.313; MAPE: 12.014, 12.155; Q10: 4.853, 4.829; Q50: 10.278, 10.300; Q90: 4.588, 4.698;
| 12 Horizon | RMSE: 34.578, 35.160; MAE: 21.939, 22.382; MAPE: 13.026, 13.362; Q10: 5.277, 5.370; Q50: 11.143, 11.343; Q90: 4.959, 5.183;
epoch 11 time used: 42  seconds  train loss: 18.414 val loss: 6.612828 test loss: 6.660876
Epoch 12: 
| 3  Horizon | RMSE: 30.931, 30.509; MAE: 19.272, 19.141; MAPE: 11.313, 11.383; Q10: 4.636, 4.542; Q50: 9.780, 9.696; Q90: 4.342, 4.400;
| 6  Horizon | RMSE: 32.357, 32.312; MAE: 20.064, 20.201; MAPE: 11.654, 11.920; Q10: 4.837, 4.823; Q50: 10.177, 10.228; Q90: 4.531, 4.657;
| 12 Horizon | RMSE: 34.369, 35.098; MAE: 21.610, 22.194; MAPE: 12.632, 13.136; Q10: 5.222, 5.318; Q50: 10.968, 11.241; Q90: 4.892, 5.149;
epoch 12 time used: 41  seconds  train loss: 18.354 val loss: 6.53537 test loss: 6.598165
Epoch 13: 
| 3  Horizon | RMSE: 31.012, 30.552; MAE: 19.313, 19.208; MAPE: 11.265, 11.463; Q10: 4.625, 4.529; Q50: 9.792, 9.719; Q90: 4.332, 4.393;
| 6  Horizon | RMSE: 32.276, 32.156; MAE: 20.154, 20.257; MAPE: 11.708, 11.900; Q10: 4.861, 4.818; Q50: 10.233, 10.265; Q90: 4.545, 4.679;
| 12 Horizon | RMSE: 34.522, 34.966; MAE: 21.815, 22.269; MAPE: 12.604, 13.037; Q10: 5.247, 5.304; Q50: 11.071, 11.276; Q90: 4.970, 5.186;
epoch 13 time used: 42  seconds  train loss: 18.284 val loss: 6.557609 test loss: 6.604429
Epoch 14: 
| 3  Horizon | RMSE: 30.865, 30.499; MAE: 19.319, 19.210; MAPE: 11.154, 11.239; Q10: 4.622, 4.535; Q50: 9.807, 9.734; Q90: 4.384, 4.452;
| 6  Horizon | RMSE: 32.228, 32.153; MAE: 20.074, 20.194; MAPE: 11.501, 11.753; Q10: 4.832, 4.801; Q50: 10.186, 10.226; Q90: 4.514, 4.654;
| 12 Horizon | RMSE: 34.371, 34.908; MAE: 21.707, 22.187; MAPE: 12.468, 12.964; Q10: 5.220, 5.311; Q50: 11.013, 11.233; Q90: 4.903, 5.154;
epoch 14 time used: 41  seconds  train loss: 18.237 val loss: 6.531909 test loss: 6.593523
Epoch 15: 
| 3  Horizon | RMSE: 30.893, 30.516; MAE: 19.257, 19.181; MAPE: 11.329, 11.425; Q10: 4.643, 4.562; Q50: 9.779, 9.724; Q90: 4.330, 4.405;
| 6  Horizon | RMSE: 32.208, 32.180; MAE: 19.971, 20.148; MAPE: 11.579, 11.832; Q10: 4.815, 4.799; Q50: 10.139, 10.210; Q90: 4.499, 4.653;
| 12 Horizon | RMSE: 34.353, 34.960; MAE: 21.518, 22.092; MAPE: 12.449, 13.045; Q10: 5.200, 5.316; Q50: 10.910, 11.179; Q90: 4.857, 5.112;
epoch 15 time used: 41  seconds  train loss: 18.089 val loss: 6.498826 test loss: 6.575725
Epoch 16: 
| 3  Horizon | RMSE: 30.820, 30.482; MAE: 19.209, 19.158; MAPE: 11.217, 11.346; Q10: 4.617, 4.533; Q50: 9.748, 9.705; Q90: 4.326, 4.413;
| 6  Horizon | RMSE: 32.157, 32.172; MAE: 19.982, 20.207; MAPE: 11.588, 11.916; Q10: 4.812, 4.803; Q50: 10.135, 10.229; Q90: 4.500, 4.671;
| 12 Horizon | RMSE: 34.203, 34.945; MAE: 21.647, 22.299; MAPE: 12.598, 13.173; Q10: 5.210, 5.323; Q50: 10.987, 11.296; Q90: 4.884, 5.197;
epoch 16 time used: 42  seconds  train loss: 18.06 val loss: 6.508797 test loss: 6.602221
Epoch 17: 
| 3  Horizon | RMSE: 30.939, 30.572; MAE: 19.232, 19.156; MAPE: 11.165, 11.306; Q10: 4.622, 4.536; Q50: 9.758, 9.702; Q90: 4.319, 4.395;
| 6  Horizon | RMSE: 32.297, 32.302; MAE: 20.043, 20.258; MAPE: 11.657, 12.025; Q10: 4.848, 4.844; Q50: 10.158, 10.246; Q90: 4.497, 4.653;
| 12 Horizon | RMSE: 34.343, 35.028; MAE: 21.660, 22.298; MAPE: 12.707, 13.431; Q10: 5.261, 5.382; Q50: 10.969, 11.270; Q90: 4.864, 5.147;
epoch 17 time used: 41  seconds  train loss: 18.018 val loss: 6.523019 test loss: 6.612407
Epoch 18: 
| 3  Horizon | RMSE: 30.932, 30.645; MAE: 19.199, 19.186; MAPE: 11.048, 11.275; Q10: 4.610, 4.545; Q50: 9.736, 9.712; Q90: 4.312, 4.395;
| 6  Horizon | RMSE: 32.261, 32.353; MAE: 19.917, 20.176; MAPE: 11.469, 11.893; Q10: 4.813, 4.829; Q50: 10.097, 10.206; Q90: 4.489, 4.651;
| 12 Horizon | RMSE: 34.255, 35.091; MAE: 21.471, 22.172; MAPE: 12.281, 12.947; Q10: 5.217, 5.316; Q50: 10.892, 11.222; Q90: 4.837, 5.145;
epoch 18 time used: 41  seconds  train loss: 17.984 val loss: 6.483954 test loss: 6.586661
Epoch 19: 
| 3  Horizon | RMSE: 30.852, 30.524; MAE: 19.141, 19.118; MAPE: 11.109, 11.291; Q10: 4.602, 4.533; Q50: 9.704, 9.676; Q90: 4.308, 4.403;
| 6  Horizon | RMSE: 32.268, 32.291; MAE: 19.923, 20.167; MAPE: 11.635, 11.980; Q10: 4.817, 4.823; Q50: 10.096, 10.200; Q90: 4.476, 4.637;
| 12 Horizon | RMSE: 34.410, 35.064; MAE: 21.583, 22.157; MAPE: 12.614, 13.074; Q10: 5.208, 5.325; Q50: 10.956, 11.226; Q90: 4.920, 5.177;
epoch 19 time used: 42  seconds  train loss: 17.955 val loss: 6.493443 test loss: 6.588577
Epoch 20: 
| 3  Horizon | RMSE: 30.860, 30.616; MAE: 19.254, 19.249; MAPE: 11.293, 11.417; Q10: 4.623, 4.557; Q50: 9.772, 9.750; Q90: 4.321, 4.415;
| 6  Horizon | RMSE: 32.216, 32.319; MAE: 20.025, 20.263; MAPE: 11.808, 12.045; Q10: 4.842, 4.849; Q50: 10.166, 10.266; Q90: 4.504, 4.668;
| 12 Horizon | RMSE: 34.342, 35.084; MAE: 21.690, 22.290; MAPE: 12.847, 13.324; Q10: 5.260, 5.388; Q50: 11.010, 11.290; Q90: 4.887, 5.159;
epoch 20 time used: 42  seconds  train loss: 17.866 val loss: 6.52661 test loss: 6.62562
Epoch 21: 
| 3  Horizon | RMSE: 30.851, 30.536; MAE: 19.134, 19.085; MAPE: 11.173, 11.298; Q10: 4.607, 4.531; Q50: 9.712, 9.669; Q90: 4.301, 4.382;
| 6  Horizon | RMSE: 32.138, 32.186; MAE: 19.846, 20.064; MAPE: 11.467, 11.798; Q10: 4.807, 4.801; Q50: 10.069, 10.160; Q90: 4.470, 4.631;
| 12 Horizon | RMSE: 34.183, 34.896; MAE: 21.410, 22.038; MAPE: 12.439, 13.111; Q10: 5.213, 5.334; Q50: 10.857, 11.153; Q90: 4.819, 5.100;
epoch 21 time used: 41  seconds  train loss: 17.848 val loss: 6.469303 test loss: 6.561566
Epoch 22: 
| 3  Horizon | RMSE: 30.925, 30.619; MAE: 19.156, 19.103; MAPE: 11.080, 11.195; Q10: 4.607, 4.529; Q50: 9.722, 9.677; Q90: 4.296, 4.383;
| 6  Horizon | RMSE: 32.276, 32.330; MAE: 19.907, 20.095; MAPE: 11.503, 11.723; Q10: 4.817, 4.802; Q50: 10.106, 10.179; Q90: 4.496, 4.658;
| 12 Horizon | RMSE: 34.309, 34.996; MAE: 21.430, 22.008; MAPE: 12.309, 12.821; Q10: 5.196, 5.291; Q50: 10.871, 11.140; Q90: 4.850, 5.128;
epoch 22 time used: 42  seconds  train loss: 17.83 val loss: 6.480765 test loss: 6.564935
Epoch 23: 
| 3  Horizon | RMSE: 30.868, 30.573; MAE: 19.093, 19.063; MAPE: 11.077, 11.226; Q10: 4.598, 4.530; Q50: 9.686, 9.654; Q90: 4.287, 4.375;
| 6  Horizon | RMSE: 32.184, 32.263; MAE: 19.809, 20.048; MAPE: 11.444, 11.752; Q10: 4.800, 4.796; Q50: 10.052, 10.155; Q90: 4.455, 4.627;
| 12 Horizon | RMSE: 34.227, 34.972; MAE: 21.396, 22.014; MAPE: 12.523, 12.994; Q10: 5.196, 5.295; Q50: 10.864, 11.156; Q90: 4.833, 5.146;
epoch 23 time used: 41  seconds  train loss: 17.809 val loss: 6.464633 test loss: 6.56386
Epoch 24: 
| 3  Horizon | RMSE: 30.891, 30.571; MAE: 19.110, 19.077; MAPE: 11.097, 11.250; Q10: 4.614, 4.537; Q50: 9.694, 9.659; Q90: 4.291, 4.384;
| 6  Horizon | RMSE: 32.193, 32.252; MAE: 19.865, 20.077; MAPE: 11.510, 11.751; Q10: 4.817, 4.803; Q50: 10.084, 10.171; Q90: 4.465, 4.641;
| 12 Horizon | RMSE: 34.261, 34.927; MAE: 21.375, 21.978; MAPE: 12.366, 12.921; Q10: 5.210, 5.298; Q50: 10.843, 11.125; Q90: 4.819, 5.111;
epoch 24 time used: 41  seconds  train loss: 17.792 val loss: 6.46928 test loss: 6.560251
Epoch 25: 
| 3  Horizon | RMSE: 30.845, 30.590; MAE: 19.104, 19.093; MAPE: 11.123, 11.257; Q10: 4.600, 4.531; Q50: 9.694, 9.671; Q90: 4.293, 4.394;
| 6  Horizon | RMSE: 32.110, 32.246; MAE: 19.823, 20.089; MAPE: 11.460, 11.744; Q10: 4.804, 4.799; Q50: 10.060, 10.175; Q90: 4.454, 4.646;
| 12 Horizon | RMSE: 34.042, 34.867; MAE: 21.289, 21.995; MAPE: 12.251, 12.854; Q10: 5.175, 5.291; Q50: 10.798, 11.133; Q90: 4.802, 5.151;
epoch 25 time used: 41  seconds  train loss: 17.731 val loss: 6.4546 test loss: 6.567321
Epoch 26: 
| 3  Horizon | RMSE: 30.859, 30.617; MAE: 19.089, 19.095; MAPE: 11.073, 11.264; Q10: 4.607, 4.545; Q50: 9.681, 9.667; Q90: 4.289, 4.390;
| 6  Horizon | RMSE: 32.132, 32.286; MAE: 19.807, 20.086; MAPE: 11.429, 11.782; Q10: 4.801, 4.810; Q50: 10.047, 10.168; Q90: 4.457, 4.645;
| 12 Horizon | RMSE: 34.350, 35.171; MAE: 21.563, 22.307; MAPE: 12.859, 13.665; Q10: 5.246, 5.395; Q50: 10.916, 11.270; Q90: 4.823, 5.128;
epoch 26 time used: 42  seconds  train loss: 17.717 val loss: 6.460968 test loss: 6.577627
Epoch 27: 
| 3  Horizon | RMSE: 30.823, 30.630; MAE: 19.096, 19.113; MAPE: 11.166, 11.325; Q10: 4.605, 4.548; Q50: 9.694, 9.686; Q90: 4.287, 4.397;
| 6  Horizon | RMSE: 32.109, 32.315; MAE: 19.856, 20.145; MAPE: 11.524, 11.824; Q10: 4.806, 4.816; Q50: 10.081, 10.209; Q90: 4.456, 4.660;
| 12 Horizon | RMSE: 34.080, 34.934; MAE: 21.369, 22.062; MAPE: 12.365, 12.944; Q10: 5.186, 5.308; Q50: 10.843, 11.174; Q90: 4.831, 5.173;
epoch 27 time used: 41  seconds  train loss: 17.706 val loss: 6.45627 test loss: 6.578545
Epoch 28: 
| 3  Horizon | RMSE: 30.826, 30.623; MAE: 19.140, 19.161; MAPE: 11.022, 11.176; Q10: 4.595, 4.532; Q50: 9.713, 9.706; Q90: 4.300, 4.418;
| 6  Horizon | RMSE: 32.098, 32.283; MAE: 19.811, 20.126; MAPE: 11.336, 11.687; Q10: 4.789, 4.800; Q50: 10.049, 10.189; Q90: 4.473, 4.684;
| 12 Horizon | RMSE: 34.043, 34.918; MAE: 21.280, 22.014; MAPE: 12.194, 12.772; Q10: 5.165, 5.280; Q50: 10.796, 11.145; Q90: 4.817, 5.175;
epoch 28 time used: 41  seconds  train loss: 17.691 val loss: 6.452758 test loss: 6.579367
Epoch 29: 
| 3  Horizon | RMSE: 30.800, 30.525; MAE: 19.073, 19.055; MAPE: 11.063, 11.203; Q10: 4.587, 4.519; Q50: 9.679, 9.652; Q90: 4.287, 4.393;
| 6  Horizon | RMSE: 32.089, 32.193; MAE: 19.799, 20.047; MAPE: 11.459, 11.713; Q10: 4.785, 4.787; Q50: 10.051, 10.157; Q90: 4.472, 4.668;
| 12 Horizon | RMSE: 33.972, 34.779; MAE: 21.199, 21.924; MAPE: 12.263, 12.956; Q10: 5.165, 5.300; Q50: 10.746, 11.091; Q90: 4.782, 5.123;
epoch 29 time used: 42  seconds  train loss: 17.682 val loss: 6.438223 test loss: 6.554572
Epoch 30: 
| 3  Horizon | RMSE: 30.774, 30.535; MAE: 19.094, 19.096; MAPE: 11.056, 11.189; Q10: 4.588, 4.520; Q50: 9.691, 9.674; Q90: 4.292, 4.403;
| 6  Horizon | RMSE: 32.079, 32.189; MAE: 19.742, 20.007; MAPE: 11.425, 11.736; Q10: 4.792, 4.798; Q50: 10.017, 10.132; Q90: 4.439, 4.631;
| 12 Horizon | RMSE: 34.046, 34.827; MAE: 21.248, 21.939; MAPE: 12.347, 12.966; Q10: 5.192, 5.319; Q50: 10.775, 11.103; Q90: 4.775, 5.094;
epoch 30 time used: 42  seconds  train loss: 17.637 val loss: 6.438278 test loss: 6.552466
Epoch 31: 
| 3  Horizon | RMSE: 30.758, 30.541; MAE: 19.054, 19.075; MAPE: 10.989, 11.194; Q10: 4.582, 4.524; Q50: 9.663, 9.656; Q90: 4.292, 4.408;
| 6  Horizon | RMSE: 32.027, 32.191; MAE: 19.751, 20.034; MAPE: 11.316, 11.666; Q10: 4.785, 4.789; Q50: 10.020, 10.145; Q90: 4.455, 4.660;
| 12 Horizon | RMSE: 33.955, 34.777; MAE: 21.178, 21.890; MAPE: 12.233, 12.895; Q10: 5.159, 5.273; Q50: 10.738, 11.076; Q90: 4.780, 5.128;
epoch 31 time used: 41  seconds  train loss: 17.63 val loss: 6.429056 test loss: 6.550336
Epoch 32: 
| 3  Horizon | RMSE: 30.764, 30.532; MAE: 19.037, 19.056; MAPE: 11.002, 11.201; Q10: 4.591, 4.531; Q50: 9.654, 9.646; Q90: 4.276, 4.390;
| 6  Horizon | RMSE: 32.057, 32.206; MAE: 19.759, 20.054; MAPE: 11.413, 11.800; Q10: 4.798, 4.814; Q50: 10.018, 10.148; Q90: 4.438, 4.634;
| 12 Horizon | RMSE: 33.996, 34.824; MAE: 21.266, 21.972; MAPE: 12.277, 12.915; Q10: 5.178, 5.303; Q50: 10.784, 11.119; Q90: 4.805, 5.157;
epoch 32 time used: 42  seconds  train loss: 17.622 val loss: 6.437062 test loss: 6.56245
Epoch 33: 
| 3  Horizon | RMSE: 30.829, 30.655; MAE: 19.136, 19.168; MAPE: 10.966, 11.158; Q10: 4.587, 4.531; Q50: 9.707, 9.706; Q90: 4.310, 4.434;
| 6  Horizon | RMSE: 32.067, 32.254; MAE: 19.795, 20.104; MAPE: 11.314, 11.693; Q10: 4.792, 4.806; Q50: 10.039, 10.176; Q90: 4.472, 4.687;
| 12 Horizon | RMSE: 34.010, 34.836; MAE: 21.261, 21.969; MAPE: 12.225, 12.874; Q10: 5.179, 5.299; Q50: 10.782, 11.118; Q90: 4.796, 5.150;
epoch 33 time used: 42  seconds  train loss: 17.614 val loss: 6.450313 test loss: 6.578756
Epoch 34: 
| 3  Horizon | RMSE: 30.764, 30.535; MAE: 19.038, 19.039; MAPE: 11.014, 11.194; Q10: 4.587, 4.528; Q50: 9.655, 9.638; Q90: 4.275, 4.381;
| 6  Horizon | RMSE: 32.091, 32.244; MAE: 19.763, 20.039; MAPE: 11.436, 11.814; Q10: 4.798, 4.818; Q50: 10.019, 10.139; Q90: 4.437, 4.627;
| 12 Horizon | RMSE: 34.060, 34.899; MAE: 21.267, 21.997; MAPE: 12.474, 13.202; Q10: 5.195, 5.340; Q50: 10.771, 11.119; Q90: 4.780, 5.111;
epoch 34 time used: 42  seconds  train loss: 17.605 val loss: 6.434452 test loss: 6.5562
Epoch 35: 
| 3  Horizon | RMSE: 30.766, 30.534; MAE: 19.027, 19.030; MAPE: 11.021, 11.207; Q10: 4.586, 4.523; Q50: 9.650, 9.634; Q90: 4.269, 4.379;
| 6  Horizon | RMSE: 32.030, 32.178; MAE: 19.732, 19.994; MAPE: 11.361, 11.693; Q10: 4.787, 4.794; Q50: 10.010, 10.123; Q90: 4.438, 4.637;
| 12 Horizon | RMSE: 34.001, 34.783; MAE: 21.275, 21.908; MAPE: 12.246, 12.767; Q10: 5.165, 5.260; Q50: 10.796, 11.094; Q90: 4.818, 5.159;
epoch 35 time used: 41  seconds  train loss: 17.575 val loss: 6.431243 test loss: 6.543307
Epoch 36: 
| 3  Horizon | RMSE: 30.773, 30.542; MAE: 19.038, 19.056; MAPE: 11.002, 11.208; Q10: 4.583, 4.523; Q50: 9.654, 9.646; Q90: 4.272, 4.387;
| 6  Horizon | RMSE: 32.058, 32.190; MAE: 19.740, 20.023; MAPE: 11.381, 11.770; Q10: 4.788, 4.802; Q50: 10.008, 10.132; Q90: 4.434, 4.636;
| 12 Horizon | RMSE: 33.989, 34.753; MAE: 21.226, 21.889; MAPE: 12.207, 12.834; Q10: 5.164, 5.272; Q50: 10.764, 11.077; Q90: 4.799, 5.150;
epoch 36 time used: 42  seconds  train loss: 17.572 val loss: 6.426799 test loss: 6.546388
Epoch 37: 
| 3  Horizon | RMSE: 30.791, 30.563; MAE: 19.014, 19.025; MAPE: 10.986, 11.172; Q10: 4.587, 4.526; Q50: 9.644, 9.633; Q90: 4.269, 4.379;
| 6  Horizon | RMSE: 32.073, 32.242; MAE: 19.747, 20.030; MAPE: 11.325, 11.654; Q10: 4.792, 4.802; Q50: 10.019, 10.143; Q90: 4.441, 4.646;
| 12 Horizon | RMSE: 34.059, 34.867; MAE: 21.230, 21.907; MAPE: 12.212, 12.785; Q10: 5.182, 5.292; Q50: 10.770, 11.090; Q90: 4.785, 5.128;
epoch 37 time used: 42  seconds  train loss: 17.565 val loss: 6.42955 test loss: 6.547289
Epoch 38: 
| 3  Horizon | RMSE: 30.795, 30.570; MAE: 19.008, 19.021; MAPE: 10.986, 11.170; Q10: 4.587, 4.526; Q50: 9.642, 9.632; Q90: 4.266, 4.376;
| 6  Horizon | RMSE: 32.083, 32.258; MAE: 19.717, 20.001; MAPE: 11.341, 11.683; Q10: 4.791, 4.802; Q50: 10.003, 10.128; Q90: 4.431, 4.630;
| 12 Horizon | RMSE: 34.005, 34.881; MAE: 21.199, 21.929; MAPE: 12.231, 12.892; Q10: 5.174, 5.303; Q50: 10.750, 11.097; Q90: 4.785, 5.142;
epoch 38 time used: 41  seconds  train loss: 17.557 val loss: 6.424359 test loss: 6.549704
Epoch 39: 
| 3  Horizon | RMSE: 30.770, 30.567; MAE: 19.019, 19.032; MAPE: 10.996, 11.163; Q10: 4.587, 4.531; Q50: 9.649, 9.637; Q90: 4.271, 4.383;
| 6  Horizon | RMSE: 32.051, 32.228; MAE: 19.727, 20.003; MAPE: 11.324, 11.665; Q10: 4.788, 4.802; Q50: 10.007, 10.127; Q90: 4.438, 4.639;
| 12 Horizon | RMSE: 33.976, 34.800; MAE: 21.180, 21.851; MAPE: 12.192, 12.786; Q10: 5.167, 5.289; Q50: 10.743, 11.059; Q90: 4.780, 5.122;
epoch 39 time used: 41  seconds  train loss: 17.552 val loss: 6.425728 test loss: 6.546072
Epoch 40: 
| 3  Horizon | RMSE: 30.748, 30.562; MAE: 19.010, 19.042; MAPE: 10.973, 11.168; Q10: 4.581, 4.526; Q50: 9.642, 9.641; Q90: 4.266, 4.387;
| 6  Horizon | RMSE: 32.040, 32.253; MAE: 19.759, 20.050; MAPE: 11.376, 11.668; Q10: 4.788, 4.799; Q50: 10.029, 10.156; Q90: 4.446, 4.663;
| 12 Horizon | RMSE: 33.979, 34.849; MAE: 21.215, 21.935; MAPE: 12.238, 12.856; Q10: 5.173, 5.294; Q50: 10.759, 11.101; Q90: 4.784, 5.145;
epoch 40 time used: 42  seconds  train loss: 17.532 val loss: 6.42319 test loss: 6.552486
Epoch 41: 
| 3  Horizon | RMSE: 30.768, 30.596; MAE: 19.007, 19.025; MAPE: 11.008, 11.172; Q10: 4.584, 4.531; Q50: 9.644, 9.636; Q90: 4.261, 4.372;
| 6  Horizon | RMSE: 32.061, 32.301; MAE: 19.706, 20.006; MAPE: 11.341, 11.673; Q10: 4.785, 4.809; Q50: 9.998, 10.131; Q90: 4.424, 4.626;
| 12 Horizon | RMSE: 34.001, 34.945; MAE: 21.190, 21.938; MAPE: 12.164, 12.795; Q10: 5.165, 5.295; Q50: 10.747, 11.103; Q90: 4.778, 5.136;
epoch 41 time used: 41  seconds  train loss: 17.527 val loss: 6.418436 test loss: 6.54884
Epoch 42: 
| 3  Horizon | RMSE: 30.784, 30.620; MAE: 19.019, 19.055; MAPE: 10.994, 11.179; Q10: 4.585, 4.534; Q50: 9.648, 9.649; Q90: 4.270, 4.387;
| 6  Horizon | RMSE: 32.064, 32.307; MAE: 19.715, 20.030; MAPE: 11.340, 11.689; Q10: 4.787, 4.809; Q50: 10.002, 10.143; Q90: 4.434, 4.648;
| 12 Horizon | RMSE: 34.013, 34.934; MAE: 21.183, 21.931; MAPE: 12.225, 12.874; Q10: 5.173, 5.308; Q50: 10.743, 11.100; Q90: 4.779, 5.143;
epoch 42 time used: 42  seconds  train loss: 17.523 val loss: 6.422557 test loss: 6.558296
Epoch 43: 
| 3  Horizon | RMSE: 30.755, 30.570; MAE: 19.002, 19.023; MAPE: 10.986, 11.163; Q10: 4.583, 4.527; Q50: 9.640, 9.633; Q90: 4.270, 4.383;
| 6  Horizon | RMSE: 32.045, 32.265; MAE: 19.700, 19.998; MAPE: 11.355, 11.708; Q10: 4.787, 4.809; Q50: 9.993, 10.124; Q90: 4.428, 4.631;
| 12 Horizon | RMSE: 33.966, 34.895; MAE: 21.186, 21.923; MAPE: 12.200, 12.811; Q10: 5.164, 5.293; Q50: 10.747, 11.097; Q90: 4.784, 5.142;
epoch 43 time used: 41  seconds  train loss: 17.521 val loss: 6.419346 test loss: 6.548996
Epoch 44: 
| 3  Horizon | RMSE: 30.769, 30.597; MAE: 19.046, 19.061; MAPE: 11.095, 11.233; Q10: 4.588, 4.534; Q50: 9.668, 9.659; Q90: 4.276, 4.394;
| 6  Horizon | RMSE: 32.053, 32.265; MAE: 19.720, 19.997; MAPE: 11.416, 11.701; Q10: 4.789, 4.806; Q50: 10.010, 10.131; Q90: 4.439, 4.650;
| 12 Horizon | RMSE: 33.987, 34.850; MAE: 21.196, 21.884; MAPE: 12.218, 12.791; Q10: 5.171, 5.287; Q50: 10.753, 11.079; Q90: 4.775, 5.125;
epoch 44 time used: 41  seconds  train loss: 17.516 val loss: 6.426423 test loss: 6.550848
Epoch 45: 
| 3  Horizon | RMSE: 30.767, 30.568; MAE: 18.983, 18.999; MAPE: 10.985, 11.167; Q10: 4.580, 4.524; Q50: 9.629, 9.619; Q90: 4.260, 4.371;
| 6  Horizon | RMSE: 32.017, 32.219; MAE: 19.691, 19.976; MAPE: 11.304, 11.639; Q10: 4.782, 4.797; Q50: 9.990, 10.115; Q90: 4.429, 4.638;
| 12 Horizon | RMSE: 33.989, 34.814; MAE: 21.174, 21.845; MAPE: 12.183, 12.762; Q10: 5.166, 5.279; Q50: 10.740, 11.058; Q90: 4.778, 5.121;
epoch 45 time used: 41  seconds  train loss: 17.502 val loss: 6.413871 test loss: 6.534177
Epoch 46: 
| 3  Horizon | RMSE: 30.748, 30.588; MAE: 19.023, 19.064; MAPE: 10.982, 11.171; Q10: 4.583, 4.530; Q50: 9.650, 9.653; Q90: 4.272, 4.394;
| 6  Horizon | RMSE: 32.026, 32.265; MAE: 19.712, 20.030; MAPE: 11.334, 11.695; Q10: 4.789, 4.813; Q50: 9.999, 10.141; Q90: 4.436, 4.653;
| 12 Horizon | RMSE: 33.972, 34.882; MAE: 21.195, 21.932; MAPE: 12.212, 12.851; Q10: 5.170, 5.299; Q50: 10.748, 11.099; Q90: 4.787, 5.150;
epoch 46 time used: 41  seconds  train loss: 17.498 val loss: 6.42349 test loss: 6.559037
Epoch 47: 
| 3  Horizon | RMSE: 30.771, 30.604; MAE: 18.998, 19.034; MAPE: 10.980, 11.165; Q10: 4.583, 4.531; Q50: 9.637, 9.638; Q90: 4.268, 4.390;
| 6  Horizon | RMSE: 32.054, 32.286; MAE: 19.692, 20.001; MAPE: 11.324, 11.677; Q10: 4.788, 4.810; Q50: 9.989, 10.127; Q90: 4.431, 4.646;
| 12 Horizon | RMSE: 34.015, 34.899; MAE: 21.170, 21.888; MAPE: 12.217, 12.842; Q10: 5.177, 5.309; Q50: 10.736, 11.077; Q90: 4.776, 5.130;
epoch 47 time used: 41  seconds  train loss: 17.496 val loss: 6.418872 test loss: 6.551535
Epoch 48: 
| 3  Horizon | RMSE: 30.738, 30.556; MAE: 18.990, 19.016; MAPE: 10.948, 11.132; Q10: 4.578, 4.523; Q50: 9.633, 9.629; Q90: 4.265, 4.383;
| 6  Horizon | RMSE: 32.021, 32.225; MAE: 19.686, 19.975; MAPE: 11.292, 11.634; Q10: 4.782, 4.797; Q50: 9.986, 10.114; Q90: 4.422, 4.630;
| 12 Horizon | RMSE: 33.980, 34.814; MAE: 21.166, 21.851; MAPE: 12.184, 12.789; Q10: 5.171, 5.294; Q50: 10.734, 11.059; Q90: 4.771, 5.113;
epoch 48 time used: 42  seconds  train loss: 17.492 val loss: 6.413113 test loss: 6.536537
Epoch 49: 
| 3  Horizon | RMSE: 30.794, 30.599; MAE: 18.997, 19.009; MAPE: 11.019, 11.186; Q10: 4.587, 4.532; Q50: 9.638, 9.628; Q90: 4.263, 4.375;
| 6  Horizon | RMSE: 32.043, 32.267; MAE: 19.686, 19.984; MAPE: 11.339, 11.665; Q10: 4.786, 4.804; Q50: 9.989, 10.121; Q90: 4.424, 4.636;
| 12 Horizon | RMSE: 33.945, 34.869; MAE: 21.116, 21.877; MAPE: 12.176, 12.834; Q10: 5.162, 5.294; Q50: 10.709, 11.072; Q90: 4.760, 5.128;
epoch 49 time used: 42  seconds  train loss: 17.49 val loss: 6.411418 test loss: 6.542648
Epoch 50: 
| 3  Horizon | RMSE: 30.745, 30.596; MAE: 19.005, 19.048; MAPE: 10.965, 11.150; Q10: 4.580, 4.528; Q50: 9.641, 9.646; Q90: 4.268, 4.391;
| 6  Horizon | RMSE: 32.024, 32.281; MAE: 19.690, 20.014; MAPE: 11.317, 11.680; Q10: 4.784, 4.809; Q50: 9.987, 10.133; Q90: 4.426, 4.642;
| 12 Horizon | RMSE: 33.959, 34.906; MAE: 21.168, 21.913; MAPE: 12.191, 12.810; Q10: 5.169, 5.305; Q50: 10.736, 11.092; Q90: 4.782, 5.150;
epoch 50 time used: 41  seconds  train loss: 17.481 val loss: 6.41607 test loss: 6.553113
Epoch 51: 
| 3  Horizon | RMSE: 30.769, 30.600; MAE: 18.995, 19.026; MAPE: 10.982, 11.167; Q10: 4.585, 4.533; Q50: 9.636, 9.636; Q90: 4.262, 4.377;
| 6  Horizon | RMSE: 32.045, 32.288; MAE: 19.710, 20.018; MAPE: 11.315, 11.662; Q10: 4.787, 4.810; Q50: 10.000, 10.137; Q90: 4.431, 4.643;
| 12 Horizon | RMSE: 34.015, 34.917; MAE: 21.210, 21.930; MAPE: 12.216, 12.836; Q10: 5.182, 5.314; Q50: 10.758, 11.100; Q90: 4.789, 5.147;
epoch 51 time used: 41  seconds  train loss: 17.479 val loss: 6.420683 test loss: 6.552916
Epoch 52: 
| 3  Horizon | RMSE: 30.741, 30.582; MAE: 18.987, 19.023; MAPE: 10.962, 11.150; Q10: 4.578, 4.526; Q50: 9.633, 9.634; Q90: 4.263, 4.384;
| 6  Horizon | RMSE: 32.013, 32.255; MAE: 19.675, 19.987; MAPE: 11.299, 11.656; Q10: 4.780, 4.802; Q50: 9.981, 10.119; Q90: 4.422, 4.637;
| 12 Horizon | RMSE: 33.967, 34.855; MAE: 21.129, 21.846; MAPE: 12.181, 12.794; Q10: 5.166, 5.295; Q50: 10.717, 11.058; Q90: 4.764, 5.117;
epoch 52 time used: 41  seconds  train loss: 17.476 val loss: 6.408764 test loss: 6.541266
Epoch 53: 
| 3  Horizon | RMSE: 30.733, 30.577; MAE: 18.989, 19.033; MAPE: 10.949, 11.142; Q10: 4.578, 4.527; Q50: 9.632, 9.636; Q90: 4.261, 4.384;
| 6  Horizon | RMSE: 32.003, 32.251; MAE: 19.676, 19.992; MAPE: 11.287, 11.634; Q10: 4.778, 4.800; Q50: 9.982, 10.123; Q90: 4.425, 4.644;
| 12 Horizon | RMSE: 33.925, 34.844; MAE: 21.116, 21.856; MAPE: 12.148, 12.772; Q10: 5.156, 5.282; Q50: 10.709, 11.062; Q90: 4.762, 5.127;
epoch 53 time used: 41  seconds  train loss: 17.475 val loss: 6.409704 test loss: 6.545037
Epoch 54: 
| 3  Horizon | RMSE: 30.762, 30.599; MAE: 18.986, 19.018; MAPE: 10.969, 11.147; Q10: 4.579, 4.528; Q50: 9.633, 9.632; Q90: 4.259, 4.377;
| 6  Horizon | RMSE: 32.047, 32.289; MAE: 19.684, 19.990; MAPE: 11.324, 11.658; Q10: 4.784, 4.809; Q50: 9.988, 10.124; Q90: 4.426, 4.639;
| 12 Horizon | RMSE: 33.999, 34.915; MAE: 21.179, 21.901; MAPE: 12.210, 12.793; Q10: 5.169, 5.301; Q50: 10.746, 11.089; Q90: 4.788, 5.149;
epoch 54 time used: 42  seconds  train loss: 17.474 val loss: 6.415693 test loss: 6.548385
Epoch 55: 
| 3  Horizon | RMSE: 30.749, 30.587; MAE: 18.995, 19.027; MAPE: 10.970, 11.155; Q10: 4.582, 4.529; Q50: 9.636, 9.635; Q90: 4.268, 4.386;
| 6  Horizon | RMSE: 32.029, 32.274; MAE: 19.685, 19.998; MAPE: 11.314, 11.684; Q10: 4.788, 4.815; Q50: 9.983, 10.123; Q90: 4.424, 4.637;
| 12 Horizon | RMSE: 33.961, 34.887; MAE: 21.152, 21.885; MAPE: 12.179, 12.814; Q10: 5.170, 5.305; Q50: 10.726, 11.076; Q90: 4.772, 5.132;
epoch 55 time used: 41  seconds  train loss: 17.465 val loss: 6.414436 test loss: 6.548106
Epoch 56: 
| 3  Horizon | RMSE: 30.759, 30.598; MAE: 18.983, 19.021; MAPE: 10.969, 11.161; Q10: 4.580, 4.528; Q50: 9.629, 9.631; Q90: 4.263, 4.385;
| 6  Horizon | RMSE: 32.029, 32.285; MAE: 19.684, 20.004; MAPE: 11.298, 11.654; Q10: 4.783, 4.807; Q50: 9.985, 10.128; Q90: 4.429, 4.651;
| 12 Horizon | RMSE: 33.972, 34.891; MAE: 21.137, 21.876; MAPE: 12.174, 12.813; Q10: 5.172, 5.307; Q50: 10.719, 11.071; Q90: 4.769, 5.134;
epoch 56 time used: 41  seconds  train loss: 17.465 val loss: 6.411948 test loss: 6.548712
Epoch 57: 
| 3  Horizon | RMSE: 30.752, 30.580; MAE: 18.988, 19.015; MAPE: 10.957, 11.135; Q10: 4.579, 4.524; Q50: 9.633, 9.630; Q90: 4.264, 4.384;
| 6  Horizon | RMSE: 32.031, 32.256; MAE: 19.668, 19.971; MAPE: 11.295, 11.646; Q10: 4.782, 4.802; Q50: 9.977, 10.112; Q90: 4.421, 4.634;
| 12 Horizon | RMSE: 33.954, 34.863; MAE: 21.146, 21.872; MAPE: 12.137, 12.733; Q10: 5.155, 5.273; Q50: 10.727, 11.073; Q90: 4.790, 5.164;
epoch 57 time used: 42  seconds  train loss: 17.464 val loss: 6.411215 test loss: 6.543098
Epoch 58: 
| 3  Horizon | RMSE: 30.747, 30.580; MAE: 18.990, 19.017; MAPE: 10.962, 11.151; Q10: 4.579, 4.526; Q50: 9.633, 9.629; Q90: 4.263, 4.380;
| 6  Horizon | RMSE: 32.025, 32.246; MAE: 19.686, 19.977; MAPE: 11.301, 11.650; Q10: 4.784, 4.804; Q50: 9.986, 10.114; Q90: 4.425, 4.633;
| 12 Horizon | RMSE: 33.981, 34.832; MAE: 21.174, 21.853; MAPE: 12.172, 12.757; Q10: 5.167, 5.284; Q50: 10.740, 11.062; Q90: 4.787, 5.137;
epoch 58 time used: 41  seconds  train loss: 17.46 val loss: 6.415874 test loss: 6.541079
Epoch 59: 
| 3  Horizon | RMSE: 30.738, 30.578; MAE: 18.999, 19.038; MAPE: 10.947, 11.149; Q10: 4.578, 4.526; Q50: 9.636, 9.638; Q90: 4.267, 4.389;
| 6  Horizon | RMSE: 32.019, 32.253; MAE: 19.688, 19.996; MAPE: 11.294, 11.670; Q10: 4.782, 4.803; Q50: 9.984, 10.122; Q90: 4.428, 4.645;
| 12 Horizon | RMSE: 33.968, 34.852; MAE: 21.149, 21.870; MAPE: 12.182, 12.835; Q10: 5.169, 5.295; Q50: 10.723, 11.066; Q90: 4.774, 5.134;
epoch 59 time used: 41  seconds  train loss: 17.46 val loss: 6.41415 test loss: 6.547026
Epoch 60: 
| 3  Horizon | RMSE: 30.745, 30.592; MAE: 18.986, 19.023; MAPE: 10.955, 11.141; Q10: 4.579, 4.527; Q50: 9.632, 9.633; Q90: 4.263, 4.383;
| 6  Horizon | RMSE: 32.024, 32.276; MAE: 19.683, 19.997; MAPE: 11.294, 11.660; Q10: 4.784, 4.808; Q50: 9.983, 10.123; Q90: 4.427, 4.646;
| 12 Horizon | RMSE: 33.974, 34.886; MAE: 21.155, 21.886; MAPE: 12.184, 12.827; Q10: 5.172, 5.305; Q50: 10.726, 11.075; Q90: 4.776, 5.136;
epoch 60 time used: 41  seconds  train loss: 17.454 val loss: 6.412446 test loss: 6.546983
Epoch 61: 
| 3  Horizon | RMSE: 30.754, 30.588; MAE: 18.992, 19.019; MAPE: 10.971, 11.150; Q10: 4.582, 4.528; Q50: 9.635, 9.632; Q90: 4.264, 4.382;
| 6  Horizon | RMSE: 32.043, 32.276; MAE: 19.684, 19.982; MAPE: 11.319, 11.668; Q10: 4.788, 4.810; Q50: 9.986, 10.117; Q90: 4.423, 4.635;
| 12 Horizon | RMSE: 33.985, 34.892; MAE: 21.148, 21.873; MAPE: 12.191, 12.821; Q10: 5.180, 5.314; Q50: 10.726, 11.071; Q90: 4.768, 5.127;
epoch 61 time used: 41  seconds  train loss: 17.453 val loss: 6.414205 test loss: 6.5456
Epoch 62: 
| 3  Horizon | RMSE: 30.751, 30.588; MAE: 18.981, 19.015; MAPE: 10.948, 11.137; Q10: 4.578, 4.525; Q50: 9.628, 9.629; Q90: 4.259, 4.378;
| 6  Horizon | RMSE: 32.034, 32.286; MAE: 19.683, 19.996; MAPE: 11.284, 11.636; Q10: 4.781, 4.804; Q50: 9.985, 10.125; Q90: 4.429, 4.648;
| 12 Horizon | RMSE: 34.000, 34.913; MAE: 21.162, 21.885; MAPE: 12.160, 12.762; Q10: 5.164, 5.290; Q50: 10.734, 11.078; Q90: 4.786, 5.152;
Early stopping at epoch: 62
Model  stgcn17  Best Results:
Epoch 52: 
=        =        Horizon  3        =        =        =        =        Horizon  6        =        =        =        =        Horizon  12       =        =       
RMSE     MAE      MAPE     Q10      Q50      Q90      RMSE     MAE      MAPE     Q10      Q50      Q90      RMSE     MAE      MAPE     Q10      Q50      Q90     
30.582   19.023   11.150   4.526    9.634    4.384    32.255   19.987   11.656   4.802    10.119   4.637    34.855   21.846   12.794   5.295    11.058   5.117   
Model Training Ended ... Sun Oct 15 18:19:54 2023
