nohup: ignoring input
pdate shape is:  (16992,)
./save/pems04_stgcn17_in12_out12_addtimeFalse_adjTrue_lr0.001_hc32_train0.7_val0.1_test0.2_seed233_lossquantile_versionstq18_s300slen30q2000_note: training started Sun Oct 15 17:35:58 2023
pdate shape is:  (16992,)
data load........
initial data shape is:  (16992, 307, 3)
train_mean shape : (307,)
train  :  (11873, 24, 307, 3)
val  :  (1697, 24, 307, 3)
test  :  (3388, 24, 307, 3)
Model Training Started ... Sun Oct 15 17:36:00 2023
TIMESTEP_IN, TIMESTEP_OUT 12 12
LOSS is : quantile
qcl init quantile loss is [0.010000000000000009, 0.5, 0.99]
Spatial CL target length = 1
Spatial CL target length = 2
Epoch 0: 
| 3  Horizon | RMSE: 37.776, 36.634; MAE: 25.149, 24.532; MAPE: 14.919, 15.050; Q10: 5.874, 5.713; Q50: 12.734, 12.395; Q90: 6.045, 5.861;
| 6  Horizon | RMSE: 41.943, 40.614; MAE: 27.814, 27.077; MAPE: 15.702, 15.796; Q10: 6.290, 6.134; Q50: 14.089, 13.687; Q90: 6.993, 6.754;
| 12 Horizon | RMSE: 54.147, 51.730; MAE: 36.191, 34.981; MAPE: 20.673, 20.617; Q10: 7.710, 7.496; Q50: 18.339, 17.694; Q90: 10.199, 9.471;
epoch 0 time used: 43  seconds  train loss: 26.006 val loss: 9.575028 test loss: 9.250397
Spatial CL target length = 3
Spatial CL target length = 4
Spatial CL target length = 5
Spatial CL target length = 6
Spatial CL target length = 7
Epoch 1: 
| 3  Horizon | RMSE: 32.863, 32.004; MAE: 21.716, 21.208; MAPE: 14.319, 14.219; Q10: 5.035, 4.886; Q50: 11.006, 10.737; Q90: 4.922, 4.839;
| 6  Horizon | RMSE: 35.003, 34.279; MAE: 23.034, 22.651; MAPE: 14.294, 14.326; Q10: 5.392, 5.268; Q50: 11.677, 11.469; Q90: 5.289, 5.272;
| 12 Horizon | RMSE: 39.563, 39.252; MAE: 26.359, 26.350; MAPE: 15.916, 16.506; Q10: 6.086, 5.994; Q50: 13.341, 13.319; Q90: 6.160, 6.227;
epoch 1 time used: 40  seconds  train loss: 23.405 val loss: 7.55523 test loss: 7.446047
Spatial CL target length = 8
Spatial CL target length = 9
Spatial CL target length = 10
Spatial CL target length = 11
Spatial CL target length = 12
Epoch 2: 
| 3  Horizon | RMSE: 32.660, 31.829; MAE: 20.915, 20.498; MAPE: 12.452, 12.450; Q10: 4.934, 4.791; Q50: 10.605, 10.378; Q90: 4.818, 4.753;
| 6  Horizon | RMSE: 34.507, 33.921; MAE: 22.243, 21.999; MAPE: 13.278, 13.368; Q10: 5.131, 5.052; Q50: 11.279, 11.138; Q90: 5.212, 5.176;
| 12 Horizon | RMSE: 37.274, 37.402; MAE: 24.400, 24.630; MAPE: 14.488, 14.845; Q10: 5.709, 5.692; Q50: 12.374, 12.469; Q90: 5.613, 5.726;
epoch 2 time used: 40  seconds  train loss: 20.94 val loss: 7.219438 test loss: 7.150806
Spatial CL target length = 13
Spatial CL target length = 14
Spatial CL target length = 15
Spatial CL target length = 16
Spatial CL target length = 17
Epoch 3: 
| 3  Horizon | RMSE: 31.681, 30.966; MAE: 20.053, 19.788; MAPE: 11.635, 11.706; Q10: 4.772, 4.645; Q50: 10.174, 10.026; Q90: 4.558, 4.543;
| 6  Horizon | RMSE: 33.301, 32.829; MAE: 21.218, 21.155; MAPE: 12.397, 12.591; Q10: 5.051, 4.959; Q50: 10.771, 10.724; Q90: 4.876, 4.955;
| 12 Horizon | RMSE: 36.531, 36.671; MAE: 23.737, 24.092; MAPE: 13.733, 14.170; Q10: 5.586, 5.575; Q50: 12.045, 12.203; Q90: 5.463, 5.642;
epoch 3 time used: 40  seconds  train loss: 20.144 val loss: 6.937812 test loss: 6.924017
Spatial CL target length = 18
Spatial CL target length = 19
Spatial CL target length = 20
Spatial CL target length = 21
Spatial CL target length = 22
Epoch 4: 
| 3  Horizon | RMSE: 31.233, 30.717; MAE: 19.833, 19.637; MAPE: 11.548, 11.645; Q10: 4.715, 4.591; Q50: 10.060, 9.945; Q90: 4.498, 4.518;
| 6  Horizon | RMSE: 32.791, 32.591; MAE: 20.919, 20.957; MAPE: 12.188, 12.446; Q10: 4.958, 4.898; Q50: 10.612, 10.614; Q90: 4.774, 4.877;
| 12 Horizon | RMSE: 35.455, 36.208; MAE: 22.960, 23.625; MAPE: 13.426, 14.287; Q10: 5.426, 5.522; Q50: 11.637, 11.951; Q90: 5.259, 5.528;
epoch 4 time used: 40  seconds  train loss: 19.693 val loss: 6.810471 test loss: 6.851463
Spatial CL target length = 23
Spatial CL target length = 24
Spatial CL target length = 25
Spatial CL target length = 26
Spatial CL target length = 27
Epoch 5: 
| 3  Horizon | RMSE: 30.950, 30.528; MAE: 19.587, 19.420; MAPE: 11.335, 11.386; Q10: 4.678, 4.560; Q50: 9.940, 9.839; Q90: 4.431, 4.455;
| 6  Horizon | RMSE: 32.529, 32.327; MAE: 20.760, 20.726; MAPE: 12.310, 12.366; Q10: 4.921, 4.834; Q50: 10.547, 10.511; Q90: 4.738, 4.839;
| 12 Horizon | RMSE: 35.251, 35.615; MAE: 22.858, 23.187; MAPE: 13.533, 13.790; Q10: 5.408, 5.396; Q50: 11.611, 11.751; Q90: 5.148, 5.354;
epoch 5 time used: 40  seconds  train loss: 19.218 val loss: 6.733508 test loss: 6.74091
Spatial CL target length = 28
Spatial CL target length = 29
Spatial CL target length = 30
Epoch 6: 
| 3  Horizon | RMSE: 30.972, 30.471; MAE: 19.793, 19.603; MAPE: 12.073, 12.230; Q10: 4.676, 4.583; Q50: 10.004, 9.894; Q90: 4.452, 4.459;
| 6  Horizon | RMSE: 32.391, 32.184; MAE: 20.620, 20.641; MAPE: 12.071, 12.318; Q10: 4.912, 4.847; Q50: 10.440, 10.433; Q90: 4.662, 4.732;
| 12 Horizon | RMSE: 35.329, 35.646; MAE: 22.790, 23.147; MAPE: 13.121, 13.572; Q10: 5.437, 5.429; Q50: 11.563, 11.722; Q90: 5.180, 5.368;
epoch 6 time used: 40  seconds  train loss: 19.046 val loss: 6.736146 test loss: 6.745866
Quantile cl loss is [0.009999999999999995, 0.5, 0.99]
Epoch 7: 
| 3  Horizon | RMSE: 30.825, 30.610; MAE: 19.589, 19.572; MAPE: 11.232, 11.359; Q10: 6.929, 6.867; Q50: 9.943, 9.918; Q90: 5.970, 5.792;
| 6  Horizon | RMSE: 32.124, 32.145; MAE: 20.362, 20.530; MAPE: 11.615, 11.901; Q10: 7.059, 6.999; Q50: 10.328, 10.397; Q90: 6.350, 6.191;
| 12 Horizon | RMSE: 34.671, 35.199; MAE: 22.250, 22.738; MAPE: 12.836, 13.379; Q10: 7.745, 7.671; Q50: 11.287, 11.511; Q90: 7.042, 6.962;
epoch 7 time used: 40  seconds  train loss: 17.995 val loss: 7.978681 test loss: 7.937305
Epoch 8: 
| 3  Horizon | RMSE: 30.667, 30.321; MAE: 19.378, 19.263; MAPE: 11.246, 11.321; Q10: 6.255, 6.188; Q50: 9.834, 9.758; Q90: 6.031, 5.908;
| 6  Horizon | RMSE: 32.075, 31.954; MAE: 20.260, 20.327; MAPE: 11.806, 12.045; Q10: 6.720, 6.646; Q50: 10.267, 10.283; Q90: 6.400, 6.289;
| 12 Horizon | RMSE: 34.664, 35.084; MAE: 22.178, 22.611; MAPE: 13.062, 13.654; Q10: 7.396, 7.307; Q50: 11.233, 11.431; Q90: 6.962, 6.930;
epoch 8 time used: 39  seconds  train loss: 11.35 val loss: 7.810661 test loss: 7.766962
Quantile cl loss is [0.020000000000000004, 0.5, 0.98]
Epoch 9: 
| 3  Horizon | RMSE: 30.771, 30.333; MAE: 19.434, 19.289; MAPE: 11.278, 11.462; Q10: 5.841, 5.787; Q50: 9.851, 9.758; Q90: 5.569, 5.461;
| 6  Horizon | RMSE: 32.284, 32.104; MAE: 20.504, 20.553; MAPE: 12.106, 12.425; Q10: 5.889, 5.846; Q50: 10.382, 10.387; Q90: 5.896, 5.820;
| 12 Horizon | RMSE: 35.242, 35.345; MAE: 22.603, 22.872; MAPE: 13.283, 13.763; Q10: 6.444, 6.394; Q50: 11.453, 11.564; Q90: 6.223, 6.223;
epoch 9 time used: 39  seconds  train loss: 12.206 val loss: 7.426371 test loss: 7.388521
Quantile cl loss is [0.03, 0.5, 0.97]
Epoch 10: 
| 3  Horizon | RMSE: 30.967, 30.955; MAE: 19.758, 19.849; MAPE: 11.222, 11.460; Q10: 5.588, 5.548; Q50: 10.022, 10.050; Q90: 4.860, 4.856;
| 6  Horizon | RMSE: 32.201, 32.367; MAE: 20.449, 20.679; MAPE: 11.622, 11.926; Q10: 5.743, 5.719; Q50: 10.371, 10.469; Q90: 4.994, 5.013;
| 12 Horizon | RMSE: 34.643, 35.290; MAE: 22.335, 22.880; MAPE: 12.828, 13.419; Q10: 6.426, 6.400; Q50: 11.314, 11.568; Q90: 5.429, 5.537;
epoch 10 time used: 40  seconds  train loss: 12.735 val loss: 7.094019 test loss: 7.138287
Quantile cl loss is [0.04, 0.5, 0.96]
Epoch 11: 
| 3  Horizon | RMSE: 30.616, 30.445; MAE: 19.368, 19.367; MAPE: 11.112, 11.233; Q10: 5.052, 5.021; Q50: 9.831, 9.812; Q90: 4.554, 4.516;
| 6  Horizon | RMSE: 31.928, 31.883; MAE: 20.077, 20.191; MAPE: 11.524, 11.762; Q10: 5.177, 5.175; Q50: 10.182, 10.221; Q90: 4.886, 4.874;
| 12 Horizon | RMSE: 34.282, 34.811; MAE: 21.866, 22.327; MAPE: 12.578, 13.030; Q10: 5.733, 5.766; Q50: 11.093, 11.304; Q90: 5.294, 5.362;
epoch 11 time used: 41  seconds  train loss: 13.331 val loss: 6.793216 test loss: 6.819442
Epoch 12: 
| 3  Horizon | RMSE: 30.446, 30.329; MAE: 19.200, 19.232; MAPE: 11.142, 11.263; Q10: 5.137, 5.118; Q50: 9.744, 9.742; Q90: 4.705, 4.664;
| 6  Horizon | RMSE: 31.775, 32.016; MAE: 19.988, 20.272; MAPE: 11.501, 11.806; Q10: 5.244, 5.256; Q50: 10.137, 10.263; Q90: 4.959, 4.967;
| 12 Horizon | RMSE: 34.156, 35.053; MAE: 21.754, 22.447; MAPE: 12.509, 13.072; Q10: 6.003, 6.036; Q50: 11.042, 11.371; Q90: 5.257, 5.372;
epoch 12 time used: 42  seconds  train loss: 14.096 val loss: 6.840327 test loss: 6.896817
Quantile cl loss is [0.05, 0.5, 0.95]
Epoch 13: 
| 3  Horizon | RMSE: 30.439, 30.204; MAE: 19.179, 19.167; MAPE: 11.133, 11.329; Q10: 4.846, 4.814; Q50: 9.726, 9.702; Q90: 4.558, 4.532;
| 6  Horizon | RMSE: 31.887, 32.096; MAE: 20.164, 20.435; MAPE: 11.613, 11.859; Q10: 5.279, 5.281; Q50: 10.241, 10.359; Q90: 4.650, 4.709;
| 12 Horizon | RMSE: 34.263, 34.846; MAE: 21.852, 22.365; MAPE: 12.562, 13.001; Q10: 5.640, 5.668; Q50: 11.094, 11.330; Q90: 5.067, 5.204;
epoch 13 time used: 42  seconds  train loss: 14.659 val loss: 6.719087 test loss: 6.770894
Quantile cl loss is [0.06000000000000001, 0.5, 0.94]
Epoch 14: 
| 3  Horizon | RMSE: 30.474, 30.318; MAE: 19.224, 19.242; MAPE: 11.087, 11.224; Q10: 4.755, 4.723; Q50: 9.759, 9.751; Q90: 4.414, 4.414;
| 6  Horizon | RMSE: 31.878, 32.022; MAE: 20.090, 20.317; MAPE: 11.489, 11.768; Q10: 5.034, 5.037; Q50: 10.196, 10.294; Q90: 4.661, 4.713;
| 12 Horizon | RMSE: 34.371, 34.915; MAE: 21.955, 22.428; MAPE: 12.628, 13.063; Q10: 5.409, 5.454; Q50: 11.146, 11.364; Q90: 5.061, 5.200;
epoch 14 time used: 41  seconds  train loss: 15.113 val loss: 6.636431 test loss: 6.69178
Quantile cl loss is [0.07, 0.5, 0.9299999999999999]
Epoch 15: 
| 3  Horizon | RMSE: 30.423, 30.319; MAE: 19.220, 19.265; MAPE: 11.109, 11.246; Q10: 4.725, 4.694; Q50: 9.760, 9.765; Q90: 4.329, 4.374;
| 6  Horizon | RMSE: 31.767, 32.043; MAE: 20.042, 20.349; MAPE: 11.446, 11.768; Q10: 4.890, 4.897; Q50: 10.175, 10.314; Q90: 4.505, 4.639;
| 12 Horizon | RMSE: 33.977, 34.625; MAE: 21.567, 22.110; MAPE: 12.349, 12.858; Q10: 5.289, 5.351; Q50: 10.943, 11.197; Q90: 4.910, 5.117;
epoch 15 time used: 41  seconds  train loss: 15.494 val loss: 6.537577 test loss: 6.619671
Epoch 16: 
| 3  Horizon | RMSE: 30.539, 30.372; MAE: 19.225, 19.252; MAPE: 11.128, 11.298; Q10: 4.634, 4.611; Q50: 9.759, 9.756; Q90: 4.418, 4.430;
| 6  Horizon | RMSE: 31.870, 32.083; MAE: 19.991, 20.289; MAPE: 11.474, 11.830; Q10: 4.868, 4.898; Q50: 10.143, 10.277; Q90: 4.590, 4.698;
| 12 Horizon | RMSE: 34.168, 35.128; MAE: 21.781, 22.551; MAPE: 12.565, 13.164; Q10: 5.381, 5.474; Q50: 11.059, 11.429; Q90: 4.966, 5.211;
epoch 16 time used: 41  seconds  train loss: 16.155 val loss: 6.569772 test loss: 6.667045
Quantile cl loss is [0.08, 0.5, 0.92]
Epoch 17: 
| 3  Horizon | RMSE: 30.517, 30.391; MAE: 19.217, 19.245; MAPE: 11.160, 11.302; Q10: 4.620, 4.587; Q50: 9.754, 9.751; Q90: 4.386, 4.419;
| 6  Horizon | RMSE: 31.895, 32.111; MAE: 20.059, 20.339; MAPE: 11.627, 11.978; Q10: 4.831, 4.846; Q50: 10.165, 10.289; Q90: 4.562, 4.689;
| 12 Horizon | RMSE: 34.204, 34.953; MAE: 21.761, 22.395; MAPE: 12.685, 13.329; Q10: 5.263, 5.340; Q50: 11.021, 11.323; Q90: 4.963, 5.200;
epoch 17 time used: 41  seconds  train loss: 16.585 val loss: 6.545592 test loss: 6.639099
Quantile cl loss is [0.09, 0.5, 0.91]
Epoch 18: 
| 3  Horizon | RMSE: 30.486, 30.336; MAE: 19.196, 19.247; MAPE: 11.048, 11.324; Q10: 4.588, 4.546; Q50: 9.735, 9.744; Q90: 4.333, 4.391;
| 6  Horizon | RMSE: 31.872, 32.016; MAE: 19.976, 20.232; MAPE: 11.467, 11.854; Q10: 4.802, 4.802; Q50: 10.126, 10.239; Q90: 4.524, 4.666;
| 12 Horizon | RMSE: 34.334, 35.040; MAE: 21.761, 22.379; MAPE: 12.359, 12.923; Q10: 5.349, 5.410; Q50: 11.041, 11.333; Q90: 4.932, 5.185;
epoch 18 time used: 42  seconds  train loss: 16.981 val loss: 6.520709 test loss: 6.612866
Quantile cl loss is [0.1, 0.5, 0.9]
Epoch 19: 
| 3  Horizon | RMSE: 30.476, 30.478; MAE: 19.126, 19.298; MAPE: 11.001, 11.254; Q10: 4.572, 4.543; Q50: 9.699, 9.768; Q90: 4.319, 4.447;
| 6  Horizon | RMSE: 31.865, 32.172; MAE: 19.934, 20.329; MAPE: 11.647, 12.033; Q10: 4.788, 4.817; Q50: 10.095, 10.277; Q90: 4.500, 4.710;
| 12 Horizon | RMSE: 34.274, 35.180; MAE: 21.654, 22.411; MAPE: 12.378, 12.900; Q10: 5.216, 5.323; Q50: 10.989, 11.352; Q90: 4.921, 5.250;
epoch 19 time used: 42  seconds  train loss: 17.364 val loss: 6.498296 test loss: 6.657124
Epoch 20: 
| 3  Horizon | RMSE: 30.426, 30.521; MAE: 19.169, 19.353; MAPE: 11.078, 11.284; Q10: 4.582, 4.559; Q50: 9.726, 9.800; Q90: 4.326, 4.451;
| 6  Horizon | RMSE: 31.794, 32.241; MAE: 19.967, 20.377; MAPE: 11.556, 11.858; Q10: 4.803, 4.835; Q50: 10.135, 10.324; Q90: 4.519, 4.737;
| 12 Horizon | RMSE: 34.161, 35.115; MAE: 21.756, 22.462; MAPE: 12.659, 13.128; Q10: 5.249, 5.354; Q50: 11.046, 11.382; Q90: 4.931, 5.242;
epoch 20 time used: 41  seconds  train loss: 17.882 val loss: 6.513056 test loss: 6.662031
Epoch 21: 
| 3  Horizon | RMSE: 30.475, 30.275; MAE: 19.142, 19.116; MAPE: 11.256, 11.337; Q10: 4.567, 4.513; Q50: 9.721, 9.689; Q90: 4.325, 4.384;
| 6  Horizon | RMSE: 31.712, 31.952; MAE: 19.835, 20.110; MAPE: 11.478, 11.762; Q10: 4.774, 4.777; Q50: 10.068, 10.190; Q90: 4.493, 4.675;
| 12 Horizon | RMSE: 33.991, 34.678; MAE: 21.477, 22.045; MAPE: 12.435, 12.930; Q10: 5.197, 5.273; Q50: 10.901, 11.167; Q90: 4.867, 5.149;
epoch 21 time used: 41  seconds  train loss: 17.861 val loss: 6.47067 test loss: 6.572886
Epoch 22: 
| 3  Horizon | RMSE: 30.413, 30.454; MAE: 19.145, 19.282; MAPE: 11.051, 11.212; Q10: 4.572, 4.539; Q50: 9.721, 9.773; Q90: 4.316, 4.429;
| 6  Horizon | RMSE: 31.747, 32.136; MAE: 19.890, 20.266; MAPE: 11.393, 11.688; Q10: 4.781, 4.798; Q50: 10.098, 10.270; Q90: 4.529, 4.755;
| 12 Horizon | RMSE: 34.072, 34.907; MAE: 21.543, 22.203; MAPE: 12.239, 12.733; Q10: 5.181, 5.249; Q50: 10.930, 11.243; Q90: 4.921, 5.243;
epoch 22 time used: 41  seconds  train loss: 17.84 val loss: 6.48048 test loss: 6.616117
Epoch 23: 
| 3  Horizon | RMSE: 30.437, 30.375; MAE: 19.068, 19.159; MAPE: 11.046, 11.220; Q10: 4.551, 4.517; Q50: 9.677, 9.705; Q90: 4.310, 4.404;
| 6  Horizon | RMSE: 31.826, 32.159; MAE: 19.830, 20.191; MAPE: 11.426, 11.741; Q10: 4.769, 4.790; Q50: 10.066, 10.231; Q90: 4.495, 4.700;
| 12 Horizon | RMSE: 34.214, 35.046; MAE: 21.584, 22.261; MAPE: 12.612, 13.063; Q10: 5.206, 5.291; Q50: 10.965, 11.287; Q90: 4.921, 5.255;
epoch 23 time used: 42  seconds  train loss: 17.822 val loss: 6.479625 test loss: 6.614774
Epoch 24: 
| 3  Horizon | RMSE: 30.407, 30.319; MAE: 19.073, 19.140; MAPE: 11.032, 11.238; Q10: 4.561, 4.507; Q50: 9.676, 9.691; Q90: 4.306, 4.406;
| 6  Horizon | RMSE: 31.778, 32.061; MAE: 19.857, 20.166; MAPE: 11.418, 11.713; Q10: 4.790, 4.782; Q50: 10.079, 10.216; Q90: 4.498, 4.700;
| 12 Horizon | RMSE: 34.163, 34.781; MAE: 21.526, 22.072; MAPE: 12.366, 12.848; Q10: 5.214, 5.262; Q50: 10.922, 11.177; Q90: 4.903, 5.187;
epoch 24 time used: 42  seconds  train loss: 17.8 val loss: 6.47614 test loss: 6.582041
Epoch 25: 
| 3  Horizon | RMSE: 30.381, 30.470; MAE: 19.076, 19.243; MAPE: 11.064, 11.241; Q10: 4.548, 4.517; Q50: 9.683, 9.750; Q90: 4.319, 4.455;
| 6  Horizon | RMSE: 31.743, 32.211; MAE: 19.857, 20.280; MAPE: 11.421, 11.731; Q10: 4.766, 4.786; Q50: 10.080, 10.276; Q90: 4.497, 4.740;
| 12 Horizon | RMSE: 34.012, 34.900; MAE: 21.455, 22.176; MAPE: 12.248, 12.800; Q10: 5.168, 5.251; Q50: 10.886, 11.231; Q90: 4.897, 5.262;
epoch 25 time used: 41  seconds  train loss: 17.738 val loss: 6.469573 test loss: 6.626304
Epoch 26: 
| 3  Horizon | RMSE: 30.352, 30.387; MAE: 19.052, 19.190; MAPE: 11.059, 11.259; Q10: 4.545, 4.508; Q50: 9.665, 9.716; Q90: 4.307, 4.423;
| 6  Horizon | RMSE: 31.714, 32.134; MAE: 19.830, 20.224; MAPE: 11.399, 11.718; Q10: 4.760, 4.774; Q50: 10.061, 10.242; Q90: 4.497, 4.729;
| 12 Horizon | RMSE: 34.072, 34.737; MAE: 21.507, 22.116; MAPE: 12.607, 13.181; Q10: 5.184, 5.258; Q50: 10.892, 11.180; Q90: 4.884, 5.175;
epoch 26 time used: 42  seconds  train loss: 17.724 val loss: 6.458139 test loss: 6.59416
Epoch 27: 
| 3  Horizon | RMSE: 30.323, 30.430; MAE: 19.048, 19.232; MAPE: 10.956, 11.169; Q10: 4.535, 4.501; Q50: 9.669, 9.745; Q90: 4.321, 4.472;
| 6  Horizon | RMSE: 31.752, 32.274; MAE: 19.905, 20.381; MAPE: 11.308, 11.686; Q10: 4.758, 4.776; Q50: 10.104, 10.327; Q90: 4.521, 4.793;
| 12 Horizon | RMSE: 34.113, 34.956; MAE: 21.577, 22.287; MAPE: 12.232, 12.769; Q10: 5.172, 5.239; Q50: 10.951, 11.289; Q90: 4.953, 5.324;
epoch 27 time used: 41  seconds  train loss: 17.714 val loss: 6.468344 test loss: 6.629886
Epoch 28: 
| 3  Horizon | RMSE: 30.400, 30.582; MAE: 19.141, 19.371; MAPE: 10.927, 11.191; Q10: 4.559, 4.533; Q50: 9.712, 9.811; Q90: 4.333, 4.493;
| 6  Horizon | RMSE: 31.738, 32.251; MAE: 19.883, 20.356; MAPE: 11.281, 11.694; Q10: 4.754, 4.775; Q50: 10.084, 10.306; Q90: 4.522, 4.791;
| 12 Horizon | RMSE: 34.043, 34.896; MAE: 21.521, 22.230; MAPE: 12.172, 12.747; Q10: 5.158, 5.226; Q50: 10.917, 11.255; Q90: 4.925, 5.295;
epoch 28 time used: 41  seconds  train loss: 17.698 val loss: 6.474328 test loss: 6.639584
Epoch 29: 
| 3  Horizon | RMSE: 30.333, 30.348; MAE: 19.024, 19.147; MAPE: 11.012, 11.190; Q10: 4.537, 4.496; Q50: 9.657, 9.700; Q90: 4.309, 4.434;
| 6  Horizon | RMSE: 31.714, 32.105; MAE: 19.844, 20.218; MAPE: 11.437, 11.727; Q10: 4.753, 4.759; Q50: 10.077, 10.248; Q90: 4.528, 4.770;
| 12 Horizon | RMSE: 33.927, 34.676; MAE: 21.365, 22.017; MAPE: 12.174, 12.738; Q10: 5.146, 5.213; Q50: 10.839, 11.148; Q90: 4.878, 5.211;
epoch 29 time used: 42  seconds  train loss: 17.688 val loss: 6.451954 test loss: 6.590177
Epoch 30: 
| 3  Horizon | RMSE: 30.318, 30.419; MAE: 19.054, 19.223; MAPE: 10.977, 11.177; Q10: 4.535, 4.501; Q50: 9.671, 9.738; Q90: 4.314, 4.455;
| 6  Horizon | RMSE: 31.617, 31.975; MAE: 19.720, 20.087; MAPE: 11.338, 11.680; Q10: 4.740, 4.751; Q50: 10.005, 10.173; Q90: 4.477, 4.707;
| 12 Horizon | RMSE: 33.851, 34.548; MAE: 21.278, 21.910; MAPE: 12.245, 12.805; Q10: 5.149, 5.220; Q50: 10.792, 11.091; Q90: 4.845, 5.152;
epoch 30 time used: 41  seconds  train loss: 17.646 val loss: 6.432637 test loss: 6.571482
Epoch 31: 
| 3  Horizon | RMSE: 30.339, 30.434; MAE: 19.035, 19.219; MAPE: 10.938, 11.204; Q10: 4.535, 4.504; Q50: 9.656, 9.731; Q90: 4.318, 4.467;
| 6  Horizon | RMSE: 31.691, 32.150; MAE: 19.797, 20.228; MAPE: 11.285, 11.660; Q10: 4.752, 4.766; Q50: 10.047, 10.246; Q90: 4.505, 4.763;
| 12 Horizon | RMSE: 33.910, 34.677; MAE: 21.345, 22.022; MAPE: 12.182, 12.764; Q10: 5.147, 5.214; Q50: 10.828, 11.149; Q90: 4.882, 5.224;
epoch 31 time used: 41  seconds  train loss: 17.637 val loss: 6.444408 test loss: 6.595501
Epoch 32: 
| 3  Horizon | RMSE: 30.363, 30.478; MAE: 19.072, 19.279; MAPE: 10.928, 11.195; Q10: 4.538, 4.508; Q50: 9.676, 9.762; Q90: 4.335, 4.489;
| 6  Horizon | RMSE: 31.682, 32.113; MAE: 19.792, 20.226; MAPE: 11.320, 11.713; Q10: 4.746, 4.758; Q50: 10.039, 10.240; Q90: 4.499, 4.750;
| 12 Horizon | RMSE: 34.049, 34.921; MAE: 21.520, 22.244; MAPE: 12.234, 12.784; Q10: 5.155, 5.225; Q50: 10.922, 11.266; Q90: 4.939, 5.321;
epoch 32 time used: 41  seconds  train loss: 17.631 val loss: 6.463616 test loss: 6.625967
Epoch 33: 
| 3  Horizon | RMSE: 30.352, 30.458; MAE: 19.078, 19.255; MAPE: 10.913, 11.150; Q10: 4.536, 4.498; Q50: 9.679, 9.750; Q90: 4.326, 4.470;
| 6  Horizon | RMSE: 31.676, 32.073; MAE: 19.809, 20.208; MAPE: 11.270, 11.651; Q10: 4.750, 4.756; Q50: 10.046, 10.230; Q90: 4.521, 4.776;
| 12 Horizon | RMSE: 33.944, 34.636; MAE: 21.407, 22.039; MAPE: 12.177, 12.735; Q10: 5.162, 5.211; Q50: 10.857, 11.156; Q90: 4.917, 5.265;
epoch 33 time used: 41  seconds  train loss: 17.622 val loss: 6.458673 test loss: 6.60365
Epoch 34: 
| 3  Horizon | RMSE: 30.283, 30.302; MAE: 19.004, 19.142; MAPE: 10.965, 11.219; Q10: 4.531, 4.491; Q50: 9.638, 9.690; Q90: 4.300, 4.425;
| 6  Horizon | RMSE: 31.635, 31.951; MAE: 19.746, 20.110; MAPE: 11.363, 11.749; Q10: 4.751, 4.758; Q50: 10.012, 10.178; Q90: 4.480, 4.702;
| 12 Horizon | RMSE: 33.925, 34.569; MAE: 21.360, 21.984; MAPE: 12.313, 12.896; Q10: 5.153, 5.214; Q50: 10.825, 11.120; Q90: 4.887, 5.210;
epoch 34 time used: 41  seconds  train loss: 17.612 val loss: 6.436738 test loss: 6.570485
Epoch 35: 
| 3  Horizon | RMSE: 30.309, 30.306; MAE: 18.990, 19.116; MAPE: 10.960, 11.209; Q10: 4.531, 4.489; Q50: 9.632, 9.677; Q90: 4.300, 4.418;
| 6  Horizon | RMSE: 31.665, 31.998; MAE: 19.748, 20.108; MAPE: 11.311, 11.668; Q10: 4.742, 4.743; Q50: 10.019, 10.182; Q90: 4.489, 4.716;
| 12 Horizon | RMSE: 34.088, 34.812; MAE: 21.526, 22.162; MAPE: 12.258, 12.746; Q10: 5.163, 5.209; Q50: 10.927, 11.227; Q90: 4.950, 5.295;
epoch 35 time used: 41  seconds  train loss: 17.583 val loss: 6.448392 test loss: 6.579555
Epoch 36: 
| 3  Horizon | RMSE: 30.327, 30.369; MAE: 19.008, 19.168; MAPE: 10.961, 11.231; Q10: 4.532, 4.497; Q50: 9.642, 9.704; Q90: 4.304, 4.432;
| 6  Horizon | RMSE: 31.673, 32.020; MAE: 19.756, 20.141; MAPE: 11.341, 11.746; Q10: 4.746, 4.756; Q50: 10.019, 10.195; Q90: 4.486, 4.716;
| 12 Horizon | RMSE: 33.989, 34.687; MAE: 21.417, 22.064; MAPE: 12.201, 12.772; Q10: 5.152, 5.209; Q50: 10.864, 11.170; Q90: 4.909, 5.251;
epoch 36 time used: 41  seconds  train loss: 17.581 val loss: 6.440316 test loss: 6.579381
Epoch 37: 
| 3  Horizon | RMSE: 30.308, 30.346; MAE: 18.999, 19.157; MAPE: 10.953, 11.206; Q10: 4.531, 4.490; Q50: 9.638, 9.699; Q90: 4.305, 4.434;
| 6  Horizon | RMSE: 31.684, 32.080; MAE: 19.809, 20.217; MAPE: 11.291, 11.659; Q10: 4.746, 4.744; Q50: 10.051, 10.239; Q90: 4.510, 4.761;
| 12 Horizon | RMSE: 33.987, 34.650; MAE: 21.415, 22.045; MAPE: 12.184, 12.726; Q10: 5.157, 5.197; Q50: 10.865, 11.162; Q90: 4.908, 5.244;
epoch 37 time used: 42  seconds  train loss: 17.571 val loss: 6.44599 test loss: 6.582224
Epoch 38: 
| 3  Horizon | RMSE: 30.310, 30.351; MAE: 19.000, 19.145; MAPE: 10.934, 11.164; Q10: 4.531, 4.485; Q50: 9.642, 9.697; Q90: 4.307, 4.440;
| 6  Horizon | RMSE: 31.670, 32.029; MAE: 19.765, 20.144; MAPE: 11.322, 11.665; Q10: 4.748, 4.742; Q50: 10.033, 10.206; Q90: 4.488, 4.717;
| 12 Horizon | RMSE: 34.011, 34.709; MAE: 21.433, 22.069; MAPE: 12.209, 12.747; Q10: 5.157, 5.199; Q50: 10.877, 11.177; Q90: 4.924, 5.277;
epoch 38 time used: 41  seconds  train loss: 17.564 val loss: 6.450144 test loss: 6.587923
Epoch 39: 
| 3  Horizon | RMSE: 30.323, 30.366; MAE: 18.997, 19.155; MAPE: 10.938, 11.178; Q10: 4.531, 4.488; Q50: 9.640, 9.701; Q90: 4.318, 4.458;
| 6  Horizon | RMSE: 31.687, 32.076; MAE: 19.783, 20.192; MAPE: 11.275, 11.651; Q10: 4.743, 4.740; Q50: 10.038, 10.226; Q90: 4.504, 4.751;
| 12 Horizon | RMSE: 33.992, 34.709; MAE: 21.422, 22.082; MAPE: 12.168, 12.719; Q10: 5.147, 5.194; Q50: 10.871, 11.183; Q90: 4.936, 5.298;
epoch 39 time used: 41  seconds  train loss: 17.56 val loss: 6.451894 test loss: 6.596696
Epoch 40: 
| 3  Horizon | RMSE: 30.296, 30.363; MAE: 19.001, 19.168; MAPE: 10.933, 11.190; Q10: 4.532, 4.491; Q50: 9.640, 9.706; Q90: 4.303, 4.440;
| 6  Horizon | RMSE: 31.696, 32.139; MAE: 19.848, 20.264; MAPE: 11.350, 11.679; Q10: 4.753, 4.751; Q50: 10.076, 10.267; Q90: 4.515, 4.771;
| 12 Horizon | RMSE: 33.998, 34.730; MAE: 21.471, 22.122; MAPE: 12.217, 12.765; Q10: 5.163, 5.209; Q50: 10.892, 11.200; Q90: 4.931, 5.285;
Early stopping at epoch: 40
Model  stgcn17  Best Results:
Epoch 30: 
=        =        Horizon  3        =        =        =        =        Horizon  6        =        =        =        =        Horizon  12       =        =       
RMSE     MAE      MAPE     Q10      Q50      Q90      RMSE     MAE      MAPE     Q10      Q50      Q90      RMSE     MAE      MAPE     Q10      Q50      Q90     
30.419   19.223   11.177   4.501    9.738    4.455    31.975   20.087   11.680   4.751    10.173   4.707    34.548   21.910   12.805   5.220    11.091   5.152   
Model Training Ended ... Sun Oct 15 18:04:31 2023
