nohup: ignoring input
pdate shape is:  (16992,)
./save/pems04_stgcn17_in12_out12_addtimeFalse_adjTrue_lr0.001_hc32_train0.7_val0.1_test0.2_seed233_lossquantile_versionstq18_s300sl7q1000_note: training started Sun Oct 15 17:35:58 2023
pdate shape is:  (16992,)
data load........
initial data shape is:  (16992, 307, 3)
train_mean shape : (307,)
train  :  (11873, 24, 307, 3)
val  :  (1697, 24, 307, 3)
test  :  (3388, 24, 307, 3)
Model Training Started ... Sun Oct 15 17:36:00 2023
TIMESTEP_IN, TIMESTEP_OUT 12 12
LOSS is : quantile
qcl init quantile loss is [0.010000000000000009, 0.5, 0.99]
Spatial CL target length = 1
Spatial CL target length = 2
Epoch 0: 
| 3  Horizon | RMSE: 37.686, 36.629; MAE: 24.970, 24.398; MAPE: 14.570, 14.745; Q10: 5.848, 5.682; Q50: 12.670, 12.363; Q90: 5.959, 5.906;
| 6  Horizon | RMSE: 41.337, 40.561; MAE: 27.477, 27.134; MAPE: 15.654, 16.010; Q10: 6.253, 6.107; Q50: 13.939, 13.744; Q90: 7.064, 7.022;
| 12 Horizon | RMSE: 52.702, 51.573; MAE: 35.314, 34.918; MAPE: 20.088, 20.480; Q10: 7.751, 7.576; Q50: 17.890, 17.668; Q90: 9.922, 9.363;
epoch 0 time used: 43  seconds  train loss: 26.024 val loss: 9.484425 test loss: 9.288593
Spatial CL target length = 3
Spatial CL target length = 4
Spatial CL target length = 5
Spatial CL target length = 6
Spatial CL target length = 7
Epoch 1: 
| 3  Horizon | RMSE: 32.901, 32.068; MAE: 21.216, 20.772; MAPE: 12.516, 12.673; Q10: 4.941, 4.794; Q50: 10.773, 10.536; Q90: 4.808, 4.753;
| 6  Horizon | RMSE: 35.580, 34.798; MAE: 23.046, 22.647; MAPE: 13.225, 13.392; Q10: 5.307, 5.168; Q50: 11.693, 11.477; Q90: 5.299, 5.295;
| 12 Horizon | RMSE: 40.754, 40.103; MAE: 26.848, 26.629; MAPE: 15.394, 15.726; Q10: 6.161, 6.000; Q50: 13.598, 13.470; Q90: 6.269, 6.312;
epoch 1 time used: 39  seconds  train loss: 23.577 val loss: 7.528485 test loss: 7.412218
Quantile cl loss is [0.009999999999999995, 0.5, 0.99]
Epoch 2: 
| 3  Horizon | RMSE: 32.624, 31.905; MAE: 21.048, 20.745; MAPE: 13.299, 13.441; Q10: 6.829, 6.616; Q50: 10.700, 10.534; Q90: 7.108, 7.038;
| 6  Horizon | RMSE: 34.804, 34.413; MAE: 22.554, 22.483; MAPE: 13.885, 14.119; Q10: 7.580, 7.332; Q50: 11.456, 11.404; Q90: 7.954, 7.908;
| 12 Horizon | RMSE: 38.000, 38.347; MAE: 24.926, 25.348; MAPE: 14.981, 15.471; Q10: 8.279, 7.981; Q50: 12.647, 12.838; Q90: 8.711, 8.749;
epoch 2 time used: 39  seconds  train loss: 17.392 val loss: 8.918472 test loss: 8.815995
Quantile cl loss is [0.020000000000000004, 0.5, 0.98]
Quantile cl loss is [0.03, 0.5, 0.97]
Epoch 3: 
| 3  Horizon | RMSE: 31.909, 31.115; MAE: 20.220, 19.918; MAPE: 11.723, 11.826; Q10: 6.014, 5.849; Q50: 10.261, 10.094; Q90: 5.186, 5.136;
| 6  Horizon | RMSE: 33.770, 33.283; MAE: 21.527, 21.442; MAPE: 12.412, 12.659; Q10: 6.504, 6.344; Q50: 10.928, 10.870; Q90: 5.423, 5.434;
| 12 Horizon | RMSE: 37.810, 37.878; MAE: 24.640, 24.819; MAPE: 13.903, 14.354; Q10: 7.174, 6.994; Q50: 12.503, 12.573; Q90: 6.158, 6.259;
epoch 3 time used: 39  seconds  train loss: 13.352 val loss: 7.660433 test loss: 7.58881
Quantile cl loss is [0.04, 0.5, 0.96]
Epoch 4: 
| 3  Horizon | RMSE: 31.397, 30.644; MAE: 19.985, 19.616; MAPE: 11.459, 11.581; Q10: 5.294, 5.130; Q50: 10.129, 9.923; Q90: 4.962, 4.975;
| 6  Horizon | RMSE: 33.197, 32.651; MAE: 21.207, 20.979; MAPE: 12.173, 12.295; Q10: 5.577, 5.417; Q50: 10.760, 10.625; Q90: 5.055, 5.107;
| 12 Horizon | RMSE: 36.419, 36.549; MAE: 23.531, 23.738; MAPE: 13.424, 13.844; Q10: 6.344, 6.187; Q50: 11.940, 12.018; Q90: 5.473, 5.653;
epoch 4 time used: 39  seconds  train loss: 14.747 val loss: 7.185834 test loss: 7.121275
Quantile cl loss is [0.05, 0.5, 0.95]
Quantile cl loss is [0.06000000000000001, 0.5, 0.94]
Epoch 5: 
| 3  Horizon | RMSE: 31.426, 30.741; MAE: 19.903, 19.568; MAPE: 11.478, 11.513; Q10: 4.949, 4.801; Q50: 10.102, 9.915; Q90: 4.529, 4.549;
| 6  Horizon | RMSE: 33.414, 32.963; MAE: 21.444, 21.238; MAPE: 12.765, 12.786; Q10: 5.353, 5.225; Q50: 10.900, 10.777; Q90: 4.779, 4.831;
| 12 Horizon | RMSE: 36.782, 36.837; MAE: 23.961, 23.991; MAPE: 14.275, 14.326; Q10: 6.013, 5.908; Q50: 12.182, 12.170; Q90: 5.268, 5.454;
epoch 5 time used: 39  seconds  train loss: 15.617 val loss: 7.005312 test loss: 6.95414
Quantile cl loss is [0.07, 0.5, 0.9299999999999999]
Epoch 6: 
| 3  Horizon | RMSE: 31.187, 30.704; MAE: 19.592, 19.406; MAPE: 11.319, 11.466; Q10: 4.838, 4.727; Q50: 9.937, 9.825; Q90: 4.583, 4.601;
| 6  Horizon | RMSE: 32.704, 32.602; MAE: 20.576, 20.624; MAPE: 11.843, 12.102; Q10: 5.139, 5.072; Q50: 10.442, 10.448; Q90: 4.818, 4.883;
| 12 Horizon | RMSE: 35.424, 36.115; MAE: 22.530, 23.008; MAPE: 12.984, 13.493; Q10: 5.553, 5.580; Q50: 11.431, 11.651; Q90: 5.244, 5.424;
epoch 6 time used: 39  seconds  train loss: 16.711 val loss: 6.811571 test loss: 6.826533
Quantile cl loss is [0.08, 0.5, 0.92]
Quantile cl loss is [0.09, 0.5, 0.91]
Epoch 7: 
| 3  Horizon | RMSE: 31.491, 31.054; MAE: 20.038, 19.897; MAPE: 11.409, 11.593; Q10: 4.799, 4.698; Q50: 10.168, 10.081; Q90: 4.466, 4.521;
| 6  Horizon | RMSE: 33.049, 32.975; MAE: 21.019, 21.133; MAPE: 11.914, 12.254; Q10: 5.024, 4.979; Q50: 10.667, 10.707; Q90: 4.672, 4.785;
| 12 Horizon | RMSE: 35.455, 36.205; MAE: 22.695, 23.264; MAPE: 13.015, 13.612; Q10: 5.432, 5.519; Q50: 11.516, 11.781; Q90: 5.126, 5.379;
epoch 7 time used: 39  seconds  train loss: 17.538 val loss: 6.810068 test loss: 6.861585
Quantile cl loss is [0.1, 0.5, 0.9]
Epoch 8: 
| 3  Horizon | RMSE: 31.038, 30.557; MAE: 19.369, 19.190; MAPE: 11.237, 11.352; Q10: 4.638, 4.534; Q50: 9.826, 9.716; Q90: 4.375, 4.412;
| 6  Horizon | RMSE: 32.711, 32.610; MAE: 20.423, 20.516; MAPE: 11.988, 12.355; Q10: 4.872, 4.849; Q50: 10.347, 10.373; Q90: 4.614, 4.712;
| 12 Horizon | RMSE: 35.322, 36.040; MAE: 22.293, 22.895; MAPE: 13.052, 13.831; Q10: 5.364, 5.500; Q50: 11.298, 11.580; Q90: 5.026, 5.245;
epoch 8 time used: 39  seconds  train loss: 18.491 val loss: 6.629034 test loss: 6.675353
Epoch 9: 
| 3  Horizon | RMSE: 31.263, 30.775; MAE: 19.530, 19.367; MAPE: 11.265, 11.434; Q10: 4.669, 4.559; Q50: 9.905, 9.800; Q90: 4.406, 4.455;
| 6  Horizon | RMSE: 32.710, 32.613; MAE: 20.452, 20.570; MAPE: 11.812, 12.215; Q10: 4.894, 4.853; Q50: 10.366, 10.403; Q90: 4.620, 4.739;
| 12 Horizon | RMSE: 35.384, 36.076; MAE: 22.354, 22.957; MAPE: 12.979, 13.614; Q10: 5.371, 5.495; Q50: 11.339, 11.619; Q90: 5.020, 5.282;
epoch 9 time used: 39  seconds  train loss: 18.74 val loss: 6.664033 test loss: 6.72345
Epoch 10: 
| 3  Horizon | RMSE: 31.068, 30.608; MAE: 19.506, 19.349; MAPE: 11.229, 11.349; Q10: 4.665, 4.555; Q50: 9.901, 9.802; Q90: 4.414, 4.484;
| 6  Horizon | RMSE: 32.449, 32.254; MAE: 20.275, 20.323; MAPE: 11.675, 11.898; Q10: 4.873, 4.811; Q50: 10.293, 10.296; Q90: 4.593, 4.714;
| 12 Horizon | RMSE: 34.760, 35.150; MAE: 22.016, 22.468; MAPE: 12.619, 13.257; Q10: 5.293, 5.319; Q50: 11.164, 11.369; Q90: 5.020, 5.281;
epoch 10 time used: 39  seconds  train loss: 18.498 val loss: 6.628048 test loss: 6.666726
Epoch 11: 
| 3  Horizon | RMSE: 31.011, 30.571; MAE: 19.559, 19.396; MAPE: 11.806, 11.803; Q10: 4.653, 4.558; Q50: 9.938, 9.839; Q90: 4.422, 4.467;
| 6  Horizon | RMSE: 32.399, 32.275; MAE: 20.225, 20.293; MAPE: 11.998, 12.119; Q10: 4.856, 4.835; Q50: 10.273, 10.288; Q90: 4.592, 4.699;
| 12 Horizon | RMSE: 34.647, 35.186; MAE: 21.942, 22.383; MAPE: 13.038, 13.361; Q10: 5.287, 5.381; Q50: 11.144, 11.344; Q90: 4.961, 5.189;
epoch 11 time used: 40  seconds  train loss: 18.424 val loss: 6.614941 test loss: 6.661532
Epoch 12: 
| 3  Horizon | RMSE: 30.965, 30.539; MAE: 19.282, 19.153; MAPE: 11.336, 11.400; Q10: 4.636, 4.544; Q50: 9.785, 9.702; Q90: 4.342, 4.404;
| 6  Horizon | RMSE: 32.393, 32.349; MAE: 20.066, 20.212; MAPE: 11.665, 11.922; Q10: 4.840, 4.830; Q50: 10.179, 10.234; Q90: 4.534, 4.663;
| 12 Horizon | RMSE: 34.448, 35.167; MAE: 21.604, 22.217; MAPE: 12.599, 13.132; Q10: 5.233, 5.329; Q50: 10.963, 11.251; Q90: 4.890, 5.157;
epoch 12 time used: 41  seconds  train loss: 18.362 val loss: 6.536618 test loss: 6.603827
Epoch 13: 
| 3  Horizon | RMSE: 31.013, 30.552; MAE: 19.303, 19.198; MAPE: 11.243, 11.436; Q10: 4.622, 4.529; Q50: 9.787, 9.714; Q90: 4.333, 4.399;
| 6  Horizon | RMSE: 32.324, 32.196; MAE: 20.182, 20.283; MAPE: 11.742, 11.907; Q10: 4.863, 4.822; Q50: 10.248, 10.279; Q90: 4.552, 4.692;
| 12 Horizon | RMSE: 34.602, 35.025; MAE: 21.832, 22.295; MAPE: 12.612, 13.028; Q10: 5.255, 5.315; Q50: 11.080, 11.289; Q90: 4.970, 5.201;
epoch 13 time used: 41  seconds  train loss: 18.291 val loss: 6.561615 test loss: 6.612048
Epoch 14: 
| 3  Horizon | RMSE: 30.903, 30.506; MAE: 19.322, 19.211; MAPE: 11.156, 11.233; Q10: 4.618, 4.533; Q50: 9.809, 9.734; Q90: 4.395, 4.463;
| 6  Horizon | RMSE: 32.284, 32.173; MAE: 20.068, 20.189; MAPE: 11.494, 11.745; Q10: 4.832, 4.805; Q50: 10.183, 10.223; Q90: 4.515, 4.656;
| 12 Horizon | RMSE: 34.481, 34.953; MAE: 21.710, 22.193; MAPE: 12.474, 12.977; Q10: 5.230, 5.322; Q50: 11.013, 11.234; Q90: 4.904, 5.160;
epoch 14 time used: 41  seconds  train loss: 18.242 val loss: 6.532806 test loss: 6.596183
Epoch 15: 
| 3  Horizon | RMSE: 30.899, 30.541; MAE: 19.240, 19.166; MAPE: 11.306, 11.393; Q10: 4.632, 4.555; Q50: 9.770, 9.715; Q90: 4.327, 4.408;
| 6  Horizon | RMSE: 32.241, 32.224; MAE: 19.959, 20.142; MAPE: 11.567, 11.817; Q10: 4.814, 4.803; Q50: 10.132, 10.206; Q90: 4.499, 4.657;
| 12 Horizon | RMSE: 34.455, 35.047; MAE: 21.543, 22.137; MAPE: 12.487, 13.097; Q10: 5.208, 5.331; Q50: 10.922, 11.200; Q90: 4.859, 5.127;
epoch 15 time used: 41  seconds  train loss: 18.092 val loss: 6.49775 test loss: 6.579835
Epoch 16: 
| 3  Horizon | RMSE: 30.860, 30.525; MAE: 19.203, 19.154; MAPE: 11.203, 11.327; Q10: 4.616, 4.534; Q50: 9.745, 9.702; Q90: 4.329, 4.419;
| 6  Horizon | RMSE: 32.231, 32.237; MAE: 19.988, 20.213; MAPE: 11.583, 11.905; Q10: 4.817, 4.810; Q50: 10.138, 10.232; Q90: 4.504, 4.678;
| 12 Horizon | RMSE: 34.311, 35.006; MAE: 21.667, 22.315; MAPE: 12.621, 13.167; Q10: 5.218, 5.331; Q50: 10.998, 11.303; Q90: 4.891, 5.211;
epoch 16 time used: 41  seconds  train loss: 18.065 val loss: 6.512331 test loss: 6.607333
Epoch 17: 
| 3  Horizon | RMSE: 30.977, 30.630; MAE: 19.244, 19.170; MAPE: 11.192, 11.321; Q10: 4.625, 4.542; Q50: 9.766, 9.710; Q90: 4.323, 4.406;
| 6  Horizon | RMSE: 32.376, 32.396; MAE: 20.060, 20.288; MAPE: 11.669, 12.048; Q10: 4.855, 4.857; Q50: 10.167, 10.261; Q90: 4.501, 4.665;
| 12 Horizon | RMSE: 34.450, 35.123; MAE: 21.683, 22.344; MAPE: 12.745, 13.478; Q10: 5.277, 5.407; Q50: 10.981, 11.293; Q90: 4.871, 5.163;
epoch 17 time used: 41  seconds  train loss: 18.021 val loss: 6.529979 test loss: 6.62607
Epoch 18: 
| 3  Horizon | RMSE: 30.930, 30.669; MAE: 19.188, 19.202; MAPE: 11.064, 11.350; Q10: 4.606, 4.553; Q50: 9.727, 9.715; Q90: 4.316, 4.407;
| 6  Horizon | RMSE: 32.283, 32.406; MAE: 19.927, 20.231; MAPE: 11.535, 12.034; Q10: 4.816, 4.848; Q50: 10.097, 10.229; Q90: 4.495, 4.669;
| 12 Horizon | RMSE: 34.361, 35.168; MAE: 21.514, 22.239; MAPE: 12.310, 13.022; Q10: 5.224, 5.324; Q50: 10.911, 11.252; Q90: 4.848, 5.171;
epoch 18 time used: 42  seconds  train loss: 17.987 val loss: 6.486049 test loss: 6.600839
Epoch 19: 
| 3  Horizon | RMSE: 30.851, 30.542; MAE: 19.129, 19.116; MAPE: 11.092, 11.276; Q10: 4.596, 4.531; Q50: 9.697, 9.673; Q90: 4.311, 4.413;
| 6  Horizon | RMSE: 32.283, 32.316; MAE: 19.895, 20.160; MAPE: 11.608, 11.973; Q10: 4.813, 4.825; Q50: 10.081, 10.195; Q90: 4.473, 4.643;
| 12 Horizon | RMSE: 34.457, 35.073; MAE: 21.532, 22.114; MAPE: 12.568, 13.012; Q10: 5.206, 5.321; Q50: 10.929, 11.202; Q90: 4.903, 5.171;
epoch 19 time used: 41  seconds  train loss: 17.96 val loss: 6.486216 test loss: 6.586954
Epoch 20: 
| 3  Horizon | RMSE: 30.834, 30.615; MAE: 19.211, 19.218; MAPE: 11.254, 11.383; Q10: 4.613, 4.552; Q50: 9.749, 9.734; Q90: 4.317, 4.415;
| 6  Horizon | RMSE: 32.237, 32.361; MAE: 19.986, 20.245; MAPE: 11.761, 12.001; Q10: 4.840, 4.855; Q50: 10.145, 10.255; Q90: 4.498, 4.668;
| 12 Horizon | RMSE: 34.406, 35.129; MAE: 21.656, 22.275; MAPE: 12.833, 13.293; Q10: 5.257, 5.394; Q50: 10.993, 11.282; Q90: 4.879, 5.159;
epoch 20 time used: 41  seconds  train loss: 17.869 val loss: 6.51676 test loss: 6.622776
Epoch 21: 
| 3  Horizon | RMSE: 30.846, 30.559; MAE: 19.122, 19.082; MAPE: 11.153, 11.280; Q10: 4.602, 4.530; Q50: 9.705, 9.666; Q90: 4.299, 4.386;
| 6  Horizon | RMSE: 32.163, 32.246; MAE: 19.837, 20.087; MAPE: 11.465, 11.817; Q10: 4.806, 4.810; Q50: 10.063, 10.169; Q90: 4.469, 4.636;
| 12 Horizon | RMSE: 34.259, 34.982; MAE: 21.418, 22.091; MAPE: 12.459, 13.153; Q10: 5.219, 5.353; Q50: 10.860, 11.178; Q90: 4.820, 5.114;
epoch 21 time used: 41  seconds  train loss: 17.851 val loss: 6.465859 test loss: 6.56752
Epoch 22: 
| 3  Horizon | RMSE: 30.897, 30.616; MAE: 19.138, 19.095; MAPE: 11.051, 11.174; Q10: 4.600, 4.525; Q50: 9.712, 9.671; Q90: 4.296, 4.388;
| 6  Horizon | RMSE: 32.272, 32.341; MAE: 19.880, 20.088; MAPE: 11.464, 11.700; Q10: 4.812, 4.802; Q50: 10.091, 10.174; Q90: 4.490, 4.659;
| 12 Horizon | RMSE: 34.339, 34.996; MAE: 21.410, 22.011; MAPE: 12.299, 12.837; Q10: 5.196, 5.293; Q50: 10.859, 11.138; Q90: 4.844, 5.132;
epoch 22 time used: 41  seconds  train loss: 17.832 val loss: 6.473586 test loss: 6.564048
Epoch 23: 
| 3  Horizon | RMSE: 30.858, 30.609; MAE: 19.075, 19.056; MAPE: 11.064, 11.216; Q10: 4.589, 4.528; Q50: 9.676, 9.649; Q90: 4.286, 4.379;
| 6  Horizon | RMSE: 32.215, 32.336; MAE: 19.790, 20.048; MAPE: 11.439, 11.745; Q10: 4.797, 4.802; Q50: 10.042, 10.154; Q90: 4.453, 4.629;
| 12 Horizon | RMSE: 34.287, 35.025; MAE: 21.363, 21.988; MAPE: 12.494, 12.950; Q10: 5.193, 5.300; Q50: 10.847, 11.141; Q90: 4.828, 5.141;
epoch 23 time used: 41  seconds  train loss: 17.811 val loss: 6.457321 test loss: 6.561859
Epoch 24: 
| 3  Horizon | RMSE: 30.877, 30.591; MAE: 19.100, 19.074; MAPE: 11.086, 11.254; Q10: 4.610, 4.537; Q50: 9.689, 9.656; Q90: 4.290, 4.384;
| 6  Horizon | RMSE: 32.206, 32.294; MAE: 19.844, 20.070; MAPE: 11.484, 11.734; Q10: 4.817, 4.810; Q50: 10.072, 10.165; Q90: 4.465, 4.641;
| 12 Horizon | RMSE: 34.326, 34.974; MAE: 21.372, 21.984; MAPE: 12.380, 12.939; Q10: 5.209, 5.302; Q50: 10.842, 11.127; Q90: 4.821, 5.115;
epoch 24 time used: 42  seconds  train loss: 17.794 val loss: 6.466997 test loss: 6.562266
Epoch 25: 
| 3  Horizon | RMSE: 30.824, 30.612; MAE: 19.081, 19.079; MAPE: 11.105, 11.242; Q10: 4.592, 4.528; Q50: 9.683, 9.663; Q90: 4.288, 4.393;
| 6  Horizon | RMSE: 32.123, 32.302; MAE: 19.794, 20.085; MAPE: 11.439, 11.729; Q10: 4.798, 4.802; Q50: 10.045, 10.172; Q90: 4.450, 4.645;
| 12 Horizon | RMSE: 34.093, 34.908; MAE: 21.269, 21.987; MAPE: 12.257, 12.852; Q10: 5.172, 5.293; Q50: 10.789, 11.130; Q90: 4.798, 5.147;
epoch 25 time used: 41  seconds  train loss: 17.733 val loss: 6.445914 test loss: 6.564571
Epoch 26: 
| 3  Horizon | RMSE: 30.860, 30.663; MAE: 19.082, 19.101; MAPE: 11.073, 11.269; Q10: 4.602, 4.545; Q50: 9.676, 9.668; Q90: 4.287, 4.391;
| 6  Horizon | RMSE: 32.179, 32.387; MAE: 19.796, 20.108; MAPE: 11.432, 11.800; Q10: 4.802, 4.819; Q50: 10.040, 10.178; Q90: 4.456, 4.649;
| 12 Horizon | RMSE: 34.445, 35.292; MAE: 21.563, 22.362; MAPE: 12.895, 13.743; Q10: 5.256, 5.417; Q50: 10.915, 11.297; Q90: 4.826, 5.140;
epoch 26 time used: 41  seconds  train loss: 17.717 val loss: 6.459217 test loss: 6.58577
Epoch 27: 
| 3  Horizon | RMSE: 30.796, 30.652; MAE: 19.076, 19.096; MAPE: 11.142, 11.284; Q10: 4.597, 4.543; Q50: 9.684, 9.676; Q90: 4.285, 4.398;
| 6  Horizon | RMSE: 32.115, 32.365; MAE: 19.833, 20.136; MAPE: 11.505, 11.788; Q10: 4.801, 4.817; Q50: 10.069, 10.203; Q90: 4.458, 4.665;
| 12 Horizon | RMSE: 34.125, 34.976; MAE: 21.340, 22.046; MAPE: 12.349, 12.916; Q10: 5.185, 5.310; Q50: 10.828, 11.164; Q90: 4.824, 5.164;
epoch 27 time used: 41  seconds  train loss: 17.707 val loss: 6.449125 test loss: 6.575739
Epoch 28: 
| 3  Horizon | RMSE: 30.783, 30.626; MAE: 19.110, 19.146; MAPE: 11.005, 11.164; Q10: 4.586, 4.531; Q50: 9.697, 9.697; Q90: 4.299, 4.419;
| 6  Horizon | RMSE: 32.102, 32.328; MAE: 19.783, 20.131; MAPE: 11.331, 11.698; Q10: 4.784, 4.807; Q50: 10.034, 10.191; Q90: 4.466, 4.676;
| 12 Horizon | RMSE: 34.084, 34.940; MAE: 21.248, 21.999; MAPE: 12.205, 12.793; Q10: 5.162, 5.286; Q50: 10.779, 11.136; Q90: 4.817, 5.172;
epoch 28 time used: 41  seconds  train loss: 17.692 val loss: 6.444629 test loss: 6.578392
Epoch 29: 
| 3  Horizon | RMSE: 30.762, 30.535; MAE: 19.062, 19.054; MAPE: 11.062, 11.198; Q10: 4.579, 4.519; Q50: 9.674, 9.652; Q90: 4.289, 4.395;
| 6  Horizon | RMSE: 32.091, 32.238; MAE: 19.791, 20.058; MAPE: 11.486, 11.722; Q10: 4.783, 4.792; Q50: 10.048, 10.163; Q90: 4.477, 4.672;
| 12 Horizon | RMSE: 34.034, 34.830; MAE: 21.194, 21.934; MAPE: 12.263, 12.954; Q10: 5.167, 5.307; Q50: 10.745, 11.097; Q90: 4.782, 5.123;
epoch 29 time used: 41  seconds  train loss: 17.682 val loss: 6.435617 test loss: 6.557216
Epoch 30: 
| 3  Horizon | RMSE: 30.717, 30.513; MAE: 19.064, 19.077; MAPE: 11.024, 11.160; Q10: 4.577, 4.515; Q50: 9.675, 9.663; Q90: 4.290, 4.401;
| 6  Horizon | RMSE: 32.062, 32.205; MAE: 19.714, 20.007; MAPE: 11.400, 11.722; Q10: 4.786, 4.800; Q50: 10.001, 10.130; Q90: 4.437, 4.628;
| 12 Horizon | RMSE: 34.077, 34.838; MAE: 21.224, 21.946; MAPE: 12.355, 12.993; Q10: 5.187, 5.322; Q50: 10.762, 11.105; Q90: 4.776, 5.095;
epoch 30 time used: 41  seconds  train loss: 17.638 val loss: 6.430065 test loss: 6.550931
Epoch 31: 
| 3  Horizon | RMSE: 30.701, 30.524; MAE: 19.021, 19.053; MAPE: 10.970, 11.174; Q10: 4.571, 4.519; Q50: 9.646, 9.645; Q90: 4.288, 4.406;
| 6  Horizon | RMSE: 32.011, 32.208; MAE: 19.713, 20.022; MAPE: 11.304, 11.655; Q10: 4.778, 4.790; Q50: 10.001, 10.138; Q90: 4.446, 4.650;
| 12 Horizon | RMSE: 34.011, 34.808; MAE: 21.156, 21.890; MAPE: 12.248, 12.916; Q10: 5.158, 5.280; Q50: 10.728, 11.076; Q90: 4.774, 5.115;
epoch 31 time used: 41  seconds  train loss: 17.63 val loss: 6.419261 test loss: 6.545894
Epoch 32: 
| 3  Horizon | RMSE: 30.700, 30.513; MAE: 19.014, 19.045; MAPE: 10.969, 11.165; Q10: 4.578, 4.525; Q50: 9.644, 9.641; Q90: 4.278, 4.393;
| 6  Horizon | RMSE: 32.031, 32.216; MAE: 19.726, 20.057; MAPE: 11.382, 11.779; Q10: 4.787, 4.811; Q50: 10.002, 10.149; Q90: 4.438, 4.636;
| 12 Horizon | RMSE: 34.020, 34.820; MAE: 21.248, 21.973; MAPE: 12.270, 12.912; Q10: 5.172, 5.304; Q50: 10.776, 11.120; Q90: 4.805, 5.155;
epoch 32 time used: 41  seconds  train loss: 17.622 val loss: 6.428823 test loss: 6.561536
Epoch 33: 
| 3  Horizon | RMSE: 30.757, 30.631; MAE: 19.101, 19.151; MAPE: 10.947, 11.149; Q10: 4.575, 4.528; Q50: 9.689, 9.696; Q90: 4.305, 4.431;
| 6  Horizon | RMSE: 32.039, 32.269; MAE: 19.761, 20.103; MAPE: 11.300, 11.698; Q10: 4.784, 4.810; Q50: 10.021, 10.174; Q90: 4.466, 4.682;
| 12 Horizon | RMSE: 34.039, 34.864; MAE: 21.226, 21.973; MAPE: 12.222, 12.891; Q10: 5.176, 5.302; Q50: 10.763, 11.118; Q90: 4.791, 5.146;
epoch 33 time used: 41  seconds  train loss: 17.614 val loss: 6.438674 test loss: 6.576404
Epoch 34: 
| 3  Horizon | RMSE: 30.711, 30.524; MAE: 19.015, 19.026; MAPE: 11.000, 11.187; Q10: 4.578, 4.526; Q50: 9.643, 9.630; Q90: 4.273, 4.380;
| 6  Horizon | RMSE: 32.092, 32.283; MAE: 19.741, 20.052; MAPE: 11.428, 11.830; Q10: 4.794, 4.826; Q50: 10.007, 10.144; Q90: 4.435, 4.624;
| 12 Horizon | RMSE: 34.122, 34.955; MAE: 21.269, 22.040; MAPE: 12.516, 13.290; Q10: 5.197, 5.356; Q50: 10.772, 11.140; Q90: 4.780, 5.110;
epoch 34 time used: 41  seconds  train loss: 17.605 val loss: 6.428289 test loss: 6.558507
Epoch 35: 
| 3  Horizon | RMSE: 30.705, 30.509; MAE: 19.003, 19.017; MAPE: 10.991, 11.186; Q10: 4.572, 4.517; Q50: 9.637, 9.626; Q90: 4.269, 4.379;
| 6  Horizon | RMSE: 32.011, 32.185; MAE: 19.696, 19.992; MAPE: 11.333, 11.685; Q10: 4.777, 4.792; Q50: 9.991, 10.120; Q90: 4.437, 4.635;
| 12 Horizon | RMSE: 34.036, 34.772; MAE: 21.242, 21.889; MAPE: 12.213, 12.741; Q10: 5.157, 5.253; Q50: 10.778, 11.082; Q90: 4.815, 5.156;
epoch 35 time used: 41  seconds  train loss: 17.574 val loss: 6.421014 test loss: 6.538994
Epoch 36: 
| 3  Horizon | RMSE: 30.710, 30.531; MAE: 19.024, 19.059; MAPE: 10.989, 11.216; Q10: 4.571, 4.521; Q50: 9.646, 9.646; Q90: 4.274, 4.390;
| 6  Horizon | RMSE: 32.036, 32.207; MAE: 19.719, 20.040; MAPE: 11.375, 11.791; Q10: 4.781, 4.805; Q50: 9.997, 10.139; Q90: 4.436, 4.640;
| 12 Horizon | RMSE: 34.022, 34.744; MAE: 21.212, 21.891; MAPE: 12.222, 12.874; Q10: 5.163, 5.278; Q50: 10.756, 11.076; Q90: 4.802, 5.145;
epoch 36 time used: 41  seconds  train loss: 17.572 val loss: 6.421378 test loss: 6.548111
Epoch 37: 
| 3  Horizon | RMSE: 30.709, 30.526; MAE: 18.987, 19.011; MAPE: 10.956, 11.159; Q10: 4.574, 4.519; Q50: 9.630, 9.624; Q90: 4.267, 4.378;
| 6  Horizon | RMSE: 32.027, 32.220; MAE: 19.708, 20.015; MAPE: 11.295, 11.640; Q10: 4.781, 4.797; Q50: 9.998, 10.133; Q90: 4.442, 4.646;
| 12 Horizon | RMSE: 34.057, 34.817; MAE: 21.192, 21.884; MAPE: 12.200, 12.792; Q10: 5.173, 5.282; Q50: 10.749, 11.075; Q90: 4.782, 5.120;
epoch 37 time used: 41  seconds  train loss: 17.564 val loss: 6.418743 test loss: 6.541313
Epoch 38: 
| 3  Horizon | RMSE: 30.733, 30.559; MAE: 18.989, 19.013; MAPE: 10.965, 11.156; Q10: 4.576, 4.522; Q50: 9.632, 9.627; Q90: 4.266, 4.376;
| 6  Horizon | RMSE: 32.061, 32.277; MAE: 19.688, 20.004; MAPE: 11.319, 11.673; Q10: 4.783, 4.802; Q50: 9.988, 10.129; Q90: 4.432, 4.630;
| 12 Horizon | RMSE: 34.047, 34.888; MAE: 21.184, 21.929; MAPE: 12.230, 12.890; Q10: 5.170, 5.303; Q50: 10.743, 11.097; Q90: 4.789, 5.140;
epoch 38 time used: 41  seconds  train loss: 17.557 val loss: 6.417573 test loss: 6.548383
Epoch 39: 
| 3  Horizon | RMSE: 30.693, 30.540; MAE: 18.995, 19.018; MAPE: 10.970, 11.147; Q10: 4.576, 4.526; Q50: 9.637, 9.629; Q90: 4.271, 4.383;
| 6  Horizon | RMSE: 32.014, 32.230; MAE: 19.693, 19.997; MAPE: 11.303, 11.654; Q10: 4.781, 4.802; Q50: 9.990, 10.123; Q90: 4.436, 4.636;
| 12 Horizon | RMSE: 33.999, 34.802; MAE: 21.152, 21.850; MAPE: 12.203, 12.824; Q10: 5.164, 5.290; Q50: 10.728, 11.057; Q90: 4.777, 5.112;
epoch 39 time used: 41  seconds  train loss: 17.552 val loss: 6.416726 test loss: 6.542193
Epoch 40: 
| 3  Horizon | RMSE: 30.670, 30.521; MAE: 18.982, 19.025; MAPE: 10.948, 11.153; Q10: 4.568, 4.518; Q50: 9.627, 9.630; Q90: 4.264, 4.383;
| 6  Horizon | RMSE: 31.999, 32.234; MAE: 19.717, 20.034; MAPE: 11.332, 11.637; Q10: 4.776, 4.794; Q50: 10.006, 10.146; Q90: 4.442, 4.656;
| 12 Horizon | RMSE: 34.011, 34.831; MAE: 21.196, 21.933; MAPE: 12.232, 12.876; Q10: 5.167, 5.290; Q50: 10.748, 11.098; Q90: 4.785, 5.140;
epoch 40 time used: 41  seconds  train loss: 17.531 val loss: 6.413251 test loss: 6.54693
Epoch 41: 
| 3  Horizon | RMSE: 30.694, 30.568; MAE: 18.984, 19.013; MAPE: 10.977, 11.152; Q10: 4.570, 4.525; Q50: 9.632, 9.629; Q90: 4.262, 4.371;
| 6  Horizon | RMSE: 32.027, 32.302; MAE: 19.673, 20.005; MAPE: 11.317, 11.666; Q10: 4.775, 4.807; Q50: 9.981, 10.129; Q90: 4.425, 4.624;
| 12 Horizon | RMSE: 34.012, 34.922; MAE: 21.159, 21.926; MAPE: 12.174, 12.819; Q10: 5.159, 5.294; Q50: 10.731, 11.096; Q90: 4.778, 5.131;
epoch 41 time used: 41  seconds  train loss: 17.527 val loss: 6.409107 test loss: 6.54499
Epoch 42: 
| 3  Horizon | RMSE: 30.699, 30.581; MAE: 18.992, 19.039; MAPE: 10.974, 11.165; Q10: 4.570, 4.527; Q50: 9.634, 9.640; Q90: 4.270, 4.386;
| 6  Horizon | RMSE: 32.018, 32.297; MAE: 19.677, 20.025; MAPE: 11.320, 11.682; Q10: 4.777, 4.808; Q50: 9.982, 10.139; Q90: 4.434, 4.643;
| 12 Horizon | RMSE: 34.020, 34.908; MAE: 21.152, 21.925; MAPE: 12.232, 12.891; Q10: 5.164, 5.302; Q50: 10.727, 11.095; Q90: 4.777, 5.133;
epoch 42 time used: 41  seconds  train loss: 17.523 val loss: 6.412276 test loss: 6.553446
Epoch 43: 
| 3  Horizon | RMSE: 30.677, 30.540; MAE: 18.979, 19.010; MAPE: 10.965, 11.149; Q10: 4.570, 4.522; Q50: 9.628, 9.625; Q90: 4.271, 4.382;
| 6  Horizon | RMSE: 32.014, 32.270; MAE: 19.671, 20.000; MAPE: 11.339, 11.701; Q10: 4.778, 4.808; Q50: 9.978, 10.124; Q90: 4.429, 4.627;
| 12 Horizon | RMSE: 33.990, 34.880; MAE: 21.166, 21.917; MAPE: 12.208, 12.817; Q10: 5.161, 5.292; Q50: 10.737, 11.094; Q90: 4.784, 5.135;
epoch 43 time used: 41  seconds  train loss: 17.521 val loss: 6.411751 test loss: 6.546116
Epoch 44: 
| 3  Horizon | RMSE: 30.694, 30.563; MAE: 19.019, 19.044; MAPE: 11.057, 11.197; Q10: 4.575, 4.527; Q50: 9.654, 9.649; Q90: 4.277, 4.392;
| 6  Horizon | RMSE: 32.024, 32.264; MAE: 19.692, 19.996; MAPE: 11.391, 11.681; Q10: 4.782, 4.806; Q50: 9.995, 10.130; Q90: 4.438, 4.645;
| 12 Horizon | RMSE: 34.016, 34.836; MAE: 21.181, 21.882; MAPE: 12.220, 12.787; Q10: 5.168, 5.285; Q50: 10.745, 11.078; Q90: 4.776, 5.118;
epoch 44 time used: 41  seconds  train loss: 17.516 val loss: 6.419204 test loss: 6.547577
Epoch 45: 
| 3  Horizon | RMSE: 30.689, 30.537; MAE: 18.964, 18.988; MAPE: 10.955, 11.145; Q10: 4.565, 4.517; Q50: 9.619, 9.613; Q90: 4.261, 4.371;
| 6  Horizon | RMSE: 31.973, 32.208; MAE: 19.662, 19.975; MAPE: 11.277, 11.621; Q10: 4.771, 4.793; Q50: 9.975, 10.113; Q90: 4.430, 4.636;
| 12 Horizon | RMSE: 33.999, 34.779; MAE: 21.153, 21.834; MAPE: 12.178, 12.764; Q10: 5.159, 5.273; Q50: 10.729, 11.051; Q90: 4.780, 5.114;
epoch 45 time used: 41  seconds  train loss: 17.502 val loss: 6.405938 test loss: 6.530353
Epoch 46: 
| 3  Horizon | RMSE: 30.660, 30.545; MAE: 18.993, 19.043; MAPE: 10.958, 11.152; Q10: 4.567, 4.522; Q50: 9.634, 9.642; Q90: 4.272, 4.393;
| 6  Horizon | RMSE: 31.979, 32.246; MAE: 19.672, 20.018; MAPE: 11.313, 11.683; Q10: 4.777, 4.811; Q50: 9.978, 10.134; Q90: 4.435, 4.647;
| 12 Horizon | RMSE: 33.986, 34.846; MAE: 21.168, 21.916; MAPE: 12.212, 12.857; Q10: 5.163, 5.294; Q50: 10.735, 11.090; Q90: 4.787, 5.140;
epoch 46 time used: 41  seconds  train loss: 17.497 val loss: 6.413165 test loss: 6.553308
Epoch 47: 
| 3  Horizon | RMSE: 30.673, 30.561; MAE: 18.973, 19.023; MAPE: 10.950, 11.149; Q10: 4.568, 4.524; Q50: 9.624, 9.631; Q90: 4.267, 4.389;
| 6  Horizon | RMSE: 31.996, 32.270; MAE: 19.655, 19.999; MAPE: 11.303, 11.672; Q10: 4.777, 4.808; Q50: 9.970, 10.124; Q90: 4.431, 4.642;
| 12 Horizon | RMSE: 34.021, 34.875; MAE: 21.147, 21.891; MAPE: 12.227, 12.880; Q10: 5.172, 5.311; Q50: 10.723, 11.077; Q90: 4.776, 5.122;
epoch 47 time used: 41  seconds  train loss: 17.496 val loss: 6.409184 test loss: 6.548247
Epoch 48: 
| 3  Horizon | RMSE: 30.643, 30.508; MAE: 18.961, 18.997; MAPE: 10.924, 11.115; Q10: 4.562, 4.514; Q50: 9.618, 9.619; Q90: 4.263, 4.380;
| 6  Horizon | RMSE: 31.961, 32.198; MAE: 19.645, 19.966; MAPE: 11.267, 11.624; Q10: 4.770, 4.792; Q50: 9.965, 10.108; Q90: 4.421, 4.625;
| 12 Horizon | RMSE: 33.975, 34.770; MAE: 21.133, 21.836; MAPE: 12.183, 12.800; Q10: 5.161, 5.288; Q50: 10.717, 11.050; Q90: 4.773, 5.106;
epoch 48 time used: 41  seconds  train loss: 17.492 val loss: 6.402359 test loss: 6.530798
Epoch 49: 
| 3  Horizon | RMSE: 30.699, 30.559; MAE: 18.973, 18.997; MAPE: 10.986, 11.168; Q10: 4.571, 4.525; Q50: 9.625, 9.620; Q90: 4.263, 4.374;
| 6  Horizon | RMSE: 31.977, 32.247; MAE: 19.645, 19.977; MAPE: 11.307, 11.651; Q10: 4.773, 4.802; Q50: 9.968, 10.116; Q90: 4.423, 4.630;
| 12 Horizon | RMSE: 33.937, 34.838; MAE: 21.088, 21.873; MAPE: 12.181, 12.869; Q10: 5.154, 5.294; Q50: 10.694, 11.068; Q90: 4.760, 5.120;
epoch 49 time used: 41  seconds  train loss: 17.49 val loss: 6.401261 test loss: 6.538584
Epoch 50: 
| 3  Horizon | RMSE: 30.645, 30.552; MAE: 18.979, 19.037; MAPE: 10.937, 11.129; Q10: 4.564, 4.520; Q50: 9.628, 9.639; Q90: 4.269, 4.392;
| 6  Horizon | RMSE: 31.958, 32.260; MAE: 19.655, 20.015; MAPE: 11.293, 11.670; Q10: 4.772, 4.807; Q50: 9.969, 10.131; Q90: 4.427, 4.641;
| 12 Horizon | RMSE: 33.950, 34.867; MAE: 21.144, 21.910; MAPE: 12.197, 12.832; Q10: 5.161, 5.301; Q50: 10.724, 11.088; Q90: 4.784, 5.145;
epoch 50 time used: 41  seconds  train loss: 17.481 val loss: 6.406999 test loss: 6.550472
Epoch 51: 
| 3  Horizon | RMSE: 30.674, 30.559; MAE: 18.970, 19.013; MAPE: 10.957, 11.147; Q10: 4.569, 4.525; Q50: 9.624, 9.628; Q90: 4.262, 4.377;
| 6  Horizon | RMSE: 31.985, 32.271; MAE: 19.673, 20.013; MAPE: 11.290, 11.644; Q10: 4.775, 4.806; Q50: 9.981, 10.134; Q90: 4.431, 4.642;
| 12 Horizon | RMSE: 34.012, 34.884; MAE: 21.185, 21.923; MAPE: 12.214, 12.837; Q10: 5.172, 5.309; Q50: 10.745, 11.096; Q90: 4.791, 5.143;
epoch 51 time used: 41  seconds  train loss: 17.479 val loss: 6.41102 test loss: 6.548971
Epoch 52: 
| 3  Horizon | RMSE: 30.642, 30.535; MAE: 18.960, 19.007; MAPE: 10.935, 11.129; Q10: 4.562, 4.517; Q50: 9.619, 9.625; Q90: 4.262, 4.382;
| 6  Horizon | RMSE: 31.951, 32.230; MAE: 19.637, 19.981; MAPE: 11.269, 11.642; Q10: 4.767, 4.798; Q50: 9.961, 10.115; Q90: 4.422, 4.634;
| 12 Horizon | RMSE: 33.962, 34.813; MAE: 21.105, 21.836; MAPE: 12.178, 12.800; Q10: 5.156, 5.287; Q50: 10.704, 11.051; Q90: 4.766, 5.109;
epoch 52 time used: 41  seconds  train loss: 17.476 val loss: 6.398743 test loss: 6.536441
Epoch 53: 
| 3  Horizon | RMSE: 30.634, 30.533; MAE: 18.959, 19.017; MAPE: 10.923, 11.131; Q10: 4.562, 4.520; Q50: 9.616, 9.627; Q90: 4.260, 4.381;
| 6  Horizon | RMSE: 31.940, 32.231; MAE: 19.636, 19.989; MAPE: 11.260, 11.633; Q10: 4.766, 4.798; Q50: 9.961, 10.119; Q90: 4.423, 4.639;
| 12 Horizon | RMSE: 33.921, 34.818; MAE: 21.093, 21.858; MAPE: 12.155, 12.804; Q10: 5.148, 5.279; Q50: 10.697, 11.061; Q90: 4.764, 5.123;
epoch 53 time used: 41  seconds  train loss: 17.475 val loss: 6.398935 test loss: 6.540584
Epoch 54: 
| 3  Horizon | RMSE: 30.658, 30.552; MAE: 18.962, 19.007; MAPE: 10.935, 11.125; Q10: 4.563, 4.519; Q50: 9.620, 9.625; Q90: 4.260, 4.378;
| 6  Horizon | RMSE: 31.976, 32.265; MAE: 19.645, 19.989; MAPE: 11.287, 11.647; Q10: 4.770, 4.803; Q50: 9.967, 10.121; Q90: 4.426, 4.637;
| 12 Horizon | RMSE: 33.979, 34.871; MAE: 21.145, 21.891; MAPE: 12.199, 12.802; Q10: 5.158, 5.294; Q50: 10.727, 11.081; Q90: 4.789, 5.143;
epoch 54 time used: 41  seconds  train loss: 17.474 val loss: 6.404946 test loss: 6.543881
Epoch 55: 
| 3  Horizon | RMSE: 30.643, 30.538; MAE: 18.966, 19.011; MAPE: 10.942, 11.134; Q10: 4.565, 4.521; Q50: 9.621, 9.626; Q90: 4.266, 4.383;
| 6  Horizon | RMSE: 31.961, 32.252; MAE: 19.645, 19.996; MAPE: 11.293, 11.683; Q10: 4.775, 4.811; Q50: 9.963, 10.120; Q90: 4.424, 4.633;
| 12 Horizon | RMSE: 33.949, 34.846; MAE: 21.126, 21.876; MAPE: 12.180, 12.828; Q10: 5.161, 5.301; Q50: 10.713, 11.070; Q90: 4.773, 5.123;
epoch 55 time used: 41  seconds  train loss: 17.465 val loss: 6.40361 test loss: 6.543063
Epoch 56: 
| 3  Horizon | RMSE: 30.650, 30.550; MAE: 18.958, 19.011; MAPE: 10.940, 11.143; Q10: 4.563, 4.520; Q50: 9.616, 9.625; Q90: 4.262, 4.385;
| 6  Horizon | RMSE: 31.954, 32.258; MAE: 19.644, 20.002; MAPE: 11.272, 11.650; Q10: 4.770, 4.803; Q50: 9.964, 10.125; Q90: 4.430, 4.650;
| 12 Horizon | RMSE: 33.955, 34.848; MAE: 21.110, 21.869; MAPE: 12.173, 12.834; Q10: 5.162, 5.301; Q50: 10.705, 11.066; Q90: 4.770, 5.128;
epoch 56 time used: 41  seconds  train loss: 17.464 val loss: 6.401585 test loss: 6.54499
Epoch 57: 
| 3  Horizon | RMSE: 30.648, 30.534; MAE: 18.963, 19.001; MAPE: 10.926, 11.115; Q10: 4.562, 4.516; Q50: 9.620, 9.621; Q90: 4.264, 4.383;
| 6  Horizon | RMSE: 31.964, 32.234; MAE: 19.633, 19.969; MAPE: 11.271, 11.639; Q10: 4.769, 4.799; Q50: 9.959, 10.109; Q90: 4.421, 4.631;
| 12 Horizon | RMSE: 33.945, 34.817; MAE: 21.124, 21.858; MAPE: 12.135, 12.739; Q10: 5.148, 5.269; Q50: 10.715, 11.064; Q90: 4.791, 5.154;
epoch 57 time used: 41  seconds  train loss: 17.463 val loss: 6.40171 test loss: 6.538082
Epoch 58: 
| 3  Horizon | RMSE: 30.642, 30.534; MAE: 18.963, 19.004; MAPE: 10.933, 11.129; Q10: 4.562, 4.518; Q50: 9.619, 9.622; Q90: 4.263, 4.380;
| 6  Horizon | RMSE: 31.954, 32.223; MAE: 19.648, 19.975; MAPE: 11.274, 11.641; Q10: 4.772, 4.800; Q50: 9.966, 10.112; Q90: 4.425, 4.630;
| 12 Horizon | RMSE: 33.969, 34.789; MAE: 21.150, 21.842; MAPE: 12.172, 12.764; Q10: 5.159, 5.279; Q50: 10.728, 11.055; Q90: 4.788, 5.130;
epoch 58 time used: 41  seconds  train loss: 17.46 val loss: 6.405625 test loss: 6.53648
Epoch 59: 
| 3  Horizon | RMSE: 30.631, 30.529; MAE: 18.969, 19.023; MAPE: 10.918, 11.130; Q10: 4.560, 4.517; Q50: 9.620, 9.630; Q90: 4.267, 4.389;
| 6  Horizon | RMSE: 31.944, 32.223; MAE: 19.646, 19.990; MAPE: 11.271, 11.662; Q10: 4.768, 4.799; Q50: 9.963, 10.117; Q90: 4.428, 4.642;
| 12 Horizon | RMSE: 33.953, 34.805; MAE: 21.124, 21.862; MAPE: 12.185, 12.858; Q10: 5.161, 5.290; Q50: 10.710, 11.061; Q90: 4.775, 5.127;
epoch 59 time used: 41  seconds  train loss: 17.46 val loss: 6.403547 test loss: 6.542377
Epoch 60: 
| 3  Horizon | RMSE: 30.642, 30.544; MAE: 18.959, 19.009; MAPE: 10.927, 11.122; Q10: 4.562, 4.519; Q50: 9.618, 9.625; Q90: 4.262, 4.382;
| 6  Horizon | RMSE: 31.955, 32.252; MAE: 19.643, 19.993; MAPE: 11.270, 11.654; Q10: 4.771, 4.805; Q50: 9.962, 10.120; Q90: 4.427, 4.643;
| 12 Horizon | RMSE: 33.957, 34.844; MAE: 21.128, 21.882; MAPE: 12.186, 12.850; Q10: 5.164, 5.303; Q50: 10.712, 11.071; Q90: 4.776, 5.128;
epoch 60 time used: 41  seconds  train loss: 17.454 val loss: 6.401848 test loss: 6.542746
Epoch 61: 
| 3  Horizon | RMSE: 30.641, 30.538; MAE: 18.962, 19.005; MAPE: 10.940, 11.133; Q10: 4.564, 4.520; Q50: 9.620, 9.624; Q90: 4.263, 4.381;
| 6  Horizon | RMSE: 31.963, 32.248; MAE: 19.643, 19.980; MAPE: 11.295, 11.664; Q10: 4.774, 4.805; Q50: 9.964, 10.115; Q90: 4.424, 4.632;
| 12 Horizon | RMSE: 33.964, 34.843; MAE: 21.123, 21.867; MAPE: 12.198, 12.846; Q10: 5.170, 5.310; Q50: 10.713, 11.066; Q90: 4.770, 5.120;
epoch 61 time used: 41  seconds  train loss: 17.453 val loss: 6.403435 test loss: 6.541239
Epoch 62: 
| 3  Horizon | RMSE: 30.639, 30.537; MAE: 18.951, 19.000; MAPE: 10.918, 11.120; Q10: 4.560, 4.517; Q50: 9.613, 9.620; Q90: 4.258, 4.377;
| 6  Horizon | RMSE: 31.953, 32.255; MAE: 19.639, 19.991; MAPE: 11.259, 11.630; Q10: 4.767, 4.799; Q50: 9.962, 10.120; Q90: 4.427, 4.643;
| 12 Horizon | RMSE: 33.973, 34.861; MAE: 21.131, 21.873; MAPE: 12.160, 12.776; Q10: 5.155, 5.285; Q50: 10.718, 11.070; Q90: 4.784, 5.141;
Early stopping at epoch: 62
Model  stgcn17  Best Results:
Epoch 52: 
=        =        Horizon  3        =        =        =        =        Horizon  6        =        =        =        =        Horizon  12       =        =       
RMSE     MAE      MAPE     Q10      Q50      Q90      RMSE     MAE      MAPE     Q10      Q50      Q90      RMSE     MAE      MAPE     Q10      Q50      Q90     
30.535   19.007   11.129   4.517    9.625    4.382    32.230   19.981   11.642   4.798    10.115   4.634    34.813   21.836   12.800   5.287    11.051   5.109   
Model Training Ended ... Sun Oct 15 18:19:36 2023
