nohup: ignoring input
pdate shape is:  (16992,)
./save/pems04_stgcn17_in12_out12_addtimeFalse_adjTrue_lr0.001_hc32_train0.7_val0.1_test0.2_seed233_lossquantile_versionstq18_s300slen20q3000_note: training started Sun Oct 15 17:35:58 2023
pdate shape is:  (16992,)
data load........
initial data shape is:  (16992, 307, 3)
train_mean shape : (307,)
train  :  (11873, 24, 307, 3)
val  :  (1697, 24, 307, 3)
test  :  (3388, 24, 307, 3)
Model Training Started ... Sun Oct 15 17:36:00 2023
TIMESTEP_IN, TIMESTEP_OUT 12 12
LOSS is : quantile
qcl init quantile loss is [0.010000000000000009, 0.5, 0.99]
Spatial CL target length = 1
Spatial CL target length = 2
Epoch 0: 
| 3  Horizon | RMSE: 38.262, 37.050; MAE: 25.927, 25.105; MAPE: 16.910, 16.531; Q10: 6.162, 5.949; Q50: 13.096, 12.669; Q90: 5.983, 5.789;
| 6  Horizon | RMSE: 41.414, 40.038; MAE: 27.748, 26.851; MAPE: 17.036, 16.596; Q10: 6.312, 6.109; Q50: 14.028, 13.562; Q90: 6.813, 6.629;
| 12 Horizon | RMSE: 52.195, 49.751; MAE: 35.933, 34.391; MAPE: 22.220, 21.478; Q10: 7.672, 7.400; Q50: 18.166, 17.371; Q90: 9.654, 9.052;
epoch 0 time used: 44  seconds  train loss: 26.093 val loss: 9.566763 test loss: 9.21021
Spatial CL target length = 3
Spatial CL target length = 4
Spatial CL target length = 5
Spatial CL target length = 6
Spatial CL target length = 7
Epoch 1: 
| 3  Horizon | RMSE: 32.561, 31.791; MAE: 21.053, 20.661; MAPE: 12.374, 12.585; Q10: 4.894, 4.752; Q50: 10.683, 10.471; Q90: 4.924, 4.889;
| 6  Horizon | RMSE: 34.978, 34.341; MAE: 22.827, 22.551; MAPE: 13.446, 13.772; Q10: 5.241, 5.134; Q50: 11.581, 11.426; Q90: 5.340, 5.364;
| 12 Horizon | RMSE: 39.559, 39.316; MAE: 26.297, 26.302; MAPE: 15.362, 15.912; Q10: 6.051, 5.990; Q50: 13.333, 13.318; Q90: 6.124, 6.197;
epoch 1 time used: 41  seconds  train loss: 23.219 val loss: 7.459785 test loss: 7.385414
Spatial CL target length = 8
Spatial CL target length = 9
Spatial CL target length = 10
Spatial CL target length = 11
Spatial CL target length = 12
Epoch 2: 
| 3  Horizon | RMSE: 33.725, 33.113; MAE: 21.872, 21.587; MAPE: 13.094, 13.271; Q10: 4.923, 4.818; Q50: 11.097, 10.937; Q90: 5.120, 5.067;
| 6  Horizon | RMSE: 35.435, 35.171; MAE: 23.016, 22.971; MAPE: 13.845, 14.160; Q10: 5.193, 5.187; Q50: 11.678, 11.636; Q90: 5.526, 5.509;
| 12 Horizon | RMSE: 37.880, 38.695; MAE: 24.781, 25.408; MAPE: 14.911, 15.663; Q10: 5.735, 5.905; Q50: 12.568, 12.864; Q90: 5.844, 5.959;
epoch 2 time used: 41  seconds  train loss: 20.795 val loss: 7.437526 test loss: 7.440707
Spatial CL target length = 13
Spatial CL target length = 14
Spatial CL target length = 15
Spatial CL target length = 16
Spatial CL target length = 17
Epoch 3: 
| 3  Horizon | RMSE: 31.452, 30.892; MAE: 20.130, 19.891; MAPE: 11.757, 11.984; Q10: 4.759, 4.644; Q50: 10.223, 10.089; Q90: 4.562, 4.556;
| 6  Horizon | RMSE: 33.213, 32.852; MAE: 21.308, 21.203; MAPE: 12.496, 12.730; Q10: 5.046, 4.965; Q50: 10.822, 10.753; Q90: 4.953, 4.996;
| 12 Horizon | RMSE: 36.766, 36.826; MAE: 23.867, 23.986; MAPE: 13.584, 13.915; Q10: 5.641, 5.622; Q50: 12.114, 12.153; Q90: 5.433, 5.526;
epoch 3 time used: 41  seconds  train loss: 20.039 val loss: 6.946535 test loss: 6.914417
Spatial CL target length = 18
Spatial CL target length = 19
Spatial CL target length = 20
Epoch 4: 
| 3  Horizon | RMSE: 31.137, 30.610; MAE: 19.933, 19.675; MAPE: 11.632, 11.765; Q10: 4.705, 4.580; Q50: 10.095, 9.952; Q90: 4.513, 4.522;
| 6  Horizon | RMSE: 32.648, 32.416; MAE: 20.898, 20.850; MAPE: 12.094, 12.381; Q10: 4.939, 4.858; Q50: 10.593, 10.552; Q90: 4.782, 4.854;
| 12 Horizon | RMSE: 35.409, 35.938; MAE: 22.948, 23.375; MAPE: 13.281, 13.953; Q10: 5.443, 5.470; Q50: 11.634, 11.827; Q90: 5.263, 5.460;
epoch 4 time used: 41  seconds  train loss: 19.643 val loss: 6.806674 test loss: 6.810105
Epoch 5: 
| 3  Horizon | RMSE: 30.992, 30.496; MAE: 19.743, 19.478; MAPE: 11.311, 11.465; Q10: 4.665, 4.545; Q50: 10.017, 9.871; Q90: 4.460, 4.474;
| 6  Horizon | RMSE: 32.609, 32.232; MAE: 20.903, 20.692; MAPE: 12.252, 12.393; Q10: 4.941, 4.843; Q50: 10.617, 10.492; Q90: 4.812, 4.861;
| 12 Horizon | RMSE: 35.452, 35.362; MAE: 23.005, 22.950; MAPE: 13.421, 13.643; Q10: 5.418, 5.360; Q50: 11.683, 11.629; Q90: 5.201, 5.297;
epoch 5 time used: 41  seconds  train loss: 19.173 val loss: 6.771699 test loss: 6.7256
Quantile cl loss is [0.009999999999999995, 0.5, 0.99]
Epoch 6: 
| 3  Horizon | RMSE: 30.794, 30.285; MAE: 19.587, 19.313; MAPE: 11.611, 11.696; Q10: 6.777, 6.670; Q50: 9.911, 9.762; Q90: 6.059, 5.966;
| 6  Horizon | RMSE: 32.267, 32.012; MAE: 20.513, 20.388; MAPE: 11.760, 11.944; Q10: 6.952, 6.842; Q50: 10.401, 10.321; Q90: 6.409, 6.337;
| 12 Horizon | RMSE: 35.330, 35.350; MAE: 22.816, 22.839; MAPE: 13.213, 13.414; Q10: 7.648, 7.515; Q50: 11.584, 11.571; Q90: 7.474, 7.425;
epoch 6 time used: 41  seconds  train loss: 15.465 val loss: 8.036298 test loss: 7.946523
Epoch 7: 
| 3  Horizon | RMSE: 31.128, 30.883; MAE: 19.941, 19.863; MAPE: 11.249, 11.435; Q10: 7.007, 6.924; Q50: 10.111, 10.061; Q90: 5.800, 5.709;
| 6  Horizon | RMSE: 32.317, 32.292; MAE: 20.592, 20.677; MAPE: 11.664, 11.973; Q10: 7.094, 7.002; Q50: 10.436, 10.464; Q90: 6.390, 6.334;
| 12 Horizon | RMSE: 34.774, 35.202; MAE: 22.373, 22.715; MAPE: 12.871, 13.485; Q10: 7.802, 7.668; Q50: 11.338, 11.488; Q90: 7.022, 7.054;
epoch 7 time used: 42  seconds  train loss: 11.421 val loss: 8.03859 test loss: 8.00144
Quantile cl loss is [0.020000000000000004, 0.5, 0.98]
Epoch 8: 
| 3  Horizon | RMSE: 30.576, 30.142; MAE: 19.377, 19.176; MAPE: 11.338, 11.513; Q10: 5.702, 5.602; Q50: 9.817, 9.703; Q90: 5.493, 5.442;
| 6  Horizon | RMSE: 32.174, 32.001; MAE: 20.521, 20.487; MAPE: 12.301, 12.680; Q10: 5.964, 5.858; Q50: 10.383, 10.349; Q90: 6.067, 6.048;
| 12 Horizon | RMSE: 35.232, 35.564; MAE: 22.839, 23.141; MAPE: 13.839, 14.709; Q10: 6.381, 6.274; Q50: 11.553, 11.683; Q90: 6.469, 6.530;
epoch 8 time used: 41  seconds  train loss: 11.904 val loss: 7.423279 test loss: 7.378361
Epoch 9: 
| 3  Horizon | RMSE: 31.001, 30.415; MAE: 19.550, 19.243; MAPE: 11.260, 11.381; Q10: 5.876, 5.805; Q50: 9.913, 9.742; Q90: 5.549, 5.478;
| 6  Horizon | RMSE: 32.408, 32.150; MAE: 20.531, 20.455; MAPE: 11.945, 12.263; Q10: 5.967, 5.904; Q50: 10.398, 10.341; Q90: 5.956, 5.912;
| 12 Horizon | RMSE: 35.183, 35.332; MAE: 22.509, 22.710; MAPE: 12.941, 13.515; Q10: 6.517, 6.440; Q50: 11.411, 11.487; Q90: 6.193, 6.236;
epoch 9 time used: 41  seconds  train loss: 12.454 val loss: 7.447319 test loss: 7.393604
Quantile cl loss is [0.03, 0.5, 0.97]
Epoch 10: 
| 3  Horizon | RMSE: 30.774, 30.546; MAE: 19.614, 19.531; MAPE: 11.105, 11.323; Q10: 5.531, 5.457; Q50: 9.944, 9.886; Q90: 4.864, 4.885;
| 6  Horizon | RMSE: 31.888, 31.925; MAE: 20.283, 20.365; MAPE: 11.506, 11.861; Q10: 5.755, 5.697; Q50: 10.281, 10.305; Q90: 4.922, 4.987;
| 12 Horizon | RMSE: 34.265, 34.755; MAE: 22.189, 22.583; MAPE: 12.962, 13.730; Q10: 6.327, 6.265; Q50: 11.229, 11.405; Q90: 5.454, 5.599;
epoch 10 time used: 41  seconds  train loss: 12.72 val loss: 7.037179 test loss: 7.055294
Epoch 11: 
| 3  Horizon | RMSE: 30.476, 30.148; MAE: 19.264, 19.149; MAPE: 11.048, 11.248; Q10: 5.283, 5.225; Q50: 9.772, 9.701; Q90: 4.817, 4.774;
| 6  Horizon | RMSE: 31.764, 31.712; MAE: 20.063, 20.103; MAPE: 11.520, 11.844; Q10: 5.418, 5.382; Q50: 10.173, 10.177; Q90: 5.131, 5.125;
| 12 Horizon | RMSE: 34.280, 34.733; MAE: 22.015, 22.327; MAPE: 12.668, 13.187; Q10: 6.078, 6.054; Q50: 11.169, 11.304; Q90: 5.598, 5.650;
epoch 11 time used: 59  seconds  train loss: 13.231 val loss: 6.952861 test loss: 6.948256
Quantile cl loss is [0.04, 0.5, 0.96]
Epoch 12: 
| 3  Horizon | RMSE: 30.483, 30.176; MAE: 19.153, 19.047; MAPE: 11.106, 11.293; Q10: 4.946, 4.902; Q50: 9.713, 9.646; Q90: 4.757, 4.724;
| 6  Horizon | RMSE: 31.837, 31.895; MAE: 20.000, 20.118; MAPE: 11.582, 11.926; Q10: 5.146, 5.143; Q50: 10.135, 10.179; Q90: 5.142, 5.142;
| 12 Horizon | RMSE: 34.046, 34.858; MAE: 21.643, 22.192; MAPE: 12.450, 13.089; Q10: 5.796, 5.833; Q50: 10.979, 11.234; Q90: 5.455, 5.553;
epoch 12 time used: 58  seconds  train loss: 13.554 val loss: 6.82282 test loss: 6.845786
Epoch 13: 
| 3  Horizon | RMSE: 30.432, 30.074; MAE: 19.156, 19.014; MAPE: 11.118, 11.271; Q10: 4.917, 4.862; Q50: 9.710, 9.626; Q90: 4.689, 4.661;
| 6  Horizon | RMSE: 31.674, 31.730; MAE: 20.055, 20.183; MAPE: 11.590, 11.923; Q10: 5.342, 5.318; Q50: 10.184, 10.232; Q90: 4.795, 4.830;
| 12 Horizon | RMSE: 33.999, 34.458; MAE: 21.742, 22.074; MAPE: 12.434, 12.899; Q10: 5.745, 5.744; Q50: 11.032, 11.177; Q90: 5.258, 5.346;
epoch 13 time used: 58  seconds  train loss: 14.03 val loss: 6.774298 test loss: 6.784134
Quantile cl loss is [0.05, 0.5, 0.95]
Epoch 14: 
| 3  Horizon | RMSE: 30.519, 30.255; MAE: 19.281, 19.199; MAPE: 11.127, 11.330; Q10: 4.934, 4.876; Q50: 9.786, 9.731; Q90: 4.477, 4.484;
| 6  Horizon | RMSE: 31.834, 31.901; MAE: 20.126, 20.246; MAPE: 11.499, 11.828; Q10: 5.194, 5.163; Q50: 10.213, 10.257; Q90: 4.719, 4.779;
| 12 Horizon | RMSE: 34.336, 34.817; MAE: 22.008, 22.309; MAPE: 12.648, 13.077; Q10: 5.536, 5.551; Q50: 11.171, 11.300; Q90: 5.187, 5.302;
epoch 14 time used: 58  seconds  train loss: 14.3 val loss: 6.716174 test loss: 6.737646
Epoch 15: 
| 3  Horizon | RMSE: 30.465, 30.210; MAE: 19.168, 19.112; MAPE: 11.129, 11.368; Q10: 4.894, 4.853; Q50: 9.729, 9.687; Q90: 4.436, 4.442;
| 6  Horizon | RMSE: 31.672, 31.812; MAE: 19.916, 20.102; MAPE: 11.417, 11.797; Q10: 5.052, 5.050; Q50: 10.106, 10.184; Q90: 4.594, 4.666;
| 12 Horizon | RMSE: 33.934, 34.589; MAE: 21.524, 21.956; MAPE: 12.337, 12.910; Q10: 5.431, 5.484; Q50: 10.911, 11.108; Q90: 5.060, 5.202;
epoch 15 time used: 59  seconds  train loss: 14.685 val loss: 6.617538 test loss: 6.660573
Quantile cl loss is [0.06000000000000001, 0.5, 0.94]
Epoch 16: 
| 3  Horizon | RMSE: 30.384, 30.156; MAE: 19.094, 19.049; MAPE: 11.060, 11.296; Q10: 4.693, 4.653; Q50: 9.683, 9.648; Q90: 4.409, 4.435;
| 6  Horizon | RMSE: 31.615, 31.771; MAE: 19.882, 20.097; MAPE: 11.515, 11.928; Q10: 4.913, 4.919; Q50: 10.074, 10.168; Q90: 4.654, 4.742;
| 12 Horizon | RMSE: 33.759, 34.684; MAE: 21.530, 22.187; MAPE: 12.356, 13.093; Q10: 5.408, 5.471; Q50: 10.918, 11.229; Q90: 4.997, 5.213;
epoch 16 time used: 58  seconds  train loss: 14.943 val loss: 6.568166 test loss: 6.639148
Epoch 17: 
| 3  Horizon | RMSE: 30.528, 30.268; MAE: 19.159, 19.089; MAPE: 11.086, 11.281; Q10: 4.748, 4.719; Q50: 9.721, 9.671; Q90: 4.471, 4.465;
| 6  Horizon | RMSE: 31.773, 31.915; MAE: 19.968, 20.153; MAPE: 11.539, 11.914; Q10: 4.931, 4.947; Q50: 10.115, 10.192; Q90: 4.634, 4.707;
| 12 Horizon | RMSE: 33.980, 34.812; MAE: 21.621, 22.196; MAPE: 12.500, 13.200; Q10: 5.344, 5.423; Q50: 10.951, 11.220; Q90: 5.044, 5.217;
epoch 17 time used: 58  seconds  train loss: 15.385 val loss: 6.588041 test loss: 6.64892
Quantile cl loss is [0.07, 0.5, 0.9299999999999999]
Epoch 18: 
| 3  Horizon | RMSE: 30.493, 30.309; MAE: 19.138, 19.130; MAPE: 10.996, 11.248; Q10: 4.679, 4.659; Q50: 9.701, 9.683; Q90: 4.361, 4.380;
| 6  Horizon | RMSE: 31.695, 31.901; MAE: 19.840, 20.093; MAPE: 11.425, 11.865; Q10: 4.858, 4.898; Q50: 10.050, 10.161; Q90: 4.544, 4.638;
| 12 Horizon | RMSE: 33.769, 34.787; MAE: 21.395, 22.131; MAPE: 12.202, 12.996; Q10: 5.418, 5.523; Q50: 10.844, 11.195; Q90: 4.891, 5.112;
epoch 18 time used: 58  seconds  train loss: 15.606 val loss: 6.517325 test loss: 6.608568
Epoch 19: 
| 3  Horizon | RMSE: 30.434, 30.281; MAE: 19.067, 19.101; MAPE: 10.968, 11.205; Q10: 4.657, 4.639; Q50: 9.668, 9.672; Q90: 4.304, 4.353;
| 6  Horizon | RMSE: 31.661, 31.883; MAE: 19.795, 20.079; MAPE: 11.489, 11.872; Q10: 4.827, 4.864; Q50: 10.025, 10.155; Q90: 4.515, 4.630;
| 12 Horizon | RMSE: 33.925, 34.817; MAE: 21.508, 22.117; MAPE: 12.366, 12.908; Q10: 5.261, 5.374; Q50: 10.918, 11.203; Q90: 4.863, 5.082;
epoch 19 time used: 58  seconds  train loss: 16.042 val loss: 6.496553 test loss: 6.59968
Quantile cl loss is [0.08, 0.5, 0.92]
Epoch 20: 
| 3  Horizon | RMSE: 30.471, 30.310; MAE: 19.178, 19.185; MAPE: 11.115, 11.370; Q10: 4.649, 4.619; Q50: 9.729, 9.718; Q90: 4.349, 4.397;
| 6  Horizon | RMSE: 31.673, 31.882; MAE: 19.935, 20.161; MAPE: 11.579, 11.964; Q10: 4.842, 4.860; Q50: 10.117, 10.213; Q90: 4.519, 4.643;
| 12 Horizon | RMSE: 33.889, 34.681; MAE: 21.651, 22.159; MAPE: 12.597, 13.151; Q10: 5.293, 5.377; Q50: 10.989, 11.222; Q90: 4.909, 5.117;
epoch 20 time used: 58  seconds  train loss: 16.176 val loss: 6.523766 test loss: 6.605055
Epoch 21: 
| 3  Horizon | RMSE: 30.484, 30.222; MAE: 19.098, 19.016; MAPE: 11.186, 11.397; Q10: 4.602, 4.568; Q50: 9.694, 9.638; Q90: 4.332, 4.358;
| 6  Horizon | RMSE: 31.596, 31.741; MAE: 19.784, 19.957; MAPE: 11.448, 11.813; Q10: 4.828, 4.838; Q50: 10.040, 10.110; Q90: 4.472, 4.590;
| 12 Horizon | RMSE: 33.781, 34.494; MAE: 21.436, 21.890; MAPE: 12.444, 12.981; Q10: 5.229, 5.311; Q50: 10.881, 11.086; Q90: 4.858, 5.061;
epoch 21 time used: 57  seconds  train loss: 16.609 val loss: 6.471144 test loss: 6.539738
Quantile cl loss is [0.09, 0.5, 0.91]
Epoch 22: 
| 3  Horizon | RMSE: 30.399, 30.159; MAE: 19.039, 18.979; MAPE: 10.968, 11.190; Q10: 4.584, 4.544; Q50: 9.652, 9.608; Q90: 4.288, 4.330;
| 6  Horizon | RMSE: 31.605, 31.746; MAE: 19.780, 19.960; MAPE: 11.390, 11.761; Q10: 4.782, 4.793; Q50: 10.024, 10.098; Q90: 4.459, 4.584;
| 12 Horizon | RMSE: 33.788, 34.519; MAE: 21.477, 21.975; MAPE: 12.627, 13.277; Q10: 5.187, 5.286; Q50: 10.872, 11.104; Q90: 4.858, 5.067;
epoch 22 time used: 57  seconds  train loss: 16.781 val loss: 6.449816 test loss: 6.521748
Epoch 23: 
| 3  Horizon | RMSE: 30.403, 30.204; MAE: 19.029, 19.004; MAPE: 11.054, 11.272; Q10: 4.575, 4.546; Q50: 9.646, 9.621; Q90: 4.288, 4.331;
| 6  Horizon | RMSE: 31.597, 31.783; MAE: 19.725, 19.951; MAPE: 11.362, 11.752; Q10: 4.765, 4.788; Q50: 10.003, 10.101; Q90: 4.444, 4.581;
| 12 Horizon | RMSE: 33.776, 34.558; MAE: 21.391, 21.910; MAPE: 12.405, 12.934; Q10: 5.192, 5.290; Q50: 10.861, 11.101; Q90: 4.816, 5.064;
epoch 23 time used: 58  seconds  train loss: 17.207 val loss: 6.434289 test loss: 6.525288
Quantile cl loss is [0.1, 0.5, 0.9]
Epoch 24: 
| 3  Horizon | RMSE: 30.399, 30.164; MAE: 18.993, 18.958; MAPE: 10.958, 11.201; Q10: 4.571, 4.527; Q50: 9.633, 9.601; Q90: 4.269, 4.330;
| 6  Horizon | RMSE: 31.587, 31.787; MAE: 19.746, 19.992; MAPE: 11.320, 11.703; Q10: 4.774, 4.782; Q50: 10.021, 10.127; Q90: 4.446, 4.617;
| 12 Horizon | RMSE: 33.733, 34.505; MAE: 21.292, 21.846; MAPE: 12.192, 12.833; Q10: 5.166, 5.264; Q50: 10.800, 11.058; Q90: 4.800, 5.072;
epoch 24 time used: 58  seconds  train loss: 17.359 val loss: 6.426293 test loss: 6.519345
Epoch 25: 
| 3  Horizon | RMSE: 30.366, 30.168; MAE: 18.988, 18.970; MAPE: 11.006, 11.246; Q10: 4.561, 4.524; Q50: 9.631, 9.608; Q90: 4.269, 4.334;
| 6  Horizon | RMSE: 31.515, 31.721; MAE: 19.698, 19.942; MAPE: 11.320, 11.728; Q10: 4.763, 4.780; Q50: 9.991, 10.098; Q90: 4.433, 4.597;
| 12 Horizon | RMSE: 33.560, 34.416; MAE: 21.246, 21.855; MAPE: 12.164, 12.830; Q10: 5.153, 5.263; Q50: 10.776, 11.061; Q90: 4.794, 5.095;
epoch 25 time used: 58  seconds  train loss: 17.723 val loss: 6.416265 test loss: 6.520703
Epoch 26: 
| 3  Horizon | RMSE: 30.489, 30.250; MAE: 19.068, 19.011; MAPE: 11.098, 11.322; Q10: 4.592, 4.550; Q50: 9.667, 9.623; Q90: 4.284, 4.334;
| 6  Horizon | RMSE: 31.603, 31.802; MAE: 19.763, 19.984; MAPE: 11.397, 11.781; Q10: 4.777, 4.795; Q50: 10.022, 10.116; Q90: 4.449, 4.601;
| 12 Horizon | RMSE: 33.964, 34.728; MAE: 21.617, 22.164; MAPE: 12.861, 13.567; Q10: 5.242, 5.362; Q50: 10.944, 11.200; Q90: 4.835, 5.082;
epoch 26 time used: 58  seconds  train loss: 17.706 val loss: 6.447531 test loss: 6.539791
Epoch 27: 
| 3  Horizon | RMSE: 30.381, 30.212; MAE: 19.011, 19.013; MAPE: 11.001, 11.262; Q10: 4.563, 4.534; Q50: 9.649, 9.635; Q90: 4.283, 4.359;
| 6  Horizon | RMSE: 31.554, 31.791; MAE: 19.773, 20.034; MAPE: 11.320, 11.726; Q10: 4.765, 4.789; Q50: 10.036, 10.150; Q90: 4.454, 4.635;
| 12 Horizon | RMSE: 33.591, 34.327; MAE: 21.283, 21.800; MAPE: 12.104, 12.712; Q10: 5.143, 5.241; Q50: 10.794, 11.034; Q90: 4.817, 5.090;
epoch 27 time used: 58  seconds  train loss: 17.697 val loss: 6.421649 test loss: 6.523384
Epoch 28: 
| 3  Horizon | RMSE: 30.344, 30.229; MAE: 19.020, 19.064; MAPE: 10.919, 11.193; Q10: 4.562, 4.540; Q50: 9.646, 9.654; Q90: 4.287, 4.378;
| 6  Horizon | RMSE: 31.480, 31.758; MAE: 19.703, 20.009; MAPE: 11.282, 11.720; Q10: 4.757, 4.789; Q50: 9.986, 10.124; Q90: 4.444, 4.639;
| 12 Horizon | RMSE: 33.486, 34.370; MAE: 21.205, 21.842; MAPE: 12.144, 12.821; Q10: 5.138, 5.259; Q50: 10.750, 11.050; Q90: 4.782, 5.088;
epoch 28 time used: 58  seconds  train loss: 17.683 val loss: 6.412008 test loss: 6.535652
Epoch 29: 
| 3  Horizon | RMSE: 30.352, 30.117; MAE: 18.965, 18.933; MAPE: 11.000, 11.254; Q10: 4.554, 4.518; Q50: 9.624, 9.594; Q90: 4.267, 4.333;
| 6  Horizon | RMSE: 31.501, 31.682; MAE: 19.697, 19.929; MAPE: 11.404, 11.794; Q10: 4.757, 4.774; Q50: 9.999, 10.099; Q90: 4.446, 4.626;
| 12 Horizon | RMSE: 33.487, 34.316; MAE: 21.154, 21.763; MAPE: 12.151, 12.870; Q10: 5.140, 5.260; Q50: 10.726, 11.013; Q90: 4.768, 5.065;
epoch 29 time used: 58  seconds  train loss: 17.667 val loss: 6.404119 test loss: 6.509359
Epoch 30: 
| 3  Horizon | RMSE: 30.324, 30.172; MAE: 19.004, 19.026; MAPE: 10.931, 11.195; Q10: 4.550, 4.522; Q50: 9.643, 9.639; Q90: 4.278, 4.358;
| 6  Horizon | RMSE: 31.471, 31.646; MAE: 19.641, 19.873; MAPE: 11.299, 11.712; Q10: 4.753, 4.774; Q50: 9.961, 10.061; Q90: 4.421, 4.589;
| 12 Horizon | RMSE: 33.591, 34.314; MAE: 21.242, 21.774; MAPE: 12.258, 12.930; Q10: 5.176, 5.284; Q50: 10.770, 11.016; Q90: 4.777, 5.036;
epoch 30 time used: 58  seconds  train loss: 17.628 val loss: 6.408194 test loss: 6.509783
Epoch 31: 
| 3  Horizon | RMSE: 30.298, 30.101; MAE: 18.940, 18.945; MAPE: 10.947, 11.216; Q10: 4.544, 4.513; Q50: 9.604, 9.591; Q90: 4.262, 4.337;
| 6  Horizon | RMSE: 31.436, 31.648; MAE: 19.643, 19.910; MAPE: 11.251, 11.677; Q10: 4.747, 4.768; Q50: 9.964, 10.081; Q90: 4.429, 4.610;
| 12 Horizon | RMSE: 33.469, 34.263; MAE: 21.179, 21.772; MAPE: 12.186, 12.877; Q10: 5.136, 5.242; Q50: 10.739, 11.017; Q90: 4.773, 5.075;
epoch 31 time used: 59  seconds  train loss: 17.617 val loss: 6.395639 test loss: 6.504673
Epoch 32: 
| 3  Horizon | RMSE: 30.299, 30.132; MAE: 18.960, 18.973; MAPE: 10.896, 11.154; Q10: 4.545, 4.516; Q50: 9.615, 9.608; Q90: 4.273, 4.354;
| 6  Horizon | RMSE: 31.432, 31.650; MAE: 19.644, 19.906; MAPE: 11.288, 11.713; Q10: 4.746, 4.772; Q50: 9.959, 10.074; Q90: 4.424, 4.598;
| 12 Horizon | RMSE: 33.452, 34.308; MAE: 21.169, 21.793; MAPE: 12.124, 12.814; Q10: 5.127, 5.249; Q50: 10.735, 11.028; Q90: 4.792, 5.107;
epoch 32 time used: 58  seconds  train loss: 17.611 val loss: 6.40181 test loss: 6.518648
Epoch 33: 
| 3  Horizon | RMSE: 30.304, 30.174; MAE: 18.991, 19.020; MAPE: 10.874, 11.154; Q10: 4.546, 4.519; Q50: 9.634, 9.634; Q90: 4.284, 4.368;
| 6  Horizon | RMSE: 31.408, 31.667; MAE: 19.656, 19.938; MAPE: 11.190, 11.635; Q10: 4.744, 4.770; Q50: 9.967, 10.093; Q90: 4.444, 4.636;
| 12 Horizon | RMSE: 33.418, 34.267; MAE: 21.171, 21.787; MAPE: 12.072, 12.777; Q10: 5.127, 5.236; Q50: 10.735, 11.024; Q90: 4.784, 5.097;
epoch 33 time used: 58  seconds  train loss: 17.604 val loss: 6.403212 test loss: 6.522042
Epoch 34: 
| 3  Horizon | RMSE: 30.277, 30.096; MAE: 18.949, 18.951; MAPE: 10.960, 11.222; Q10: 4.547, 4.517; Q50: 9.605, 9.592; Q90: 4.260, 4.335;
| 6  Horizon | RMSE: 31.457, 31.666; MAE: 19.673, 19.927; MAPE: 11.388, 11.813; Q10: 4.766, 4.797; Q50: 9.968, 10.079; Q90: 4.422, 4.592;
| 12 Horizon | RMSE: 33.500, 34.312; MAE: 21.238, 21.837; MAPE: 12.411, 13.125; Q10: 5.160, 5.286; Q50: 10.756, 11.037; Q90: 4.777, 5.067;
epoch 34 time used: 58  seconds  train loss: 17.593 val loss: 6.401854 test loss: 6.513246
Epoch 35: 
| 3  Horizon | RMSE: 30.309, 30.097; MAE: 18.943, 18.927; MAPE: 10.982, 11.245; Q10: 4.550, 4.519; Q50: 9.602, 9.579; Q90: 4.250, 4.317;
| 6  Horizon | RMSE: 31.433, 31.614; MAE: 19.625, 19.863; MAPE: 11.302, 11.723; Q10: 4.747, 4.770; Q50: 9.950, 10.052; Q90: 4.415, 4.583;
| 12 Horizon | RMSE: 33.414, 34.222; MAE: 21.158, 21.736; MAPE: 12.102, 12.734; Q10: 5.121, 5.226; Q50: 10.734, 11.003; Q90: 4.778, 5.081;
epoch 35 time used: 58  seconds  train loss: 17.564 val loss: 6.388632 test loss: 6.492874
Epoch 36: 
| 3  Horizon | RMSE: 30.345, 30.119; MAE: 18.957, 18.933; MAPE: 10.963, 11.228; Q10: 4.551, 4.518; Q50: 9.612, 9.585; Q90: 4.260, 4.320;
| 6  Horizon | RMSE: 31.524, 31.649; MAE: 19.680, 19.882; MAPE: 11.356, 11.775; Q10: 4.762, 4.783; Q50: 9.976, 10.060; Q90: 4.424, 4.576;
| 12 Horizon | RMSE: 33.527, 34.201; MAE: 21.203, 21.706; MAPE: 12.192, 12.831; Q10: 5.153, 5.250; Q50: 10.751, 10.983; Q90: 4.776, 5.050;
epoch 36 time used: 58  seconds  train loss: 17.561 val loss: 6.402696 test loss: 6.493445
Epoch 37: 
| 3  Horizon | RMSE: 30.354, 30.153; MAE: 18.949, 18.945; MAPE: 10.985, 11.267; Q10: 4.559, 4.530; Q50: 9.604, 9.587; Q90: 4.250, 4.315;
| 6  Horizon | RMSE: 31.452, 31.672; MAE: 19.627, 19.900; MAPE: 11.267, 11.716; Q10: 4.761, 4.788; Q50: 9.950, 10.070; Q90: 4.416, 4.594;
| 12 Horizon | RMSE: 33.502, 34.295; MAE: 21.159, 21.755; MAPE: 12.165, 12.862; Q10: 5.149, 5.258; Q50: 10.727, 11.005; Q90: 4.761, 5.053;
epoch 37 time used: 58  seconds  train loss: 17.553 val loss: 6.396991 test loss: 6.50299
Epoch 38: 
| 3  Horizon | RMSE: 30.293, 30.093; MAE: 18.925, 18.916; MAPE: 10.926, 11.187; Q10: 4.546, 4.512; Q50: 9.596, 9.577; Q90: 4.253, 4.322;
| 6  Horizon | RMSE: 31.438, 31.645; MAE: 19.628, 19.879; MAPE: 11.255, 11.675; Q10: 4.745, 4.767; Q50: 9.955, 10.064; Q90: 4.420, 4.587;
| 12 Horizon | RMSE: 33.461, 34.291; MAE: 21.167, 21.771; MAPE: 12.121, 12.811; Q10: 5.134, 5.246; Q50: 10.735, 11.018; Q90: 4.785, 5.101;
epoch 38 time used: 59  seconds  train loss: 17.546 val loss: 6.392376 test loss: 6.502728
Epoch 39: 
| 3  Horizon | RMSE: 30.281, 30.099; MAE: 18.905, 18.910; MAPE: 10.902, 11.175; Q10: 4.543, 4.516; Q50: 9.589, 9.576; Q90: 4.251, 4.324;
| 6  Horizon | RMSE: 31.408, 31.646; MAE: 19.600, 19.878; MAPE: 11.215, 11.660; Q10: 4.742, 4.771; Q50: 9.941, 10.064; Q90: 4.418, 4.598;
| 12 Horizon | RMSE: 33.387, 34.243; MAE: 21.092, 21.711; MAPE: 12.063, 12.760; Q10: 5.117, 5.239; Q50: 10.699, 10.989; Q90: 4.765, 5.078;
epoch 39 time used: 58  seconds  train loss: 17.541 val loss: 6.382835 test loss: 6.500057
Epoch 40: 
| 3  Horizon | RMSE: 30.287, 30.103; MAE: 18.917, 18.924; MAPE: 10.906, 11.182; Q10: 4.546, 4.516; Q50: 9.593, 9.581; Q90: 4.251, 4.322;
| 6  Horizon | RMSE: 31.429, 31.681; MAE: 19.654, 19.939; MAPE: 11.260, 11.674; Q10: 4.749, 4.774; Q50: 9.973, 10.098; Q90: 4.428, 4.615;
| 12 Horizon | RMSE: 33.467, 34.285; MAE: 21.193, 21.795; MAPE: 12.138, 12.807; Q10: 5.149, 5.257; Q50: 10.748, 11.029; Q90: 4.781, 5.094;
epoch 40 time used: 58  seconds  train loss: 17.521 val loss: 6.393595 test loss: 6.50615
Epoch 41: 
| 3  Horizon | RMSE: 30.289, 30.114; MAE: 18.906, 18.901; MAPE: 10.916, 11.177; Q10: 4.540, 4.515; Q50: 9.591, 9.573; Q90: 4.247, 4.309;
| 6  Horizon | RMSE: 31.435, 31.670; MAE: 19.609, 19.863; MAPE: 11.246, 11.663; Q10: 4.740, 4.773; Q50: 9.946, 10.057; Q90: 4.413, 4.581;
| 12 Horizon | RMSE: 33.423, 34.278; MAE: 21.125, 21.740; MAPE: 12.070, 12.743; Q10: 5.122, 5.239; Q50: 10.714, 11.002; Q90: 4.770, 5.074;
epoch 41 time used: 47  seconds  train loss: 17.515 val loss: 6.382526 test loss: 6.49286
Epoch 42: 
| 3  Horizon | RMSE: 30.282, 30.107; MAE: 18.921, 18.923; MAPE: 10.909, 11.181; Q10: 4.542, 4.516; Q50: 9.596, 9.582; Q90: 4.253, 4.323;
| 6  Horizon | RMSE: 31.419, 31.650; MAE: 19.624, 19.883; MAPE: 11.252, 11.684; Q10: 4.747, 4.774; Q50: 9.953, 10.066; Q90: 4.421, 4.596;
| 12 Horizon | RMSE: 33.441, 34.252; MAE: 21.156, 21.745; MAPE: 12.155, 12.849; Q10: 5.139, 5.254; Q50: 10.729, 11.004; Q90: 4.774, 5.076;
epoch 42 time used: 46  seconds  train loss: 17.513 val loss: 6.390464 test loss: 6.501212
Epoch 43: 
| 3  Horizon | RMSE: 30.258, 30.091; MAE: 18.904, 18.906; MAPE: 10.906, 11.175; Q10: 4.541, 4.513; Q50: 9.590, 9.576; Q90: 4.254, 4.327;
| 6  Horizon | RMSE: 31.413, 31.639; MAE: 19.605, 19.856; MAPE: 11.266, 11.691; Q10: 4.748, 4.777; Q50: 9.945, 10.053; Q90: 4.413, 4.585;
| 12 Horizon | RMSE: 33.391, 34.255; MAE: 21.123, 21.738; MAPE: 12.093, 12.762; Q10: 5.120, 5.240; Q50: 10.717, 11.005; Q90: 4.772, 5.081;
epoch 43 time used: 47  seconds  train loss: 17.51 val loss: 6.384015 test loss: 6.497212
Epoch 44: 
| 3  Horizon | RMSE: 30.258, 30.090; MAE: 18.913, 18.930; MAPE: 10.895, 11.160; Q10: 4.538, 4.509; Q50: 9.597, 9.590; Q90: 4.255, 4.334;
| 6  Horizon | RMSE: 31.398, 31.618; MAE: 19.597, 19.858; MAPE: 11.230, 11.644; Q10: 4.739, 4.763; Q50: 9.943, 10.056; Q90: 4.420, 4.606;
| 12 Horizon | RMSE: 33.416, 34.184; MAE: 21.141, 21.700; MAPE: 12.089, 12.731; Q10: 5.126, 5.228; Q50: 10.724, 10.983; Q90: 4.771, 5.070;
epoch 44 time used: 47  seconds  train loss: 17.505 val loss: 6.384735 test loss: 6.494276
Epoch 45: 
| 3  Horizon | RMSE: 30.287, 30.073; MAE: 18.898, 18.879; MAPE: 10.903, 11.169; Q10: 4.538, 4.508; Q50: 9.584, 9.559; Q90: 4.246, 4.306;
| 6  Horizon | RMSE: 31.395, 31.586; MAE: 19.601, 19.840; MAPE: 11.214, 11.639; Q10: 4.744, 4.767; Q50: 9.940, 10.042; Q90: 4.414, 4.583;
| 12 Horizon | RMSE: 33.442, 34.141; MAE: 21.145, 21.663; MAPE: 12.099, 12.741; Q10: 5.136, 5.232; Q50: 10.724, 10.962; Q90: 4.767, 5.046;
epoch 45 time used: 47  seconds  train loss: 17.491 val loss: 6.383269 test loss: 6.478853
Epoch 46: 
| 3  Horizon | RMSE: 30.247, 30.085; MAE: 18.896, 18.911; MAPE: 10.899, 11.171; Q10: 4.536, 4.512; Q50: 9.586, 9.579; Q90: 4.252, 4.328;
| 6  Horizon | RMSE: 31.385, 31.616; MAE: 19.584, 19.849; MAPE: 11.233, 11.660; Q10: 4.739, 4.771; Q50: 9.935, 10.050; Q90: 4.415, 4.597;
| 12 Horizon | RMSE: 33.389, 34.207; MAE: 21.108, 21.697; MAPE: 12.078, 12.724; Q10: 5.119, 5.232; Q50: 10.709, 10.983; Q90: 4.772, 5.080;
epoch 46 time used: 47  seconds  train loss: 17.486 val loss: 6.379329 test loss: 6.493259
Epoch 47: 
| 3  Horizon | RMSE: 30.264, 30.099; MAE: 18.894, 18.909; MAPE: 10.902, 11.184; Q10: 4.539, 4.515; Q50: 9.582, 9.574; Q90: 4.249, 4.326;
| 6  Horizon | RMSE: 31.397, 31.635; MAE: 19.589, 19.863; MAPE: 11.227, 11.672; Q10: 4.744, 4.775; Q50: 9.935, 10.055; Q90: 4.414, 4.599;
| 12 Horizon | RMSE: 33.430, 34.220; MAE: 21.126, 21.707; MAPE: 12.107, 12.793; Q10: 5.135, 5.250; Q50: 10.714, 10.984; Q90: 4.769, 5.079;
epoch 47 time used: 47  seconds  train loss: 17.485 val loss: 6.382331 test loss: 6.49701
Epoch 48: 
| 3  Horizon | RMSE: 30.242, 30.067; MAE: 18.886, 18.895; MAPE: 10.879, 11.154; Q10: 4.536, 4.509; Q50: 9.578, 9.567; Q90: 4.247, 4.320;
| 6  Horizon | RMSE: 31.373, 31.591; MAE: 19.577, 19.838; MAPE: 11.218, 11.661; Q10: 4.739, 4.766; Q50: 9.926, 10.040; Q90: 4.407, 4.583;
| 12 Horizon | RMSE: 33.390, 34.154; MAE: 21.103, 21.674; MAPE: 12.115, 12.810; Q10: 5.136, 5.248; Q50: 10.698, 10.964; Q90: 4.756, 5.045;
epoch 48 time used: 47  seconds  train loss: 17.481 val loss: 6.376394 test loss: 6.483573
Epoch 49: 
| 3  Horizon | RMSE: 30.298, 30.099; MAE: 18.900, 18.895; MAPE: 10.925, 11.199; Q10: 4.545, 4.517; Q50: 9.587, 9.569; Q90: 4.246, 4.314;
| 6  Horizon | RMSE: 31.398, 31.624; MAE: 19.584, 19.859; MAPE: 11.240, 11.684; Q10: 4.744, 4.774; Q50: 9.934, 10.054; Q90: 4.409, 4.587;
| 12 Horizon | RMSE: 33.365, 34.219; MAE: 21.083, 21.744; MAPE: 12.101, 12.869; Q10: 5.128, 5.254; Q50: 10.690, 11.001; Q90: 4.750, 5.073;
epoch 49 time used: 47  seconds  train loss: 17.479 val loss: 6.378192 test loss: 6.495007
Epoch 50: 
| 3  Horizon | RMSE: 30.235, 30.089; MAE: 18.900, 18.923; MAPE: 10.888, 11.170; Q10: 4.536, 4.512; Q50: 9.587, 9.583; Q90: 4.251, 4.328;
| 6  Horizon | RMSE: 31.376, 31.632; MAE: 19.603, 19.879; MAPE: 11.237, 11.681; Q10: 4.744, 4.777; Q50: 9.942, 10.063; Q90: 4.413, 4.591;
| 12 Horizon | RMSE: 33.381, 34.223; MAE: 21.134, 21.731; MAPE: 12.104, 12.766; Q10: 5.134, 5.250; Q50: 10.720, 10.999; Q90: 4.773, 5.084;
epoch 50 time used: 47  seconds  train loss: 17.47 val loss: 6.383628 test loss: 6.498804
Epoch 51: 
| 3  Horizon | RMSE: 30.249, 30.090; MAE: 18.901, 18.916; MAPE: 10.908, 11.186; Q10: 4.540, 4.517; Q50: 9.587, 9.579; Q90: 4.248, 4.320;
| 6  Horizon | RMSE: 31.368, 31.636; MAE: 19.611, 19.897; MAPE: 11.222, 11.667; Q10: 4.741, 4.775; Q50: 9.947, 10.073; Q90: 4.417, 4.601;
| 12 Horizon | RMSE: 33.399, 34.218; MAE: 21.162, 21.746; MAPE: 12.113, 12.780; Q10: 5.138, 5.249; Q50: 10.733, 11.005; Q90: 4.780, 5.086;
epoch 51 time used: 47  seconds  train loss: 17.467 val loss: 6.386034 test loss: 6.500973
Epoch 52: 
| 3  Horizon | RMSE: 30.238, 30.098; MAE: 18.882, 18.918; MAPE: 10.874, 11.164; Q10: 4.534, 4.513; Q50: 9.576, 9.579; Q90: 4.247, 4.328;
| 6  Horizon | RMSE: 31.361, 31.636; MAE: 19.571, 19.875; MAPE: 11.213, 11.679; Q10: 4.733, 4.772; Q50: 9.923, 10.059; Q90: 4.409, 4.599;
| 12 Horizon | RMSE: 33.358, 34.209; MAE: 21.070, 21.696; MAPE: 12.075, 12.784; Q10: 5.119, 5.243; Q50: 10.684, 10.978; Q90: 4.753, 5.065;
epoch 52 time used: 47  seconds  train loss: 17.464 val loss: 6.372449 test loss: 6.496257
Epoch 53: 
| 3  Horizon | RMSE: 30.240, 30.079; MAE: 18.895, 18.918; MAPE: 10.890, 11.187; Q10: 4.537, 4.513; Q50: 9.580, 9.576; Q90: 4.248, 4.323;
| 6  Horizon | RMSE: 31.367, 31.608; MAE: 19.584, 19.863; MAPE: 11.217, 11.675; Q10: 4.739, 4.772; Q50: 9.931, 10.053; Q90: 4.412, 4.593;
| 12 Horizon | RMSE: 33.367, 34.169; MAE: 21.099, 21.693; MAPE: 12.113, 12.826; Q10: 5.129, 5.245; Q50: 10.697, 10.974; Q90: 4.756, 5.059;
epoch 53 time used: 46  seconds  train loss: 17.464 val loss: 6.377144 test loss: 6.493019
Epoch 54: 
| 3  Horizon | RMSE: 30.255, 30.091; MAE: 18.887, 18.896; MAPE: 10.885, 11.158; Q10: 4.535, 4.514; Q50: 9.582, 9.571; Q90: 4.247, 4.317;
| 6  Horizon | RMSE: 31.392, 31.626; MAE: 19.587, 19.845; MAPE: 11.229, 11.656; Q10: 4.741, 4.775; Q50: 9.935, 10.047; Q90: 4.408, 4.579;
| 12 Horizon | RMSE: 33.392, 34.211; MAE: 21.119, 21.703; MAPE: 12.088, 12.742; Q10: 5.128, 5.246; Q50: 10.714, 10.986; Q90: 4.771, 5.075;
epoch 54 time used: 47  seconds  train loss: 17.463 val loss: 6.379516 test loss: 6.491501
Epoch 55: 
| 3  Horizon | RMSE: 30.246, 30.092; MAE: 18.887, 18.905; MAPE: 10.893, 11.179; Q10: 4.539, 4.517; Q50: 9.580, 9.573; Q90: 4.247, 4.322;
| 6  Horizon | RMSE: 31.382, 31.639; MAE: 19.593, 19.872; MAPE: 11.246, 11.707; Q10: 4.748, 4.786; Q50: 9.934, 10.057; Q90: 4.409, 4.586;
| 12 Horizon | RMSE: 33.378, 34.233; MAE: 21.113, 21.721; MAPE: 12.090, 12.787; Q10: 5.133, 5.255; Q50: 10.707, 10.991; Q90: 4.762, 5.072;
epoch 55 time used: 47  seconds  train loss: 17.454 val loss: 6.379519 test loss: 6.497438
Epoch 56: 
| 3  Horizon | RMSE: 30.241, 30.074; MAE: 18.879, 18.893; MAPE: 10.888, 11.171; Q10: 4.533, 4.509; Q50: 9.575, 9.567; Q90: 4.246, 4.321;
| 6  Horizon | RMSE: 31.356, 31.620; MAE: 19.576, 19.866; MAPE: 11.205, 11.663; Q10: 4.736, 4.770; Q50: 9.928, 10.056; Q90: 4.413, 4.601;
| 12 Horizon | RMSE: 33.367, 34.191; MAE: 21.089, 21.697; MAPE: 12.073, 12.785; Q10: 5.129, 5.248; Q50: 10.694, 10.978; Q90: 4.761, 5.070;
epoch 56 time used: 47  seconds  train loss: 17.453 val loss: 6.375361 test loss: 6.493018
Epoch 57: 
| 3  Horizon | RMSE: 30.235, 30.068; MAE: 18.880, 18.894; MAPE: 10.869, 11.148; Q10: 4.533, 4.508; Q50: 9.577, 9.568; Q90: 4.244, 4.317;
| 6  Horizon | RMSE: 31.368, 31.603; MAE: 19.571, 19.844; MAPE: 11.213, 11.668; Q10: 4.737, 4.769; Q50: 9.925, 10.045; Q90: 4.406, 4.583;
| 12 Horizon | RMSE: 33.337, 34.211; MAE: 21.092, 21.729; MAPE: 12.021, 12.719; Q10: 5.109, 5.226; Q50: 10.700, 10.999; Q90: 4.772, 5.104;
epoch 57 time used: 47  seconds  train loss: 17.453 val loss: 6.37367 test loss: 6.492723
Epoch 58: 
| 3  Horizon | RMSE: 30.245, 30.077; MAE: 18.886, 18.900; MAPE: 10.883, 11.163; Q10: 4.536, 4.511; Q50: 9.579, 9.570; Q90: 4.244, 4.316;
| 6  Horizon | RMSE: 31.375, 31.603; MAE: 19.584, 19.850; MAPE: 11.215, 11.653; Q10: 4.742, 4.771; Q50: 9.933, 10.049; Q90: 4.408, 4.583;
| 12 Horizon | RMSE: 33.389, 34.160; MAE: 21.123, 21.685; MAPE: 12.070, 12.726; Q10: 5.128, 5.232; Q50: 10.714, 10.974; Q90: 4.772, 5.071;
epoch 58 time used: 47  seconds  train loss: 17.449 val loss: 6.379403 test loss: 6.488682
Epoch 59: 
| 3  Horizon | RMSE: 30.234, 30.073; MAE: 18.876, 18.896; MAPE: 10.867, 11.154; Q10: 4.534, 4.510; Q50: 9.574, 9.568; Q90: 4.243, 4.317;
| 6  Horizon | RMSE: 31.369, 31.608; MAE: 19.570, 19.844; MAPE: 11.204, 11.655; Q10: 4.739, 4.771; Q50: 9.925, 10.045; Q90: 4.407, 4.588;
| 12 Horizon | RMSE: 33.376, 34.178; MAE: 21.089, 21.684; MAPE: 12.068, 12.773; Q10: 5.129, 5.242; Q50: 10.695, 10.972; Q90: 4.758, 5.066;
epoch 59 time used: 47  seconds  train loss: 17.448 val loss: 6.374005 test loss: 6.488845
Epoch 60: 
| 3  Horizon | RMSE: 30.245, 30.074; MAE: 18.880, 18.890; MAPE: 10.881, 11.157; Q10: 4.534, 4.510; Q50: 9.577, 9.566; Q90: 4.245, 4.318;
| 6  Horizon | RMSE: 31.371, 31.610; MAE: 19.579, 19.851; MAPE: 11.208, 11.652; Q10: 4.740, 4.772; Q50: 9.929, 10.048; Q90: 4.412, 4.594;
| 12 Horizon | RMSE: 33.375, 34.180; MAE: 21.107, 21.695; MAPE: 12.080, 12.769; Q10: 5.127, 5.241; Q50: 10.703, 10.977; Q90: 4.767, 5.071;
epoch 60 time used: 47  seconds  train loss: 17.443 val loss: 6.376322 test loss: 6.489665
Epoch 61: 
| 3  Horizon | RMSE: 30.236, 30.070; MAE: 18.891, 18.901; MAPE: 10.886, 11.167; Q10: 4.537, 4.511; Q50: 9.583, 9.571; Q90: 4.249, 4.322;
| 6  Horizon | RMSE: 31.371, 31.593; MAE: 19.588, 19.841; MAPE: 11.233, 11.677; Q10: 4.744, 4.772; Q50: 9.935, 10.044; Q90: 4.411, 4.587;
| 12 Horizon | RMSE: 33.366, 34.159; MAE: 21.109, 21.688; MAPE: 12.096, 12.799; Q10: 5.138, 5.251; Q50: 10.706, 10.975; Q90: 4.759, 5.060;
epoch 61 time used: 47  seconds  train loss: 17.442 val loss: 6.380372 test loss: 6.490253
Epoch 62: 
| 3  Horizon | RMSE: 30.240, 30.070; MAE: 18.871, 18.885; MAPE: 10.868, 11.151; Q10: 4.532, 4.508; Q50: 9.571, 9.563; Q90: 4.241, 4.312;
| 6  Horizon | RMSE: 31.361, 31.615; MAE: 19.565, 19.851; MAPE: 11.190, 11.637; Q10: 4.734, 4.769; Q50: 9.923, 10.049; Q90: 4.410, 4.595;
| 12 Horizon | RMSE: 33.361, 34.193; MAE: 21.085, 21.693; MAPE: 12.043, 12.726; Q10: 5.115, 5.232; Q50: 10.694, 10.978; Q90: 4.765, 5.081;
epoch 62 time used: 47  seconds  train loss: 17.442 val loss: 6.371355 test loss: 6.488197
Epoch 63: 
| 3  Horizon | RMSE: 30.234, 30.075; MAE: 18.883, 18.905; MAPE: 10.886, 11.179; Q10: 4.534, 4.512; Q50: 9.576, 9.571; Q90: 4.245, 4.319;
| 6  Horizon | RMSE: 31.352, 31.621; MAE: 19.582, 19.869; MAPE: 11.200, 11.646; Q10: 4.734, 4.767; Q50: 9.932, 10.058; Q90: 4.411, 4.593;
| 12 Horizon | RMSE: 33.360, 34.182; MAE: 21.102, 21.692; MAPE: 12.066, 12.746; Q10: 5.121, 5.232; Q50: 10.702, 10.977; Q90: 4.765, 5.071;
epoch 63 time used: 47  seconds  train loss: 17.441 val loss: 6.375482 test loss: 6.490885
Epoch 64: 
| 3  Horizon | RMSE: 30.234, 30.067; MAE: 18.887, 18.897; MAPE: 10.885, 11.162; Q10: 4.536, 4.512; Q50: 9.581, 9.571; Q90: 4.245, 4.318;
| 6  Horizon | RMSE: 31.360, 31.597; MAE: 19.583, 19.848; MAPE: 11.215, 11.649; Q10: 4.741, 4.772; Q50: 9.933, 10.049; Q90: 4.409, 4.587;
| 12 Horizon | RMSE: 33.362, 34.165; MAE: 21.112, 21.688; MAPE: 12.067, 12.724; Q10: 5.127, 5.235; Q50: 10.710, 10.978; Q90: 4.769, 5.077;
epoch 64 time used: 41  seconds  train loss: 17.44 val loss: 6.37872 test loss: 6.490471
Epoch 65: 
| 3  Horizon | RMSE: 30.243, 30.083; MAE: 18.883, 18.899; MAPE: 10.878, 11.154; Q10: 4.535, 4.512; Q50: 9.580, 9.572; Q90: 4.247, 4.321;
| 6  Horizon | RMSE: 31.385, 31.625; MAE: 19.581, 19.849; MAPE: 11.220, 11.661; Q10: 4.742, 4.776; Q50: 9.931, 10.048; Q90: 4.409, 4.588;
| 12 Horizon | RMSE: 33.402, 34.208; MAE: 21.115, 21.696; MAPE: 12.078, 12.740; Q10: 5.131, 5.244; Q50: 10.710, 10.980; Q90: 4.770, 5.076;
epoch 65 time used: 41  seconds  train loss: 17.436 val loss: 6.378303 test loss: 6.491717
Epoch 66: 
| 3  Horizon | RMSE: 30.243, 30.066; MAE: 18.875, 18.880; MAPE: 10.880, 11.154; Q10: 4.535, 4.510; Q50: 9.575, 9.562; Q90: 4.243, 4.313;
| 6  Horizon | RMSE: 31.366, 31.597; MAE: 19.568, 19.831; MAPE: 11.207, 11.644; Q10: 4.738, 4.769; Q50: 9.926, 10.040; Q90: 4.408, 4.586;
| 12 Horizon | RMSE: 33.358, 34.172; MAE: 21.088, 21.676; MAPE: 12.056, 12.731; Q10: 5.127, 5.241; Q50: 10.697, 10.971; Q90: 4.760, 5.068;
epoch 66 time used: 41  seconds  train loss: 17.436 val loss: 6.373976 test loss: 6.486298
Epoch 67: 
| 3  Horizon | RMSE: 30.235, 30.082; MAE: 18.876, 18.898; MAPE: 10.883, 11.169; Q10: 4.535, 4.513; Q50: 9.575, 9.570; Q90: 4.244, 4.318;
| 6  Horizon | RMSE: 31.370, 31.623; MAE: 19.573, 19.855; MAPE: 11.231, 11.690; Q10: 4.743, 4.780; Q50: 9.926, 10.049; Q90: 4.406, 4.589;
| 12 Horizon | RMSE: 33.356, 34.201; MAE: 21.093, 21.711; MAPE: 12.084, 12.805; Q10: 5.131, 5.252; Q50: 10.695, 10.985; Q90: 4.757, 5.069;
epoch 67 time used: 41  seconds  train loss: 17.435 val loss: 6.374255 test loss: 6.493084
Epoch 68: 
| 3  Horizon | RMSE: 30.243, 30.071; MAE: 18.883, 18.890; MAPE: 10.888, 11.163; Q10: 4.536, 4.511; Q50: 9.579, 9.566; Q90: 4.244, 4.315;
| 6  Horizon | RMSE: 31.366, 31.608; MAE: 19.586, 19.853; MAPE: 11.217, 11.651; Q10: 4.740, 4.772; Q50: 9.934, 10.051; Q90: 4.412, 4.593;
| 12 Horizon | RMSE: 33.377, 34.189; MAE: 21.123, 21.702; MAPE: 12.079, 12.725; Q10: 5.125, 5.235; Q50: 10.717, 10.985; Q90: 4.775, 5.086;
epoch 68 time used: 41  seconds  train loss: 17.434 val loss: 6.37938 test loss: 6.491425
Epoch 69: 
| 3  Horizon | RMSE: 30.239, 30.088; MAE: 18.877, 18.904; MAPE: 10.883, 11.173; Q10: 4.534, 4.514; Q50: 9.575, 9.573; Q90: 4.244, 4.320;
| 6  Horizon | RMSE: 31.357, 31.632; MAE: 19.569, 19.870; MAPE: 11.210, 11.668; Q10: 4.735, 4.774; Q50: 9.926, 10.059; Q90: 4.410, 4.598;
| 12 Horizon | RMSE: 33.361, 34.213; MAE: 21.087, 21.720; MAPE: 12.104, 12.842; Q10: 5.127, 5.254; Q50: 10.692, 10.989; Q90: 4.754, 5.070;
epoch 69 time used: 41  seconds  train loss: 17.433 val loss: 6.373825 test loss: 6.496894
Epoch 70: 
| 3  Horizon | RMSE: 30.242, 30.075; MAE: 18.873, 18.887; MAPE: 10.879, 11.162; Q10: 4.534, 4.511; Q50: 9.573, 9.564; Q90: 4.241, 4.314;
| 6  Horizon | RMSE: 31.361, 31.610; MAE: 19.568, 19.848; MAPE: 11.205, 11.652; Q10: 4.737, 4.772; Q50: 9.925, 10.048; Q90: 4.407, 4.590;
| 12 Horizon | RMSE: 33.360, 34.180; MAE: 21.090, 21.699; MAPE: 12.077, 12.789; Q10: 5.124, 5.241; Q50: 10.695, 10.979; Q90: 4.759, 5.072;
epoch 70 time used: 41  seconds  train loss: 17.431 val loss: 6.372856 test loss: 6.489509
Epoch 71: 
| 3  Horizon | RMSE: 30.230, 30.077; MAE: 18.880, 18.900; MAPE: 10.869, 11.152; Q10: 4.533, 4.511; Q50: 9.577, 9.572; Q90: 4.245, 4.320;
| 6  Horizon | RMSE: 31.358, 31.603; MAE: 19.573, 19.846; MAPE: 11.209, 11.657; Q10: 4.736, 4.771; Q50: 9.927, 10.046; Q90: 4.410, 4.591;
| 12 Horizon | RMSE: 33.347, 34.166; MAE: 21.091, 21.687; MAPE: 12.061, 12.750; Q10: 5.120, 5.236; Q50: 10.697, 10.975; Q90: 4.763, 5.073;
epoch 71 time used: 41  seconds  train loss: 17.432 val loss: 6.373868 test loss: 6.489921
Epoch 72: 
| 3  Horizon | RMSE: 30.234, 30.070; MAE: 18.871, 18.885; MAPE: 10.882, 11.163; Q10: 4.534, 4.511; Q50: 9.572, 9.563; Q90: 4.242, 4.314;
| 6  Horizon | RMSE: 31.348, 31.605; MAE: 19.566, 19.849; MAPE: 11.201, 11.651; Q10: 4.736, 4.771; Q50: 9.923, 10.048; Q90: 4.408, 4.591;
| 12 Horizon | RMSE: 33.342, 34.173; MAE: 21.081, 21.684; MAPE: 12.045, 12.723; Q10: 5.115, 5.231; Q50: 10.693, 10.974; Q90: 4.764, 5.078;
Early stopping at epoch: 72
Model  stgcn17  Best Results:
Epoch 62: 
=        =        Horizon  3        =        =        =        =        Horizon  6        =        =        =        =        Horizon  12       =        =       
RMSE     MAE      MAPE     Q10      Q50      Q90      RMSE     MAE      MAPE     Q10      Q50      Q90      RMSE     MAE      MAPE     Q10      Q50      Q90     
30.070   18.885   11.151   4.508    9.563    4.312    31.615   19.851   11.637   4.769    10.049   4.595    34.193   21.693   12.726   5.232    10.978   5.081   
Model Training Ended ... Sun Oct 15 18:37:28 2023
