nohup: ignoring input
pdate shape is:  (16992,)
./save/pems04_stgcn17_in12_out12_addtimeFalse_adjTrue_lr0.001_hc32_train0.7_val0.1_test0.2_seed233_lossquantile_versionstq18_s300sl7q500_note: training started Sun Oct 15 17:35:49 2023
pdate shape is:  (16992,)
data load........
initial data shape is:  (16992, 307, 3)
train_mean shape : (307,)
train  :  (11873, 24, 307, 3)
val  :  (1697, 24, 307, 3)
test  :  (3388, 24, 307, 3)
Model Training Started ... Sun Oct 15 17:35:51 2023
TIMESTEP_IN, TIMESTEP_OUT 12 12
LOSS is : quantile
qcl init quantile loss is [0.010000000000000009, 0.5, 0.99]
Spatial CL target length = 1
Spatial CL target length = 2
Epoch 0: 
| 3  Horizon | RMSE: 37.686, 36.629; MAE: 24.970, 24.398; MAPE: 14.570, 14.745; Q10: 5.848, 5.682; Q50: 12.670, 12.363; Q90: 5.959, 5.906;
| 6  Horizon | RMSE: 41.337, 40.561; MAE: 27.477, 27.134; MAPE: 15.654, 16.010; Q10: 6.253, 6.107; Q50: 13.939, 13.744; Q90: 7.064, 7.022;
| 12 Horizon | RMSE: 52.702, 51.573; MAE: 35.314, 34.918; MAPE: 20.088, 20.480; Q10: 7.751, 7.576; Q50: 17.890, 17.668; Q90: 9.922, 9.363;
epoch 0 time used: 42  seconds  train loss: 26.024 val loss: 9.484425 test loss: 9.288593
Spatial CL target length = 3
Spatial CL target length = 4
Spatial CL target length = 5
Spatial CL target length = 6
Spatial CL target length = 7
Epoch 1: 
| 3  Horizon | RMSE: 32.901, 32.068; MAE: 21.216, 20.772; MAPE: 12.516, 12.673; Q10: 4.941, 4.794; Q50: 10.773, 10.536; Q90: 4.808, 4.753;
| 6  Horizon | RMSE: 35.580, 34.798; MAE: 23.046, 22.647; MAPE: 13.225, 13.392; Q10: 5.307, 5.168; Q50: 11.693, 11.477; Q90: 5.299, 5.295;
| 12 Horizon | RMSE: 40.754, 40.103; MAE: 26.848, 26.629; MAPE: 15.394, 15.726; Q10: 6.161, 6.000; Q50: 13.598, 13.470; Q90: 6.269, 6.312;
epoch 1 time used: 39  seconds  train loss: 23.577 val loss: 7.528485 test loss: 7.412218
Quantile cl loss is [0.009999999999999995, 0.5, 0.99]
Quantile cl loss is [0.020000000000000004, 0.5, 0.98]
Quantile cl loss is [0.03, 0.5, 0.97]
Epoch 2: 
| 3  Horizon | RMSE: 33.377, 32.666; MAE: 21.734, 21.432; MAPE: 14.132, 14.281; Q10: 5.569, 5.384; Q50: 11.055, 10.888; Q90: 5.880, 5.820;
| 6  Horizon | RMSE: 35.803, 35.383; MAE: 23.363, 23.289; MAPE: 14.822, 15.078; Q10: 5.974, 5.793; Q50: 11.877, 11.823; Q90: 6.524, 6.505;
| 12 Horizon | RMSE: 39.110, 39.402; MAE: 25.688, 26.131; MAPE: 15.907, 16.404; Q10: 6.681, 6.486; Q50: 13.043, 13.244; Q90: 7.334, 7.410;
epoch 2 time used: 39  seconds  train loss: 15.253 val loss: 8.095721 test loss: 8.025379
Quantile cl loss is [0.04, 0.5, 0.96]
Quantile cl loss is [0.05, 0.5, 0.95]
Quantile cl loss is [0.06000000000000001, 0.5, 0.94]
Epoch 3: 
| 3  Horizon | RMSE: 31.893, 31.115; MAE: 20.218, 19.933; MAPE: 11.727, 11.850; Q10: 5.253, 5.107; Q50: 10.258, 10.102; Q90: 4.722, 4.697;
| 6  Horizon | RMSE: 33.739, 33.279; MAE: 21.502, 21.442; MAPE: 12.392, 12.670; Q10: 5.545, 5.429; Q50: 10.913, 10.869; Q90: 4.910, 4.963;
| 12 Horizon | RMSE: 37.823, 37.932; MAE: 24.660, 24.877; MAPE: 13.959, 14.447; Q10: 6.432, 6.326; Q50: 12.510, 12.599; Q90: 5.605, 5.765;
epoch 3 time used: 39  seconds  train loss: 15.899 val loss: 7.245911 test loss: 7.206082
Quantile cl loss is [0.07, 0.5, 0.9299999999999999]
Quantile cl loss is [0.08, 0.5, 0.92]
Quantile cl loss is [0.09, 0.5, 0.91]
Epoch 4: 
| 3  Horizon | RMSE: 31.404, 30.654; MAE: 20.026, 19.666; MAPE: 11.513, 11.681; Q10: 4.759, 4.614; Q50: 10.142, 9.941; Q90: 4.519, 4.521;
| 6  Horizon | RMSE: 33.205, 32.641; MAE: 21.212, 20.979; MAPE: 12.092, 12.243; Q10: 5.049, 4.930; Q50: 10.759, 10.619; Q90: 4.842, 4.867;
| 12 Horizon | RMSE: 36.518, 36.553; MAE: 23.619, 23.750; MAPE: 13.447, 13.803; Q10: 5.624, 5.595; Q50: 11.986, 12.024; Q90: 5.404, 5.556;
epoch 4 time used: 39  seconds  train loss: 17.983 val loss: 6.924827 test loss: 6.870524
Quantile cl loss is [0.1, 0.5, 0.9]
Epoch 5: 
| 3  Horizon | RMSE: 31.395, 30.725; MAE: 19.896, 19.564; MAPE: 11.463, 11.508; Q10: 4.721, 4.577; Q50: 10.099, 9.913; Q90: 4.524, 4.531;
| 6  Horizon | RMSE: 33.347, 32.924; MAE: 21.385, 21.192; MAPE: 12.628, 12.668; Q10: 5.019, 4.917; Q50: 10.868, 10.752; Q90: 4.951, 4.996;
| 12 Horizon | RMSE: 36.589, 36.712; MAE: 23.789, 23.856; MAPE: 13.962, 14.084; Q10: 5.573, 5.541; Q50: 12.089, 12.097; Q90: 5.346, 5.525;
epoch 5 time used: 39  seconds  train loss: 19.203 val loss: 6.903991 test loss: 6.864206
Epoch 6: 
| 3  Horizon | RMSE: 31.134, 30.671; MAE: 19.566, 19.392; MAPE: 11.302, 11.469; Q10: 4.686, 4.579; Q50: 9.923, 9.817; Q90: 4.440, 4.471;
| 6  Horizon | RMSE: 32.648, 32.582; MAE: 20.544, 20.610; MAPE: 11.815, 12.100; Q10: 4.934, 4.888; Q50: 10.424, 10.440; Q90: 4.663, 4.752;
| 12 Horizon | RMSE: 35.323, 36.075; MAE: 22.490, 22.981; MAPE: 12.953, 13.459; Q10: 5.365, 5.452; Q50: 11.411, 11.638; Q90: 5.108, 5.317;
epoch 6 time used: 39  seconds  train loss: 19.142 val loss: 6.698387 test loss: 6.732217
Epoch 7: 
| 3  Horizon | RMSE: 31.398, 30.966; MAE: 19.950, 19.807; MAPE: 11.388, 11.571; Q10: 4.738, 4.633; Q50: 10.125, 10.037; Q90: 4.472, 4.532;
| 6  Horizon | RMSE: 32.885, 32.826; MAE: 20.872, 20.988; MAPE: 11.860, 12.202; Q10: 4.961, 4.919; Q50: 10.592, 10.633; Q90: 4.660, 4.782;
| 12 Horizon | RMSE: 35.272, 36.058; MAE: 22.572, 23.144; MAPE: 12.973, 13.583; Q10: 5.364, 5.479; Q50: 11.453, 11.720; Q90: 5.109, 5.369;
epoch 7 time used: 39  seconds  train loss: 18.961 val loss: 6.763363 test loss: 6.819802
Epoch 8: 
| 3  Horizon | RMSE: 30.996, 30.526; MAE: 19.349, 19.185; MAPE: 11.209, 11.362; Q10: 4.637, 4.535; Q50: 9.814, 9.712; Q90: 4.370, 4.411;
| 6  Horizon | RMSE: 32.635, 32.565; MAE: 20.396, 20.514; MAPE: 11.994, 12.392; Q10: 4.875, 4.860; Q50: 10.332, 10.370; Q90: 4.607, 4.711;
| 12 Horizon | RMSE: 35.168, 35.946; MAE: 22.222, 22.850; MAPE: 13.012, 13.815; Q10: 5.340, 5.476; Q50: 11.261, 11.555; Q90: 5.000, 5.227;
epoch 8 time used: 39  seconds  train loss: 18.85 val loss: 6.61574 test loss: 6.668462
Epoch 9: 
| 3  Horizon | RMSE: 31.282, 30.810; MAE: 19.533, 19.384; MAPE: 11.265, 11.460; Q10: 4.673, 4.561; Q50: 9.905, 9.808; Q90: 4.407, 4.459;
| 6  Horizon | RMSE: 32.696, 32.614; MAE: 20.434, 20.561; MAPE: 11.805, 12.211; Q10: 4.892, 4.850; Q50: 10.358, 10.398; Q90: 4.618, 4.738;
| 12 Horizon | RMSE: 35.275, 35.988; MAE: 22.295, 22.895; MAPE: 12.951, 13.587; Q10: 5.355, 5.480; Q50: 11.309, 11.586; Q90: 5.009, 5.267;
epoch 9 time used: 39  seconds  train loss: 18.718 val loss: 6.657983 test loss: 6.71869
Epoch 10: 
| 3  Horizon | RMSE: 31.087, 30.644; MAE: 19.531, 19.375; MAPE: 11.243, 11.357; Q10: 4.667, 4.552; Q50: 9.914, 9.816; Q90: 4.421, 4.494;
| 6  Horizon | RMSE: 32.432, 32.267; MAE: 20.275, 20.331; MAPE: 11.684, 11.897; Q10: 4.870, 4.806; Q50: 10.293, 10.300; Q90: 4.590, 4.716;
| 12 Horizon | RMSE: 34.667, 35.116; MAE: 21.977, 22.439; MAPE: 12.589, 13.217; Q10: 5.282, 5.306; Q50: 11.145, 11.355; Q90: 5.011, 5.276;
epoch 10 time used: 39  seconds  train loss: 18.487 val loss: 6.626871 test loss: 6.666964
Epoch 11: 
| 3  Horizon | RMSE: 31.017, 30.573; MAE: 19.572, 19.414; MAPE: 11.843, 11.846; Q10: 4.662, 4.563; Q50: 9.945, 9.849; Q90: 4.436, 4.481;
| 6  Horizon | RMSE: 32.386, 32.263; MAE: 20.249, 20.322; MAPE: 12.048, 12.168; Q10: 4.858, 4.833; Q50: 10.286, 10.304; Q90: 4.585, 4.695;
| 12 Horizon | RMSE: 34.593, 35.141; MAE: 21.941, 22.381; MAPE: 13.014, 13.358; Q10: 5.285, 5.374; Q50: 11.143, 11.342; Q90: 4.955, 5.181;
epoch 11 time used: 40  seconds  train loss: 18.415 val loss: 6.62003 test loss: 6.665727
Epoch 12: 
| 3  Horizon | RMSE: 30.955, 30.519; MAE: 19.275, 19.151; MAPE: 11.319, 11.386; Q10: 4.639, 4.544; Q50: 9.782, 9.701; Q90: 4.342, 4.405;
| 6  Horizon | RMSE: 32.396, 32.345; MAE: 20.074, 20.225; MAPE: 11.668, 11.934; Q10: 4.843, 4.832; Q50: 10.183, 10.240; Q90: 4.533, 4.665;
| 12 Horizon | RMSE: 34.412, 35.139; MAE: 21.616, 22.220; MAPE: 12.616, 13.147; Q10: 5.227, 5.326; Q50: 10.970, 11.253; Q90: 4.890, 5.152;
epoch 12 time used: 41  seconds  train loss: 18.354 val loss: 6.538077 test loss: 6.605019
Epoch 13: 
| 3  Horizon | RMSE: 31.051, 30.574; MAE: 19.333, 19.233; MAPE: 11.280, 11.486; Q10: 4.629, 4.532; Q50: 9.801, 9.731; Q90: 4.334, 4.398;
| 6  Horizon | RMSE: 32.297, 32.166; MAE: 20.174, 20.280; MAPE: 11.734, 11.905; Q10: 4.866, 4.822; Q50: 10.244, 10.277; Q90: 4.545, 4.685;
| 12 Horizon | RMSE: 34.538, 34.985; MAE: 21.823, 22.289; MAPE: 12.597, 13.043; Q10: 5.254, 5.311; Q50: 11.075, 11.285; Q90: 4.965, 5.189;
epoch 13 time used: 41  seconds  train loss: 18.284 val loss: 6.560738 test loss: 6.609918
Epoch 14: 
| 3  Horizon | RMSE: 30.898, 30.510; MAE: 19.338, 19.220; MAPE: 11.174, 11.244; Q10: 4.628, 4.537; Q50: 9.818, 9.739; Q90: 4.393, 4.461;
| 6  Horizon | RMSE: 32.249, 32.153; MAE: 20.072, 20.190; MAPE: 11.498, 11.751; Q10: 4.834, 4.802; Q50: 10.184, 10.223; Q90: 4.515, 4.657;
| 12 Horizon | RMSE: 34.383, 34.901; MAE: 21.698, 22.177; MAPE: 12.450, 12.969; Q10: 5.223, 5.313; Q50: 11.007, 11.226; Q90: 4.900, 5.153;
epoch 14 time used: 41  seconds  train loss: 18.239 val loss: 6.533433 test loss: 6.594264
Epoch 15: 
| 3  Horizon | RMSE: 30.917, 30.526; MAE: 19.262, 19.181; MAPE: 11.338, 11.419; Q10: 4.642, 4.560; Q50: 9.782, 9.724; Q90: 4.334, 4.411;
| 6  Horizon | RMSE: 32.236, 32.193; MAE: 19.973, 20.146; MAPE: 11.588, 11.826; Q10: 4.818, 4.802; Q50: 10.141, 10.209; Q90: 4.499, 4.654;
| 12 Horizon | RMSE: 34.377, 34.980; MAE: 21.518, 22.100; MAPE: 12.450, 13.052; Q10: 5.200, 5.316; Q50: 10.910, 11.182; Q90: 4.855, 5.115;
epoch 15 time used: 41  seconds  train loss: 18.089 val loss: 6.499607 test loss: 6.576764
Epoch 16: 
| 3  Horizon | RMSE: 30.857, 30.481; MAE: 19.215, 19.153; MAPE: 11.228, 11.349; Q10: 4.621, 4.534; Q50: 9.751, 9.702; Q90: 4.331, 4.417;
| 6  Horizon | RMSE: 32.192, 32.166; MAE: 19.989, 20.204; MAPE: 11.588, 11.922; Q10: 4.817, 4.804; Q50: 10.138, 10.228; Q90: 4.503, 4.672;
| 12 Horizon | RMSE: 34.231, 34.923; MAE: 21.660, 22.290; MAPE: 12.614, 13.175; Q10: 5.212, 5.320; Q50: 10.994, 11.291; Q90: 4.886, 5.195;
epoch 16 time used: 41  seconds  train loss: 18.062 val loss: 6.51224 test loss: 6.601152
Epoch 17: 
| 3  Horizon | RMSE: 30.963, 30.571; MAE: 19.234, 19.151; MAPE: 11.173, 11.301; Q10: 4.624, 4.537; Q50: 9.761, 9.700; Q90: 4.319, 4.398;
| 6  Horizon | RMSE: 32.326, 32.302; MAE: 20.030, 20.236; MAPE: 11.615, 11.981; Q10: 4.850, 4.845; Q50: 10.153, 10.236; Q90: 4.497, 4.655;
| 12 Horizon | RMSE: 34.370, 35.028; MAE: 21.658, 22.289; MAPE: 12.685, 13.419; Q10: 5.268, 5.389; Q50: 10.968, 11.265; Q90: 4.861, 5.143;
epoch 17 time used: 41  seconds  train loss: 18.019 val loss: 6.52241 test loss: 6.610393
Epoch 18: 
| 3  Horizon | RMSE: 30.955, 30.656; MAE: 19.199, 19.197; MAPE: 11.061, 11.328; Q10: 4.611, 4.551; Q50: 9.735, 9.714; Q90: 4.314, 4.400;
| 6  Horizon | RMSE: 32.286, 32.374; MAE: 19.929, 20.205; MAPE: 11.501, 11.974; Q10: 4.817, 4.840; Q50: 10.101, 10.218; Q90: 4.491, 4.657;
| 12 Horizon | RMSE: 34.290, 35.093; MAE: 21.497, 22.187; MAPE: 12.295, 12.998; Q10: 5.221, 5.317; Q50: 10.903, 11.228; Q90: 4.841, 5.149;
epoch 18 time used: 41  seconds  train loss: 17.984 val loss: 6.486858 test loss: 6.593133
Epoch 19: 
| 3  Horizon | RMSE: 30.881, 30.535; MAE: 19.149, 19.124; MAPE: 11.122, 11.311; Q10: 4.604, 4.537; Q50: 9.707, 9.677; Q90: 4.310, 4.406;
| 6  Horizon | RMSE: 32.295, 32.310; MAE: 19.931, 20.180; MAPE: 11.650, 12.024; Q10: 4.821, 4.831; Q50: 10.098, 10.204; Q90: 4.477, 4.639;
| 12 Horizon | RMSE: 34.415, 35.047; MAE: 21.571, 22.128; MAPE: 12.569, 13.038; Q10: 5.208, 5.325; Q50: 10.948, 11.208; Q90: 4.920, 5.170;
epoch 19 time used: 41  seconds  train loss: 17.956 val loss: 6.494377 test loss: 6.588249
Epoch 20: 
| 3  Horizon | RMSE: 30.884, 30.611; MAE: 19.244, 19.226; MAPE: 11.266, 11.399; Q10: 4.622, 4.554; Q50: 9.766, 9.738; Q90: 4.320, 4.416;
| 6  Horizon | RMSE: 32.245, 32.325; MAE: 20.015, 20.244; MAPE: 11.763, 12.011; Q10: 4.845, 4.851; Q50: 10.160, 10.255; Q90: 4.502, 4.667;
| 12 Horizon | RMSE: 34.364, 35.086; MAE: 21.686, 22.270; MAPE: 12.826, 13.298; Q10: 5.262, 5.391; Q50: 11.008, 11.278; Q90: 4.883, 5.153;
epoch 20 time used: 41  seconds  train loss: 17.866 val loss: 6.525147 test loss: 6.621692
Epoch 21: 
| 3  Horizon | RMSE: 30.881, 30.545; MAE: 19.132, 19.077; MAPE: 11.152, 11.284; Q10: 4.607, 4.531; Q50: 9.710, 9.664; Q90: 4.301, 4.383;
| 6  Horizon | RMSE: 32.172, 32.208; MAE: 19.850, 20.069; MAPE: 11.461, 11.815; Q10: 4.808, 4.805; Q50: 10.070, 10.161; Q90: 4.472, 4.633;
| 12 Horizon | RMSE: 34.192, 34.906; MAE: 21.409, 22.045; MAPE: 12.436, 13.135; Q10: 5.213, 5.338; Q50: 10.856, 11.155; Q90: 4.820, 5.102;
epoch 21 time used: 41  seconds  train loss: 17.849 val loss: 6.46969 test loss: 6.562257
Epoch 22: 
| 3  Horizon | RMSE: 30.950, 30.624; MAE: 19.158, 19.101; MAPE: 11.061, 11.187; Q10: 4.609, 4.530; Q50: 9.723, 9.675; Q90: 4.297, 4.386;
| 6  Horizon | RMSE: 32.299, 32.336; MAE: 19.906, 20.089; MAPE: 11.474, 11.708; Q10: 4.820, 4.806; Q50: 10.105, 10.175; Q90: 4.495, 4.657;
| 12 Horizon | RMSE: 34.315, 34.972; MAE: 21.430, 21.994; MAPE: 12.289, 12.822; Q10: 5.198, 5.291; Q50: 10.870, 11.130; Q90: 4.849, 5.123;
epoch 22 time used: 41  seconds  train loss: 17.83 val loss: 6.48099 test loss: 6.563983
Epoch 23: 
| 3  Horizon | RMSE: 30.931, 30.618; MAE: 19.103, 19.064; MAPE: 11.081, 11.230; Q10: 4.601, 4.534; Q50: 9.690, 9.654; Q90: 4.289, 4.377;
| 6  Horizon | RMSE: 32.247, 32.317; MAE: 19.814, 20.046; MAPE: 11.442, 11.754; Q10: 4.805, 4.804; Q50: 10.054, 10.153; Q90: 4.456, 4.626;
| 12 Horizon | RMSE: 34.266, 34.994; MAE: 21.405, 21.997; MAPE: 12.524, 12.977; Q10: 5.201, 5.302; Q50: 10.868, 11.147; Q90: 4.831, 5.134;
epoch 23 time used: 41  seconds  train loss: 17.809 val loss: 6.466986 test loss: 6.562665
Epoch 24: 
| 3  Horizon | RMSE: 30.940, 30.610; MAE: 19.122, 19.087; MAPE: 11.091, 11.271; Q10: 4.618, 4.542; Q50: 9.699, 9.662; Q90: 4.293, 4.386;
| 6  Horizon | RMSE: 32.239, 32.287; MAE: 19.869, 20.074; MAPE: 11.480, 11.746; Q10: 4.822, 4.810; Q50: 10.084, 10.167; Q90: 4.469, 4.643;
| 12 Horizon | RMSE: 34.289, 34.934; MAE: 21.390, 21.970; MAPE: 12.366, 12.930; Q10: 5.214, 5.302; Q50: 10.850, 11.119; Q90: 4.820, 5.108;
epoch 24 time used: 41  seconds  train loss: 17.791 val loss: 6.473059 test loss: 6.562627
Epoch 25: 
| 3  Horizon | RMSE: 30.894, 30.626; MAE: 19.107, 19.091; MAPE: 11.114, 11.255; Q10: 4.603, 4.534; Q50: 9.696, 9.669; Q90: 4.292, 4.394;
| 6  Horizon | RMSE: 32.162, 32.291; MAE: 19.823, 20.087; MAPE: 11.444, 11.744; Q10: 4.807, 4.805; Q50: 10.060, 10.173; Q90: 4.456, 4.645;
| 12 Horizon | RMSE: 34.073, 34.889; MAE: 21.296, 21.991; MAPE: 12.249, 12.869; Q10: 5.178, 5.295; Q50: 10.801, 11.130; Q90: 4.802, 5.144;
epoch 25 time used: 41  seconds  train loss: 17.731 val loss: 6.455964 test loss: 6.567337
Epoch 26: 
| 3  Horizon | RMSE: 30.909, 30.657; MAE: 19.097, 19.102; MAPE: 11.074, 11.279; Q10: 4.611, 4.550; Q50: 9.684, 9.669; Q90: 4.290, 4.391;
| 6  Horizon | RMSE: 32.189, 32.339; MAE: 19.816, 20.095; MAPE: 11.427, 11.797; Q10: 4.806, 4.818; Q50: 10.050, 10.172; Q90: 4.460, 4.647;
| 12 Horizon | RMSE: 34.378, 35.204; MAE: 21.573, 22.326; MAPE: 12.890, 13.738; Q10: 5.252, 5.404; Q50: 10.920, 11.279; Q90: 4.825, 5.129;
epoch 26 time used: 41  seconds  train loss: 17.716 val loss: 6.464188 test loss: 6.581488
Epoch 27: 
| 3  Horizon | RMSE: 30.892, 30.667; MAE: 19.115, 19.115; MAPE: 11.180, 11.329; Q10: 4.610, 4.552; Q50: 9.704, 9.687; Q90: 4.290, 4.396;
| 6  Horizon | RMSE: 32.190, 32.360; MAE: 19.883, 20.150; MAPE: 11.538, 11.834; Q10: 4.814, 4.823; Q50: 10.095, 10.212; Q90: 4.464, 4.660;
| 12 Horizon | RMSE: 34.149, 34.956; MAE: 21.407, 22.064; MAPE: 12.371, 12.939; Q10: 5.195, 5.312; Q50: 10.863, 11.174; Q90: 4.839, 5.169;
epoch 27 time used: 41  seconds  train loss: 17.705 val loss: 6.464449 test loss: 6.580129
Epoch 28: 
| 3  Horizon | RMSE: 30.890, 30.662; MAE: 19.152, 19.163; MAPE: 11.016, 11.179; Q10: 4.602, 4.538; Q50: 9.719, 9.706; Q90: 4.305, 4.420;
| 6  Horizon | RMSE: 32.166, 32.330; MAE: 19.826, 20.135; MAPE: 11.327, 11.691; Q10: 4.795, 4.806; Q50: 10.056, 10.193; Q90: 4.477, 4.681;
| 12 Horizon | RMSE: 34.100, 34.925; MAE: 21.305, 22.006; MAPE: 12.190, 12.767; Q10: 5.170, 5.280; Q50: 10.808, 11.140; Q90: 4.825, 5.172;
epoch 28 time used: 41  seconds  train loss: 17.69 val loss: 6.45938 test loss: 6.580906
Epoch 29: 
| 3  Horizon | RMSE: 30.852, 30.552; MAE: 19.079, 19.053; MAPE: 11.055, 11.211; Q10: 4.591, 4.524; Q50: 9.681, 9.651; Q90: 4.290, 4.392;
| 6  Horizon | RMSE: 32.144, 32.219; MAE: 19.811, 20.048; MAPE: 11.437, 11.711; Q10: 4.791, 4.794; Q50: 10.057, 10.157; Q90: 4.480, 4.667;
| 12 Horizon | RMSE: 34.023, 34.781; MAE: 21.229, 21.933; MAPE: 12.292, 13.012; Q10: 5.174, 5.307; Q50: 10.760, 11.094; Q90: 4.788, 5.117;
epoch 29 time used: 41  seconds  train loss: 17.682 val loss: 6.444081 test loss: 6.556157
Epoch 30: 
| 3  Horizon | RMSE: 30.827, 30.565; MAE: 19.107, 19.098; MAPE: 11.044, 11.186; Q10: 4.593, 4.525; Q50: 9.697, 9.675; Q90: 4.297, 4.406;
| 6  Horizon | RMSE: 32.119, 32.214; MAE: 19.746, 20.008; MAPE: 11.409, 11.733; Q10: 4.797, 4.803; Q50: 10.018, 10.131; Q90: 4.442, 4.630;
| 12 Horizon | RMSE: 34.064, 34.809; MAE: 21.247, 21.920; MAPE: 12.332, 12.961; Q10: 5.193, 5.317; Q50: 10.775, 11.092; Q90: 4.776, 5.089;
epoch 30 time used: 41  seconds  train loss: 17.636 val loss: 6.44121 test loss: 6.55244
Epoch 31: 
| 3  Horizon | RMSE: 30.807, 30.572; MAE: 19.060, 19.075; MAPE: 10.995, 11.205; Q10: 4.586, 4.528; Q50: 9.666, 9.656; Q90: 4.292, 4.406;
| 6  Horizon | RMSE: 32.079, 32.223; MAE: 19.757, 20.034; MAPE: 11.322, 11.678; Q10: 4.790, 4.795; Q50: 10.024, 10.144; Q90: 4.455, 4.653;
| 12 Horizon | RMSE: 33.995, 34.780; MAE: 21.190, 21.882; MAPE: 12.243, 12.916; Q10: 5.165, 5.278; Q50: 10.744, 11.072; Q90: 4.781, 5.119;
epoch 31 time used: 41  seconds  train loss: 17.629 val loss: 6.431943 test loss: 6.550008
Epoch 32: 
| 3  Horizon | RMSE: 30.821, 30.567; MAE: 19.051, 19.062; MAPE: 10.998, 11.204; Q10: 4.595, 4.537; Q50: 9.662, 9.649; Q90: 4.281, 4.391;
| 6  Horizon | RMSE: 32.121, 32.247; MAE: 19.774, 20.065; MAPE: 11.410, 11.807; Q10: 4.804, 4.820; Q50: 10.026, 10.153; Q90: 4.443, 4.635;
| 12 Horizon | RMSE: 34.058, 34.830; MAE: 21.296, 21.972; MAPE: 12.281, 12.920; Q10: 5.186, 5.308; Q50: 10.799, 11.119; Q90: 4.813, 5.155;
epoch 32 time used: 41  seconds  train loss: 17.621 val loss: 6.44426 test loss: 6.565709
Epoch 33: 
| 3  Horizon | RMSE: 30.883, 30.689; MAE: 19.143, 19.167; MAPE: 10.968, 11.170; Q10: 4.592, 4.536; Q50: 9.709, 9.704; Q90: 4.312, 4.435;
| 6  Horizon | RMSE: 32.130, 32.293; MAE: 19.803, 20.106; MAPE: 11.319, 11.714; Q10: 4.798, 4.814; Q50: 10.042, 10.176; Q90: 4.473, 4.683;
| 12 Horizon | RMSE: 34.062, 34.845; MAE: 21.272, 21.962; MAPE: 12.232, 12.891; Q10: 5.185, 5.303; Q50: 10.787, 11.113; Q90: 4.797, 5.142;
epoch 33 time used: 41  seconds  train loss: 17.613 val loss: 6.453137 test loss: 6.578635
Epoch 34: 
| 3  Horizon | RMSE: 30.819, 30.573; MAE: 19.046, 19.040; MAPE: 11.013, 11.202; Q10: 4.592, 4.534; Q50: 9.659, 9.639; Q90: 4.277, 4.383;
| 6  Horizon | RMSE: 32.158, 32.294; MAE: 19.773, 20.051; MAPE: 11.445, 11.840; Q10: 4.805, 4.827; Q50: 10.023, 10.144; Q90: 4.439, 4.626;
| 12 Horizon | RMSE: 34.109, 34.915; MAE: 21.279, 22.005; MAPE: 12.499, 13.257; Q10: 5.202, 5.347; Q50: 10.776, 11.122; Q90: 4.781, 5.108;
epoch 34 time used: 41  seconds  train loss: 17.604 val loss: 6.438365 test loss: 6.559223
Epoch 35: 
| 3  Horizon | RMSE: 30.827, 30.575; MAE: 19.036, 19.034; MAPE: 11.018, 11.215; Q10: 4.590, 4.528; Q50: 9.654, 9.636; Q90: 4.273, 4.381;
| 6  Horizon | RMSE: 32.098, 32.218; MAE: 19.740, 19.999; MAPE: 11.359, 11.707; Q10: 4.794, 4.801; Q50: 10.013, 10.124; Q90: 4.441, 4.635;
| 12 Horizon | RMSE: 34.061, 34.782; MAE: 21.291, 21.895; MAPE: 12.235, 12.758; Q10: 5.172, 5.263; Q50: 10.803, 11.086; Q90: 4.814, 5.143;
epoch 35 time used: 41  seconds  train loss: 17.573 val loss: 6.435089 test loss: 6.543626
Epoch 36: 
| 3  Horizon | RMSE: 30.833, 30.593; MAE: 19.055, 19.072; MAPE: 11.014, 11.233; Q10: 4.588, 4.530; Q50: 9.662, 9.653; Q90: 4.276, 4.391;
| 6  Horizon | RMSE: 32.129, 32.245; MAE: 19.755, 20.037; MAPE: 11.388, 11.795; Q10: 4.796, 4.812; Q50: 10.016, 10.138; Q90: 4.438, 4.636;
| 12 Horizon | RMSE: 34.055, 34.766; MAE: 21.250, 21.889; MAPE: 12.226, 12.866; Q10: 5.173, 5.278; Q50: 10.775, 11.075; Q90: 4.803, 5.141;
epoch 36 time used: 41  seconds  train loss: 17.57 val loss: 6.433528 test loss: 6.550554
Epoch 37: 
| 3  Horizon | RMSE: 30.853, 30.615; MAE: 19.023, 19.032; MAPE: 10.982, 11.178; Q10: 4.592, 4.533; Q50: 9.649, 9.635; Q90: 4.272, 4.381;
| 6  Horizon | RMSE: 32.148, 32.296; MAE: 19.758, 20.034; MAPE: 11.317, 11.660; Q10: 4.799, 4.810; Q50: 10.024, 10.144; Q90: 4.446, 4.646;
| 12 Horizon | RMSE: 34.122, 34.881; MAE: 21.245, 21.899; MAPE: 12.214, 12.794; Q10: 5.188, 5.295; Q50: 10.776, 11.084; Q90: 4.786, 5.118;
epoch 37 time used: 41  seconds  train loss: 17.563 val loss: 6.433894 test loss: 6.549185
Epoch 38: 
| 3  Horizon | RMSE: 30.860, 30.621; MAE: 19.018, 19.025; MAPE: 10.988, 11.182; Q10: 4.593, 4.533; Q50: 9.646, 9.633; Q90: 4.269, 4.378;
| 6  Horizon | RMSE: 32.161, 32.315; MAE: 19.729, 20.007; MAPE: 11.341, 11.693; Q10: 4.799, 4.811; Q50: 10.009, 10.131; Q90: 4.435, 4.629;
| 12 Horizon | RMSE: 34.086, 34.902; MAE: 21.225, 21.923; MAPE: 12.243, 12.901; Q10: 5.183, 5.309; Q50: 10.763, 11.094; Q90: 4.788, 5.131;
epoch 38 time used: 41  seconds  train loss: 17.556 val loss: 6.430447 test loss: 6.551604
Epoch 39: 
| 3  Horizon | RMSE: 30.833, 30.619; MAE: 19.031, 19.040; MAPE: 10.992, 11.172; Q10: 4.592, 4.537; Q50: 9.655, 9.641; Q90: 4.276, 4.389;
| 6  Horizon | RMSE: 32.129, 32.283; MAE: 19.740, 20.009; MAPE: 11.325, 11.675; Q10: 4.796, 4.812; Q50: 10.014, 10.130; Q90: 4.443, 4.640;
| 12 Horizon | RMSE: 34.047, 34.819; MAE: 21.202, 21.846; MAPE: 12.198, 12.803; Q10: 5.176, 5.296; Q50: 10.753, 11.056; Q90: 4.783, 5.113;
epoch 39 time used: 41  seconds  train loss: 17.551 val loss: 6.43189 test loss: 6.548778
Epoch 40: 
| 3  Horizon | RMSE: 30.812, 30.606; MAE: 19.018, 19.043; MAPE: 10.970, 11.170; Q10: 4.586, 4.531; Q50: 9.645, 9.641; Q90: 4.269, 4.388;
| 6  Horizon | RMSE: 32.119, 32.301; MAE: 19.765, 20.050; MAPE: 11.357, 11.661; Q10: 4.794, 4.805; Q50: 10.031, 10.156; Q90: 4.449, 4.660;
| 12 Horizon | RMSE: 34.052, 34.866; MAE: 21.228, 21.926; MAPE: 12.236, 12.866; Q10: 5.179, 5.298; Q50: 10.764, 11.095; Q90: 4.785, 5.136;
epoch 40 time used: 41  seconds  train loss: 17.53 val loss: 6.42697 test loss: 6.552724
Epoch 41: 
| 3  Horizon | RMSE: 30.821, 30.638; MAE: 19.014, 19.029; MAPE: 11.001, 11.172; Q10: 4.588, 4.536; Q50: 9.648, 9.637; Q90: 4.265, 4.376;
| 6  Horizon | RMSE: 32.127, 32.346; MAE: 19.715, 20.010; MAPE: 11.337, 11.678; Q10: 4.791, 4.815; Q50: 10.003, 10.133; Q90: 4.428, 4.626;
| 12 Horizon | RMSE: 34.061, 34.947; MAE: 21.209, 21.927; MAPE: 12.168, 12.794; Q10: 5.172, 5.297; Q50: 10.757, 11.097; Q90: 4.782, 5.131;
epoch 41 time used: 41  seconds  train loss: 17.525 val loss: 6.423328 test loss: 6.55048
Epoch 42: 
| 3  Horizon | RMSE: 30.846, 30.672; MAE: 19.024, 19.056; MAPE: 10.993, 11.186; Q10: 4.589, 4.540; Q50: 9.650, 9.650; Q90: 4.273, 4.390;
| 6  Horizon | RMSE: 32.141, 32.368; MAE: 19.721, 20.034; MAPE: 11.336, 11.694; Q10: 4.794, 4.818; Q50: 10.004, 10.144; Q90: 4.436, 4.644;
| 12 Horizon | RMSE: 34.081, 34.959; MAE: 21.198, 21.923; MAPE: 12.229, 12.880; Q10: 5.181, 5.315; Q50: 10.750, 11.095; Q90: 4.779, 5.132;
epoch 42 time used: 41  seconds  train loss: 17.522 val loss: 6.426527 test loss: 6.55963
Epoch 43: 
| 3  Horizon | RMSE: 30.814, 30.619; MAE: 19.012, 19.031; MAPE: 10.986, 11.169; Q10: 4.587, 4.533; Q50: 9.645, 9.637; Q90: 4.275, 4.389;
| 6  Horizon | RMSE: 32.118, 32.321; MAE: 19.708, 20.005; MAPE: 11.353, 11.711; Q10: 4.793, 4.817; Q50: 9.997, 10.128; Q90: 4.432, 4.631;
| 12 Horizon | RMSE: 34.044, 34.916; MAE: 21.212, 21.919; MAPE: 12.206, 12.815; Q10: 5.173, 5.299; Q50: 10.760, 11.095; Q90: 4.788, 5.135;
epoch 43 time used: 41  seconds  train loss: 17.52 val loss: 6.425285 test loss: 6.552321
Epoch 44: 
| 3  Horizon | RMSE: 30.828, 30.643; MAE: 19.055, 19.064; MAPE: 11.085, 11.223; Q10: 4.592, 4.540; Q50: 9.673, 9.661; Q90: 4.280, 4.396;
| 6  Horizon | RMSE: 32.123, 32.313; MAE: 19.729, 20.003; MAPE: 11.403, 11.697; Q10: 4.795, 4.814; Q50: 10.014, 10.134; Q90: 4.442, 4.648;
| 12 Horizon | RMSE: 34.050, 34.855; MAE: 21.214, 21.877; MAPE: 12.211, 12.786; Q10: 5.177, 5.289; Q50: 10.761, 11.075; Q90: 4.777, 5.119;
epoch 44 time used: 41  seconds  train loss: 17.515 val loss: 6.431207 test loss: 6.552853
Epoch 45: 
| 3  Horizon | RMSE: 30.832, 30.623; MAE: 18.994, 19.008; MAPE: 10.985, 11.176; Q10: 4.585, 4.530; Q50: 9.634, 9.623; Q90: 4.263, 4.375;
| 6  Horizon | RMSE: 32.096, 32.276; MAE: 19.703, 19.985; MAPE: 11.303, 11.647; Q10: 4.790, 4.806; Q50: 9.995, 10.119; Q90: 4.432, 4.637;
| 12 Horizon | RMSE: 34.067, 34.838; MAE: 21.198, 21.845; MAPE: 12.192, 12.778; Q10: 5.177, 5.289; Q50: 10.751, 11.056; Q90: 4.779, 5.111;
epoch 45 time used: 41  seconds  train loss: 17.501 val loss: 6.419442 test loss: 6.537731
Epoch 46: 
| 3  Horizon | RMSE: 30.813, 30.635; MAE: 19.031, 19.062; MAPE: 10.979, 11.176; Q10: 4.588, 4.536; Q50: 9.653, 9.652; Q90: 4.275, 4.395;
| 6  Horizon | RMSE: 32.107, 32.321; MAE: 19.720, 20.032; MAPE: 11.332, 11.705; Q10: 4.796, 4.822; Q50: 10.002, 10.141; Q90: 4.439, 4.648;
| 12 Horizon | RMSE: 34.048, 34.899; MAE: 21.213, 21.919; MAPE: 12.218, 12.861; Q10: 5.179, 5.306; Q50: 10.756, 11.091; Q90: 4.788, 5.137;
epoch 46 time used: 41  seconds  train loss: 17.496 val loss: 6.42815 test loss: 6.559434
Epoch 47: 
| 3  Horizon | RMSE: 30.826, 30.650; MAE: 19.007, 19.036; MAPE: 10.976, 11.169; Q10: 4.587, 4.536; Q50: 9.642, 9.639; Q90: 4.272, 4.393;
| 6  Horizon | RMSE: 32.123, 32.336; MAE: 19.700, 20.004; MAPE: 11.323, 11.685; Q10: 4.794, 4.818; Q50: 9.993, 10.128; Q90: 4.434, 4.643;
| 12 Horizon | RMSE: 34.076, 34.906; MAE: 21.187, 21.877; MAPE: 12.224, 12.850; Q10: 5.185, 5.315; Q50: 10.744, 11.071; Q90: 4.776, 5.118;
epoch 47 time used: 41  seconds  train loss: 17.494 val loss: 6.423006 test loss: 6.552422
Epoch 48: 
| 3  Horizon | RMSE: 30.794, 30.596; MAE: 18.996, 19.017; MAPE: 10.948, 11.136; Q10: 4.582, 4.527; Q50: 9.636, 9.629; Q90: 4.268, 4.386;
| 6  Horizon | RMSE: 32.091, 32.272; MAE: 19.689, 19.979; MAPE: 11.285, 11.643; Q10: 4.787, 4.803; Q50: 9.987, 10.115; Q90: 4.425, 4.628;
| 12 Horizon | RMSE: 34.041, 34.826; MAE: 21.174, 21.842; MAPE: 12.188, 12.800; Q10: 5.177, 5.299; Q50: 10.737, 11.053; Q90: 4.773, 5.107;
epoch 48 time used: 41  seconds  train loss: 17.491 val loss: 6.416083 test loss: 6.537704
Epoch 49: 
| 3  Horizon | RMSE: 30.848, 30.647; MAE: 19.005, 19.015; MAPE: 11.013, 11.193; Q10: 4.591, 4.538; Q50: 9.642, 9.629; Q90: 4.266, 4.378;
| 6  Horizon | RMSE: 32.109, 32.316; MAE: 19.692, 19.988; MAPE: 11.334, 11.671; Q10: 4.791, 4.813; Q50: 9.992, 10.122; Q90: 4.428, 4.633;
| 12 Horizon | RMSE: 34.003, 34.879; MAE: 21.133, 21.873; MAPE: 12.183, 12.855; Q10: 5.169, 5.301; Q50: 10.716, 11.069; Q90: 4.763, 5.120;
epoch 49 time used: 41  seconds  train loss: 17.488 val loss: 6.415606 test loss: 6.544598
Epoch 50: 
| 3  Horizon | RMSE: 30.805, 30.644; MAE: 19.014, 19.052; MAPE: 10.959, 11.153; Q10: 4.584, 4.533; Q50: 9.645, 9.647; Q90: 4.272, 4.395;
| 6  Horizon | RMSE: 32.097, 32.337; MAE: 19.698, 20.022; MAPE: 11.311, 11.684; Q10: 4.790, 4.817; Q50: 9.991, 10.136; Q90: 4.430, 4.641;
| 12 Horizon | RMSE: 34.026, 34.923; MAE: 21.183, 21.905; MAPE: 12.190, 12.815; Q10: 5.176, 5.311; Q50: 10.743, 11.087; Q90: 4.785, 5.141;
epoch 50 time used: 41  seconds  train loss: 17.479 val loss: 6.420495 test loss: 6.555041
Epoch 51: 
| 3  Horizon | RMSE: 30.827, 30.647; MAE: 19.002, 19.026; MAPE: 10.981, 11.169; Q10: 4.588, 4.538; Q50: 9.640, 9.636; Q90: 4.266, 4.381;
| 6  Horizon | RMSE: 32.117, 32.340; MAE: 19.715, 20.020; MAPE: 11.307, 11.661; Q10: 4.793, 4.817; Q50: 10.002, 10.138; Q90: 4.434, 4.642;
| 12 Horizon | RMSE: 34.079, 34.930; MAE: 21.222, 21.918; MAPE: 12.215, 12.832; Q10: 5.187, 5.317; Q50: 10.763, 11.093; Q90: 4.790, 5.139;
epoch 51 time used: 41  seconds  train loss: 17.477 val loss: 6.424313 test loss: 6.553829
Epoch 52: 
| 3  Horizon | RMSE: 30.794, 30.625; MAE: 18.997, 19.027; MAPE: 10.960, 11.152; Q10: 4.582, 4.531; Q50: 9.638, 9.636; Q90: 4.267, 4.387;
| 6  Horizon | RMSE: 32.082, 32.304; MAE: 19.683, 19.993; MAPE: 11.292, 11.660; Q10: 4.785, 4.809; Q50: 9.984, 10.122; Q90: 4.426, 4.636;
| 12 Horizon | RMSE: 34.029, 34.868; MAE: 21.146, 21.840; MAPE: 12.181, 12.801; Q10: 5.172, 5.299; Q50: 10.725, 11.053; Q90: 4.766, 5.109;
epoch 52 time used: 41  seconds  train loss: 17.474 val loss: 6.413429 test loss: 6.543542
Epoch 53: 
| 3  Horizon | RMSE: 30.790, 30.623; MAE: 18.998, 19.038; MAPE: 10.949, 11.155; Q10: 4.582, 4.533; Q50: 9.636, 9.639; Q90: 4.265, 4.388;
| 6  Horizon | RMSE: 32.078, 32.305; MAE: 19.684, 20.001; MAPE: 11.282, 11.647; Q10: 4.784, 4.810; Q50: 9.985, 10.127; Q90: 4.429, 4.642;
| 12 Horizon | RMSE: 33.996, 34.868; MAE: 21.135, 21.859; MAPE: 12.154, 12.795; Q10: 5.165, 5.291; Q50: 10.718, 11.062; Q90: 4.765, 5.121;
epoch 53 time used: 41  seconds  train loss: 17.473 val loss: 6.414148 test loss: 6.547785
Epoch 54: 
| 3  Horizon | RMSE: 30.814, 30.640; MAE: 18.994, 19.021; MAPE: 10.964, 11.148; Q10: 4.583, 4.532; Q50: 9.637, 9.634; Q90: 4.263, 4.381;
| 6  Horizon | RMSE: 32.111, 32.336; MAE: 19.691, 19.996; MAPE: 11.317, 11.661; Q10: 4.789, 4.816; Q50: 9.991, 10.126; Q90: 4.429, 4.638;
| 12 Horizon | RMSE: 34.056, 34.922; MAE: 21.196, 21.895; MAPE: 12.204, 12.794; Q10: 5.176, 5.306; Q50: 10.753, 11.085; Q90: 4.790, 5.142;
epoch 54 time used: 41  seconds  train loss: 17.473 val loss: 6.419839 test loss: 6.550135
Epoch 55: 
| 3  Horizon | RMSE: 30.805, 30.633; MAE: 19.002, 19.029; MAPE: 10.968, 11.159; Q10: 4.586, 4.535; Q50: 9.640, 9.636; Q90: 4.270, 4.388;
| 6  Horizon | RMSE: 32.101, 32.331; MAE: 19.692, 20.007; MAPE: 11.314, 11.699; Q10: 4.793, 4.823; Q50: 9.986, 10.127; Q90: 4.428, 4.636;
| 12 Horizon | RMSE: 34.030, 34.907; MAE: 21.169, 21.881; MAPE: 12.183, 12.823; Q10: 5.177, 5.311; Q50: 10.735, 11.073; Q90: 4.774, 5.124;
epoch 55 time used: 41  seconds  train loss: 17.464 val loss: 6.41851 test loss: 6.550317
Epoch 56: 
| 3  Horizon | RMSE: 30.813, 30.644; MAE: 18.993, 19.026; MAPE: 10.968, 11.169; Q10: 4.584, 4.534; Q50: 9.634, 9.634; Q90: 4.267, 4.389;
| 6  Horizon | RMSE: 32.099, 32.337; MAE: 19.691, 20.011; MAPE: 11.297, 11.669; Q10: 4.789, 4.816; Q50: 9.988, 10.131; Q90: 4.433, 4.650;
| 12 Horizon | RMSE: 34.038, 34.908; MAE: 21.155, 21.874; MAPE: 12.180, 12.830; Q10: 5.180, 5.314; Q50: 10.727, 11.069; Q90: 4.770, 5.126;
epoch 56 time used: 41  seconds  train loss: 17.463 val loss: 6.416642 test loss: 6.551518
Epoch 57: 
| 3  Horizon | RMSE: 30.806, 30.625; MAE: 18.997, 19.020; MAPE: 10.948, 11.138; Q10: 4.582, 4.529; Q50: 9.637, 9.632; Q90: 4.268, 4.389;
| 6  Horizon | RMSE: 32.099, 32.307; MAE: 19.676, 19.980; MAPE: 11.291, 11.657; Q10: 4.787, 4.810; Q50: 9.980, 10.115; Q90: 4.426, 4.635;
| 12 Horizon | RMSE: 34.021, 34.874; MAE: 21.165, 21.866; MAPE: 12.133, 12.740; Q10: 5.162, 5.279; Q50: 10.736, 11.069; Q90: 4.793, 5.156;
epoch 57 time used: 41  seconds  train loss: 17.462 val loss: 6.415976 test loss: 6.545702
Epoch 58: 
| 3  Horizon | RMSE: 30.804, 30.628; MAE: 18.998, 19.021; MAPE: 10.962, 11.155; Q10: 4.583, 4.532; Q50: 9.637, 9.631; Q90: 4.267, 4.384;
| 6  Horizon | RMSE: 32.099, 32.304; MAE: 19.694, 19.986; MAPE: 11.299, 11.661; Q10: 4.791, 4.813; Q50: 9.989, 10.118; Q90: 4.428, 4.632;
| 12 Horizon | RMSE: 34.054, 34.855; MAE: 21.195, 21.849; MAPE: 12.177, 12.764; Q10: 5.177, 5.292; Q50: 10.750, 11.059; Q90: 4.789, 5.130;
epoch 58 time used: 41  seconds  train loss: 17.458 val loss: 6.420327 test loss: 6.54362
Epoch 59: 
| 3  Horizon | RMSE: 30.793, 30.620; MAE: 19.006, 19.041; MAPE: 10.947, 11.156; Q10: 4.581, 4.531; Q50: 9.639, 9.639; Q90: 4.271, 4.393;
| 6  Horizon | RMSE: 32.088, 32.304; MAE: 19.694, 20.004; MAPE: 11.291, 11.679; Q10: 4.787, 4.812; Q50: 9.987, 10.125; Q90: 4.433, 4.645;
| 12 Horizon | RMSE: 34.032, 34.867; MAE: 21.166, 21.869; MAPE: 12.187, 12.853; Q10: 5.176, 5.301; Q50: 10.730, 11.064; Q90: 4.776, 5.126;
epoch 59 time used: 41  seconds  train loss: 17.458 val loss: 6.418422 test loss: 6.549579
Epoch 60: 
| 3  Horizon | RMSE: 30.805, 30.642; MAE: 18.996, 19.028; MAPE: 10.955, 11.145; Q10: 4.583, 4.533; Q50: 9.637, 9.636; Q90: 4.267, 4.388;
| 6  Horizon | RMSE: 32.101, 32.336; MAE: 19.692, 20.007; MAPE: 11.295, 11.671; Q10: 4.791, 4.818; Q50: 9.987, 10.128; Q90: 4.432, 4.646;
| 12 Horizon | RMSE: 34.048, 34.914; MAE: 21.179, 21.890; MAPE: 12.198, 12.845; Q10: 5.182, 5.315; Q50: 10.738, 11.076; Q90: 4.778, 5.128;
epoch 60 time used: 41  seconds  train loss: 17.452 val loss: 6.41809 test loss: 6.55081
Epoch 61: 
| 3  Horizon | RMSE: 30.806, 30.632; MAE: 18.998, 19.023; MAPE: 10.964, 11.152; Q10: 4.585, 4.533; Q50: 9.638, 9.633; Q90: 4.268, 4.387;
| 6  Horizon | RMSE: 32.109, 32.327; MAE: 19.689, 19.989; MAPE: 11.312, 11.675; Q10: 4.793, 4.818; Q50: 9.988, 10.120; Q90: 4.428, 4.635;
| 12 Horizon | RMSE: 34.048, 34.904; MAE: 21.165, 21.866; MAPE: 12.196, 12.831; Q10: 5.187, 5.319; Q50: 10.733, 11.066; Q90: 4.770, 5.119;
epoch 61 time used: 41  seconds  train loss: 17.452 val loss: 6.418287 test loss: 6.547768
Epoch 62: 
| 3  Horizon | RMSE: 30.805, 30.635; MAE: 18.988, 19.021; MAPE: 10.945, 11.144; Q10: 4.582, 4.531; Q50: 9.632, 9.631; Q90: 4.264, 4.384;
| 6  Horizon | RMSE: 32.103, 32.341; MAE: 19.690, 20.006; MAPE: 11.280, 11.646; Q10: 4.787, 4.813; Q50: 9.988, 10.129; Q90: 4.433, 4.648;
| 12 Horizon | RMSE: 34.067, 34.933; MAE: 21.180, 21.882; MAPE: 12.164, 12.777; Q10: 5.173, 5.298; Q50: 10.742, 11.075; Q90: 4.787, 5.142;
Early stopping at epoch: 62
Model  stgcn17  Best Results:
Epoch 52: 
=        =        Horizon  3        =        =        =        =        Horizon  6        =        =        =        =        Horizon  12       =        =       
RMSE     MAE      MAPE     Q10      Q50      Q90      RMSE     MAE      MAPE     Q10      Q50      Q90      RMSE     MAE      MAPE     Q10      Q50      Q90     
30.625   19.027   11.152   4.531    9.636    4.387    32.304   19.993   11.660   4.809    10.122   4.636    34.868   21.840   12.801   5.299    11.053   5.109   
Model Training Ended ... Sun Oct 15 18:19:07 2023
