nohup: ignoring input
pdate shape is:  (16992,)
./save/pems04_stgcn17_in12_out12_addtimeFalse_adjTrue_lr0.001_hc32_train0.7_val0.1_test0.2_seed233_lossquantile_versionstq18_s300slen20q1000_note: training started Sun Oct 15 17:35:58 2023
pdate shape is:  (16992,)
data load........
initial data shape is:  (16992, 307, 3)
train_mean shape : (307,)
train  :  (11873, 24, 307, 3)
val  :  (1697, 24, 307, 3)
test  :  (3388, 24, 307, 3)
Model Training Started ... Sun Oct 15 17:36:00 2023
TIMESTEP_IN, TIMESTEP_OUT 12 12
LOSS is : quantile
qcl init quantile loss is [0.010000000000000009, 0.5, 0.99]
Spatial CL target length = 1
Spatial CL target length = 2
Epoch 0: 
| 3  Horizon | RMSE: 38.262, 37.050; MAE: 25.927, 25.105; MAPE: 16.910, 16.531; Q10: 6.162, 5.949; Q50: 13.096, 12.669; Q90: 5.983, 5.789;
| 6  Horizon | RMSE: 41.414, 40.038; MAE: 27.748, 26.851; MAPE: 17.036, 16.596; Q10: 6.312, 6.109; Q50: 14.028, 13.562; Q90: 6.813, 6.629;
| 12 Horizon | RMSE: 52.195, 49.751; MAE: 35.933, 34.391; MAPE: 22.220, 21.478; Q10: 7.672, 7.400; Q50: 18.166, 17.371; Q90: 9.654, 9.052;
epoch 0 time used: 42  seconds  train loss: 26.093 val loss: 9.566763 test loss: 9.21021
Spatial CL target length = 3
Spatial CL target length = 4
Spatial CL target length = 5
Spatial CL target length = 6
Spatial CL target length = 7
Epoch 1: 
| 3  Horizon | RMSE: 32.561, 31.791; MAE: 21.053, 20.661; MAPE: 12.374, 12.585; Q10: 4.894, 4.752; Q50: 10.683, 10.471; Q90: 4.924, 4.889;
| 6  Horizon | RMSE: 34.978, 34.341; MAE: 22.827, 22.551; MAPE: 13.446, 13.772; Q10: 5.241, 5.134; Q50: 11.581, 11.426; Q90: 5.340, 5.364;
| 12 Horizon | RMSE: 39.559, 39.316; MAE: 26.297, 26.302; MAPE: 15.362, 15.912; Q10: 6.051, 5.990; Q50: 13.333, 13.318; Q90: 6.124, 6.197;
epoch 1 time used: 39  seconds  train loss: 23.219 val loss: 7.459785 test loss: 7.385414
Spatial CL target length = 8
Spatial CL target length = 9
Spatial CL target length = 10
Spatial CL target length = 11
Spatial CL target length = 12
Epoch 2: 
| 3  Horizon | RMSE: 33.725, 33.113; MAE: 21.872, 21.587; MAPE: 13.094, 13.271; Q10: 4.923, 4.818; Q50: 11.097, 10.937; Q90: 5.120, 5.067;
| 6  Horizon | RMSE: 35.435, 35.171; MAE: 23.016, 22.971; MAPE: 13.845, 14.160; Q10: 5.193, 5.187; Q50: 11.678, 11.636; Q90: 5.526, 5.509;
| 12 Horizon | RMSE: 37.880, 38.695; MAE: 24.781, 25.408; MAPE: 14.911, 15.663; Q10: 5.735, 5.905; Q50: 12.568, 12.864; Q90: 5.844, 5.959;
epoch 2 time used: 39  seconds  train loss: 20.795 val loss: 7.437526 test loss: 7.440707
Spatial CL target length = 13
Spatial CL target length = 14
Spatial CL target length = 15
Spatial CL target length = 16
Spatial CL target length = 17
Epoch 3: 
| 3  Horizon | RMSE: 31.452, 30.892; MAE: 20.130, 19.891; MAPE: 11.757, 11.984; Q10: 4.759, 4.644; Q50: 10.223, 10.089; Q90: 4.562, 4.556;
| 6  Horizon | RMSE: 33.213, 32.852; MAE: 21.308, 21.203; MAPE: 12.496, 12.730; Q10: 5.046, 4.965; Q50: 10.822, 10.753; Q90: 4.953, 4.996;
| 12 Horizon | RMSE: 36.766, 36.826; MAE: 23.867, 23.986; MAPE: 13.584, 13.915; Q10: 5.641, 5.622; Q50: 12.114, 12.153; Q90: 5.433, 5.526;
epoch 3 time used: 39  seconds  train loss: 20.039 val loss: 6.946535 test loss: 6.914417
Spatial CL target length = 18
Spatial CL target length = 19
Spatial CL target length = 20
Epoch 4: 
| 3  Horizon | RMSE: 31.137, 30.610; MAE: 19.933, 19.675; MAPE: 11.632, 11.765; Q10: 4.705, 4.580; Q50: 10.095, 9.952; Q90: 4.513, 4.522;
| 6  Horizon | RMSE: 32.648, 32.416; MAE: 20.898, 20.850; MAPE: 12.094, 12.381; Q10: 4.939, 4.858; Q50: 10.593, 10.552; Q90: 4.782, 4.854;
| 12 Horizon | RMSE: 35.409, 35.938; MAE: 22.948, 23.375; MAPE: 13.281, 13.953; Q10: 5.443, 5.470; Q50: 11.634, 11.827; Q90: 5.263, 5.460;
epoch 4 time used: 39  seconds  train loss: 19.643 val loss: 6.806674 test loss: 6.810105
Quantile cl loss is [0.009999999999999995, 0.5, 0.99]
Quantile cl loss is [0.020000000000000004, 0.5, 0.98]
Epoch 5: 
| 3  Horizon | RMSE: 31.059, 30.559; MAE: 19.800, 19.533; MAPE: 11.312, 11.458; Q10: 5.956, 5.858; Q50: 10.046, 9.898; Q90: 5.233, 5.205;
| 6  Horizon | RMSE: 32.684, 32.314; MAE: 20.967, 20.752; MAPE: 12.216, 12.349; Q10: 6.336, 6.217; Q50: 10.649, 10.521; Q90: 5.405, 5.427;
| 12 Horizon | RMSE: 35.504, 35.452; MAE: 23.038, 23.007; MAPE: 13.248, 13.533; Q10: 6.819, 6.666; Q50: 11.696, 11.654; Q90: 6.471, 6.562;
epoch 5 time used: 39  seconds  train loss: 13.138 val loss: 7.518823 test loss: 7.452573
Quantile cl loss is [0.03, 0.5, 0.97]
Epoch 6: 
| 3  Horizon | RMSE: 30.839, 30.345; MAE: 19.638, 19.373; MAPE: 11.684, 11.772; Q10: 5.657, 5.577; Q50: 9.937, 9.793; Q90: 5.332, 5.270;
| 6  Horizon | RMSE: 32.355, 32.152; MAE: 20.586, 20.500; MAPE: 11.802, 11.996; Q10: 5.726, 5.658; Q50: 10.439, 10.379; Q90: 5.638, 5.596;
| 12 Horizon | RMSE: 35.543, 35.655; MAE: 23.011, 23.080; MAPE: 13.450, 13.596; Q10: 6.378, 6.317; Q50: 11.688, 11.698; Q90: 5.800, 5.745;
epoch 6 time used: 39  seconds  train loss: 13.173 val loss: 7.305757 test loss: 7.243468
Quantile cl loss is [0.04, 0.5, 0.96]
Quantile cl loss is [0.05, 0.5, 0.95]
Epoch 7: 
| 3  Horizon | RMSE: 31.141, 30.897; MAE: 19.963, 19.886; MAPE: 11.296, 11.472; Q10: 5.172, 5.120; Q50: 10.117, 10.067; Q90: 4.508, 4.520;
| 6  Horizon | RMSE: 32.416, 32.391; MAE: 20.718, 20.817; MAPE: 11.806, 12.128; Q10: 5.347, 5.308; Q50: 10.493, 10.528; Q90: 4.914, 4.953;
| 12 Horizon | RMSE: 34.899, 35.313; MAE: 22.516, 22.873; MAPE: 12.954, 13.589; Q10: 5.641, 5.634; Q50: 11.407, 11.565; Q90: 5.395, 5.517;
epoch 7 time used: 39  seconds  train loss: 14.453 val loss: 6.931485 test loss: 6.950879
Quantile cl loss is [0.06000000000000001, 0.5, 0.94]
Epoch 8: 
| 3  Horizon | RMSE: 30.561, 30.127; MAE: 19.359, 19.149; MAPE: 11.274, 11.440; Q10: 4.755, 4.666; Q50: 9.812, 9.693; Q90: 4.575, 4.562;
| 6  Horizon | RMSE: 32.157, 31.971; MAE: 20.500, 20.448; MAPE: 12.214, 12.575; Q10: 4.978, 4.917; Q50: 10.376, 10.332; Q90: 4.957, 4.988;
| 12 Horizon | RMSE: 35.209, 35.534; MAE: 22.823, 23.111; MAPE: 13.806, 14.669; Q10: 5.364, 5.375; Q50: 11.546, 11.668; Q90: 5.513, 5.613;
epoch 8 time used: 39  seconds  train loss: 15.643 val loss: 6.765232 test loss: 6.749322
Quantile cl loss is [0.07, 0.5, 0.9299999999999999]
Quantile cl loss is [0.08, 0.5, 0.92]
Epoch 9: 
| 3  Horizon | RMSE: 31.072, 30.460; MAE: 19.604, 19.271; MAPE: 11.290, 11.391; Q10: 4.684, 4.585; Q50: 9.943, 9.759; Q90: 4.486, 4.462;
| 6  Horizon | RMSE: 32.485, 32.187; MAE: 20.571, 20.458; MAPE: 11.923, 12.205; Q10: 4.910, 4.849; Q50: 10.421, 10.346; Q90: 4.701, 4.739;
| 12 Horizon | RMSE: 35.320, 35.431; MAE: 22.588, 22.757; MAPE: 12.970, 13.485; Q10: 5.386, 5.384; Q50: 11.454, 11.513; Q90: 5.148, 5.264;
epoch 9 time used: 39  seconds  train loss: 16.603 val loss: 6.715957 test loss: 6.684555
Quantile cl loss is [0.09, 0.5, 0.91]
Epoch 10: 
| 3  Horizon | RMSE: 30.779, 30.563; MAE: 19.619, 19.540; MAPE: 11.093, 11.311; Q10: 4.652, 4.575; Q50: 9.947, 9.892; Q90: 4.430, 4.515;
| 6  Horizon | RMSE: 31.913, 31.971; MAE: 20.301, 20.394; MAPE: 11.495, 11.839; Q10: 4.847, 4.802; Q50: 10.292, 10.321; Q90: 4.575, 4.720;
| 12 Horizon | RMSE: 34.285, 34.815; MAE: 22.170, 22.577; MAPE: 12.836, 13.575; Q10: 5.276, 5.297; Q50: 11.222, 11.404; Q90: 5.056, 5.290;
epoch 10 time used: 39  seconds  train loss: 17.446 val loss: 6.631213 test loss: 6.685098
Quantile cl loss is [0.1, 0.5, 0.9]
Epoch 11: 
| 3  Horizon | RMSE: 30.450, 30.117; MAE: 19.239, 19.117; MAPE: 11.048, 11.240; Q10: 4.578, 4.492; Q50: 9.758, 9.684; Q90: 4.357, 4.419;
| 6  Horizon | RMSE: 31.766, 31.713; MAE: 20.051, 20.086; MAPE: 11.541, 11.859; Q10: 4.812, 4.775; Q50: 10.166, 10.168; Q90: 4.520, 4.629;
| 12 Horizon | RMSE: 34.281, 34.766; MAE: 21.972, 22.297; MAPE: 12.678, 13.196; Q10: 5.271, 5.322; Q50: 11.147, 11.288; Q90: 4.986, 5.160;
epoch 11 time used: 40  seconds  train loss: 18.217 val loss: 6.547955 test loss: 6.584766
Epoch 12: 
| 3  Horizon | RMSE: 30.482, 30.172; MAE: 19.147, 19.040; MAPE: 11.105, 11.299; Q10: 4.576, 4.509; Q50: 9.708, 9.641; Q90: 4.321, 4.371;
| 6  Horizon | RMSE: 31.828, 31.903; MAE: 19.995, 20.123; MAPE: 11.596, 11.955; Q10: 4.792, 4.788; Q50: 10.131, 10.180; Q90: 4.520, 4.638;
| 12 Horizon | RMSE: 34.048, 34.896; MAE: 21.615, 22.185; MAPE: 12.426, 13.075; Q10: 5.214, 5.307; Q50: 10.964, 11.230; Q90: 4.900, 5.147;
epoch 12 time used: 41  seconds  train loss: 18.3 val loss: 6.499967 test loss: 6.566396
Epoch 13: 
| 3  Horizon | RMSE: 30.425, 30.061; MAE: 19.145, 19.004; MAPE: 11.089, 11.255; Q10: 4.571, 4.494; Q50: 9.704, 9.620; Q90: 4.311, 4.355;
| 6  Horizon | RMSE: 31.671, 31.734; MAE: 20.042, 20.172; MAPE: 11.584, 11.912; Q10: 4.806, 4.786; Q50: 10.178, 10.226; Q90: 4.511, 4.659;
| 12 Horizon | RMSE: 33.974, 34.490; MAE: 21.700, 22.064; MAPE: 12.404, 12.875; Q10: 5.217, 5.256; Q50: 11.010, 11.171; Q90: 4.927, 5.147;
epoch 13 time used: 41  seconds  train loss: 18.244 val loss: 6.505259 test loss: 6.553635
Epoch 14: 
| 3  Horizon | RMSE: 30.474, 30.189; MAE: 19.221, 19.125; MAPE: 11.061, 11.255; Q10: 4.586, 4.518; Q50: 9.753, 9.690; Q90: 4.347, 4.409;
| 6  Horizon | RMSE: 31.777, 31.836; MAE: 20.052, 20.165; MAPE: 11.431, 11.758; Q10: 4.810, 4.790; Q50: 10.171, 10.211; Q90: 4.524, 4.653;
| 12 Horizon | RMSE: 34.266, 34.773; MAE: 21.915, 22.232; MAPE: 12.550, 13.011; Q10: 5.252, 5.314; Q50: 11.118, 11.255; Q90: 4.979, 5.155;
epoch 14 time used: 41  seconds  train loss: 18.184 val loss: 6.531884 test loss: 6.580088
Epoch 15: 
| 3  Horizon | RMSE: 30.449, 30.183; MAE: 19.148, 19.079; MAPE: 11.090, 11.315; Q10: 4.593, 4.536; Q50: 9.718, 9.669; Q90: 4.318, 4.389;
| 6  Horizon | RMSE: 31.654, 31.797; MAE: 19.903, 20.080; MAPE: 11.385, 11.749; Q10: 4.772, 4.769; Q50: 10.099, 10.171; Q90: 4.501, 4.668;
| 12 Horizon | RMSE: 33.884, 34.543; MAE: 21.470, 21.897; MAPE: 12.300, 12.873; Q10: 5.176, 5.261; Q50: 10.883, 11.077; Q90: 4.868, 5.106;
epoch 15 time used: 42  seconds  train loss: 18.048 val loss: 6.468113 test loss: 6.539612
Epoch 16: 
| 3  Horizon | RMSE: 30.382, 30.149; MAE: 19.079, 19.031; MAPE: 11.047, 11.281; Q10: 4.572, 4.514; Q50: 9.674, 9.637; Q90: 4.293, 4.373;
| 6  Horizon | RMSE: 31.611, 31.776; MAE: 19.871, 20.086; MAPE: 11.519, 11.936; Q10: 4.775, 4.781; Q50: 10.068, 10.161; Q90: 4.472, 4.639;
| 12 Horizon | RMSE: 33.732, 34.668; MAE: 21.488, 22.146; MAPE: 12.334, 13.070; Q10: 5.187, 5.289; Q50: 10.895, 11.206; Q90: 4.843, 5.154;
epoch 16 time used: 42  seconds  train loss: 18.025 val loss: 6.45741 test loss: 6.555386
Epoch 17: 
| 3  Horizon | RMSE: 30.511, 30.247; MAE: 19.148, 19.072; MAPE: 11.078, 11.280; Q10: 4.590, 4.542; Q50: 9.715, 9.662; Q90: 4.305, 4.357;
| 6  Horizon | RMSE: 31.740, 31.890; MAE: 19.949, 20.133; MAPE: 11.522, 11.912; Q10: 4.807, 4.815; Q50: 10.105, 10.181; Q90: 4.478, 4.625;
| 12 Horizon | RMSE: 33.923, 34.749; MAE: 21.583, 22.148; MAPE: 12.468, 13.167; Q10: 5.230, 5.325; Q50: 10.932, 11.196; Q90: 4.858, 5.126;
epoch 17 time used: 42  seconds  train loss: 17.985 val loss: 6.487248 test loss: 6.570729
Epoch 18: 
| 3  Horizon | RMSE: 30.477, 30.292; MAE: 19.119, 19.110; MAPE: 10.973, 11.244; Q10: 4.580, 4.552; Q50: 9.692, 9.673; Q90: 4.299, 4.361;
| 6  Horizon | RMSE: 31.671, 31.887; MAE: 19.819, 20.068; MAPE: 11.403, 11.859; Q10: 4.774, 4.814; Q50: 10.040, 10.149; Q90: 4.467, 4.626;
| 12 Horizon | RMSE: 33.711, 34.725; MAE: 21.349, 22.071; MAPE: 12.167, 12.959; Q10: 5.190, 5.318; Q50: 10.821, 11.164; Q90: 4.814, 5.105;
epoch 18 time used: 42  seconds  train loss: 17.953 val loss: 6.445278 test loss: 6.55664
Epoch 19: 
| 3  Horizon | RMSE: 30.414, 30.256; MAE: 19.056, 19.090; MAPE: 10.948, 11.192; Q10: 4.564, 4.532; Q50: 9.661, 9.666; Q90: 4.300, 4.395;
| 6  Horizon | RMSE: 31.623, 31.853; MAE: 19.775, 20.064; MAPE: 11.473, 11.871; Q10: 4.769, 4.798; Q50: 10.015, 10.147; Q90: 4.453, 4.634;
| 12 Horizon | RMSE: 33.871, 34.758; MAE: 21.481, 22.083; MAPE: 12.374, 12.902; Q10: 5.166, 5.284; Q50: 10.905, 11.186; Q90: 4.864, 5.168;
epoch 19 time used: 42  seconds  train loss: 17.927 val loss: 6.454451 test loss: 6.578773
Epoch 20: 
| 3  Horizon | RMSE: 30.461, 30.305; MAE: 19.182, 19.193; MAPE: 11.101, 11.365; Q10: 4.594, 4.563; Q50: 9.730, 9.721; Q90: 4.316, 4.388;
| 6  Horizon | RMSE: 31.635, 31.859; MAE: 19.924, 20.159; MAPE: 11.557, 11.952; Q10: 4.807, 4.825; Q50: 10.111, 10.211; Q90: 4.484, 4.646;
| 12 Horizon | RMSE: 33.812, 34.604; MAE: 21.614, 22.124; MAPE: 12.566, 13.128; Q10: 5.233, 5.330; Q50: 10.970, 11.203; Q90: 4.875, 5.124;
epoch 20 time used: 42  seconds  train loss: 17.837 val loss: 6.494588 test loss: 6.589331
Epoch 21: 
| 3  Horizon | RMSE: 30.479, 30.206; MAE: 19.097, 19.009; MAPE: 11.197, 11.401; Q10: 4.587, 4.541; Q50: 9.694, 9.635; Q90: 4.288, 4.335;
| 6  Horizon | RMSE: 31.574, 31.720; MAE: 19.779, 19.950; MAPE: 11.452, 11.811; Q10: 4.784, 4.790; Q50: 10.038, 10.106; Q90: 4.452, 4.603;
| 12 Horizon | RMSE: 33.732, 34.442; MAE: 21.420, 21.871; MAPE: 12.445, 12.974; Q10: 5.201, 5.290; Q50: 10.874, 11.076; Q90: 4.820, 5.062;
epoch 21 time used: 42  seconds  train loss: 17.822 val loss: 6.449827 test loss: 6.527269
Epoch 22: 
| 3  Horizon | RMSE: 30.384, 30.145; MAE: 19.029, 18.973; MAPE: 10.951, 11.186; Q10: 4.560, 4.516; Q50: 9.648, 9.604; Q90: 4.277, 4.334;
| 6  Horizon | RMSE: 31.574, 31.727; MAE: 19.770, 19.951; MAPE: 11.374, 11.759; Q10: 4.762, 4.769; Q50: 10.019, 10.093; Q90: 4.452, 4.600;
| 12 Horizon | RMSE: 33.733, 34.459; MAE: 21.457, 21.952; MAPE: 12.613, 13.271; Q10: 5.177, 5.272; Q50: 10.862, 11.091; Q90: 4.843, 5.080;
epoch 22 time used: 42  seconds  train loss: 17.8 val loss: 6.440513 test loss: 6.518476
Epoch 23: 
| 3  Horizon | RMSE: 30.397, 30.196; MAE: 19.029, 19.009; MAPE: 11.055, 11.286; Q10: 4.566, 4.532; Q50: 9.646, 9.622; Q90: 4.277, 4.335;
| 6  Horizon | RMSE: 31.571, 31.774; MAE: 19.722, 19.958; MAPE: 11.366, 11.767; Q10: 4.761, 4.782; Q50: 10.000, 10.104; Q90: 4.436, 4.598;
| 12 Horizon | RMSE: 33.725, 34.515; MAE: 21.373, 21.895; MAPE: 12.389, 12.921; Q10: 5.172, 5.268; Q50: 10.852, 11.092; Q90: 4.817, 5.092;
epoch 23 time used: 42  seconds  train loss: 17.788 val loss: 6.428877 test loss: 6.526951
Epoch 24: 
| 3  Horizon | RMSE: 30.386, 30.150; MAE: 18.983, 18.956; MAPE: 10.941, 11.195; Q10: 4.568, 4.523; Q50: 9.627, 9.599; Q90: 4.267, 4.334;
| 6  Horizon | RMSE: 31.560, 31.772; MAE: 19.738, 19.991; MAPE: 11.310, 11.705; Q10: 4.768, 4.774; Q50: 10.017, 10.126; Q90: 4.442, 4.621;
| 12 Horizon | RMSE: 33.661, 34.434; MAE: 21.265, 21.819; MAPE: 12.170, 12.806; Q10: 5.151, 5.242; Q50: 10.787, 11.043; Q90: 4.798, 5.080;
epoch 24 time used: 42  seconds  train loss: 17.765 val loss: 6.420587 test loss: 6.516487
Epoch 25: 
| 3  Horizon | RMSE: 30.373, 30.163; MAE: 18.990, 18.968; MAPE: 11.019, 11.261; Q10: 4.561, 4.523; Q50: 9.632, 9.606; Q90: 4.270, 4.338;
| 6  Horizon | RMSE: 31.497, 31.709; MAE: 19.699, 19.944; MAPE: 11.330, 11.738; Q10: 4.761, 4.775; Q50: 9.992, 10.099; Q90: 4.433, 4.603;
| 12 Horizon | RMSE: 33.522, 34.364; MAE: 21.238, 21.837; MAPE: 12.172, 12.828; Q10: 5.147, 5.248; Q50: 10.772, 11.052; Q90: 4.793, 5.098;
epoch 25 time used: 42  seconds  train loss: 17.707 val loss: 6.415178 test loss: 6.519316
Epoch 26: 
| 3  Horizon | RMSE: 30.497, 30.257; MAE: 19.066, 19.013; MAPE: 11.091, 11.326; Q10: 4.592, 4.549; Q50: 9.666, 9.624; Q90: 4.285, 4.339;
| 6  Horizon | RMSE: 31.587, 31.801; MAE: 19.759, 19.989; MAPE: 11.393, 11.787; Q10: 4.774, 4.792; Q50: 10.020, 10.118; Q90: 4.448, 4.607;
| 12 Horizon | RMSE: 33.931, 34.702; MAE: 21.620, 22.176; MAPE: 12.873, 13.588; Q10: 5.240, 5.355; Q50: 10.945, 11.205; Q90: 4.833, 5.089;
epoch 26 time used: 42  seconds  train loss: 17.692 val loss: 6.446041 test loss: 6.541089
Epoch 27: 
| 3  Horizon | RMSE: 30.380, 30.222; MAE: 19.014, 19.025; MAPE: 11.000, 11.267; Q10: 4.564, 4.537; Q50: 9.650, 9.641; Q90: 4.283, 4.364;
| 6  Horizon | RMSE: 31.539, 31.799; MAE: 19.774, 20.044; MAPE: 11.322, 11.733; Q10: 4.763, 4.787; Q50: 10.036, 10.155; Q90: 4.453, 4.642;
| 12 Horizon | RMSE: 33.567, 34.307; MAE: 21.291, 21.804; MAPE: 12.112, 12.711; Q10: 5.139, 5.230; Q50: 10.799, 11.035; Q90: 4.821, 5.102;
epoch 27 time used: 42  seconds  train loss: 17.682 val loss: 6.423192 test loss: 6.528016
Epoch 28: 
| 3  Horizon | RMSE: 30.350, 30.238; MAE: 19.022, 19.073; MAPE: 10.918, 11.197; Q10: 4.562, 4.541; Q50: 9.647, 9.659; Q90: 4.288, 4.383;
| 6  Horizon | RMSE: 31.468, 31.759; MAE: 19.701, 20.013; MAPE: 11.273, 11.714; Q10: 4.755, 4.786; Q50: 9.986, 10.127; Q90: 4.444, 4.648;
| 12 Horizon | RMSE: 33.454, 34.337; MAE: 21.205, 21.837; MAPE: 12.143, 12.812; Q10: 5.133, 5.246; Q50: 10.750, 11.048; Q90: 4.785, 5.098;
epoch 28 time used: 42  seconds  train loss: 17.671 val loss: 6.411626 test loss: 6.537075
Epoch 29: 
| 3  Horizon | RMSE: 30.352, 30.111; MAE: 18.962, 18.929; MAPE: 10.997, 11.253; Q10: 4.555, 4.517; Q50: 9.623, 9.591; Q90: 4.267, 4.335;
| 6  Horizon | RMSE: 31.480, 31.663; MAE: 19.695, 19.924; MAPE: 11.397, 11.786; Q10: 4.756, 4.770; Q50: 9.998, 10.096; Q90: 4.447, 4.630;
| 12 Horizon | RMSE: 33.450, 34.255; MAE: 21.155, 21.745; MAPE: 12.156, 12.870; Q10: 5.137, 5.246; Q50: 10.727, 11.003; Q90: 4.770, 5.068;
epoch 29 time used: 42  seconds  train loss: 17.655 val loss: 6.404548 test loss: 6.507881
Epoch 30: 
| 3  Horizon | RMSE: 30.327, 30.169; MAE: 19.002, 19.025; MAPE: 10.938, 11.204; Q10: 4.552, 4.521; Q50: 9.642, 9.638; Q90: 4.279, 4.364;
| 6  Horizon | RMSE: 31.458, 31.639; MAE: 19.644, 19.880; MAPE: 11.305, 11.724; Q10: 4.753, 4.771; Q50: 9.963, 10.064; Q90: 4.421, 4.596;
| 12 Horizon | RMSE: 33.554, 34.268; MAE: 21.243, 21.773; MAPE: 12.270, 12.945; Q10: 5.172, 5.270; Q50: 10.770, 11.015; Q90: 4.780, 5.043;
epoch 30 time used: 41  seconds  train loss: 17.617 val loss: 6.408847 test loss: 6.511172
Epoch 31: 
| 3  Horizon | RMSE: 30.304, 30.102; MAE: 18.942, 18.953; MAPE: 10.954, 11.233; Q10: 4.546, 4.514; Q50: 9.604, 9.594; Q90: 4.263, 4.342;
| 6  Horizon | RMSE: 31.420, 31.640; MAE: 19.644, 19.915; MAPE: 11.254, 11.688; Q10: 4.746, 4.764; Q50: 9.964, 10.083; Q90: 4.429, 4.619;
| 12 Horizon | RMSE: 33.431, 34.219; MAE: 21.186, 21.775; MAPE: 12.195, 12.886; Q10: 5.131, 5.228; Q50: 10.742, 11.017; Q90: 4.777, 5.084;
epoch 31 time used: 41  seconds  train loss: 17.607 val loss: 6.396035 test loss: 6.506248
Epoch 32: 
| 3  Horizon | RMSE: 30.298, 30.125; MAE: 18.948, 18.964; MAPE: 10.895, 11.162; Q10: 4.546, 4.516; Q50: 9.610, 9.604; Q90: 4.271, 4.356;
| 6  Horizon | RMSE: 31.417, 31.642; MAE: 19.638, 19.905; MAPE: 11.287, 11.720; Q10: 4.746, 4.769; Q50: 9.956, 10.074; Q90: 4.421, 4.602;
| 12 Horizon | RMSE: 33.406, 34.256; MAE: 21.156, 21.772; MAPE: 12.119, 12.806; Q10: 5.122, 5.233; Q50: 10.730, 11.018; Q90: 4.788, 5.106;
epoch 32 time used: 42  seconds  train loss: 17.6 val loss: 6.3992 test loss: 6.516642
Epoch 33: 
| 3  Horizon | RMSE: 30.309, 30.177; MAE: 18.991, 19.023; MAPE: 10.868, 11.153; Q10: 4.549, 4.521; Q50: 9.635, 9.635; Q90: 4.285, 4.375;
| 6  Horizon | RMSE: 31.397, 31.662; MAE: 19.657, 19.941; MAPE: 11.182, 11.634; Q10: 4.744, 4.767; Q50: 9.969, 10.095; Q90: 4.442, 4.642;
| 12 Horizon | RMSE: 33.390, 34.216; MAE: 21.175, 21.771; MAPE: 12.063, 12.757; Q10: 5.122, 5.219; Q50: 10.738, 11.016; Q90: 4.787, 5.102;
epoch 33 time used: 42  seconds  train loss: 17.594 val loss: 6.404096 test loss: 6.522286
Epoch 34: 
| 3  Horizon | RMSE: 30.283, 30.099; MAE: 18.947, 18.955; MAPE: 10.952, 11.221; Q10: 4.550, 4.519; Q50: 9.605, 9.594; Q90: 4.259, 4.339;
| 6  Horizon | RMSE: 31.442, 31.655; MAE: 19.673, 19.932; MAPE: 11.387, 11.823; Q10: 4.766, 4.795; Q50: 9.968, 10.082; Q90: 4.421, 4.601;
| 12 Horizon | RMSE: 33.447, 34.260; MAE: 21.230, 21.833; MAPE: 12.398, 13.119; Q10: 5.156, 5.272; Q50: 10.752, 11.035; Q90: 4.778, 5.077;
epoch 34 time used: 42  seconds  train loss: 17.584 val loss: 6.401613 test loss: 6.515414
Epoch 35: 
| 3  Horizon | RMSE: 30.311, 30.105; MAE: 18.937, 18.930; MAPE: 10.970, 11.240; Q10: 4.554, 4.523; Q50: 9.600, 9.581; Q90: 4.250, 4.323;
| 6  Horizon | RMSE: 31.417, 31.614; MAE: 19.624, 19.870; MAPE: 11.297, 11.725; Q10: 4.748, 4.769; Q50: 9.950, 10.056; Q90: 4.414, 4.591;
| 12 Horizon | RMSE: 33.383, 34.179; MAE: 21.159, 21.724; MAPE: 12.105, 12.723; Q10: 5.118, 5.211; Q50: 10.735, 10.997; Q90: 4.784, 5.092;
epoch 35 time used: 42  seconds  train loss: 17.555 val loss: 6.389123 test loss: 6.494839
Epoch 36: 
| 3  Horizon | RMSE: 30.353, 30.129; MAE: 18.959, 18.944; MAPE: 10.965, 11.240; Q10: 4.554, 4.521; Q50: 9.613, 9.590; Q90: 4.261, 4.327;
| 6  Horizon | RMSE: 31.514, 31.652; MAE: 19.687, 19.898; MAPE: 11.362, 11.793; Q10: 4.764, 4.782; Q50: 9.979, 10.068; Q90: 4.425, 4.585;
| 12 Horizon | RMSE: 33.497, 34.163; MAE: 21.209, 21.708; MAPE: 12.192, 12.836; Q10: 5.151, 5.237; Q50: 10.754, 10.983; Q90: 4.781, 5.060;
epoch 36 time used: 42  seconds  train loss: 17.552 val loss: 6.40426 test loss: 6.497085
Epoch 37: 
| 3  Horizon | RMSE: 30.369, 30.170; MAE: 18.956, 18.961; MAPE: 10.997, 11.286; Q10: 4.563, 4.534; Q50: 9.607, 9.594; Q90: 4.252, 4.323;
| 6  Horizon | RMSE: 31.445, 31.681; MAE: 19.634, 19.919; MAPE: 11.276, 11.733; Q10: 4.764, 4.789; Q50: 9.953, 10.079; Q90: 4.416, 4.603;
| 12 Horizon | RMSE: 33.467, 34.264; MAE: 21.163, 21.764; MAPE: 12.172, 12.883; Q10: 5.148, 5.249; Q50: 10.728, 11.009; Q90: 4.763, 5.061;
epoch 37 time used: 41  seconds  train loss: 17.544 val loss: 6.399069 test loss: 6.508627
Epoch 38: 
| 3  Horizon | RMSE: 30.304, 30.108; MAE: 18.928, 18.930; MAPE: 10.930, 11.203; Q10: 4.550, 4.516; Q50: 9.597, 9.583; Q90: 4.254, 4.332;
| 6  Horizon | RMSE: 31.427, 31.656; MAE: 19.632, 19.897; MAPE: 11.261, 11.697; Q10: 4.747, 4.768; Q50: 9.956, 10.072; Q90: 4.420, 4.597;
| 12 Horizon | RMSE: 33.420, 34.265; MAE: 21.168, 21.784; MAPE: 12.128, 12.837; Q10: 5.131, 5.237; Q50: 10.735, 11.023; Q90: 4.784, 5.108;
epoch 38 time used: 42  seconds  train loss: 17.538 val loss: 6.393712 test loss: 6.50873
Epoch 39: 
| 3  Horizon | RMSE: 30.288, 30.108; MAE: 18.905, 18.920; MAPE: 10.907, 11.188; Q10: 4.548, 4.520; Q50: 9.589, 9.581; Q90: 4.251, 4.330;
| 6  Horizon | RMSE: 31.392, 31.645; MAE: 19.602, 19.891; MAPE: 11.216, 11.674; Q10: 4.743, 4.771; Q50: 9.942, 10.070; Q90: 4.418, 4.608;
| 12 Horizon | RMSE: 33.342, 34.195; MAE: 21.091, 21.710; MAPE: 12.063, 12.766; Q10: 5.113, 5.224; Q50: 10.697, 10.987; Q90: 4.767, 5.085;
epoch 39 time used: 42  seconds  train loss: 17.533 val loss: 6.38347 test loss: 6.503328
Epoch 40: 
| 3  Horizon | RMSE: 30.294, 30.121; MAE: 18.917, 18.937; MAPE: 10.903, 11.186; Q10: 4.550, 4.521; Q50: 9.593, 9.588; Q90: 4.251, 4.330;
| 6  Horizon | RMSE: 31.418, 31.694; MAE: 19.655, 19.955; MAPE: 11.257, 11.680; Q10: 4.752, 4.775; Q50: 9.974, 10.107; Q90: 4.428, 4.628;
| 12 Horizon | RMSE: 33.434, 34.258; MAE: 21.197, 21.799; MAPE: 12.138, 12.800; Q10: 5.148, 5.245; Q50: 10.751, 11.032; Q90: 4.782, 5.101;
epoch 40 time used: 42  seconds  train loss: 17.513 val loss: 6.394676 test loss: 6.511371
Epoch 41: 
| 3  Horizon | RMSE: 30.299, 30.134; MAE: 18.905, 18.914; MAPE: 10.909, 11.181; Q10: 4.545, 4.521; Q50: 9.590, 9.579; Q90: 4.247, 4.314;
| 6  Horizon | RMSE: 31.424, 31.681; MAE: 19.609, 19.879; MAPE: 11.241, 11.667; Q10: 4.744, 4.776; Q50: 9.946, 10.064; Q90: 4.411, 4.590;
| 12 Horizon | RMSE: 33.386, 34.256; MAE: 21.129, 21.751; MAPE: 12.070, 12.750; Q10: 5.121, 5.230; Q50: 10.715, 11.006; Q90: 4.771, 5.083;
epoch 41 time used: 42  seconds  train loss: 17.508 val loss: 6.383491 test loss: 6.498462
Epoch 42: 
| 3  Horizon | RMSE: 30.295, 30.129; MAE: 18.920, 18.935; MAPE: 10.912, 11.194; Q10: 4.547, 4.522; Q50: 9.596, 9.588; Q90: 4.253, 4.329;
| 6  Horizon | RMSE: 31.411, 31.663; MAE: 19.622, 19.897; MAPE: 11.254, 11.697; Q10: 4.750, 4.777; Q50: 9.952, 10.073; Q90: 4.420, 4.606;
| 12 Horizon | RMSE: 33.403, 34.223; MAE: 21.155, 21.750; MAPE: 12.157, 12.857; Q10: 5.137, 5.245; Q50: 10.728, 11.006; Q90: 4.774, 5.084;
epoch 42 time used: 41  seconds  train loss: 17.505 val loss: 6.390924 test loss: 6.506483
Epoch 43: 
| 3  Horizon | RMSE: 30.268, 30.108; MAE: 18.905, 18.917; MAPE: 10.906, 11.181; Q10: 4.546, 4.519; Q50: 9.591, 9.582; Q90: 4.255, 4.335;
| 6  Horizon | RMSE: 31.397, 31.646; MAE: 19.608, 19.871; MAPE: 11.264, 11.700; Q10: 4.751, 4.779; Q50: 9.946, 10.061; Q90: 4.412, 4.593;
| 12 Horizon | RMSE: 33.352, 34.225; MAE: 21.132, 21.747; MAPE: 12.094, 12.763; Q10: 5.119, 5.229; Q50: 10.721, 11.009; Q90: 4.775, 5.092;
epoch 43 time used: 41  seconds  train loss: 17.502 val loss: 6.385967 test loss: 6.502483
Epoch 44: 
| 3  Horizon | RMSE: 30.272, 30.108; MAE: 18.915, 18.938; MAPE: 10.897, 11.170; Q10: 4.543, 4.515; Q50: 9.598, 9.595; Q90: 4.257, 4.342;
| 6  Horizon | RMSE: 31.389, 31.624; MAE: 19.598, 19.866; MAPE: 11.230, 11.650; Q10: 4.743, 4.765; Q50: 9.943, 10.061; Q90: 4.421, 4.617;
| 12 Horizon | RMSE: 33.381, 34.148; MAE: 21.140, 21.695; MAPE: 12.084, 12.725; Q10: 5.125, 5.216; Q50: 10.723, 10.980; Q90: 4.771, 5.077;
epoch 44 time used: 42  seconds  train loss: 17.498 val loss: 6.385747 test loss: 6.497828
Epoch 45: 
| 3  Horizon | RMSE: 30.300, 30.091; MAE: 18.901, 18.890; MAPE: 10.906, 11.177; Q10: 4.543, 4.514; Q50: 9.585, 9.564; Q90: 4.247, 4.313;
| 6  Horizon | RMSE: 31.385, 31.596; MAE: 19.604, 19.853; MAPE: 11.213, 11.643; Q10: 4.747, 4.768; Q50: 9.941, 10.050; Q90: 4.414, 4.593;
| 12 Horizon | RMSE: 33.408, 34.109; MAE: 21.147, 21.664; MAPE: 12.102, 12.741; Q10: 5.136, 5.221; Q50: 10.725, 10.962; Q90: 4.769, 5.054;
epoch 45 time used: 41  seconds  train loss: 17.484 val loss: 6.384676 test loss: 6.483453
Epoch 46: 
| 3  Horizon | RMSE: 30.257, 30.100; MAE: 18.896, 18.920; MAPE: 10.897, 11.179; Q10: 4.541, 4.517; Q50: 9.586, 9.583; Q90: 4.252, 4.334;
| 6  Horizon | RMSE: 31.376, 31.621; MAE: 19.587, 19.859; MAPE: 11.235, 11.669; Q10: 4.744, 4.773; Q50: 9.936, 10.055; Q90: 4.414, 4.605;
| 12 Horizon | RMSE: 33.352, 34.167; MAE: 21.111, 21.697; MAPE: 12.079, 12.732; Q10: 5.119, 5.221; Q50: 10.710, 10.982; Q90: 4.772, 5.086;
epoch 46 time used: 42  seconds  train loss: 17.479 val loss: 6.3807 test loss: 6.496934
Epoch 47: 
| 3  Horizon | RMSE: 30.268, 30.121; MAE: 18.895, 18.927; MAPE: 10.901, 11.193; Q10: 4.544, 4.521; Q50: 9.583, 9.584; Q90: 4.250, 4.336;
| 6  Horizon | RMSE: 31.378, 31.651; MAE: 19.590, 19.884; MAPE: 11.224, 11.680; Q10: 4.745, 4.776; Q50: 9.935, 10.066; Q90: 4.414, 4.613;
| 12 Horizon | RMSE: 33.381, 34.199; MAE: 21.126, 21.722; MAPE: 12.105, 12.797; Q10: 5.132, 5.240; Q50: 10.714, 10.991; Q90: 4.771, 5.093;
epoch 47 time used: 41  seconds  train loss: 17.478 val loss: 6.383229 test loss: 6.504919
Epoch 48: 
| 3  Horizon | RMSE: 30.252, 30.084; MAE: 18.889, 18.906; MAPE: 10.880, 11.160; Q10: 4.540, 4.513; Q50: 9.580, 9.573; Q90: 4.248, 4.328;
| 6  Horizon | RMSE: 31.358, 31.598; MAE: 19.579, 19.850; MAPE: 11.211, 11.656; Q10: 4.741, 4.767; Q50: 9.928, 10.046; Q90: 4.407, 4.593;
| 12 Horizon | RMSE: 33.351, 34.122; MAE: 21.104, 21.673; MAPE: 12.105, 12.791; Q10: 5.134, 5.236; Q50: 10.700, 10.964; Q90: 4.758, 5.056;
epoch 48 time used: 41  seconds  train loss: 17.474 val loss: 6.377752 test loss: 6.488298
Epoch 49: 
| 3  Horizon | RMSE: 30.304, 30.116; MAE: 18.900, 18.905; MAPE: 10.925, 11.205; Q10: 4.549, 4.522; Q50: 9.587, 9.574; Q90: 4.247, 4.321;
| 6  Horizon | RMSE: 31.381, 31.631; MAE: 19.585, 19.870; MAPE: 11.236, 11.688; Q10: 4.746, 4.774; Q50: 9.935, 10.061; Q90: 4.408, 4.597;
| 12 Horizon | RMSE: 33.324, 34.180; MAE: 21.085, 21.738; MAPE: 12.101, 12.861; Q10: 5.126, 5.242; Q50: 10.691, 10.998; Q90: 4.753, 5.082;
epoch 49 time used: 41  seconds  train loss: 17.472 val loss: 6.379132 test loss: 6.498786
Epoch 50: 
| 3  Horizon | RMSE: 30.244, 30.109; MAE: 18.902, 18.937; MAPE: 10.888, 11.178; Q10: 4.541, 4.518; Q50: 9.587, 9.589; Q90: 4.252, 4.337;
| 6  Horizon | RMSE: 31.361, 31.643; MAE: 19.605, 19.896; MAPE: 11.238, 11.691; Q10: 4.745, 4.778; Q50: 9.942, 10.071; Q90: 4.412, 4.601;
| 12 Horizon | RMSE: 33.339, 34.194; MAE: 21.135, 21.738; MAPE: 12.095, 12.769; Q10: 5.131, 5.237; Q50: 10.720, 11.001; Q90: 4.776, 5.096;
epoch 50 time used: 41  seconds  train loss: 17.463 val loss: 6.384657 test loss: 6.504619
Epoch 51: 
| 3  Horizon | RMSE: 30.261, 30.118; MAE: 18.904, 18.932; MAPE: 10.911, 11.196; Q10: 4.546, 4.524; Q50: 9.588, 9.587; Q90: 4.248, 4.328;
| 6  Horizon | RMSE: 31.358, 31.657; MAE: 19.615, 19.916; MAPE: 11.222, 11.673; Q10: 4.745, 4.777; Q50: 9.949, 10.083; Q90: 4.417, 4.612;
| 12 Horizon | RMSE: 33.367, 34.199; MAE: 21.171, 21.757; MAPE: 12.114, 12.778; Q10: 5.137, 5.238; Q50: 10.738, 11.010; Q90: 4.784, 5.100;
epoch 51 time used: 42  seconds  train loss: 17.461 val loss: 6.388194 test loss: 6.508066
Epoch 52: 
| 3  Horizon | RMSE: 30.250, 30.121; MAE: 18.885, 18.930; MAPE: 10.875, 11.169; Q10: 4.539, 4.520; Q50: 9.578, 9.585; Q90: 4.248, 4.335;
| 6  Horizon | RMSE: 31.351, 31.651; MAE: 19.574, 19.890; MAPE: 11.210, 11.678; Q10: 4.737, 4.774; Q50: 9.925, 10.067; Q90: 4.408, 4.608;
| 12 Horizon | RMSE: 33.328, 34.185; MAE: 21.077, 21.701; MAPE: 12.077, 12.784; Q10: 5.119, 5.234; Q50: 10.688, 10.980; Q90: 4.755, 5.076;
epoch 52 time used: 41  seconds  train loss: 17.458 val loss: 6.374255 test loss: 6.501502
Epoch 53: 
| 3  Horizon | RMSE: 30.253, 30.105; MAE: 18.900, 18.934; MAPE: 10.897, 11.199; Q10: 4.543, 4.520; Q50: 9.582, 9.584; Q90: 4.249, 4.330;
| 6  Horizon | RMSE: 31.359, 31.626; MAE: 19.588, 19.878; MAPE: 11.219, 11.680; Q10: 4.742, 4.775; Q50: 9.932, 10.061; Q90: 4.411, 4.602;
| 12 Horizon | RMSE: 33.341, 34.148; MAE: 21.108, 21.699; MAPE: 12.124, 12.829; Q10: 5.130, 5.235; Q50: 10.702, 10.977; Q90: 4.759, 5.067;
epoch 53 time used: 42  seconds  train loss: 17.457 val loss: 6.379373 test loss: 6.49864
Epoch 54: 
| 3  Horizon | RMSE: 30.269, 30.115; MAE: 18.890, 18.908; MAPE: 10.889, 11.169; Q10: 4.542, 4.521; Q50: 9.583, 9.577; Q90: 4.247, 4.323;
| 6  Horizon | RMSE: 31.385, 31.640; MAE: 19.590, 19.858; MAPE: 11.231, 11.670; Q10: 4.746, 4.779; Q50: 9.936, 10.054; Q90: 4.407, 4.588;
| 12 Horizon | RMSE: 33.357, 34.183; MAE: 21.120, 21.706; MAPE: 12.088, 12.752; Q10: 5.128, 5.237; Q50: 10.714, 10.986; Q90: 4.770, 5.082;
epoch 54 time used: 42  seconds  train loss: 17.456 val loss: 6.380731 test loss: 6.49628
Epoch 55: 
| 3  Horizon | RMSE: 30.257, 30.118; MAE: 18.892, 18.923; MAPE: 10.893, 11.188; Q10: 4.545, 4.524; Q50: 9.582, 9.582; Q90: 4.249, 4.331;
| 6  Horizon | RMSE: 31.369, 31.657; MAE: 19.596, 19.890; MAPE: 11.244, 11.712; Q10: 4.751, 4.789; Q50: 9.936, 10.067; Q90: 4.409, 4.599;
| 12 Horizon | RMSE: 33.341, 34.213; MAE: 21.118, 21.731; MAPE: 12.089, 12.788; Q10: 5.131, 5.244; Q50: 10.710, 10.997; Q90: 4.765, 5.086;
epoch 55 time used: 42  seconds  train loss: 17.447 val loss: 6.381477 test loss: 6.504549
Epoch 56: 
| 3  Horizon | RMSE: 30.253, 30.097; MAE: 18.883, 18.906; MAPE: 10.892, 11.178; Q10: 4.539, 4.516; Q50: 9.577, 9.573; Q90: 4.247, 4.328;
| 6  Horizon | RMSE: 31.346, 31.634; MAE: 19.580, 19.879; MAPE: 11.206, 11.667; Q10: 4.740, 4.773; Q50: 9.930, 10.063; Q90: 4.413, 4.610;
| 12 Horizon | RMSE: 33.334, 34.166; MAE: 21.096, 21.700; MAPE: 12.070, 12.776; Q10: 5.128, 5.237; Q50: 10.698, 10.980; Q90: 4.764, 5.080;
epoch 56 time used: 42  seconds  train loss: 17.447 val loss: 6.377635 test loss: 6.498296
Epoch 57: 
| 3  Horizon | RMSE: 30.249, 30.094; MAE: 18.884, 18.909; MAPE: 10.870, 11.157; Q10: 4.539, 4.515; Q50: 9.579, 9.575; Q90: 4.245, 4.323;
| 6  Horizon | RMSE: 31.360, 31.622; MAE: 19.574, 19.860; MAPE: 11.214, 11.674; Q10: 4.740, 4.772; Q50: 9.927, 10.053; Q90: 4.406, 4.594;
| 12 Horizon | RMSE: 33.309, 34.193; MAE: 21.101, 21.734; MAPE: 12.027, 12.717; Q10: 5.110, 5.216; Q50: 10.704, 11.001; Q90: 4.776, 5.115;
epoch 57 time used: 42  seconds  train loss: 17.446 val loss: 6.376015 test loss: 6.498816
Epoch 58: 
| 3  Horizon | RMSE: 30.257, 30.104; MAE: 18.891, 18.917; MAPE: 10.886, 11.170; Q10: 4.542, 4.518; Q50: 9.582, 9.579; Q90: 4.246, 4.325;
| 6  Horizon | RMSE: 31.365, 31.623; MAE: 19.590, 19.870; MAPE: 11.217, 11.659; Q10: 4.745, 4.774; Q50: 9.936, 10.059; Q90: 4.409, 4.595;
| 12 Horizon | RMSE: 33.362, 34.147; MAE: 21.136, 21.699; MAPE: 12.072, 12.725; Q10: 5.128, 5.223; Q50: 10.721, 10.981; Q90: 4.776, 5.086;
epoch 58 time used: 42  seconds  train loss: 17.443 val loss: 6.382453 test loss: 6.496579
Epoch 59: 
| 3  Horizon | RMSE: 30.247, 30.100; MAE: 18.880, 18.910; MAPE: 10.871, 11.162; Q10: 4.540, 4.517; Q50: 9.576, 9.576; Q90: 4.244, 4.324;
| 6  Horizon | RMSE: 31.361, 31.629; MAE: 19.573, 19.860; MAPE: 11.204, 11.663; Q10: 4.743, 4.774; Q50: 9.926, 10.053; Q90: 4.407, 4.600;
| 12 Horizon | RMSE: 33.350, 34.165; MAE: 21.097, 21.691; MAPE: 12.072, 12.772; Q10: 5.129, 5.233; Q50: 10.699, 10.976; Q90: 4.761, 5.077;
epoch 59 time used: 41  seconds  train loss: 17.442 val loss: 6.376255 test loss: 6.495231
Epoch 60: 
| 3  Horizon | RMSE: 30.254, 30.097; MAE: 18.884, 18.905; MAPE: 10.882, 11.164; Q10: 4.540, 4.517; Q50: 9.579, 9.574; Q90: 4.246, 4.326;
| 6  Horizon | RMSE: 31.358, 31.625; MAE: 19.583, 19.868; MAPE: 11.210, 11.662; Q10: 4.744, 4.775; Q50: 9.931, 10.057; Q90: 4.412, 4.605;
| 12 Horizon | RMSE: 33.341, 34.158; MAE: 21.116, 21.705; MAPE: 12.086, 12.774; Q10: 5.128, 5.233; Q50: 10.707, 10.982; Q90: 4.769, 5.082;
epoch 60 time used: 42  seconds  train loss: 17.437 val loss: 6.378603 test loss: 6.496261
Epoch 61: 
| 3  Horizon | RMSE: 30.248, 30.096; MAE: 18.896, 18.916; MAPE: 10.888, 11.176; Q10: 4.543, 4.518; Q50: 9.585, 9.580; Q90: 4.250, 4.330;
| 6  Horizon | RMSE: 31.361, 31.610; MAE: 19.593, 19.857; MAPE: 11.236, 11.685; Q10: 4.747, 4.775; Q50: 9.937, 10.052; Q90: 4.411, 4.597;
| 12 Horizon | RMSE: 33.337, 34.138; MAE: 21.119, 21.695; MAPE: 12.100, 12.797; Q10: 5.139, 5.242; Q50: 10.711, 10.979; Q90: 4.762, 5.071;
epoch 61 time used: 42  seconds  train loss: 17.436 val loss: 6.382971 test loss: 6.496661
Epoch 62: 
| 3  Horizon | RMSE: 30.250, 30.096; MAE: 18.874, 18.900; MAPE: 10.871, 11.160; Q10: 4.538, 4.516; Q50: 9.573, 9.570; Q90: 4.241, 4.319;
| 6  Horizon | RMSE: 31.349, 31.634; MAE: 19.569, 19.869; MAPE: 11.190, 11.647; Q10: 4.737, 4.772; Q50: 9.925, 10.058; Q90: 4.410, 4.606;
| 12 Horizon | RMSE: 33.328, 34.175; MAE: 21.093, 21.702; MAPE: 12.044, 12.730; Q10: 5.114, 5.222; Q50: 10.698, 10.982; Q90: 4.768, 5.093;
epoch 62 time used: 42  seconds  train loss: 17.436 val loss: 6.373269 test loss: 6.494836
Epoch 63: 
| 3  Horizon | RMSE: 30.246, 30.104; MAE: 18.889, 18.922; MAPE: 10.893, 11.192; Q10: 4.540, 4.520; Q50: 9.578, 9.579; Q90: 4.245, 4.326;
| 6  Horizon | RMSE: 31.342, 31.641; MAE: 19.586, 19.887; MAPE: 11.202, 11.656; Q10: 4.738, 4.771; Q50: 9.934, 10.068; Q90: 4.410, 4.604;
| 12 Horizon | RMSE: 33.330, 34.166; MAE: 21.112, 21.703; MAPE: 12.072, 12.752; Q10: 5.122, 5.224; Q50: 10.707, 10.982; Q90: 4.767, 5.082;
epoch 63 time used: 42  seconds  train loss: 17.435 val loss: 6.378122 test loss: 6.497972
Epoch 64: 
| 3  Horizon | RMSE: 30.246, 30.096; MAE: 18.893, 18.916; MAPE: 10.889, 11.172; Q10: 4.543, 4.520; Q50: 9.584, 9.580; Q90: 4.246, 4.326;
| 6  Horizon | RMSE: 31.350, 31.619; MAE: 19.588, 19.869; MAPE: 11.217, 11.659; Q10: 4.746, 4.776; Q50: 9.936, 10.060; Q90: 4.410, 4.600;
| 12 Horizon | RMSE: 33.334, 34.152; MAE: 21.124, 21.701; MAPE: 12.068, 12.727; Q10: 5.128, 5.226; Q50: 10.716, 10.984; Q90: 4.773, 5.090;
epoch 64 time used: 42  seconds  train loss: 17.434 val loss: 6.381742 test loss: 6.498358
Epoch 65: 
| 3  Horizon | RMSE: 30.254, 30.113; MAE: 18.888, 18.917; MAPE: 10.878, 11.163; Q10: 4.541, 4.519; Q50: 9.582, 9.581; Q90: 4.248, 4.329;
| 6  Horizon | RMSE: 31.371, 31.645; MAE: 19.585, 19.868; MAPE: 11.220, 11.667; Q10: 4.745, 4.779; Q50: 9.933, 10.058; Q90: 4.409, 4.600;
| 12 Horizon | RMSE: 33.365, 34.191; MAE: 21.122, 21.706; MAPE: 12.073, 12.741; Q10: 5.131, 5.234; Q50: 10.713, 10.985; Q90: 4.773, 5.089;
epoch 65 time used: 42  seconds  train loss: 17.43 val loss: 6.380501 test loss: 6.499237
Epoch 66: 
| 3  Horizon | RMSE: 30.254, 30.093; MAE: 18.879, 18.895; MAPE: 10.884, 11.165; Q10: 4.541, 4.517; Q50: 9.577, 9.570; Q90: 4.244, 4.320;
| 6  Horizon | RMSE: 31.357, 31.616; MAE: 19.573, 19.849; MAPE: 11.209, 11.654; Q10: 4.742, 4.773; Q50: 9.928, 10.049; Q90: 4.407, 4.596;
| 12 Horizon | RMSE: 33.330, 34.153; MAE: 21.100, 21.686; MAPE: 12.060, 12.734; Q10: 5.128, 5.232; Q50: 10.702, 10.975; Q90: 4.763, 5.078;
epoch 66 time used: 42  seconds  train loss: 17.43 val loss: 6.376708 test loss: 6.492921
Epoch 67: 
| 3  Horizon | RMSE: 30.246, 30.110; MAE: 18.880, 18.913; MAPE: 10.886, 11.179; Q10: 4.541, 4.521; Q50: 9.576, 9.577; Q90: 4.244, 4.325;
| 6  Horizon | RMSE: 31.360, 31.642; MAE: 19.578, 19.873; MAPE: 11.236, 11.704; Q10: 4.747, 4.784; Q50: 9.928, 10.058; Q90: 4.406, 4.599;
| 12 Horizon | RMSE: 33.324, 34.183; MAE: 21.101, 21.722; MAPE: 12.095, 12.815; Q10: 5.131, 5.244; Q50: 10.699, 10.990; Q90: 4.759, 5.080;
epoch 67 time used: 41  seconds  train loss: 17.43 val loss: 6.37656 test loss: 6.499932
Epoch 68: 
| 3  Horizon | RMSE: 30.256, 30.100; MAE: 18.888, 18.906; MAPE: 10.892, 11.173; Q10: 4.542, 4.519; Q50: 9.581, 9.575; Q90: 4.246, 4.322;
| 6  Horizon | RMSE: 31.357, 31.628; MAE: 19.590, 19.870; MAPE: 11.219, 11.662; Q10: 4.744, 4.775; Q50: 9.937, 10.060; Q90: 4.412, 4.603;
| 12 Horizon | RMSE: 33.347, 34.172; MAE: 21.134, 21.711; MAPE: 12.081, 12.723; Q10: 5.126, 5.226; Q50: 10.722, 10.990; Q90: 4.779, 5.097;
epoch 68 time used: 42  seconds  train loss: 17.428 val loss: 6.382041 test loss: 6.498398
Epoch 69: 
| 3  Horizon | RMSE: 30.251, 30.115; MAE: 18.883, 18.919; MAPE: 10.888, 11.183; Q10: 4.540, 4.522; Q50: 9.578, 9.581; Q90: 4.245, 4.327;
| 6  Horizon | RMSE: 31.348, 31.651; MAE: 19.575, 19.886; MAPE: 11.213, 11.678; Q10: 4.739, 4.777; Q50: 9.929, 10.067; Q90: 4.410, 4.609;
| 12 Horizon | RMSE: 33.330, 34.194; MAE: 21.097, 21.728; MAPE: 12.109, 12.843; Q10: 5.127, 5.244; Q50: 10.697, 10.993; Q90: 4.757, 5.081;
epoch 69 time used: 42  seconds  train loss: 17.428 val loss: 6.376608 test loss: 6.503557
Epoch 70: 
| 3  Horizon | RMSE: 30.254, 30.104; MAE: 18.877, 18.903; MAPE: 10.882, 11.171; Q10: 4.541, 4.519; Q50: 9.575, 9.573; Q90: 4.242, 4.320;
| 6  Horizon | RMSE: 31.351, 31.633; MAE: 19.572, 19.866; MAPE: 11.207, 11.661; Q10: 4.741, 4.776; Q50: 9.927, 10.058; Q90: 4.407, 4.601;
| 12 Horizon | RMSE: 33.329, 34.166; MAE: 21.099, 21.708; MAPE: 12.080, 12.785; Q10: 5.123, 5.232; Q50: 10.699, 10.984; Q90: 4.762, 5.082;
epoch 70 time used: 41  seconds  train loss: 17.426 val loss: 6.375199 test loss: 6.496419
Epoch 71: 
| 3  Horizon | RMSE: 30.241, 30.106; MAE: 18.885, 18.917; MAPE: 10.874, 11.162; Q10: 4.539, 4.519; Q50: 9.580, 9.580; Q90: 4.246, 4.328;
| 6  Horizon | RMSE: 31.347, 31.624; MAE: 19.577, 19.864; MAPE: 11.213, 11.669; Q10: 4.740, 4.774; Q50: 9.928, 10.055; Q90: 4.410, 4.602;
| 12 Horizon | RMSE: 33.315, 34.150; MAE: 21.099, 21.696; MAPE: 12.065, 12.754; Q10: 5.119, 5.227; Q50: 10.700, 10.979; Q90: 4.766, 5.085;
epoch 71 time used: 41  seconds  train loss: 17.426 val loss: 6.376189 test loss: 6.497092
Epoch 72: 
| 3  Horizon | RMSE: 30.245, 30.098; MAE: 18.875, 18.900; MAPE: 10.886, 11.173; Q10: 4.540, 4.519; Q50: 9.574, 9.571; Q90: 4.242, 4.320;
| 6  Horizon | RMSE: 31.337, 31.626; MAE: 19.571, 19.867; MAPE: 11.205, 11.663; Q10: 4.740, 4.775; Q50: 9.925, 10.057; Q90: 4.407, 4.601;
| 12 Horizon | RMSE: 33.312, 34.159; MAE: 21.089, 21.694; MAPE: 12.046, 12.731; Q10: 5.116, 5.223; Q50: 10.697, 10.979; Q90: 4.767, 5.088;
Early stopping at epoch: 72
Model  stgcn17  Best Results:
Epoch 62: 
=        =        Horizon  3        =        =        =        =        Horizon  6        =        =        =        =        Horizon  12       =        =       
RMSE     MAE      MAPE     Q10      Q50      Q90      RMSE     MAE      MAPE     Q10      Q50      Q90      RMSE     MAE      MAPE     Q10      Q50      Q90     
30.096   18.900   11.160   4.516    9.570    4.319    31.634   19.869   11.647   4.772    10.058   4.606    34.175   21.702   12.730   5.222    10.982   5.093   
Model Training Ended ... Sun Oct 15 18:26:48 2023
