nohup: ignoring input
pdate shape is:  (16992,)
./save/pems04_stgcn17_in12_out12_addtimeFalse_adjTrue_lr0.001_hc32_train0.7_val0.1_test0.2_seed233_lossquantile_versionstq18_s300slen30q1000_note: training started Sun Oct 15 17:35:58 2023
pdate shape is:  (16992,)
data load........
initial data shape is:  (16992, 307, 3)
train_mean shape : (307,)
train  :  (11873, 24, 307, 3)
val  :  (1697, 24, 307, 3)
test  :  (3388, 24, 307, 3)
Model Training Started ... Sun Oct 15 17:36:00 2023
TIMESTEP_IN, TIMESTEP_OUT 12 12
LOSS is : quantile
qcl init quantile loss is [0.010000000000000009, 0.5, 0.99]
Spatial CL target length = 1
Spatial CL target length = 2
Epoch 0: 
| 3  Horizon | RMSE: 37.776, 36.634; MAE: 25.149, 24.532; MAPE: 14.919, 15.050; Q10: 5.874, 5.713; Q50: 12.734, 12.395; Q90: 6.045, 5.861;
| 6  Horizon | RMSE: 41.943, 40.614; MAE: 27.814, 27.077; MAPE: 15.702, 15.796; Q10: 6.290, 6.134; Q50: 14.089, 13.687; Q90: 6.993, 6.754;
| 12 Horizon | RMSE: 54.147, 51.730; MAE: 36.191, 34.981; MAPE: 20.673, 20.617; Q10: 7.710, 7.496; Q50: 18.339, 17.694; Q90: 10.199, 9.471;
epoch 0 time used: 43  seconds  train loss: 26.006 val loss: 9.575028 test loss: 9.250397
Spatial CL target length = 3
Spatial CL target length = 4
Spatial CL target length = 5
Spatial CL target length = 6
Spatial CL target length = 7
Epoch 1: 
| 3  Horizon | RMSE: 32.863, 32.004; MAE: 21.716, 21.208; MAPE: 14.319, 14.219; Q10: 5.035, 4.886; Q50: 11.006, 10.737; Q90: 4.922, 4.839;
| 6  Horizon | RMSE: 35.003, 34.279; MAE: 23.034, 22.651; MAPE: 14.294, 14.326; Q10: 5.392, 5.268; Q50: 11.677, 11.469; Q90: 5.289, 5.272;
| 12 Horizon | RMSE: 39.563, 39.252; MAE: 26.359, 26.350; MAPE: 15.916, 16.506; Q10: 6.086, 5.994; Q50: 13.341, 13.319; Q90: 6.160, 6.227;
epoch 1 time used: 40  seconds  train loss: 23.405 val loss: 7.55523 test loss: 7.446047
Spatial CL target length = 8
Spatial CL target length = 9
Spatial CL target length = 10
Spatial CL target length = 11
Spatial CL target length = 12
Epoch 2: 
| 3  Horizon | RMSE: 32.660, 31.829; MAE: 20.915, 20.498; MAPE: 12.452, 12.450; Q10: 4.934, 4.791; Q50: 10.605, 10.378; Q90: 4.818, 4.753;
| 6  Horizon | RMSE: 34.507, 33.921; MAE: 22.243, 21.999; MAPE: 13.278, 13.368; Q10: 5.131, 5.052; Q50: 11.279, 11.138; Q90: 5.212, 5.176;
| 12 Horizon | RMSE: 37.274, 37.402; MAE: 24.400, 24.630; MAPE: 14.488, 14.845; Q10: 5.709, 5.692; Q50: 12.374, 12.469; Q90: 5.613, 5.726;
epoch 2 time used: 40  seconds  train loss: 20.94 val loss: 7.219438 test loss: 7.150806
Spatial CL target length = 13
Spatial CL target length = 14
Spatial CL target length = 15
Spatial CL target length = 16
Spatial CL target length = 17
Epoch 3: 
| 3  Horizon | RMSE: 31.681, 30.966; MAE: 20.053, 19.788; MAPE: 11.635, 11.706; Q10: 4.772, 4.645; Q50: 10.174, 10.026; Q90: 4.558, 4.543;
| 6  Horizon | RMSE: 33.301, 32.829; MAE: 21.218, 21.155; MAPE: 12.397, 12.591; Q10: 5.051, 4.959; Q50: 10.771, 10.724; Q90: 4.876, 4.955;
| 12 Horizon | RMSE: 36.531, 36.671; MAE: 23.737, 24.092; MAPE: 13.733, 14.170; Q10: 5.586, 5.575; Q50: 12.045, 12.203; Q90: 5.463, 5.642;
epoch 3 time used: 42  seconds  train loss: 20.144 val loss: 6.937812 test loss: 6.924017
Spatial CL target length = 18
Spatial CL target length = 19
Spatial CL target length = 20
Spatial CL target length = 21
Spatial CL target length = 22
Epoch 4: 
| 3  Horizon | RMSE: 31.233, 30.717; MAE: 19.833, 19.637; MAPE: 11.548, 11.645; Q10: 4.715, 4.591; Q50: 10.060, 9.945; Q90: 4.498, 4.518;
| 6  Horizon | RMSE: 32.791, 32.591; MAE: 20.919, 20.957; MAPE: 12.188, 12.446; Q10: 4.958, 4.898; Q50: 10.612, 10.614; Q90: 4.774, 4.877;
| 12 Horizon | RMSE: 35.455, 36.208; MAE: 22.960, 23.625; MAPE: 13.426, 14.287; Q10: 5.426, 5.522; Q50: 11.637, 11.951; Q90: 5.259, 5.528;
epoch 4 time used: 39  seconds  train loss: 19.693 val loss: 6.810471 test loss: 6.851463
Spatial CL target length = 23
Spatial CL target length = 24
Spatial CL target length = 25
Spatial CL target length = 26
Spatial CL target length = 27
Epoch 5: 
| 3  Horizon | RMSE: 30.950, 30.528; MAE: 19.587, 19.420; MAPE: 11.335, 11.386; Q10: 4.678, 4.560; Q50: 9.940, 9.839; Q90: 4.431, 4.455;
| 6  Horizon | RMSE: 32.529, 32.327; MAE: 20.760, 20.726; MAPE: 12.310, 12.366; Q10: 4.921, 4.834; Q50: 10.547, 10.511; Q90: 4.738, 4.839;
| 12 Horizon | RMSE: 35.251, 35.615; MAE: 22.858, 23.187; MAPE: 13.533, 13.790; Q10: 5.408, 5.396; Q50: 11.611, 11.751; Q90: 5.148, 5.354;
epoch 5 time used: 42  seconds  train loss: 19.218 val loss: 6.733508 test loss: 6.74091
Spatial CL target length = 28
Spatial CL target length = 29
Spatial CL target length = 30
Epoch 6: 
| 3  Horizon | RMSE: 30.972, 30.471; MAE: 19.793, 19.603; MAPE: 12.073, 12.230; Q10: 4.676, 4.583; Q50: 10.004, 9.894; Q90: 4.452, 4.459;
| 6  Horizon | RMSE: 32.391, 32.184; MAE: 20.620, 20.641; MAPE: 12.071, 12.318; Q10: 4.912, 4.847; Q50: 10.440, 10.433; Q90: 4.662, 4.732;
| 12 Horizon | RMSE: 35.329, 35.646; MAE: 22.790, 23.147; MAPE: 13.121, 13.572; Q10: 5.437, 5.429; Q50: 11.563, 11.722; Q90: 5.180, 5.368;
epoch 6 time used: 43  seconds  train loss: 19.046 val loss: 6.736146 test loss: 6.745866
Quantile cl loss is [0.009999999999999995, 0.5, 0.99]
Quantile cl loss is [0.020000000000000004, 0.5, 0.98]
Epoch 7: 
| 3  Horizon | RMSE: 30.976, 30.860; MAE: 19.793, 19.843; MAPE: 11.311, 11.506; Q10: 6.093, 6.048; Q50: 10.043, 10.054; Q90: 5.229, 5.128;
| 6  Horizon | RMSE: 32.266, 32.371; MAE: 20.553, 20.791; MAPE: 11.709, 12.056; Q10: 6.242, 6.205; Q50: 10.423, 10.528; Q90: 5.623, 5.559;
| 12 Horizon | RMSE: 34.724, 35.308; MAE: 22.352, 22.880; MAPE: 12.891, 13.472; Q10: 6.721, 6.687; Q50: 11.339, 11.584; Q90: 6.143, 6.159;
epoch 7 time used: 40  seconds  train loss: 13.093 val loss: 7.472701 test loss: 7.479035
Quantile cl loss is [0.03, 0.5, 0.97]
Epoch 8: 
| 3  Horizon | RMSE: 30.688, 30.327; MAE: 19.403, 19.287; MAPE: 11.260, 11.360; Q10: 5.228, 5.175; Q50: 9.843, 9.767; Q90: 4.985, 4.916;
| 6  Horizon | RMSE: 32.148, 32.006; MAE: 20.366, 20.433; MAPE: 11.998, 12.257; Q10: 5.520, 5.480; Q50: 10.316, 10.331; Q90: 5.371, 5.323;
| 12 Horizon | RMSE: 34.764, 35.155; MAE: 22.273, 22.706; MAPE: 13.170, 13.778; Q10: 5.941, 5.921; Q50: 11.282, 11.479; Q90: 5.722, 5.788;
epoch 8 time used: 39  seconds  train loss: 12.994 val loss: 7.052715 test loss: 7.041984
Quantile cl loss is [0.04, 0.5, 0.96]
Quantile cl loss is [0.05, 0.5, 0.95]
Epoch 9: 
| 3  Horizon | RMSE: 30.796, 30.338; MAE: 19.461, 19.308; MAPE: 11.309, 11.505; Q10: 4.835, 4.776; Q50: 9.865, 9.767; Q90: 4.758, 4.709;
| 6  Horizon | RMSE: 32.288, 32.097; MAE: 20.514, 20.563; MAPE: 12.096, 12.439; Q10: 5.063, 5.025; Q50: 10.388, 10.392; Q90: 5.018, 5.016;
| 12 Horizon | RMSE: 35.213, 35.313; MAE: 22.587, 22.866; MAPE: 13.253, 13.762; Q10: 5.599, 5.588; Q50: 11.445, 11.561; Q90: 5.419, 5.511;
epoch 9 time used: 40  seconds  train loss: 14.252 val loss: 6.859419 test loss: 6.849934
Quantile cl loss is [0.06000000000000001, 0.5, 0.94]
Epoch 10: 
| 3  Horizon | RMSE: 30.885, 30.857; MAE: 19.684, 19.771; MAPE: 11.205, 11.439; Q10: 4.935, 4.890; Q50: 9.984, 10.010; Q90: 4.454, 4.517;
| 6  Horizon | RMSE: 32.109, 32.257; MAE: 20.373, 20.596; MAPE: 11.602, 11.907; Q10: 5.114, 5.092; Q50: 10.332, 10.427; Q90: 4.618, 4.720;
| 12 Horizon | RMSE: 34.536, 35.185; MAE: 22.249, 22.797; MAPE: 12.783, 13.374; Q10: 5.621, 5.634; Q50: 11.270, 11.526; Q90: 5.016, 5.237;
epoch 10 time used: 41  seconds  train loss: 15.342 val loss: 6.741252 test loss: 6.815691
Quantile cl loss is [0.07, 0.5, 0.9299999999999999]
Quantile cl loss is [0.08, 0.5, 0.92]
Epoch 11: 
| 3  Horizon | RMSE: 30.598, 30.434; MAE: 19.348, 19.357; MAPE: 11.085, 11.223; Q10: 4.650, 4.589; Q50: 9.818, 9.805; Q90: 4.347, 4.397;
| 6  Horizon | RMSE: 31.912, 31.875; MAE: 20.071, 20.194; MAPE: 11.534, 11.792; Q10: 4.833, 4.806; Q50: 10.176, 10.220; Q90: 4.542, 4.638;
| 12 Horizon | RMSE: 34.270, 34.814; MAE: 21.855, 22.328; MAPE: 12.573, 13.031; Q10: 5.280, 5.324; Q50: 11.085, 11.303; Q90: 4.958, 5.147;
epoch 11 time used: 41  seconds  train loss: 16.341 val loss: 6.563789 test loss: 6.620577
Quantile cl loss is [0.09, 0.5, 0.91]
Epoch 12: 
| 3  Horizon | RMSE: 30.455, 30.313; MAE: 19.197, 19.216; MAPE: 11.144, 11.265; Q10: 4.609, 4.564; Q50: 9.742, 9.734; Q90: 4.341, 4.410;
| 6  Horizon | RMSE: 31.778, 31.985; MAE: 19.977, 20.245; MAPE: 11.502, 11.804; Q10: 4.802, 4.807; Q50: 10.131, 10.249; Q90: 4.548, 4.684;
| 12 Horizon | RMSE: 34.161, 35.032; MAE: 21.742, 22.423; MAPE: 12.515, 13.070; Q10: 5.333, 5.404; Q50: 11.037, 11.359; Q90: 4.921, 5.206;
epoch 12 time used: 43  seconds  train loss: 17.346 val loss: 6.527294 test loss: 6.627508
Quantile cl loss is [0.1, 0.5, 0.9]
Epoch 13: 
| 3  Horizon | RMSE: 30.458, 30.204; MAE: 19.175, 19.155; MAPE: 11.129, 11.320; Q10: 4.574, 4.509; Q50: 9.724, 9.697; Q90: 4.326, 4.394;
| 6  Horizon | RMSE: 31.882, 32.096; MAE: 20.161, 20.437; MAPE: 11.637, 11.880; Q10: 4.839, 4.826; Q50: 10.240, 10.361; Q90: 4.554, 4.755;
| 12 Horizon | RMSE: 34.242, 34.846; MAE: 21.819, 22.353; MAPE: 12.531, 12.989; Q10: 5.244, 5.286; Q50: 11.076, 11.323; Q90: 4.988, 5.281;
epoch 13 time used: 42  seconds  train loss: 18.128 val loss: 6.543371 test loss: 6.635555
Epoch 14: 
| 3  Horizon | RMSE: 30.463, 30.311; MAE: 19.207, 19.229; MAPE: 11.082, 11.217; Q10: 4.581, 4.514; Q50: 9.751, 9.744; Q90: 4.360, 4.451;
| 6  Horizon | RMSE: 31.856, 32.014; MAE: 20.066, 20.305; MAPE: 11.464, 11.751; Q10: 4.816, 4.795; Q50: 10.183, 10.287; Q90: 4.538, 4.708;
| 12 Horizon | RMSE: 34.315, 34.888; MAE: 21.890, 22.389; MAPE: 12.572, 13.024; Q10: 5.255, 5.298; Q50: 11.111, 11.342; Q90: 4.987, 5.258;
epoch 14 time used: 42  seconds  train loss: 18.217 val loss: 6.537119 test loss: 6.626209
Epoch 15: 
| 3  Horizon | RMSE: 30.430, 30.333; MAE: 19.239, 19.286; MAPE: 11.197, 11.326; Q10: 4.593, 4.532; Q50: 9.772, 9.779; Q90: 4.363, 4.474;
| 6  Horizon | RMSE: 31.767, 32.062; MAE: 20.044, 20.367; MAPE: 11.499, 11.816; Q10: 4.780, 4.768; Q50: 10.179, 10.326; Q90: 4.550, 4.769;
| 12 Horizon | RMSE: 33.968, 34.633; MAE: 21.534, 22.095; MAPE: 12.350, 12.858; Q10: 5.177, 5.240; Q50: 10.928, 11.192; Q90: 4.919, 5.221;
epoch 15 time used: 42  seconds  train loss: 18.083 val loss: 6.50064 test loss: 6.606617
Epoch 16: 
| 3  Horizon | RMSE: 30.531, 30.358; MAE: 19.218, 19.241; MAPE: 11.121, 11.293; Q10: 4.577, 4.524; Q50: 9.755, 9.750; Q90: 4.349, 4.430;
| 6  Horizon | RMSE: 31.856, 32.056; MAE: 19.979, 20.274; MAPE: 11.472, 11.827; Q10: 4.784, 4.795; Q50: 10.137, 10.270; Q90: 4.522, 4.723;
| 12 Horizon | RMSE: 34.162, 35.110; MAE: 21.761, 22.533; MAPE: 12.550, 13.148; Q10: 5.231, 5.331; Q50: 11.049, 11.420; Q90: 4.925, 5.280;
epoch 16 time used: 43  seconds  train loss: 18.056 val loss: 6.514895 test loss: 6.635496
Epoch 17: 
| 3  Horizon | RMSE: 30.505, 30.380; MAE: 19.199, 19.231; MAPE: 11.156, 11.295; Q10: 4.582, 4.525; Q50: 9.745, 9.744; Q90: 4.339, 4.415;
| 6  Horizon | RMSE: 31.880, 32.091; MAE: 20.036, 20.322; MAPE: 11.613, 11.967; Q10: 4.817, 4.816; Q50: 10.153, 10.281; Q90: 4.513, 4.696;
| 12 Horizon | RMSE: 34.191, 34.934; MAE: 21.732, 22.371; MAPE: 12.661, 13.302; Q10: 5.265, 5.341; Q50: 11.007, 11.312; Q90: 4.907, 5.209;
epoch 17 time used: 41  seconds  train loss: 18.017 val loss: 6.521687 test loss: 6.630341
Epoch 18: 
| 3  Horizon | RMSE: 30.474, 30.315; MAE: 19.181, 19.225; MAPE: 11.028, 11.292; Q10: 4.571, 4.514; Q50: 9.729, 9.734; Q90: 4.331, 4.414;
| 6  Horizon | RMSE: 31.853, 31.981; MAE: 19.952, 20.204; MAPE: 11.436, 11.814; Q10: 4.789, 4.776; Q50: 10.115, 10.226; Q90: 4.521, 4.694;
| 12 Horizon | RMSE: 34.331, 35.027; MAE: 21.749, 22.372; MAPE: 12.338, 12.899; Q10: 5.280, 5.338; Q50: 11.035, 11.330; Q90: 4.943, 5.230;
epoch 18 time used: 41  seconds  train loss: 17.982 val loss: 6.508254 test loss: 6.606446
Epoch 19: 
| 3  Horizon | RMSE: 30.473, 30.466; MAE: 19.117, 19.287; MAPE: 10.995, 11.245; Q10: 4.567, 4.524; Q50: 9.695, 9.763; Q90: 4.325, 4.473;
| 6  Horizon | RMSE: 31.860, 32.150; MAE: 19.914, 20.308; MAPE: 11.615, 12.002; Q10: 4.784, 4.800; Q50: 10.085, 10.267; Q90: 4.500, 4.737;
| 12 Horizon | RMSE: 34.271, 35.152; MAE: 21.626, 22.383; MAPE: 12.372, 12.888; Q10: 5.194, 5.295; Q50: 10.975, 11.338; Q90: 4.936, 5.295;
epoch 19 time used: 41  seconds  train loss: 17.953 val loss: 6.493264 test loss: 6.657602
Epoch 20: 
| 3  Horizon | RMSE: 30.424, 30.516; MAE: 19.166, 19.350; MAPE: 11.078, 11.282; Q10: 4.579, 4.551; Q50: 9.724, 9.799; Q90: 4.323, 4.450;
| 6  Horizon | RMSE: 31.784, 32.220; MAE: 19.958, 20.368; MAPE: 11.555, 11.850; Q10: 4.798, 4.826; Q50: 10.131, 10.320; Q90: 4.514, 4.736;
| 12 Horizon | RMSE: 34.147, 35.086; MAE: 21.735, 22.442; MAPE: 12.661, 13.114; Q10: 5.241, 5.340; Q50: 11.036, 11.372; Q90: 4.925, 5.239;
epoch 20 time used: 41  seconds  train loss: 17.868 val loss: 6.508001 test loss: 6.657087
Epoch 21: 
| 3  Horizon | RMSE: 30.477, 30.267; MAE: 19.134, 19.106; MAPE: 11.242, 11.328; Q10: 4.563, 4.508; Q50: 9.716, 9.684; Q90: 4.320, 4.382;
| 6  Horizon | RMSE: 31.696, 31.936; MAE: 19.817, 20.099; MAPE: 11.461, 11.749; Q10: 4.768, 4.771; Q50: 10.059, 10.184; Q90: 4.486, 4.675;
| 12 Horizon | RMSE: 33.963, 34.651; MAE: 21.451, 22.027; MAPE: 12.418, 12.912; Q10: 5.189, 5.263; Q50: 10.887, 11.157; Q90: 4.859, 5.148;
epoch 21 time used: 41  seconds  train loss: 17.85 val loss: 6.463707 test loss: 6.568322
Epoch 22: 
| 3  Horizon | RMSE: 30.413, 30.452; MAE: 19.139, 19.279; MAPE: 11.044, 11.203; Q10: 4.570, 4.534; Q50: 9.718, 9.771; Q90: 4.312, 4.427;
| 6  Horizon | RMSE: 31.745, 32.127; MAE: 19.880, 20.261; MAPE: 11.391, 11.683; Q10: 4.777, 4.792; Q50: 10.093, 10.268; Q90: 4.523, 4.755;
| 12 Horizon | RMSE: 34.064, 34.893; MAE: 21.526, 22.195; MAPE: 12.230, 12.721; Q10: 5.175, 5.241; Q50: 10.921, 11.239; Q90: 4.912, 5.236;
epoch 22 time used: 41  seconds  train loss: 17.831 val loss: 6.475775 test loss: 6.61311
Epoch 23: 
| 3  Horizon | RMSE: 30.428, 30.358; MAE: 19.060, 19.147; MAPE: 11.046, 11.213; Q10: 4.549, 4.511; Q50: 9.673, 9.699; Q90: 4.306, 4.399;
| 6  Horizon | RMSE: 31.816, 32.133; MAE: 19.820, 20.178; MAPE: 11.424, 11.732; Q10: 4.766, 4.783; Q50: 10.061, 10.224; Q90: 4.489, 4.696;
| 12 Horizon | RMSE: 34.195, 35.009; MAE: 21.556, 22.235; MAPE: 12.579, 13.031; Q10: 5.198, 5.280; Q50: 10.951, 11.273; Q90: 4.920, 5.259;
epoch 23 time used: 41  seconds  train loss: 17.813 val loss: 6.474924 test loss: 6.609364
Epoch 24: 
| 3  Horizon | RMSE: 30.411, 30.310; MAE: 19.071, 19.127; MAPE: 11.039, 11.230; Q10: 4.560, 4.505; Q50: 9.675, 9.685; Q90: 4.303, 4.401;
| 6  Horizon | RMSE: 31.775, 32.043; MAE: 19.850, 20.152; MAPE: 11.423, 11.706; Q10: 4.789, 4.778; Q50: 10.075, 10.210; Q90: 4.493, 4.697;
| 12 Horizon | RMSE: 34.156, 34.746; MAE: 21.516, 22.051; MAPE: 12.376, 12.837; Q10: 5.212, 5.255; Q50: 10.918, 11.167; Q90: 4.898, 5.182;
epoch 24 time used: 41  seconds  train loss: 17.792 val loss: 6.473475 test loss: 6.57602
Epoch 25: 
| 3  Horizon | RMSE: 30.390, 30.469; MAE: 19.076, 19.239; MAPE: 11.072, 11.238; Q10: 4.549, 4.515; Q50: 9.684, 9.748; Q90: 4.318, 4.455;
| 6  Horizon | RMSE: 31.748, 32.203; MAE: 19.853, 20.276; MAPE: 11.424, 11.723; Q10: 4.766, 4.784; Q50: 10.079, 10.275; Q90: 4.495, 4.742;
| 12 Horizon | RMSE: 34.009, 34.882; MAE: 21.446, 22.169; MAPE: 12.243, 12.786; Q10: 5.165, 5.244; Q50: 10.882, 11.227; Q90: 4.892, 5.261;
epoch 25 time used: 41  seconds  train loss: 17.731 val loss: 6.46793 test loss: 6.624794
Epoch 26: 
| 3  Horizon | RMSE: 30.357, 30.368; MAE: 19.046, 19.174; MAPE: 11.062, 11.251; Q10: 4.545, 4.504; Q50: 9.662, 9.708; Q90: 4.303, 4.418;
| 6  Horizon | RMSE: 31.714, 32.115; MAE: 19.821, 20.212; MAPE: 11.394, 11.705; Q10: 4.758, 4.770; Q50: 10.057, 10.236; Q90: 4.491, 4.722;
| 12 Horizon | RMSE: 34.062, 34.696; MAE: 21.487, 22.090; MAPE: 12.594, 13.160; Q10: 5.180, 5.250; Q50: 10.882, 11.168; Q90: 4.876, 5.169;
epoch 26 time used: 41  seconds  train loss: 17.718 val loss: 6.453904 test loss: 6.58809
Epoch 27: 
| 3  Horizon | RMSE: 30.331, 30.425; MAE: 19.040, 19.220; MAPE: 10.952, 11.162; Q10: 4.536, 4.500; Q50: 9.665, 9.738; Q90: 4.318, 4.470;
| 6  Horizon | RMSE: 31.765, 32.277; MAE: 19.900, 20.377; MAPE: 11.306, 11.681; Q10: 4.758, 4.777; Q50: 10.101, 10.325; Q90: 4.517, 4.791;
| 12 Horizon | RMSE: 34.133, 34.960; MAE: 21.577, 22.288; MAPE: 12.237, 12.762; Q10: 5.171, 5.237; Q50: 10.952, 11.290; Q90: 4.953, 5.328;
epoch 27 time used: 41  seconds  train loss: 17.708 val loss: 6.4667 test loss: 6.628797
Epoch 28: 
| 3  Horizon | RMSE: 30.412, 30.584; MAE: 19.143, 19.371; MAPE: 10.934, 11.190; Q10: 4.559, 4.532; Q50: 9.713, 9.811; Q90: 4.332, 4.494;
| 6  Horizon | RMSE: 31.747, 32.247; MAE: 19.879, 20.355; MAPE: 11.280, 11.690; Q10: 4.752, 4.772; Q50: 10.082, 10.305; Q90: 4.520, 4.793;
| 12 Horizon | RMSE: 34.041, 34.877; MAE: 21.506, 22.223; MAPE: 12.162, 12.738; Q10: 5.156, 5.220; Q50: 10.909, 11.251; Q90: 4.920, 5.294;
epoch 28 time used: 41  seconds  train loss: 17.692 val loss: 6.472235 test loss: 6.638494
Epoch 29: 
| 3  Horizon | RMSE: 30.345, 30.353; MAE: 19.023, 19.144; MAPE: 11.020, 11.187; Q10: 4.538, 4.496; Q50: 9.656, 9.699; Q90: 4.308, 4.434;
| 6  Horizon | RMSE: 31.728, 32.108; MAE: 19.843, 20.215; MAPE: 11.448, 11.722; Q10: 4.754, 4.760; Q50: 10.077, 10.246; Q90: 4.529, 4.774;
| 12 Horizon | RMSE: 33.940, 34.669; MAE: 21.358, 22.012; MAPE: 12.174, 12.727; Q10: 5.146, 5.209; Q50: 10.835, 11.146; Q90: 4.874, 5.210;
epoch 29 time used: 41  seconds  train loss: 17.682 val loss: 6.451172 test loss: 6.589815
Epoch 30: 
| 3  Horizon | RMSE: 30.329, 30.415; MAE: 19.053, 19.216; MAPE: 10.983, 11.170; Q10: 4.535, 4.500; Q50: 9.670, 9.734; Q90: 4.311, 4.452;
| 6  Horizon | RMSE: 31.628, 31.961; MAE: 19.713, 20.073; MAPE: 11.339, 11.672; Q10: 4.740, 4.750; Q50: 10.002, 10.165; Q90: 4.473, 4.702;
| 12 Horizon | RMSE: 33.862, 34.526; MAE: 21.269, 21.893; MAPE: 12.247, 12.795; Q10: 5.151, 5.217; Q50: 10.788, 11.082; Q90: 4.839, 5.147;
epoch 30 time used: 41  seconds  train loss: 17.642 val loss: 6.430317 test loss: 6.566998
Epoch 31: 
| 3  Horizon | RMSE: 30.342, 30.423; MAE: 19.031, 19.210; MAPE: 10.940, 11.200; Q10: 4.535, 4.502; Q50: 9.654, 9.726; Q90: 4.313, 4.461;
| 6  Horizon | RMSE: 31.694, 32.136; MAE: 19.792, 20.220; MAPE: 11.285, 11.652; Q10: 4.751, 4.764; Q50: 10.045, 10.243; Q90: 4.498, 4.756;
| 12 Horizon | RMSE: 33.914, 34.647; MAE: 21.335, 22.003; MAPE: 12.180, 12.749; Q10: 5.147, 5.209; Q50: 10.823, 11.140; Q90: 4.874, 5.217;
epoch 31 time used: 41  seconds  train loss: 17.632 val loss: 6.441067 test loss: 6.590308
Epoch 32: 
| 3  Horizon | RMSE: 30.380, 30.488; MAE: 19.076, 19.282; MAPE: 10.931, 11.188; Q10: 4.540, 4.509; Q50: 9.678, 9.764; Q90: 4.335, 4.491;
| 6  Horizon | RMSE: 31.702, 32.117; MAE: 19.791, 20.225; MAPE: 11.318, 11.708; Q10: 4.746, 4.758; Q50: 10.039, 10.239; Q90: 4.496, 4.748;
| 12 Horizon | RMSE: 34.067, 34.908; MAE: 21.510, 22.233; MAPE: 12.231, 12.773; Q10: 5.156, 5.221; Q50: 10.916, 11.261; Q90: 4.937, 5.323;
epoch 32 time used: 41  seconds  train loss: 17.626 val loss: 6.462957 test loss: 6.625642
Epoch 33: 
| 3  Horizon | RMSE: 30.361, 30.445; MAE: 19.077, 19.245; MAPE: 10.919, 11.145; Q10: 4.537, 4.497; Q50: 9.679, 9.745; Q90: 4.322, 4.464;
| 6  Horizon | RMSE: 31.685, 32.050; MAE: 19.800, 20.189; MAPE: 11.273, 11.644; Q10: 4.749, 4.753; Q50: 10.042, 10.221; Q90: 4.516, 4.770;
| 12 Horizon | RMSE: 33.955, 34.603; MAE: 21.396, 22.016; MAPE: 12.178, 12.722; Q10: 5.162, 5.207; Q50: 10.851, 11.144; Q90: 4.910, 5.256;
epoch 33 time used: 41  seconds  train loss: 17.618 val loss: 6.455967 test loss: 6.597807
Epoch 34: 
| 3  Horizon | RMSE: 30.306, 30.306; MAE: 19.005, 19.136; MAPE: 10.971, 11.218; Q10: 4.533, 4.492; Q50: 9.639, 9.687; Q90: 4.301, 4.426;
| 6  Horizon | RMSE: 31.666, 31.956; MAE: 19.742, 20.098; MAPE: 11.359, 11.738; Q10: 4.751, 4.759; Q50: 10.010, 10.172; Q90: 4.478, 4.699;
| 12 Horizon | RMSE: 33.962, 34.562; MAE: 21.349, 21.964; MAPE: 12.303, 12.876; Q10: 5.156, 5.213; Q50: 10.821, 11.111; Q90: 4.883, 5.206;
epoch 34 time used: 41  seconds  train loss: 17.608 val loss: 6.435788 test loss: 6.567669
Epoch 35: 
| 3  Horizon | RMSE: 30.330, 30.317; MAE: 18.993, 19.118; MAPE: 10.966, 11.210; Q10: 4.532, 4.490; Q50: 9.633, 9.677; Q90: 4.299, 4.418;
| 6  Horizon | RMSE: 31.695, 32.013; MAE: 19.749, 20.110; MAPE: 11.311, 11.662; Q10: 4.744, 4.745; Q50: 10.019, 10.183; Q90: 4.488, 4.716;
| 12 Horizon | RMSE: 34.127, 34.820; MAE: 21.520, 22.158; MAPE: 12.263, 12.735; Q10: 5.165, 5.209; Q50: 10.924, 11.225; Q90: 4.946, 5.292;
epoch 35 time used: 41  seconds  train loss: 17.579 val loss: 6.448182 test loss: 6.579614
Epoch 36: 
| 3  Horizon | RMSE: 30.353, 30.389; MAE: 19.014, 19.174; MAPE: 10.967, 11.231; Q10: 4.534, 4.499; Q50: 9.645, 9.707; Q90: 4.305, 4.435;
| 6  Horizon | RMSE: 31.707, 32.038; MAE: 19.757, 20.143; MAPE: 11.347, 11.748; Q10: 4.747, 4.759; Q50: 10.019, 10.196; Q90: 4.485, 4.718;
| 12 Horizon | RMSE: 34.021, 34.691; MAE: 21.403, 22.056; MAPE: 12.203, 12.771; Q10: 5.154, 5.210; Q50: 10.857, 11.165; Q90: 4.903, 5.246;
epoch 36 time used: 41  seconds  train loss: 17.577 val loss: 6.440431 test loss: 6.58093
Epoch 37: 
| 3  Horizon | RMSE: 30.333, 30.371; MAE: 19.004, 19.168; MAPE: 10.958, 11.204; Q10: 4.533, 4.492; Q50: 9.641, 9.705; Q90: 4.306, 4.440;
| 6  Horizon | RMSE: 31.720, 32.113; MAE: 19.816, 20.235; MAPE: 11.295, 11.658; Q10: 4.748, 4.748; Q50: 10.055, 10.248; Q90: 4.510, 4.765;
| 12 Horizon | RMSE: 34.034, 34.672; MAE: 21.416, 22.054; MAPE: 12.186, 12.722; Q10: 5.161, 5.199; Q50: 10.866, 11.167; Q90: 4.907, 5.248;
epoch 37 time used: 41  seconds  train loss: 17.568 val loss: 6.44752 test loss: 6.586832
Epoch 38: 
| 3  Horizon | RMSE: 30.329, 30.364; MAE: 19.004, 19.149; MAPE: 10.941, 11.162; Q10: 4.533, 4.487; Q50: 9.645, 9.699; Q90: 4.307, 4.442;
| 6  Horizon | RMSE: 31.698, 32.042; MAE: 19.766, 20.144; MAPE: 11.331, 11.662; Q10: 4.750, 4.745; Q50: 10.034, 10.206; Q90: 4.486, 4.718;
| 12 Horizon | RMSE: 34.055, 34.723; MAE: 21.434, 22.071; MAPE: 12.220, 12.740; Q10: 5.161, 5.201; Q50: 10.878, 11.178; Q90: 4.923, 5.278;
epoch 38 time used: 41  seconds  train loss: 17.561 val loss: 6.450764 test loss: 6.589457
Epoch 39: 
| 3  Horizon | RMSE: 30.339, 30.384; MAE: 18.997, 19.160; MAPE: 10.943, 11.180; Q10: 4.532, 4.490; Q50: 9.639, 9.703; Q90: 4.315, 4.459;
| 6  Horizon | RMSE: 31.711, 32.098; MAE: 19.778, 20.196; MAPE: 11.278, 11.653; Q10: 4.744, 4.744; Q50: 10.035, 10.227; Q90: 4.501, 4.753;
| 12 Horizon | RMSE: 34.031, 34.728; MAE: 21.414, 22.085; MAPE: 12.169, 12.714; Q10: 5.150, 5.197; Q50: 10.866, 11.184; Q90: 4.930, 5.295;
epoch 39 time used: 41  seconds  train loss: 17.557 val loss: 6.450856 test loss: 6.599413
Epoch 40: 
| 3  Horizon | RMSE: 30.313, 30.376; MAE: 19.004, 19.172; MAPE: 10.941, 11.189; Q10: 4.533, 4.493; Q50: 9.642, 9.707; Q90: 4.302, 4.441;
| 6  Horizon | RMSE: 31.719, 32.150; MAE: 19.842, 20.261; MAPE: 11.346, 11.669; Q10: 4.753, 4.753; Q50: 10.072, 10.265; Q90: 4.514, 4.772;
| 12 Horizon | RMSE: 34.035, 34.737; MAE: 21.465, 22.119; MAPE: 12.221, 12.761; Q10: 5.166, 5.209; Q50: 10.888, 11.197; Q90: 4.928, 5.284;
Early stopping at epoch: 40
Model  stgcn17  Best Results:
Epoch 30: 
=        =        Horizon  3        =        =        =        =        Horizon  6        =        =        =        =        Horizon  12       =        =       
RMSE     MAE      MAPE     Q10      Q50      Q90      RMSE     MAE      MAPE     Q10      Q50      Q90      RMSE     MAE      MAPE     Q10      Q50      Q90     
30.415   19.216   11.170   4.500    9.734    4.452    31.961   20.073   11.672   4.750    10.165   4.702    34.526   21.893   12.795   5.217    11.082   5.147   
Model Training Ended ... Sun Oct 15 18:04:38 2023
