nohup: ignoring input
pdate shape is:  (16992,)
./save/pems04_stgcn17_in12_out12_addtimeFalse_adjTrue_lr0.001_hc32_train0.7_val0.1_test0.2_seed233_lossquantile_versionstq18_s300slen7q600_note: training started Sun Oct 15 17:35:49 2023
pdate shape is:  (16992,)
data load........
initial data shape is:  (16992, 307, 3)
train_mean shape : (307,)
train  :  (11873, 24, 307, 3)
val  :  (1697, 24, 307, 3)
test  :  (3388, 24, 307, 3)
Model Training Started ... Sun Oct 15 17:35:51 2023
TIMESTEP_IN, TIMESTEP_OUT 12 12
LOSS is : quantile
qcl init quantile loss is [0.010000000000000009, 0.5, 0.99]
Spatial CL target length = 1
Spatial CL target length = 2
Epoch 0: 
| 3  Horizon | RMSE: 37.686, 36.629; MAE: 24.970, 24.398; MAPE: 14.570, 14.745; Q10: 5.848, 5.682; Q50: 12.670, 12.363; Q90: 5.959, 5.906;
| 6  Horizon | RMSE: 41.337, 40.561; MAE: 27.477, 27.134; MAPE: 15.654, 16.010; Q10: 6.253, 6.107; Q50: 13.939, 13.744; Q90: 7.064, 7.022;
| 12 Horizon | RMSE: 52.702, 51.573; MAE: 35.314, 34.918; MAPE: 20.088, 20.480; Q10: 7.751, 7.576; Q50: 17.890, 17.668; Q90: 9.922, 9.363;
epoch 0 time used: 42  seconds  train loss: 26.024 val loss: 9.484425 test loss: 9.288593
Spatial CL target length = 3
Spatial CL target length = 4
Spatial CL target length = 5
Spatial CL target length = 6
Spatial CL target length = 7
Epoch 1: 
| 3  Horizon | RMSE: 32.901, 32.068; MAE: 21.216, 20.772; MAPE: 12.516, 12.673; Q10: 4.941, 4.794; Q50: 10.773, 10.536; Q90: 4.808, 4.753;
| 6  Horizon | RMSE: 35.580, 34.798; MAE: 23.046, 22.647; MAPE: 13.225, 13.392; Q10: 5.307, 5.168; Q50: 11.693, 11.477; Q90: 5.299, 5.295;
| 12 Horizon | RMSE: 40.754, 40.103; MAE: 26.848, 26.629; MAPE: 15.394, 15.726; Q10: 6.161, 6.000; Q50: 13.598, 13.470; Q90: 6.269, 6.312;
epoch 1 time used: 39  seconds  train loss: 23.577 val loss: 7.528485 test loss: 7.412218
Quantile cl loss is [0.009999999999999995, 0.5, 0.99]
Quantile cl loss is [0.020000000000000004, 0.5, 0.98]
Epoch 2: 
| 3  Horizon | RMSE: 33.173, 32.466; MAE: 21.547, 21.255; MAPE: 13.929, 14.082; Q10: 6.013, 5.815; Q50: 10.959, 10.797; Q90: 6.190, 6.129;
| 6  Horizon | RMSE: 35.643, 35.224; MAE: 23.213, 23.141; MAPE: 14.604, 14.867; Q10: 6.515, 6.303; Q50: 11.799, 11.746; Q90: 7.052, 7.020;
| 12 Horizon | RMSE: 38.898, 39.155; MAE: 25.519, 25.928; MAPE: 15.657, 16.150; Q10: 7.282, 7.038; Q50: 12.955, 13.140; Q90: 7.827, 7.883;
epoch 2 time used: 39  seconds  train loss: 15.526 val loss: 8.38409 test loss: 8.299131
Quantile cl loss is [0.03, 0.5, 0.97]
Quantile cl loss is [0.04, 0.5, 0.96]
Quantile cl loss is [0.05, 0.5, 0.95]
Epoch 3: 
| 3  Horizon | RMSE: 31.901, 31.122; MAE: 20.224, 19.938; MAPE: 11.747, 11.866; Q10: 5.415, 5.265; Q50: 10.262, 10.104; Q90: 4.819, 4.788;
| 6  Horizon | RMSE: 33.770, 33.305; MAE: 21.543, 21.478; MAPE: 12.441, 12.710; Q10: 5.803, 5.675; Q50: 10.935, 10.888; Q90: 4.979, 5.022;
| 12 Horizon | RMSE: 37.890, 37.981; MAE: 24.728, 24.929; MAPE: 13.965, 14.439; Q10: 6.666, 6.537; Q50: 12.547, 12.629; Q90: 5.685, 5.831;
epoch 3 time used: 39  seconds  train loss: 15.13 val loss: 7.353395 test loss: 7.305124
Quantile cl loss is [0.06000000000000001, 0.5, 0.94]
Quantile cl loss is [0.07, 0.5, 0.9299999999999999]
Epoch 4: 
| 3  Horizon | RMSE: 31.369, 30.622; MAE: 19.972, 19.608; MAPE: 11.447, 11.582; Q10: 4.828, 4.678; Q50: 10.120, 9.917; Q90: 4.555, 4.565;
| 6  Horizon | RMSE: 33.163, 32.617; MAE: 21.183, 20.958; MAPE: 12.129, 12.265; Q10: 5.200, 5.066; Q50: 10.747, 10.613; Q90: 4.808, 4.849;
| 12 Horizon | RMSE: 36.380, 36.486; MAE: 23.529, 23.709; MAPE: 13.488, 13.863; Q10: 5.795, 5.728; Q50: 11.941, 12.005; Q90: 5.323, 5.494;
epoch 4 time used: 39  seconds  train loss: 16.992 val loss: 6.948264 test loss: 6.895305
Quantile cl loss is [0.08, 0.5, 0.92]
Quantile cl loss is [0.09, 0.5, 0.91]
Quantile cl loss is [0.1, 0.5, 0.9]
Epoch 5: 
| 3  Horizon | RMSE: 31.391, 30.727; MAE: 19.891, 19.563; MAPE: 11.488, 11.534; Q10: 4.729, 4.586; Q50: 10.096, 9.913; Q90: 4.534, 4.539;
| 6  Horizon | RMSE: 33.352, 32.928; MAE: 21.390, 21.198; MAPE: 12.671, 12.722; Q10: 5.032, 4.930; Q50: 10.872, 10.756; Q90: 4.960, 5.003;
| 12 Horizon | RMSE: 36.624, 36.739; MAE: 23.823, 23.882; MAPE: 14.058, 14.179; Q10: 5.605, 5.569; Q50: 12.107, 12.113; Q90: 5.364, 5.538;
epoch 5 time used: 39  seconds  train loss: 18.344 val loss: 6.912567 test loss: 6.871812
Epoch 6: 
| 3  Horizon | RMSE: 31.136, 30.673; MAE: 19.563, 19.388; MAPE: 11.305, 11.474; Q10: 4.685, 4.580; Q50: 9.921, 9.815; Q90: 4.441, 4.471;
| 6  Horizon | RMSE: 32.655, 32.588; MAE: 20.545, 20.609; MAPE: 11.821, 12.102; Q10: 4.935, 4.890; Q50: 10.425, 10.440; Q90: 4.663, 4.750;
| 12 Horizon | RMSE: 35.335, 36.097; MAE: 22.483, 22.981; MAPE: 12.947, 13.471; Q10: 5.369, 5.457; Q50: 11.407, 11.638; Q90: 5.108, 5.317;
epoch 6 time used: 39  seconds  train loss: 19.161 val loss: 6.698208 test loss: 6.732237
Epoch 7: 
| 3  Horizon | RMSE: 31.403, 30.998; MAE: 19.966, 19.831; MAPE: 11.387, 11.572; Q10: 4.738, 4.637; Q50: 10.133, 10.049; Q90: 4.477, 4.539;
| 6  Horizon | RMSE: 32.903, 32.870; MAE: 20.895, 21.018; MAPE: 11.863, 12.205; Q10: 4.959, 4.922; Q50: 10.604, 10.648; Q90: 4.662, 4.784;
| 12 Horizon | RMSE: 35.279, 36.093; MAE: 22.580, 23.161; MAPE: 12.969, 13.575; Q10: 5.368, 5.483; Q50: 11.457, 11.728; Q90: 5.110, 5.369;
epoch 7 time used: 39  seconds  train loss: 18.965 val loss: 6.765969 test loss: 6.825187
Epoch 8: 
| 3  Horizon | RMSE: 30.983, 30.528; MAE: 19.345, 19.185; MAPE: 11.204, 11.366; Q10: 4.636, 4.536; Q50: 9.812, 9.712; Q90: 4.369, 4.410;
| 6  Horizon | RMSE: 32.631, 32.574; MAE: 20.396, 20.514; MAPE: 12.012, 12.415; Q10: 4.872, 4.858; Q50: 10.331, 10.370; Q90: 4.601, 4.704;
| 12 Horizon | RMSE: 35.138, 35.935; MAE: 22.188, 22.817; MAPE: 12.990, 13.791; Q10: 5.334, 5.475; Q50: 11.244, 11.539; Q90: 4.999, 5.226;
epoch 8 time used: 39  seconds  train loss: 18.851 val loss: 6.611709 test loss: 6.665821
Epoch 9: 
| 3  Horizon | RMSE: 31.272, 30.803; MAE: 19.531, 19.370; MAPE: 11.262, 11.438; Q10: 4.671, 4.561; Q50: 9.905, 9.802; Q90: 4.407, 4.456;
| 6  Horizon | RMSE: 32.702, 32.621; MAE: 20.439, 20.550; MAPE: 11.795, 12.182; Q10: 4.893, 4.853; Q50: 10.361, 10.394; Q90: 4.617, 4.733;
| 12 Horizon | RMSE: 35.301, 36.003; MAE: 22.312, 22.889; MAPE: 12.964, 13.578; Q10: 5.361, 5.484; Q50: 11.318, 11.585; Q90: 5.013, 5.266;
epoch 9 time used: 39  seconds  train loss: 18.721 val loss: 6.659681 test loss: 6.71597
Epoch 10: 
| 3  Horizon | RMSE: 31.076, 30.638; MAE: 19.537, 19.379; MAPE: 11.251, 11.358; Q10: 4.666, 4.555; Q50: 9.918, 9.819; Q90: 4.417, 4.489;
| 6  Horizon | RMSE: 32.425, 32.257; MAE: 20.277, 20.328; MAPE: 11.690, 11.899; Q10: 4.870, 4.807; Q50: 10.294, 10.299; Q90: 4.593, 4.716;
| 12 Horizon | RMSE: 34.683, 35.130; MAE: 21.992, 22.456; MAPE: 12.599, 13.237; Q10: 5.282, 5.308; Q50: 11.151, 11.363; Q90: 5.015, 5.277;
epoch 10 time used: 39  seconds  train loss: 18.488 val loss: 6.628405 test loss: 6.667945
Epoch 11: 
| 3  Horizon | RMSE: 30.993, 30.554; MAE: 19.554, 19.396; MAPE: 11.802, 11.808; Q10: 4.655, 4.557; Q50: 9.936, 9.839; Q90: 4.432, 4.476;
| 6  Horizon | RMSE: 32.374, 32.251; MAE: 20.231, 20.302; MAPE: 12.018, 12.138; Q10: 4.856, 4.832; Q50: 10.277, 10.293; Q90: 4.586, 4.693;
| 12 Horizon | RMSE: 34.581, 35.147; MAE: 21.921, 22.367; MAPE: 12.994, 13.343; Q10: 5.280, 5.374; Q50: 11.132, 11.335; Q90: 4.951, 5.177;
epoch 11 time used: 40  seconds  train loss: 18.418 val loss: 6.613197 test loss: 6.659395
Epoch 12: 
| 3  Horizon | RMSE: 30.945, 30.518; MAE: 19.279, 19.152; MAPE: 11.331, 11.399; Q10: 4.637, 4.544; Q50: 9.784, 9.701; Q90: 4.342, 4.402;
| 6  Horizon | RMSE: 32.396, 32.356; MAE: 20.077, 20.226; MAPE: 11.669, 11.938; Q10: 4.839, 4.829; Q50: 10.184, 10.240; Q90: 4.533, 4.662;
| 12 Horizon | RMSE: 34.408, 35.163; MAE: 21.609, 22.220; MAPE: 12.630, 13.152; Q10: 5.228, 5.329; Q50: 10.967, 11.253; Q90: 4.889, 5.153;
epoch 12 time used: 41  seconds  train loss: 18.356 val loss: 6.536793 test loss: 6.604045
Epoch 13: 
| 3  Horizon | RMSE: 31.025, 30.549; MAE: 19.315, 19.210; MAPE: 11.256, 11.449; Q10: 4.625, 4.529; Q50: 9.793, 9.721; Q90: 4.331, 4.395;
| 6  Horizon | RMSE: 32.299, 32.168; MAE: 20.172, 20.280; MAPE: 11.748, 11.911; Q10: 4.864, 4.822; Q50: 10.244, 10.277; Q90: 4.545, 4.683;
| 12 Horizon | RMSE: 34.541, 34.987; MAE: 21.807, 22.276; MAPE: 12.595, 13.032; Q10: 5.251, 5.311; Q50: 11.067, 11.279; Q90: 4.958, 5.182;
epoch 13 time used: 41  seconds  train loss: 18.286 val loss: 6.557419 test loss: 6.606991
Epoch 14: 
| 3  Horizon | RMSE: 30.865, 30.468; MAE: 19.309, 19.197; MAPE: 11.135, 11.225; Q10: 4.623, 4.534; Q50: 9.802, 9.727; Q90: 4.383, 4.451;
| 6  Horizon | RMSE: 32.236, 32.130; MAE: 20.061, 20.181; MAPE: 11.492, 11.748; Q10: 4.830, 4.800; Q50: 10.179, 10.219; Q90: 4.511, 4.650;
| 12 Horizon | RMSE: 34.388, 34.901; MAE: 21.685, 22.170; MAPE: 12.451, 12.964; Q10: 5.220, 5.313; Q50: 11.000, 11.222; Q90: 4.896, 5.148;
epoch 14 time used: 41  seconds  train loss: 18.241 val loss: 6.52832 test loss: 6.590442
Epoch 15: 
| 3  Horizon | RMSE: 30.884, 30.504; MAE: 19.247, 19.173; MAPE: 11.322, 11.419; Q10: 4.638, 4.559; Q50: 9.774, 9.720; Q90: 4.327, 4.404;
| 6  Horizon | RMSE: 32.215, 32.181; MAE: 19.957, 20.141; MAPE: 11.565, 11.820; Q10: 4.814, 4.800; Q50: 10.132, 10.206; Q90: 4.495, 4.650;
| 12 Horizon | RMSE: 34.369, 34.977; MAE: 21.509, 22.092; MAPE: 12.454, 13.049; Q10: 5.198, 5.317; Q50: 10.905, 11.178; Q90: 4.856, 5.116;
epoch 15 time used: 41  seconds  train loss: 18.09 val loss: 6.495018 test loss: 6.574176
Epoch 16: 
| 3  Horizon | RMSE: 30.836, 30.476; MAE: 19.212, 19.158; MAPE: 11.219, 11.352; Q10: 4.617, 4.534; Q50: 9.749, 9.704; Q90: 4.330, 4.417;
| 6  Horizon | RMSE: 32.189, 32.177; MAE: 19.990, 20.215; MAPE: 11.586, 11.924; Q10: 4.816, 4.807; Q50: 10.139, 10.233; Q90: 4.503, 4.675;
| 12 Horizon | RMSE: 34.246, 34.968; MAE: 21.655, 22.310; MAPE: 12.620, 13.189; Q10: 5.214, 5.328; Q50: 10.991, 11.301; Q90: 4.884, 5.202;
epoch 16 time used: 41  seconds  train loss: 18.062 val loss: 6.511028 test loss: 6.605166
Epoch 17: 
| 3  Horizon | RMSE: 30.957, 30.578; MAE: 19.238, 19.158; MAPE: 11.174, 11.307; Q10: 4.623, 4.538; Q50: 9.763, 9.704; Q90: 4.321, 4.399;
| 6  Horizon | RMSE: 32.342, 32.331; MAE: 20.046, 20.261; MAPE: 11.647, 12.019; Q10: 4.851, 4.849; Q50: 10.161, 10.249; Q90: 4.499, 4.657;
| 12 Horizon | RMSE: 34.387, 35.070; MAE: 21.658, 22.305; MAPE: 12.703, 13.435; Q10: 5.267, 5.393; Q50: 10.969, 11.274; Q90: 4.864, 5.149;
epoch 17 time used: 41  seconds  train loss: 18.02 val loss: 6.524743 test loss: 6.61549
Epoch 18: 
| 3  Horizon | RMSE: 30.927, 30.649; MAE: 19.196, 19.202; MAPE: 11.066, 11.343; Q10: 4.608, 4.551; Q50: 9.732, 9.716; Q90: 4.316, 4.402;
| 6  Horizon | RMSE: 32.270, 32.376; MAE: 19.927, 20.213; MAPE: 11.516, 11.993; Q10: 4.816, 4.843; Q50: 10.099, 10.223; Q90: 4.492, 4.661;
| 12 Horizon | RMSE: 34.291, 35.122; MAE: 21.490, 22.201; MAPE: 12.305, 12.995; Q10: 5.217, 5.319; Q50: 10.900, 11.235; Q90: 4.841, 5.156;
epoch 18 time used: 41  seconds  train loss: 17.985 val loss: 6.485108 test loss: 6.595434
Epoch 19: 
| 3  Horizon | RMSE: 30.842, 30.514; MAE: 19.133, 19.114; MAPE: 11.105, 11.292; Q10: 4.597, 4.533; Q50: 9.700, 9.673; Q90: 4.308, 4.404;
| 6  Horizon | RMSE: 32.269, 32.282; MAE: 19.913, 20.164; MAPE: 11.620, 11.984; Q10: 4.814, 4.824; Q50: 10.090, 10.198; Q90: 4.475, 4.638;
| 12 Horizon | RMSE: 34.423, 35.048; MAE: 21.565, 22.129; MAPE: 12.595, 13.042; Q10: 5.207, 5.322; Q50: 10.947, 11.210; Q90: 4.913, 5.169;
epoch 19 time used: 41  seconds  train loss: 17.957 val loss: 6.489626 test loss: 6.585638
Epoch 20: 
| 3  Horizon | RMSE: 30.861, 30.622; MAE: 19.238, 19.234; MAPE: 11.266, 11.398; Q10: 4.617, 4.554; Q50: 9.764, 9.742; Q90: 4.320, 4.417;
| 6  Horizon | RMSE: 32.238, 32.336; MAE: 20.007, 20.247; MAPE: 11.778, 12.020; Q10: 4.840, 4.850; Q50: 10.157, 10.257; Q90: 4.502, 4.668;
| 12 Horizon | RMSE: 34.383, 35.107; MAE: 21.673, 22.267; MAPE: 12.835, 13.293; Q10: 5.259, 5.390; Q50: 11.002, 11.277; Q90: 4.884, 5.156;
epoch 20 time used: 41  seconds  train loss: 17.867 val loss: 6.521828 test loss: 6.6225
Epoch 21: 
| 3  Horizon | RMSE: 30.842, 30.541; MAE: 19.127, 19.083; MAPE: 11.165, 11.298; Q10: 4.602, 4.531; Q50: 9.709, 9.668; Q90: 4.301, 4.386;
| 6  Horizon | RMSE: 32.144, 32.207; MAE: 19.838, 20.067; MAPE: 11.461, 11.806; Q10: 4.805, 4.806; Q50: 10.065, 10.161; Q90: 4.469, 4.635;
| 12 Horizon | RMSE: 34.201, 34.932; MAE: 21.402, 22.047; MAPE: 12.435, 13.111; Q10: 5.214, 5.341; Q50: 10.853, 11.156; Q90: 4.817, 5.104;
epoch 21 time used: 41  seconds  train loss: 17.849 val loss: 6.466484 test loss: 6.563651
Epoch 22: 
| 3  Horizon | RMSE: 30.925, 30.627; MAE: 19.157, 19.103; MAPE: 11.080, 11.195; Q10: 4.604, 4.531; Q50: 9.724, 9.677; Q90: 4.298, 4.386;
| 6  Horizon | RMSE: 32.284, 32.342; MAE: 19.904, 20.092; MAPE: 11.490, 11.715; Q10: 4.815, 4.806; Q50: 10.104, 10.178; Q90: 4.496, 4.659;
| 12 Horizon | RMSE: 34.316, 34.995; MAE: 21.423, 21.999; MAPE: 12.297, 12.813; Q10: 5.194, 5.293; Q50: 10.867, 11.133; Q90: 4.847, 5.126;
epoch 22 time used: 41  seconds  train loss: 17.831 val loss: 6.479073 test loss: 6.565306
Epoch 23: 
| 3  Horizon | RMSE: 30.875, 30.600; MAE: 19.088, 19.062; MAPE: 11.072, 11.233; Q10: 4.593, 4.532; Q50: 9.682, 9.652; Q90: 4.287, 4.377;
| 6  Horizon | RMSE: 32.205, 32.301; MAE: 19.799, 20.045; MAPE: 11.436, 11.754; Q10: 4.798, 4.802; Q50: 10.046, 10.153; Q90: 4.453, 4.627;
| 12 Horizon | RMSE: 34.247, 34.986; MAE: 21.383, 21.988; MAPE: 12.510, 12.961; Q10: 5.195, 5.298; Q50: 10.857, 11.141; Q90: 4.832, 5.142;
epoch 23 time used: 41  seconds  train loss: 17.81 val loss: 6.460721 test loss: 6.562088
Epoch 24: 
| 3  Horizon | RMSE: 30.900, 30.611; MAE: 19.116, 19.091; MAPE: 11.101, 11.279; Q10: 4.614, 4.545; Q50: 9.696, 9.665; Q90: 4.292, 4.386;
| 6  Horizon | RMSE: 32.214, 32.294; MAE: 19.859, 20.076; MAPE: 11.493, 11.756; Q10: 4.817, 4.811; Q50: 10.080, 10.168; Q90: 4.466, 4.643;
| 12 Horizon | RMSE: 34.291, 34.960; MAE: 21.382, 21.976; MAPE: 12.388, 12.940; Q10: 5.212, 5.304; Q50: 10.847, 11.123; Q90: 4.818, 5.112;
epoch 24 time used: 41  seconds  train loss: 17.792 val loss: 6.470272 test loss: 6.564818
Epoch 25: 
| 3  Horizon | RMSE: 30.861, 30.632; MAE: 19.097, 19.090; MAPE: 11.116, 11.259; Q10: 4.597, 4.535; Q50: 9.691, 9.670; Q90: 4.291, 4.394;
| 6  Horizon | RMSE: 32.147, 32.306; MAE: 19.814, 20.088; MAPE: 11.448, 11.744; Q10: 4.803, 4.807; Q50: 10.056, 10.174; Q90: 4.454, 4.646;
| 12 Horizon | RMSE: 34.088, 34.919; MAE: 21.283, 21.990; MAPE: 12.250, 12.861; Q10: 5.176, 5.297; Q50: 10.795, 11.130; Q90: 4.798, 5.144;
epoch 25 time used: 41  seconds  train loss: 17.732 val loss: 6.451529 test loss: 6.567689
Epoch 26: 
| 3  Horizon | RMSE: 30.879, 30.679; MAE: 19.089, 19.106; MAPE: 11.075, 11.282; Q10: 4.604, 4.551; Q50: 9.681, 9.671; Q90: 4.288, 4.392;
| 6  Horizon | RMSE: 32.173, 32.369; MAE: 19.807, 20.099; MAPE: 11.429, 11.797; Q10: 4.802, 4.821; Q50: 10.047, 10.175; Q90: 4.456, 4.648;
| 12 Horizon | RMSE: 34.388, 35.254; MAE: 21.554, 22.332; MAPE: 12.865, 13.711; Q10: 5.247, 5.407; Q50: 10.911, 11.281; Q90: 4.821, 5.131;
epoch 26 time used: 41  seconds  train loss: 17.716 val loss: 6.460166 test loss: 6.584146
Epoch 27: 
| 3  Horizon | RMSE: 30.836, 30.674; MAE: 19.099, 19.114; MAPE: 11.172, 11.330; Q10: 4.602, 4.552; Q50: 9.696, 9.687; Q90: 4.287, 4.397;
| 6  Horizon | RMSE: 32.144, 32.370; MAE: 19.864, 20.149; MAPE: 11.538, 11.830; Q10: 4.805, 4.822; Q50: 10.086, 10.211; Q90: 4.460, 4.663;
| 12 Horizon | RMSE: 34.125, 34.972; MAE: 21.378, 22.055; MAPE: 12.363, 12.925; Q10: 5.188, 5.311; Q50: 10.849, 11.169; Q90: 4.834, 5.171;
epoch 27 time used: 41  seconds  train loss: 17.706 val loss: 6.456457 test loss: 6.579735
Epoch 28: 
| 3  Horizon | RMSE: 30.829, 30.659; MAE: 19.137, 19.162; MAPE: 11.019, 11.184; Q10: 4.594, 4.539; Q50: 9.711, 9.706; Q90: 4.304, 4.423;
| 6  Horizon | RMSE: 32.119, 32.335; MAE: 19.812, 20.138; MAPE: 11.329, 11.697; Q10: 4.787, 4.808; Q50: 10.050, 10.195; Q90: 4.475, 4.685;
| 12 Horizon | RMSE: 34.077, 34.937; MAE: 21.285, 22.002; MAPE: 12.192, 12.774; Q10: 5.165, 5.282; Q50: 10.798, 11.137; Q90: 4.823, 5.175;
epoch 28 time used: 41  seconds  train loss: 17.691 val loss: 6.453272 test loss: 6.582283
Epoch 29: 
| 3  Horizon | RMSE: 30.805, 30.564; MAE: 19.065, 19.053; MAPE: 11.064, 11.213; Q10: 4.584, 4.527; Q50: 9.675, 9.651; Q90: 4.286, 4.389;
| 6  Horizon | RMSE: 32.113, 32.244; MAE: 19.794, 20.048; MAPE: 11.459, 11.724; Q10: 4.785, 4.797; Q50: 10.049, 10.157; Q90: 4.475, 4.667;
| 12 Horizon | RMSE: 34.019, 34.830; MAE: 21.202, 21.927; MAPE: 12.271, 12.976; Q10: 5.171, 5.315; Q50: 10.748, 11.092; Q90: 4.781, 5.117;
epoch 29 time used: 41  seconds  train loss: 17.682 val loss: 6.437024 test loss: 6.556454
Epoch 30: 
| 3  Horizon | RMSE: 30.773, 30.575; MAE: 19.090, 19.097; MAPE: 11.056, 11.195; Q10: 4.585, 4.527; Q50: 9.689, 9.675; Q90: 4.293, 4.403;
| 6  Horizon | RMSE: 32.091, 32.246; MAE: 19.736, 20.015; MAPE: 11.418, 11.745; Q10: 4.791, 4.808; Q50: 10.014, 10.135; Q90: 4.439, 4.631;
| 12 Horizon | RMSE: 34.068, 34.866; MAE: 21.243, 21.942; MAPE: 12.354, 12.982; Q10: 5.191, 5.328; Q50: 10.773, 11.103; Q90: 4.776, 5.093;
epoch 30 time used: 41  seconds  train loss: 17.637 val loss: 6.436611 test loss: 6.556027
Epoch 31: 
| 3  Horizon | RMSE: 30.759, 30.592; MAE: 19.048, 19.080; MAPE: 10.983, 11.201; Q10: 4.579, 4.531; Q50: 9.660, 9.659; Q90: 4.292, 4.409;
| 6  Horizon | RMSE: 32.052, 32.259; MAE: 19.750, 20.045; MAPE: 11.316, 11.672; Q10: 4.784, 4.799; Q50: 10.021, 10.151; Q90: 4.456, 4.660;
| 12 Horizon | RMSE: 33.995, 34.830; MAE: 21.179, 21.892; MAPE: 12.229, 12.900; Q10: 5.160, 5.283; Q50: 10.739, 11.077; Q90: 4.783, 5.126;
epoch 31 time used: 41  seconds  train loss: 17.63 val loss: 6.428073 test loss: 6.554441
Epoch 32: 
| 3  Horizon | RMSE: 30.770, 30.586; MAE: 19.035, 19.064; MAPE: 10.992, 11.205; Q10: 4.587, 4.540; Q50: 9.654, 9.651; Q90: 4.279, 4.392;
| 6  Horizon | RMSE: 32.083, 32.280; MAE: 19.755, 20.070; MAPE: 11.400, 11.809; Q10: 4.797, 4.828; Q50: 10.017, 10.156; Q90: 4.440, 4.637;
| 12 Horizon | RMSE: 34.047, 34.885; MAE: 21.283, 21.988; MAPE: 12.280, 12.926; Q10: 5.180, 5.317; Q50: 10.794, 11.127; Q90: 4.812, 5.158;
epoch 32 time used: 41  seconds  train loss: 17.622 val loss: 6.437554 test loss: 6.56918
Epoch 33: 
| 3  Horizon | RMSE: 30.825, 30.703; MAE: 19.121, 19.164; MAPE: 10.964, 11.179; Q10: 4.584, 4.541; Q50: 9.699, 9.702; Q90: 4.307, 4.431;
| 6  Horizon | RMSE: 32.087, 32.329; MAE: 19.781, 20.111; MAPE: 11.322, 11.738; Q10: 4.793, 4.822; Q50: 10.031, 10.178; Q90: 4.467, 4.679;
| 12 Horizon | RMSE: 34.050, 34.913; MAE: 21.253, 21.978; MAPE: 12.236, 12.917; Q10: 5.182, 5.314; Q50: 10.776, 11.120; Q90: 4.790, 5.137;
epoch 33 time used: 40  seconds  train loss: 17.613 val loss: 6.445417 test loss: 6.58099
Epoch 34: 
| 3  Horizon | RMSE: 30.768, 30.598; MAE: 19.029, 19.044; MAPE: 11.002, 11.201; Q10: 4.584, 4.538; Q50: 9.651, 9.641; Q90: 4.274, 4.382;
| 6  Horizon | RMSE: 32.127, 32.338; MAE: 19.757, 20.056; MAPE: 11.436, 11.847; Q10: 4.798, 4.834; Q50: 10.015, 10.147; Q90: 4.435, 4.626;
| 12 Horizon | RMSE: 34.093, 34.973; MAE: 21.262, 22.018; MAPE: 12.490, 13.267; Q10: 5.196, 5.357; Q50: 10.768, 11.128; Q90: 4.779, 5.109;
epoch 34 time used: 41  seconds  train loss: 17.604 val loss: 6.43129 test loss: 6.562114
Epoch 35: 
| 3  Horizon | RMSE: 30.774, 30.597; MAE: 19.021, 19.041; MAPE: 11.009, 11.221; Q10: 4.582, 4.533; Q50: 9.647, 9.639; Q90: 4.271, 4.381;
| 6  Horizon | RMSE: 32.059, 32.255; MAE: 19.723, 20.006; MAPE: 11.348, 11.712; Q10: 4.787, 4.809; Q50: 10.005, 10.128; Q90: 4.438, 4.636;
| 12 Horizon | RMSE: 34.045, 34.826; MAE: 21.270, 21.898; MAPE: 12.226, 12.759; Q10: 5.167, 5.268; Q50: 10.793, 11.086; Q90: 4.814, 5.148;
epoch 35 time used: 41  seconds  train loss: 17.574 val loss: 6.428728 test loss: 6.546722
Epoch 36: 
| 3  Horizon | RMSE: 30.780, 30.615; MAE: 19.040, 19.076; MAPE: 11.000, 11.233; Q10: 4.580, 4.535; Q50: 9.655, 9.655; Q90: 4.274, 4.390;
| 6  Horizon | RMSE: 32.081, 32.274; MAE: 19.737, 20.042; MAPE: 11.376, 11.798; Q10: 4.788, 4.818; Q50: 10.007, 10.141; Q90: 4.436, 4.639;
| 12 Horizon | RMSE: 34.031, 34.806; MAE: 21.230, 21.893; MAPE: 12.208, 12.867; Q10: 5.166, 5.286; Q50: 10.764, 11.076; Q90: 4.801, 5.145;
epoch 36 time used: 41  seconds  train loss: 17.571 val loss: 6.426521 test loss: 6.553172
Epoch 37: 
| 3  Horizon | RMSE: 30.791, 30.631; MAE: 19.006, 19.034; MAPE: 10.978, 11.185; Q10: 4.583, 4.536; Q50: 9.641, 9.637; Q90: 4.270, 4.380;
| 6  Horizon | RMSE: 32.096, 32.321; MAE: 19.736, 20.032; MAPE: 11.313, 11.667; Q10: 4.790, 4.814; Q50: 10.013, 10.143; Q90: 4.443, 4.646;
| 12 Horizon | RMSE: 34.094, 34.915; MAE: 21.224, 21.896; MAPE: 12.209, 12.795; Q10: 5.181, 5.300; Q50: 10.766, 11.082; Q90: 4.783, 5.118;
epoch 37 time used: 41  seconds  train loss: 17.564 val loss: 6.426294 test loss: 6.54992
Epoch 38: 
| 3  Horizon | RMSE: 30.802, 30.648; MAE: 19.000, 19.029; MAPE: 10.981, 11.187; Q10: 4.584, 4.539; Q50: 9.637, 9.635; Q90: 4.266, 4.376;
| 6  Horizon | RMSE: 32.109, 32.352; MAE: 19.704, 20.009; MAPE: 11.328, 11.702; Q10: 4.789, 4.817; Q50: 9.996, 10.131; Q90: 4.430, 4.626;
| 12 Horizon | RMSE: 34.045, 34.945; MAE: 21.188, 21.921; MAPE: 12.226, 12.901; Q10: 5.174, 5.317; Q50: 10.744, 11.092; Q90: 4.782, 5.130;
epoch 38 time used: 41  seconds  train loss: 17.557 val loss: 6.420875 test loss: 6.553221
Epoch 39: 
| 3  Horizon | RMSE: 30.772, 30.637; MAE: 19.016, 19.041; MAPE: 10.993, 11.178; Q10: 4.584, 4.542; Q50: 9.648, 9.642; Q90: 4.273, 4.385;
| 6  Horizon | RMSE: 32.071, 32.309; MAE: 19.720, 20.010; MAPE: 11.318, 11.685; Q10: 4.787, 4.817; Q50: 10.004, 10.130; Q90: 4.438, 4.638;
| 12 Horizon | RMSE: 34.005, 34.855; MAE: 21.171, 21.848; MAPE: 12.196, 12.821; Q10: 5.167, 5.302; Q50: 10.738, 11.056; Q90: 4.778, 5.114;
epoch 39 time used: 41  seconds  train loss: 17.551 val loss: 6.423246 test loss: 6.549576
Epoch 40: 
| 3  Horizon | RMSE: 30.748, 30.627; MAE: 19.002, 19.051; MAPE: 10.964, 11.184; Q10: 4.577, 4.535; Q50: 9.637, 9.644; Q90: 4.267, 4.388;
| 6  Horizon | RMSE: 32.062, 32.327; MAE: 19.749, 20.054; MAPE: 11.350, 11.670; Q10: 4.785, 4.810; Q50: 10.022, 10.157; Q90: 4.445, 4.659;
| 12 Horizon | RMSE: 34.021, 34.900; MAE: 21.216, 21.937; MAPE: 12.234, 12.883; Q10: 5.173, 5.303; Q50: 10.758, 11.100; Q90: 4.785, 5.138;
epoch 40 time used: 41  seconds  train loss: 17.531 val loss: 6.420582 test loss: 6.556034
Epoch 41: 
| 3  Horizon | RMSE: 30.764, 30.666; MAE: 18.999, 19.032; MAPE: 11.000, 11.180; Q10: 4.579, 4.541; Q50: 9.641, 9.640; Q90: 4.263, 4.373;
| 6  Horizon | RMSE: 32.075, 32.380; MAE: 19.695, 20.010; MAPE: 11.329, 11.681; Q10: 4.782, 4.820; Q50: 9.993, 10.133; Q90: 4.426, 4.626;
| 12 Horizon | RMSE: 34.031, 34.984; MAE: 21.187, 21.924; MAPE: 12.158, 12.796; Q10: 5.163, 5.302; Q50: 10.746, 11.094; Q90: 4.779, 5.130;
epoch 41 time used: 41  seconds  train loss: 17.526 val loss: 6.415736 test loss: 6.551356
Epoch 42: 
| 3  Horizon | RMSE: 30.780, 30.692; MAE: 19.007, 19.058; MAPE: 10.989, 11.188; Q10: 4.578, 4.543; Q50: 9.643, 9.652; Q90: 4.271, 4.389;
| 6  Horizon | RMSE: 32.077, 32.391; MAE: 19.700, 20.034; MAPE: 11.330, 11.696; Q10: 4.784, 4.823; Q50: 9.995, 10.145; Q90: 4.435, 4.646;
| 12 Horizon | RMSE: 34.035, 34.984; MAE: 21.169, 21.920; MAPE: 12.217, 12.869; Q10: 5.169, 5.317; Q50: 10.736, 11.093; Q90: 4.776, 5.132;
epoch 42 time used: 41  seconds  train loss: 17.522 val loss: 6.418134 test loss: 6.560523
Epoch 43: 
| 3  Horizon | RMSE: 30.763, 30.653; MAE: 18.994, 19.033; MAPE: 10.979, 11.178; Q10: 4.579, 4.540; Q50: 9.636, 9.638; Q90: 4.271, 4.384;
| 6  Horizon | RMSE: 32.079, 32.370; MAE: 19.690, 20.011; MAPE: 11.345, 11.725; Q10: 4.786, 4.826; Q50: 9.988, 10.131; Q90: 4.429, 4.629;
| 12 Horizon | RMSE: 34.014, 34.963; MAE: 21.184, 21.920; MAPE: 12.204, 12.821; Q10: 5.166, 5.307; Q50: 10.746, 11.095; Q90: 4.783, 5.132;
epoch 43 time used: 41  seconds  train loss: 17.52 val loss: 6.417499 test loss: 6.554199
Epoch 44: 
| 3  Horizon | RMSE: 30.774, 30.676; MAE: 19.036, 19.067; MAPE: 11.078, 11.235; Q10: 4.583, 4.545; Q50: 9.663, 9.662; Q90: 4.276, 4.393;
| 6  Horizon | RMSE: 32.076, 32.359; MAE: 19.710, 20.007; MAPE: 11.401, 11.708; Q10: 4.787, 4.821; Q50: 10.004, 10.136; Q90: 4.440, 4.649;
| 12 Horizon | RMSE: 34.024, 34.907; MAE: 21.193, 21.883; MAPE: 12.214, 12.803; Q10: 5.171, 5.299; Q50: 10.751, 11.077; Q90: 4.775, 5.117;
epoch 44 time used: 41  seconds  train loss: 17.515 val loss: 6.423535 test loss: 6.55466
Epoch 45: 
| 3  Horizon | RMSE: 30.771, 30.651; MAE: 18.975, 19.008; MAPE: 10.975, 11.180; Q10: 4.575, 4.536; Q50: 9.625, 9.624; Q90: 4.261, 4.372;
| 6  Horizon | RMSE: 32.038, 32.306; MAE: 19.679, 19.982; MAPE: 11.292, 11.653; Q10: 4.780, 4.811; Q50: 9.984, 10.117; Q90: 4.429, 4.636;
| 12 Horizon | RMSE: 34.013, 34.863; MAE: 21.163, 21.836; MAPE: 12.177, 12.774; Q10: 5.165, 5.291; Q50: 10.734, 11.051; Q90: 4.773, 5.109;
epoch 45 time used: 41  seconds  train loss: 17.501 val loss: 6.410137 test loss: 6.537825
Epoch 46: 
| 3  Horizon | RMSE: 30.753, 30.664; MAE: 19.013, 19.066; MAPE: 10.981, 11.186; Q10: 4.579, 4.542; Q50: 9.646, 9.655; Q90: 4.272, 4.393;
| 6  Horizon | RMSE: 32.050, 32.353; MAE: 19.699, 20.034; MAPE: 11.326, 11.714; Q10: 4.787, 4.830; Q50: 9.993, 10.142; Q90: 4.436, 4.648;
| 12 Horizon | RMSE: 34.007, 34.934; MAE: 21.188, 21.921; MAPE: 12.215, 12.869; Q10: 5.170, 5.313; Q50: 10.745, 11.093; Q90: 4.784, 5.136;
epoch 46 time used: 41  seconds  train loss: 17.497 val loss: 6.420189 test loss: 6.56182
Epoch 47: 
| 3  Horizon | RMSE: 30.769, 30.684; MAE: 18.990, 19.042; MAPE: 10.968, 11.174; Q10: 4.578, 4.543; Q50: 9.634, 9.643; Q90: 4.269, 4.390;
| 6  Horizon | RMSE: 32.069, 32.376; MAE: 19.680, 20.008; MAPE: 11.310, 11.688; Q10: 4.785, 4.824; Q50: 9.983, 10.130; Q90: 4.431, 4.643;
| 12 Horizon | RMSE: 34.038, 34.952; MAE: 21.162, 21.882; MAPE: 12.211, 12.854; Q10: 5.176, 5.322; Q50: 10.732, 11.073; Q90: 4.775, 5.120;
epoch 47 time used: 41  seconds  train loss: 17.495 val loss: 6.415526 test loss: 6.55515
Epoch 48: 
| 3  Horizon | RMSE: 30.736, 30.632; MAE: 18.980, 19.023; MAPE: 10.946, 11.148; Q10: 4.573, 4.534; Q50: 9.629, 9.633; Q90: 4.265, 4.383;
| 6  Horizon | RMSE: 32.037, 32.314; MAE: 19.671, 19.983; MAPE: 11.279, 11.652; Q10: 4.778, 4.811; Q50: 9.979, 10.117; Q90: 4.422, 4.628;
| 12 Horizon | RMSE: 34.005, 34.874; MAE: 21.155, 21.847; MAPE: 12.183, 12.810; Q10: 5.168, 5.308; Q50: 10.728, 11.055; Q90: 4.771, 5.106;
epoch 48 time used: 41  seconds  train loss: 17.491 val loss: 6.408994 test loss: 6.540742
Epoch 49: 
| 3  Horizon | RMSE: 30.791, 30.685; MAE: 18.985, 19.017; MAPE: 11.004, 11.202; Q10: 4.582, 4.545; Q50: 9.632, 9.631; Q90: 4.262, 4.374;
| 6  Horizon | RMSE: 32.051, 32.355; MAE: 19.667, 19.986; MAPE: 11.320, 11.681; Q10: 4.782, 4.820; Q50: 9.979, 10.121; Q90: 4.422, 4.630;
| 12 Horizon | RMSE: 33.959, 34.917; MAE: 21.102, 21.867; MAPE: 12.170, 12.856; Q10: 5.159, 5.307; Q50: 10.701, 11.065; Q90: 4.758, 5.116;
epoch 49 time used: 41  seconds  train loss: 17.489 val loss: 6.406316 test loss: 6.545447
Epoch 50: 
| 3  Horizon | RMSE: 30.744, 30.675; MAE: 18.995, 19.053; MAPE: 10.955, 11.158; Q10: 4.575, 4.539; Q50: 9.636, 9.649; Q90: 4.269, 4.392;
| 6  Horizon | RMSE: 32.039, 32.372; MAE: 19.676, 20.022; MAPE: 11.303, 11.697; Q10: 4.780, 4.824; Q50: 9.980, 10.136; Q90: 4.426, 4.639;
| 12 Horizon | RMSE: 33.981, 34.958; MAE: 21.158, 21.906; MAPE: 12.185, 12.823; Q10: 5.167, 5.320; Q50: 10.731, 11.086; Q90: 4.781, 5.140;
epoch 50 time used: 41  seconds  train loss: 17.48 val loss: 6.412405 test loss: 6.55691
Epoch 51: 
| 3  Horizon | RMSE: 30.766, 30.679; MAE: 18.985, 19.031; MAPE: 10.976, 11.178; Q10: 4.579, 4.544; Q50: 9.632, 9.638; Q90: 4.263, 4.379;
| 6  Horizon | RMSE: 32.057, 32.369; MAE: 19.696, 20.020; MAPE: 11.302, 11.673; Q10: 4.783, 4.822; Q50: 9.993, 10.138; Q90: 4.431, 4.641;
| 12 Horizon | RMSE: 34.035, 34.958; MAE: 21.202, 21.917; MAPE: 12.209, 12.838; Q10: 5.178, 5.323; Q50: 10.754, 11.092; Q90: 4.788, 5.137;
epoch 51 time used: 41  seconds  train loss: 17.478 val loss: 6.416813 test loss: 6.555371
Epoch 52: 
| 3  Horizon | RMSE: 30.734, 30.660; MAE: 18.978, 19.031; MAPE: 10.951, 11.160; Q10: 4.572, 4.538; Q50: 9.628, 9.638; Q90: 4.263, 4.384;
| 6  Horizon | RMSE: 32.021, 32.337; MAE: 19.660, 19.994; MAPE: 11.279, 11.669; Q10: 4.775, 4.816; Q50: 9.973, 10.122; Q90: 4.423, 4.635;
| 12 Horizon | RMSE: 33.980, 34.899; MAE: 21.116, 21.835; MAPE: 12.169, 12.803; Q10: 5.160, 5.304; Q50: 10.710, 11.051; Q90: 4.761, 5.105;
epoch 52 time used: 41  seconds  train loss: 17.475 val loss: 6.404446 test loss: 6.544674
Epoch 53: 
| 3  Horizon | RMSE: 30.736, 30.663; MAE: 18.978, 19.040; MAPE: 10.937, 11.158; Q10: 4.573, 4.540; Q50: 9.626, 9.640; Q90: 4.261, 4.384;
| 6  Horizon | RMSE: 32.025, 32.343; MAE: 19.661, 19.998; MAPE: 11.271, 11.656; Q10: 4.775, 4.816; Q50: 9.974, 10.125; Q90: 4.425, 4.640;
| 12 Horizon | RMSE: 33.959, 34.902; MAE: 21.111, 21.853; MAPE: 12.141, 12.790; Q10: 5.156, 5.296; Q50: 10.707, 11.058; Q90: 4.762, 5.118;
epoch 53 time used: 41  seconds  train loss: 17.474 val loss: 6.406003 test loss: 6.548322
Epoch 54: 
| 3  Horizon | RMSE: 30.758, 30.678; MAE: 18.977, 19.025; MAPE: 10.959, 11.157; Q10: 4.574, 4.539; Q50: 9.629, 9.636; Q90: 4.261, 4.378;
| 6  Horizon | RMSE: 32.056, 32.373; MAE: 19.669, 19.994; MAPE: 11.307, 11.670; Q10: 4.780, 4.822; Q50: 9.980, 10.125; Q90: 4.426, 4.635;
| 12 Horizon | RMSE: 34.015, 34.954; MAE: 21.170, 21.888; MAPE: 12.202, 12.795; Q10: 5.167, 5.312; Q50: 10.741, 11.080; Q90: 4.787, 5.138;
epoch 54 time used: 41  seconds  train loss: 17.473 val loss: 6.412208 test loss: 6.551088
Epoch 55: 
| 3  Horizon | RMSE: 30.745, 30.668; MAE: 18.987, 19.034; MAPE: 10.963, 11.166; Q10: 4.576, 4.541; Q50: 9.632, 9.639; Q90: 4.268, 4.386;
| 6  Horizon | RMSE: 32.041, 32.363; MAE: 19.670, 20.005; MAPE: 11.301, 11.702; Q10: 4.784, 4.829; Q50: 9.976, 10.126; Q90: 4.424, 4.633;
| 12 Horizon | RMSE: 33.984, 34.933; MAE: 21.145, 21.876; MAPE: 12.173, 12.822; Q10: 5.167, 5.315; Q50: 10.723, 11.070; Q90: 4.772, 5.122;
epoch 55 time used: 41  seconds  train loss: 17.464 val loss: 6.410932 test loss: 6.551328
Epoch 56: 
| 3  Horizon | RMSE: 30.754, 30.680; MAE: 18.973, 19.028; MAPE: 10.958, 11.173; Q10: 4.574, 4.541; Q50: 9.625, 9.635; Q90: 4.263, 4.385;
| 6  Horizon | RMSE: 32.041, 32.374; MAE: 19.669, 20.009; MAPE: 11.285, 11.676; Q10: 4.780, 4.823; Q50: 9.977, 10.130; Q90: 4.429, 4.647;
| 12 Horizon | RMSE: 33.994, 34.944; MAE: 21.129, 21.871; MAPE: 12.169, 12.834; Q10: 5.170, 5.321; Q50: 10.715, 11.067; Q90: 4.766, 5.121;
epoch 56 time used: 41  seconds  train loss: 17.464 val loss: 6.408395 test loss: 6.552514
Epoch 57: 
| 3  Horizon | RMSE: 30.748, 30.662; MAE: 18.980, 19.023; MAPE: 10.949, 11.147; Q10: 4.574, 4.536; Q50: 9.629, 9.634; Q90: 4.264, 4.385;
| 6  Horizon | RMSE: 32.042, 32.345; MAE: 19.655, 19.978; MAPE: 11.284, 11.665; Q10: 4.778, 4.817; Q50: 9.970, 10.115; Q90: 4.421, 4.630;
| 12 Horizon | RMSE: 33.978, 34.905; MAE: 21.140, 21.857; MAPE: 12.133, 12.744; Q10: 5.154, 5.285; Q50: 10.724, 11.064; Q90: 4.787, 5.149;
epoch 57 time used: 41  seconds  train loss: 17.463 val loss: 6.407954 test loss: 6.546092
Epoch 58: 
| 3  Horizon | RMSE: 30.743, 30.664; MAE: 18.981, 19.025; MAPE: 10.954, 11.165; Q10: 4.574, 4.538; Q50: 9.628, 9.633; Q90: 4.264, 4.381;
| 6  Horizon | RMSE: 32.036, 32.335; MAE: 19.673, 19.984; MAPE: 11.286, 11.667; Q10: 4.781, 4.819; Q50: 9.979, 10.118; Q90: 4.424, 4.630;
| 12 Horizon | RMSE: 34.005, 34.879; MAE: 21.171, 21.845; MAPE: 12.166, 12.766; Q10: 5.167, 5.298; Q50: 10.739, 11.056; Q90: 4.786, 5.127;
epoch 58 time used: 41  seconds  train loss: 17.459 val loss: 6.412627 test loss: 6.544818
Epoch 59: 
| 3  Horizon | RMSE: 30.736, 30.659; MAE: 18.988, 19.044; MAPE: 10.935, 11.160; Q10: 4.572, 4.538; Q50: 9.631, 9.641; Q90: 4.267, 4.389;
| 6  Horizon | RMSE: 32.030, 32.339; MAE: 19.673, 20.002; MAPE: 11.281, 11.686; Q10: 4.777, 4.818; Q50: 9.977, 10.124; Q90: 4.429, 4.642;
| 12 Horizon | RMSE: 33.988, 34.898; MAE: 21.140, 21.864; MAPE: 12.175, 12.855; Q10: 5.166, 5.307; Q50: 10.718, 11.061; Q90: 4.773, 5.123;
epoch 59 time used: 41  seconds  train loss: 17.459 val loss: 6.410318 test loss: 6.550331
Epoch 60: 
| 3  Horizon | RMSE: 30.744, 30.676; MAE: 18.977, 19.030; MAPE: 10.948, 11.154; Q10: 4.574, 4.540; Q50: 9.628, 9.637; Q90: 4.263, 4.384;
| 6  Horizon | RMSE: 32.038, 32.367; MAE: 19.668, 20.003; MAPE: 11.284, 11.678; Q10: 4.781, 4.824; Q50: 9.976, 10.126; Q90: 4.427, 4.642;
| 12 Horizon | RMSE: 33.995, 34.936; MAE: 21.149, 21.883; MAPE: 12.180, 12.844; Q10: 5.170, 5.319; Q50: 10.724, 11.072; Q90: 4.774, 5.124;
epoch 60 time used: 41  seconds  train loss: 17.453 val loss: 6.409089 test loss: 6.550859
Epoch 61: 
| 3  Horizon | RMSE: 30.745, 30.668; MAE: 18.981, 19.028; MAPE: 10.959, 11.163; Q10: 4.575, 4.540; Q50: 9.630, 9.636; Q90: 4.265, 4.383;
| 6  Horizon | RMSE: 32.047, 32.360; MAE: 19.668, 19.990; MAPE: 11.304, 11.688; Q10: 4.783, 4.824; Q50: 9.977, 10.121; Q90: 4.424, 4.633;
| 12 Horizon | RMSE: 33.998, 34.931; MAE: 21.139, 21.866; MAPE: 12.186, 12.840; Q10: 5.176, 5.325; Q50: 10.721, 11.065; Q90: 4.767, 5.116;
epoch 61 time used: 41  seconds  train loss: 17.453 val loss: 6.409901 test loss: 6.549226
Epoch 62: 
| 3  Horizon | RMSE: 30.745, 30.670; MAE: 18.969, 19.020; MAPE: 10.937, 11.151; Q10: 4.572, 4.538; Q50: 9.623, 9.631; Q90: 4.259, 4.378;
| 6  Horizon | RMSE: 32.043, 32.372; MAE: 19.667, 20.001; MAPE: 11.268, 11.653; Q10: 4.777, 4.818; Q50: 9.977, 10.127; Q90: 4.428, 4.644;
| 12 Horizon | RMSE: 34.019, 34.957; MAE: 21.153, 21.873; MAPE: 12.155, 12.774; Q10: 5.163, 5.303; Q50: 10.730, 11.070; Q90: 4.782, 5.137;
Early stopping at epoch: 62
Model  stgcn17  Best Results:
Epoch 52: 
=        =        Horizon  3        =        =        =        =        Horizon  6        =        =        =        =        Horizon  12       =        =       
RMSE     MAE      MAPE     Q10      Q50      Q90      RMSE     MAE      MAPE     Q10      Q50      Q90      RMSE     MAE      MAPE     Q10      Q50      Q90     
30.660   19.031   11.160   4.538    9.638    4.384    32.337   19.994   11.669   4.816    10.122   4.635    34.899   21.835   12.803   5.304    11.051   5.105   
Model Training Ended ... Sun Oct 15 18:19:18 2023
