nohup: ignoring input
pdate shape is:  (16992,)
./save/pems04_stgcn17_in12_out12_addtimeFalse_adjTrue_lr0.001_hc32_train0.7_val0.1_test0.2_seed233_lossquantile_versionstq18_s300sl7q2000_note: training started Sun Oct 15 17:35:58 2023
pdate shape is:  (16992,)
data load........
initial data shape is:  (16992, 307, 3)
train_mean shape : (307,)
train  :  (11873, 24, 307, 3)
val  :  (1697, 24, 307, 3)
test  :  (3388, 24, 307, 3)
Model Training Started ... Sun Oct 15 17:36:00 2023
TIMESTEP_IN, TIMESTEP_OUT 12 12
LOSS is : quantile
qcl init quantile loss is [0.010000000000000009, 0.5, 0.99]
Spatial CL target length = 1
Spatial CL target length = 2
Epoch 0: 
| 3  Horizon | RMSE: 37.686, 36.629; MAE: 24.970, 24.398; MAPE: 14.570, 14.745; Q10: 5.848, 5.682; Q50: 12.670, 12.363; Q90: 5.959, 5.906;
| 6  Horizon | RMSE: 41.337, 40.561; MAE: 27.477, 27.134; MAPE: 15.654, 16.010; Q10: 6.253, 6.107; Q50: 13.939, 13.744; Q90: 7.064, 7.022;
| 12 Horizon | RMSE: 52.702, 51.573; MAE: 35.314, 34.918; MAPE: 20.088, 20.480; Q10: 7.751, 7.576; Q50: 17.890, 17.668; Q90: 9.922, 9.363;
epoch 0 time used: 45  seconds  train loss: 26.024 val loss: 9.484425 test loss: 9.288593
Spatial CL target length = 3
Spatial CL target length = 4
Spatial CL target length = 5
Spatial CL target length = 6
Spatial CL target length = 7
Epoch 1: 
| 3  Horizon | RMSE: 32.901, 32.068; MAE: 21.216, 20.772; MAPE: 12.516, 12.673; Q10: 4.941, 4.794; Q50: 10.773, 10.536; Q90: 4.808, 4.753;
| 6  Horizon | RMSE: 35.580, 34.798; MAE: 23.046, 22.647; MAPE: 13.225, 13.392; Q10: 5.307, 5.168; Q50: 11.693, 11.477; Q90: 5.299, 5.295;
| 12 Horizon | RMSE: 40.754, 40.103; MAE: 26.848, 26.629; MAPE: 15.394, 15.726; Q10: 6.161, 6.000; Q50: 13.598, 13.470; Q90: 6.269, 6.312;
epoch 1 time used: 42  seconds  train loss: 23.577 val loss: 7.528485 test loss: 7.412218
Epoch 2: 
| 3  Horizon | RMSE: 33.448, 32.750; MAE: 21.642, 21.341; MAPE: 13.433, 13.591; Q10: 5.031, 4.895; Q50: 10.993, 10.827; Q90: 5.038, 5.001;
| 6  Horizon | RMSE: 35.775, 35.423; MAE: 23.247, 23.213; MAPE: 14.174, 14.476; Q10: 5.253, 5.204; Q50: 11.802, 11.769; Q90: 5.502, 5.518;
| 12 Horizon | RMSE: 38.844, 39.344; MAE: 25.479, 26.050; MAPE: 15.489, 16.097; Q10: 5.878, 5.969; Q50: 12.927, 13.194; Q90: 5.968, 6.118;
epoch 2 time used: 41  seconds  train loss: 21.089 val loss: 7.512584 test loss: 7.512777
Quantile cl loss is [0.009999999999999995, 0.5, 0.99]
Epoch 3: 
| 3  Horizon | RMSE: 31.697, 30.866; MAE: 20.017, 19.674; MAPE: 11.600, 11.675; Q10: 6.999, 6.803; Q50: 10.157, 9.970; Q90: 6.467, 6.393;
| 6  Horizon | RMSE: 33.483, 32.955; MAE: 21.255, 21.116; MAPE: 12.259, 12.453; Q10: 7.595, 7.368; Q50: 10.789, 10.703; Q90: 6.630, 6.607;
| 12 Horizon | RMSE: 37.018, 37.133; MAE: 23.950, 24.139; MAPE: 13.642, 14.086; Q10: 8.226, 7.950; Q50: 12.148, 12.222; Q90: 7.357, 7.425;
epoch 3 time used: 41  seconds  train loss: 14.065 val loss: 8.365005 test loss: 8.257048
Quantile cl loss is [0.020000000000000004, 0.5, 0.98]
Epoch 4: 
| 3  Horizon | RMSE: 31.392, 30.634; MAE: 19.955, 19.597; MAPE: 11.467, 11.608; Q10: 6.094, 5.901; Q50: 10.112, 9.913; Q90: 5.781, 5.773;
| 6  Horizon | RMSE: 33.154, 32.628; MAE: 21.137, 20.936; MAPE: 12.121, 12.281; Q10: 6.194, 6.000; Q50: 10.723, 10.601; Q90: 5.607, 5.643;
| 12 Horizon | RMSE: 36.331, 36.527; MAE: 23.427, 23.684; MAPE: 13.309, 13.814; Q10: 7.151, 6.912; Q50: 11.884, 11.989; Q90: 6.099, 6.264;
epoch 4 time used: 41  seconds  train loss: 12.522 val loss: 7.652694 test loss: 7.571398
Quantile cl loss is [0.03, 0.5, 0.97]
Epoch 5: 
| 3  Horizon | RMSE: 31.444, 30.744; MAE: 19.905, 19.577; MAPE: 11.526, 11.576; Q10: 5.527, 5.369; Q50: 10.104, 9.921; Q90: 4.987, 5.001;
| 6  Horizon | RMSE: 33.418, 32.960; MAE: 21.453, 21.257; MAPE: 12.854, 12.900; Q10: 6.122, 5.961; Q50: 10.906, 10.788; Q90: 5.161, 5.214;
| 12 Horizon | RMSE: 36.827, 36.869; MAE: 24.050, 24.080; MAPE: 14.503, 14.552; Q10: 6.824, 6.641; Q50: 12.231, 12.220; Q90: 5.816, 5.978;
epoch 5 time used: 41  seconds  train loss: 13.009 val loss: 7.396767 test loss: 7.330414
Epoch 6: 
| 3  Horizon | RMSE: 31.219, 30.717; MAE: 19.589, 19.403; MAPE: 11.322, 11.476; Q10: 5.658, 5.524; Q50: 9.936, 9.823; Q90: 5.253, 5.241;
| 6  Horizon | RMSE: 32.728, 32.605; MAE: 20.576, 20.615; MAPE: 11.848, 12.100; Q10: 5.893, 5.777; Q50: 10.442, 10.445; Q90: 5.663, 5.679;
| 12 Horizon | RMSE: 35.425, 36.088; MAE: 22.533, 22.991; MAPE: 13.018, 13.467; Q10: 6.339, 6.253; Q50: 11.436, 11.646; Q90: 5.845, 5.955;
epoch 6 time used: 41  seconds  train loss: 13.83 val loss: 7.307187 test loss: 7.286219
Quantile cl loss is [0.04, 0.5, 0.96]
Epoch 7: 
| 3  Horizon | RMSE: 31.436, 30.998; MAE: 19.986, 19.841; MAPE: 11.402, 11.587; Q10: 5.504, 5.386; Q50: 10.143, 10.054; Q90: 4.655, 4.684;
| 6  Horizon | RMSE: 32.970, 32.880; MAE: 20.957, 21.055; MAPE: 11.896, 12.233; Q10: 5.633, 5.540; Q50: 10.635, 10.667; Q90: 5.041, 5.108;
| 12 Horizon | RMSE: 35.398, 36.094; MAE: 22.665, 23.201; MAPE: 13.003, 13.589; Q10: 6.028, 5.992; Q50: 11.501, 11.750; Q90: 5.653, 5.823;
epoch 7 time used: 41  seconds  train loss: 14.368 val loss: 7.126351 test loss: 7.141387
Quantile cl loss is [0.05, 0.5, 0.95]
Epoch 8: 
| 3  Horizon | RMSE: 31.015, 30.534; MAE: 19.380, 19.197; MAPE: 11.240, 11.367; Q10: 4.847, 4.732; Q50: 9.831, 9.719; Q90: 4.652, 4.679;
| 6  Horizon | RMSE: 32.637, 32.523; MAE: 20.415, 20.495; MAPE: 11.980, 12.345; Q10: 5.085, 5.011; Q50: 10.344, 10.363; Q90: 4.997, 5.066;
| 12 Horizon | RMSE: 35.295, 35.981; MAE: 22.326, 22.910; MAPE: 13.088, 13.868; Q10: 5.464, 5.474; Q50: 11.315, 11.587; Q90: 5.438, 5.609;
epoch 8 time used: 41  seconds  train loss: 14.847 val loss: 6.806942 test loss: 6.823692
Quantile cl loss is [0.06000000000000001, 0.5, 0.94]
Epoch 9: 
| 3  Horizon | RMSE: 31.258, 30.775; MAE: 19.552, 19.379; MAPE: 11.265, 11.439; Q10: 4.836, 4.717; Q50: 9.915, 9.808; Q90: 4.635, 4.674;
| 6  Horizon | RMSE: 32.684, 32.596; MAE: 20.470, 20.578; MAPE: 11.822, 12.214; Q10: 5.062, 4.982; Q50: 10.375, 10.408; Q90: 4.844, 4.944;
| 12 Horizon | RMSE: 35.318, 36.031; MAE: 22.362, 22.949; MAPE: 12.981, 13.588; Q10: 5.489, 5.509; Q50: 11.344, 11.617; Q90: 5.180, 5.428;
epoch 9 time used: 41  seconds  train loss: 15.277 val loss: 6.784566 test loss: 6.822856
Epoch 10: 
| 3  Horizon | RMSE: 31.038, 30.587; MAE: 19.517, 19.353; MAPE: 11.237, 11.365; Q10: 4.935, 4.822; Q50: 9.907, 9.805; Q90: 4.396, 4.464;
| 6  Horizon | RMSE: 32.387, 32.198; MAE: 20.280, 20.314; MAPE: 11.677, 11.906; Q10: 5.139, 5.049; Q50: 10.295, 10.292; Q90: 4.602, 4.708;
| 12 Horizon | RMSE: 34.691, 35.098; MAE: 22.019, 22.460; MAPE: 12.626, 13.271; Q10: 5.631, 5.579; Q50: 11.165, 11.365; Q90: 5.007, 5.248;
epoch 10 time used: 41  seconds  train loss: 15.832 val loss: 6.717319 test loss: 6.739395
Quantile cl loss is [0.07, 0.5, 0.9299999999999999]
Epoch 11: 
| 3  Horizon | RMSE: 30.989, 30.554; MAE: 19.590, 19.435; MAPE: 11.860, 11.910; Q10: 4.740, 4.646; Q50: 9.954, 9.861; Q90: 4.403, 4.435;
| 6  Horizon | RMSE: 32.347, 32.217; MAE: 20.260, 20.322; MAPE: 12.047, 12.206; Q10: 4.906, 4.867; Q50: 10.292, 10.305; Q90: 4.605, 4.693;
| 12 Horizon | RMSE: 34.599, 35.136; MAE: 21.997, 22.426; MAPE: 13.111, 13.434; Q10: 5.385, 5.428; Q50: 11.174, 11.368; Q90: 4.996, 5.198;
epoch 11 time used: 59  seconds  train loss: 16.269 val loss: 6.648562 test loss: 6.682186
Quantile cl loss is [0.08, 0.5, 0.92]
Epoch 12: 
| 3  Horizon | RMSE: 30.901, 30.466; MAE: 19.286, 19.144; MAPE: 11.325, 11.411; Q10: 4.670, 4.577; Q50: 9.787, 9.698; Q90: 4.379, 4.428;
| 6  Horizon | RMSE: 32.317, 32.246; MAE: 20.084, 20.203; MAPE: 11.657, 11.934; Q10: 4.839, 4.813; Q50: 10.187, 10.229; Q90: 4.610, 4.721;
| 12 Horizon | RMSE: 34.378, 35.078; MAE: 21.624, 22.209; MAPE: 12.612, 13.135; Q10: 5.299, 5.361; Q50: 10.974, 11.248; Q90: 4.937, 5.172;
epoch 12 time used: 58  seconds  train loss: 16.668 val loss: 6.563973 test loss: 6.616056
Epoch 13: 
| 3  Horizon | RMSE: 31.020, 30.556; MAE: 19.320, 19.201; MAPE: 11.246, 11.435; Q10: 4.628, 4.535; Q50: 9.796, 9.717; Q90: 4.388, 4.438;
| 6  Horizon | RMSE: 32.271, 32.171; MAE: 20.182, 20.281; MAPE: 11.780, 11.950; Q10: 4.936, 4.887; Q50: 10.250, 10.279; Q90: 4.544, 4.665;
| 12 Horizon | RMSE: 34.545, 35.011; MAE: 21.837, 22.295; MAPE: 12.627, 13.030; Q10: 5.314, 5.349; Q50: 11.084, 11.290; Q90: 4.970, 5.174;
epoch 13 time used: 58  seconds  train loss: 17.051 val loss: 6.583231 test loss: 6.623052
Quantile cl loss is [0.09, 0.5, 0.91]
Epoch 14: 
| 3  Horizon | RMSE: 30.872, 30.482; MAE: 19.347, 19.238; MAPE: 11.222, 11.316; Q10: 4.645, 4.557; Q50: 9.824, 9.751; Q90: 4.371, 4.439;
| 6  Horizon | RMSE: 32.237, 32.134; MAE: 20.092, 20.210; MAPE: 11.528, 11.783; Q10: 4.859, 4.823; Q50: 10.197, 10.237; Q90: 4.511, 4.646;
| 12 Horizon | RMSE: 34.455, 34.937; MAE: 21.740, 22.218; MAPE: 12.508, 12.983; Q10: 5.252, 5.324; Q50: 11.032, 11.249; Q90: 4.902, 5.146;
epoch 14 time used: 58  seconds  train loss: 17.646 val loss: 6.540314 test loss: 6.598338
Quantile cl loss is [0.1, 0.5, 0.9]
Epoch 15: 
| 3  Horizon | RMSE: 30.853, 30.491; MAE: 19.248, 19.179; MAPE: 11.304, 11.439; Q10: 4.633, 4.552; Q50: 9.774, 9.724; Q90: 4.336, 4.418;
| 6  Horizon | RMSE: 32.168, 32.152; MAE: 19.966, 20.151; MAPE: 11.569, 11.853; Q10: 4.812, 4.795; Q50: 10.136, 10.212; Q90: 4.507, 4.666;
| 12 Horizon | RMSE: 34.391, 34.977; MAE: 21.538, 22.118; MAPE: 12.466, 13.071; Q10: 5.207, 5.320; Q50: 10.920, 11.192; Q90: 4.863, 5.128;
epoch 15 time used: 59  seconds  train loss: 17.896 val loss: 6.499725 test loss: 6.579321
Epoch 16: 
| 3  Horizon | RMSE: 30.792, 30.458; MAE: 19.197, 19.152; MAPE: 11.184, 11.336; Q10: 4.611, 4.525; Q50: 9.742, 9.702; Q90: 4.326, 4.419;
| 6  Horizon | RMSE: 32.127, 32.148; MAE: 19.975, 20.205; MAPE: 11.555, 11.908; Q10: 4.810, 4.799; Q50: 10.131, 10.229; Q90: 4.505, 4.680;
| 12 Horizon | RMSE: 34.222, 34.958; MAE: 21.659, 22.318; MAPE: 12.596, 13.150; Q10: 5.217, 5.327; Q50: 10.994, 11.305; Q90: 4.893, 5.213;
epoch 16 time used: 58  seconds  train loss: 18.08 val loss: 6.509331 test loss: 6.604765
Epoch 17: 
| 3  Horizon | RMSE: 30.917, 30.555; MAE: 19.239, 19.161; MAPE: 11.183, 11.333; Q10: 4.620, 4.535; Q50: 9.763, 9.706; Q90: 4.322, 4.403;
| 6  Horizon | RMSE: 32.287, 32.291; MAE: 20.056, 20.270; MAPE: 11.670, 12.052; Q10: 4.852, 4.850; Q50: 10.166, 10.255; Q90: 4.500, 4.663;
| 12 Horizon | RMSE: 34.372, 35.038; MAE: 21.685, 22.335; MAPE: 12.758, 13.491; Q10: 5.274, 5.397; Q50: 10.982, 11.289; Q90: 4.877, 5.163;
epoch 17 time used: 58  seconds  train loss: 18.032 val loss: 6.529134 test loss: 6.621094
Epoch 18: 
| 3  Horizon | RMSE: 30.855, 30.587; MAE: 19.179, 19.174; MAPE: 11.036, 11.277; Q10: 4.600, 4.538; Q50: 9.726, 9.705; Q90: 4.315, 4.403;
| 6  Horizon | RMSE: 32.172, 32.274; MAE: 19.900, 20.170; MAPE: 11.471, 11.906; Q10: 4.804, 4.822; Q50: 10.088, 10.204; Q90: 4.494, 4.664;
| 12 Horizon | RMSE: 34.252, 35.061; MAE: 21.489, 22.197; MAPE: 12.279, 12.936; Q10: 5.226, 5.319; Q50: 10.900, 11.234; Q90: 4.850, 5.164;
epoch 18 time used: 58  seconds  train loss: 17.998 val loss: 6.481354 test loss: 6.588462
Epoch 19: 
| 3  Horizon | RMSE: 30.767, 30.460; MAE: 19.129, 19.117; MAPE: 11.083, 11.284; Q10: 4.591, 4.523; Q50: 9.699, 9.676; Q90: 4.313, 4.419;
| 6  Horizon | RMSE: 32.158, 32.182; MAE: 19.893, 20.148; MAPE: 11.621, 11.998; Q10: 4.805, 4.809; Q50: 10.080, 10.191; Q90: 4.474, 4.647;
| 12 Horizon | RMSE: 34.363, 34.958; MAE: 21.548, 22.118; MAPE: 12.600, 13.045; Q10: 5.202, 5.309; Q50: 10.938, 11.204; Q90: 4.919, 5.187;
epoch 19 time used: 58  seconds  train loss: 17.967 val loss: 6.487117 test loss: 6.586907
Epoch 20: 
| 3  Horizon | RMSE: 30.758, 30.537; MAE: 19.207, 19.222; MAPE: 11.250, 11.413; Q10: 4.608, 4.544; Q50: 9.748, 9.737; Q90: 4.320, 4.419;
| 6  Horizon | RMSE: 32.124, 32.236; MAE: 19.982, 20.238; MAPE: 11.765, 12.040; Q10: 4.831, 4.840; Q50: 10.144, 10.253; Q90: 4.502, 4.671;
| 12 Horizon | RMSE: 34.311, 35.012; MAE: 21.661, 22.265; MAPE: 12.865, 13.313; Q10: 5.253, 5.381; Q50: 10.997, 11.277; Q90: 4.887, 5.162;
epoch 20 time used: 58  seconds  train loss: 17.875 val loss: 6.515999 test loss: 6.619292
Epoch 21: 
| 3  Horizon | RMSE: 30.751, 30.462; MAE: 19.115, 19.076; MAPE: 11.166, 11.313; Q10: 4.596, 4.522; Q50: 9.703, 9.665; Q90: 4.300, 4.386;
| 6  Horizon | RMSE: 32.035, 32.110; MAE: 19.824, 20.065; MAPE: 11.461, 11.815; Q10: 4.801, 4.798; Q50: 10.058, 10.162; Q90: 4.470, 4.640;
| 12 Horizon | RMSE: 34.140, 34.852; MAE: 21.394, 22.053; MAPE: 12.438, 13.118; Q10: 5.214, 5.338; Q50: 10.850, 11.161; Q90: 4.819, 5.115;
epoch 21 time used: 57  seconds  train loss: 17.857 val loss: 6.462924 test loss: 6.563249
Epoch 22: 
| 3  Horizon | RMSE: 30.819, 30.536; MAE: 19.139, 19.088; MAPE: 11.086, 11.208; Q10: 4.596, 4.519; Q50: 9.715, 9.671; Q90: 4.301, 4.388;
| 6  Horizon | RMSE: 32.165, 32.229; MAE: 19.887, 20.081; MAPE: 11.513, 11.734; Q10: 4.808, 4.794; Q50: 10.097, 10.174; Q90: 4.499, 4.663;
| 12 Horizon | RMSE: 34.247, 34.901; MAE: 21.411, 21.989; MAPE: 12.312, 12.800; Q10: 5.194, 5.283; Q50: 10.862, 11.129; Q90: 4.847, 5.132;
epoch 22 time used: 57  seconds  train loss: 17.839 val loss: 6.47581 test loss: 6.560534
Epoch 23: 
| 3  Horizon | RMSE: 30.769, 30.528; MAE: 19.067, 19.055; MAPE: 11.063, 11.241; Q10: 4.584, 4.524; Q50: 9.672, 9.649; Q90: 4.286, 4.381;
| 6  Horizon | RMSE: 32.091, 32.218; MAE: 19.776, 20.037; MAPE: 11.437, 11.773; Q10: 4.788, 4.794; Q50: 10.035, 10.150; Q90: 4.452, 4.630;
| 12 Horizon | RMSE: 34.191, 34.929; MAE: 21.359, 21.981; MAPE: 12.524, 12.971; Q10: 5.192, 5.297; Q50: 10.845, 11.137; Q90: 4.833, 5.145;
epoch 23 time used: 58  seconds  train loss: 17.816 val loss: 6.45278 test loss: 6.55918
Epoch 24: 
| 3  Horizon | RMSE: 30.788, 30.525; MAE: 19.090, 19.079; MAPE: 11.082, 11.278; Q10: 4.607, 4.536; Q50: 9.683, 9.659; Q90: 4.289, 4.387;
| 6  Horizon | RMSE: 32.079, 32.191; MAE: 19.830, 20.073; MAPE: 11.487, 11.772; Q10: 4.812, 4.804; Q50: 10.065, 10.168; Q90: 4.463, 4.644;
| 12 Horizon | RMSE: 34.233, 34.893; MAE: 21.377, 21.988; MAPE: 12.396, 12.960; Q10: 5.213, 5.304; Q50: 10.843, 11.128; Q90: 4.824, 5.120;
epoch 24 time used: 58  seconds  train loss: 17.798 val loss: 6.465676 test loss: 6.563817
Epoch 25: 
| 3  Horizon | RMSE: 30.721, 30.516; MAE: 19.071, 19.074; MAPE: 11.097, 11.257; Q10: 4.585, 4.519; Q50: 9.678, 9.662; Q90: 4.288, 4.394;
| 6  Horizon | RMSE: 31.988, 32.175; MAE: 19.786, 20.081; MAPE: 11.435, 11.748; Q10: 4.791, 4.790; Q50: 10.042, 10.172; Q90: 4.449, 4.648;
| 12 Horizon | RMSE: 33.974, 34.804; MAE: 21.261, 21.981; MAPE: 12.249, 12.843; Q10: 5.168, 5.280; Q50: 10.785, 11.127; Q90: 4.802, 5.158;
epoch 25 time used: 58  seconds  train loss: 17.737 val loss: 6.442956 test loss: 6.562577
Epoch 26: 
| 3  Horizon | RMSE: 30.749, 30.558; MAE: 19.058, 19.077; MAPE: 11.054, 11.269; Q10: 4.591, 4.533; Q50: 9.666, 9.659; Q90: 4.284, 4.386;
| 6  Horizon | RMSE: 32.023, 32.218; MAE: 19.771, 20.069; MAPE: 11.410, 11.776; Q10: 4.789, 4.803; Q50: 10.030, 10.161; Q90: 4.452, 4.641;
| 12 Horizon | RMSE: 34.292, 35.071; MAE: 21.519, 22.262; MAPE: 12.808, 13.626; Q10: 5.238, 5.380; Q50: 10.894, 11.248; Q90: 4.825, 5.129;
epoch 26 time used: 58  seconds  train loss: 17.722 val loss: 6.449403 test loss: 6.570123
Epoch 27: 
| 3  Horizon | RMSE: 30.710, 30.569; MAE: 19.073, 19.103; MAPE: 11.174, 11.358; Q10: 4.594, 4.541; Q50: 9.684, 9.682; Q90: 4.287, 4.400;
| 6  Horizon | RMSE: 31.980, 32.236; MAE: 19.813, 20.128; MAPE: 11.523, 11.847; Q10: 4.796, 4.811; Q50: 10.059, 10.201; Q90: 4.454, 4.662;
| 12 Horizon | RMSE: 34.004, 34.862; MAE: 21.324, 22.039; MAPE: 12.364, 12.939; Q10: 5.182, 5.306; Q50: 10.821, 11.160; Q90: 4.820, 5.166;
epoch 27 time used: 58  seconds  train loss: 17.71 val loss: 6.446184 test loss: 6.574637
Epoch 28: 
| 3  Horizon | RMSE: 30.678, 30.549; MAE: 19.084, 19.138; MAPE: 11.001, 11.187; Q10: 4.580, 4.528; Q50: 9.684, 9.694; Q90: 4.296, 4.419;
| 6  Horizon | RMSE: 31.966, 32.212; MAE: 19.764, 20.116; MAPE: 11.320, 11.700; Q10: 4.776, 4.796; Q50: 10.026, 10.185; Q90: 4.464, 4.677;
| 12 Horizon | RMSE: 33.975, 34.838; MAE: 21.242, 21.990; MAPE: 12.223, 12.786; Q10: 5.162, 5.278; Q50: 10.777, 11.132; Q90: 4.821, 5.179;
epoch 28 time used: 58  seconds  train loss: 17.696 val loss: 6.439975 test loss: 6.575645
Epoch 29: 
| 3  Horizon | RMSE: 30.656, 30.474; MAE: 19.036, 19.050; MAPE: 11.065, 11.231; Q10: 4.573, 4.517; Q50: 9.662, 9.651; Q90: 4.284, 4.393;
| 6  Horizon | RMSE: 31.944, 32.136; MAE: 19.764, 20.054; MAPE: 11.473, 11.749; Q10: 4.775, 4.786; Q50: 10.035, 10.162; Q90: 4.476, 4.680;
| 12 Horizon | RMSE: 33.914, 34.736; MAE: 21.173, 21.924; MAPE: 12.256, 12.954; Q10: 5.164, 5.298; Q50: 10.735, 11.092; Q90: 4.782, 5.130;
epoch 29 time used: 58  seconds  train loss: 17.686 val loss: 6.427893 test loss: 6.555835
Epoch 30: 
| 3  Horizon | RMSE: 30.618, 30.459; MAE: 19.047, 19.080; MAPE: 11.047, 11.209; Q10: 4.572, 4.515; Q50: 9.668, 9.667; Q90: 4.288, 4.401;
| 6  Horizon | RMSE: 31.944, 32.098; MAE: 19.709, 19.996; MAPE: 11.418, 11.756; Q10: 4.782, 4.794; Q50: 10.001, 10.126; Q90: 4.434, 4.625;
| 12 Horizon | RMSE: 33.973, 34.732; MAE: 21.222, 21.926; MAPE: 12.364, 12.996; Q10: 5.190, 5.319; Q50: 10.762, 11.095; Q90: 4.777, 5.094;
epoch 30 time used: 58  seconds  train loss: 17.64 val loss: 6.42704 test loss: 6.548149
Epoch 31: 
| 3  Horizon | RMSE: 30.597, 30.466; MAE: 19.013, 19.066; MAPE: 10.948, 11.179; Q10: 4.566, 4.517; Q50: 9.643, 9.653; Q90: 4.289, 4.413;
| 6  Horizon | RMSE: 31.864, 32.087; MAE: 19.708, 20.024; MAPE: 11.303, 11.671; Q10: 4.771, 4.780; Q50: 10.000, 10.142; Q90: 4.450, 4.661;
| 12 Horizon | RMSE: 33.857, 34.650; MAE: 21.130, 21.850; MAPE: 12.212, 12.870; Q10: 5.152, 5.260; Q50: 10.715, 11.057; Q90: 4.774, 5.125;
epoch 31 time used: 58  seconds  train loss: 17.634 val loss: 6.416893 test loss: 6.546315
Epoch 32: 
| 3  Horizon | RMSE: 30.611, 30.465; MAE: 18.995, 19.046; MAPE: 10.971, 11.203; Q10: 4.574, 4.525; Q50: 9.634, 9.642; Q90: 4.273, 4.391;
| 6  Horizon | RMSE: 31.907, 32.120; MAE: 19.714, 20.053; MAPE: 11.389, 11.820; Q10: 4.785, 4.808; Q50: 9.996, 10.149; Q90: 4.435, 4.636;
| 12 Horizon | RMSE: 33.887, 34.728; MAE: 21.221, 21.967; MAPE: 12.280, 12.940; Q10: 5.174, 5.304; Q50: 10.762, 11.117; Q90: 4.798, 5.161;
epoch 32 time used: 58  seconds  train loss: 17.625 val loss: 6.422833 test loss: 6.561103
Epoch 33: 
| 3  Horizon | RMSE: 30.648, 30.573; MAE: 19.082, 19.157; MAPE: 10.940, 11.177; Q10: 4.569, 4.525; Q50: 9.680, 9.701; Q90: 4.302, 4.434;
| 6  Horizon | RMSE: 31.893, 32.145; MAE: 19.741, 20.092; MAPE: 11.291, 11.721; Q10: 4.778, 4.800; Q50: 10.011, 10.170; Q90: 4.461, 4.682;
| 12 Horizon | RMSE: 33.926, 34.728; MAE: 21.218, 21.944; MAPE: 12.228, 12.889; Q10: 5.177, 5.293; Q50: 10.760, 11.104; Q90: 4.792, 5.150;
epoch 33 time used: 58  seconds  train loss: 17.616 val loss: 6.433619 test loss: 6.573265
Epoch 34: 
| 3  Horizon | RMSE: 30.608, 30.461; MAE: 18.998, 19.029; MAPE: 10.981, 11.211; Q10: 4.573, 4.526; Q50: 9.635, 9.634; Q90: 4.271, 4.380;
| 6  Horizon | RMSE: 31.953, 32.145; MAE: 19.731, 20.034; MAPE: 11.419, 11.840; Q10: 4.790, 4.818; Q50: 10.002, 10.137; Q90: 4.432, 4.624;
| 12 Horizon | RMSE: 33.995, 34.795; MAE: 21.258, 22.008; MAPE: 12.490, 13.255; Q10: 5.196, 5.340; Q50: 10.767, 11.124; Q90: 4.781, 5.115;
epoch 34 time used: 58  seconds  train loss: 17.607 val loss: 6.424467 test loss: 6.554475
Epoch 35: 
| 3  Horizon | RMSE: 30.607, 30.453; MAE: 18.991, 19.019; MAPE: 10.989, 11.215; Q10: 4.568, 4.517; Q50: 9.632, 9.628; Q90: 4.266, 4.378;
| 6  Horizon | RMSE: 31.873, 32.067; MAE: 19.687, 19.983; MAPE: 11.342, 11.717; Q10: 4.773, 4.787; Q50: 9.987, 10.117; Q90: 4.433, 4.635;
| 12 Horizon | RMSE: 33.905, 34.665; MAE: 21.228, 21.885; MAPE: 12.232, 12.757; Q10: 5.157, 5.250; Q50: 10.772, 11.080; Q90: 4.813, 5.161;
epoch 35 time used: 58  seconds  train loss: 17.576 val loss: 6.417433 test loss: 6.538529
Epoch 36: 
| 3  Horizon | RMSE: 30.615, 30.481; MAE: 19.001, 19.056; MAPE: 10.975, 11.229; Q10: 4.566, 4.521; Q50: 9.636, 9.646; Q90: 4.270, 4.389;
| 6  Horizon | RMSE: 31.908, 32.096; MAE: 19.701, 20.022; MAPE: 11.360, 11.802; Q10: 4.775, 4.797; Q50: 9.989, 10.133; Q90: 4.432, 4.639;
| 12 Horizon | RMSE: 33.911, 34.639; MAE: 21.191, 21.870; MAPE: 12.207, 12.854; Q10: 5.160, 5.267; Q50: 10.746, 11.066; Q90: 4.801, 5.154;
epoch 36 time used: 58  seconds  train loss: 17.574 val loss: 6.415501 test loss: 6.544856
Epoch 37: 
| 3  Horizon | RMSE: 30.612, 30.470; MAE: 18.972, 19.017; MAPE: 10.955, 11.189; Q10: 4.569, 4.520; Q50: 9.623, 9.628; Q90: 4.264, 4.378;
| 6  Horizon | RMSE: 31.894, 32.108; MAE: 19.693, 20.013; MAPE: 11.299, 11.678; Q10: 4.775, 4.790; Q50: 9.991, 10.134; Q90: 4.437, 4.647;
| 12 Horizon | RMSE: 33.939, 34.695; MAE: 21.174, 21.865; MAPE: 12.205, 12.802; Q10: 5.170, 5.274; Q50: 10.740, 11.066; Q90: 4.783, 5.128;
epoch 37 time used: 58  seconds  train loss: 17.566 val loss: 6.413544 test loss: 6.539547
Epoch 38: 
| 3  Horizon | RMSE: 30.626, 30.484; MAE: 18.973, 19.009; MAPE: 10.958, 11.182; Q10: 4.571, 4.521; Q50: 9.625, 9.627; Q90: 4.264, 4.376;
| 6  Horizon | RMSE: 31.911, 32.124; MAE: 19.677, 19.982; MAPE: 11.330, 11.696; Q10: 4.777, 4.792; Q50: 9.984, 10.121; Q90: 4.429, 4.627;
| 12 Horizon | RMSE: 33.905, 34.720; MAE: 21.162, 21.890; MAPE: 12.222, 12.871; Q10: 5.166, 5.286; Q50: 10.733, 11.079; Q90: 4.787, 5.146;
epoch 38 time used: 59  seconds  train loss: 17.559 val loss: 6.41224 test loss: 6.542724
Epoch 39: 
| 3  Horizon | RMSE: 30.601, 30.487; MAE: 18.979, 19.019; MAPE: 10.979, 11.173; Q10: 4.570, 4.524; Q50: 9.631, 9.632; Q90: 4.269, 4.384;
| 6  Horizon | RMSE: 31.886, 32.113; MAE: 19.680, 19.986; MAPE: 11.310, 11.672; Q10: 4.776, 4.793; Q50: 9.985, 10.120; Q90: 4.432, 4.637;
| 12 Horizon | RMSE: 33.882, 34.675; MAE: 21.137, 21.823; MAPE: 12.201, 12.790; Q10: 5.162, 5.278; Q50: 10.722, 11.045; Q90: 4.776, 5.122;
epoch 39 time used: 58  seconds  train loss: 17.554 val loss: 6.412428 test loss: 6.539988
Epoch 40: 
| 3  Horizon | RMSE: 30.571, 30.471; MAE: 18.969, 19.035; MAPE: 10.946, 11.185; Q10: 4.564, 4.521; Q50: 9.621, 9.637; Q90: 4.262, 4.385;
| 6  Horizon | RMSE: 31.860, 32.117; MAE: 19.709, 20.040; MAPE: 11.358, 11.692; Q10: 4.773, 4.790; Q50: 10.003, 10.151; Q90: 4.442, 4.662;
| 12 Horizon | RMSE: 33.883, 34.697; MAE: 21.183, 21.921; MAPE: 12.242, 12.883; Q10: 5.169, 5.285; Q50: 10.742, 11.092; Q90: 4.785, 5.150;
epoch 40 time used: 58  seconds  train loss: 17.533 val loss: 6.410679 test loss: 6.548377
Epoch 41: 
| 3  Horizon | RMSE: 30.596, 30.504; MAE: 18.971, 19.016; MAPE: 10.979, 11.183; Q10: 4.566, 4.526; Q50: 9.626, 9.632; Q90: 4.260, 4.370;
| 6  Horizon | RMSE: 31.892, 32.159; MAE: 19.664, 19.991; MAPE: 11.322, 11.690; Q10: 4.770, 4.799; Q50: 9.977, 10.123; Q90: 4.421, 4.622;
| 12 Horizon | RMSE: 33.879, 34.771; MAE: 21.134, 21.904; MAPE: 12.161, 12.805; Q10: 5.158, 5.285; Q50: 10.718, 11.085; Q90: 4.773, 5.134;
epoch 41 time used: 47  seconds  train loss: 17.529 val loss: 6.404425 test loss: 6.54185
Epoch 42: 
| 3  Horizon | RMSE: 30.600, 30.514; MAE: 18.978, 19.043; MAPE: 10.966, 11.192; Q10: 4.566, 4.527; Q50: 9.628, 9.644; Q90: 4.268, 4.386;
| 6  Horizon | RMSE: 31.878, 32.149; MAE: 19.668, 20.012; MAPE: 11.326, 11.710; Q10: 4.773, 4.799; Q50: 9.979, 10.134; Q90: 4.431, 4.642;
| 12 Horizon | RMSE: 33.896, 34.745; MAE: 21.142, 21.895; MAPE: 12.223, 12.876; Q10: 5.165, 5.291; Q50: 10.722, 11.081; Q90: 4.778, 5.139;
epoch 42 time used: 46  seconds  train loss: 17.524 val loss: 6.408945 test loss: 6.549907
Epoch 43: 
| 3  Horizon | RMSE: 30.587, 30.480; MAE: 18.967, 19.011; MAPE: 10.966, 11.174; Q10: 4.567, 4.522; Q50: 9.623, 9.628; Q90: 4.269, 4.383;
| 6  Horizon | RMSE: 31.891, 32.127; MAE: 19.665, 19.981; MAPE: 11.344, 11.721; Q10: 4.776, 4.799; Q50: 9.976, 10.117; Q90: 4.427, 4.627;
| 12 Horizon | RMSE: 33.869, 34.729; MAE: 21.149, 21.891; MAPE: 12.214, 12.811; Q10: 5.161, 5.282; Q50: 10.729, 11.081; Q90: 4.782, 5.143;
epoch 43 time used: 47  seconds  train loss: 17.522 val loss: 6.408521 test loss: 6.542671
Epoch 44: 
| 3  Horizon | RMSE: 30.592, 30.502; MAE: 19.006, 19.057; MAPE: 11.075, 11.251; Q10: 4.570, 4.529; Q50: 9.649, 9.658; Q90: 4.274, 4.395;
| 6  Horizon | RMSE: 31.876, 32.112; MAE: 19.682, 19.987; MAPE: 11.409, 11.721; Q10: 4.776, 4.795; Q50: 9.991, 10.127; Q90: 4.434, 4.645;
| 12 Horizon | RMSE: 33.873, 34.664; MAE: 21.157, 21.852; MAPE: 12.223, 12.786; Q10: 5.165, 5.271; Q50: 10.733, 11.063; Q90: 4.774, 5.124;
epoch 44 time used: 47  seconds  train loss: 17.517 val loss: 6.413712 test loss: 6.544538
Epoch 45: 
| 3  Horizon | RMSE: 30.609, 30.479; MAE: 18.954, 18.986; MAPE: 10.957, 11.170; Q10: 4.563, 4.519; Q50: 9.615, 9.613; Q90: 4.259, 4.368;
| 6  Horizon | RMSE: 31.853, 32.072; MAE: 19.656, 19.958; MAPE: 11.291, 11.652; Q10: 4.769, 4.786; Q50: 9.973, 10.107; Q90: 4.427, 4.632;
| 12 Horizon | RMSE: 33.884, 34.619; MAE: 21.141, 21.802; MAPE: 12.181, 12.755; Q10: 5.159, 5.262; Q50: 10.724, 11.035; Q90: 4.779, 5.117;
epoch 45 time used: 47  seconds  train loss: 17.503 val loss: 6.403386 test loss: 6.525401
Epoch 46: 
| 3  Horizon | RMSE: 30.567, 30.503; MAE: 18.975, 19.055; MAPE: 10.956, 11.189; Q10: 4.564, 4.528; Q50: 9.626, 9.649; Q90: 4.269, 4.395;
| 6  Horizon | RMSE: 31.848, 32.122; MAE: 19.660, 20.013; MAPE: 11.322, 11.723; Q10: 4.775, 4.807; Q50: 9.973, 10.133; Q90: 4.430, 4.648;
| 12 Horizon | RMSE: 33.856, 34.704; MAE: 21.151, 21.902; MAPE: 12.218, 12.868; Q10: 5.165, 5.288; Q50: 10.726, 11.083; Q90: 4.783, 5.149;
epoch 46 time used: 47  seconds  train loss: 17.499 val loss: 6.408795 test loss: 6.553621
Epoch 47: 
| 3  Horizon | RMSE: 30.581, 30.508; MAE: 18.957, 19.028; MAPE: 10.946, 11.179; Q10: 4.565, 4.527; Q50: 9.616, 9.635; Q90: 4.264, 4.389;
| 6  Horizon | RMSE: 31.866, 32.130; MAE: 19.646, 19.988; MAPE: 11.312, 11.705; Q10: 4.774, 4.801; Q50: 9.966, 10.120; Q90: 4.425, 4.640;
| 12 Horizon | RMSE: 33.899, 34.710; MAE: 21.135, 21.867; MAPE: 12.232, 12.882; Q10: 5.174, 5.300; Q50: 10.717, 11.065; Q90: 4.773, 5.128;
epoch 47 time used: 47  seconds  train loss: 17.497 val loss: 6.405319 test loss: 6.545841
Epoch 48: 
| 3  Horizon | RMSE: 30.554, 30.463; MAE: 18.947, 19.008; MAPE: 10.918, 11.150; Q10: 4.560, 4.518; Q50: 9.611, 9.625; Q90: 4.260, 4.380;
| 6  Horizon | RMSE: 31.836, 32.071; MAE: 19.637, 19.958; MAPE: 11.272, 11.660; Q10: 4.767, 4.787; Q50: 9.961, 10.105; Q90: 4.417, 4.624;
| 12 Horizon | RMSE: 33.866, 34.621; MAE: 21.122, 21.813; MAPE: 12.187, 12.810; Q10: 5.164, 5.279; Q50: 10.711, 11.038; Q90: 4.771, 5.113;
epoch 48 time used: 47  seconds  train loss: 17.493 val loss: 6.399086 test loss: 6.529154
Epoch 49: 
| 3  Horizon | RMSE: 30.615, 30.504; MAE: 18.964, 19.002; MAPE: 10.992, 11.200; Q10: 4.570, 4.528; Q50: 9.622, 9.624; Q90: 4.262, 4.373;
| 6  Horizon | RMSE: 31.855, 32.109; MAE: 19.637, 19.964; MAPE: 11.317, 11.687; Q10: 4.771, 4.796; Q50: 9.964, 10.111; Q90: 4.421, 4.629;
| 12 Horizon | RMSE: 33.814, 34.673; MAE: 21.065, 21.841; MAPE: 12.173, 12.857; Q10: 5.155, 5.283; Q50: 10.682, 11.052; Q90: 4.756, 5.125;
epoch 49 time used: 47  seconds  train loss: 17.491 val loss: 6.397722 test loss: 6.535498
Epoch 50: 
| 3  Horizon | RMSE: 30.553, 30.498; MAE: 18.959, 19.039; MAPE: 10.932, 11.159; Q10: 4.561, 4.524; Q50: 9.618, 9.642; Q90: 4.265, 4.390;
| 6  Horizon | RMSE: 31.832, 32.118; MAE: 19.643, 20.000; MAPE: 11.296, 11.696; Q10: 4.769, 4.800; Q50: 9.964, 10.125; Q90: 4.422, 4.636;
| 12 Horizon | RMSE: 33.833, 34.703; MAE: 21.124, 21.879; MAPE: 12.194, 12.821; Q10: 5.163, 5.290; Q50: 10.714, 11.073; Q90: 4.780, 5.148;
epoch 50 time used: 47  seconds  train loss: 17.482 val loss: 6.401871 test loss: 6.546145
Epoch 51: 
| 3  Horizon | RMSE: 30.582, 30.499; MAE: 18.954, 19.015; MAPE: 10.950, 11.171; Q10: 4.565, 4.527; Q50: 9.616, 9.630; Q90: 4.259, 4.375;
| 6  Horizon | RMSE: 31.851, 32.126; MAE: 19.658, 20.000; MAPE: 11.293, 11.673; Q10: 4.770, 4.798; Q50: 9.974, 10.129; Q90: 4.427, 4.640;
| 12 Horizon | RMSE: 33.882, 34.712; MAE: 21.163, 21.891; MAPE: 12.199, 12.821; Q10: 5.172, 5.294; Q50: 10.734, 11.080; Q90: 4.787, 5.149;
epoch 51 time used: 47  seconds  train loss: 17.48 val loss: 6.405728 test loss: 6.544677
Epoch 52: 
| 3  Horizon | RMSE: 30.553, 30.487; MAE: 18.945, 19.016; MAPE: 10.933, 11.162; Q10: 4.559, 4.522; Q50: 9.612, 9.631; Q90: 4.259, 4.382;
| 6  Horizon | RMSE: 31.826, 32.094; MAE: 19.627, 19.971; MAPE: 11.275, 11.676; Q10: 4.764, 4.792; Q50: 9.956, 10.112; Q90: 4.419, 4.635;
| 12 Horizon | RMSE: 33.847, 34.649; MAE: 21.089, 21.812; MAPE: 12.178, 12.801; Q10: 5.157, 5.276; Q50: 10.697, 11.039; Q90: 4.764, 5.117;
epoch 52 time used: 47  seconds  train loss: 17.476 val loss: 6.394793 test loss: 6.534751
Epoch 53: 
| 3  Horizon | RMSE: 30.548, 30.487; MAE: 18.941, 19.023; MAPE: 10.914, 11.156; Q10: 4.559, 4.524; Q50: 9.608, 9.632; Q90: 4.256, 4.380;
| 6  Horizon | RMSE: 31.817, 32.100; MAE: 19.624, 19.977; MAPE: 11.267, 11.655; Q10: 4.762, 4.792; Q50: 9.956, 10.116; Q90: 4.419, 4.637;
| 12 Horizon | RMSE: 33.806, 34.659; MAE: 21.070, 21.830; MAPE: 12.144, 12.790; Q10: 5.149, 5.268; Q50: 10.686, 11.047; Q90: 4.761, 5.130;
epoch 53 time used: 47  seconds  train loss: 17.475 val loss: 6.394279 test loss: 6.538649
Epoch 54: 
| 3  Horizon | RMSE: 30.572, 30.495; MAE: 18.945, 19.007; MAPE: 10.946, 11.161; Q10: 4.560, 4.524; Q50: 9.613, 9.627; Q90: 4.258, 4.376;
| 6  Horizon | RMSE: 31.853, 32.118; MAE: 19.637, 19.971; MAPE: 11.308, 11.680; Q10: 4.768, 4.797; Q50: 9.965, 10.115; Q90: 4.423, 4.633;
| 12 Horizon | RMSE: 33.863, 34.699; MAE: 21.129, 21.858; MAPE: 12.210, 12.796; Q10: 5.160, 5.284; Q50: 10.720, 11.066; Q90: 4.786, 5.147;
epoch 54 time used: 47  seconds  train loss: 17.475 val loss: 6.401762 test loss: 6.54026
Epoch 55: 
| 3  Horizon | RMSE: 30.556, 30.489; MAE: 18.950, 19.017; MAPE: 10.937, 11.165; Q10: 4.563, 4.526; Q50: 9.613, 9.630; Q90: 4.262, 4.382;
| 6  Horizon | RMSE: 31.839, 32.110; MAE: 19.634, 19.979; MAPE: 11.293, 11.703; Q10: 4.773, 4.805; Q50: 9.958, 10.113; Q90: 4.418, 4.629;
| 12 Horizon | RMSE: 33.834, 34.678; MAE: 21.105, 21.845; MAPE: 12.176, 12.815; Q10: 5.163, 5.290; Q50: 10.703, 11.054; Q90: 4.767, 5.126;
epoch 55 time used: 47  seconds  train loss: 17.466 val loss: 6.398988 test loss: 6.53955
Epoch 56: 
| 3  Horizon | RMSE: 30.561, 30.498; MAE: 18.941, 19.017; MAPE: 10.930, 11.169; Q10: 4.559, 4.525; Q50: 9.608, 9.629; Q90: 4.259, 4.385;
| 6  Horizon | RMSE: 31.826, 32.119; MAE: 19.632, 19.993; MAPE: 11.272, 11.675; Q10: 4.766, 4.797; Q50: 9.959, 10.122; Q90: 4.426, 4.650;
| 12 Horizon | RMSE: 33.836, 34.678; MAE: 21.092, 21.845; MAPE: 12.164, 12.821; Q10: 5.163, 5.289; Q50: 10.696, 11.054; Q90: 4.767, 5.136;
epoch 56 time used: 47  seconds  train loss: 17.465 val loss: 6.397179 test loss: 6.543289
Epoch 57: 
| 3  Horizon | RMSE: 30.561, 30.484; MAE: 18.948, 19.008; MAPE: 10.928, 11.149; Q10: 4.560, 4.521; Q50: 9.614, 9.627; Q90: 4.261, 4.383;
| 6  Horizon | RMSE: 31.839, 32.090; MAE: 19.621, 19.953; MAPE: 11.278, 11.666; Q10: 4.766, 4.791; Q50: 9.954, 10.103; Q90: 4.418, 4.629;
| 12 Horizon | RMSE: 33.816, 34.653; MAE: 21.095, 21.832; MAPE: 12.133, 12.737; Q10: 5.146, 5.257; Q50: 10.702, 11.052; Q90: 4.784, 5.160;
epoch 57 time used: 47  seconds  train loss: 17.464 val loss: 6.396358 test loss: 6.535411
Epoch 58: 
| 3  Horizon | RMSE: 30.551, 30.483; MAE: 18.947, 19.011; MAPE: 10.920, 11.153; Q10: 4.559, 4.523; Q50: 9.611, 9.626; Q90: 4.260, 4.379;
| 6  Horizon | RMSE: 31.826, 32.080; MAE: 19.636, 19.961; MAPE: 11.275, 11.663; Q10: 4.768, 4.793; Q50: 9.961, 10.106; Q90: 4.420, 4.628;
| 12 Horizon | RMSE: 33.843, 34.619; MAE: 21.126, 21.812; MAPE: 12.165, 12.752; Q10: 5.160, 5.267; Q50: 10.716, 11.040; Q90: 4.781, 5.134;
epoch 58 time used: 47  seconds  train loss: 17.46 val loss: 6.400916 test loss: 6.533683
Epoch 59: 
| 3  Horizon | RMSE: 30.544, 30.486; MAE: 18.950, 19.031; MAPE: 10.907, 11.155; Q10: 4.558, 4.523; Q50: 9.612, 9.635; Q90: 4.263, 4.388;
| 6  Horizon | RMSE: 31.820, 32.088; MAE: 19.632, 19.978; MAPE: 11.266, 11.681; Q10: 4.766, 4.793; Q50: 9.957, 10.113; Q90: 4.423, 4.641;
| 12 Horizon | RMSE: 33.836, 34.637; MAE: 21.101, 21.832; MAPE: 12.178, 12.847; Q10: 5.162, 5.278; Q50: 10.699, 11.045; Q90: 4.770, 5.132;
epoch 59 time used: 47  seconds  train loss: 17.46 val loss: 6.39833 test loss: 6.539857
Epoch 60: 
| 3  Horizon | RMSE: 30.557, 30.492; MAE: 18.945, 19.014; MAPE: 10.926, 11.151; Q10: 4.559, 4.523; Q50: 9.611, 9.629; Q90: 4.260, 4.382;
| 6  Horizon | RMSE: 31.833, 32.106; MAE: 19.634, 19.978; MAPE: 11.273, 11.672; Q10: 4.769, 4.798; Q50: 9.959, 10.114; Q90: 4.423, 4.640;
| 12 Horizon | RMSE: 33.847, 34.666; MAE: 21.111, 21.846; MAPE: 12.181, 12.828; Q10: 5.165, 5.288; Q50: 10.705, 11.054; Q90: 4.773, 5.132;
epoch 60 time used: 47  seconds  train loss: 17.454 val loss: 6.398295 test loss: 6.538922
Epoch 61: 
| 3  Horizon | RMSE: 30.555, 30.487; MAE: 18.949, 19.011; MAPE: 10.941, 11.162; Q10: 4.562, 4.525; Q50: 9.614, 9.628; Q90: 4.262, 4.381;
| 6  Horizon | RMSE: 31.840, 32.102; MAE: 19.637, 19.966; MAPE: 11.301, 11.689; Q10: 4.772, 4.799; Q50: 9.962, 10.109; Q90: 4.422, 4.632;
| 12 Horizon | RMSE: 33.846, 34.668; MAE: 21.109, 21.840; MAPE: 12.195, 12.836; Q10: 5.173, 5.299; Q50: 10.706, 11.052; Q90: 4.766, 5.125;
epoch 61 time used: 47  seconds  train loss: 17.454 val loss: 6.400456 test loss: 6.538539
Epoch 62: 
| 3  Horizon | RMSE: 30.555, 30.490; MAE: 18.937, 19.004; MAPE: 10.914, 11.141; Q10: 4.558, 4.522; Q50: 9.607, 9.624; Q90: 4.256, 4.375;
| 6  Horizon | RMSE: 31.832, 32.119; MAE: 19.629, 19.977; MAPE: 11.263, 11.650; Q10: 4.764, 4.793; Q50: 9.959, 10.116; Q90: 4.424, 4.643;
| 12 Horizon | RMSE: 33.855, 34.698; MAE: 21.107, 21.845; MAPE: 12.155, 12.763; Q10: 5.155, 5.273; Q50: 10.707, 11.057; Q90: 4.780, 5.150;
epoch 62 time used: 47  seconds  train loss: 17.453 val loss: 6.396178 test loss: 6.537853
Epoch 63: 
| 3  Horizon | RMSE: 30.552, 30.491; MAE: 18.942, 19.017; MAPE: 10.919, 11.162; Q10: 4.559, 4.524; Q50: 9.608, 9.629; Q90: 4.259, 4.382;
| 6  Horizon | RMSE: 31.821, 32.110; MAE: 19.640, 19.987; MAPE: 11.277, 11.659; Q10: 4.766, 4.791; Q50: 9.965, 10.122; Q90: 4.424, 4.643;
| 12 Horizon | RMSE: 33.836, 34.670; MAE: 21.113, 21.844; MAPE: 12.161, 12.785; Q10: 5.159, 5.273; Q50: 10.709, 11.055; Q90: 4.775, 5.140;
Early stopping at epoch: 63
Model  stgcn17  Best Results:
Epoch 53: 
=        =        Horizon  3        =        =        =        =        Horizon  6        =        =        =        =        Horizon  12       =        =       
RMSE     MAE      MAPE     Q10      Q50      Q90      RMSE     MAE      MAPE     Q10      Q50      Q90      RMSE     MAE      MAPE     Q10      Q50      Q90     
30.487   19.023   11.156   4.524    9.632    4.380    32.100   19.977   11.655   4.792    10.116   4.637    34.659   21.830   12.790   5.268    11.047   5.130   
Model Training Ended ... Sun Oct 15 18:31:16 2023
