nohup: ignoring input
pdate shape is:  (16992,)
./save/pems04_stgcn17_in12_out12_addtimeFalse_adjTrue_lr0.001_hc32_train0.7_val0.1_test0.2_seed233_lossquantile_versionstq18_s300slen7q200_note: training started Sun Oct 15 17:35:49 2023
pdate shape is:  (16992,)
data load........
initial data shape is:  (16992, 307, 3)
train_mean shape : (307,)
train  :  (11873, 24, 307, 3)
val  :  (1697, 24, 307, 3)
test  :  (3388, 24, 307, 3)
Model Training Started ... Sun Oct 15 17:35:51 2023
TIMESTEP_IN, TIMESTEP_OUT 12 12
LOSS is : quantile
qcl init quantile loss is [0.010000000000000009, 0.5, 0.99]
Spatial CL target length = 1
Spatial CL target length = 2
Epoch 0: 
| 3  Horizon | RMSE: 37.686, 36.629; MAE: 24.970, 24.398; MAPE: 14.570, 14.745; Q10: 5.848, 5.682; Q50: 12.670, 12.363; Q90: 5.959, 5.906;
| 6  Horizon | RMSE: 41.337, 40.561; MAE: 27.477, 27.134; MAPE: 15.654, 16.010; Q10: 6.253, 6.107; Q50: 13.939, 13.744; Q90: 7.064, 7.022;
| 12 Horizon | RMSE: 52.702, 51.573; MAE: 35.314, 34.918; MAPE: 20.088, 20.480; Q10: 7.751, 7.576; Q50: 17.890, 17.668; Q90: 9.922, 9.363;
epoch 0 time used: 43  seconds  train loss: 26.024 val loss: 9.484425 test loss: 9.288593
Spatial CL target length = 3
Spatial CL target length = 4
Spatial CL target length = 5
Spatial CL target length = 6
Spatial CL target length = 7
Epoch 1: 
| 3  Horizon | RMSE: 32.901, 32.068; MAE: 21.216, 20.772; MAPE: 12.516, 12.673; Q10: 4.941, 4.794; Q50: 10.773, 10.536; Q90: 4.808, 4.753;
| 6  Horizon | RMSE: 35.580, 34.798; MAE: 23.046, 22.647; MAPE: 13.225, 13.392; Q10: 5.307, 5.168; Q50: 11.693, 11.477; Q90: 5.299, 5.295;
| 12 Horizon | RMSE: 40.754, 40.103; MAE: 26.848, 26.629; MAPE: 15.394, 15.726; Q10: 6.161, 6.000; Q50: 13.598, 13.470; Q90: 6.269, 6.312;
epoch 1 time used: 41  seconds  train loss: 23.577 val loss: 7.528485 test loss: 7.412218
Quantile cl loss is [0.009999999999999995, 0.5, 0.99]
Quantile cl loss is [0.020000000000000004, 0.5, 0.98]
Quantile cl loss is [0.03, 0.5, 0.97]
Quantile cl loss is [0.04, 0.5, 0.96]
Quantile cl loss is [0.05, 0.5, 0.95]
Quantile cl loss is [0.06000000000000001, 0.5, 0.94]
Quantile cl loss is [0.07, 0.5, 0.9299999999999999]
Quantile cl loss is [0.08, 0.5, 0.92]
Epoch 2: 
| 3  Horizon | RMSE: 33.386, 32.673; MAE: 21.591, 21.279; MAPE: 13.275, 13.419; Q10: 4.976, 4.836; Q50: 10.964, 10.792; Q90: 5.197, 5.150;
| 6  Horizon | RMSE: 35.775, 35.423; MAE: 23.274, 23.243; MAPE: 14.152, 14.463; Q10: 5.260, 5.193; Q50: 11.814, 11.782; Q90: 5.811, 5.812;
| 12 Horizon | RMSE: 39.048, 39.543; MAE: 25.743, 26.310; MAPE: 15.856, 16.467; Q10: 5.958, 5.959; Q50: 13.063, 13.328; Q90: 6.266, 6.398;
epoch 2 time used: 43  seconds  train loss: 16.286 val loss: 7.605509 test loss: 7.589146
Quantile cl loss is [0.09, 0.5, 0.91]
Quantile cl loss is [0.1, 0.5, 0.9]
Epoch 3: 
| 3  Horizon | RMSE: 31.788, 30.976; MAE: 20.096, 19.784; MAPE: 11.649, 11.753; Q10: 4.830, 4.682; Q50: 10.195, 10.024; Q90: 4.552, 4.544;
| 6  Horizon | RMSE: 33.569, 33.082; MAE: 21.322, 21.238; MAPE: 12.296, 12.551; Q10: 5.105, 5.012; Q50: 10.820, 10.763; Q90: 4.925, 4.998;
| 12 Horizon | RMSE: 37.400, 37.557; MAE: 24.286, 24.517; MAPE: 13.841, 14.338; Q10: 5.790, 5.766; Q50: 12.317, 12.414; Q90: 5.509, 5.698;
epoch 3 time used: 41  seconds  train loss: 20.146 val loss: 7.008418 test loss: 6.984288
Epoch 4: 
| 3  Horizon | RMSE: 31.363, 30.630; MAE: 19.974, 19.632; MAPE: 11.488, 11.635; Q10: 4.736, 4.596; Q50: 10.119, 9.927; Q90: 4.513, 4.514;
| 6  Horizon | RMSE: 33.087, 32.583; MAE: 21.125, 20.941; MAPE: 12.105, 12.288; Q10: 4.996, 4.901; Q50: 10.713, 10.600; Q90: 4.852, 4.883;
| 12 Horizon | RMSE: 36.212, 36.460; MAE: 23.386, 23.659; MAPE: 13.372, 13.863; Q10: 5.530, 5.560; Q50: 11.863, 11.975; Q90: 5.413, 5.575;
epoch 4 time used: 40  seconds  train loss: 19.82 val loss: 6.892738 test loss: 6.859495
Epoch 5: 
| 3  Horizon | RMSE: 31.412, 30.746; MAE: 19.909, 19.586; MAPE: 11.486, 11.539; Q10: 4.721, 4.579; Q50: 10.105, 9.925; Q90: 4.526, 4.535;
| 6  Horizon | RMSE: 33.348, 32.941; MAE: 21.394, 21.216; MAPE: 12.703, 12.760; Q10: 5.017, 4.917; Q50: 10.875, 10.767; Q90: 4.962, 5.013;
| 12 Horizon | RMSE: 36.592, 36.765; MAE: 23.802, 23.894; MAPE: 13.986, 14.128; Q10: 5.562, 5.537; Q50: 12.096, 12.118; Q90: 5.346, 5.532;
epoch 5 time used: 41  seconds  train loss: 19.316 val loss: 6.90443 test loss: 6.870105
Epoch 6: 
| 3  Horizon | RMSE: 31.148, 30.675; MAE: 19.567, 19.392; MAPE: 11.305, 11.476; Q10: 4.689, 4.582; Q50: 9.923, 9.817; Q90: 4.444, 4.474;
| 6  Horizon | RMSE: 32.660, 32.591; MAE: 20.544, 20.606; MAPE: 11.823, 12.101; Q10: 4.932, 4.888; Q50: 10.425, 10.439; Q90: 4.666, 4.752;
| 12 Horizon | RMSE: 35.302, 36.093; MAE: 22.465, 22.966; MAPE: 12.942, 13.455; Q10: 5.363, 5.455; Q50: 11.399, 11.631; Q90: 5.100, 5.312;
epoch 6 time used: 41  seconds  train loss: 19.128 val loss: 6.697907 test loss: 6.73222
Epoch 7: 
| 3  Horizon | RMSE: 31.420, 30.993; MAE: 19.957, 19.824; MAPE: 11.380, 11.566; Q10: 4.739, 4.635; Q50: 10.128, 10.045; Q90: 4.478, 4.540;
| 6  Horizon | RMSE: 32.904, 32.862; MAE: 20.877, 21.004; MAPE: 11.859, 12.205; Q10: 4.956, 4.919; Q50: 10.595, 10.641; Q90: 4.661, 4.784;
| 12 Horizon | RMSE: 35.260, 36.103; MAE: 22.548, 23.143; MAPE: 12.963, 13.597; Q10: 5.360, 5.486; Q50: 11.440, 11.718; Q90: 5.107, 5.370;
epoch 7 time used: 41  seconds  train loss: 18.954 val loss: 6.763046 test loss: 6.823794
Epoch 8: 
| 3  Horizon | RMSE: 30.982, 30.515; MAE: 19.347, 19.187; MAPE: 11.209, 11.375; Q10: 4.637, 4.536; Q50: 9.812, 9.712; Q90: 4.371, 4.413;
| 6  Horizon | RMSE: 32.624, 32.556; MAE: 20.412, 20.525; MAPE: 12.050, 12.452; Q10: 4.881, 4.867; Q50: 10.338, 10.374; Q90: 4.610, 4.713;
| 12 Horizon | RMSE: 35.145, 35.952; MAE: 22.231, 22.857; MAPE: 13.059, 13.869; Q10: 5.333, 5.476; Q50: 11.264, 11.557; Q90: 5.004, 5.230;
epoch 8 time used: 41  seconds  train loss: 18.847 val loss: 6.615397 test loss: 6.669046
Epoch 9: 
| 3  Horizon | RMSE: 31.249, 30.787; MAE: 19.522, 19.365; MAPE: 11.261, 11.435; Q10: 4.668, 4.558; Q50: 9.902, 9.801; Q90: 4.404, 4.453;
| 6  Horizon | RMSE: 32.668, 32.601; MAE: 20.420, 20.544; MAPE: 11.778, 12.176; Q10: 4.890, 4.848; Q50: 10.352, 10.391; Q90: 4.614, 4.732;
| 12 Horizon | RMSE: 35.208, 35.925; MAE: 22.276, 22.838; MAPE: 12.948, 13.517; Q10: 5.347, 5.466; Q50: 11.302, 11.561; Q90: 5.004, 5.260;
epoch 9 time used: 41  seconds  train loss: 18.715 val loss: 6.653578 test loss: 6.710598
Epoch 10: 
| 3  Horizon | RMSE: 31.081, 30.681; MAE: 19.529, 19.398; MAPE: 11.219, 11.368; Q10: 4.665, 4.557; Q50: 9.912, 9.828; Q90: 4.427, 4.506;
| 6  Horizon | RMSE: 32.415, 32.298; MAE: 20.269, 20.345; MAPE: 11.657, 11.903; Q10: 4.867, 4.808; Q50: 10.289, 10.308; Q90: 4.591, 4.723;
| 12 Horizon | RMSE: 34.641, 35.166; MAE: 21.974, 22.471; MAPE: 12.596, 13.257; Q10: 5.274, 5.313; Q50: 11.142, 11.370; Q90: 5.011, 5.283;
epoch 10 time used: 42  seconds  train loss: 18.485 val loss: 6.625165 test loss: 6.67423
Epoch 11: 
| 3  Horizon | RMSE: 30.992, 30.587; MAE: 19.521, 19.387; MAPE: 11.715, 11.757; Q10: 4.652, 4.556; Q50: 9.918, 9.834; Q90: 4.429, 4.480;
| 6  Horizon | RMSE: 32.357, 32.280; MAE: 20.207, 20.299; MAPE: 11.944, 12.110; Q10: 4.851, 4.829; Q50: 10.263, 10.292; Q90: 4.584, 4.700;
| 12 Horizon | RMSE: 34.549, 35.167; MAE: 21.910, 22.372; MAPE: 12.961, 13.340; Q10: 5.274, 5.373; Q50: 11.127, 11.338; Q90: 4.946, 5.180;
epoch 11 time used: 46  seconds  train loss: 18.414 val loss: 6.606578 test loss: 6.659633
Epoch 12: 
| 3  Horizon | RMSE: 30.943, 30.557; MAE: 19.274, 19.163; MAPE: 11.313, 11.403; Q10: 4.637, 4.544; Q50: 9.781, 9.708; Q90: 4.341, 4.410;
| 6  Horizon | RMSE: 32.355, 32.360; MAE: 20.061, 20.219; MAPE: 11.650, 11.931; Q10: 4.837, 4.827; Q50: 10.177, 10.238; Q90: 4.532, 4.667;
| 12 Horizon | RMSE: 34.353, 35.143; MAE: 21.608, 22.214; MAPE: 12.629, 13.152; Q10: 5.221, 5.324; Q50: 10.967, 11.252; Q90: 4.891, 5.156;
epoch 12 time used: 46  seconds  train loss: 18.355 val loss: 6.535184 test loss: 6.605688
Epoch 13: 
| 3  Horizon | RMSE: 31.039, 30.610; MAE: 19.317, 19.233; MAPE: 11.262, 11.474; Q10: 4.629, 4.537; Q50: 9.795, 9.733; Q90: 4.335, 4.405;
| 6  Horizon | RMSE: 32.309, 32.250; MAE: 20.175, 20.301; MAPE: 11.745, 11.928; Q10: 4.867, 4.829; Q50: 10.245, 10.288; Q90: 4.548, 4.694;
| 12 Horizon | RMSE: 34.531, 35.063; MAE: 21.823, 22.310; MAPE: 12.616, 13.052; Q10: 5.247, 5.316; Q50: 11.076, 11.298; Q90: 4.969, 5.200;
epoch 13 time used: 46  seconds  train loss: 18.285 val loss: 6.561316 test loss: 6.618584
Epoch 14: 
| 3  Horizon | RMSE: 30.906, 30.569; MAE: 19.333, 19.249; MAPE: 11.167, 11.267; Q10: 4.624, 4.539; Q50: 9.815, 9.754; Q90: 4.391, 4.468;
| 6  Horizon | RMSE: 32.270, 32.236; MAE: 20.094, 20.233; MAPE: 11.508, 11.768; Q10: 4.833, 4.807; Q50: 10.197, 10.248; Q90: 4.515, 4.665;
| 12 Horizon | RMSE: 34.393, 34.969; MAE: 21.705, 22.201; MAPE: 12.454, 12.969; Q10: 5.220, 5.314; Q50: 11.012, 11.239; Q90: 4.902, 5.163;
epoch 14 time used: 46  seconds  train loss: 18.239 val loss: 6.535627 test loss: 6.605311
Epoch 15: 
| 3  Horizon | RMSE: 30.938, 30.611; MAE: 19.275, 19.229; MAPE: 11.349, 11.475; Q10: 4.648, 4.573; Q50: 9.789, 9.749; Q90: 4.333, 4.419;
| 6  Horizon | RMSE: 32.240, 32.297; MAE: 19.975, 20.184; MAPE: 11.582, 11.856; Q10: 4.816, 4.810; Q50: 10.141, 10.229; Q90: 4.502, 4.668;
| 12 Horizon | RMSE: 34.341, 35.046; MAE: 21.503, 22.105; MAPE: 12.439, 13.041; Q10: 5.198, 5.323; Q50: 10.904, 11.187; Q90: 4.851, 5.122;
epoch 15 time used: 45  seconds  train loss: 18.09 val loss: 6.499522 test loss: 6.588662
Epoch 16: 
| 3  Horizon | RMSE: 30.857, 30.554; MAE: 19.210, 19.183; MAPE: 11.204, 11.361; Q10: 4.617, 4.538; Q50: 9.748, 9.717; Q90: 4.329, 4.425;
| 6  Horizon | RMSE: 32.185, 32.264; MAE: 19.984, 20.234; MAPE: 11.584, 11.936; Q10: 4.811, 4.809; Q50: 10.136, 10.243; Q90: 4.503, 4.687;
| 12 Horizon | RMSE: 34.201, 35.013; MAE: 21.645, 22.315; MAPE: 12.590, 13.178; Q10: 5.205, 5.324; Q50: 10.986, 11.304; Q90: 4.882, 5.209;
epoch 16 time used: 45  seconds  train loss: 18.062 val loss: 6.508581 test loss: 6.611177
Epoch 17: 
| 3  Horizon | RMSE: 30.979, 30.674; MAE: 19.235, 19.192; MAPE: 11.156, 11.325; Q10: 4.625, 4.547; Q50: 9.760, 9.720; Q90: 4.321, 4.408;
| 6  Horizon | RMSE: 32.350, 32.452; MAE: 20.050, 20.297; MAPE: 11.649, 12.048; Q10: 4.852, 4.862; Q50: 10.162, 10.267; Q90: 4.500, 4.670;
| 12 Horizon | RMSE: 34.374, 35.168; MAE: 21.669, 22.337; MAPE: 12.715, 13.460; Q10: 5.266, 5.400; Q50: 10.974, 11.290; Q90: 4.864, 5.162;
epoch 17 time used: 45  seconds  train loss: 18.02 val loss: 6.526308 test loss: 6.629268
Epoch 18: 
| 3  Horizon | RMSE: 30.941, 30.714; MAE: 19.198, 19.225; MAPE: 11.060, 11.348; Q10: 4.610, 4.556; Q50: 9.734, 9.728; Q90: 4.313, 4.410;
| 6  Horizon | RMSE: 32.257, 32.441; MAE: 19.925, 20.222; MAPE: 11.505, 11.982; Q10: 4.810, 4.841; Q50: 10.099, 10.227; Q90: 4.491, 4.667;
| 12 Horizon | RMSE: 34.231, 35.154; MAE: 21.478, 22.203; MAPE: 12.294, 12.993; Q10: 5.210, 5.319; Q50: 10.894, 11.236; Q90: 4.839, 5.160;
epoch 18 time used: 45  seconds  train loss: 17.986 val loss: 6.483452 test loss: 6.599773
Epoch 19: 
| 3  Horizon | RMSE: 30.877, 30.608; MAE: 19.145, 19.154; MAPE: 11.099, 11.315; Q10: 4.602, 4.542; Q50: 9.706, 9.693; Q90: 4.309, 4.414;
| 6  Horizon | RMSE: 32.280, 32.394; MAE: 19.922, 20.193; MAPE: 11.612, 11.996; Q10: 4.817, 4.835; Q50: 10.097, 10.213; Q90: 4.476, 4.650;
| 12 Horizon | RMSE: 34.386, 35.134; MAE: 21.586, 22.167; MAPE: 12.627, 13.079; Q10: 5.207, 5.331; Q50: 10.958, 11.230; Q90: 4.916, 5.181;
epoch 19 time used: 45  seconds  train loss: 17.957 val loss: 6.493326 test loss: 6.598914
Epoch 20: 
| 3  Horizon | RMSE: 30.887, 30.703; MAE: 19.266, 19.288; MAPE: 11.329, 11.461; Q10: 4.624, 4.567; Q50: 9.779, 9.771; Q90: 4.323, 4.426;
| 6  Horizon | RMSE: 32.221, 32.412; MAE: 20.031, 20.293; MAPE: 11.837, 12.073; Q10: 4.841, 4.859; Q50: 10.170, 10.282; Q90: 4.505, 4.681;
| 12 Horizon | RMSE: 34.307, 35.129; MAE: 21.693, 22.295; MAPE: 12.889, 13.331; Q10: 5.255, 5.389; Q50: 11.014, 11.293; Q90: 4.886, 5.166;
epoch 20 time used: 46  seconds  train loss: 17.867 val loss: 6.527746 test loss: 6.636103
Epoch 21: 
| 3  Horizon | RMSE: 30.854, 30.588; MAE: 19.129, 19.111; MAPE: 11.136, 11.303; Q10: 4.604, 4.537; Q50: 9.708, 9.681; Q90: 4.300, 4.391;
| 6  Horizon | RMSE: 32.130, 32.261; MAE: 19.852, 20.103; MAPE: 11.457, 11.830; Q10: 4.804, 4.811; Q50: 10.071, 10.178; Q90: 4.473, 4.647;
| 12 Horizon | RMSE: 34.153, 34.942; MAE: 21.415, 22.068; MAPE: 12.446, 13.146; Q10: 5.211, 5.340; Q50: 10.859, 11.166; Q90: 4.820, 5.111;
epoch 21 time used: 46  seconds  train loss: 17.85 val loss: 6.468499 test loss: 6.572927
Epoch 22: 
| 3  Horizon | RMSE: 30.916, 30.658; MAE: 19.159, 19.131; MAPE: 11.078, 11.217; Q10: 4.605, 4.536; Q50: 9.725, 9.691; Q90: 4.298, 4.392;
| 6  Horizon | RMSE: 32.238, 32.364; MAE: 19.903, 20.110; MAPE: 11.496, 11.741; Q10: 4.813, 4.809; Q50: 10.104, 10.187; Q90: 4.495, 4.666;
| 12 Horizon | RMSE: 34.244, 34.993; MAE: 21.433, 22.017; MAPE: 12.317, 12.839; Q10: 5.191, 5.291; Q50: 10.874, 11.144; Q90: 4.847, 5.133;
epoch 22 time used: 46  seconds  train loss: 17.831 val loss: 6.479355 test loss: 6.571734
Epoch 23: 
| 3  Horizon | RMSE: 30.878, 30.635; MAE: 19.096, 19.092; MAPE: 11.087, 11.265; Q10: 4.596, 4.540; Q50: 9.687, 9.668; Q90: 4.287, 4.383;
| 6  Horizon | RMSE: 32.174, 32.333; MAE: 19.807, 20.066; MAPE: 11.449, 11.783; Q10: 4.796, 4.807; Q50: 10.051, 10.163; Q90: 4.454, 4.633;
| 12 Horizon | RMSE: 34.175, 34.994; MAE: 21.393, 22.016; MAPE: 12.513, 12.990; Q10: 5.193, 5.303; Q50: 10.863, 11.156; Q90: 4.827, 5.145;
epoch 23 time used: 46  seconds  train loss: 17.81 val loss: 6.462262 test loss: 6.570307
Epoch 24: 
| 3  Horizon | RMSE: 30.886, 30.624; MAE: 19.115, 19.113; MAPE: 11.108, 11.308; Q10: 4.611, 4.545; Q50: 9.696, 9.676; Q90: 4.291, 4.391;
| 6  Horizon | RMSE: 32.148, 32.295; MAE: 19.852, 20.087; MAPE: 11.514, 11.780; Q10: 4.812, 4.812; Q50: 10.077, 10.175; Q90: 4.463, 4.647;
| 12 Horizon | RMSE: 34.162, 34.903; MAE: 21.358, 21.964; MAPE: 12.370, 12.938; Q10: 5.200, 5.298; Q50: 10.835, 11.118; Q90: 4.812, 5.110;
epoch 24 time used: 46  seconds  train loss: 17.792 val loss: 6.465106 test loss: 6.56611
Epoch 25: 
| 3  Horizon | RMSE: 30.808, 30.623; MAE: 19.101, 19.120; MAPE: 11.124, 11.289; Q10: 4.595, 4.538; Q50: 9.693, 9.684; Q90: 4.294, 4.402;
| 6  Horizon | RMSE: 32.040, 32.271; MAE: 19.815, 20.105; MAPE: 11.460, 11.768; Q10: 4.796, 4.805; Q50: 10.057, 10.183; Q90: 4.454, 4.653;
| 12 Horizon | RMSE: 33.936, 34.842; MAE: 21.290, 21.994; MAPE: 12.259, 12.862; Q10: 5.166, 5.286; Q50: 10.801, 11.134; Q90: 4.802, 5.152;
epoch 25 time used: 46  seconds  train loss: 17.732 val loss: 6.451333 test loss: 6.572874
Epoch 26: 
| 3  Horizon | RMSE: 30.842, 30.661; MAE: 19.087, 19.123; MAPE: 11.083, 11.310; Q10: 4.603, 4.554; Q50: 9.680, 9.680; Q90: 4.288, 4.394;
| 6  Horizon | RMSE: 32.079, 32.325; MAE: 19.795, 20.098; MAPE: 11.423, 11.808; Q10: 4.794, 4.817; Q50: 10.041, 10.174; Q90: 4.454, 4.648;
| 12 Horizon | RMSE: 34.260, 35.152; MAE: 21.542, 22.291; MAPE: 12.811, 13.650; Q10: 5.240, 5.394; Q50: 10.906, 11.263; Q90: 4.817, 5.125;
epoch 26 time used: 46  seconds  train loss: 17.717 val loss: 6.456712 test loss: 6.58269
Epoch 27: 
| 3  Horizon | RMSE: 30.804, 30.660; MAE: 19.099, 19.135; MAPE: 11.184, 11.354; Q10: 4.600, 4.553; Q50: 9.695, 9.697; Q90: 4.288, 4.401;
| 6  Horizon | RMSE: 32.059, 32.343; MAE: 19.860, 20.165; MAPE: 11.533, 11.850; Q10: 4.799, 4.822; Q50: 10.083, 10.219; Q90: 4.459, 4.669;
| 12 Horizon | RMSE: 33.995, 34.914; MAE: 21.367, 22.065; MAPE: 12.372, 12.962; Q10: 5.179, 5.307; Q50: 10.843, 11.174; Q90: 4.833, 5.178;
epoch 27 time used: 46  seconds  train loss: 17.707 val loss: 6.454797 test loss: 6.584451
Epoch 28: 
| 3  Horizon | RMSE: 30.794, 30.650; MAE: 19.143, 19.191; MAPE: 11.020, 11.198; Q10: 4.589, 4.538; Q50: 9.714, 9.720; Q90: 4.302, 4.426;
| 6  Horizon | RMSE: 32.031, 32.288; MAE: 19.807, 20.141; MAPE: 11.323, 11.710; Q10: 4.780, 4.801; Q50: 10.048, 10.196; Q90: 4.474, 4.689;
| 12 Horizon | RMSE: 33.937, 34.847; MAE: 21.275, 21.996; MAPE: 12.180, 12.774; Q10: 5.155, 5.268; Q50: 10.793, 11.135; Q90: 4.823, 5.181;
epoch 28 time used: 46  seconds  train loss: 17.692 val loss: 6.450624 test loss: 6.583126
Epoch 29: 
| 3  Horizon | RMSE: 30.753, 30.545; MAE: 19.073, 19.079; MAPE: 11.076, 11.235; Q10: 4.582, 4.527; Q50: 9.679, 9.664; Q90: 4.286, 4.396;
| 6  Horizon | RMSE: 31.999, 32.191; MAE: 19.793, 20.054; MAPE: 11.474, 11.740; Q10: 4.778, 4.792; Q50: 10.049, 10.161; Q90: 4.472, 4.669;
| 12 Horizon | RMSE: 33.853, 34.715; MAE: 21.194, 21.914; MAPE: 12.261, 12.977; Q10: 5.157, 5.294; Q50: 10.745, 11.086; Q90: 4.778, 5.113;
epoch 29 time used: 46  seconds  train loss: 17.683 val loss: 6.43495 test loss: 6.557511
Epoch 30: 
| 3  Horizon | RMSE: 30.723, 30.559; MAE: 19.088, 19.120; MAPE: 11.053, 11.214; Q10: 4.582, 4.527; Q50: 9.688, 9.686; Q90: 4.294, 4.411;
| 6  Horizon | RMSE: 31.985, 32.191; MAE: 19.728, 20.018; MAPE: 11.424, 11.766; Q10: 4.783, 4.802; Q50: 10.010, 10.137; Q90: 4.440, 4.637;
| 12 Horizon | RMSE: 33.918, 34.763; MAE: 21.229, 21.923; MAPE: 12.341, 12.994; Q10: 5.180, 5.310; Q50: 10.766, 11.094; Q90: 4.772, 5.092;
epoch 30 time used: 46  seconds  train loss: 17.638 val loss: 6.433102 test loss: 6.555908
Epoch 31: 
| 3  Horizon | RMSE: 30.708, 30.563; MAE: 19.046, 19.103; MAPE: 10.979, 11.225; Q10: 4.575, 4.530; Q50: 9.659, 9.670; Q90: 4.289, 4.413;
| 6  Horizon | RMSE: 31.945, 32.201; MAE: 19.742, 20.051; MAPE: 11.311, 11.687; Q10: 4.776, 4.793; Q50: 10.017, 10.154; Q90: 4.455, 4.665;
| 12 Horizon | RMSE: 33.838, 34.722; MAE: 21.162, 21.872; MAPE: 12.214, 12.893; Q10: 5.148, 5.267; Q50: 10.732, 11.068; Q90: 4.778, 5.127;
epoch 31 time used: 46  seconds  train loss: 17.631 val loss: 6.424068 test loss: 6.553984
Epoch 32: 
| 3  Horizon | RMSE: 30.702, 30.539; MAE: 19.029, 19.081; MAPE: 10.995, 11.241; Q10: 4.582, 4.538; Q50: 9.650, 9.658; Q90: 4.275, 4.393;
| 6  Horizon | RMSE: 31.956, 32.194; MAE: 19.742, 20.065; MAPE: 11.399, 11.839; Q10: 4.785, 4.815; Q50: 10.010, 10.153; Q90: 4.436, 4.638;
| 12 Horizon | RMSE: 33.859, 34.751; MAE: 21.248, 21.952; MAPE: 12.256, 12.915; Q10: 5.163, 5.294; Q50: 10.776, 11.110; Q90: 4.801, 5.152;
epoch 32 time used: 46  seconds  train loss: 17.622 val loss: 6.42998 test loss: 6.564471
Epoch 33: 
| 3  Horizon | RMSE: 30.753, 30.665; MAE: 19.127, 19.193; MAPE: 10.965, 11.190; Q10: 4.578, 4.535; Q50: 9.703, 9.718; Q90: 4.306, 4.438;
| 6  Horizon | RMSE: 31.943, 32.240; MAE: 19.771, 20.108; MAPE: 11.295, 11.716; Q10: 4.779, 4.807; Q50: 10.028, 10.178; Q90: 4.471, 4.693;
| 12 Horizon | RMSE: 33.837, 34.747; MAE: 21.219, 21.935; MAPE: 12.198, 12.868; Q10: 5.161, 5.287; Q50: 10.762, 11.101; Q90: 4.791, 5.144;
epoch 33 time used: 46  seconds  train loss: 17.614 val loss: 6.440813 test loss: 6.579408
Epoch 34: 
| 3  Horizon | RMSE: 30.690, 30.539; MAE: 19.025, 19.064; MAPE: 11.010, 11.241; Q10: 4.578, 4.534; Q50: 9.649, 9.650; Q90: 4.274, 4.386;
| 6  Horizon | RMSE: 31.979, 32.226; MAE: 19.746, 20.052; MAPE: 11.422, 11.864; Q10: 4.785, 4.824; Q50: 10.010, 10.145; Q90: 4.436, 4.633;
| 12 Horizon | RMSE: 33.904, 34.808; MAE: 21.246, 21.984; MAPE: 12.454, 13.248; Q10: 5.180, 5.333; Q50: 10.761, 11.112; Q90: 4.777, 5.108;
epoch 34 time used: 46  seconds  train loss: 17.606 val loss: 6.426754 test loss: 6.559237
Epoch 35: 
| 3  Horizon | RMSE: 30.698, 30.529; MAE: 19.020, 19.053; MAPE: 11.021, 11.240; Q10: 4.577, 4.527; Q50: 9.647, 9.645; Q90: 4.270, 4.384;
| 6  Horizon | RMSE: 31.921, 32.157; MAE: 19.719, 20.005; MAPE: 11.357, 11.725; Q10: 4.776, 4.796; Q50: 10.004, 10.129; Q90: 4.439, 4.643;
| 12 Horizon | RMSE: 33.870, 34.718; MAE: 21.273, 21.905; MAPE: 12.256, 12.782; Q10: 5.155, 5.254; Q50: 10.796, 11.092; Q90: 4.817, 5.157;
epoch 35 time used: 47  seconds  train loss: 17.575 val loss: 6.426633 test loss: 6.546578
Epoch 36: 
| 3  Horizon | RMSE: 30.703, 30.550; MAE: 19.036, 19.092; MAPE: 11.001, 11.258; Q10: 4.576, 4.530; Q50: 9.654, 9.663; Q90: 4.272, 4.394;
| 6  Horizon | RMSE: 31.945, 32.176; MAE: 19.727, 20.041; MAPE: 11.366, 11.813; Q10: 4.779, 4.807; Q50: 10.003, 10.141; Q90: 4.434, 4.642;
| 12 Horizon | RMSE: 33.858, 34.684; MAE: 21.224, 21.890; MAPE: 12.202, 12.874; Q10: 5.155, 5.268; Q50: 10.763, 11.077; Q90: 4.801, 5.149;
epoch 36 time used: 47  seconds  train loss: 17.572 val loss: 6.423096 test loss: 6.552345
Epoch 37: 
| 3  Horizon | RMSE: 30.710, 30.548; MAE: 19.003, 19.046; MAPE: 10.984, 11.220; Q10: 4.578, 4.530; Q50: 9.639, 9.642; Q90: 4.267, 4.382;
| 6  Horizon | RMSE: 31.952, 32.200; MAE: 19.729, 20.029; MAPE: 11.321, 11.693; Q10: 4.780, 4.801; Q50: 10.010, 10.142; Q90: 4.441, 4.650;
| 12 Horizon | RMSE: 33.913, 34.749; MAE: 21.217, 21.879; MAPE: 12.210, 12.807; Q10: 5.168, 5.277; Q50: 10.763, 11.074; Q90: 4.785, 5.121;
epoch 37 time used: 47  seconds  train loss: 17.565 val loss: 6.422703 test loss: 6.546434
Epoch 38: 
| 3  Horizon | RMSE: 30.717, 30.557; MAE: 19.001, 19.039; MAPE: 10.987, 11.208; Q10: 4.578, 4.530; Q50: 9.639, 9.641; Q90: 4.266, 4.379;
| 6  Horizon | RMSE: 31.958, 32.222; MAE: 19.702, 20.006; MAPE: 11.340, 11.719; Q10: 4.780, 4.804; Q50: 9.997, 10.131; Q90: 4.431, 4.632;
| 12 Horizon | RMSE: 33.848, 34.780; MAE: 21.185, 21.913; MAPE: 12.215, 12.906; Q10: 5.165, 5.302; Q50: 10.744, 11.090; Q90: 4.783, 5.136;
epoch 38 time used: 47  seconds  train loss: 17.558 val loss: 6.418599 test loss: 6.551017
Epoch 39: 
| 3  Horizon | RMSE: 30.682, 30.553; MAE: 19.006, 19.050; MAPE: 10.992, 11.193; Q10: 4.576, 4.534; Q50: 9.643, 9.646; Q90: 4.270, 4.387;
| 6  Horizon | RMSE: 31.921, 32.192; MAE: 19.706, 20.004; MAPE: 11.318, 11.687; Q10: 4.774, 4.802; Q50: 9.998, 10.128; Q90: 4.437, 4.642;
| 12 Horizon | RMSE: 33.815, 34.703; MAE: 21.157, 21.828; MAPE: 12.181, 12.794; Q10: 5.150, 5.276; Q50: 10.733, 11.048; Q90: 4.778, 5.119;
epoch 39 time used: 47  seconds  train loss: 17.553 val loss: 6.417794 test loss: 6.545696
Epoch 40: 
| 3  Horizon | RMSE: 30.661, 30.543; MAE: 19.000, 19.065; MAPE: 10.970, 11.204; Q10: 4.571, 4.529; Q50: 9.637, 9.651; Q90: 4.265, 4.390;
| 6  Horizon | RMSE: 31.910, 32.212; MAE: 19.745, 20.060; MAPE: 11.372, 11.694; Q10: 4.774, 4.798; Q50: 10.022, 10.161; Q90: 4.448, 4.668;
| 12 Horizon | RMSE: 33.821, 34.743; MAE: 21.197, 21.920; MAPE: 12.230, 12.879; Q10: 5.158, 5.282; Q50: 10.750, 11.093; Q90: 4.786, 5.147;
epoch 40 time used: 47  seconds  train loss: 17.532 val loss: 6.416728 test loss: 6.554292
Epoch 41: 
| 3  Horizon | RMSE: 30.677, 30.563; MAE: 18.994, 19.036; MAPE: 11.005, 11.194; Q10: 4.573, 4.531; Q50: 9.639, 9.641; Q90: 4.260, 4.373;
| 6  Horizon | RMSE: 31.924, 32.238; MAE: 19.686, 19.999; MAPE: 11.331, 11.693; Q10: 4.771, 4.805; Q50: 9.990, 10.127; Q90: 4.423, 4.627;
| 12 Horizon | RMSE: 33.835, 34.814; MAE: 21.166, 21.902; MAPE: 12.147, 12.793; Q10: 5.150, 5.279; Q50: 10.737, 11.085; Q90: 4.775, 5.129;
epoch 41 time used: 47  seconds  train loss: 17.527 val loss: 6.410755 test loss: 6.545202
Epoch 42: 
| 3  Horizon | RMSE: 30.689, 30.592; MAE: 19.010, 19.077; MAPE: 10.990, 11.214; Q10: 4.574, 4.536; Q50: 9.644, 9.660; Q90: 4.270, 4.392;
| 6  Horizon | RMSE: 31.922, 32.251; MAE: 19.698, 20.037; MAPE: 11.330, 11.722; Q10: 4.774, 4.807; Q50: 9.994, 10.146; Q90: 4.434, 4.650;
| 12 Horizon | RMSE: 33.846, 34.804; MAE: 21.165, 21.906; MAPE: 12.216, 12.891; Q10: 5.160, 5.295; Q50: 10.735, 11.087; Q90: 4.777, 5.137;
epoch 42 time used: 47  seconds  train loss: 17.524 val loss: 6.415806 test loss: 6.558155
Epoch 43: 
| 3  Horizon | RMSE: 30.661, 30.546; MAE: 18.990, 19.041; MAPE: 10.993, 11.206; Q10: 4.573, 4.530; Q50: 9.634, 9.641; Q90: 4.269, 4.386;
| 6  Horizon | RMSE: 31.909, 32.216; MAE: 19.680, 19.999; MAPE: 11.357, 11.745; Q10: 4.775, 4.810; Q50: 9.984, 10.125; Q90: 4.428, 4.632;
| 12 Horizon | RMSE: 33.803, 34.774; MAE: 21.171, 21.895; MAPE: 12.212, 12.831; Q10: 5.152, 5.284; Q50: 10.741, 11.084; Q90: 4.781, 5.131;
epoch 43 time used: 47  seconds  train loss: 17.521 val loss: 6.412669 test loss: 6.548274
Epoch 44: 
| 3  Horizon | RMSE: 30.668, 30.558; MAE: 19.037, 19.072; MAPE: 11.096, 11.252; Q10: 4.576, 4.532; Q50: 9.664, 9.665; Q90: 4.276, 4.395;
| 6  Horizon | RMSE: 31.903, 32.193; MAE: 19.702, 19.991; MAPE: 11.418, 11.724; Q10: 4.774, 4.801; Q50: 10.001, 10.128; Q90: 4.441, 4.652;
| 12 Horizon | RMSE: 33.814, 34.708; MAE: 21.177, 21.852; MAPE: 12.210, 12.797; Q10: 5.156, 5.271; Q50: 10.744, 11.063; Q90: 4.774, 5.119;
epoch 44 time used: 47  seconds  train loss: 17.516 val loss: 6.419497 test loss: 6.547822
Epoch 45: 
| 3  Horizon | RMSE: 30.668, 30.534; MAE: 18.971, 19.014; MAPE: 10.977, 11.199; Q10: 4.567, 4.525; Q50: 9.623, 9.626; Q90: 4.259, 4.373;
| 6  Horizon | RMSE: 31.873, 32.162; MAE: 19.668, 19.975; MAPE: 11.290, 11.669; Q10: 4.767, 4.795; Q50: 9.978, 10.114; Q90: 4.427, 4.638;
| 12 Horizon | RMSE: 33.819, 34.690; MAE: 21.150, 21.818; MAPE: 12.172, 12.777; Q10: 5.151, 5.269; Q50: 10.729, 11.043; Q90: 4.773, 5.111;
epoch 45 time used: 47  seconds  train loss: 17.503 val loss: 6.405383 test loss: 6.532388
Epoch 46: 
| 3  Horizon | RMSE: 30.652, 30.559; MAE: 19.010, 19.077; MAPE: 10.983, 11.208; Q10: 4.571, 4.531; Q50: 9.644, 9.659; Q90: 4.272, 4.397;
| 6  Horizon | RMSE: 31.881, 32.204; MAE: 19.687, 20.027; MAPE: 11.326, 11.733; Q10: 4.774, 4.812; Q50: 9.987, 10.138; Q90: 4.435, 4.653;
| 12 Horizon | RMSE: 33.799, 34.752; MAE: 21.172, 21.904; MAPE: 12.201, 12.859; Q10: 5.154, 5.286; Q50: 10.738, 11.085; Q90: 4.785, 5.142;
epoch 46 time used: 47  seconds  train loss: 17.498 val loss: 6.414973 test loss: 6.556886
Epoch 47: 
| 3  Horizon | RMSE: 30.666, 30.566; MAE: 18.986, 19.047; MAPE: 10.974, 11.199; Q10: 4.570, 4.531; Q50: 9.631, 9.644; Q90: 4.267, 4.392;
| 6  Horizon | RMSE: 31.899, 32.214; MAE: 19.668, 19.996; MAPE: 11.311, 11.709; Q10: 4.773, 4.806; Q50: 9.978, 10.124; Q90: 4.430, 4.644;
| 12 Horizon | RMSE: 33.834, 34.752; MAE: 21.146, 21.856; MAPE: 12.203, 12.859; Q10: 5.161, 5.295; Q50: 10.725, 11.061; Q90: 4.773, 5.121;
epoch 47 time used: 47  seconds  train loss: 17.496 val loss: 6.410161 test loss: 6.548428
Epoch 48: 
| 3  Horizon | RMSE: 30.634, 30.516; MAE: 18.979, 19.032; MAPE: 10.947, 11.167; Q10: 4.567, 4.522; Q50: 9.628, 9.637; Q90: 4.263, 4.386;
| 6  Horizon | RMSE: 31.869, 32.154; MAE: 19.663, 19.973; MAPE: 11.279, 11.665; Q10: 4.768, 4.794; Q50: 9.976, 10.113; Q90: 4.421, 4.632;
| 12 Horizon | RMSE: 33.805, 34.677; MAE: 21.144, 21.825; MAPE: 12.176, 12.815; Q10: 5.158, 5.284; Q50: 10.724, 11.045; Q90: 4.768, 5.105;
epoch 48 time used: 47  seconds  train loss: 17.492 val loss: 6.405387 test loss: 6.535044
Epoch 49: 
| 3  Horizon | RMSE: 30.685, 30.553; MAE: 18.986, 19.021; MAPE: 11.021, 11.216; Q10: 4.574, 4.531; Q50: 9.634, 9.633; Q90: 4.263, 4.377;
| 6  Horizon | RMSE: 31.885, 32.190; MAE: 19.665, 19.977; MAPE: 11.336, 11.694; Q10: 4.771, 4.800; Q50: 9.980, 10.118; Q90: 4.424, 4.635;
| 12 Horizon | RMSE: 33.756, 34.716; MAE: 21.089, 21.840; MAPE: 12.156, 12.840; Q10: 5.146, 5.279; Q50: 10.696, 11.053; Q90: 4.758, 5.119;
epoch 49 time used: 47  seconds  train loss: 17.49 val loss: 6.403512 test loss: 6.538773
Epoch 50: 
| 3  Horizon | RMSE: 30.635, 30.557; MAE: 18.993, 19.064; MAPE: 10.965, 11.181; Q10: 4.567, 4.528; Q50: 9.636, 9.654; Q90: 4.268, 4.395;
| 6  Horizon | RMSE: 31.861, 32.207; MAE: 19.667, 20.015; MAPE: 11.305, 11.708; Q10: 4.769, 4.807; Q50: 9.977, 10.133; Q90: 4.426, 4.645;
| 12 Horizon | RMSE: 33.769, 34.760; MAE: 21.146, 21.886; MAPE: 12.186, 12.819; Q10: 5.153, 5.291; Q50: 10.727, 11.078; Q90: 4.779, 5.142;
epoch 50 time used: 47  seconds  train loss: 17.481 val loss: 6.407883 test loss: 6.551467
Epoch 51: 
| 3  Horizon | RMSE: 30.655, 30.550; MAE: 18.979, 19.034; MAPE: 10.980, 11.194; Q10: 4.571, 4.532; Q50: 9.629, 9.639; Q90: 4.261, 4.379;
| 6  Horizon | RMSE: 31.878, 32.202; MAE: 19.679, 20.007; MAPE: 11.302, 11.685; Q10: 4.770, 4.804; Q50: 9.985, 10.131; Q90: 4.429, 4.643;
| 12 Horizon | RMSE: 33.817, 34.754; MAE: 21.176, 21.891; MAPE: 12.195, 12.843; Q10: 5.163, 5.297; Q50: 10.741, 11.080; Q90: 4.784, 5.138;
epoch 51 time used: 47  seconds  train loss: 17.479 val loss: 6.410015 test loss: 6.548116
Epoch 52: 
| 3  Horizon | RMSE: 30.629, 30.540; MAE: 18.972, 19.037; MAPE: 10.964, 11.183; Q10: 4.565, 4.526; Q50: 9.626, 9.641; Q90: 4.262, 4.386;
| 6  Horizon | RMSE: 31.851, 32.177; MAE: 19.645, 19.981; MAPE: 11.283, 11.695; Q10: 4.763, 4.798; Q50: 9.966, 10.116; Q90: 4.420, 4.637;
| 12 Horizon | RMSE: 33.778, 34.699; MAE: 21.101, 21.811; MAPE: 12.174, 12.818; Q10: 5.149, 5.280; Q50: 10.703, 11.039; Q90: 4.760, 5.106;
epoch 52 time used: 47  seconds  train loss: 17.476 val loss: 6.398966 test loss: 6.538056
Epoch 53: 
| 3  Horizon | RMSE: 30.624, 30.540; MAE: 18.976, 19.051; MAPE: 10.942, 11.182; Q10: 4.565, 4.528; Q50: 9.626, 9.645; Q90: 4.261, 4.388;
| 6  Horizon | RMSE: 31.843, 32.178; MAE: 19.653, 19.990; MAPE: 11.277, 11.669; Q10: 4.762, 4.797; Q50: 9.971, 10.122; Q90: 4.425, 4.646;
| 12 Horizon | RMSE: 33.737, 34.695; MAE: 21.090, 21.825; MAPE: 12.135, 12.793; Q10: 5.140, 5.268; Q50: 10.697, 11.046; Q90: 4.760, 5.119;
epoch 53 time used: 47  seconds  train loss: 17.475 val loss: 6.401278 test loss: 6.542911
Epoch 54: 
| 3  Horizon | RMSE: 30.649, 30.551; MAE: 18.976, 19.032; MAPE: 10.964, 11.175; Q10: 4.567, 4.526; Q50: 9.628, 9.639; Q90: 4.260, 4.381;
| 6  Horizon | RMSE: 31.885, 32.208; MAE: 19.662, 19.986; MAPE: 11.311, 11.693; Q10: 4.769, 4.804; Q50: 9.977, 10.121; Q90: 4.426, 4.639;
| 12 Horizon | RMSE: 33.812, 34.760; MAE: 21.158, 21.869; MAPE: 12.203, 12.802; Q10: 5.155, 5.287; Q50: 10.736, 11.072; Q90: 4.787, 5.140;
epoch 54 time used: 47  seconds  train loss: 17.474 val loss: 6.408354 test loss: 6.545553
Epoch 55: 
| 3  Horizon | RMSE: 30.636, 30.543; MAE: 18.983, 19.041; MAPE: 10.971, 11.187; Q10: 4.569, 4.529; Q50: 9.631, 9.642; Q90: 4.267, 4.388;
| 6  Horizon | RMSE: 31.868, 32.197; MAE: 19.660, 19.996; MAPE: 11.301, 11.722; Q10: 4.771, 4.811; Q50: 9.971, 10.121; Q90: 4.424, 4.639;
| 12 Horizon | RMSE: 33.777, 34.731; MAE: 21.127, 21.849; MAPE: 12.169, 12.825; Q10: 5.154, 5.290; Q50: 10.715, 11.057; Q90: 4.770, 5.122;
epoch 55 time used: 47  seconds  train loss: 17.465 val loss: 6.405803 test loss: 6.545039
Epoch 56: 
| 3  Horizon | RMSE: 30.642, 30.550; MAE: 18.974, 19.039; MAPE: 10.964, 11.197; Q10: 4.566, 4.528; Q50: 9.625, 9.640; Q90: 4.264, 4.390;
| 6  Horizon | RMSE: 31.861, 32.205; MAE: 19.662, 20.006; MAPE: 11.284, 11.691; Q10: 4.767, 4.803; Q50: 9.975, 10.129; Q90: 4.430, 4.654;
| 12 Horizon | RMSE: 33.779, 34.737; MAE: 21.115, 21.850; MAPE: 12.157, 12.827; Q10: 5.155, 5.291; Q50: 10.709, 11.058; Q90: 4.768, 5.129;
epoch 56 time used: 48  seconds  train loss: 17.465 val loss: 6.404119 test loss: 6.547486
Epoch 57: 
| 3  Horizon | RMSE: 30.637, 30.533; MAE: 18.976, 19.029; MAPE: 10.952, 11.163; Q10: 4.565, 4.523; Q50: 9.628, 9.636; Q90: 4.264, 4.388;
| 6  Horizon | RMSE: 31.864, 32.174; MAE: 19.644, 19.966; MAPE: 11.279, 11.673; Q10: 4.765, 4.797; Q50: 9.966, 10.109; Q90: 4.421, 4.636;
| 12 Horizon | RMSE: 33.767, 34.713; MAE: 21.123, 21.841; MAPE: 12.119, 12.736; Q10: 5.138, 5.258; Q50: 10.717, 11.057; Q90: 4.787, 5.155;
epoch 57 time used: 47  seconds  train loss: 17.464 val loss: 6.402844 test loss: 6.5401
Epoch 58: 
| 3  Horizon | RMSE: 30.635, 30.537; MAE: 18.979, 19.035; MAPE: 10.954, 11.186; Q10: 4.566, 4.526; Q50: 9.628, 9.638; Q90: 4.263, 4.384;
| 6  Horizon | RMSE: 31.862, 32.171; MAE: 19.664, 19.979; MAPE: 11.286, 11.689; Q10: 4.768, 4.800; Q50: 9.975, 10.115; Q90: 4.425, 4.635;
| 12 Horizon | RMSE: 33.802, 34.689; MAE: 21.157, 21.827; MAPE: 12.162, 12.769; Q10: 5.152, 5.270; Q50: 10.733, 11.049; Q90: 4.787, 5.132;
epoch 58 time used: 46  seconds  train loss: 17.46 val loss: 6.408247 test loss: 6.539998
Epoch 59: 
| 3  Horizon | RMSE: 30.623, 30.534; MAE: 18.985, 19.055; MAPE: 10.938, 11.186; Q10: 4.564, 4.526; Q50: 9.629, 9.646; Q90: 4.267, 4.394;
| 6  Horizon | RMSE: 31.852, 32.172; MAE: 19.660, 19.993; MAPE: 11.275, 11.702; Q10: 4.764, 4.799; Q50: 9.971, 10.120; Q90: 4.429, 4.648;
| 12 Horizon | RMSE: 33.777, 34.695; MAE: 21.122, 21.838; MAPE: 12.159, 12.848; Q10: 5.150, 5.278; Q50: 10.710, 11.049; Q90: 4.773, 5.128;
epoch 59 time used: 47  seconds  train loss: 17.46 val loss: 6.404991 test loss: 6.544985
Epoch 60: 
| 3  Horizon | RMSE: 30.629, 30.540; MAE: 18.975, 19.034; MAPE: 10.955, 11.168; Q10: 4.565, 4.525; Q50: 9.627, 9.639; Q90: 4.264, 4.388;
| 6  Horizon | RMSE: 31.856, 32.187; MAE: 19.658, 19.990; MAPE: 11.280, 11.686; Q10: 4.767, 4.802; Q50: 9.971, 10.120; Q90: 4.428, 4.648;
| 12 Horizon | RMSE: 33.782, 34.720; MAE: 21.132, 21.850; MAPE: 12.168, 12.833; Q10: 5.154, 5.286; Q50: 10.717, 11.057; Q90: 4.776, 5.128;
epoch 60 time used: 49  seconds  train loss: 17.454 val loss: 6.404376 test loss: 6.543327
Epoch 61: 
| 3  Horizon | RMSE: 30.637, 30.539; MAE: 18.979, 19.034; MAPE: 10.967, 11.182; Q10: 4.568, 4.527; Q50: 9.629, 9.638; Q90: 4.264, 4.386;
| 6  Horizon | RMSE: 31.873, 32.190; MAE: 19.660, 19.980; MAPE: 11.305, 11.702; Q10: 4.771, 4.805; Q50: 9.974, 10.116; Q90: 4.424, 4.637;
| 12 Horizon | RMSE: 33.796, 34.729; MAE: 21.128, 21.842; MAPE: 12.182, 12.838; Q10: 5.163, 5.299; Q50: 10.717, 11.055; Q90: 4.768, 5.119;
epoch 61 time used: 48  seconds  train loss: 17.454 val loss: 6.40588 test loss: 6.542876
Epoch 62: 
| 3  Horizon | RMSE: 30.632, 30.536; MAE: 18.968, 19.030; MAPE: 10.943, 11.169; Q10: 4.564, 4.524; Q50: 9.623, 9.636; Q90: 4.260, 4.382;
| 6  Horizon | RMSE: 31.863, 32.198; MAE: 19.659, 19.993; MAPE: 11.274, 11.667; Q10: 4.764, 4.798; Q50: 9.974, 10.124; Q90: 4.430, 4.650;
| 12 Horizon | RMSE: 33.808, 34.750; MAE: 21.142, 21.855; MAPE: 12.151, 12.770; Q10: 5.148, 5.274; Q50: 10.726, 11.063; Q90: 4.784, 5.144;
Early stopping at epoch: 62
Model  stgcn17  Best Results:
Epoch 52: 
=        =        Horizon  3        =        =        =        =        Horizon  6        =        =        =        =        Horizon  12       =        =       
RMSE     MAE      MAPE     Q10      Q50      Q90      RMSE     MAE      MAPE     Q10      Q50      Q90      RMSE     MAE      MAPE     Q10      Q50      Q90     
30.540   19.037   11.183   4.526    9.641    4.386    32.177   19.981   11.695   4.798    10.116   4.637    34.699   21.811   12.818   5.280    11.039   5.106   
Model Training Ended ... Sun Oct 15 18:24:26 2023
