nohup: ignoring input
pdate shape is:  (16992,)
./save/pems04_stgcn17_in12_out12_addtimeFalse_adjTrue_lr0.001_hc32_train0.7_val0.1_test0.2_seed233_lossquantile_versionstq18_s300slen7q900_note: training started Sun Oct 15 17:35:49 2023
pdate shape is:  (16992,)
data load........
initial data shape is:  (16992, 307, 3)
train_mean shape : (307,)
train  :  (11873, 24, 307, 3)
val  :  (1697, 24, 307, 3)
test  :  (3388, 24, 307, 3)
Model Training Started ... Sun Oct 15 17:35:51 2023
TIMESTEP_IN, TIMESTEP_OUT 12 12
LOSS is : quantile
qcl init quantile loss is [0.010000000000000009, 0.5, 0.99]
Spatial CL target length = 1
Spatial CL target length = 2
Epoch 0: 
| 3  Horizon | RMSE: 37.686, 36.629; MAE: 24.970, 24.398; MAPE: 14.570, 14.745; Q10: 5.848, 5.682; Q50: 12.670, 12.363; Q90: 5.959, 5.906;
| 6  Horizon | RMSE: 41.337, 40.561; MAE: 27.477, 27.134; MAPE: 15.654, 16.010; Q10: 6.253, 6.107; Q50: 13.939, 13.744; Q90: 7.064, 7.022;
| 12 Horizon | RMSE: 52.702, 51.573; MAE: 35.314, 34.918; MAPE: 20.088, 20.480; Q10: 7.751, 7.576; Q50: 17.890, 17.668; Q90: 9.922, 9.363;
epoch 0 time used: 42  seconds  train loss: 26.024 val loss: 9.484425 test loss: 9.288593
Spatial CL target length = 3
Spatial CL target length = 4
Spatial CL target length = 5
Spatial CL target length = 6
Spatial CL target length = 7
Epoch 1: 
| 3  Horizon | RMSE: 32.901, 32.068; MAE: 21.216, 20.772; MAPE: 12.516, 12.673; Q10: 4.941, 4.794; Q50: 10.773, 10.536; Q90: 4.808, 4.753;
| 6  Horizon | RMSE: 35.580, 34.798; MAE: 23.046, 22.647; MAPE: 13.225, 13.392; Q10: 5.307, 5.168; Q50: 11.693, 11.477; Q90: 5.299, 5.295;
| 12 Horizon | RMSE: 40.754, 40.103; MAE: 26.848, 26.629; MAPE: 15.394, 15.726; Q10: 6.161, 6.000; Q50: 13.598, 13.470; Q90: 6.269, 6.312;
epoch 1 time used: 39  seconds  train loss: 23.577 val loss: 7.528485 test loss: 7.412218
Quantile cl loss is [0.009999999999999995, 0.5, 0.99]
Epoch 2: 
| 3  Horizon | RMSE: 32.724, 32.007; MAE: 21.152, 20.853; MAPE: 13.489, 13.623; Q10: 6.835, 6.620; Q50: 10.755, 10.590; Q90: 7.155, 7.080;
| 6  Horizon | RMSE: 34.925, 34.532; MAE: 22.670, 22.601; MAPE: 14.082, 14.321; Q10: 7.607, 7.356; Q50: 11.518, 11.467; Q90: 8.009, 7.959;
| 12 Horizon | RMSE: 38.113, 38.446; MAE: 25.025, 25.444; MAPE: 15.140, 15.618; Q10: 8.301, 8.001; Q50: 12.700, 12.889; Q90: 8.754, 8.789;
epoch 2 time used: 39  seconds  train loss: 16.834 val loss: 8.959025 test loss: 8.854895
Quantile cl loss is [0.020000000000000004, 0.5, 0.98]
Quantile cl loss is [0.03, 0.5, 0.97]
Epoch 3: 
| 3  Horizon | RMSE: 31.883, 31.078; MAE: 20.194, 19.882; MAPE: 11.701, 11.799; Q10: 5.951, 5.787; Q50: 10.246, 10.075; Q90: 5.193, 5.143;
| 6  Horizon | RMSE: 33.726, 33.230; MAE: 21.480, 21.390; MAPE: 12.377, 12.620; Q10: 6.485, 6.327; Q50: 10.903, 10.842; Q90: 5.418, 5.429;
| 12 Horizon | RMSE: 37.734, 37.813; MAE: 24.566, 24.756; MAPE: 13.865, 14.327; Q10: 7.123, 6.948; Q50: 12.465, 12.540; Q90: 6.165, 6.268;
epoch 3 time used: 39  seconds  train loss: 13.744 val loss: 7.637332 test loss: 7.566072
Quantile cl loss is [0.04, 0.5, 0.96]
Quantile cl loss is [0.05, 0.5, 0.95]
Epoch 4: 
| 3  Horizon | RMSE: 31.418, 30.659; MAE: 20.009, 19.640; MAPE: 11.463, 11.610; Q10: 5.069, 4.909; Q50: 10.138, 9.932; Q90: 4.740, 4.757;
| 6  Horizon | RMSE: 33.257, 32.688; MAE: 21.243, 21.001; MAPE: 12.133, 12.256; Q10: 5.455, 5.299; Q50: 10.778, 10.634; Q90: 4.888, 4.936;
| 12 Horizon | RMSE: 36.531, 36.588; MAE: 23.594, 23.756; MAPE: 13.386, 13.790; Q10: 6.139, 6.005; Q50: 11.971, 12.026; Q90: 5.393, 5.572;
epoch 4 time used: 39  seconds  train loss: 15.08 val loss: 7.0888 test loss: 7.024322
Quantile cl loss is [0.06000000000000001, 0.5, 0.94]
Epoch 5: 
| 3  Horizon | RMSE: 31.428, 30.745; MAE: 19.920, 19.583; MAPE: 11.490, 11.525; Q10: 4.942, 4.796; Q50: 10.111, 9.923; Q90: 4.521, 4.540;
| 6  Horizon | RMSE: 33.401, 32.959; MAE: 21.433, 21.233; MAPE: 12.702, 12.731; Q10: 5.351, 5.224; Q50: 10.893, 10.773; Q90: 4.766, 4.820;
| 12 Horizon | RMSE: 36.752, 36.835; MAE: 23.937, 23.985; MAPE: 14.190, 14.260; Q10: 5.992, 5.892; Q50: 12.168, 12.166; Q90: 5.244, 5.432;
epoch 5 time used: 39  seconds  train loss: 16.163 val loss: 6.997191 test loss: 6.948205
Quantile cl loss is [0.07, 0.5, 0.9299999999999999]
Quantile cl loss is [0.08, 0.5, 0.92]
Epoch 6: 
| 3  Horizon | RMSE: 31.180, 30.704; MAE: 19.588, 19.406; MAPE: 11.318, 11.472; Q10: 4.768, 4.660; Q50: 9.935, 9.825; Q90: 4.519, 4.541;
| 6  Horizon | RMSE: 32.695, 32.606; MAE: 20.566, 20.621; MAPE: 11.836, 12.108; Q10: 5.043, 4.985; Q50: 10.436, 10.446; Q90: 4.745, 4.815;
| 12 Horizon | RMSE: 35.422, 36.131; MAE: 22.524, 23.004; MAPE: 12.995, 13.488; Q10: 5.472, 5.522; Q50: 11.429, 11.650; Q90: 5.177, 5.366;
epoch 6 time used: 39  seconds  train loss: 17.252 val loss: 6.761614 test loss: 6.783131
Quantile cl loss is [0.09, 0.5, 0.91]
Quantile cl loss is [0.1, 0.5, 0.9]
Epoch 7: 
| 3  Horizon | RMSE: 31.480, 31.048; MAE: 20.028, 19.887; MAPE: 11.405, 11.588; Q10: 4.751, 4.650; Q50: 10.164, 10.076; Q90: 4.502, 4.560;
| 6  Horizon | RMSE: 33.024, 32.960; MAE: 20.996, 21.112; MAPE: 11.901, 12.245; Q10: 4.986, 4.945; Q50: 10.655, 10.696; Q90: 4.679, 4.797;
| 12 Horizon | RMSE: 35.424, 36.187; MAE: 22.669, 23.241; MAPE: 13.002, 13.604; Q10: 5.389, 5.495; Q50: 11.502, 11.769; Q90: 5.135, 5.394;
epoch 7 time used: 39  seconds  train loss: 18.168 val loss: 6.796639 test loss: 6.851942
Epoch 8: 
| 3  Horizon | RMSE: 30.975, 30.510; MAE: 19.353, 19.179; MAPE: 11.213, 11.346; Q10: 4.633, 4.531; Q50: 9.816, 9.709; Q90: 4.373, 4.412;
| 6  Horizon | RMSE: 32.607, 32.519; MAE: 20.391, 20.486; MAPE: 11.988, 12.366; Q10: 4.871, 4.850; Q50: 10.330, 10.357; Q90: 4.605, 4.706;
| 12 Horizon | RMSE: 35.176, 35.892; MAE: 22.225, 22.822; MAPE: 13.015, 13.796; Q10: 5.339, 5.467; Q50: 11.263, 11.542; Q90: 5.013, 5.236;
epoch 8 time used: 40  seconds  train loss: 18.874 val loss: 6.6161 test loss: 6.663369
Epoch 9: 
| 3  Horizon | RMSE: 31.253, 30.778; MAE: 19.530, 19.362; MAPE: 11.263, 11.421; Q10: 4.667, 4.556; Q50: 9.906, 9.799; Q90: 4.405, 4.454;
| 6  Horizon | RMSE: 32.682, 32.596; MAE: 20.436, 20.548; MAPE: 11.796, 12.186; Q10: 4.890, 4.849; Q50: 10.359, 10.393; Q90: 4.615, 4.732;
| 12 Horizon | RMSE: 35.339, 36.026; MAE: 22.327, 22.909; MAPE: 12.966, 13.562; Q10: 5.361, 5.482; Q50: 11.327, 11.596; Q90: 5.014, 5.274;
epoch 9 time used: 43  seconds  train loss: 18.731 val loss: 6.658906 test loss: 6.715877
Epoch 10: 
| 3  Horizon | RMSE: 31.038, 30.598; MAE: 19.498, 19.346; MAPE: 11.230, 11.348; Q10: 4.663, 4.554; Q50: 9.897, 9.801; Q90: 4.418, 4.489;
| 6  Horizon | RMSE: 32.415, 32.241; MAE: 20.265, 20.319; MAPE: 11.674, 11.895; Q10: 4.869, 4.808; Q50: 10.288, 10.295; Q90: 4.590, 4.713;
| 12 Horizon | RMSE: 34.728, 35.145; MAE: 22.008, 22.470; MAPE: 12.614, 13.257; Q10: 5.286, 5.313; Q50: 11.160, 11.370; Q90: 5.014, 5.277;
epoch 10 time used: 43  seconds  train loss: 18.495 val loss: 6.624888 test loss: 6.665578
Epoch 11: 
| 3  Horizon | RMSE: 30.980, 30.545; MAE: 19.538, 19.375; MAPE: 11.760, 11.765; Q10: 4.650, 4.554; Q50: 9.927, 9.828; Q90: 4.421, 4.466;
| 6  Horizon | RMSE: 32.377, 32.257; MAE: 20.221, 20.287; MAPE: 11.985, 12.111; Q10: 4.854, 4.833; Q50: 10.271, 10.285; Q90: 4.588, 4.695;
| 12 Horizon | RMSE: 34.625, 35.170; MAE: 21.936, 22.378; MAPE: 13.019, 13.357; Q10: 5.284, 5.380; Q50: 11.140, 11.341; Q90: 4.956, 5.184;
epoch 11 time used: 41  seconds  train loss: 18.422 val loss: 6.612233 test loss: 6.658548
Epoch 12: 
| 3  Horizon | RMSE: 30.952, 30.531; MAE: 19.281, 19.153; MAPE: 11.321, 11.387; Q10: 4.636, 4.542; Q50: 9.784, 9.701; Q90: 4.342, 4.405;
| 6  Horizon | RMSE: 32.396, 32.359; MAE: 20.079, 20.224; MAPE: 11.665, 11.926; Q10: 4.841, 4.831; Q50: 10.185, 10.239; Q90: 4.535, 4.664;
| 12 Horizon | RMSE: 34.459, 35.188; MAE: 21.623, 22.231; MAPE: 12.623, 13.145; Q10: 5.235, 5.333; Q50: 10.974, 11.259; Q90: 4.893, 5.159;
epoch 12 time used: 41  seconds  train loss: 18.36 val loss: 6.539081 test loss: 6.606191
Epoch 13: 
| 3  Horizon | RMSE: 30.988, 30.536; MAE: 19.302, 19.200; MAPE: 11.246, 11.442; Q10: 4.623, 4.529; Q50: 9.786, 9.715; Q90: 4.332, 4.400;
| 6  Horizon | RMSE: 32.298, 32.179; MAE: 20.183, 20.284; MAPE: 11.743, 11.914; Q10: 4.863, 4.822; Q50: 10.249, 10.280; Q90: 4.551, 4.691;
| 12 Horizon | RMSE: 34.574, 35.001; MAE: 21.824, 22.287; MAPE: 12.604, 13.025; Q10: 5.254, 5.313; Q50: 11.076, 11.285; Q90: 4.966, 5.197;
epoch 13 time used: 41  seconds  train loss: 18.29 val loss: 6.560277 test loss: 6.61094
Epoch 14: 
| 3  Horizon | RMSE: 30.895, 30.506; MAE: 19.331, 19.220; MAPE: 11.168, 11.247; Q10: 4.620, 4.534; Q50: 9.814, 9.739; Q90: 4.396, 4.466;
| 6  Horizon | RMSE: 32.265, 32.165; MAE: 20.071, 20.196; MAPE: 11.487, 11.744; Q10: 4.835, 4.807; Q50: 10.184, 10.226; Q90: 4.516, 4.658;
| 12 Horizon | RMSE: 34.463, 34.941; MAE: 21.705, 22.190; MAPE: 12.462, 12.971; Q10: 5.227, 5.320; Q50: 11.011, 11.233; Q90: 4.901, 5.157;
epoch 14 time used: 42  seconds  train loss: 18.242 val loss: 6.533867 test loss: 6.59779
Epoch 15: 
| 3  Horizon | RMSE: 30.878, 30.528; MAE: 19.241, 19.166; MAPE: 11.302, 11.395; Q10: 4.634, 4.555; Q50: 9.771, 9.715; Q90: 4.329, 4.411;
| 6  Horizon | RMSE: 32.216, 32.213; MAE: 19.962, 20.144; MAPE: 11.574, 11.825; Q10: 4.813, 4.802; Q50: 10.134, 10.207; Q90: 4.499, 4.658;
| 12 Horizon | RMSE: 34.428, 35.031; MAE: 21.533, 22.123; MAPE: 12.470, 13.073; Q10: 5.205, 5.328; Q50: 10.917, 11.194; Q90: 4.857, 5.126;
epoch 15 time used: 42  seconds  train loss: 18.091 val loss: 6.497573 test loss: 6.579621
Epoch 16: 
| 3  Horizon | RMSE: 30.848, 30.513; MAE: 19.214, 19.160; MAPE: 11.215, 11.345; Q10: 4.617, 4.535; Q50: 9.750, 9.706; Q90: 4.333, 4.422;
| 6  Horizon | RMSE: 32.215, 32.228; MAE: 20.000, 20.220; MAPE: 11.588, 11.918; Q10: 4.818, 4.812; Q50: 10.144, 10.236; Q90: 4.507, 4.680;
| 12 Horizon | RMSE: 34.311, 35.012; MAE: 21.688, 22.328; MAPE: 12.634, 13.187; Q10: 5.219, 5.334; Q50: 11.008, 11.310; Q90: 4.894, 5.210;
epoch 16 time used: 42  seconds  train loss: 18.063 val loss: 6.516047 test loss: 6.609724
Epoch 17: 
| 3  Horizon | RMSE: 30.959, 30.615; MAE: 19.245, 19.172; MAPE: 11.189, 11.322; Q10: 4.624, 4.541; Q50: 9.767, 9.711; Q90: 4.323, 4.407;
| 6  Horizon | RMSE: 32.352, 32.384; MAE: 20.063, 20.288; MAPE: 11.667, 12.046; Q10: 4.855, 4.858; Q50: 10.169, 10.262; Q90: 4.502, 4.665;
| 12 Horizon | RMSE: 34.452, 35.136; MAE: 21.700, 22.359; MAPE: 12.766, 13.506; Q10: 5.276, 5.408; Q50: 10.989, 11.301; Q90: 4.871, 5.160;
epoch 17 time used: 41  seconds  train loss: 18.02 val loss: 6.531114 test loss: 6.627033
Epoch 18: 
| 3  Horizon | RMSE: 30.920, 30.660; MAE: 19.190, 19.195; MAPE: 11.055, 11.332; Q10: 4.605, 4.550; Q50: 9.728, 9.712; Q90: 4.315, 4.405;
| 6  Horizon | RMSE: 32.269, 32.401; MAE: 19.926, 20.219; MAPE: 11.522, 12.003; Q10: 4.815, 4.845; Q50: 10.097, 10.225; Q90: 4.495, 4.668;
| 12 Horizon | RMSE: 34.341, 35.162; MAE: 21.503, 22.218; MAPE: 12.305, 13.001; Q10: 5.221, 5.323; Q50: 10.906, 11.243; Q90: 4.847, 5.167;
epoch 18 time used: 41  seconds  train loss: 17.986 val loss: 6.485336 test loss: 6.598436
Epoch 19: 
| 3  Horizon | RMSE: 30.828, 30.522; MAE: 19.131, 19.110; MAPE: 11.102, 11.290; Q10: 4.595, 4.530; Q50: 9.698, 9.670; Q90: 4.310, 4.411;
| 6  Horizon | RMSE: 32.249, 32.294; MAE: 19.903, 20.157; MAPE: 11.611, 11.973; Q10: 4.813, 4.825; Q50: 10.085, 10.194; Q90: 4.475, 4.644;
| 12 Horizon | RMSE: 34.443, 35.066; MAE: 21.548, 22.119; MAPE: 12.567, 13.025; Q10: 5.205, 5.323; Q50: 10.937, 11.205; Q90: 4.905, 5.167;
epoch 19 time used: 41  seconds  train loss: 17.958 val loss: 6.487027 test loss: 6.585456
Epoch 20: 
| 3  Horizon | RMSE: 30.816, 30.597; MAE: 19.215, 19.216; MAPE: 11.255, 11.391; Q10: 4.611, 4.549; Q50: 9.752, 9.733; Q90: 4.317, 4.416;
| 6  Horizon | RMSE: 32.203, 32.336; MAE: 19.990, 20.244; MAPE: 11.772, 12.018; Q10: 4.837, 4.851; Q50: 10.148, 10.256; Q90: 4.499, 4.669;
| 12 Horizon | RMSE: 34.378, 35.115; MAE: 21.663, 22.282; MAPE: 12.841, 13.307; Q10: 5.253, 5.393; Q50: 10.997, 11.286; Q90: 4.880, 5.160;
epoch 20 time used: 42  seconds  train loss: 17.867 val loss: 6.516628 test loss: 6.62247
Epoch 21: 
| 3  Horizon | RMSE: 30.817, 30.529; MAE: 19.119, 19.076; MAPE: 11.156, 11.285; Q10: 4.599, 4.528; Q50: 9.704, 9.663; Q90: 4.300, 4.386;
| 6  Horizon | RMSE: 32.129, 32.216; MAE: 19.831, 20.076; MAPE: 11.453, 11.808; Q10: 4.802, 4.806; Q50: 10.060, 10.164; Q90: 4.469, 4.636;
| 12 Horizon | RMSE: 34.228, 34.955; MAE: 21.406, 22.075; MAPE: 12.445, 13.138; Q10: 5.212, 5.348; Q50: 10.855, 11.171; Q90: 4.819, 5.111;
epoch 21 time used: 41  seconds  train loss: 17.849 val loss: 6.464019 test loss: 6.564878
Epoch 22: 
| 3  Horizon | RMSE: 30.885, 30.592; MAE: 19.138, 19.086; MAPE: 11.048, 11.178; Q10: 4.598, 4.523; Q50: 9.713, 9.667; Q90: 4.298, 4.387;
| 6  Horizon | RMSE: 32.256, 32.320; MAE: 19.885, 20.083; MAPE: 11.463, 11.703; Q10: 4.811, 4.801; Q50: 10.093, 10.171; Q90: 4.491, 4.655;
| 12 Horizon | RMSE: 34.332, 34.984; MAE: 21.419, 22.005; MAPE: 12.292, 12.831; Q10: 5.195, 5.292; Q50: 10.864, 11.136; Q90: 4.844, 5.127;
epoch 22 time used: 42  seconds  train loss: 17.831 val loss: 6.474805 test loss: 6.561941
Epoch 23: 
| 3  Horizon | RMSE: 30.844, 30.581; MAE: 19.078, 19.050; MAPE: 11.062, 11.215; Q10: 4.587, 4.525; Q50: 9.677, 9.646; Q90: 4.288, 4.377;
| 6  Horizon | RMSE: 32.196, 32.313; MAE: 19.794, 20.044; MAPE: 11.443, 11.747; Q10: 4.795, 4.800; Q50: 10.045, 10.152; Q90: 4.456, 4.629;
| 12 Horizon | RMSE: 34.285, 35.021; MAE: 21.382, 21.998; MAPE: 12.516, 12.977; Q10: 5.195, 5.304; Q50: 10.857, 11.147; Q90: 4.833, 5.141;
epoch 23 time used: 41  seconds  train loss: 17.809 val loss: 6.459053 test loss: 6.560916
Epoch 24: 
| 3  Horizon | RMSE: 30.850, 30.571; MAE: 19.101, 19.073; MAPE: 11.081, 11.260; Q10: 4.608, 4.537; Q50: 9.689, 9.656; Q90: 4.291, 4.385;
| 6  Horizon | RMSE: 32.176, 32.270; MAE: 19.845, 20.064; MAPE: 11.481, 11.743; Q10: 4.818, 4.811; Q50: 10.072, 10.162; Q90: 4.465, 4.641;
| 12 Horizon | RMSE: 34.305, 34.965; MAE: 21.382, 21.986; MAPE: 12.373, 12.950; Q10: 5.211, 5.307; Q50: 10.847, 11.128; Q90: 4.822, 5.111;
epoch 24 time used: 42  seconds  train loss: 17.791 val loss: 6.467774 test loss: 6.562235
Epoch 25: 
| 3  Horizon | RMSE: 30.804, 30.581; MAE: 19.080, 19.073; MAPE: 11.095, 11.242; Q10: 4.589, 4.524; Q50: 9.682, 9.660; Q90: 4.289, 4.392;
| 6  Horizon | RMSE: 32.098, 32.274; MAE: 19.796, 20.082; MAPE: 11.433, 11.730; Q10: 4.796, 4.798; Q50: 10.046, 10.170; Q90: 4.451, 4.647;
| 12 Horizon | RMSE: 34.082, 34.897; MAE: 21.275, 21.985; MAPE: 12.245, 12.857; Q10: 5.169, 5.288; Q50: 10.792, 11.129; Q90: 4.800, 5.147;
epoch 25 time used: 42  seconds  train loss: 17.731 val loss: 6.446175 test loss: 6.562967
Epoch 26: 
| 3  Horizon | RMSE: 30.845, 30.642; MAE: 19.082, 19.096; MAPE: 11.068, 11.269; Q10: 4.601, 4.543; Q50: 9.676, 9.665; Q90: 4.288, 4.391;
| 6  Horizon | RMSE: 32.154, 32.363; MAE: 19.798, 20.099; MAPE: 11.426, 11.792; Q10: 4.800, 4.817; Q50: 10.041, 10.174; Q90: 4.456, 4.647;
| 12 Horizon | RMSE: 34.427, 35.279; MAE: 21.569, 22.359; MAPE: 12.891, 13.744; Q10: 5.256, 5.418; Q50: 10.918, 11.295; Q90: 4.827, 5.137;
epoch 26 time used: 41  seconds  train loss: 17.715 val loss: 6.45933 test loss: 6.583784
Epoch 27: 
| 3  Horizon | RMSE: 30.782, 30.634; MAE: 19.086, 19.098; MAPE: 11.151, 11.298; Q10: 4.596, 4.542; Q50: 9.689, 9.678; Q90: 4.288, 4.400;
| 6  Horizon | RMSE: 32.092, 32.344; MAE: 19.843, 20.136; MAPE: 11.519, 11.800; Q10: 4.801, 4.816; Q50: 10.075, 10.204; Q90: 4.462, 4.666;
| 12 Horizon | RMSE: 34.111, 34.969; MAE: 21.354, 22.050; MAPE: 12.351, 12.923; Q10: 5.184, 5.308; Q50: 10.836, 11.167; Q90: 4.827, 5.167;
epoch 27 time used: 41  seconds  train loss: 17.705 val loss: 6.452224 test loss: 6.576748
Epoch 28: 
| 3  Horizon | RMSE: 30.770, 30.606; MAE: 19.119, 19.145; MAPE: 10.998, 11.164; Q10: 4.585, 4.529; Q50: 9.701, 9.696; Q90: 4.304, 4.423;
| 6  Horizon | RMSE: 32.073, 32.299; MAE: 19.793, 20.129; MAPE: 11.321, 11.692; Q10: 4.781, 4.802; Q50: 10.039, 10.190; Q90: 4.470, 4.679;
| 12 Horizon | RMSE: 34.072, 34.923; MAE: 21.269, 22.001; MAPE: 12.197, 12.786; Q10: 5.160, 5.281; Q50: 10.790, 11.138; Q90: 4.821, 5.171;
epoch 28 time used: 41  seconds  train loss: 17.69 val loss: 6.447866 test loss: 6.578444
Epoch 29: 
| 3  Horizon | RMSE: 30.745, 30.516; MAE: 19.055, 19.044; MAPE: 11.050, 11.201; Q10: 4.577, 4.517; Q50: 9.670, 9.646; Q90: 4.287, 4.392;
| 6  Horizon | RMSE: 32.063, 32.214; MAE: 19.784, 20.049; MAPE: 11.461, 11.719; Q10: 4.780, 4.790; Q50: 10.044, 10.158; Q90: 4.476, 4.671;
| 12 Horizon | RMSE: 34.020, 34.828; MAE: 21.199, 21.938; MAPE: 12.262, 12.970; Q10: 5.165, 5.306; Q50: 10.747, 11.098; Q90: 4.782, 5.121;
epoch 29 time used: 41  seconds  train loss: 17.681 val loss: 6.433542 test loss: 6.555238
Epoch 30: 
| 3  Horizon | RMSE: 30.700, 30.498; MAE: 19.067, 19.073; MAPE: 11.018, 11.167; Q10: 4.575, 4.514; Q50: 9.677, 9.661; Q90: 4.290, 4.400;
| 6  Horizon | RMSE: 32.031, 32.183; MAE: 19.717, 20.003; MAPE: 11.397, 11.727; Q10: 4.785, 4.800; Q50: 10.004, 10.128; Q90: 4.436, 4.627;
| 12 Horizon | RMSE: 34.056, 34.827; MAE: 21.230, 21.941; MAPE: 12.341, 12.985; Q10: 5.188, 5.324; Q50: 10.766, 11.103; Q90: 4.776, 5.093;
epoch 30 time used: 41  seconds  train loss: 17.636 val loss: 6.430509 test loss: 6.549836
Epoch 31: 
| 3  Horizon | RMSE: 30.676, 30.505; MAE: 19.020, 19.045; MAPE: 10.956, 11.163; Q10: 4.568, 4.516; Q50: 9.646, 9.641; Q90: 4.288, 4.405;
| 6  Horizon | RMSE: 31.970, 32.175; MAE: 19.715, 20.013; MAPE: 11.299, 11.651; Q10: 4.775, 4.785; Q50: 10.003, 10.134; Q90: 4.449, 4.653;
| 12 Horizon | RMSE: 33.967, 34.774; MAE: 21.154, 21.874; MAPE: 12.230, 12.899; Q10: 5.152, 5.271; Q50: 10.727, 11.069; Q90: 4.775, 5.116;
epoch 31 time used: 41  seconds  train loss: 17.628 val loss: 6.418559 test loss: 6.543396
Epoch 32: 
| 3  Horizon | RMSE: 30.683, 30.496; MAE: 19.016, 19.042; MAPE: 10.964, 11.168; Q10: 4.577, 4.524; Q50: 9.644, 9.639; Q90: 4.279, 4.394;
| 6  Horizon | RMSE: 31.997, 32.186; MAE: 19.728, 20.052; MAPE: 11.375, 11.777; Q10: 4.787, 4.811; Q50: 10.003, 10.147; Q90: 4.438, 4.637;
| 12 Horizon | RMSE: 33.998, 34.799; MAE: 21.252, 21.967; MAPE: 12.260, 12.901; Q10: 5.169, 5.300; Q50: 10.779, 11.117; Q90: 4.804, 5.155;
epoch 32 time used: 41  seconds  train loss: 17.621 val loss: 6.428622 test loss: 6.560213
Epoch 33: 
| 3  Horizon | RMSE: 30.732, 30.602; MAE: 19.097, 19.138; MAPE: 10.944, 11.153; Q10: 4.573, 4.526; Q50: 9.686, 9.689; Q90: 4.304, 4.428;
| 6  Horizon | RMSE: 31.998, 32.224; MAE: 19.759, 20.089; MAPE: 11.294, 11.698; Q10: 4.781, 4.806; Q50: 10.020, 10.167; Q90: 4.465, 4.679;
| 12 Horizon | RMSE: 34.006, 34.823; MAE: 21.229, 21.959; MAPE: 12.213, 12.891; Q10: 5.171, 5.297; Q50: 10.765, 11.111; Q90: 4.793, 5.144;
epoch 33 time used: 41  seconds  train loss: 17.612 val loss: 6.437972 test loss: 6.572911
Epoch 34: 
| 3  Horizon | RMSE: 30.691, 30.502; MAE: 19.016, 19.022; MAPE: 10.994, 11.188; Q10: 4.576, 4.524; Q50: 9.643, 9.628; Q90: 4.274, 4.381;
| 6  Horizon | RMSE: 32.054, 32.245; MAE: 19.744, 20.048; MAPE: 11.426, 11.830; Q10: 4.793, 4.824; Q50: 10.008, 10.142; Q90: 4.435, 4.626;
| 12 Horizon | RMSE: 34.086, 34.923; MAE: 21.270, 22.037; MAPE: 12.505, 13.290; Q10: 5.193, 5.350; Q50: 10.772, 11.138; Q90: 4.779, 5.110;
epoch 34 time used: 42  seconds  train loss: 17.603 val loss: 6.427806 test loss: 6.557051
Epoch 35: 
| 3  Horizon | RMSE: 30.689, 30.501; MAE: 19.007, 19.020; MAPE: 10.992, 11.195; Q10: 4.572, 4.518; Q50: 9.639, 9.628; Q90: 4.270, 4.381;
| 6  Horizon | RMSE: 31.978, 32.158; MAE: 19.703, 19.992; MAPE: 11.339, 11.698; Q10: 4.778, 4.793; Q50: 9.994, 10.120; Q90: 4.437, 4.636;
| 12 Horizon | RMSE: 34.003, 34.743; MAE: 21.252, 21.885; MAPE: 12.227, 12.754; Q10: 5.157, 5.254; Q50: 10.784, 11.081; Q90: 4.814, 5.152;
epoch 35 time used: 42  seconds  train loss: 17.573 val loss: 6.42235 test loss: 6.539537
Epoch 36: 
| 3  Horizon | RMSE: 30.690, 30.511; MAE: 19.021, 19.051; MAPE: 10.979, 11.209; Q10: 4.569, 4.519; Q50: 9.645, 9.642; Q90: 4.273, 4.389;
| 6  Horizon | RMSE: 32.000, 32.170; MAE: 19.718, 20.028; MAPE: 11.365, 11.784; Q10: 4.779, 4.801; Q50: 9.997, 10.134; Q90: 4.435, 4.638;
| 12 Horizon | RMSE: 33.987, 34.711; MAE: 21.213, 21.879; MAPE: 12.216, 12.865; Q10: 5.161, 5.277; Q50: 10.757, 11.071; Q90: 4.800, 5.142;
epoch 36 time used: 42  seconds  train loss: 17.57 val loss: 6.420483 test loss: 6.545789
Epoch 37: 
| 3  Horizon | RMSE: 30.694, 30.510; MAE: 18.988, 19.007; MAPE: 10.956, 11.160; Q10: 4.573, 4.519; Q50: 9.631, 9.622; Q90: 4.268, 4.378;
| 6  Horizon | RMSE: 31.993, 32.184; MAE: 19.712, 20.008; MAPE: 11.294, 11.645; Q10: 4.780, 4.795; Q50: 10.001, 10.130; Q90: 4.442, 4.646;
| 12 Horizon | RMSE: 34.027, 34.782; MAE: 21.200, 21.875; MAPE: 12.198, 12.788; Q10: 5.172, 5.281; Q50: 10.754, 11.072; Q90: 4.783, 5.118;
epoch 37 time used: 42  seconds  train loss: 17.562 val loss: 6.419448 test loss: 6.54005
Epoch 38: 
| 3  Horizon | RMSE: 30.706, 30.533; MAE: 18.987, 19.006; MAPE: 10.960, 11.157; Q10: 4.574, 4.521; Q50: 9.631, 9.623; Q90: 4.265, 4.374;
| 6  Horizon | RMSE: 32.014, 32.228; MAE: 19.688, 19.992; MAPE: 11.320, 11.677; Q10: 4.782, 4.800; Q50: 9.989, 10.123; Q90: 4.430, 4.627;
| 12 Horizon | RMSE: 33.999, 34.832; MAE: 21.179, 21.904; MAPE: 12.217, 12.870; Q10: 5.167, 5.299; Q50: 10.741, 11.086; Q90: 4.784, 5.131;
epoch 38 time used: 42  seconds  train loss: 17.556 val loss: 6.415859 test loss: 6.54435
Epoch 39: 
| 3  Horizon | RMSE: 30.677, 30.521; MAE: 18.998, 19.014; MAPE: 10.974, 11.158; Q10: 4.575, 4.526; Q50: 9.639, 9.628; Q90: 4.272, 4.384;
| 6  Horizon | RMSE: 31.977, 32.186; MAE: 19.698, 19.989; MAPE: 11.303, 11.658; Q10: 4.780, 4.800; Q50: 9.993, 10.120; Q90: 4.436, 4.636;
| 12 Horizon | RMSE: 33.967, 34.754; MAE: 21.159, 21.838; MAPE: 12.201, 12.822; Q10: 5.164, 5.288; Q50: 10.732, 11.052; Q90: 4.775, 5.107;
epoch 39 time used: 42  seconds  train loss: 17.55 val loss: 6.417427 test loss: 6.540588
Epoch 40: 
| 3  Horizon | RMSE: 30.659, 30.508; MAE: 18.983, 19.021; MAPE: 10.949, 11.163; Q10: 4.568, 4.520; Q50: 9.627, 9.628; Q90: 4.264, 4.382;
| 6  Horizon | RMSE: 31.966, 32.194; MAE: 19.716, 20.022; MAPE: 11.336, 11.654; Q10: 4.776, 4.794; Q50: 10.006, 10.140; Q90: 4.440, 4.652;
| 12 Horizon | RMSE: 33.982, 34.793; MAE: 21.195, 21.919; MAPE: 12.240, 12.889; Q10: 5.167, 5.290; Q50: 10.748, 11.091; Q90: 4.782, 5.133;
epoch 40 time used: 42  seconds  train loss: 17.53 val loss: 6.413092 test loss: 6.545155
Epoch 41: 
| 3  Horizon | RMSE: 30.678, 30.547; MAE: 18.989, 19.010; MAPE: 10.986, 11.162; Q10: 4.570, 4.525; Q50: 9.635, 9.628; Q90: 4.263, 4.372;
| 6  Horizon | RMSE: 31.987, 32.250; MAE: 19.678, 19.994; MAPE: 11.320, 11.668; Q10: 4.775, 4.804; Q50: 9.984, 10.124; Q90: 4.425, 4.624;
| 12 Horizon | RMSE: 33.967, 34.863; MAE: 21.159, 21.907; MAPE: 12.163, 12.804; Q10: 5.157, 5.289; Q50: 10.732, 11.087; Q90: 4.775, 5.126;
epoch 41 time used: 42  seconds  train loss: 17.525 val loss: 6.409524 test loss: 6.542795
Epoch 42: 
| 3  Horizon | RMSE: 30.680, 30.557; MAE: 18.993, 19.035; MAPE: 10.967, 11.166; Q10: 4.568, 4.526; Q50: 9.634, 9.638; Q90: 4.271, 4.387;
| 6  Horizon | RMSE: 31.977, 32.242; MAE: 19.679, 20.013; MAPE: 11.315, 11.683; Q10: 4.776, 4.806; Q50: 9.983, 10.133; Q90: 4.434, 4.643;
| 12 Horizon | RMSE: 33.975, 34.844; MAE: 21.150, 21.903; MAPE: 12.215, 12.875; Q10: 5.161, 5.296; Q50: 10.726, 11.085; Q90: 4.775, 5.130;
epoch 42 time used: 42  seconds  train loss: 17.521 val loss: 6.411785 test loss: 6.550805
Epoch 43: 
| 3  Horizon | RMSE: 30.664, 30.524; MAE: 18.980, 19.009; MAPE: 10.966, 11.159; Q10: 4.570, 4.524; Q50: 9.629, 9.625; Q90: 4.271, 4.383;
| 6  Horizon | RMSE: 31.976, 32.224; MAE: 19.671, 19.992; MAPE: 11.336, 11.709; Q10: 4.779, 4.809; Q50: 9.979, 10.121; Q90: 4.428, 4.627;
| 12 Horizon | RMSE: 33.946, 34.823; MAE: 21.162, 21.899; MAPE: 12.206, 12.819; Q10: 5.159, 5.290; Q50: 10.736, 11.085; Q90: 4.781, 5.130;
epoch 43 time used: 42  seconds  train loss: 17.519 val loss: 6.411209 test loss: 6.544759
Epoch 44: 
| 3  Horizon | RMSE: 30.677, 30.538; MAE: 19.024, 19.041; MAPE: 11.065, 11.216; Q10: 4.573, 4.527; Q50: 9.657, 9.649; Q90: 4.277, 4.392;
| 6  Horizon | RMSE: 31.981, 32.204; MAE: 19.697, 19.986; MAPE: 11.393, 11.693; Q10: 4.781, 4.802; Q50: 9.997, 10.125; Q90: 4.438, 4.645;
| 12 Horizon | RMSE: 33.969, 34.765; MAE: 21.184, 21.861; MAPE: 12.214, 12.784; Q10: 5.164, 5.277; Q50: 10.748, 11.068; Q90: 4.776, 5.115;
epoch 44 time used: 42  seconds  train loss: 17.514 val loss: 6.419274 test loss: 6.544403
Epoch 45: 
| 3  Horizon | RMSE: 30.679, 30.524; MAE: 18.966, 18.986; MAPE: 10.960, 11.161; Q10: 4.566, 4.519; Q50: 9.620, 9.612; Q90: 4.261, 4.371;
| 6  Horizon | RMSE: 31.941, 32.164; MAE: 19.665, 19.965; MAPE: 11.278, 11.633; Q10: 4.772, 4.793; Q50: 9.976, 10.108; Q90: 4.429, 4.634;
| 12 Horizon | RMSE: 33.966, 34.733; MAE: 21.158, 21.825; MAPE: 12.177, 12.772; Q10: 5.159, 5.273; Q50: 10.732, 11.046; Q90: 4.778, 5.111;
epoch 45 time used: 42  seconds  train loss: 17.5 val loss: 6.406491 test loss: 6.529288
Epoch 46: 
| 3  Horizon | RMSE: 30.645, 30.529; MAE: 18.994, 19.042; MAPE: 10.955, 11.163; Q10: 4.566, 4.525; Q50: 9.635, 9.641; Q90: 4.273, 4.393;
| 6  Horizon | RMSE: 31.940, 32.199; MAE: 19.676, 20.012; MAPE: 11.310, 11.696; Q10: 4.778, 4.812; Q50: 9.980, 10.130; Q90: 4.434, 4.646;
| 12 Horizon | RMSE: 33.940, 34.788; MAE: 21.169, 21.903; MAPE: 12.206, 12.862; Q10: 5.162, 5.293; Q50: 10.735, 11.084; Q90: 4.785, 5.137;
epoch 46 time used: 41  seconds  train loss: 17.496 val loss: 6.413275 test loss: 6.552329
Epoch 47: 
| 3  Horizon | RMSE: 30.662, 30.542; MAE: 18.974, 19.016; MAPE: 10.947, 11.155; Q10: 4.568, 4.525; Q50: 9.624, 9.628; Q90: 4.268, 4.388;
| 6  Horizon | RMSE: 31.962, 32.218; MAE: 19.657, 19.987; MAPE: 11.304, 11.680; Q10: 4.777, 4.806; Q50: 9.971, 10.118; Q90: 4.428, 4.638;
| 12 Horizon | RMSE: 33.982, 34.811; MAE: 21.150, 21.871; MAPE: 12.222, 12.872; Q10: 5.172, 5.307; Q50: 10.725, 11.067; Q90: 4.772, 5.115;
epoch 47 time used: 41  seconds  train loss: 17.494 val loss: 6.408837 test loss: 6.54495
Epoch 48: 
| 3  Horizon | RMSE: 30.630, 30.491; MAE: 18.963, 18.993; MAPE: 10.922, 11.119; Q10: 4.562, 4.515; Q50: 9.619, 9.617; Q90: 4.264, 4.381;
| 6  Horizon | RMSE: 31.925, 32.150; MAE: 19.647, 19.956; MAPE: 11.263, 11.629; Q10: 4.769, 4.791; Q50: 9.966, 10.103; Q90: 4.421, 4.625;
| 12 Horizon | RMSE: 33.935, 34.713; MAE: 21.134, 21.819; MAPE: 12.175, 12.791; Q10: 5.159, 5.284; Q50: 10.718, 11.042; Q90: 4.771, 5.103;
epoch 48 time used: 42  seconds  train loss: 17.49 val loss: 6.402243 test loss: 6.528889
Epoch 49: 
| 3  Horizon | RMSE: 30.686, 30.541; MAE: 18.974, 18.995; MAPE: 10.985, 11.175; Q10: 4.572, 4.527; Q50: 9.626, 9.618; Q90: 4.263, 4.374;
| 6  Horizon | RMSE: 31.943, 32.192; MAE: 19.648, 19.965; MAPE: 11.305, 11.660; Q10: 4.773, 4.801; Q50: 9.969, 10.109; Q90: 4.422, 4.628;
| 12 Horizon | RMSE: 33.892, 34.763; MAE: 21.086, 21.847; MAPE: 12.170, 12.857; Q10: 5.153, 5.290; Q50: 10.693, 11.055; Q90: 4.757, 5.113;
epoch 49 time used: 41  seconds  train loss: 17.488 val loss: 6.400838 test loss: 6.535539
Epoch 50: 
| 3  Horizon | RMSE: 30.636, 30.537; MAE: 18.981, 19.031; MAPE: 10.936, 11.136; Q10: 4.564, 4.522; Q50: 9.629, 9.637; Q90: 4.269, 4.391;
| 6  Horizon | RMSE: 31.927, 32.213; MAE: 19.658, 20.004; MAPE: 11.289, 11.675; Q10: 4.772, 4.806; Q50: 9.971, 10.126; Q90: 4.426, 4.639;
| 12 Horizon | RMSE: 33.910, 34.805; MAE: 21.142, 21.887; MAPE: 12.188, 12.824; Q10: 5.160, 5.299; Q50: 10.723, 11.077; Q90: 4.781, 5.139;
epoch 50 time used: 41  seconds  train loss: 17.479 val loss: 6.406556 test loss: 6.547578
Epoch 51: 
| 3  Horizon | RMSE: 30.662, 30.540; MAE: 18.971, 19.007; MAPE: 10.956, 11.153; Q10: 4.568, 4.526; Q50: 9.625, 9.625; Q90: 4.263, 4.377;
| 6  Horizon | RMSE: 31.948, 32.213; MAE: 19.673, 19.998; MAPE: 11.286, 11.650; Q10: 4.774, 4.803; Q50: 9.981, 10.126; Q90: 4.430, 4.640;
| 12 Horizon | RMSE: 33.967, 34.807; MAE: 21.182, 21.895; MAPE: 12.204, 12.828; Q10: 5.170, 5.301; Q50: 10.744, 11.082; Q90: 4.787, 5.135;
epoch 51 time used: 42  seconds  train loss: 17.477 val loss: 6.410121 test loss: 6.544962
Epoch 52: 
| 3  Horizon | RMSE: 30.629, 30.517; MAE: 18.962, 19.003; MAPE: 10.931, 11.132; Q10: 4.561, 4.518; Q50: 9.620, 9.623; Q90: 4.263, 4.382;
| 6  Horizon | RMSE: 31.915, 32.176; MAE: 19.639, 19.968; MAPE: 11.265, 11.645; Q10: 4.766, 4.795; Q50: 9.962, 10.109; Q90: 4.421, 4.633;
| 12 Horizon | RMSE: 33.915, 34.741; MAE: 21.101, 21.813; MAPE: 12.169, 12.795; Q10: 5.153, 5.282; Q50: 10.703, 11.040; Q90: 4.763, 5.104;
epoch 52 time used: 42  seconds  train loss: 17.474 val loss: 6.398087 test loss: 6.533431
Epoch 53: 
| 3  Horizon | RMSE: 30.625, 30.514; MAE: 18.961, 19.011; MAPE: 10.916, 11.135; Q10: 4.561, 4.521; Q50: 9.617, 9.624; Q90: 4.261, 4.381;
| 6  Horizon | RMSE: 31.907, 32.175; MAE: 19.638, 19.973; MAPE: 11.254, 11.632; Q10: 4.765, 4.795; Q50: 9.962, 10.112; Q90: 4.423, 4.637;
| 12 Horizon | RMSE: 33.877, 34.737; MAE: 21.087, 21.826; MAPE: 12.140, 12.786; Q10: 5.145, 5.272; Q50: 10.695, 11.045; Q90: 4.761, 5.115;
epoch 53 time used: 42  seconds  train loss: 17.473 val loss: 6.398507 test loss: 6.53659
Epoch 54: 
| 3  Horizon | RMSE: 30.647, 30.529; MAE: 18.963, 18.999; MAPE: 10.934, 11.132; Q10: 4.562, 4.519; Q50: 9.621, 9.622; Q90: 4.261, 4.378;
| 6  Horizon | RMSE: 31.940, 32.203; MAE: 19.648, 19.972; MAPE: 11.286, 11.647; Q10: 4.770, 4.800; Q50: 9.969, 10.113; Q90: 4.426, 4.635;
| 12 Horizon | RMSE: 33.937, 34.788; MAE: 21.145, 21.863; MAPE: 12.187, 12.788; Q10: 5.156, 5.286; Q50: 10.728, 11.068; Q90: 4.788, 5.139;
epoch 54 time used: 42  seconds  train loss: 17.472 val loss: 6.404983 test loss: 6.539711
Epoch 55: 
| 3  Horizon | RMSE: 30.635, 30.522; MAE: 18.968, 19.006; MAPE: 10.942, 11.140; Q10: 4.565, 4.524; Q50: 9.622, 9.623; Q90: 4.267, 4.384;
| 6  Horizon | RMSE: 31.930, 32.199; MAE: 19.647, 19.983; MAPE: 11.289, 11.683; Q10: 4.775, 4.811; Q50: 9.964, 10.114; Q90: 4.423, 4.631;
| 12 Horizon | RMSE: 33.911, 34.776; MAE: 21.122, 21.853; MAPE: 12.173, 12.822; Q10: 5.159, 5.296; Q50: 10.711, 11.058; Q90: 4.769, 5.117;
epoch 55 time used: 42  seconds  train loss: 17.463 val loss: 6.403028 test loss: 6.539899
Epoch 56: 
| 3  Horizon | RMSE: 30.640, 30.530; MAE: 18.959, 19.004; MAPE: 10.937, 11.145; Q10: 4.562, 4.522; Q50: 9.617, 9.622; Q90: 4.263, 4.385;
| 6  Horizon | RMSE: 31.921, 32.198; MAE: 19.647, 19.985; MAPE: 11.268, 11.650; Q10: 4.769, 4.801; Q50: 9.966, 10.117; Q90: 4.430, 4.647;
| 12 Horizon | RMSE: 33.914, 34.767; MAE: 21.108, 21.840; MAPE: 12.159, 12.818; Q10: 5.160, 5.294; Q50: 10.704, 11.052; Q90: 4.767, 5.122;
epoch 56 time used: 42  seconds  train loss: 17.463 val loss: 6.401295 test loss: 6.54085
Epoch 57: 
| 3  Horizon | RMSE: 30.638, 30.516; MAE: 18.965, 18.998; MAPE: 10.927, 11.122; Q10: 4.562, 4.518; Q50: 9.621, 9.620; Q90: 4.264, 4.383;
| 6  Horizon | RMSE: 31.930, 32.177; MAE: 19.635, 19.957; MAPE: 11.269, 11.643; Q10: 4.769, 4.797; Q50: 9.960, 10.103; Q90: 4.421, 4.630;
| 12 Horizon | RMSE: 33.904, 34.741; MAE: 21.122, 21.833; MAPE: 12.128, 12.731; Q10: 5.145, 5.263; Q50: 10.715, 11.052; Q90: 4.787, 5.146;
epoch 57 time used: 42  seconds  train loss: 17.462 val loss: 6.401334 test loss: 6.535147
Epoch 58: 
| 3  Horizon | RMSE: 30.633, 30.515; MAE: 18.963, 18.998; MAPE: 10.930, 11.138; Q10: 4.562, 4.520; Q50: 9.618, 9.618; Q90: 4.263, 4.379;
| 6  Horizon | RMSE: 31.922, 32.164; MAE: 19.650, 19.961; MAPE: 11.270, 11.649; Q10: 4.772, 4.799; Q50: 9.967, 10.104; Q90: 4.423, 4.628;
| 12 Horizon | RMSE: 33.927, 34.709; MAE: 21.146, 21.817; MAPE: 12.160, 12.765; Q10: 5.158, 5.274; Q50: 10.726, 11.042; Q90: 4.784, 5.122;
epoch 58 time used: 42  seconds  train loss: 17.458 val loss: 6.40492 test loss: 6.532898
Epoch 59: 
| 3  Horizon | RMSE: 30.620, 30.508; MAE: 18.969, 19.015; MAPE: 10.914, 11.136; Q10: 4.560, 4.519; Q50: 9.620, 9.626; Q90: 4.267, 4.387;
| 6  Horizon | RMSE: 31.911, 32.163; MAE: 19.648, 19.974; MAPE: 11.269, 11.662; Q10: 4.768, 4.797; Q50: 9.964, 10.110; Q90: 4.427, 4.639;
| 12 Horizon | RMSE: 33.913, 34.723; MAE: 21.123, 21.835; MAPE: 12.178, 12.849; Q10: 5.159, 5.284; Q50: 10.710, 11.047; Q90: 4.772, 5.118;
epoch 59 time used: 42  seconds  train loss: 17.458 val loss: 6.403051 test loss: 6.538078
Epoch 60: 
| 3  Horizon | RMSE: 30.633, 30.525; MAE: 18.962, 19.003; MAPE: 10.925, 11.127; Q10: 4.562, 4.521; Q50: 9.619, 9.622; Q90: 4.263, 4.382;
| 6  Horizon | RMSE: 31.923, 32.193; MAE: 19.646, 19.979; MAPE: 11.267, 11.653; Q10: 4.771, 4.803; Q50: 9.964, 10.113; Q90: 4.427, 4.641;
| 12 Horizon | RMSE: 33.920, 34.765; MAE: 21.129, 21.855; MAPE: 12.177, 12.836; Q10: 5.162, 5.296; Q50: 10.713, 11.058; Q90: 4.774, 5.121;
epoch 60 time used: 41  seconds  train loss: 17.452 val loss: 6.402045 test loss: 6.539116
Epoch 61: 
| 3  Horizon | RMSE: 30.632, 30.517; MAE: 18.964, 18.999; MAPE: 10.940, 11.140; Q10: 4.563, 4.522; Q50: 9.621, 9.621; Q90: 4.264, 4.380;
| 6  Horizon | RMSE: 31.932, 32.186; MAE: 19.647, 19.965; MAPE: 11.292, 11.668; Q10: 4.774, 4.804; Q50: 9.966, 10.107; Q90: 4.424, 4.630;
| 12 Horizon | RMSE: 33.926, 34.759; MAE: 21.122, 21.840; MAPE: 12.190, 12.840; Q10: 5.170, 5.304; Q50: 10.713, 11.052; Q90: 4.766, 5.111;
epoch 61 time used: 42  seconds  train loss: 17.452 val loss: 6.403328 test loss: 6.537491
Epoch 62: 
| 3  Horizon | RMSE: 30.631, 30.519; MAE: 18.954, 18.995; MAPE: 10.916, 11.125; Q10: 4.560, 4.519; Q50: 9.614, 9.618; Q90: 4.260, 4.378;
| 6  Horizon | RMSE: 31.922, 32.196; MAE: 19.643, 19.976; MAPE: 11.254, 11.632; Q10: 4.766, 4.797; Q50: 9.964, 10.113; Q90: 4.427, 4.642;
| 12 Horizon | RMSE: 33.933, 34.779; MAE: 21.129, 21.844; MAPE: 12.151, 12.766; Q10: 5.153, 5.278; Q50: 10.717, 11.056; Q90: 4.781, 5.135;
Early stopping at epoch: 62
Model  stgcn17  Best Results:
Epoch 52: 
=        =        Horizon  3        =        =        =        =        Horizon  6        =        =        =        =        Horizon  12       =        =       
RMSE     MAE      MAPE     Q10      Q50      Q90      RMSE     MAE      MAPE     Q10      Q50      Q90      RMSE     MAE      MAPE     Q10      Q50      Q90     
30.517   19.003   11.132   4.518    9.623    4.382    32.176   19.968   11.645   4.795    10.109   4.633    34.741   21.813   12.795   5.282    11.040   5.104   
Model Training Ended ... Sun Oct 15 18:19:49 2023
