nohup: ignoring input
pdate shape is:  (16992,)
./save/pems04_stgcn17_in12_out12_addtimeFalse_adjTrue_lr0.001_hc32_train0.7_val0.1_test0.2_seed233_lossquantile_versionstq18_s300slen7q100_note: training started Sun Oct 15 17:35:49 2023
pdate shape is:  (16992,)
data load........
initial data shape is:  (16992, 307, 3)
train_mean shape : (307,)
train  :  (11873, 24, 307, 3)
val  :  (1697, 24, 307, 3)
test  :  (3388, 24, 307, 3)
Model Training Started ... Sun Oct 15 17:35:51 2023
TIMESTEP_IN, TIMESTEP_OUT 12 12
LOSS is : quantile
qcl init quantile loss is [0.010000000000000009, 0.5, 0.99]
Spatial CL target length = 1
Spatial CL target length = 2
Epoch 0: 
| 3  Horizon | RMSE: 37.686, 36.629; MAE: 24.970, 24.398; MAPE: 14.570, 14.745; Q10: 5.848, 5.682; Q50: 12.670, 12.363; Q90: 5.959, 5.906;
| 6  Horizon | RMSE: 41.337, 40.561; MAE: 27.477, 27.134; MAPE: 15.654, 16.010; Q10: 6.253, 6.107; Q50: 13.939, 13.744; Q90: 7.064, 7.022;
| 12 Horizon | RMSE: 52.702, 51.573; MAE: 35.314, 34.918; MAPE: 20.088, 20.480; Q10: 7.751, 7.576; Q50: 17.890, 17.668; Q90: 9.922, 9.363;
epoch 0 time used: 47  seconds  train loss: 26.024 val loss: 9.484425 test loss: 9.288593
Spatial CL target length = 3
Spatial CL target length = 4
Spatial CL target length = 5
Spatial CL target length = 6
Spatial CL target length = 7
Quantile cl loss is [0.009999999999999995, 0.5, 0.99]
Epoch 1: 
| 3  Horizon | RMSE: 32.505, 31.732; MAE: 21.230, 20.853; MAPE: 13.713, 13.910; Q10: 7.404, 7.252; Q50: 10.794, 10.592; Q90: 6.948, 6.836;
| 6  Horizon | RMSE: 34.707, 34.061; MAE: 22.623, 22.358; MAPE: 13.691, 13.932; Q10: 7.863, 7.695; Q50: 11.491, 11.342; Q90: 7.563, 7.467;
| 12 Horizon | RMSE: 39.321, 39.078; MAE: 26.164, 26.205; MAPE: 15.436, 15.936; Q10: 9.093, 8.894; Q50: 13.236, 13.242; Q90: 8.987, 8.912;
epoch 1 time used: 42  seconds  train loss: 23.174 val loss: 9.101592 test loss: 8.971405
Quantile cl loss is [0.020000000000000004, 0.5, 0.98]
Quantile cl loss is [0.03, 0.5, 0.97]
Quantile cl loss is [0.04, 0.5, 0.96]
Quantile cl loss is [0.05, 0.5, 0.95]
Quantile cl loss is [0.06000000000000001, 0.5, 0.94]
Quantile cl loss is [0.07, 0.5, 0.9299999999999999]
Quantile cl loss is [0.08, 0.5, 0.92]
Quantile cl loss is [0.09, 0.5, 0.91]
Quantile cl loss is [0.1, 0.5, 0.9]
Epoch 2: 
| 3  Horizon | RMSE: 33.473, 32.775; MAE: 21.649, 21.347; MAPE: 13.361, 13.519; Q10: 5.044, 4.907; Q50: 10.995, 10.828; Q90: 5.048, 5.012;
| 6  Horizon | RMSE: 35.869, 35.524; MAE: 23.313, 23.285; MAPE: 14.165, 14.470; Q10: 5.269, 5.222; Q50: 11.835, 11.804; Q90: 5.553, 5.569;
| 12 Horizon | RMSE: 39.052, 39.574; MAE: 25.657, 26.240; MAPE: 15.659, 16.271; Q10: 5.908, 5.999; Q50: 13.017, 13.290; Q90: 6.022, 6.171;
epoch 2 time used: 40  seconds  train loss: 19.018 val loss: 7.543302 test loss: 7.544385
Epoch 3: 
| 3  Horizon | RMSE: 31.760, 30.952; MAE: 20.080, 19.762; MAPE: 11.630, 11.736; Q10: 4.821, 4.672; Q50: 10.186, 10.012; Q90: 4.549, 4.541;
| 6  Horizon | RMSE: 33.552, 33.062; MAE: 21.314, 21.223; MAPE: 12.279, 12.536; Q10: 5.101, 5.008; Q50: 10.816, 10.755; Q90: 4.914, 4.984;
| 12 Horizon | RMSE: 37.307, 37.473; MAE: 24.209, 24.441; MAPE: 13.806, 14.314; Q10: 5.774, 5.753; Q50: 12.277, 12.374; Q90: 5.490, 5.680;
epoch 3 time used: 42  seconds  train loss: 20.287 val loss: 6.999235 test loss: 6.974022
Epoch 4: 
| 3  Horizon | RMSE: 31.325, 30.599; MAE: 19.938, 19.601; MAPE: 11.458, 11.620; Q10: 4.728, 4.588; Q50: 10.101, 9.912; Q90: 4.507, 4.509;
| 6  Horizon | RMSE: 33.050, 32.555; MAE: 21.092, 20.910; MAPE: 12.095, 12.274; Q10: 4.989, 4.892; Q50: 10.698, 10.586; Q90: 4.842, 4.875;
| 12 Horizon | RMSE: 36.168, 36.428; MAE: 23.341, 23.621; MAPE: 13.326, 13.830; Q10: 5.524, 5.553; Q50: 11.840, 11.956; Q90: 5.412, 5.576;
epoch 4 time used: 44  seconds  train loss: 19.793 val loss: 6.880964 test loss: 6.849166
Epoch 5: 
| 3  Horizon | RMSE: 31.380, 30.707; MAE: 19.858, 19.539; MAPE: 11.384, 11.472; Q10: 4.711, 4.569; Q50: 10.077, 9.899; Q90: 4.526, 4.536;
| 6  Horizon | RMSE: 33.284, 32.864; MAE: 21.296, 21.124; MAPE: 12.505, 12.605; Q10: 5.004, 4.903; Q50: 10.822, 10.717; Q90: 4.958, 5.007;
| 12 Horizon | RMSE: 36.568, 36.716; MAE: 23.774, 23.863; MAPE: 13.966, 14.130; Q10: 5.551, 5.523; Q50: 12.081, 12.102; Q90: 5.345, 5.530;
epoch 5 time used: 42  seconds  train loss: 19.307 val loss: 6.889568 test loss: 6.855119
Epoch 6: 
| 3  Horizon | RMSE: 31.126, 30.648; MAE: 19.561, 19.384; MAPE: 11.287, 11.467; Q10: 4.690, 4.582; Q50: 9.921, 9.815; Q90: 4.438, 4.469;
| 6  Horizon | RMSE: 32.636, 32.553; MAE: 20.539, 20.599; MAPE: 11.809, 12.087; Q10: 4.935, 4.887; Q50: 10.423, 10.436; Q90: 4.663, 4.750;
| 12 Horizon | RMSE: 35.260, 36.030; MAE: 22.443, 22.944; MAPE: 12.915, 13.428; Q10: 5.364, 5.447; Q50: 11.388, 11.620; Q90: 5.090, 5.306;
epoch 6 time used: 43  seconds  train loss: 19.121 val loss: 6.695158 test loss: 6.728298
Epoch 7: 
| 3  Horizon | RMSE: 31.417, 30.976; MAE: 19.972, 19.823; MAPE: 11.368, 11.554; Q10: 4.744, 4.637; Q50: 10.136, 10.044; Q90: 4.474, 4.533;
| 6  Horizon | RMSE: 32.893, 32.823; MAE: 20.891, 20.995; MAPE: 11.844, 12.185; Q10: 4.954, 4.910; Q50: 10.602, 10.637; Q90: 4.663, 4.783;
| 12 Horizon | RMSE: 35.217, 36.018; MAE: 22.546, 23.118; MAPE: 12.942, 13.572; Q10: 5.356, 5.470; Q50: 11.438, 11.706; Q90: 5.102, 5.363;
epoch 7 time used: 41  seconds  train loss: 18.951 val loss: 6.763562 test loss: 6.818267
Epoch 8: 
| 3  Horizon | RMSE: 30.942, 30.463; MAE: 19.335, 19.166; MAPE: 11.206, 11.367; Q10: 4.632, 4.529; Q50: 9.805, 9.701; Q90: 4.369, 4.409;
| 6  Horizon | RMSE: 32.567, 32.470; MAE: 20.404, 20.502; MAPE: 12.074, 12.464; Q10: 4.866, 4.844; Q50: 10.332, 10.362; Q90: 4.601, 4.699;
| 12 Horizon | RMSE: 35.039, 35.810; MAE: 22.193, 22.801; MAPE: 13.040, 13.828; Q10: 5.319, 5.454; Q50: 11.245, 11.530; Q90: 4.996, 5.220;
epoch 8 time used: 41  seconds  train loss: 18.847 val loss: 6.607577 test loss: 6.656201
Epoch 9: 
| 3  Horizon | RMSE: 31.273, 30.780; MAE: 19.538, 19.371; MAPE: 11.256, 11.440; Q10: 4.673, 4.561; Q50: 9.909, 9.804; Q90: 4.405, 4.451;
| 6  Horizon | RMSE: 32.687, 32.584; MAE: 20.442, 20.555; MAPE: 11.802, 12.205; Q10: 4.890, 4.847; Q50: 10.361, 10.396; Q90: 4.617, 4.730;
| 12 Horizon | RMSE: 35.209, 35.892; MAE: 22.292, 22.851; MAPE: 12.931, 13.530; Q10: 5.345, 5.462; Q50: 11.309, 11.567; Q90: 5.007, 5.260;
epoch 9 time used: 41  seconds  train loss: 18.713 val loss: 6.658443 test loss: 6.711951
Epoch 10: 
| 3  Horizon | RMSE: 31.071, 30.667; MAE: 19.524, 19.391; MAPE: 11.227, 11.383; Q10: 4.664, 4.555; Q50: 9.910, 9.825; Q90: 4.418, 4.497;
| 6  Horizon | RMSE: 32.400, 32.266; MAE: 20.273, 20.343; MAPE: 11.669, 11.918; Q10: 4.868, 4.805; Q50: 10.291, 10.307; Q90: 4.595, 4.727;
| 12 Horizon | RMSE: 34.596, 35.089; MAE: 21.968, 22.446; MAPE: 12.583, 13.231; Q10: 5.269, 5.300; Q50: 11.139, 11.359; Q90: 5.010, 5.281;
epoch 10 time used: 43  seconds  train loss: 18.485 val loss: 6.623806 test loss: 6.670614
Epoch 11: 
| 3  Horizon | RMSE: 31.007, 30.584; MAE: 19.512, 19.375; MAPE: 11.699, 11.760; Q10: 4.652, 4.555; Q50: 9.912, 9.828; Q90: 4.419, 4.473;
| 6  Horizon | RMSE: 32.357, 32.256; MAE: 20.197, 20.288; MAPE: 11.930, 12.108; Q10: 4.848, 4.824; Q50: 10.258, 10.286; Q90: 4.591, 4.709;
| 12 Horizon | RMSE: 34.530, 35.122; MAE: 21.916, 22.371; MAPE: 13.004, 13.373; Q10: 5.267, 5.363; Q50: 11.131, 11.339; Q90: 4.953, 5.188;
epoch 11 time used: 47  seconds  train loss: 18.415 val loss: 6.605484 test loss: 6.658262
Epoch 12: 
| 3  Horizon | RMSE: 30.968, 30.554; MAE: 19.271, 19.154; MAPE: 11.308, 11.410; Q10: 4.638, 4.542; Q50: 9.779, 9.704; Q90: 4.341, 4.409;
| 6  Horizon | RMSE: 32.371, 32.334; MAE: 20.064, 20.211; MAPE: 11.651, 11.930; Q10: 4.839, 4.823; Q50: 10.178, 10.234; Q90: 4.534, 4.668;
| 12 Horizon | RMSE: 34.348, 35.092; MAE: 21.615, 22.206; MAPE: 12.639, 13.152; Q10: 5.224, 5.318; Q50: 10.972, 11.249; Q90: 4.895, 5.163;
epoch 12 time used: 47  seconds  train loss: 18.353 val loss: 6.535214 test loss: 6.602872
Epoch 13: 
| 3  Horizon | RMSE: 31.046, 30.584; MAE: 19.314, 19.215; MAPE: 11.250, 11.462; Q10: 4.629, 4.533; Q50: 9.792, 9.724; Q90: 4.336, 4.404;
| 6  Horizon | RMSE: 32.304, 32.205; MAE: 20.169, 20.285; MAPE: 11.737, 11.918; Q10: 4.864, 4.823; Q50: 10.241, 10.280; Q90: 4.555, 4.696;
| 12 Horizon | RMSE: 34.520, 35.001; MAE: 21.828, 22.294; MAPE: 12.626, 13.035; Q10: 5.241, 5.304; Q50: 11.079, 11.290; Q90: 4.979, 5.211;
epoch 13 time used: 48  seconds  train loss: 18.286 val loss: 6.561942 test loss: 6.614763
Epoch 14: 
| 3  Horizon | RMSE: 30.945, 30.562; MAE: 19.330, 19.239; MAPE: 11.160, 11.260; Q10: 4.629, 4.539; Q50: 9.813, 9.749; Q90: 4.390, 4.469;
| 6  Horizon | RMSE: 32.296, 32.210; MAE: 20.081, 20.218; MAPE: 11.506, 11.766; Q10: 4.838, 4.806; Q50: 10.190, 10.239; Q90: 4.517, 4.667;
| 12 Horizon | RMSE: 34.414, 34.941; MAE: 21.713, 22.199; MAPE: 12.480, 12.967; Q10: 5.219, 5.308; Q50: 11.017, 11.240; Q90: 4.905, 5.166;
epoch 14 time used: 47  seconds  train loss: 18.238 val loss: 6.536764 test loss: 6.604002
Epoch 15: 
| 3  Horizon | RMSE: 30.952, 30.572; MAE: 19.255, 19.199; MAPE: 11.315, 11.440; Q10: 4.645, 4.563; Q50: 9.777, 9.733; Q90: 4.333, 4.421;
| 6  Horizon | RMSE: 32.240, 32.230; MAE: 19.966, 20.167; MAPE: 11.579, 11.851; Q10: 4.814, 4.799; Q50: 10.137, 10.220; Q90: 4.503, 4.671;
| 12 Horizon | RMSE: 34.317, 34.944; MAE: 21.491, 22.074; MAPE: 12.425, 13.020; Q10: 5.194, 5.308; Q50: 10.898, 11.172; Q90: 4.850, 5.123;
epoch 15 time used: 47  seconds  train loss: 18.09 val loss: 6.496614 test loss: 6.581338
Epoch 16: 
| 3  Horizon | RMSE: 30.893, 30.534; MAE: 19.208, 19.170; MAPE: 11.202, 11.351; Q10: 4.622, 4.534; Q50: 9.747, 9.711; Q90: 4.328, 4.424;
| 6  Horizon | RMSE: 32.218, 32.226; MAE: 19.977, 20.218; MAPE: 11.571, 11.916; Q10: 4.813, 4.801; Q50: 10.133, 10.235; Q90: 4.503, 4.684;
| 12 Horizon | RMSE: 34.229, 34.991; MAE: 21.649, 22.318; MAPE: 12.584, 13.155; Q10: 5.205, 5.317; Q50: 10.989, 11.306; Q90: 4.884, 5.212;
epoch 16 time used: 47  seconds  train loss: 18.062 val loss: 6.508227 test loss: 6.606758
Epoch 17: 
| 3  Horizon | RMSE: 31.015, 30.645; MAE: 19.239, 19.185; MAPE: 11.166, 11.334; Q10: 4.632, 4.546; Q50: 9.761, 9.716; Q90: 4.321, 4.409;
| 6  Horizon | RMSE: 32.386, 32.405; MAE: 20.065, 20.301; MAPE: 11.680, 12.083; Q10: 4.857, 4.857; Q50: 10.168, 10.268; Q90: 4.502, 4.673;
| 12 Horizon | RMSE: 34.381, 35.098; MAE: 21.675, 22.335; MAPE: 12.750, 13.498; Q10: 5.274, 5.402; Q50: 10.976, 11.289; Q90: 4.867, 5.162;
epoch 17 time used: 47  seconds  train loss: 18.02 val loss: 6.530516 test loss: 6.6293
Epoch 18: 
| 3  Horizon | RMSE: 30.987, 30.690; MAE: 19.205, 19.216; MAPE: 11.070, 11.337; Q10: 4.616, 4.552; Q50: 9.737, 9.724; Q90: 4.316, 4.411;
| 6  Horizon | RMSE: 32.295, 32.393; MAE: 19.928, 20.210; MAPE: 11.509, 11.965; Q10: 4.815, 4.837; Q50: 10.100, 10.221; Q90: 4.495, 4.669;
| 12 Horizon | RMSE: 34.249, 35.119; MAE: 21.482, 22.213; MAPE: 12.286, 12.986; Q10: 5.220, 5.320; Q50: 10.894, 11.241; Q90: 4.843, 5.166;
epoch 18 time used: 47  seconds  train loss: 17.987 val loss: 6.485964 test loss: 6.597805
Epoch 19: 
| 3  Horizon | RMSE: 30.913, 30.574; MAE: 19.139, 19.139; MAPE: 11.093, 11.293; Q10: 4.604, 4.534; Q50: 9.703, 9.687; Q90: 4.313, 4.421;
| 6  Horizon | RMSE: 32.303, 32.342; MAE: 19.901, 20.169; MAPE: 11.606, 11.976; Q10: 4.814, 4.819; Q50: 10.085, 10.202; Q90: 4.475, 4.652;
| 12 Horizon | RMSE: 34.395, 35.094; MAE: 21.566, 22.157; MAPE: 12.649, 13.087; Q10: 5.200, 5.315; Q50: 10.949, 11.227; Q90: 4.913, 5.190;
epoch 19 time used: 47  seconds  train loss: 17.957 val loss: 6.492096 test loss: 6.596291
Epoch 20: 
| 3  Horizon | RMSE: 30.946, 30.699; MAE: 19.256, 19.277; MAPE: 11.313, 11.449; Q10: 4.628, 4.564; Q50: 9.773, 9.765; Q90: 4.323, 4.426;
| 6  Horizon | RMSE: 32.300, 32.433; MAE: 20.021, 20.292; MAPE: 11.810, 12.065; Q10: 4.845, 4.855; Q50: 10.164, 10.281; Q90: 4.506, 4.685;
| 12 Horizon | RMSE: 34.355, 35.153; MAE: 21.674, 22.297; MAPE: 12.865, 13.324; Q10: 5.256, 5.389; Q50: 11.003, 11.294; Q90: 4.885, 5.170;
epoch 20 time used: 48  seconds  train loss: 17.868 val loss: 6.526635 test loss: 6.635408
Epoch 21: 
| 3  Horizon | RMSE: 30.924, 30.584; MAE: 19.140, 19.110; MAPE: 11.168, 11.313; Q10: 4.611, 4.533; Q50: 9.715, 9.681; Q90: 4.303, 4.395;
| 6  Horizon | RMSE: 32.214, 32.274; MAE: 19.856, 20.103; MAPE: 11.472, 11.826; Q10: 4.811, 4.807; Q50: 10.073, 10.179; Q90: 4.477, 4.654;
| 12 Horizon | RMSE: 34.204, 34.945; MAE: 21.407, 22.060; MAPE: 12.440, 13.124; Q10: 5.209, 5.331; Q50: 10.855, 11.164; Q90: 4.818, 5.116;
epoch 21 time used: 47  seconds  train loss: 17.851 val loss: 6.471585 test loss: 6.573281
Epoch 22: 
| 3  Horizon | RMSE: 30.990, 30.651; MAE: 19.161, 19.124; MAPE: 11.072, 11.203; Q10: 4.611, 4.530; Q50: 9.724, 9.686; Q90: 4.299, 4.392;
| 6  Horizon | RMSE: 32.322, 32.373; MAE: 19.900, 20.107; MAPE: 11.484, 11.732; Q10: 4.817, 4.802; Q50: 10.101, 10.185; Q90: 4.500, 4.672;
| 12 Horizon | RMSE: 34.302, 35.014; MAE: 21.425, 22.019; MAPE: 12.319, 12.843; Q10: 5.191, 5.287; Q50: 10.867, 11.144; Q90: 4.854, 5.146;
epoch 22 time used: 47  seconds  train loss: 17.832 val loss: 6.481831 test loss: 6.571442
Epoch 23: 
| 3  Horizon | RMSE: 30.968, 30.646; MAE: 19.100, 19.087; MAPE: 11.086, 11.254; Q10: 4.604, 4.535; Q50: 9.688, 9.666; Q90: 4.289, 4.386;
| 6  Horizon | RMSE: 32.287, 32.380; MAE: 19.813, 20.070; MAPE: 11.456, 11.781; Q10: 4.803, 4.803; Q50: 10.054, 10.166; Q90: 4.457, 4.642;
| 12 Horizon | RMSE: 34.241, 35.054; MAE: 21.381, 22.033; MAPE: 12.523, 13.012; Q10: 5.191, 5.301; Q50: 10.857, 11.166; Q90: 4.824, 5.152;
epoch 23 time used: 47  seconds  train loss: 17.812 val loss: 6.463546 test loss: 6.572244
Epoch 24: 
| 3  Horizon | RMSE: 30.980, 30.656; MAE: 19.111, 19.110; MAPE: 11.100, 11.285; Q10: 4.619, 4.542; Q50: 9.694, 9.675; Q90: 4.290, 4.396;
| 6  Horizon | RMSE: 32.263, 32.368; MAE: 19.851, 20.104; MAPE: 11.501, 11.777; Q10: 4.819, 4.810; Q50: 10.076, 10.184; Q90: 4.467, 4.662;
| 12 Horizon | RMSE: 34.250, 34.994; MAE: 21.353, 21.984; MAPE: 12.363, 12.926; Q10: 5.202, 5.300; Q50: 10.832, 11.128; Q90: 4.815, 5.124;
epoch 24 time used: 47  seconds  train loss: 17.794 val loss: 6.467363 test loss: 6.571201
Epoch 25: 
| 3  Horizon | RMSE: 30.908, 30.629; MAE: 19.103, 19.111; MAPE: 11.134, 11.287; Q10: 4.604, 4.532; Q50: 9.694, 9.680; Q90: 4.294, 4.405;
| 6  Horizon | RMSE: 32.158, 32.312; MAE: 19.827, 20.111; MAPE: 11.485, 11.775; Q10: 4.804, 4.800; Q50: 10.064, 10.188; Q90: 4.457, 4.661;
| 12 Horizon | RMSE: 34.023, 34.895; MAE: 21.294, 22.005; MAPE: 12.271, 12.848; Q10: 5.166, 5.281; Q50: 10.804, 11.141; Q90: 4.808, 5.166;
epoch 25 time used: 48  seconds  train loss: 17.734 val loss: 6.455492 test loss: 6.574166
Epoch 26: 
| 3  Horizon | RMSE: 30.943, 30.664; MAE: 19.089, 19.114; MAPE: 11.090, 11.306; Q10: 4.613, 4.548; Q50: 9.681, 9.676; Q90: 4.288, 4.394;
| 6  Horizon | RMSE: 32.205, 32.367; MAE: 19.795, 20.097; MAPE: 11.431, 11.806; Q10: 4.803, 4.812; Q50: 10.041, 10.174; Q90: 4.457, 4.654;
| 12 Horizon | RMSE: 34.323, 35.182; MAE: 21.515, 22.267; MAPE: 12.804, 13.606; Q10: 5.233, 5.380; Q50: 10.892, 11.252; Q90: 4.817, 5.129;
epoch 26 time used: 48  seconds  train loss: 17.719 val loss: 6.458415 test loss: 6.580866
Epoch 27: 
| 3  Horizon | RMSE: 30.926, 30.696; MAE: 19.104, 19.135; MAPE: 11.202, 11.369; Q10: 4.612, 4.552; Q50: 9.699, 9.698; Q90: 4.287, 4.403;
| 6  Horizon | RMSE: 32.212, 32.422; MAE: 19.862, 20.170; MAPE: 11.557, 11.875; Q10: 4.810, 4.821; Q50: 10.085, 10.223; Q90: 4.461, 4.674;
| 12 Horizon | RMSE: 34.116, 35.011; MAE: 21.359, 22.070; MAPE: 12.380, 12.964; Q10: 5.186, 5.310; Q50: 10.840, 11.179; Q90: 4.829, 5.177;
epoch 27 time used: 47  seconds  train loss: 17.708 val loss: 6.458881 test loss: 6.586639
Epoch 28: 
| 3  Horizon | RMSE: 30.932, 30.695; MAE: 19.147, 19.188; MAPE: 11.043, 11.212; Q10: 4.602, 4.537; Q50: 9.717, 9.720; Q90: 4.304, 4.429;
| 6  Horizon | RMSE: 32.209, 32.390; MAE: 19.813, 20.144; MAPE: 11.348, 11.715; Q10: 4.794, 4.804; Q50: 10.051, 10.199; Q90: 4.476, 4.694;
| 12 Horizon | RMSE: 34.089, 34.976; MAE: 21.272, 22.008; MAPE: 12.211, 12.775; Q10: 5.164, 5.280; Q50: 10.793, 11.142; Q90: 4.821, 5.184;
epoch 28 time used: 47  seconds  train loss: 17.693 val loss: 6.455763 test loss: 6.586517
Epoch 29: 
| 3  Horizon | RMSE: 30.915, 30.618; MAE: 19.098, 19.105; MAPE: 11.089, 11.242; Q10: 4.597, 4.526; Q50: 9.692, 9.679; Q90: 4.291, 4.407;
| 6  Horizon | RMSE: 32.203, 32.328; MAE: 19.817, 20.092; MAPE: 11.477, 11.751; Q10: 4.793, 4.795; Q50: 10.061, 10.181; Q90: 4.485, 4.692;
| 12 Horizon | RMSE: 34.030, 34.878; MAE: 21.204, 21.941; MAPE: 12.267, 12.957; Q10: 5.169, 5.302; Q50: 10.750, 11.102; Q90: 4.784, 5.132;
epoch 29 time used: 47  seconds  train loss: 17.684 val loss: 6.444982 test loss: 6.568588
Epoch 30: 
| 3  Horizon | RMSE: 30.877, 30.605; MAE: 19.095, 19.118; MAPE: 11.075, 11.222; Q10: 4.595, 4.524; Q50: 9.692, 9.686; Q90: 4.293, 4.411;
| 6  Horizon | RMSE: 32.186, 32.305; MAE: 19.740, 20.031; MAPE: 11.437, 11.773; Q10: 4.796, 4.804; Q50: 10.016, 10.144; Q90: 4.444, 4.646;
| 12 Horizon | RMSE: 34.079, 34.915; MAE: 21.222, 21.945; MAPE: 12.344, 12.986; Q10: 5.186, 5.317; Q50: 10.762, 11.106; Q90: 4.774, 5.103;
epoch 30 time used: 47  seconds  train loss: 17.639 val loss: 6.437865 test loss: 6.56011
Epoch 31: 
| 3  Horizon | RMSE: 30.871, 30.632; MAE: 19.073, 19.125; MAPE: 10.997, 11.223; Q10: 4.591, 4.530; Q50: 9.673, 9.683; Q90: 4.299, 4.429;
| 6  Horizon | RMSE: 32.139, 32.323; MAE: 19.762, 20.082; MAPE: 11.331, 11.701; Q10: 4.791, 4.796; Q50: 10.027, 10.171; Q90: 4.465, 4.685;
| 12 Horizon | RMSE: 33.993, 34.878; MAE: 21.169, 21.909; MAPE: 12.222, 12.886; Q10: 5.159, 5.274; Q50: 10.735, 11.089; Q90: 4.784, 5.146;
epoch 31 time used: 48  seconds  train loss: 17.632 val loss: 6.435287 test loss: 6.566997
Epoch 32: 
| 3  Horizon | RMSE: 30.877, 30.604; MAE: 19.040, 19.088; MAPE: 11.013, 11.239; Q10: 4.597, 4.535; Q50: 9.657, 9.663; Q90: 4.277, 4.398;
| 6  Horizon | RMSE: 32.172, 32.323; MAE: 19.753, 20.083; MAPE: 11.409, 11.825; Q10: 4.802, 4.819; Q50: 10.016, 10.163; Q90: 4.440, 4.648;
| 12 Horizon | RMSE: 34.057, 34.930; MAE: 21.253, 21.989; MAPE: 12.269, 12.915; Q10: 5.176, 5.303; Q50: 10.779, 11.130; Q90: 4.803, 5.167;
epoch 32 time used: 48  seconds  train loss: 17.624 val loss: 6.437644 test loss: 6.571778
Epoch 33: 
| 3  Horizon | RMSE: 30.926, 30.718; MAE: 19.133, 19.194; MAPE: 10.990, 11.204; Q10: 4.595, 4.532; Q50: 9.706, 9.719; Q90: 4.307, 4.443;
| 6  Horizon | RMSE: 32.167, 32.368; MAE: 19.781, 20.124; MAPE: 11.322, 11.727; Q10: 4.796, 4.809; Q50: 10.032, 10.187; Q90: 4.471, 4.700;
| 12 Horizon | RMSE: 34.047, 34.933; MAE: 21.229, 21.969; MAPE: 12.222, 12.868; Q10: 5.178, 5.299; Q50: 10.768, 11.120; Q90: 4.792, 5.160;
epoch 33 time used: 47  seconds  train loss: 17.616 val loss: 6.448137 test loss: 6.586121
Epoch 34: 
| 3  Horizon | RMSE: 30.869, 30.602; MAE: 19.038, 19.068; MAPE: 11.022, 11.224; Q10: 4.594, 4.532; Q50: 9.657, 9.654; Q90: 4.276, 4.392;
| 6  Horizon | RMSE: 32.205, 32.356; MAE: 19.751, 20.060; MAPE: 11.425, 11.830; Q10: 4.802, 4.822; Q50: 10.014, 10.151; Q90: 4.439, 4.642;
| 12 Horizon | RMSE: 34.106, 34.989; MAE: 21.237, 21.993; MAPE: 12.439, 13.179; Q10: 5.194, 5.341; Q50: 10.758, 11.120; Q90: 4.774, 5.117;
epoch 34 time used: 47  seconds  train loss: 17.607 val loss: 6.433585 test loss: 6.56405
Epoch 35: 
| 3  Horizon | RMSE: 30.902, 30.605; MAE: 19.037, 19.058; MAPE: 11.041, 11.248; Q10: 4.595, 4.526; Q50: 9.656, 9.649; Q90: 4.272, 4.387;
| 6  Horizon | RMSE: 32.175, 32.302; MAE: 19.735, 20.021; MAPE: 11.383, 11.732; Q10: 4.796, 4.799; Q50: 10.012, 10.138; Q90: 4.441, 4.649;
| 12 Horizon | RMSE: 34.095, 34.915; MAE: 21.275, 21.940; MAPE: 12.274, 12.796; Q10: 5.169, 5.267; Q50: 10.797, 11.111; Q90: 4.815, 5.167;
epoch 35 time used: 47  seconds  train loss: 17.576 val loss: 6.434839 test loss: 6.55332
Epoch 36: 
| 3  Horizon | RMSE: 30.903, 30.627; MAE: 19.058, 19.103; MAPE: 11.021, 11.267; Q10: 4.594, 4.529; Q50: 9.664, 9.670; Q90: 4.276, 4.400;
| 6  Horizon | RMSE: 32.201, 32.329; MAE: 19.753, 20.066; MAPE: 11.395, 11.819; Q10: 4.797, 4.808; Q50: 10.016, 10.155; Q90: 4.442, 4.655;
| 12 Horizon | RMSE: 34.092, 34.885; MAE: 21.234, 21.919; MAPE: 12.218, 12.863; Q10: 5.170, 5.280; Q50: 10.768, 11.092; Q90: 4.806, 5.164;
epoch 36 time used: 47  seconds  train loss: 17.574 val loss: 6.434181 test loss: 6.561051
Epoch 37: 
| 3  Horizon | RMSE: 30.909, 30.625; MAE: 19.025, 19.064; MAPE: 11.010, 11.229; Q10: 4.597, 4.530; Q50: 9.650, 9.652; Q90: 4.269, 4.387;
| 6  Horizon | RMSE: 32.199, 32.355; MAE: 19.748, 20.063; MAPE: 11.341, 11.704; Q10: 4.800, 4.806; Q50: 10.020, 10.159; Q90: 4.444, 4.661;
| 12 Horizon | RMSE: 34.131, 34.963; MAE: 21.222, 21.923; MAPE: 12.230, 12.813; Q10: 5.183, 5.294; Q50: 10.766, 11.098; Q90: 4.786, 5.139;
epoch 37 time used: 47  seconds  train loss: 17.566 val loss: 6.432498 test loss: 6.557848
Epoch 38: 
| 3  Horizon | RMSE: 30.938, 30.655; MAE: 19.021, 19.055; MAPE: 11.012, 11.221; Q10: 4.600, 4.534; Q50: 9.649, 9.650; Q90: 4.269, 4.384;
| 6  Horizon | RMSE: 32.234, 32.405; MAE: 19.725, 20.039; MAPE: 11.372, 11.737; Q10: 4.802, 4.813; Q50: 10.009, 10.150; Q90: 4.435, 4.642;
| 12 Horizon | RMSE: 34.105, 35.027; MAE: 21.198, 21.954; MAPE: 12.229, 12.892; Q10: 5.181, 5.317; Q50: 10.752, 11.113; Q90: 4.784, 5.148;
epoch 38 time used: 47  seconds  train loss: 17.559 val loss: 6.429755 test loss: 6.562186
Epoch 39: 
| 3  Horizon | RMSE: 30.909, 30.648; MAE: 19.035, 19.070; MAPE: 11.024, 11.204; Q10: 4.598, 4.534; Q50: 9.659, 9.658; Q90: 4.275, 4.396;
| 6  Horizon | RMSE: 32.203, 32.366; MAE: 19.736, 20.037; MAPE: 11.353, 11.697; Q10: 4.799, 4.809; Q50: 10.014, 10.146; Q90: 4.444, 4.657;
| 12 Horizon | RMSE: 34.086, 34.937; MAE: 21.182, 21.872; MAPE: 12.220, 12.798; Q10: 5.174, 5.295; Q50: 10.746, 11.073; Q90: 4.783, 5.135;
epoch 39 time used: 47  seconds  train loss: 17.554 val loss: 6.43215 test loss: 6.558298
Epoch 40: 
| 3  Horizon | RMSE: 30.886, 30.633; MAE: 19.019, 19.078; MAPE: 10.998, 11.222; Q10: 4.592, 4.529; Q50: 9.646, 9.659; Q90: 4.267, 4.394;
| 6  Horizon | RMSE: 32.187, 32.381; MAE: 19.757, 20.082; MAPE: 11.394, 11.721; Q10: 4.797, 4.805; Q50: 10.027, 10.173; Q90: 4.450, 4.678;
| 12 Horizon | RMSE: 34.091, 34.985; MAE: 21.209, 21.958; MAPE: 12.266, 12.892; Q10: 5.180, 5.303; Q50: 10.756, 11.114; Q90: 4.785, 5.156;
epoch 40 time used: 47  seconds  train loss: 17.533 val loss: 6.427415 test loss: 6.564056
Epoch 41: 
| 3  Horizon | RMSE: 30.919, 30.676; MAE: 19.018, 19.059; MAPE: 11.037, 11.221; Q10: 4.595, 4.536; Q50: 9.650, 9.653; Q90: 4.263, 4.380;
| 6  Horizon | RMSE: 32.224, 32.442; MAE: 19.711, 20.041; MAPE: 11.364, 11.723; Q10: 4.796, 4.817; Q50: 10.001, 10.149; Q90: 4.428, 4.639;
| 12 Horizon | RMSE: 34.111, 35.082; MAE: 21.179, 21.958; MAPE: 12.181, 12.817; Q10: 5.172, 5.305; Q50: 10.742, 11.114; Q90: 4.776, 5.143;
epoch 41 time used: 47  seconds  train loss: 17.529 val loss: 6.422908 test loss: 6.559947
Epoch 42: 
| 3  Horizon | RMSE: 30.924, 30.682; MAE: 19.031, 19.086; MAPE: 11.019, 11.227; Q10: 4.596, 4.536; Q50: 9.655, 9.666; Q90: 4.274, 4.398;
| 6  Horizon | RMSE: 32.217, 32.425; MAE: 19.720, 20.058; MAPE: 11.364, 11.734; Q10: 4.799, 4.815; Q50: 10.005, 10.158; Q90: 4.439, 4.661;
| 12 Horizon | RMSE: 34.127, 35.047; MAE: 21.180, 21.941; MAPE: 12.244, 12.893; Q10: 5.181, 5.314; Q50: 10.742, 11.107; Q90: 4.780, 5.150;
epoch 42 time used: 47  seconds  train loss: 17.525 val loss: 6.428175 test loss: 6.567557
Epoch 43: 
| 3  Horizon | RMSE: 30.913, 30.652; MAE: 19.017, 19.058; MAPE: 11.022, 11.219; Q10: 4.597, 4.533; Q50: 9.648, 9.651; Q90: 4.273, 4.391;
| 6  Horizon | RMSE: 32.230, 32.417; MAE: 19.716, 20.036; MAPE: 11.394, 11.762; Q10: 4.802, 4.819; Q50: 10.002, 10.145; Q90: 4.434, 4.644;
| 12 Horizon | RMSE: 34.109, 35.042; MAE: 21.199, 21.946; MAPE: 12.255, 12.847; Q10: 5.178, 5.307; Q50: 10.756, 11.112; Q90: 4.785, 5.145;
epoch 43 time used: 47  seconds  train loss: 17.522 val loss: 6.428087 test loss: 6.5612
Epoch 44: 
| 3  Horizon | RMSE: 30.909, 30.658; MAE: 19.052, 19.085; MAPE: 11.110, 11.267; Q10: 4.599, 4.535; Q50: 9.672, 9.672; Q90: 4.278, 4.401;
| 6  Horizon | RMSE: 32.213, 32.386; MAE: 19.727, 20.024; MAPE: 11.433, 11.742; Q10: 4.801, 4.811; Q50: 10.014, 10.145; Q90: 4.442, 4.660;
| 12 Horizon | RMSE: 34.110, 34.969; MAE: 21.195, 21.896; MAPE: 12.246, 12.821; Q10: 5.180, 5.296; Q50: 10.753, 11.087; Q90: 4.775, 5.129;
epoch 44 time used: 47  seconds  train loss: 17.517 val loss: 6.431696 test loss: 6.559742
Epoch 45: 
| 3  Horizon | RMSE: 30.928, 30.642; MAE: 18.999, 19.031; MAPE: 11.008, 11.209; Q10: 4.592, 4.528; Q50: 9.638, 9.637; Q90: 4.263, 4.379;
| 6  Horizon | RMSE: 32.189, 32.350; MAE: 19.701, 20.006; MAPE: 11.327, 11.681; Q10: 4.795, 4.804; Q50: 9.995, 10.131; Q90: 4.433, 4.649;
| 12 Horizon | RMSE: 34.128, 34.946; MAE: 21.181, 21.861; MAPE: 12.213, 12.781; Q10: 5.174, 5.287; Q50: 10.745, 11.067; Q90: 4.781, 5.129;
epoch 45 time used: 47  seconds  train loss: 17.504 val loss: 6.421232 test loss: 6.544597
Epoch 46: 
| 3  Horizon | RMSE: 30.902, 30.663; MAE: 19.033, 19.092; MAPE: 11.011, 11.222; Q10: 4.595, 4.533; Q50: 9.655, 9.668; Q90: 4.275, 4.403;
| 6  Horizon | RMSE: 32.196, 32.401; MAE: 19.719, 20.062; MAPE: 11.360, 11.745; Q10: 4.801, 4.820; Q50: 10.003, 10.157; Q90: 4.442, 4.667;
| 12 Horizon | RMSE: 34.102, 35.017; MAE: 21.192, 21.949; MAPE: 12.233, 12.873; Q10: 5.179, 5.307; Q50: 10.748, 11.109; Q90: 4.790, 5.159;
epoch 46 time used: 47  seconds  train loss: 17.499 val loss: 6.429401 test loss: 6.569323
Epoch 47: 
| 3  Horizon | RMSE: 30.917, 30.673; MAE: 19.010, 19.069; MAPE: 11.001, 11.217; Q10: 4.595, 4.534; Q50: 9.643, 9.656; Q90: 4.272, 4.400;
| 6  Horizon | RMSE: 32.211, 32.412; MAE: 19.697, 20.037; MAPE: 11.343, 11.729; Q10: 4.799, 4.816; Q50: 9.992, 10.145; Q90: 4.436, 4.660;
| 12 Horizon | RMSE: 34.137, 35.029; MAE: 21.167, 21.913; MAPE: 12.241, 12.879; Q10: 5.185, 5.318; Q50: 10.735, 11.090; Q90: 4.777, 5.139;
epoch 47 time used: 47  seconds  train loss: 17.497 val loss: 6.424523 test loss: 6.56338
Epoch 48: 
| 3  Horizon | RMSE: 30.885, 30.624; MAE: 19.005, 19.051; MAPE: 10.975, 11.184; Q10: 4.590, 4.526; Q50: 9.641, 9.648; Q90: 4.267, 4.391;
| 6  Horizon | RMSE: 32.181, 32.348; MAE: 19.694, 20.008; MAPE: 11.314, 11.681; Q10: 4.794, 4.804; Q50: 9.991, 10.131; Q90: 4.427, 4.643;
| 12 Horizon | RMSE: 34.111, 34.942; MAE: 21.168, 21.870; MAPE: 12.208, 12.819; Q10: 5.179, 5.303; Q50: 10.736, 11.070; Q90: 4.773, 5.120;
epoch 48 time used: 47  seconds  train loss: 17.493 val loss: 6.41973 test loss: 6.547686
Epoch 49: 
| 3  Horizon | RMSE: 30.952, 30.673; MAE: 19.013, 19.042; MAPE: 11.052, 11.237; Q10: 4.601, 4.536; Q50: 9.648, 9.645; Q90: 4.267, 4.385;
| 6  Horizon | RMSE: 32.209, 32.400; MAE: 19.693, 20.015; MAPE: 11.364, 11.711; Q10: 4.798, 4.811; Q50: 9.994, 10.138; Q90: 4.430, 4.649;
| 12 Horizon | RMSE: 34.072, 35.001; MAE: 21.108, 21.886; MAPE: 12.183, 12.839; Q10: 5.169, 5.301; Q50: 10.707, 11.079; Q90: 4.760, 5.133;
epoch 49 time used: 47  seconds  train loss: 17.492 val loss: 6.418106 test loss: 6.553054
Epoch 50: 
| 3  Horizon | RMSE: 30.892, 30.663; MAE: 19.016, 19.083; MAPE: 10.992, 11.199; Q10: 4.592, 4.531; Q50: 9.648, 9.664; Q90: 4.271, 4.401;
| 6  Horizon | RMSE: 32.184, 32.405; MAE: 19.696, 20.049; MAPE: 11.335, 11.721; Q10: 4.796, 4.815; Q50: 9.991, 10.151; Q90: 4.431, 4.656;
| 12 Horizon | RMSE: 34.083, 35.031; MAE: 21.167, 21.936; MAPE: 12.215, 12.833; Q10: 5.179, 5.313; Q50: 10.737, 11.105; Q90: 4.783, 5.159;
epoch 50 time used: 47  seconds  train loss: 17.483 val loss: 6.422465 test loss: 6.564658
Epoch 51: 
| 3  Horizon | RMSE: 30.915, 30.661; MAE: 19.004, 19.054; MAPE: 11.004, 11.209; Q10: 4.596, 4.535; Q50: 9.642, 9.650; Q90: 4.265, 4.386;
| 6  Horizon | RMSE: 32.201, 32.407; MAE: 19.710, 20.046; MAPE: 11.328, 11.701; Q10: 4.798, 4.814; Q50: 10.001, 10.152; Q90: 4.435, 4.657;
| 12 Horizon | RMSE: 34.140, 35.038; MAE: 21.203, 21.942; MAPE: 12.230, 12.848; Q10: 5.189, 5.319; Q50: 10.755, 11.108; Q90: 4.789, 5.155;
epoch 51 time used: 47  seconds  train loss: 17.48 val loss: 6.425127 test loss: 6.561766
Epoch 52: 
| 3  Horizon | RMSE: 30.895, 30.660; MAE: 19.000, 19.059; MAPE: 10.992, 11.198; Q10: 4.590, 4.529; Q50: 9.640, 9.653; Q90: 4.266, 4.394;
| 6  Horizon | RMSE: 32.184, 32.392; MAE: 19.679, 20.020; MAPE: 11.317, 11.702; Q10: 4.791, 4.807; Q50: 9.983, 10.137; Q90: 4.428, 4.653;
| 12 Horizon | RMSE: 34.107, 34.991; MAE: 21.129, 21.864; MAPE: 12.200, 12.814; Q10: 5.172, 5.298; Q50: 10.718, 11.068; Q90: 4.768, 5.128;
epoch 52 time used: 47  seconds  train loss: 17.477 val loss: 6.41495 test loss: 6.552726
Epoch 53: 
| 3  Horizon | RMSE: 30.894, 30.660; MAE: 19.002, 19.071; MAPE: 10.975, 11.201; Q10: 4.591, 4.532; Q50: 9.639, 9.657; Q90: 4.265, 4.394;
| 6  Horizon | RMSE: 32.181, 32.398; MAE: 19.685, 20.032; MAPE: 11.313, 11.687; Q10: 4.791, 4.809; Q50: 9.987, 10.144; Q90: 4.430, 4.658;
| 12 Horizon | RMSE: 34.076, 35.001; MAE: 21.120, 21.884; MAPE: 12.178, 12.802; Q10: 5.169, 5.294; Q50: 10.713, 11.077; Q90: 4.765, 5.137;
epoch 53 time used: 47  seconds  train loss: 17.476 val loss: 6.41751 test loss: 6.558748
Epoch 54: 
| 3  Horizon | RMSE: 30.916, 30.665; MAE: 19.004, 19.053; MAPE: 10.999, 11.191; Q10: 4.592, 4.530; Q50: 9.643, 9.651; Q90: 4.265, 4.388;
| 6  Horizon | RMSE: 32.216, 32.414; MAE: 19.695, 20.024; MAPE: 11.346, 11.705; Q10: 4.796, 4.814; Q50: 9.994, 10.142; Q90: 4.433, 4.653;
| 12 Horizon | RMSE: 34.138, 35.043; MAE: 21.187, 21.922; MAPE: 12.241, 12.819; Q10: 5.181, 5.310; Q50: 10.751, 11.101; Q90: 4.794, 5.160;
epoch 54 time used: 47  seconds  train loss: 17.475 val loss: 6.424407 test loss: 6.559957
Epoch 55: 
| 3  Horizon | RMSE: 30.907, 30.660; MAE: 19.010, 19.062; MAPE: 10.998, 11.205; Q10: 4.594, 4.533; Q50: 9.644, 9.654; Q90: 4.271, 4.396;
| 6  Horizon | RMSE: 32.206, 32.413; MAE: 19.691, 20.035; MAPE: 11.337, 11.730; Q10: 4.801, 4.822; Q50: 9.987, 10.142; Q90: 4.430, 4.652;
| 12 Horizon | RMSE: 34.113, 35.032; MAE: 21.155, 21.907; MAPE: 12.204, 12.839; Q10: 5.181, 5.314; Q50: 10.729, 11.088; Q90: 4.774, 5.139;
epoch 55 time used: 47  seconds  train loss: 17.466 val loss: 6.421624 test loss: 6.560279
Epoch 56: 
| 3  Horizon | RMSE: 30.915, 30.673; MAE: 19.002, 19.063; MAPE: 10.993, 11.209; Q10: 4.593, 4.532; Q50: 9.640, 9.654; Q90: 4.268, 4.397;
| 6  Horizon | RMSE: 32.201, 32.425; MAE: 19.696, 20.048; MAPE: 11.319, 11.702; Q10: 4.795, 4.813; Q50: 9.992, 10.151; Q90: 4.438, 4.670;
| 12 Horizon | RMSE: 34.114, 35.036; MAE: 21.142, 21.904; MAPE: 12.188, 12.827; Q10: 5.181, 5.314; Q50: 10.723, 11.087; Q90: 4.773, 5.148;
epoch 56 time used: 47  seconds  train loss: 17.466 val loss: 6.420657 test loss: 6.563054
Epoch 57: 
| 3  Horizon | RMSE: 30.904, 30.644; MAE: 19.002, 19.047; MAPE: 10.984, 11.181; Q10: 4.591, 4.527; Q50: 9.641, 9.647; Q90: 4.268, 4.394;
| 6  Horizon | RMSE: 32.200, 32.380; MAE: 19.676, 20.001; MAPE: 11.316, 11.688; Q10: 4.794, 4.807; Q50: 9.982, 10.128; Q90: 4.428, 4.649;
| 12 Horizon | RMSE: 34.099, 34.995; MAE: 21.153, 21.895; MAPE: 12.159, 12.755; Q10: 5.165, 5.282; Q50: 10.732, 11.086; Q90: 4.795, 5.175;
epoch 57 time used: 47  seconds  train loss: 17.465 val loss: 6.41897 test loss: 6.554209
Epoch 58: 
| 3  Horizon | RMSE: 30.905, 30.652; MAE: 19.008, 19.057; MAPE: 10.984, 11.200; Q10: 4.592, 4.529; Q50: 9.642, 9.650; Q90: 4.268, 4.393;
| 6  Horizon | RMSE: 32.200, 32.382; MAE: 19.701, 20.020; MAPE: 11.320, 11.697; Q10: 4.797, 4.809; Q50: 9.994, 10.137; Q90: 4.433, 4.651;
| 12 Horizon | RMSE: 34.138, 34.979; MAE: 21.187, 21.882; MAPE: 12.197, 12.780; Q10: 5.178, 5.292; Q50: 10.749, 11.078; Q90: 4.794, 5.151;
epoch 58 time used: 47  seconds  train loss: 17.461 val loss: 6.425311 test loss: 6.555153
Epoch 59: 
| 3  Horizon | RMSE: 30.900, 30.654; MAE: 19.015, 19.076; MAPE: 10.967, 11.194; Q10: 4.591, 4.529; Q50: 9.645, 9.658; Q90: 4.271, 4.400;
| 6  Horizon | RMSE: 32.197, 32.387; MAE: 19.695, 20.030; MAPE: 11.313, 11.708; Q10: 4.794, 4.809; Q50: 9.989, 10.140; Q90: 4.436, 4.663;
| 12 Horizon | RMSE: 34.123, 34.990; MAE: 21.152, 21.888; MAPE: 12.198, 12.848; Q10: 5.180, 5.303; Q50: 10.726, 11.077; Q90: 4.778, 5.145;
epoch 59 time used: 46  seconds  train loss: 17.461 val loss: 6.422216 test loss: 6.559451
Epoch 60: 
| 3  Horizon | RMSE: 30.906, 30.659; MAE: 19.003, 19.056; MAPE: 10.985, 11.187; Q10: 4.592, 4.529; Q50: 9.641, 9.651; Q90: 4.268, 4.395;
| 6  Horizon | RMSE: 32.201, 32.402; MAE: 19.693, 20.029; MAPE: 11.318, 11.698; Q10: 4.797, 4.813; Q50: 9.990, 10.141; Q90: 4.435, 4.661;
| 12 Horizon | RMSE: 34.125, 35.013; MAE: 21.160, 21.900; MAPE: 12.205, 12.839; Q10: 5.183, 5.311; Q50: 10.731, 11.084; Q90: 4.781, 5.146;
epoch 60 time used: 46  seconds  train loss: 17.455 val loss: 6.420896 test loss: 6.557814
Epoch 61: 
| 3  Horizon | RMSE: 30.908, 30.654; MAE: 19.007, 19.054; MAPE: 10.997, 11.199; Q10: 4.594, 4.531; Q50: 9.643, 9.650; Q90: 4.269, 4.394;
| 6  Horizon | RMSE: 32.214, 32.400; MAE: 19.695, 20.017; MAPE: 11.343, 11.718; Q10: 4.800, 4.815; Q50: 9.992, 10.136; Q90: 4.432, 4.652;
| 12 Horizon | RMSE: 34.132, 35.016; MAE: 21.153, 21.892; MAPE: 12.216, 12.846; Q10: 5.190, 5.321; Q50: 10.730, 11.081; Q90: 4.773, 5.136;
epoch 61 time used: 46  seconds  train loss: 17.455 val loss: 6.422195 test loss: 6.557009
Epoch 62: 
| 3  Horizon | RMSE: 30.908, 30.658; MAE: 18.995, 19.049; MAPE: 10.977, 11.189; Q10: 4.591, 4.529; Q50: 9.637, 9.647; Q90: 4.264, 4.389;
| 6  Horizon | RMSE: 32.208, 32.420; MAE: 19.691, 20.033; MAPE: 11.308, 11.686; Q10: 4.794, 4.811; Q50: 9.990, 10.144; Q90: 4.436, 4.664;
| 12 Horizon | RMSE: 34.149, 35.057; MAE: 21.167, 21.914; MAPE: 12.188, 12.788; Q10: 5.177, 5.300; Q50: 10.739, 11.094; Q90: 4.788, 5.162;
Early stopping at epoch: 62
Model  stgcn17  Best Results:
Epoch 52: 
=        =        Horizon  3        =        =        =        =        Horizon  6        =        =        =        =        Horizon  12       =        =       
RMSE     MAE      MAPE     Q10      Q50      Q90      RMSE     MAE      MAPE     Q10      Q50      Q90      RMSE     MAE      MAPE     Q10      Q50      Q90     
30.660   19.059   11.198   4.529    9.653    4.394    32.392   20.020   11.702   4.807    10.137   4.653    34.991   21.864   12.814   5.298    11.068   5.128   
Model Training Ended ... Sun Oct 15 18:24:56 2023
