nohup: ignoring input
pdate shape is:  (16992,)
./save/pems04_stgcn17_in12_out12_addtimeFalse_adjTrue_lr0.001_hc32_train0.7_val0.1_test0.2_seed233_lossquantile_versionstq18_s300slen7q700_note: training started Sun Oct 15 17:35:49 2023
pdate shape is:  (16992,)
data load........
initial data shape is:  (16992, 307, 3)
train_mean shape : (307,)
train  :  (11873, 24, 307, 3)
val  :  (1697, 24, 307, 3)
test  :  (3388, 24, 307, 3)
Model Training Started ... Sun Oct 15 17:35:51 2023
TIMESTEP_IN, TIMESTEP_OUT 12 12
LOSS is : quantile
qcl init quantile loss is [0.010000000000000009, 0.5, 0.99]
Spatial CL target length = 1
Spatial CL target length = 2
Epoch 0: 
| 3  Horizon | RMSE: 37.686, 36.629; MAE: 24.970, 24.398; MAPE: 14.570, 14.745; Q10: 5.848, 5.682; Q50: 12.670, 12.363; Q90: 5.959, 5.906;
| 6  Horizon | RMSE: 41.337, 40.561; MAE: 27.477, 27.134; MAPE: 15.654, 16.010; Q10: 6.253, 6.107; Q50: 13.939, 13.744; Q90: 7.064, 7.022;
| 12 Horizon | RMSE: 52.702, 51.573; MAE: 35.314, 34.918; MAPE: 20.088, 20.480; Q10: 7.751, 7.576; Q50: 17.890, 17.668; Q90: 9.922, 9.363;
epoch 0 time used: 42  seconds  train loss: 26.024 val loss: 9.484425 test loss: 9.288593
Spatial CL target length = 3
Spatial CL target length = 4
Spatial CL target length = 5
Spatial CL target length = 6
Spatial CL target length = 7
Epoch 1: 
| 3  Horizon | RMSE: 32.901, 32.068; MAE: 21.216, 20.772; MAPE: 12.516, 12.673; Q10: 4.941, 4.794; Q50: 10.773, 10.536; Q90: 4.808, 4.753;
| 6  Horizon | RMSE: 35.580, 34.798; MAE: 23.046, 22.647; MAPE: 13.225, 13.392; Q10: 5.307, 5.168; Q50: 11.693, 11.477; Q90: 5.299, 5.295;
| 12 Horizon | RMSE: 40.754, 40.103; MAE: 26.848, 26.629; MAPE: 15.394, 15.726; Q10: 6.161, 6.000; Q50: 13.598, 13.470; Q90: 6.269, 6.312;
epoch 1 time used: 40  seconds  train loss: 23.577 val loss: 7.528485 test loss: 7.412218
Quantile cl loss is [0.009999999999999995, 0.5, 0.99]
Quantile cl loss is [0.020000000000000004, 0.5, 0.98]
Epoch 2: 
| 3  Horizon | RMSE: 33.115, 32.404; MAE: 21.491, 21.193; MAPE: 13.862, 14.005; Q10: 6.042, 5.846; Q50: 10.930, 10.765; Q90: 6.177, 6.118;
| 6  Horizon | RMSE: 35.505, 35.087; MAE: 23.109, 23.033; MAPE: 14.515, 14.762; Q10: 6.525, 6.314; Q50: 11.745, 11.690; Q90: 7.020, 6.988;
| 12 Horizon | RMSE: 38.739, 39.007; MAE: 25.422, 25.831; MAPE: 15.573, 16.056; Q10: 7.291, 7.048; Q50: 12.905, 13.090; Q90: 7.801, 7.858;
epoch 2 time used: 40  seconds  train loss: 15.919 val loss: 8.368941 test loss: 8.283707
Quantile cl loss is [0.03, 0.5, 0.97]
Quantile cl loss is [0.04, 0.5, 0.96]
Epoch 3: 
| 3  Horizon | RMSE: 31.899, 31.098; MAE: 20.208, 19.904; MAPE: 11.704, 11.810; Q10: 5.687, 5.529; Q50: 10.253, 10.087; Q90: 4.974, 4.933;
| 6  Horizon | RMSE: 33.755, 33.268; MAE: 21.511, 21.428; MAPE: 12.386, 12.638; Q10: 6.051, 5.911; Q50: 10.919, 10.862; Q90: 5.152, 5.176;
| 12 Horizon | RMSE: 37.784, 37.864; MAE: 24.613, 24.805; MAPE: 13.873, 14.343; Q10: 6.865, 6.712; Q50: 12.488, 12.565; Q90: 5.862, 5.988;
epoch 3 time used: 39  seconds  train loss: 14.546 val loss: 7.466838 test loss: 7.406769
Quantile cl loss is [0.05, 0.5, 0.95]
Quantile cl loss is [0.06000000000000001, 0.5, 0.94]
Epoch 4: 
| 3  Horizon | RMSE: 31.377, 30.626; MAE: 19.978, 19.607; MAPE: 11.461, 11.582; Q10: 4.923, 4.769; Q50: 10.124, 9.918; Q90: 4.626, 4.639;
| 6  Horizon | RMSE: 33.182, 32.635; MAE: 21.209, 20.976; MAPE: 12.185, 12.295; Q10: 5.312, 5.169; Q50: 10.761, 10.623; Q90: 4.845, 4.891;
| 12 Horizon | RMSE: 36.424, 36.532; MAE: 23.575, 23.749; MAPE: 13.528, 13.878; Q10: 5.951, 5.853; Q50: 11.966, 12.026; Q90: 5.340, 5.518;
epoch 4 time used: 40  seconds  train loss: 16.222 val loss: 7.002744 test loss: 6.945199
Quantile cl loss is [0.07, 0.5, 0.9299999999999999]
Quantile cl loss is [0.08, 0.5, 0.92]
Epoch 5: 
| 3  Horizon | RMSE: 31.417, 30.745; MAE: 19.920, 19.585; MAPE: 11.493, 11.536; Q10: 4.796, 4.652; Q50: 10.111, 9.924; Q90: 4.473, 4.487;
| 6  Horizon | RMSE: 33.385, 32.955; MAE: 21.434, 21.234; MAPE: 12.719, 12.760; Q10: 5.145, 5.033; Q50: 10.894, 10.775; Q90: 4.817, 4.869;
| 12 Horizon | RMSE: 36.688, 36.795; MAE: 23.893, 23.947; MAPE: 14.123, 14.223; Q10: 5.745, 5.679; Q50: 12.144, 12.146; Q90: 5.245, 5.431;
epoch 5 time used: 39  seconds  train loss: 17.443 val loss: 6.924981 test loss: 6.880993
Quantile cl loss is [0.09, 0.5, 0.91]
Quantile cl loss is [0.1, 0.5, 0.9]
Epoch 6: 
| 3  Horizon | RMSE: 31.158, 30.684; MAE: 19.577, 19.399; MAPE: 11.317, 11.481; Q10: 4.689, 4.585; Q50: 9.929, 9.821; Q90: 4.448, 4.475;
| 6  Horizon | RMSE: 32.672, 32.593; MAE: 20.554, 20.615; MAPE: 11.829, 12.112; Q10: 4.939, 4.893; Q50: 10.429, 10.442; Q90: 4.668, 4.753;
| 12 Horizon | RMSE: 35.363, 36.103; MAE: 22.500, 22.991; MAPE: 12.960, 13.483; Q10: 5.373, 5.460; Q50: 11.415, 11.643; Q90: 5.112, 5.321;
epoch 6 time used: 39  seconds  train loss: 18.713 val loss: 6.703385 test loss: 6.73605
Epoch 7: 
| 3  Horizon | RMSE: 31.438, 31.014; MAE: 19.983, 19.842; MAPE: 11.402, 11.582; Q10: 4.745, 4.642; Q50: 10.142, 10.055; Q90: 4.481, 4.540;
| 6  Horizon | RMSE: 32.950, 32.901; MAE: 20.924, 21.038; MAPE: 11.876, 12.211; Q10: 4.968, 4.928; Q50: 10.619, 10.659; Q90: 4.665, 4.786;
| 12 Horizon | RMSE: 35.341, 36.138; MAE: 22.609, 23.181; MAPE: 12.981, 13.577; Q10: 5.374, 5.489; Q50: 11.472, 11.739; Q90: 5.116, 5.376;
epoch 7 time used: 39  seconds  train loss: 18.976 val loss: 6.775823 test loss: 6.832774
Epoch 8: 
| 3  Horizon | RMSE: 30.997, 30.533; MAE: 19.352, 19.187; MAPE: 11.209, 11.356; Q10: 4.638, 4.537; Q50: 9.816, 9.713; Q90: 4.371, 4.412;
| 6  Horizon | RMSE: 32.646, 32.580; MAE: 20.405, 20.522; MAPE: 12.021, 12.426; Q10: 4.876, 4.862; Q50: 10.335, 10.373; Q90: 4.606, 4.710;
| 12 Horizon | RMSE: 35.169, 35.948; MAE: 22.207, 22.836; MAPE: 13.006, 13.809; Q10: 5.338, 5.477; Q50: 11.254, 11.548; Q90: 5.006, 5.232;
epoch 8 time used: 39  seconds  train loss: 18.857 val loss: 6.61556 test loss: 6.66939
Epoch 9: 
| 3  Horizon | RMSE: 31.290, 30.816; MAE: 19.538, 19.380; MAPE: 11.265, 11.437; Q10: 4.675, 4.564; Q50: 9.909, 9.807; Q90: 4.407, 4.458;
| 6  Horizon | RMSE: 32.715, 32.637; MAE: 20.444, 20.565; MAPE: 11.795, 12.186; Q10: 4.896, 4.855; Q50: 10.364, 10.401; Q90: 4.618, 4.738;
| 12 Horizon | RMSE: 35.361, 36.080; MAE: 22.340, 22.939; MAPE: 12.973, 13.593; Q10: 5.366, 5.490; Q50: 11.332, 11.610; Q90: 5.016, 5.275;
epoch 9 time used: 39  seconds  train loss: 18.724 val loss: 6.663753 test loss: 6.723958
Epoch 10: 
| 3  Horizon | RMSE: 31.080, 30.629; MAE: 19.521, 19.362; MAPE: 11.248, 11.356; Q10: 4.668, 4.556; Q50: 9.909, 9.809; Q90: 4.414, 4.485;
| 6  Horizon | RMSE: 32.437, 32.262; MAE: 20.266, 20.319; MAPE: 11.687, 11.898; Q10: 4.872, 4.810; Q50: 10.288, 10.294; Q90: 4.587, 4.710;
| 12 Horizon | RMSE: 34.724, 35.161; MAE: 21.998, 22.464; MAPE: 12.616, 13.254; Q10: 5.287, 5.314; Q50: 11.154, 11.366; Q90: 5.015, 5.277;
epoch 10 time used: 39  seconds  train loss: 18.491 val loss: 6.626897 test loss: 6.66699
Epoch 11: 
| 3  Horizon | RMSE: 31.015, 30.568; MAE: 19.568, 19.403; MAPE: 11.821, 11.807; Q10: 4.660, 4.561; Q50: 9.943, 9.842; Q90: 4.428, 4.471;
| 6  Horizon | RMSE: 32.393, 32.263; MAE: 20.238, 20.301; MAPE: 12.021, 12.132; Q10: 4.858, 4.834; Q50: 10.280, 10.292; Q90: 4.584, 4.689;
| 12 Horizon | RMSE: 34.626, 35.172; MAE: 21.938, 22.375; MAPE: 13.002, 13.344; Q10: 5.287, 5.380; Q50: 11.140, 11.339; Q90: 4.961, 5.183;
epoch 11 time used: 40  seconds  train loss: 18.42 val loss: 6.617288 test loss: 6.661422
Epoch 12: 
| 3  Horizon | RMSE: 30.959, 30.535; MAE: 19.279, 19.154; MAPE: 11.316, 11.382; Q10: 4.638, 4.545; Q50: 9.782, 9.701; Q90: 4.343, 4.404;
| 6  Horizon | RMSE: 32.399, 32.362; MAE: 20.076, 20.224; MAPE: 11.671, 11.931; Q10: 4.843, 4.835; Q50: 10.183, 10.239; Q90: 4.534, 4.663;
| 12 Horizon | RMSE: 34.452, 35.192; MAE: 21.627, 22.232; MAPE: 12.630, 13.148; Q10: 5.236, 5.337; Q50: 10.976, 11.259; Q90: 4.893, 5.155;
epoch 12 time used: 41  seconds  train loss: 18.359 val loss: 6.538955 test loss: 6.60654
Epoch 13: 
| 3  Horizon | RMSE: 31.050, 30.575; MAE: 19.323, 19.219; MAPE: 11.271, 11.462; Q10: 4.627, 4.533; Q50: 9.796, 9.724; Q90: 4.331, 4.394;
| 6  Horizon | RMSE: 32.306, 32.174; MAE: 20.158, 20.265; MAPE: 11.725, 11.896; Q10: 4.867, 4.828; Q50: 10.235, 10.269; Q90: 4.543, 4.680;
| 12 Horizon | RMSE: 34.573, 35.017; MAE: 21.813, 22.284; MAPE: 12.602, 13.042; Q10: 5.256, 5.320; Q50: 11.070, 11.283; Q90: 4.957, 5.181;
epoch 13 time used: 41  seconds  train loss: 18.288 val loss: 6.558431 test loss: 6.608567
Epoch 14: 
| 3  Horizon | RMSE: 30.905, 30.505; MAE: 19.334, 19.219; MAPE: 11.180, 11.247; Q10: 4.624, 4.538; Q50: 9.816, 9.738; Q90: 4.387, 4.452;
| 6  Horizon | RMSE: 32.270, 32.166; MAE: 20.068, 20.194; MAPE: 11.495, 11.753; Q10: 4.833, 4.808; Q50: 10.182, 10.225; Q90: 4.512, 4.652;
| 12 Horizon | RMSE: 34.449, 34.956; MAE: 21.700, 22.198; MAPE: 12.460, 12.987; Q10: 5.228, 5.329; Q50: 11.007, 11.235; Q90: 4.898, 5.152;
epoch 14 time used: 41  seconds  train loss: 18.241 val loss: 6.531779 test loss: 6.596177
Epoch 15: 
| 3  Horizon | RMSE: 30.909, 30.540; MAE: 19.255, 19.180; MAPE: 11.337, 11.414; Q10: 4.638, 4.561; Q50: 9.778, 9.723; Q90: 4.331, 4.409;
| 6  Horizon | RMSE: 32.242, 32.226; MAE: 19.967, 20.150; MAPE: 11.588, 11.825; Q10: 4.816, 4.809; Q50: 10.137, 10.211; Q90: 4.498, 4.653;
| 12 Horizon | RMSE: 34.439, 35.057; MAE: 21.535, 22.126; MAPE: 12.475, 13.068; Q10: 5.207, 5.333; Q50: 10.919, 11.195; Q90: 4.858, 5.120;
epoch 15 time used: 41  seconds  train loss: 18.091 val loss: 6.499785 test loss: 6.581055
Epoch 16: 
| 3  Horizon | RMSE: 30.863, 30.510; MAE: 19.213, 19.160; MAPE: 11.210, 11.336; Q10: 4.620, 4.540; Q50: 9.749, 9.705; Q90: 4.332, 4.418;
| 6  Horizon | RMSE: 32.228, 32.226; MAE: 19.993, 20.221; MAPE: 11.587, 11.925; Q10: 4.818, 4.815; Q50: 10.139, 10.235; Q90: 4.504, 4.674;
| 12 Horizon | RMSE: 34.300, 35.018; MAE: 21.667, 22.323; MAPE: 12.609, 13.174; Q10: 5.220, 5.336; Q50: 10.997, 11.306; Q90: 4.889, 5.207;
epoch 16 time used: 41  seconds  train loss: 18.064 val loss: 6.51347 test loss: 6.608613
Epoch 17: 
| 3  Horizon | RMSE: 30.982, 30.615; MAE: 19.241, 19.164; MAPE: 11.180, 11.304; Q10: 4.628, 4.546; Q50: 9.764, 9.707; Q90: 4.321, 4.399;
| 6  Horizon | RMSE: 32.368, 32.375; MAE: 20.046, 20.267; MAPE: 11.641, 12.014; Q10: 4.857, 4.862; Q50: 10.161, 10.252; Q90: 4.499, 4.658;
| 12 Horizon | RMSE: 34.445, 35.122; MAE: 21.684, 22.336; MAPE: 12.734, 13.482; Q10: 5.279, 5.411; Q50: 10.981, 11.288; Q90: 4.866, 5.153;
epoch 17 time used: 42  seconds  train loss: 18.021 val loss: 6.528288 test loss: 6.622303
Epoch 18: 
| 3  Horizon | RMSE: 30.964, 30.688; MAE: 19.194, 19.199; MAPE: 11.050, 11.309; Q10: 4.610, 4.557; Q50: 9.732, 9.715; Q90: 4.313, 4.398;
| 6  Horizon | RMSE: 32.312, 32.430; MAE: 19.918, 20.210; MAPE: 11.492, 11.958; Q10: 4.815, 4.847; Q50: 10.095, 10.221; Q90: 4.492, 4.659;
| 12 Horizon | RMSE: 34.364, 35.188; MAE: 21.500, 22.207; MAPE: 12.295, 12.974; Q10: 5.227, 5.331; Q50: 10.906, 11.238; Q90: 4.845, 5.159;
epoch 18 time used: 41  seconds  train loss: 17.986 val loss: 6.485916 test loss: 6.597696
Epoch 19: 
| 3  Horizon | RMSE: 30.886, 30.558; MAE: 19.143, 19.125; MAPE: 11.115, 11.305; Q10: 4.601, 4.541; Q50: 9.703, 9.677; Q90: 4.311, 4.408;
| 6  Horizon | RMSE: 32.319, 32.341; MAE: 19.920, 20.175; MAPE: 11.637, 12.003; Q10: 4.820, 4.838; Q50: 10.093, 10.202; Q90: 4.476, 4.639;
| 12 Horizon | RMSE: 34.487, 35.104; MAE: 21.566, 22.132; MAPE: 12.573, 13.025; Q10: 5.212, 5.333; Q50: 10.946, 11.210; Q90: 4.909, 5.165;
epoch 19 time used: 41  seconds  train loss: 17.958 val loss: 6.492347 test loss: 6.590396
Epoch 20: 
| 3  Horizon | RMSE: 30.886, 30.643; MAE: 19.233, 19.232; MAPE: 11.259, 11.385; Q10: 4.620, 4.562; Q50: 9.760, 9.740; Q90: 4.319, 4.413;
| 6  Horizon | RMSE: 32.268, 32.383; MAE: 20.004, 20.256; MAPE: 11.766, 12.004; Q10: 4.843, 4.864; Q50: 10.154, 10.260; Q90: 4.500, 4.666;
| 12 Horizon | RMSE: 34.436, 35.176; MAE: 21.679, 22.290; MAPE: 12.836, 13.294; Q10: 5.263, 5.402; Q50: 11.004, 11.289; Q90: 4.884, 5.158;
epoch 20 time used: 41  seconds  train loss: 17.868 val loss: 6.522357 test loss: 6.627158
Epoch 21: 
| 3  Horizon | RMSE: 30.872, 30.574; MAE: 19.130, 19.090; MAPE: 11.173, 11.293; Q10: 4.607, 4.540; Q50: 9.710, 9.671; Q90: 4.301, 4.383;
| 6  Horizon | RMSE: 32.174, 32.253; MAE: 19.843, 20.079; MAPE: 11.464, 11.794; Q10: 4.810, 4.818; Q50: 10.067, 10.167; Q90: 4.471, 4.634;
| 12 Horizon | RMSE: 34.258, 34.995; MAE: 21.412, 22.068; MAPE: 12.446, 13.113; Q10: 5.221, 5.356; Q50: 10.859, 11.168; Q90: 4.817, 5.106;
epoch 21 time used: 41  seconds  train loss: 17.85 val loss: 6.469703 test loss: 6.569121
Epoch 22: 
| 3  Horizon | RMSE: 30.953, 30.662; MAE: 19.151, 19.107; MAPE: 11.066, 11.183; Q10: 4.606, 4.538; Q50: 9.720, 9.678; Q90: 4.297, 4.384;
| 6  Horizon | RMSE: 32.320, 32.395; MAE: 19.895, 20.100; MAPE: 11.477, 11.708; Q10: 4.816, 4.816; Q50: 10.099, 10.180; Q90: 4.491, 4.652;
| 12 Horizon | RMSE: 34.380, 35.058; MAE: 21.426, 22.014; MAPE: 12.304, 12.835; Q10: 5.201, 5.305; Q50: 10.868, 11.140; Q90: 4.847, 5.126;
epoch 22 time used: 41  seconds  train loss: 17.832 val loss: 6.478847 test loss: 6.569359
Epoch 23: 
| 3  Horizon | RMSE: 30.926, 30.636; MAE: 19.097, 19.067; MAPE: 11.080, 11.226; Q10: 4.599, 4.541; Q50: 9.687, 9.655; Q90: 4.289, 4.374;
| 6  Horizon | RMSE: 32.261, 32.351; MAE: 19.807, 20.050; MAPE: 11.450, 11.745; Q10: 4.804, 4.813; Q50: 10.051, 10.154; Q90: 4.454, 4.623;
| 12 Horizon | RMSE: 34.333, 35.049; MAE: 21.397, 21.991; MAPE: 12.526, 12.962; Q10: 5.204, 5.311; Q50: 10.864, 11.143; Q90: 4.832, 5.132;
epoch 23 time used: 41  seconds  train loss: 17.81 val loss: 6.464634 test loss: 6.564067
Epoch 24: 
| 3  Horizon | RMSE: 30.933, 30.635; MAE: 19.121, 19.096; MAPE: 11.096, 11.261; Q10: 4.616, 4.550; Q50: 9.699, 9.667; Q90: 4.294, 4.385;
| 6  Horizon | RMSE: 32.260, 32.343; MAE: 19.875, 20.091; MAPE: 11.498, 11.743; Q10: 4.824, 4.822; Q50: 10.088, 10.176; Q90: 4.470, 4.645;
| 12 Horizon | RMSE: 34.372, 35.028; MAE: 21.405, 21.994; MAPE: 12.390, 12.932; Q10: 5.220, 5.314; Q50: 10.859, 11.132; Q90: 4.825, 5.117;
epoch 24 time used: 41  seconds  train loss: 17.793 val loss: 6.47525 test loss: 6.570025
Epoch 25: 
| 3  Horizon | RMSE: 30.887, 30.650; MAE: 19.096, 19.093; MAPE: 11.113, 11.252; Q10: 4.600, 4.541; Q50: 9.690, 9.670; Q90: 4.290, 4.390;
| 6  Horizon | RMSE: 32.178, 32.338; MAE: 19.811, 20.092; MAPE: 11.441, 11.735; Q10: 4.804, 4.815; Q50: 10.053, 10.175; Q90: 4.454, 4.644;
| 12 Horizon | RMSE: 34.154, 34.964; MAE: 21.297, 21.995; MAPE: 12.265, 12.860; Q10: 5.182, 5.306; Q50: 10.803, 11.133; Q90: 4.801, 5.144;
epoch 25 time used: 41  seconds  train loss: 17.732 val loss: 6.453092 test loss: 6.569901
Epoch 26: 
| 3  Horizon | RMSE: 30.924, 30.695; MAE: 19.098, 19.108; MAPE: 11.075, 11.267; Q10: 4.610, 4.558; Q50: 9.685, 9.672; Q90: 4.290, 4.389;
| 6  Horizon | RMSE: 32.228, 32.399; MAE: 19.815, 20.103; MAPE: 11.435, 11.788; Q10: 4.807, 4.828; Q50: 10.051, 10.176; Q90: 4.460, 4.646;
| 12 Horizon | RMSE: 34.474, 35.294; MAE: 21.579, 22.345; MAPE: 12.889, 13.729; Q10: 5.258, 5.416; Q50: 10.923, 11.288; Q90: 4.827, 5.134;
epoch 26 time used: 41  seconds  train loss: 17.716 val loss: 6.465495 test loss: 6.586981
Epoch 27: 
| 3  Horizon | RMSE: 30.871, 30.686; MAE: 19.099, 19.110; MAPE: 11.149, 11.291; Q10: 4.606, 4.558; Q50: 9.695, 9.683; Q90: 4.287, 4.393;
| 6  Horizon | RMSE: 32.183, 32.386; MAE: 19.864, 20.143; MAPE: 11.521, 11.800; Q10: 4.808, 4.829; Q50: 10.085, 10.207; Q90: 4.462, 4.658;
| 12 Horizon | RMSE: 34.190, 34.995; MAE: 21.386, 22.049; MAPE: 12.355, 12.911; Q10: 5.196, 5.318; Q50: 10.852, 11.166; Q90: 4.831, 5.162;
epoch 27 time used: 41  seconds  train loss: 17.706 val loss: 6.458947 test loss: 6.579686
Epoch 28: 
| 3  Horizon | RMSE: 30.868, 30.684; MAE: 19.147, 19.173; MAPE: 11.012, 11.170; Q10: 4.598, 4.546; Q50: 9.715, 9.711; Q90: 4.305, 4.421;
| 6  Horizon | RMSE: 32.166, 32.371; MAE: 19.819, 20.146; MAPE: 11.328, 11.683; Q10: 4.791, 4.817; Q50: 10.053, 10.198; Q90: 4.480, 4.684;
| 12 Horizon | RMSE: 34.169, 34.998; MAE: 21.315, 22.019; MAPE: 12.205, 12.771; Q10: 5.175, 5.292; Q50: 10.814, 11.147; Q90: 4.830, 5.177;
epoch 28 time used: 41  seconds  train loss: 17.692 val loss: 6.459713 test loss: 6.587705
Epoch 29: 
| 3  Horizon | RMSE: 30.834, 30.576; MAE: 19.071, 19.057; MAPE: 11.063, 11.201; Q10: 4.588, 4.532; Q50: 9.678, 9.653; Q90: 4.287, 4.388;
| 6  Horizon | RMSE: 32.154, 32.268; MAE: 19.805, 20.053; MAPE: 11.469, 11.712; Q10: 4.789, 4.804; Q50: 10.054, 10.160; Q90: 4.478, 4.664;
| 12 Horizon | RMSE: 34.097, 34.868; MAE: 21.226, 21.932; MAPE: 12.268, 12.958; Q10: 5.177, 5.317; Q50: 10.761, 11.095; Q90: 4.788, 5.120;
epoch 29 time used: 41  seconds  train loss: 17.682 val loss: 6.441734 test loss: 6.559207
Epoch 30: 
| 3  Horizon | RMSE: 30.796, 30.571; MAE: 19.089, 19.094; MAPE: 11.038, 11.175; Q10: 4.588, 4.530; Q50: 9.688, 9.672; Q90: 4.294, 4.400;
| 6  Horizon | RMSE: 32.123, 32.245; MAE: 19.739, 20.014; MAPE: 11.413, 11.733; Q10: 4.795, 4.814; Q50: 10.014, 10.133; Q90: 4.441, 4.627;
| 12 Horizon | RMSE: 34.140, 34.883; MAE: 21.263, 21.948; MAPE: 12.369, 12.994; Q10: 5.200, 5.333; Q50: 10.782, 11.106; Q90: 4.781, 5.093;
epoch 30 time used: 41  seconds  train loss: 17.637 val loss: 6.439907 test loss: 6.556441
Epoch 31: 
| 3  Horizon | RMSE: 30.779, 30.570; MAE: 19.045, 19.066; MAPE: 10.980, 11.183; Q10: 4.582, 4.532; Q50: 9.658, 9.651; Q90: 4.289, 4.399;
| 6  Horizon | RMSE: 32.076, 32.235; MAE: 19.745, 20.027; MAPE: 11.317, 11.656; Q10: 4.787, 4.801; Q50: 10.018, 10.140; Q90: 4.455, 4.650;
| 12 Horizon | RMSE: 34.064, 34.829; MAE: 21.195, 21.882; MAPE: 12.246, 12.899; Q10: 5.168, 5.284; Q50: 10.747, 11.072; Q90: 4.782, 5.118;
epoch 31 time used: 42  seconds  train loss: 17.63 val loss: 6.429468 test loss: 6.549563
Epoch 32: 
| 3  Horizon | RMSE: 30.797, 30.577; MAE: 19.035, 19.061; MAPE: 10.987, 11.188; Q10: 4.591, 4.542; Q50: 9.653, 9.648; Q90: 4.279, 4.389;
| 6  Horizon | RMSE: 32.120, 32.273; MAE: 19.755, 20.063; MAPE: 11.401, 11.792; Q10: 4.800, 4.829; Q50: 10.016, 10.152; Q90: 4.441, 4.633;
| 12 Horizon | RMSE: 34.115, 34.882; MAE: 21.286, 21.972; MAPE: 12.278, 12.913; Q10: 5.188, 5.317; Q50: 10.795, 11.119; Q90: 4.811, 5.153;
epoch 32 time used: 41  seconds  train loss: 17.622 val loss: 6.439343 test loss: 6.566863
Epoch 33: 
| 3  Horizon | RMSE: 30.856, 30.689; MAE: 19.127, 19.159; MAPE: 10.965, 11.157; Q10: 4.588, 4.542; Q50: 9.702, 9.700; Q90: 4.308, 4.427;
| 6  Horizon | RMSE: 32.127, 32.313; MAE: 19.791, 20.104; MAPE: 11.317, 11.704; Q10: 4.796, 4.823; Q50: 10.036, 10.174; Q90: 4.470, 4.676;
| 12 Horizon | RMSE: 34.132, 34.908; MAE: 21.273, 21.968; MAPE: 12.243, 12.899; Q10: 5.190, 5.312; Q50: 10.787, 11.115; Q90: 4.797, 5.141;
epoch 33 time used: 41  seconds  train loss: 17.614 val loss: 6.450218 test loss: 6.579196
Epoch 34: 
| 3  Horizon | RMSE: 30.796, 30.583; MAE: 19.033, 19.041; MAPE: 10.999, 11.183; Q10: 4.588, 4.540; Q50: 9.652, 9.639; Q90: 4.276, 4.379;
| 6  Horizon | RMSE: 32.159, 32.315; MAE: 19.760, 20.051; MAPE: 11.428, 11.816; Q10: 4.802, 4.837; Q50: 10.017, 10.143; Q90: 4.439, 4.625;
| 12 Horizon | RMSE: 34.177, 34.973; MAE: 21.285, 22.021; MAPE: 12.493, 13.259; Q10: 5.201, 5.353; Q50: 10.780, 11.130; Q90: 4.785, 5.114;
epoch 34 time used: 41  seconds  train loss: 17.605 val loss: 6.435958 test loss: 6.562244
Epoch 35: 
| 3  Horizon | RMSE: 30.804, 30.584; MAE: 19.026, 19.040; MAPE: 11.008, 11.207; Q10: 4.586, 4.534; Q50: 9.648, 9.637; Q90: 4.271, 4.378;
| 6  Horizon | RMSE: 32.097, 32.238; MAE: 19.728, 20.003; MAPE: 11.354, 11.703; Q10: 4.790, 4.808; Q50: 10.007, 10.125; Q90: 4.442, 4.634;
| 12 Horizon | RMSE: 34.126, 34.821; MAE: 21.292, 21.893; MAPE: 12.236, 12.754; Q10: 5.175, 5.267; Q50: 10.804, 11.084; Q90: 4.823, 5.153;
epoch 35 time used: 41  seconds  train loss: 17.574 val loss: 6.432979 test loss: 6.546036
Epoch 36: 
| 3  Horizon | RMSE: 30.810, 30.603; MAE: 19.045, 19.073; MAPE: 11.000, 11.218; Q10: 4.584, 4.536; Q50: 9.657, 9.653; Q90: 4.275, 4.389;
| 6  Horizon | RMSE: 32.122, 32.258; MAE: 19.744, 20.038; MAPE: 11.378, 11.779; Q10: 4.792, 4.818; Q50: 10.010, 10.138; Q90: 4.439, 4.636;
| 12 Horizon | RMSE: 34.112, 34.797; MAE: 21.251, 21.887; MAPE: 12.226, 12.863; Q10: 5.176, 5.286; Q50: 10.776, 11.074; Q90: 4.806, 5.144;
epoch 36 time used: 41  seconds  train loss: 17.572 val loss: 6.431153 test loss: 6.55245
Epoch 37: 
| 3  Horizon | RMSE: 30.819, 30.603; MAE: 19.010, 19.029; MAPE: 10.972, 11.165; Q10: 4.587, 4.535; Q50: 9.642, 9.633; Q90: 4.271, 4.377;
| 6  Horizon | RMSE: 32.130, 32.283; MAE: 19.742, 20.025; MAPE: 11.309, 11.646; Q10: 4.793, 4.811; Q50: 10.015, 10.139; Q90: 4.446, 4.641;
| 12 Horizon | RMSE: 34.160, 34.882; MAE: 21.236, 21.884; MAPE: 12.216, 12.787; Q10: 5.187, 5.295; Q50: 10.772, 11.076; Q90: 4.787, 5.117;
epoch 37 time used: 41  seconds  train loss: 17.564 val loss: 6.429792 test loss: 6.547091
Epoch 38: 
| 3  Horizon | RMSE: 30.831, 30.622; MAE: 19.007, 19.026; MAPE: 10.976, 11.163; Q10: 4.589, 4.538; Q50: 9.641, 9.633; Q90: 4.268, 4.374;
| 6  Horizon | RMSE: 32.148, 32.322; MAE: 19.715, 20.004; MAPE: 11.332, 11.677; Q10: 4.794, 4.816; Q50: 10.002, 10.129; Q90: 4.435, 4.626;
| 12 Horizon | RMSE: 34.131, 34.928; MAE: 21.216, 21.915; MAPE: 12.240, 12.888; Q10: 5.183, 5.312; Q50: 10.759, 11.090; Q90: 4.792, 5.134;
epoch 38 time used: 41  seconds  train loss: 17.557 val loss: 6.427045 test loss: 6.551814
Epoch 39: 
| 3  Horizon | RMSE: 30.805, 30.610; MAE: 19.020, 19.033; MAPE: 10.990, 11.160; Q10: 4.589, 4.541; Q50: 9.649, 9.637; Q90: 4.273, 4.382;
| 6  Horizon | RMSE: 32.112, 32.278; MAE: 19.727, 20.003; MAPE: 11.317, 11.664; Q10: 4.792, 4.816; Q50: 10.007, 10.126; Q90: 4.441, 4.635;
| 12 Horizon | RMSE: 34.091, 34.842; MAE: 21.197, 21.846; MAPE: 12.207, 12.820; Q10: 5.177, 5.299; Q50: 10.750, 11.055; Q90: 4.785, 5.113;
epoch 39 time used: 41  seconds  train loss: 17.552 val loss: 6.428295 test loss: 6.547177
Epoch 40: 
| 3  Horizon | RMSE: 30.782, 30.604; MAE: 19.009, 19.047; MAPE: 10.966, 11.166; Q10: 4.582, 4.535; Q50: 9.640, 9.641; Q90: 4.268, 4.384;
| 6  Horizon | RMSE: 32.100, 32.294; MAE: 19.752, 20.043; MAPE: 11.354, 11.652; Q10: 4.790, 4.809; Q50: 10.024, 10.150; Q90: 4.449, 4.655;
| 12 Horizon | RMSE: 34.101, 34.880; MAE: 21.237, 21.929; MAPE: 12.253, 12.885; Q10: 5.182, 5.299; Q50: 10.769, 11.095; Q90: 4.791, 5.139;
epoch 40 time used: 42  seconds  train loss: 17.532 val loss: 6.425527 test loss: 6.553438
Epoch 41: 
| 3  Horizon | RMSE: 30.806, 30.647; MAE: 19.007, 19.030; MAPE: 11.001, 11.163; Q10: 4.585, 4.541; Q50: 9.645, 9.638; Q90: 4.264, 4.371;
| 6  Horizon | RMSE: 32.130, 32.361; MAE: 19.707, 20.009; MAPE: 11.340, 11.671; Q10: 4.789, 4.821; Q50: 9.999, 10.131; Q90: 4.429, 4.622;
| 12 Horizon | RMSE: 34.128, 34.979; MAE: 21.212, 21.919; MAPE: 12.179, 12.794; Q10: 5.176, 5.302; Q50: 10.759, 11.093; Q90: 4.786, 5.129;
epoch 41 time used: 42  seconds  train loss: 17.527 val loss: 6.422017 test loss: 6.550382
Epoch 42: 
| 3  Horizon | RMSE: 30.812, 30.666; MAE: 19.016, 19.058; MAPE: 10.986, 11.167; Q10: 4.585, 4.543; Q50: 9.647, 9.650; Q90: 4.272, 4.386;
| 6  Horizon | RMSE: 32.119, 32.358; MAE: 19.711, 20.029; MAPE: 11.334, 11.679; Q10: 4.790, 4.821; Q50: 10.000, 10.141; Q90: 4.439, 4.643;
| 12 Horizon | RMSE: 34.120, 34.961; MAE: 21.195, 21.912; MAPE: 12.232, 12.864; Q10: 5.180, 5.311; Q50: 10.749, 11.089; Q90: 4.784, 5.133;
epoch 42 time used: 42  seconds  train loss: 17.523 val loss: 6.424601 test loss: 6.55908
Epoch 43: 
| 3  Horizon | RMSE: 30.787, 30.620; MAE: 18.999, 19.027; MAPE: 10.982, 11.157; Q10: 4.584, 4.538; Q50: 9.638, 9.634; Q90: 4.273, 4.382;
| 6  Horizon | RMSE: 32.107, 32.327; MAE: 19.695, 20.002; MAPE: 11.349, 11.705; Q10: 4.790, 4.823; Q50: 9.990, 10.126; Q90: 4.433, 4.627;
| 12 Horizon | RMSE: 34.087, 34.933; MAE: 21.204, 21.909; MAPE: 12.216, 12.811; Q10: 5.175, 5.302; Q50: 10.757, 11.090; Q90: 4.788, 5.132;
epoch 43 time used: 42  seconds  train loss: 17.521 val loss: 6.421981 test loss: 6.551404
Epoch 44: 
| 3  Horizon | RMSE: 30.810, 30.647; MAE: 19.047, 19.063; MAPE: 11.077, 11.207; Q10: 4.589, 4.544; Q50: 9.669, 9.659; Q90: 4.278, 4.390;
| 6  Horizon | RMSE: 32.120, 32.322; MAE: 19.722, 20.001; MAPE: 11.404, 11.683; Q10: 4.794, 4.820; Q50: 10.010, 10.131; Q90: 4.444, 4.646;
| 12 Horizon | RMSE: 34.111, 34.884; MAE: 21.221, 21.876; MAPE: 12.230, 12.789; Q10: 5.183, 5.295; Q50: 10.766, 11.074; Q90: 4.782, 5.118;
epoch 44 time used: 41  seconds  train loss: 17.516 val loss: 6.430363 test loss: 6.552874
Epoch 45: 
| 3  Horizon | RMSE: 30.809, 30.631; MAE: 18.985, 19.009; MAPE: 10.976, 11.161; Q10: 4.581, 4.535; Q50: 9.630, 9.623; Q90: 4.263, 4.371;
| 6  Horizon | RMSE: 32.080, 32.280; MAE: 19.689, 19.981; MAPE: 11.292, 11.637; Q10: 4.785, 4.810; Q50: 9.988, 10.116; Q90: 4.433, 4.635;
| 12 Horizon | RMSE: 34.097, 34.848; MAE: 21.186, 21.834; MAPE: 12.183, 12.761; Q10: 5.175, 5.287; Q50: 10.746, 11.051; Q90: 4.781, 5.112;
epoch 45 time used: 41  seconds  train loss: 17.502 val loss: 6.416186 test loss: 6.537308
Epoch 46: 
| 3  Horizon | RMSE: 30.787, 30.640; MAE: 19.021, 19.064; MAPE: 10.976, 11.165; Q10: 4.585, 4.542; Q50: 9.649, 9.652; Q90: 4.274, 4.392;
| 6  Horizon | RMSE: 32.094, 32.325; MAE: 19.709, 20.029; MAPE: 11.331, 11.695; Q10: 4.793, 4.829; Q50: 9.997, 10.139; Q90: 4.439, 4.644;
| 12 Horizon | RMSE: 34.097, 34.923; MAE: 21.213, 21.917; MAPE: 12.226, 12.859; Q10: 5.181, 5.310; Q50: 10.757, 11.091; Q90: 4.792, 5.139;
epoch 46 time used: 41  seconds  train loss: 17.498 val loss: 6.426477 test loss: 6.560689
Epoch 47: 
| 3  Horizon | RMSE: 30.802, 30.657; MAE: 18.999, 19.039; MAPE: 10.968, 11.154; Q10: 4.584, 4.542; Q50: 9.637, 9.640; Q90: 4.271, 4.389;
| 6  Horizon | RMSE: 32.110, 32.343; MAE: 19.689, 20.003; MAPE: 11.317, 11.674; Q10: 4.790, 4.823; Q50: 9.987, 10.127; Q90: 4.435, 4.640;
| 12 Horizon | RMSE: 34.123, 34.934; MAE: 21.183, 21.879; MAPE: 12.227, 12.859; Q10: 5.186, 5.318; Q50: 10.742, 11.071; Q90: 4.781, 5.121;
epoch 47 time used: 41  seconds  train loss: 17.496 val loss: 6.421092 test loss: 6.553481
Epoch 48: 
| 3  Horizon | RMSE: 30.769, 30.607; MAE: 18.986, 19.017; MAPE: 10.944, 11.128; Q10: 4.579, 4.533; Q50: 9.631, 9.629; Q90: 4.266, 4.381;
| 6  Horizon | RMSE: 32.076, 32.282; MAE: 19.676, 19.976; MAPE: 11.283, 11.638; Q10: 4.784, 4.810; Q50: 9.981, 10.113; Q90: 4.425, 4.623;
| 12 Horizon | RMSE: 34.087, 34.855; MAE: 21.172, 21.840; MAPE: 12.197, 12.807; Q10: 5.180, 5.305; Q50: 10.737, 11.052; Q90: 4.776, 5.105;
epoch 48 time used: 41  seconds  train loss: 17.492 val loss: 6.414068 test loss: 6.538449
Epoch 49: 
| 3  Horizon | RMSE: 30.824, 30.653; MAE: 18.994, 19.014; MAPE: 11.003, 11.178; Q10: 4.588, 4.543; Q50: 9.636, 9.628; Q90: 4.264, 4.373;
| 6  Horizon | RMSE: 32.094, 32.318; MAE: 19.676, 19.981; MAPE: 11.323, 11.661; Q10: 4.787, 4.817; Q50: 9.983, 10.117; Q90: 4.427, 4.628;
| 12 Horizon | RMSE: 34.049, 34.895; MAE: 21.128, 21.860; MAPE: 12.186, 12.852; Q10: 5.170, 5.303; Q50: 10.714, 11.062; Q90: 4.765, 5.117;
epoch 49 time used: 42  seconds  train loss: 17.49 val loss: 6.412651 test loss: 6.543318
Epoch 50: 
| 3  Horizon | RMSE: 30.778, 30.648; MAE: 19.005, 19.053; MAPE: 10.955, 11.141; Q10: 4.581, 4.538; Q50: 9.641, 9.647; Q90: 4.271, 4.390;
| 6  Horizon | RMSE: 32.080, 32.337; MAE: 19.688, 20.019; MAPE: 11.311, 11.681; Q10: 4.787, 4.822; Q50: 9.986, 10.133; Q90: 4.431, 4.638;
| 12 Horizon | RMSE: 34.067, 34.936; MAE: 21.183, 21.901; MAPE: 12.201, 12.820; Q10: 5.179, 5.314; Q50: 10.744, 11.084; Q90: 4.788, 5.140;
epoch 50 time used: 41  seconds  train loss: 17.481 val loss: 6.418961 test loss: 6.555423
Epoch 51: 
| 3  Horizon | RMSE: 30.801, 30.655; MAE: 18.993, 19.028; MAPE: 10.974, 11.153; Q10: 4.585, 4.543; Q50: 9.636, 9.636; Q90: 4.264, 4.376;
| 6  Horizon | RMSE: 32.100, 32.340; MAE: 19.703, 20.015; MAPE: 11.303, 11.652; Q10: 4.789, 4.821; Q50: 9.996, 10.134; Q90: 4.434, 4.638;
| 12 Horizon | RMSE: 34.119, 34.941; MAE: 21.221, 21.912; MAPE: 12.219, 12.836; Q10: 5.189, 5.319; Q50: 10.763, 11.090; Q90: 4.794, 5.138;
epoch 51 time used: 41  seconds  train loss: 17.479 val loss: 6.422162 test loss: 6.553648
Epoch 52: 
| 3  Horizon | RMSE: 30.769, 30.634; MAE: 18.985, 19.026; MAPE: 10.954, 11.136; Q10: 4.579, 4.537; Q50: 9.632, 9.634; Q90: 4.265, 4.382;
| 6  Horizon | RMSE: 32.064, 32.308; MAE: 19.668, 19.989; MAPE: 11.285, 11.649; Q10: 4.781, 4.815; Q50: 9.977, 10.119; Q90: 4.426, 4.633;
| 12 Horizon | RMSE: 34.067, 34.882; MAE: 21.137, 21.831; MAPE: 12.183, 12.793; Q10: 5.171, 5.300; Q50: 10.721, 11.048; Q90: 4.768, 5.107;
epoch 52 time used: 41  seconds  train loss: 17.476 val loss: 6.409966 test loss: 6.542796
Epoch 53: 
| 3  Horizon | RMSE: 30.767, 30.632; MAE: 18.988, 19.039; MAPE: 10.938, 11.142; Q10: 4.579, 4.539; Q50: 9.631, 9.638; Q90: 4.263, 4.382;
| 6  Horizon | RMSE: 32.064, 32.307; MAE: 19.670, 19.993; MAPE: 11.274, 11.642; Q10: 4.781, 4.815; Q50: 9.978, 10.121; Q90: 4.429, 4.637;
| 12 Horizon | RMSE: 34.041, 34.878; MAE: 21.132, 21.846; MAPE: 12.156, 12.791; Q10: 5.166, 5.292; Q50: 10.717, 11.055; Q90: 4.769, 5.119;
epoch 53 time used: 41  seconds  train loss: 17.475 val loss: 6.411673 test loss: 6.546316
Epoch 54: 
| 3  Horizon | RMSE: 30.789, 30.649; MAE: 18.986, 19.022; MAPE: 10.961, 11.135; Q10: 4.580, 4.538; Q50: 9.633, 9.633; Q90: 4.263, 4.377;
| 6  Horizon | RMSE: 32.095, 32.338; MAE: 19.678, 19.990; MAPE: 11.307, 11.650; Q10: 4.785, 4.820; Q50: 9.984, 10.122; Q90: 4.431, 4.634;
| 12 Horizon | RMSE: 34.095, 34.930; MAE: 21.187, 21.878; MAPE: 12.208, 12.788; Q10: 5.176, 5.305; Q50: 10.749, 11.075; Q90: 4.794, 5.139;
epoch 54 time used: 41  seconds  train loss: 17.474 val loss: 6.417632 test loss: 6.549184
Epoch 55: 
| 3  Horizon | RMSE: 30.779, 30.641; MAE: 18.993, 19.030; MAPE: 10.962, 11.144; Q10: 4.583, 4.541; Q50: 9.635, 9.635; Q90: 4.269, 4.382;
| 6  Horizon | RMSE: 32.085, 32.333; MAE: 19.681, 20.004; MAPE: 11.313, 11.691; Q10: 4.790, 4.829; Q50: 9.981, 10.124; Q90: 4.428, 4.631;
| 12 Horizon | RMSE: 34.073, 34.918; MAE: 21.170, 21.873; MAPE: 12.193, 12.825; Q10: 5.180, 5.314; Q50: 10.736, 11.068; Q90: 4.777, 5.121;
epoch 55 time used: 41  seconds  train loss: 17.465 val loss: 6.416843 test loss: 6.549858
Epoch 56: 
| 3  Horizon | RMSE: 30.787, 30.655; MAE: 18.984, 19.029; MAPE: 10.960, 11.153; Q10: 4.581, 4.540; Q50: 9.630, 9.634; Q90: 4.266, 4.384;
| 6  Horizon | RMSE: 32.081, 32.342; MAE: 19.680, 20.009; MAPE: 11.290, 11.658; Q10: 4.785, 4.822; Q50: 9.983, 10.129; Q90: 4.435, 4.647;
| 12 Horizon | RMSE: 34.078, 34.924; MAE: 21.153, 21.867; MAPE: 12.184, 12.829; Q10: 5.181, 5.315; Q50: 10.727, 11.065; Q90: 4.775, 5.126;
epoch 56 time used: 41  seconds  train loss: 17.465 val loss: 6.414936 test loss: 6.551841
Epoch 57: 
| 3  Horizon | RMSE: 30.784, 30.637; MAE: 18.989, 19.021; MAPE: 10.947, 11.125; Q10: 4.580, 4.536; Q50: 9.634, 9.631; Q90: 4.267, 4.384;
| 6  Horizon | RMSE: 32.087, 32.316; MAE: 19.668, 19.977; MAPE: 11.290, 11.647; Q10: 4.785, 4.816; Q50: 9.977, 10.113; Q90: 4.426, 4.630;
| 12 Horizon | RMSE: 34.069, 34.890; MAE: 21.170, 21.855; MAPE: 12.146, 12.736; Q10: 5.166, 5.282; Q50: 10.739, 11.063; Q90: 4.796, 5.151;
epoch 57 time used: 41  seconds  train loss: 17.464 val loss: 6.4151 test loss: 6.545309
Epoch 58: 
| 3  Horizon | RMSE: 30.777, 30.637; MAE: 18.990, 19.022; MAPE: 10.952, 11.138; Q10: 4.580, 4.537; Q50: 9.633, 9.631; Q90: 4.265, 4.379;
| 6  Horizon | RMSE: 32.080, 32.305; MAE: 19.684, 19.982; MAPE: 11.291, 11.650; Q10: 4.787, 4.817; Q50: 9.984, 10.115; Q90: 4.429, 4.628;
| 12 Horizon | RMSE: 34.094, 34.864; MAE: 21.195, 21.840; MAPE: 12.182, 12.757; Q10: 5.177, 5.292; Q50: 10.751, 11.054; Q90: 4.794, 5.128;
epoch 58 time used: 41  seconds  train loss: 17.46 val loss: 6.418909 test loss: 6.543337
Epoch 59: 
| 3  Horizon | RMSE: 30.769, 30.634; MAE: 18.997, 19.043; MAPE: 10.938, 11.143; Q10: 4.579, 4.538; Q50: 9.635, 9.639; Q90: 4.269, 4.388;
| 6  Horizon | RMSE: 32.073, 32.309; MAE: 19.683, 19.999; MAPE: 11.287, 11.669; Q10: 4.784, 4.817; Q50: 9.982, 10.122; Q90: 4.432, 4.639;
| 12 Horizon | RMSE: 34.079, 34.881; MAE: 21.167, 21.859; MAPE: 12.191, 12.847; Q10: 5.179, 5.304; Q50: 10.732, 11.059; Q90: 4.781, 5.125;
epoch 59 time used: 41  seconds  train loss: 17.46 val loss: 6.416931 test loss: 6.549058
Epoch 60: 
| 3  Horizon | RMSE: 30.778, 30.649; MAE: 18.986, 19.027; MAPE: 10.947, 11.132; Q10: 4.580, 4.539; Q50: 9.632, 9.634; Q90: 4.266, 4.383;
| 6  Horizon | RMSE: 32.081, 32.335; MAE: 19.679, 20.001; MAPE: 11.291, 11.662; Q10: 4.786, 4.822; Q50: 9.981, 10.124; Q90: 4.432, 4.640;
| 12 Horizon | RMSE: 34.084, 34.916; MAE: 21.173, 21.876; MAPE: 12.196, 12.840; Q10: 5.182, 5.313; Q50: 10.736, 11.068; Q90: 4.782, 5.126;
epoch 60 time used: 41  seconds  train loss: 17.454 val loss: 6.415511 test loss: 6.549214
Epoch 61: 
| 3  Horizon | RMSE: 30.778, 30.640; MAE: 18.990, 19.024; MAPE: 10.960, 11.142; Q10: 4.582, 4.539; Q50: 9.634, 9.633; Q90: 4.267, 4.382;
| 6  Horizon | RMSE: 32.089, 32.327; MAE: 19.679, 19.987; MAPE: 11.310, 11.670; Q10: 4.789, 4.822; Q50: 9.983, 10.118; Q90: 4.429, 4.632;
| 12 Horizon | RMSE: 34.087, 34.911; MAE: 21.166, 21.861; MAPE: 12.202, 12.835; Q10: 5.188, 5.320; Q50: 10.735, 11.063; Q90: 4.775, 5.118;
epoch 61 time used: 41  seconds  train loss: 17.453 val loss: 6.416678 test loss: 6.54795
Epoch 62: 
| 3  Horizon | RMSE: 30.779, 30.645; MAE: 18.978, 19.019; MAPE: 10.940, 11.131; Q10: 4.579, 4.537; Q50: 9.627, 9.630; Q90: 4.262, 4.377;
| 6  Horizon | RMSE: 32.086, 32.342; MAE: 19.676, 19.997; MAPE: 11.277, 11.637; Q10: 4.783, 4.817; Q50: 9.981, 10.124; Q90: 4.432, 4.641;
| 12 Horizon | RMSE: 34.107, 34.938; MAE: 21.176, 21.865; MAPE: 12.172, 12.768; Q10: 5.174, 5.298; Q50: 10.741, 11.067; Q90: 4.790, 5.138;
Early stopping at epoch: 62
Model  stgcn17  Best Results:
Epoch 52: 
=        =        Horizon  3        =        =        =        =        Horizon  6        =        =        =        =        Horizon  12       =        =       
RMSE     MAE      MAPE     Q10      Q50      Q90      RMSE     MAE      MAPE     Q10      Q50      Q90      RMSE     MAE      MAPE     Q10      Q50      Q90     
30.634   19.026   11.136   4.537    9.634    4.382    32.308   19.989   11.649   4.815    10.119   4.633    34.882   21.831   12.793   5.300    11.048   5.107   
Model Training Ended ... Sun Oct 15 18:19:38 2023
