nohup: ignoring input
pdate shape is:  (16992,)
./save/pems04_stgcn17_in12_out12_addtimeFalse_adjTrue_lr0.001_hc32_train0.7_val0.1_test0.2_seed233_lossquantile_versionstq18_s300sl7q800_note: training started Sun Oct 15 17:35:49 2023
pdate shape is:  (16992,)
data load........
initial data shape is:  (16992, 307, 3)
train_mean shape : (307,)
train  :  (11873, 24, 307, 3)
val  :  (1697, 24, 307, 3)
test  :  (3388, 24, 307, 3)
Model Training Started ... Sun Oct 15 17:35:51 2023
TIMESTEP_IN, TIMESTEP_OUT 12 12
LOSS is : quantile
qcl init quantile loss is [0.010000000000000009, 0.5, 0.99]
Spatial CL target length = 1
Spatial CL target length = 2
Epoch 0: 
| 3  Horizon | RMSE: 37.686, 36.629; MAE: 24.970, 24.398; MAPE: 14.570, 14.745; Q10: 5.848, 5.682; Q50: 12.670, 12.363; Q90: 5.959, 5.906;
| 6  Horizon | RMSE: 41.337, 40.561; MAE: 27.477, 27.134; MAPE: 15.654, 16.010; Q10: 6.253, 6.107; Q50: 13.939, 13.744; Q90: 7.064, 7.022;
| 12 Horizon | RMSE: 52.702, 51.573; MAE: 35.314, 34.918; MAPE: 20.088, 20.480; Q10: 7.751, 7.576; Q50: 17.890, 17.668; Q90: 9.922, 9.363;
epoch 0 time used: 43  seconds  train loss: 26.024 val loss: 9.484425 test loss: 9.288593
Spatial CL target length = 3
Spatial CL target length = 4
Spatial CL target length = 5
Spatial CL target length = 6
Spatial CL target length = 7
Epoch 1: 
| 3  Horizon | RMSE: 32.901, 32.068; MAE: 21.216, 20.772; MAPE: 12.516, 12.673; Q10: 4.941, 4.794; Q50: 10.773, 10.536; Q90: 4.808, 4.753;
| 6  Horizon | RMSE: 35.580, 34.798; MAE: 23.046, 22.647; MAPE: 13.225, 13.392; Q10: 5.307, 5.168; Q50: 11.693, 11.477; Q90: 5.299, 5.295;
| 12 Horizon | RMSE: 40.754, 40.103; MAE: 26.848, 26.629; MAPE: 15.394, 15.726; Q10: 6.161, 6.000; Q50: 13.598, 13.470; Q90: 6.269, 6.312;
epoch 1 time used: 41  seconds  train loss: 23.577 val loss: 7.528485 test loss: 7.412218
Quantile cl loss is [0.009999999999999995, 0.5, 0.99]
Quantile cl loss is [0.020000000000000004, 0.5, 0.98]
Epoch 2: 
| 3  Horizon | RMSE: 33.081, 32.372; MAE: 21.485, 21.192; MAPE: 13.966, 14.108; Q10: 6.048, 5.850; Q50: 10.930, 10.767; Q90: 6.221, 6.159;
| 6  Horizon | RMSE: 35.445, 35.047; MAE: 23.095, 23.032; MAPE: 14.615, 14.867; Q10: 6.526, 6.312; Q50: 11.740, 11.692; Q90: 7.097, 7.061;
| 12 Horizon | RMSE: 38.635, 38.955; MAE: 25.392, 25.829; MAPE: 15.664, 16.149; Q10: 7.306, 7.062; Q50: 12.894, 13.091; Q90: 7.823, 7.877;
epoch 2 time used: 40  seconds  train loss: 16.331 val loss: 8.380202 test loss: 8.296272
Quantile cl loss is [0.03, 0.5, 0.97]
Epoch 3: 
| 3  Horizon | RMSE: 31.852, 31.050; MAE: 20.173, 19.861; MAPE: 11.683, 11.780; Q10: 5.953, 5.791; Q50: 10.235, 10.064; Q90: 5.170, 5.118;
| 6  Horizon | RMSE: 33.693, 33.197; MAE: 21.462, 21.368; MAPE: 12.359, 12.599; Q10: 6.455, 6.299; Q50: 10.894, 10.831; Q90: 5.409, 5.417;
| 12 Horizon | RMSE: 37.664, 37.731; MAE: 24.517, 24.697; MAPE: 13.834, 14.293; Q10: 7.123, 6.947; Q50: 12.438, 12.509; Q90: 6.144, 6.243;
epoch 3 time used: 41  seconds  train loss: 14.089 val loss: 7.626985 test loss: 7.554584
Quantile cl loss is [0.04, 0.5, 0.96]
Quantile cl loss is [0.05, 0.5, 0.95]
Epoch 4: 
| 3  Horizon | RMSE: 31.384, 30.632; MAE: 19.976, 19.605; MAPE: 11.455, 11.578; Q10: 5.051, 4.893; Q50: 10.124, 9.918; Q90: 4.748, 4.762;
| 6  Horizon | RMSE: 33.198, 32.646; MAE: 21.212, 20.978; MAPE: 12.177, 12.293; Q10: 5.437, 5.285; Q50: 10.763, 10.625; Q90: 4.907, 4.956;
| 12 Horizon | RMSE: 36.440, 36.546; MAE: 23.563, 23.744; MAPE: 13.479, 13.864; Q10: 6.107, 5.984; Q50: 11.958, 12.022; Q90: 5.385, 5.561;
epoch 4 time used: 40  seconds  train loss: 15.649 val loss: 7.075564 test loss: 7.014325
Quantile cl loss is [0.06000000000000001, 0.5, 0.94]
Quantile cl loss is [0.07, 0.5, 0.9299999999999999]
Epoch 5: 
| 3  Horizon | RMSE: 31.411, 30.730; MAE: 19.911, 19.573; MAPE: 11.479, 11.517; Q10: 4.853, 4.707; Q50: 10.106, 9.918; Q90: 4.479, 4.496;
| 6  Horizon | RMSE: 33.369, 32.930; MAE: 21.418, 21.216; MAPE: 12.706, 12.737; Q10: 5.229, 5.109; Q50: 10.886, 10.765; Q90: 4.777, 4.829;
| 12 Horizon | RMSE: 36.668, 36.758; MAE: 23.880, 23.929; MAPE: 14.149, 14.229; Q10: 5.847, 5.764; Q50: 12.138, 12.137; Q90: 5.227, 5.415;
epoch 5 time used: 40  seconds  train loss: 16.747 val loss: 6.947218 test loss: 6.900191
Quantile cl loss is [0.08, 0.5, 0.92]
Quantile cl loss is [0.09, 0.5, 0.91]
Epoch 6: 
| 3  Horizon | RMSE: 31.172, 30.689; MAE: 19.585, 19.399; MAPE: 11.317, 11.472; Q10: 4.718, 4.611; Q50: 9.933, 9.822; Q90: 4.477, 4.502;
| 6  Horizon | RMSE: 32.680, 32.585; MAE: 20.559, 20.611; MAPE: 11.828, 12.103; Q10: 4.981, 4.928; Q50: 10.432, 10.441; Q90: 4.687, 4.766;
| 12 Horizon | RMSE: 35.377, 36.091; MAE: 22.506, 22.989; MAPE: 12.974, 13.479; Q10: 5.413, 5.478; Q50: 11.419, 11.642; Q90: 5.129, 5.330;
epoch 6 time used: 40  seconds  train loss: 17.909 val loss: 6.724059 test loss: 6.750018
Quantile cl loss is [0.1, 0.5, 0.9]
Epoch 7: 
| 3  Horizon | RMSE: 31.444, 31.016; MAE: 19.999, 19.858; MAPE: 11.402, 11.585; Q10: 4.747, 4.645; Q50: 10.150, 10.063; Q90: 4.482, 4.541;
| 6  Horizon | RMSE: 32.959, 32.897; MAE: 20.944, 21.059; MAPE: 11.878, 12.216; Q10: 4.969, 4.928; Q50: 10.629, 10.670; Q90: 4.668, 4.787;
| 12 Horizon | RMSE: 35.331, 36.104; MAE: 22.614, 23.186; MAPE: 12.979, 13.577; Q10: 5.373, 5.483; Q50: 11.475, 11.742; Q90: 5.120, 5.379;
epoch 7 time used: 40  seconds  train loss: 18.818 val loss: 6.779403 test loss: 6.835533
Epoch 8: 
| 3  Horizon | RMSE: 30.988, 30.510; MAE: 19.353, 19.178; MAPE: 11.211, 11.347; Q10: 4.635, 4.532; Q50: 9.816, 9.709; Q90: 4.373, 4.410;
| 6  Horizon | RMSE: 32.625, 32.530; MAE: 20.390, 20.489; MAPE: 11.996, 12.369; Q10: 4.872, 4.851; Q50: 10.329, 10.358; Q90: 4.604, 4.704;
| 12 Horizon | RMSE: 35.158, 35.889; MAE: 22.196, 22.801; MAPE: 12.985, 13.753; Q10: 5.338, 5.469; Q50: 11.249, 11.532; Q90: 5.003, 5.229;
epoch 8 time used: 41  seconds  train loss: 18.862 val loss: 6.614265 test loss: 6.662446
Epoch 9: 
| 3  Horizon | RMSE: 31.265, 30.778; MAE: 19.533, 19.367; MAPE: 11.264, 11.432; Q10: 4.669, 4.558; Q50: 9.906, 9.801; Q90: 4.407, 4.455;
| 6  Horizon | RMSE: 32.695, 32.596; MAE: 20.442, 20.554; MAPE: 11.803, 12.190; Q10: 4.891, 4.848; Q50: 10.362, 10.395; Q90: 4.617, 4.734;
| 12 Horizon | RMSE: 35.337, 36.019; MAE: 22.334, 22.922; MAPE: 12.968, 13.582; Q10: 5.364, 5.483; Q50: 11.330, 11.601; Q90: 5.015, 5.275;
epoch 9 time used: 41  seconds  train loss: 18.727 val loss: 6.661264 test loss: 6.718134
Epoch 10: 
| 3  Horizon | RMSE: 31.039, 30.579; MAE: 19.493, 19.336; MAPE: 11.224, 11.344; Q10: 4.664, 4.554; Q50: 9.894, 9.796; Q90: 4.415, 4.483;
| 6  Horizon | RMSE: 32.415, 32.217; MAE: 20.263, 20.311; MAPE: 11.670, 11.893; Q10: 4.870, 4.807; Q50: 10.287, 10.291; Q90: 4.587, 4.708;
| 12 Horizon | RMSE: 34.702, 35.105; MAE: 21.998, 22.458; MAPE: 12.610, 13.253; Q10: 5.283, 5.308; Q50: 11.154, 11.364; Q90: 5.009, 5.273;
epoch 10 time used: 41  seconds  train loss: 18.493 val loss: 6.623372 test loss: 6.661937
Epoch 11: 
| 3  Horizon | RMSE: 30.986, 30.525; MAE: 19.542, 19.375; MAPE: 11.749, 11.756; Q10: 4.652, 4.554; Q50: 9.929, 9.827; Q90: 4.424, 4.468;
| 6  Horizon | RMSE: 32.363, 32.210; MAE: 20.215, 20.278; MAPE: 11.958, 12.088; Q10: 4.854, 4.829; Q50: 10.267, 10.280; Q90: 4.585, 4.692;
| 12 Horizon | RMSE: 34.596, 35.112; MAE: 21.934, 22.370; MAPE: 13.013, 13.349; Q10: 5.283, 5.372; Q50: 11.139, 11.337; Q90: 4.961, 5.188;
epoch 11 time used: 46  seconds  train loss: 18.421 val loss: 6.610735 test loss: 6.655038
Epoch 12: 
| 3  Horizon | RMSE: 30.936, 30.488; MAE: 19.278, 19.143; MAPE: 11.344, 11.402; Q10: 4.636, 4.541; Q50: 9.784, 9.697; Q90: 4.341, 4.401;
| 6  Horizon | RMSE: 32.378, 32.304; MAE: 20.073, 20.211; MAPE: 11.662, 11.921; Q10: 4.838, 4.824; Q50: 10.182, 10.232; Q90: 4.532, 4.659;
| 12 Horizon | RMSE: 34.413, 35.111; MAE: 21.614, 22.214; MAPE: 12.623, 13.137; Q10: 5.232, 5.323; Q50: 10.970, 11.251; Q90: 4.892, 5.157;
epoch 12 time used: 46  seconds  train loss: 18.358 val loss: 6.536513 test loss: 6.600425
Epoch 13: 
| 3  Horizon | RMSE: 30.997, 30.517; MAE: 19.306, 19.196; MAPE: 11.246, 11.436; Q10: 4.622, 4.527; Q50: 9.788, 9.713; Q90: 4.332, 4.395;
| 6  Horizon | RMSE: 32.290, 32.144; MAE: 20.175, 20.271; MAPE: 11.741, 11.897; Q10: 4.862, 4.820; Q50: 10.245, 10.273; Q90: 4.549, 4.685;
| 12 Horizon | RMSE: 34.556, 34.976; MAE: 21.822, 22.284; MAPE: 12.607, 13.018; Q10: 5.254, 5.310; Q50: 11.075, 11.284; Q90: 4.964, 5.192;
epoch 13 time used: 46  seconds  train loss: 18.288 val loss: 6.559305 test loss: 6.606991
Epoch 14: 
| 3  Horizon | RMSE: 30.874, 30.459; MAE: 19.321, 19.202; MAPE: 11.147, 11.225; Q10: 4.619, 4.532; Q50: 9.808, 9.729; Q90: 4.390, 4.455;
| 6  Horizon | RMSE: 32.247, 32.122; MAE: 20.071, 20.188; MAPE: 11.497, 11.746; Q10: 4.830, 4.801; Q50: 10.184, 10.222; Q90: 4.517, 4.655;
| 12 Horizon | RMSE: 34.419, 34.911; MAE: 21.695, 22.189; MAPE: 12.462, 12.988; Q10: 5.227, 5.322; Q50: 11.005, 11.231; Q90: 4.897, 5.154;
epoch 14 time used: 46  seconds  train loss: 18.242 val loss: 6.531322 test loss: 6.593661
Epoch 15: 
| 3  Horizon | RMSE: 30.869, 30.480; MAE: 19.240, 19.157; MAPE: 11.299, 11.380; Q10: 4.633, 4.553; Q50: 9.770, 9.710; Q90: 4.329, 4.405;
| 6  Horizon | RMSE: 32.202, 32.158; MAE: 19.964, 20.136; MAPE: 11.567, 11.806; Q10: 4.811, 4.798; Q50: 10.135, 10.203; Q90: 4.499, 4.653;
| 12 Horizon | RMSE: 34.385, 34.980; MAE: 21.525, 22.114; MAPE: 12.463, 13.075; Q10: 5.202, 5.321; Q50: 10.912, 11.188; Q90: 4.856, 5.124;
epoch 15 time used: 46  seconds  train loss: 18.091 val loss: 6.495753 test loss: 6.574397
Epoch 16: 
| 3  Horizon | RMSE: 30.840, 30.464; MAE: 19.210, 19.145; MAPE: 11.208, 11.329; Q10: 4.616, 4.531; Q50: 9.748, 9.698; Q90: 4.333, 4.418;
| 6  Horizon | RMSE: 32.201, 32.177; MAE: 19.995, 20.205; MAPE: 11.583, 11.903; Q10: 4.816, 4.806; Q50: 10.142, 10.229; Q90: 4.506, 4.675;
| 12 Horizon | RMSE: 34.270, 34.979; MAE: 21.671, 22.313; MAPE: 12.623, 13.169; Q10: 5.218, 5.330; Q50: 11.000, 11.303; Q90: 4.890, 5.207;
epoch 16 time used: 47  seconds  train loss: 18.064 val loss: 6.513963 test loss: 6.604321
Epoch 17: 
| 3  Horizon | RMSE: 30.965, 30.588; MAE: 19.246, 19.164; MAPE: 11.181, 11.303; Q10: 4.624, 4.540; Q50: 9.766, 9.706; Q90: 4.323, 4.402;
| 6  Horizon | RMSE: 32.346, 32.351; MAE: 20.058, 20.275; MAPE: 11.658, 12.028; Q10: 4.857, 4.858; Q50: 10.166, 10.255; Q90: 4.502, 4.662;
| 12 Horizon | RMSE: 34.411, 35.115; MAE: 21.679, 22.344; MAPE: 12.731, 13.471; Q10: 5.275, 5.406; Q50: 10.978, 11.292; Q90: 4.868, 5.159;
epoch 17 time used: 46  seconds  train loss: 18.021 val loss: 6.529908 test loss: 6.623686
Epoch 18: 
| 3  Horizon | RMSE: 30.921, 30.626; MAE: 19.190, 19.190; MAPE: 11.063, 11.333; Q10: 4.607, 4.549; Q50: 9.729, 9.710; Q90: 4.319, 4.405;
| 6  Horizon | RMSE: 32.266, 32.366; MAE: 19.929, 20.219; MAPE: 11.525, 12.008; Q10: 4.814, 4.843; Q50: 10.099, 10.224; Q90: 4.495, 4.663;
| 12 Horizon | RMSE: 34.308, 35.142; MAE: 21.492, 22.214; MAPE: 12.294, 12.998; Q10: 5.223, 5.324; Q50: 10.900, 11.241; Q90: 4.848, 5.168;
epoch 18 time used: 46  seconds  train loss: 17.986 val loss: 6.485756 test loss: 6.597055
Epoch 19: 
| 3  Horizon | RMSE: 30.841, 30.492; MAE: 19.135, 19.112; MAPE: 11.112, 11.297; Q10: 4.598, 4.531; Q50: 9.700, 9.670; Q90: 4.311, 4.409;
| 6  Horizon | RMSE: 32.270, 32.280; MAE: 19.913, 20.168; MAPE: 11.631, 11.998; Q10: 4.815, 4.827; Q50: 10.090, 10.199; Q90: 4.477, 4.642;
| 12 Horizon | RMSE: 34.441, 35.080; MAE: 21.548, 22.132; MAPE: 12.581, 13.031; Q10: 5.208, 5.329; Q50: 10.937, 11.211; Q90: 4.901, 5.167;
epoch 19 time used: 46  seconds  train loss: 17.958 val loss: 6.487395 test loss: 6.586253
Epoch 20: 
| 3  Horizon | RMSE: 30.834, 30.573; MAE: 19.222, 19.210; MAPE: 11.256, 11.375; Q10: 4.615, 4.549; Q50: 9.755, 9.730; Q90: 4.320, 4.415;
| 6  Horizon | RMSE: 32.215, 32.308; MAE: 19.997, 20.235; MAPE: 11.763, 11.997; Q10: 4.840, 4.851; Q50: 10.151, 10.250; Q90: 4.500, 4.666;
| 12 Horizon | RMSE: 34.364, 35.101; MAE: 21.658, 22.266; MAPE: 12.827, 13.287; Q10: 5.257, 5.392; Q50: 10.994, 11.278; Q90: 4.879, 5.157;
epoch 20 time used: 46  seconds  train loss: 17.868 val loss: 6.518445 test loss: 6.619414
Epoch 21: 
| 3  Horizon | RMSE: 30.836, 30.510; MAE: 19.124, 19.069; MAPE: 11.162, 11.272; Q10: 4.602, 4.529; Q50: 9.707, 9.660; Q90: 4.301, 4.383;
| 6  Horizon | RMSE: 32.135, 32.198; MAE: 19.835, 20.067; MAPE: 11.459, 11.792; Q10: 4.805, 4.807; Q50: 10.063, 10.160; Q90: 4.471, 4.633;
| 12 Horizon | RMSE: 34.216, 34.974; MAE: 21.403, 22.074; MAPE: 12.444, 13.131; Q10: 5.214, 5.351; Q50: 10.853, 11.170; Q90: 4.816, 5.110;
epoch 21 time used: 46  seconds  train loss: 17.85 val loss: 6.465586 test loss: 6.563809
Epoch 22: 
| 3  Horizon | RMSE: 30.904, 30.581; MAE: 19.145, 19.089; MAPE: 11.051, 11.162; Q10: 4.601, 4.524; Q50: 9.716, 9.667; Q90: 4.298, 4.385;
| 6  Horizon | RMSE: 32.266, 32.321; MAE: 19.887, 20.087; MAPE: 11.455, 11.693; Q10: 4.814, 4.804; Q50: 10.093, 10.172; Q90: 4.488, 4.651;
| 12 Horizon | RMSE: 34.327, 35.026; MAE: 21.421, 22.026; MAPE: 12.298, 12.840; Q10: 5.200, 5.302; Q50: 10.864, 11.146; Q90: 4.843, 5.133;
epoch 22 time used: 46  seconds  train loss: 17.831 val loss: 6.476343 test loss: 6.564914
Epoch 23: 
| 3  Horizon | RMSE: 30.878, 30.577; MAE: 19.087, 19.053; MAPE: 11.075, 11.219; Q10: 4.593, 4.529; Q50: 9.681, 9.647; Q90: 4.289, 4.375;
| 6  Horizon | RMSE: 32.218, 32.316; MAE: 19.801, 20.046; MAPE: 11.452, 11.748; Q10: 4.799, 4.805; Q50: 10.048, 10.153; Q90: 4.454, 4.625;
| 12 Horizon | RMSE: 34.278, 35.047; MAE: 21.376, 22.004; MAPE: 12.517, 12.971; Q10: 5.200, 5.312; Q50: 10.854, 11.150; Q90: 4.831, 5.139;
epoch 23 time used: 46  seconds  train loss: 17.81 val loss: 6.459885 test loss: 6.561755
Epoch 24: 
| 3  Horizon | RMSE: 30.883, 30.559; MAE: 19.109, 19.072; MAPE: 11.086, 11.244; Q10: 4.615, 4.539; Q50: 9.693, 9.655; Q90: 4.291, 4.382;
| 6  Horizon | RMSE: 32.196, 32.271; MAE: 19.855, 20.071; MAPE: 11.493, 11.731; Q10: 4.820, 4.812; Q50: 10.078, 10.166; Q90: 4.467, 4.642;
| 12 Horizon | RMSE: 34.301, 34.995; MAE: 21.375, 21.994; MAPE: 12.376, 12.937; Q10: 5.211, 5.309; Q50: 10.843, 11.132; Q90: 4.819, 5.116;
epoch 24 time used: 46  seconds  train loss: 17.792 val loss: 6.469492 test loss: 6.563658
Epoch 25: 
| 3  Horizon | RMSE: 30.839, 30.578; MAE: 19.089, 19.073; MAPE: 11.102, 11.228; Q10: 4.596, 4.528; Q50: 9.686, 9.660; Q90: 4.290, 4.390;
| 6  Horizon | RMSE: 32.125, 32.287; MAE: 19.804, 20.082; MAPE: 11.436, 11.720; Q10: 4.800, 4.804; Q50: 10.050, 10.170; Q90: 4.452, 4.642;
| 12 Horizon | RMSE: 34.089, 34.950; MAE: 21.277, 22.000; MAPE: 12.254, 12.854; Q10: 5.177, 5.302; Q50: 10.793, 11.136; Q90: 4.797, 5.146;
epoch 25 time used: 46  seconds  train loss: 17.732 val loss: 6.449029 test loss: 6.565283
Epoch 26: 
| 3  Horizon | RMSE: 30.867, 30.614; MAE: 19.087, 19.086; MAPE: 11.069, 11.249; Q10: 4.604, 4.542; Q50: 9.679, 9.660; Q90: 4.290, 4.388;
| 6  Horizon | RMSE: 32.164, 32.345; MAE: 19.803, 20.094; MAPE: 11.428, 11.777; Q10: 4.803, 4.819; Q50: 10.045, 10.171; Q90: 4.458, 4.646;
| 12 Horizon | RMSE: 34.421, 35.300; MAE: 21.567, 22.357; MAPE: 12.880, 13.726; Q10: 5.255, 5.419; Q50: 10.917, 11.294; Q90: 4.823, 5.134;
epoch 26 time used: 46  seconds  train loss: 17.716 val loss: 6.46083 test loss: 6.582572
Epoch 27: 
| 3  Horizon | RMSE: 30.828, 30.627; MAE: 19.091, 19.095; MAPE: 11.148, 11.280; Q10: 4.602, 4.546; Q50: 9.691, 9.676; Q90: 4.288, 4.395;
| 6  Horizon | RMSE: 32.130, 32.360; MAE: 19.846, 20.138; MAPE: 11.515, 11.787; Q10: 4.805, 4.823; Q50: 10.076, 10.204; Q90: 4.459, 4.660;
| 12 Horizon | RMSE: 34.139, 35.036; MAE: 21.353, 22.066; MAPE: 12.355, 12.923; Q10: 5.192, 5.324; Q50: 10.835, 11.174; Q90: 4.822, 5.163;
epoch 27 time used: 46  seconds  train loss: 17.705 val loss: 6.454072 test loss: 6.578597
Epoch 28: 
| 3  Horizon | RMSE: 30.818, 30.615; MAE: 19.133, 19.156; MAPE: 11.004, 11.155; Q10: 4.593, 4.534; Q50: 9.708, 9.701; Q90: 4.305, 4.423;
| 6  Horizon | RMSE: 32.113, 32.328; MAE: 19.803, 20.138; MAPE: 11.330, 11.685; Q10: 4.789, 4.809; Q50: 10.045, 10.194; Q90: 4.473, 4.681;
| 12 Horizon | RMSE: 34.095, 34.993; MAE: 21.273, 22.023; MAPE: 12.199, 12.786; Q10: 5.168, 5.293; Q50: 10.792, 11.148; Q90: 4.817, 5.175;
epoch 28 time used: 46  seconds  train loss: 17.69 val loss: 6.451897 test loss: 6.583434
Epoch 29: 
| 3  Horizon | RMSE: 30.785, 30.506; MAE: 19.064, 19.039; MAPE: 11.059, 11.188; Q10: 4.584, 4.519; Q50: 9.674, 9.644; Q90: 4.289, 4.388;
| 6  Horizon | RMSE: 32.096, 32.229; MAE: 19.795, 20.050; MAPE: 11.475, 11.710; Q10: 4.785, 4.795; Q50: 10.050, 10.158; Q90: 4.474, 4.664;
| 12 Horizon | RMSE: 34.038, 34.881; MAE: 21.196, 21.942; MAPE: 12.262, 12.959; Q10: 5.172, 5.318; Q50: 10.746, 11.101; Q90: 4.779, 5.120;
epoch 29 time used: 46  seconds  train loss: 17.682 val loss: 6.43669 test loss: 6.556315
Epoch 30: 
| 3  Horizon | RMSE: 30.756, 30.514; MAE: 19.087, 19.084; MAPE: 11.034, 11.158; Q10: 4.584, 4.519; Q50: 9.687, 9.667; Q90: 4.295, 4.402;
| 6  Horizon | RMSE: 32.076, 32.220; MAE: 19.732, 20.012; MAPE: 11.409, 11.720; Q10: 4.791, 4.806; Q50: 10.011, 10.133; Q90: 4.441, 4.630;
| 12 Horizon | RMSE: 34.087, 34.912; MAE: 21.239, 21.964; MAPE: 12.349, 12.986; Q10: 5.195, 5.337; Q50: 10.770, 11.114; Q90: 4.776, 5.098;
epoch 30 time used: 46  seconds  train loss: 17.636 val loss: 6.436151 test loss: 6.555554
Epoch 31: 
| 3  Horizon | RMSE: 30.736, 30.519; MAE: 19.038, 19.057; MAPE: 10.973, 11.169; Q10: 4.577, 4.522; Q50: 9.655, 9.647; Q90: 4.293, 4.407;
| 6  Horizon | RMSE: 32.029, 32.222; MAE: 19.735, 20.031; MAPE: 11.309, 11.653; Q10: 4.782, 4.794; Q50: 10.012, 10.143; Q90: 4.452, 4.653;
| 12 Horizon | RMSE: 34.012, 34.870; MAE: 21.162, 21.901; MAPE: 12.232, 12.904; Q10: 5.161, 5.287; Q50: 10.731, 11.082; Q90: 4.774, 5.121;
epoch 31 time used: 46  seconds  train loss: 17.629 val loss: 6.424659 test loss: 6.550078
Epoch 32: 
| 3  Horizon | RMSE: 30.744, 30.513; MAE: 19.029, 19.047; MAPE: 10.984, 11.184; Q10: 4.587, 4.532; Q50: 9.649, 9.641; Q90: 4.281, 4.390;
| 6  Horizon | RMSE: 32.062, 32.246; MAE: 19.746, 20.064; MAPE: 11.398, 11.793; Q10: 4.796, 4.822; Q50: 10.011, 10.152; Q90: 4.441, 4.636;
| 12 Horizon | RMSE: 34.051, 34.917; MAE: 21.260, 21.994; MAPE: 12.273, 12.925; Q10: 5.180, 5.321; Q50: 10.782, 11.130; Q90: 4.804, 5.158;
epoch 32 time used: 46  seconds  train loss: 17.621 val loss: 6.434694 test loss: 6.566465
Epoch 33: 
| 3  Horizon | RMSE: 30.792, 30.624; MAE: 19.112, 19.147; MAPE: 10.955, 11.150; Q10: 4.582, 4.530; Q50: 9.694, 9.694; Q90: 4.307, 4.428;
| 6  Horizon | RMSE: 32.059, 32.285; MAE: 19.773, 20.104; MAPE: 11.308, 11.701; Q10: 4.789, 4.816; Q50: 10.027, 10.174; Q90: 4.468, 4.681;
| 12 Horizon | RMSE: 34.063, 34.946; MAE: 21.241, 21.991; MAPE: 12.227, 12.908; Q10: 5.182, 5.316; Q50: 10.770, 11.127; Q90: 4.790, 5.146;
epoch 33 time used: 46  seconds  train loss: 17.612 val loss: 6.44295 test loss: 6.578795
Epoch 34: 
| 3  Horizon | RMSE: 30.751, 30.516; MAE: 19.026, 19.020; MAPE: 11.002, 11.182; Q10: 4.586, 4.529; Q50: 9.648, 9.628; Q90: 4.275, 4.376;
| 6  Horizon | RMSE: 32.117, 32.298; MAE: 19.755, 20.051; MAPE: 11.437, 11.832; Q10: 4.799, 4.832; Q50: 10.014, 10.143; Q90: 4.437, 4.623;
| 12 Horizon | RMSE: 34.131, 35.023; MAE: 21.265, 22.049; MAPE: 12.509, 13.300; Q10: 5.198, 5.363; Q50: 10.769, 11.144; Q90: 4.775, 5.108;
epoch 34 time used: 46  seconds  train loss: 17.603 val loss: 6.431691 test loss: 6.560403
Epoch 35: 
| 3  Horizon | RMSE: 30.752, 30.515; MAE: 19.021, 19.021; MAPE: 11.004, 11.193; Q10: 4.582, 4.523; Q50: 9.646, 9.628; Q90: 4.272, 4.379;
| 6  Horizon | RMSE: 32.044, 32.213; MAE: 19.719, 19.999; MAPE: 11.350, 11.697; Q10: 4.787, 4.803; Q50: 10.002, 10.123; Q90: 4.440, 4.635;
| 12 Horizon | RMSE: 34.060, 34.858; MAE: 21.252, 21.907; MAPE: 12.225, 12.763; Q10: 5.167, 5.273; Q50: 10.784, 11.091; Q90: 4.811, 5.152;
epoch 35 time used: 46  seconds  train loss: 17.573 val loss: 6.427387 test loss: 6.544213
Epoch 36: 
| 3  Horizon | RMSE: 30.762, 30.537; MAE: 19.039, 19.056; MAPE: 10.997, 11.207; Q10: 4.580, 4.525; Q50: 9.655, 9.645; Q90: 4.277, 4.388;
| 6  Horizon | RMSE: 32.081, 32.246; MAE: 19.739, 20.039; MAPE: 11.381, 11.779; Q10: 4.790, 4.814; Q50: 10.008, 10.139; Q90: 4.439, 4.638;
| 12 Horizon | RMSE: 34.070, 34.857; MAE: 21.228, 21.911; MAPE: 12.224, 12.868; Q10: 5.173, 5.297; Q50: 10.765, 11.086; Q90: 4.798, 5.144;
epoch 36 time used: 47  seconds  train loss: 17.569 val loss: 6.427909 test loss: 6.55206
Epoch 37: 
| 3  Horizon | RMSE: 30.761, 30.538; MAE: 19.006, 19.016; MAPE: 10.969, 11.160; Q10: 4.583, 4.525; Q50: 9.640, 9.626; Q90: 4.271, 4.377;
| 6  Horizon | RMSE: 32.064, 32.263; MAE: 19.732, 20.029; MAPE: 11.308, 11.648; Q10: 4.789, 4.807; Q50: 10.010, 10.140; Q90: 4.445, 4.646;
| 12 Horizon | RMSE: 34.092, 34.928; MAE: 21.211, 21.912; MAPE: 12.205, 12.795; Q10: 5.181, 5.300; Q50: 10.759, 11.090; Q90: 4.784, 5.126;
epoch 37 time used: 47  seconds  train loss: 17.563 val loss: 6.425767 test loss: 6.547524
Epoch 38: 
| 3  Horizon | RMSE: 30.785, 30.572; MAE: 19.006, 19.016; MAPE: 10.978, 11.162; Q10: 4.586, 4.529; Q50: 9.640, 9.628; Q90: 4.269, 4.375;
| 6  Horizon | RMSE: 32.107, 32.327; MAE: 19.710, 20.012; MAPE: 11.339, 11.687; Q10: 4.793, 4.815; Q50: 10.000, 10.133; Q90: 4.434, 4.628;
| 12 Horizon | RMSE: 34.095, 35.011; MAE: 21.197, 21.952; MAPE: 12.239, 12.911; Q10: 5.181, 5.328; Q50: 10.750, 11.109; Q90: 4.784, 5.136;
epoch 38 time used: 47  seconds  train loss: 17.555 val loss: 6.424054 test loss: 6.554098
Epoch 39: 
| 3  Horizon | RMSE: 30.742, 30.548; MAE: 19.011, 19.022; MAPE: 10.977, 11.152; Q10: 4.584, 4.531; Q50: 9.644, 9.631; Q90: 4.275, 4.383;
| 6  Horizon | RMSE: 32.049, 32.269; MAE: 19.715, 20.010; MAPE: 11.312, 11.663; Q10: 4.788, 4.811; Q50: 10.001, 10.129; Q90: 4.439, 4.636;
| 12 Horizon | RMSE: 34.038, 34.912; MAE: 21.166, 21.876; MAPE: 12.205, 12.835; Q10: 5.172, 5.310; Q50: 10.735, 11.070; Q90: 4.776, 5.118;
epoch 39 time used: 47  seconds  train loss: 17.55 val loss: 6.422742 test loss: 6.548665
Epoch 40: 
| 3  Horizon | RMSE: 30.718, 30.532; MAE: 19.001, 19.028; MAPE: 10.960, 11.158; Q10: 4.577, 4.524; Q50: 9.636, 9.632; Q90: 4.269, 4.385;
| 6  Horizon | RMSE: 32.032, 32.267; MAE: 19.738, 20.040; MAPE: 11.350, 11.649; Q10: 4.785, 4.804; Q50: 10.017, 10.149; Q90: 4.445, 4.655;
| 12 Horizon | RMSE: 34.044, 34.931; MAE: 21.210, 21.955; MAPE: 12.247, 12.901; Q10: 5.177, 5.309; Q50: 10.755, 11.108; Q90: 4.783, 5.140;
epoch 40 time used: 47  seconds  train loss: 17.529 val loss: 6.420357 test loss: 6.552515
Epoch 41: 
| 3  Horizon | RMSE: 30.749, 30.577; MAE: 19.003, 19.014; MAPE: 10.991, 11.153; Q10: 4.580, 4.530; Q50: 9.642, 9.629; Q90: 4.266, 4.371;
| 6  Horizon | RMSE: 32.069, 32.339; MAE: 19.697, 20.010; MAPE: 11.334, 11.673; Q10: 4.784, 4.816; Q50: 9.993, 10.131; Q90: 4.428, 4.623;
| 12 Horizon | RMSE: 34.059, 35.031; MAE: 21.175, 21.948; MAPE: 12.171, 12.813; Q10: 5.168, 5.311; Q50: 10.740, 11.107; Q90: 4.775, 5.131;
epoch 41 time used: 47  seconds  train loss: 17.525 val loss: 6.416361 test loss: 6.55009
Epoch 42: 
| 3  Horizon | RMSE: 30.749, 30.592; MAE: 19.009, 19.040; MAPE: 10.980, 11.163; Q10: 4.579, 4.531; Q50: 9.643, 9.641; Q90: 4.274, 4.386;
| 6  Horizon | RMSE: 32.060, 32.340; MAE: 19.699, 20.029; MAPE: 11.334, 11.683; Q10: 4.786, 4.817; Q50: 9.994, 10.141; Q90: 4.437, 4.643;
| 12 Horizon | RMSE: 34.067, 35.023; MAE: 21.166, 21.941; MAPE: 12.228, 12.886; Q10: 5.174, 5.321; Q50: 10.734, 11.103; Q90: 4.775, 5.134;
epoch 42 time used: 47  seconds  train loss: 17.521 val loss: 6.418894 test loss: 6.558066
Epoch 43: 
| 3  Horizon | RMSE: 30.732, 30.549; MAE: 18.997, 19.012; MAPE: 10.975, 11.150; Q10: 4.580, 4.528; Q50: 9.637, 9.626; Q90: 4.275, 4.382;
| 6  Horizon | RMSE: 32.061, 32.313; MAE: 19.695, 20.008; MAPE: 11.352, 11.709; Q10: 4.789, 4.820; Q50: 9.990, 10.128; Q90: 4.433, 4.629;
| 12 Horizon | RMSE: 34.041, 34.998; MAE: 21.185, 21.944; MAPE: 12.214, 12.829; Q10: 5.171, 5.314; Q50: 10.747, 11.107; Q90: 4.783, 5.137;
epoch 43 time used: 47  seconds  train loss: 17.519 val loss: 6.419204 test loss: 6.552137
Epoch 44: 
| 3  Horizon | RMSE: 30.745, 30.572; MAE: 19.037, 19.045; MAPE: 11.065, 11.192; Q10: 4.583, 4.532; Q50: 9.663, 9.649; Q90: 4.279, 4.391;
| 6  Horizon | RMSE: 32.064, 32.304; MAE: 19.715, 20.004; MAPE: 11.411, 11.687; Q10: 4.791, 4.816; Q50: 10.007, 10.133; Q90: 4.442, 4.645;
| 12 Horizon | RMSE: 34.060, 34.946; MAE: 21.192, 21.905; MAPE: 12.224, 12.811; Q10: 5.178, 5.305; Q50: 10.751, 11.088; Q90: 4.773, 5.118;
epoch 44 time used: 47  seconds  train loss: 17.514 val loss: 6.425303 test loss: 6.552507
Epoch 45: 
| 3  Horizon | RMSE: 30.752, 30.556; MAE: 18.983, 18.991; MAPE: 10.973, 11.154; Q10: 4.576, 4.523; Q50: 9.629, 9.614; Q90: 4.265, 4.370;
| 6  Horizon | RMSE: 32.029, 32.262; MAE: 19.686, 19.983; MAPE: 11.295, 11.636; Q10: 4.782, 4.806; Q50: 9.987, 10.117; Q90: 4.433, 4.635;
| 12 Horizon | RMSE: 34.062, 34.916; MAE: 21.173, 21.866; MAPE: 12.186, 12.779; Q10: 5.172, 5.298; Q50: 10.739, 11.066; Q90: 4.776, 5.115;
epoch 45 time used: 47  seconds  train loss: 17.499 val loss: 6.413665 test loss: 6.53687
Epoch 46: 
| 3  Horizon | RMSE: 30.717, 30.560; MAE: 19.010, 19.044; MAPE: 10.970, 11.157; Q10: 4.577, 4.528; Q50: 9.643, 9.642; Q90: 4.276, 4.392;
| 6  Horizon | RMSE: 32.030, 32.298; MAE: 19.697, 20.028; MAPE: 11.328, 11.694; Q10: 4.787, 4.822; Q50: 9.991, 10.138; Q90: 4.438, 4.647;
| 12 Horizon | RMSE: 34.039, 34.969; MAE: 21.182, 21.939; MAPE: 12.217, 12.867; Q10: 5.173, 5.315; Q50: 10.742, 11.102; Q90: 4.784, 5.141;
epoch 46 time used: 47  seconds  train loss: 17.495 val loss: 6.420207 test loss: 6.558862
Epoch 47: 
| 3  Horizon | RMSE: 30.732, 30.579; MAE: 18.991, 19.024; MAPE: 10.964, 11.152; Q10: 4.578, 4.530; Q50: 9.633, 9.632; Q90: 4.272, 4.389;
| 6  Horizon | RMSE: 32.044, 32.320; MAE: 19.679, 20.006; MAPE: 11.316, 11.677; Q10: 4.786, 4.818; Q50: 9.982, 10.128; Q90: 4.433, 4.641;
| 12 Horizon | RMSE: 34.071, 35.000; MAE: 21.159, 21.913; MAPE: 12.226, 12.879; Q10: 5.182, 5.330; Q50: 10.730, 11.088; Q90: 4.773, 5.124;
epoch 47 time used: 47  seconds  train loss: 17.493 val loss: 6.415965 test loss: 6.553889
Epoch 48: 
| 3  Horizon | RMSE: 30.698, 30.519; MAE: 18.980, 18.998; MAPE: 10.936, 11.117; Q10: 4.572, 4.519; Q50: 9.628, 9.619; Q90: 4.267, 4.379;
| 6  Horizon | RMSE: 32.009, 32.245; MAE: 19.669, 19.973; MAPE: 11.283, 11.634; Q10: 4.779, 4.802; Q50: 9.977, 10.111; Q90: 4.425, 4.626;
| 12 Horizon | RMSE: 34.029, 34.895; MAE: 21.149, 21.861; MAPE: 12.187, 12.809; Q10: 5.172, 5.308; Q50: 10.725, 11.062; Q90: 4.768, 5.105;
epoch 48 time used: 47  seconds  train loss: 17.489 val loss: 6.40943 test loss: 6.535968
Epoch 49: 
| 3  Horizon | RMSE: 30.758, 30.572; MAE: 18.992, 18.998; MAPE: 11.002, 11.173; Q10: 4.582, 4.531; Q50: 9.635, 9.620; Q90: 4.267, 4.372;
| 6  Horizon | RMSE: 32.031, 32.295; MAE: 19.670, 19.984; MAPE: 11.324, 11.663; Q10: 4.784, 4.812; Q50: 9.980, 10.118; Q90: 4.427, 4.629;
| 12 Horizon | RMSE: 33.997, 34.960; MAE: 21.102, 21.895; MAPE: 12.187, 12.879; Q10: 5.165, 5.315; Q50: 10.701, 11.078; Q90: 4.756, 5.119;
epoch 49 time used: 47  seconds  train loss: 17.487 val loss: 6.4084 test loss: 6.543161
Epoch 50: 
| 3  Horizon | RMSE: 30.706, 30.566; MAE: 18.996, 19.034; MAPE: 10.948, 11.133; Q10: 4.574, 4.525; Q50: 9.637, 9.638; Q90: 4.271, 4.389;
| 6  Horizon | RMSE: 32.017, 32.311; MAE: 19.679, 20.020; MAPE: 11.311, 11.681; Q10: 4.783, 4.817; Q50: 9.982, 10.134; Q90: 4.429, 4.639;
| 12 Horizon | RMSE: 34.017, 34.994; MAE: 21.158, 21.928; MAPE: 12.202, 12.837; Q10: 5.174, 5.324; Q50: 10.731, 11.097; Q90: 4.780, 5.142;
epoch 50 time used: 47  seconds  train loss: 17.478 val loss: 6.413863 test loss: 6.554524
Epoch 51: 
| 3  Horizon | RMSE: 30.733, 30.570; MAE: 18.988, 19.011; MAPE: 10.969, 11.149; Q10: 4.579, 4.530; Q50: 9.633, 9.627; Q90: 4.266, 4.376;
| 6  Horizon | RMSE: 32.037, 32.313; MAE: 19.696, 20.016; MAPE: 11.305, 11.656; Q10: 4.785, 4.815; Q50: 9.993, 10.135; Q90: 4.433, 4.639;
| 12 Horizon | RMSE: 34.071, 34.999; MAE: 21.199, 21.939; MAPE: 12.216, 12.847; Q10: 5.184, 5.328; Q50: 10.752, 11.103; Q90: 4.787, 5.141;
epoch 51 time used: 47  seconds  train loss: 17.476 val loss: 6.417815 test loss: 6.55259
Epoch 52: 
| 3  Horizon | RMSE: 30.698, 30.547; MAE: 18.978, 19.008; MAPE: 10.949, 11.134; Q10: 4.571, 4.523; Q50: 9.628, 9.624; Q90: 4.266, 4.381;
| 6  Horizon | RMSE: 32.002, 32.277; MAE: 19.663, 19.990; MAPE: 11.285, 11.656; Q10: 4.777, 4.808; Q50: 9.974, 10.119; Q90: 4.426, 4.634;
| 12 Horizon | RMSE: 34.022, 34.937; MAE: 21.121, 21.862; MAPE: 12.186, 12.818; Q10: 5.167, 5.309; Q50: 10.713, 11.064; Q90: 4.763, 5.109;
epoch 52 time used: 48  seconds  train loss: 17.473 val loss: 6.406038 test loss: 6.541865
Epoch 53: 
| 3  Horizon | RMSE: 30.697, 30.552; MAE: 18.978, 19.019; MAPE: 10.933, 11.131; Q10: 4.572, 4.525; Q50: 9.626, 9.629; Q90: 4.264, 4.382;
| 6  Horizon | RMSE: 31.998, 32.284; MAE: 19.660, 19.997; MAPE: 11.275, 11.641; Q10: 4.776, 4.808; Q50: 9.974, 10.123; Q90: 4.428, 4.640;
| 12 Horizon | RMSE: 33.984, 34.942; MAE: 21.103, 21.878; MAPE: 12.154, 12.804; Q10: 5.159, 5.300; Q50: 10.703, 11.071; Q90: 4.761, 5.124;
epoch 53 time used: 47  seconds  train loss: 17.472 val loss: 6.406483 test loss: 6.546558
Epoch 54: 
| 3  Horizon | RMSE: 30.719, 30.565; MAE: 18.982, 19.005; MAPE: 10.951, 11.126; Q10: 4.573, 4.525; Q50: 9.631, 9.625; Q90: 4.265, 4.377;
| 6  Horizon | RMSE: 32.032, 32.310; MAE: 19.672, 19.991; MAPE: 11.310, 11.653; Q10: 4.781, 4.814; Q50: 9.981, 10.123; Q90: 4.430, 4.634;
| 12 Horizon | RMSE: 34.042, 34.986; MAE: 21.160, 21.905; MAPE: 12.208, 12.805; Q10: 5.171, 5.315; Q50: 10.736, 11.089; Q90: 4.785, 5.139;
epoch 54 time used: 47  seconds  train loss: 17.471 val loss: 6.413022 test loss: 6.547973
Epoch 55: 
| 3  Horizon | RMSE: 30.705, 30.552; MAE: 18.984, 19.009; MAPE: 10.954, 11.137; Q10: 4.576, 4.528; Q50: 9.630, 9.625; Q90: 4.270, 4.381;
| 6  Horizon | RMSE: 32.020, 32.304; MAE: 19.670, 20.002; MAPE: 11.308, 11.691; Q10: 4.786, 4.824; Q50: 9.975, 10.123; Q90: 4.426, 4.631;
| 12 Horizon | RMSE: 34.016, 34.976; MAE: 21.138, 21.898; MAPE: 12.185, 12.842; Q10: 5.172, 5.323; Q50: 10.719, 11.080; Q90: 4.769, 5.122;
epoch 55 time used: 47  seconds  train loss: 17.462 val loss: 6.410558 test loss: 6.547698
Epoch 56: 
| 3  Horizon | RMSE: 30.712, 30.564; MAE: 18.977, 19.008; MAPE: 10.955, 11.148; Q10: 4.573, 4.526; Q50: 9.626, 9.624; Q90: 4.267, 4.383;
| 6  Horizon | RMSE: 32.012, 32.306; MAE: 19.669, 20.006; MAPE: 11.291, 11.661; Q10: 4.781, 4.815; Q50: 9.977, 10.127; Q90: 4.432, 4.647;
| 12 Horizon | RMSE: 34.023, 34.973; MAE: 21.125, 21.890; MAPE: 12.178, 12.842; Q10: 5.175, 5.323; Q50: 10.713, 11.076; Q90: 4.766, 5.126;
epoch 56 time used: 47  seconds  train loss: 17.462 val loss: 6.409167 test loss: 6.549336
Epoch 57: 
| 3  Horizon | RMSE: 30.707, 30.551; MAE: 18.982, 19.004; MAPE: 10.940, 11.120; Q10: 4.572, 4.522; Q50: 9.630, 9.623; Q90: 4.268, 4.382;
| 6  Horizon | RMSE: 32.019, 32.287; MAE: 19.657, 19.977; MAPE: 11.289, 11.648; Q10: 4.780, 4.810; Q50: 9.972, 10.113; Q90: 4.425, 4.632;
| 12 Horizon | RMSE: 34.008, 34.946; MAE: 21.137, 21.882; MAPE: 12.143, 12.751; Q10: 5.158, 5.289; Q50: 10.723, 11.076; Q90: 4.787, 5.154;
epoch 57 time used: 47  seconds  train loss: 17.461 val loss: 6.40893 test loss: 6.543848
Epoch 58: 
| 3  Horizon | RMSE: 30.702, 30.548; MAE: 18.981, 19.003; MAPE: 10.945, 11.133; Q10: 4.572, 4.523; Q50: 9.628, 9.621; Q90: 4.267, 4.378;
| 6  Horizon | RMSE: 32.011, 32.271; MAE: 19.672, 19.979; MAPE: 11.290, 11.650; Q10: 4.781, 4.810; Q50: 9.979, 10.114; Q90: 4.427, 4.628;
| 12 Horizon | RMSE: 34.035, 34.911; MAE: 21.162, 21.859; MAPE: 12.175, 12.772; Q10: 5.170, 5.300; Q50: 10.734, 11.063; Q90: 4.784, 5.128;
epoch 58 time used: 47  seconds  train loss: 17.457 val loss: 6.41252 test loss: 6.540677
Epoch 59: 
| 3  Horizon | RMSE: 30.694, 30.544; MAE: 18.988, 19.022; MAPE: 10.932, 11.135; Q10: 4.571, 4.522; Q50: 9.630, 9.629; Q90: 4.271, 4.387;
| 6  Horizon | RMSE: 32.006, 32.276; MAE: 19.672, 19.995; MAPE: 11.286, 11.667; Q10: 4.779, 4.810; Q50: 9.977, 10.120; Q90: 4.432, 4.641;
| 12 Horizon | RMSE: 34.025, 34.936; MAE: 21.140, 21.884; MAPE: 12.185, 12.867; Q10: 5.173, 5.313; Q50: 10.718, 11.071; Q90: 4.771, 5.123;
epoch 59 time used: 47  seconds  train loss: 17.457 val loss: 6.411213 test loss: 6.546904
Epoch 60: 
| 3  Horizon | RMSE: 30.704, 30.558; MAE: 18.980, 19.008; MAPE: 10.942, 11.125; Q10: 4.572, 4.524; Q50: 9.629, 9.625; Q90: 4.267, 4.382;
| 6  Horizon | RMSE: 32.015, 32.303; MAE: 19.670, 20.000; MAPE: 11.287, 11.659; Q10: 4.782, 4.816; Q50: 9.977, 10.123; Q90: 4.431, 4.641;
| 12 Horizon | RMSE: 34.031, 34.976; MAE: 21.148, 21.905; MAPE: 12.191, 12.854; Q10: 5.176, 5.324; Q50: 10.723, 11.083; Q90: 4.774, 5.127;
epoch 60 time used: 46  seconds  train loss: 17.451 val loss: 6.410218 test loss: 6.547775
Epoch 61: 
| 3  Horizon | RMSE: 30.702, 30.553; MAE: 18.982, 19.005; MAPE: 10.953, 11.138; Q10: 4.574, 4.525; Q50: 9.630, 9.623; Q90: 4.268, 4.380;
| 6  Horizon | RMSE: 32.022, 32.298; MAE: 19.671, 19.987; MAPE: 11.311, 11.674; Q10: 4.785, 4.816; Q50: 9.978, 10.118; Q90: 4.428, 4.632;
| 12 Horizon | RMSE: 34.034, 34.971; MAE: 21.140, 21.889; MAPE: 12.201, 12.854; Q10: 5.183, 5.332; Q50: 10.722, 11.077; Q90: 4.766, 5.118;
epoch 61 time used: 46  seconds  train loss: 17.451 val loss: 6.411502 test loss: 6.546561
Epoch 62: 
| 3  Horizon | RMSE: 30.702, 30.556; MAE: 18.971, 19.001; MAPE: 10.932, 11.123; Q10: 4.571, 4.523; Q50: 9.624, 9.620; Q90: 4.263, 4.376;
| 6  Horizon | RMSE: 32.015, 32.310; MAE: 19.665, 19.997; MAPE: 11.277, 11.641; Q10: 4.778, 4.811; Q50: 9.976, 10.124; Q90: 4.431, 4.643;
| 12 Horizon | RMSE: 34.046, 34.996; MAE: 21.146, 21.895; MAPE: 12.168, 12.790; Q10: 5.167, 5.308; Q50: 10.726, 11.081; Q90: 4.780, 5.139;
Early stopping at epoch: 62
Model  stgcn17  Best Results:
Epoch 52: 
=        =        Horizon  3        =        =        =        =        Horizon  6        =        =        =        =        Horizon  12       =        =       
RMSE     MAE      MAPE     Q10      Q50      Q90      RMSE     MAE      MAPE     Q10      Q50      Q90      RMSE     MAE      MAPE     Q10      Q50      Q90     
30.547   19.008   11.134   4.523    9.624    4.381    32.277   19.990   11.656   4.808    10.119   4.634    34.937   21.862   12.818   5.309    11.064   5.109   
Model Training Ended ... Sun Oct 15 18:24:18 2023
