nohup: ignoring input
pdate shape is:  (16992,)
./save/pems04_stgcn17_in12_out12_addtimeFalse_adjTrue_lr0.001_hc32_train0.7_val0.1_test0.2_seed233_lossquantile_versionstq18_s300sl7q3000_note: training started Sun Oct 15 17:35:58 2023
pdate shape is:  (16992,)
data load........
initial data shape is:  (16992, 307, 3)
train_mean shape : (307,)
train  :  (11873, 24, 307, 3)
val  :  (1697, 24, 307, 3)
test  :  (3388, 24, 307, 3)
Model Training Started ... Sun Oct 15 17:36:00 2023
TIMESTEP_IN, TIMESTEP_OUT 12 12
LOSS is : quantile
qcl init quantile loss is [0.010000000000000009, 0.5, 0.99]
Spatial CL target length = 1
Spatial CL target length = 2
Epoch 0: 
| 3  Horizon | RMSE: 37.686, 36.629; MAE: 24.970, 24.398; MAPE: 14.570, 14.745; Q10: 5.848, 5.682; Q50: 12.670, 12.363; Q90: 5.959, 5.906;
| 6  Horizon | RMSE: 41.337, 40.561; MAE: 27.477, 27.134; MAPE: 15.654, 16.010; Q10: 6.253, 6.107; Q50: 13.939, 13.744; Q90: 7.064, 7.022;
| 12 Horizon | RMSE: 52.702, 51.573; MAE: 35.314, 34.918; MAPE: 20.088, 20.480; Q10: 7.751, 7.576; Q50: 17.890, 17.668; Q90: 9.922, 9.363;
epoch 0 time used: 42  seconds  train loss: 26.024 val loss: 9.484425 test loss: 9.288593
Spatial CL target length = 3
Spatial CL target length = 4
Spatial CL target length = 5
Spatial CL target length = 6
Spatial CL target length = 7
Epoch 1: 
| 3  Horizon | RMSE: 32.901, 32.068; MAE: 21.216, 20.772; MAPE: 12.516, 12.673; Q10: 4.941, 4.794; Q50: 10.773, 10.536; Q90: 4.808, 4.753;
| 6  Horizon | RMSE: 35.580, 34.798; MAE: 23.046, 22.647; MAPE: 13.225, 13.392; Q10: 5.307, 5.168; Q50: 11.693, 11.477; Q90: 5.299, 5.295;
| 12 Horizon | RMSE: 40.754, 40.103; MAE: 26.848, 26.629; MAPE: 15.394, 15.726; Q10: 6.161, 6.000; Q50: 13.598, 13.470; Q90: 6.269, 6.312;
epoch 1 time used: 40  seconds  train loss: 23.577 val loss: 7.528485 test loss: 7.412218
Epoch 2: 
| 3  Horizon | RMSE: 33.448, 32.750; MAE: 21.642, 21.341; MAPE: 13.433, 13.591; Q10: 5.031, 4.895; Q50: 10.993, 10.827; Q90: 5.038, 5.001;
| 6  Horizon | RMSE: 35.775, 35.423; MAE: 23.247, 23.213; MAPE: 14.174, 14.476; Q10: 5.253, 5.204; Q50: 11.802, 11.769; Q90: 5.502, 5.518;
| 12 Horizon | RMSE: 38.844, 39.344; MAE: 25.479, 26.050; MAPE: 15.489, 16.097; Q10: 5.878, 5.969; Q50: 12.927, 13.194; Q90: 5.968, 6.118;
epoch 2 time used: 39  seconds  train loss: 21.089 val loss: 7.512584 test loss: 7.512777
Quantile cl loss is [0.009999999999999995, 0.5, 0.99]
Epoch 3: 
| 3  Horizon | RMSE: 31.622, 30.791; MAE: 19.990, 19.635; MAPE: 11.619, 11.676; Q10: 6.891, 6.699; Q50: 10.144, 9.949; Q90: 6.439, 6.360;
| 6  Horizon | RMSE: 33.374, 32.866; MAE: 21.223, 21.077; MAPE: 12.414, 12.558; Q10: 7.447, 7.231; Q50: 10.774, 10.683; Q90: 6.735, 6.701;
| 12 Horizon | RMSE: 36.566, 36.833; MAE: 23.625, 23.877; MAPE: 13.643, 14.022; Q10: 7.844, 7.614; Q50: 11.988, 12.093; Q90: 7.507, 7.579;
epoch 3 time used: 39  seconds  train loss: 19.487 val loss: 8.304097 test loss: 8.202694
Epoch 4: 
| 3  Horizon | RMSE: 31.375, 30.647; MAE: 19.932, 19.605; MAPE: 11.488, 11.649; Q10: 7.053, 6.852; Q50: 10.099, 9.915; Q90: 6.325, 6.313;
| 6  Horizon | RMSE: 33.102, 32.647; MAE: 21.087, 20.953; MAPE: 12.111, 12.328; Q10: 7.265, 7.040; Q50: 10.693, 10.605; Q90: 6.434, 6.465;
| 12 Horizon | RMSE: 36.240, 36.650; MAE: 23.342, 23.765; MAPE: 13.282, 13.956; Q10: 8.284, 7.988; Q50: 11.834, 12.023; Q90: 7.124, 7.275;
epoch 4 time used: 42  seconds  train loss: 11.939 val loss: 8.26183 test loss: 8.1818
Quantile cl loss is [0.020000000000000004, 0.5, 0.98]
Epoch 5: 
| 3  Horizon | RMSE: 31.414, 30.723; MAE: 19.874, 19.550; MAPE: 11.476, 11.543; Q10: 5.939, 5.774; Q50: 10.087, 9.907; Q90: 5.347, 5.355;
| 6  Horizon | RMSE: 33.338, 32.899; MAE: 21.354, 21.172; MAPE: 12.697, 12.774; Q10: 6.562, 6.387; Q50: 10.854, 10.743; Q90: 5.606, 5.655;
| 12 Horizon | RMSE: 36.748, 36.834; MAE: 23.972, 24.022; MAPE: 14.383, 14.472; Q10: 7.330, 7.115; Q50: 12.190, 12.189; Q90: 6.388, 6.531;
epoch 5 time used: 40  seconds  train loss: 11.817 val loss: 7.700482 test loss: 7.627533
Epoch 6: 
| 3  Horizon | RMSE: 31.209, 30.726; MAE: 19.583, 19.405; MAPE: 11.321, 11.488; Q10: 6.262, 6.120; Q50: 9.932, 9.823; Q90: 5.750, 5.722;
| 6  Horizon | RMSE: 32.710, 32.616; MAE: 20.557, 20.610; MAPE: 11.841, 12.106; Q10: 6.313, 6.182; Q50: 10.432, 10.441; Q90: 6.176, 6.170;
| 12 Horizon | RMSE: 35.399, 36.114; MAE: 22.519, 22.988; MAPE: 13.027, 13.470; Q10: 6.873, 6.748; Q50: 11.430, 11.645; Q90: 6.160, 6.254;
epoch 6 time used: 39  seconds  train loss: 12.807 val loss: 7.608399 test loss: 7.577389
Quantile cl loss is [0.03, 0.5, 0.97]
Epoch 7: 
| 3  Horizon | RMSE: 31.495, 31.067; MAE: 20.068, 19.917; MAPE: 11.419, 11.615; Q10: 5.876, 5.754; Q50: 10.184, 10.091; Q90: 4.809, 4.835;
| 6  Horizon | RMSE: 33.024, 32.937; MAE: 21.031, 21.125; MAPE: 11.914, 12.267; Q10: 6.056, 5.947; Q50: 10.672, 10.702; Q90: 5.358, 5.414;
| 12 Horizon | RMSE: 35.449, 36.146; MAE: 22.725, 23.258; MAPE: 12.997, 13.598; Q10: 6.449, 6.371; Q50: 11.531, 11.778; Q90: 6.023, 6.170;
epoch 7 time used: 39  seconds  train loss: 12.735 val loss: 7.361338 test loss: 7.366264
Epoch 8: 
| 3  Horizon | RMSE: 30.935, 30.477; MAE: 19.365, 19.183; MAPE: 11.211, 11.349; Q10: 5.203, 5.082; Q50: 9.823, 9.712; Q90: 5.020, 5.041;
| 6  Horizon | RMSE: 32.523, 32.433; MAE: 20.385, 20.469; MAPE: 11.948, 12.331; Q10: 5.505, 5.399; Q50: 10.327, 10.350; Q90: 5.442, 5.496;
| 12 Horizon | RMSE: 35.168, 35.902; MAE: 22.290, 22.892; MAPE: 13.077, 13.876; Q10: 5.922, 5.856; Q50: 11.295, 11.576; Q90: 5.843, 5.996;
epoch 8 time used: 39  seconds  train loss: 13.619 val loss: 7.077802 test loss: 7.080936
Quantile cl loss is [0.04, 0.5, 0.96]
Epoch 9: 
| 3  Horizon | RMSE: 31.155, 30.700; MAE: 19.512, 19.343; MAPE: 11.238, 11.426; Q10: 5.256, 5.132; Q50: 9.894, 9.789; Q90: 4.929, 4.960;
| 6  Horizon | RMSE: 32.563, 32.490; MAE: 20.429, 20.529; MAPE: 11.781, 12.169; Q10: 5.392, 5.288; Q50: 10.355, 10.384; Q90: 5.216, 5.299;
| 12 Horizon | RMSE: 35.147, 35.876; MAE: 22.294, 22.870; MAPE: 12.933, 13.538; Q10: 5.838, 5.787; Q50: 11.310, 11.577; Q90: 5.502, 5.721;
epoch 9 time used: 41  seconds  train loss: 13.538 val loss: 6.988115 test loss: 7.009956
Epoch 10: 
| 3  Horizon | RMSE: 30.993, 30.569; MAE: 19.527, 19.361; MAPE: 11.219, 11.371; Q10: 5.268, 5.153; Q50: 9.911, 9.810; Q90: 4.563, 4.627;
| 6  Horizon | RMSE: 32.339, 32.165; MAE: 20.306, 20.332; MAPE: 11.666, 11.910; Q10: 5.494, 5.388; Q50: 10.308, 10.301; Q90: 4.806, 4.907;
| 12 Horizon | RMSE: 34.644, 35.057; MAE: 22.056, 22.484; MAPE: 12.640, 13.285; Q10: 6.064, 5.966; Q50: 11.183, 11.377; Q90: 5.272, 5.484;
epoch 10 time used: 39  seconds  train loss: 14.239 val loss: 6.897696 test loss: 6.909739
Quantile cl loss is [0.05, 0.5, 0.95]
Epoch 11: 
| 3  Horizon | RMSE: 30.983, 30.559; MAE: 19.661, 19.504; MAPE: 12.032, 12.109; Q10: 4.988, 4.900; Q50: 9.992, 9.899; Q90: 4.515, 4.531;
| 6  Horizon | RMSE: 32.322, 32.189; MAE: 20.330, 20.382; MAPE: 12.213, 12.383; Q10: 5.100, 5.049; Q50: 10.330, 10.339; Q90: 4.769, 4.840;
| 12 Horizon | RMSE: 34.576, 35.103; MAE: 22.066, 22.472; MAPE: 13.264, 13.577; Q10: 5.676, 5.672; Q50: 11.211, 11.394; Q90: 5.185, 5.358;
epoch 11 time used: 41  seconds  train loss: 14.188 val loss: 6.794087 test loss: 6.8145
Epoch 12: 
| 3  Horizon | RMSE: 30.836, 30.415; MAE: 19.276, 19.131; MAPE: 11.313, 11.402; Q10: 4.900, 4.810; Q50: 9.782, 9.692; Q90: 4.603, 4.632;
| 6  Horizon | RMSE: 32.229, 32.169; MAE: 20.075, 20.191; MAPE: 11.645, 11.924; Q10: 5.024, 4.978; Q50: 10.183, 10.223; Q90: 4.916, 4.997;
| 12 Horizon | RMSE: 34.279, 34.988; MAE: 21.629, 22.203; MAPE: 12.608, 13.126; Q10: 5.617, 5.621; Q50: 10.977, 11.245; Q90: 5.213, 5.402;
epoch 12 time used: 42  seconds  train loss: 14.954 val loss: 6.729468 test loss: 6.763596
Epoch 13: 
| 3  Horizon | RMSE: 30.949, 30.490; MAE: 19.310, 19.183; MAPE: 11.226, 11.412; Q10: 4.824, 4.732; Q50: 9.792, 9.709; Q90: 4.628, 4.655;
| 6  Horizon | RMSE: 32.188, 32.095; MAE: 20.186, 20.272; MAPE: 11.783, 11.944; Q10: 5.258, 5.192; Q50: 10.252, 10.274; Q90: 4.729, 4.819;
| 12 Horizon | RMSE: 34.432, 34.928; MAE: 21.844, 22.285; MAPE: 12.650, 13.023; Q10: 5.612, 5.598; Q50: 11.089, 11.286; Q90: 5.158, 5.322;
epoch 13 time used: 42  seconds  train loss: 14.891 val loss: 6.739531 test loss: 6.760902
Quantile cl loss is [0.06000000000000001, 0.5, 0.94]
Epoch 14: 
| 3  Horizon | RMSE: 30.830, 30.460; MAE: 19.351, 19.237; MAPE: 11.171, 11.280; Q10: 4.842, 4.752; Q50: 9.824, 9.749; Q90: 4.368, 4.420;
| 6  Horizon | RMSE: 32.180, 32.101; MAE: 20.106, 20.218; MAPE: 11.517, 11.784; Q10: 5.053, 4.997; Q50: 10.203, 10.240; Q90: 4.611, 4.720;
| 12 Horizon | RMSE: 34.394, 34.921; MAE: 21.776, 22.244; MAPE: 12.528, 13.001; Q10: 5.411, 5.442; Q50: 11.050, 11.263; Q90: 4.996, 5.204;
epoch 14 time used: 41  seconds  train loss: 15.612 val loss: 6.627318 test loss: 6.668605
Epoch 15: 
| 3  Horizon | RMSE: 30.829, 30.473; MAE: 19.254, 19.181; MAPE: 11.297, 11.434; Q10: 4.834, 4.760; Q50: 9.777, 9.724; Q90: 4.402, 4.449;
| 6  Horizon | RMSE: 32.132, 32.120; MAE: 19.978, 20.156; MAPE: 11.563, 11.851; Q10: 5.005, 4.972; Q50: 10.142, 10.214; Q90: 4.578, 4.689;
| 12 Horizon | RMSE: 34.334, 34.940; MAE: 21.566, 22.131; MAPE: 12.474, 13.075; Q10: 5.309, 5.372; Q50: 10.933, 11.197; Q90: 5.059, 5.256;
epoch 15 time used: 41  seconds  train loss: 15.479 val loss: 6.592619 test loss: 6.64954
Quantile cl loss is [0.07, 0.5, 0.9299999999999999]
Epoch 16: 
| 3  Horizon | RMSE: 30.751, 30.434; MAE: 19.211, 19.165; MAPE: 11.201, 11.354; Q10: 4.655, 4.574; Q50: 9.749, 9.710; Q90: 4.367, 4.435;
| 6  Horizon | RMSE: 32.055, 32.104; MAE: 19.984, 20.215; MAPE: 11.558, 11.917; Q10: 4.883, 4.857; Q50: 10.136, 10.234; Q90: 4.560, 4.706;
| 12 Horizon | RMSE: 34.137, 34.931; MAE: 21.675, 22.342; MAPE: 12.585, 13.165; Q10: 5.337, 5.405; Q50: 11.001, 11.316; Q90: 4.942, 5.222;
epoch 16 time used: 41  seconds  train loss: 16.152 val loss: 6.55554 test loss: 6.63641
Epoch 17: 
| 3  Horizon | RMSE: 30.883, 30.526; MAE: 19.252, 19.174; MAPE: 11.183, 11.350; Q10: 4.670, 4.588; Q50: 9.769, 9.711; Q90: 4.421, 4.477;
| 6  Horizon | RMSE: 32.230, 32.252; MAE: 20.073, 20.284; MAPE: 11.667, 12.062; Q10: 4.880, 4.859; Q50: 10.175, 10.262; Q90: 4.601, 4.734;
| 12 Horizon | RMSE: 34.328, 35.041; MAE: 21.744, 22.396; MAPE: 12.833, 13.588; Q10: 5.293, 5.379; Q50: 11.010, 11.317; Q90: 4.967, 5.214;
epoch 17 time used: 41  seconds  train loss: 16.125 val loss: 6.576432 test loss: 6.653082
Quantile cl loss is [0.08, 0.5, 0.92]
Epoch 18: 
| 3  Horizon | RMSE: 30.812, 30.556; MAE: 19.196, 19.197; MAPE: 11.049, 11.330; Q10: 4.646, 4.584; Q50: 9.733, 9.715; Q90: 4.321, 4.396;
| 6  Horizon | RMSE: 32.106, 32.229; MAE: 19.922, 20.196; MAPE: 11.496, 11.970; Q10: 4.828, 4.836; Q50: 10.097, 10.215; Q90: 4.502, 4.655;
| 12 Horizon | RMSE: 34.204, 35.055; MAE: 21.542, 22.247; MAPE: 12.283, 12.965; Q10: 5.360, 5.422; Q50: 10.926, 11.258; Q90: 4.854, 5.141;
epoch 18 time used: 41  seconds  train loss: 16.741 val loss: 6.50772 test loss: 6.605205
Epoch 19: 
| 3  Horizon | RMSE: 30.754, 30.446; MAE: 19.135, 19.121; MAPE: 11.093, 11.309; Q10: 4.613, 4.545; Q50: 9.701, 9.677; Q90: 4.309, 4.395;
| 6  Horizon | RMSE: 32.141, 32.189; MAE: 19.906, 20.164; MAPE: 11.610, 12.004; Q10: 4.820, 4.819; Q50: 10.087, 10.198; Q90: 4.507, 4.658;
| 12 Horizon | RMSE: 34.339, 35.009; MAE: 21.573, 22.159; MAPE: 12.610, 13.074; Q10: 5.234, 5.332; Q50: 10.951, 11.224; Q90: 4.900, 5.147;
epoch 19 time used: 41  seconds  train loss: 16.736 val loss: 6.501454 test loss: 6.593264
Quantile cl loss is [0.09, 0.5, 0.91]
Epoch 20: 
| 3  Horizon | RMSE: 30.754, 30.551; MAE: 19.232, 19.244; MAPE: 11.256, 11.426; Q10: 4.623, 4.557; Q50: 9.759, 9.747; Q90: 4.339, 4.432;
| 6  Horizon | RMSE: 32.100, 32.243; MAE: 20.006, 20.259; MAPE: 11.779, 12.042; Q10: 4.836, 4.840; Q50: 10.156, 10.262; Q90: 4.522, 4.686;
| 12 Horizon | RMSE: 34.295, 35.048; MAE: 21.702, 22.303; MAPE: 12.870, 13.331; Q10: 5.265, 5.383; Q50: 11.016, 11.295; Q90: 4.913, 5.176;
epoch 20 time used: 41  seconds  train loss: 17.244 val loss: 6.530134 test loss: 6.629167
Epoch 21: 
| 3  Horizon | RMSE: 30.729, 30.450; MAE: 19.119, 19.082; MAPE: 11.163, 11.324; Q10: 4.602, 4.529; Q50: 9.705, 9.668; Q90: 4.306, 4.386;
| 6  Horizon | RMSE: 32.003, 32.098; MAE: 19.832, 20.071; MAPE: 11.460, 11.827; Q10: 4.811, 4.806; Q50: 10.061, 10.163; Q90: 4.469, 4.631;
| 12 Horizon | RMSE: 34.095, 34.856; MAE: 21.404, 22.067; MAPE: 12.436, 13.136; Q10: 5.210, 5.332; Q50: 10.854, 11.167; Q90: 4.837, 5.119;
epoch 21 time used: 41  seconds  train loss: 17.266 val loss: 6.4678 test loss: 6.564583
Quantile cl loss is [0.1, 0.5, 0.9]
Epoch 22: 
| 3  Horizon | RMSE: 30.810, 30.525; MAE: 19.150, 19.092; MAPE: 11.096, 11.221; Q10: 4.597, 4.521; Q50: 9.721, 9.673; Q90: 4.304, 4.389;
| 6  Horizon | RMSE: 32.136, 32.215; MAE: 19.890, 20.081; MAPE: 11.499, 11.731; Q10: 4.810, 4.798; Q50: 10.098, 10.172; Q90: 4.499, 4.661;
| 12 Horizon | RMSE: 34.201, 34.907; MAE: 21.417, 22.002; MAPE: 12.311, 12.829; Q10: 5.195, 5.294; Q50: 10.864, 11.134; Q90: 4.851, 5.133;
epoch 22 time used: 41  seconds  train loss: 17.799 val loss: 6.4775 test loss: 6.562805
Epoch 23: 
| 3  Horizon | RMSE: 30.742, 30.513; MAE: 19.072, 19.062; MAPE: 11.061, 11.252; Q10: 4.587, 4.526; Q50: 9.673, 9.652; Q90: 4.287, 4.381;
| 6  Horizon | RMSE: 32.051, 32.200; MAE: 19.780, 20.040; MAPE: 11.436, 11.772; Q10: 4.790, 4.796; Q50: 10.037, 10.150; Q90: 4.452, 4.632;
| 12 Horizon | RMSE: 34.140, 34.928; MAE: 21.369, 21.998; MAPE: 12.513, 12.976; Q10: 5.195, 5.306; Q50: 10.850, 11.146; Q90: 4.837, 5.149;
epoch 23 time used: 41  seconds  train loss: 17.825 val loss: 6.455229 test loss: 6.562818
Epoch 24: 
| 3  Horizon | RMSE: 30.750, 30.504; MAE: 19.094, 19.084; MAPE: 11.076, 11.290; Q10: 4.606, 4.536; Q50: 9.685, 9.661; Q90: 4.290, 4.389;
| 6  Horizon | RMSE: 32.025, 32.173; MAE: 19.833, 20.077; MAPE: 11.461, 11.765; Q10: 4.810, 4.806; Q50: 10.065, 10.168; Q90: 4.464, 4.649;
| 12 Horizon | RMSE: 34.147, 34.882; MAE: 21.377, 21.993; MAPE: 12.380, 12.959; Q10: 5.210, 5.314; Q50: 10.843, 11.130; Q90: 4.826, 5.125;
epoch 24 time used: 41  seconds  train loss: 17.806 val loss: 6.464469 test loss: 6.566248
Epoch 25: 
| 3  Horizon | RMSE: 30.679, 30.489; MAE: 19.075, 19.076; MAPE: 11.089, 11.263; Q10: 4.587, 4.520; Q50: 9.680, 9.663; Q90: 4.289, 4.395;
| 6  Horizon | RMSE: 31.925, 32.136; MAE: 19.788, 20.077; MAPE: 11.423, 11.748; Q10: 4.790, 4.791; Q50: 10.042, 10.169; Q90: 4.450, 4.650;
| 12 Horizon | RMSE: 33.903, 34.779; MAE: 21.278, 21.989; MAPE: 12.243, 12.851; Q10: 5.169, 5.289; Q50: 10.793, 11.130; Q90: 4.806, 5.157;
epoch 25 time used: 41  seconds  train loss: 17.744 val loss: 6.444441 test loss: 6.564082
Epoch 26: 
| 3  Horizon | RMSE: 30.728, 30.551; MAE: 19.069, 19.087; MAPE: 11.064, 11.292; Q10: 4.594, 4.537; Q50: 9.672, 9.664; Q90: 4.287, 4.388;
| 6  Horizon | RMSE: 31.983, 32.211; MAE: 19.783, 20.078; MAPE: 11.415, 11.788; Q10: 4.793, 4.809; Q50: 10.035, 10.164; Q90: 4.454, 4.645;
| 12 Horizon | RMSE: 34.233, 35.081; MAE: 21.535, 22.275; MAPE: 12.818, 13.639; Q10: 5.244, 5.396; Q50: 10.902, 11.254; Q90: 4.830, 5.134;
epoch 26 time used: 41  seconds  train loss: 17.728 val loss: 6.453444 test loss: 6.575176
Epoch 27: 
| 3  Horizon | RMSE: 30.668, 30.541; MAE: 19.072, 19.099; MAPE: 11.151, 11.343; Q10: 4.594, 4.540; Q50: 9.683, 9.680; Q90: 4.286, 4.399;
| 6  Horizon | RMSE: 31.920, 32.205; MAE: 19.827, 20.133; MAPE: 11.529, 11.843; Q10: 4.796, 4.812; Q50: 10.067, 10.203; Q90: 4.454, 4.665;
| 12 Horizon | RMSE: 33.924, 34.836; MAE: 21.336, 22.038; MAPE: 12.355, 12.929; Q10: 5.183, 5.312; Q50: 10.827, 11.160; Q90: 4.824, 5.168;
epoch 27 time used: 41  seconds  train loss: 17.716 val loss: 6.447449 test loss: 6.575573
Epoch 28: 
| 3  Horizon | RMSE: 30.664, 30.544; MAE: 19.115, 19.159; MAPE: 11.001, 11.195; Q10: 4.585, 4.530; Q50: 9.700, 9.705; Q90: 4.305, 4.426;
| 6  Horizon | RMSE: 31.920, 32.192; MAE: 19.785, 20.124; MAPE: 11.314, 11.702; Q10: 4.779, 4.799; Q50: 10.036, 10.188; Q90: 4.471, 4.686;
| 12 Horizon | RMSE: 33.918, 34.836; MAE: 21.271, 22.002; MAPE: 12.201, 12.791; Q10: 5.165, 5.288; Q50: 10.791, 11.137; Q90: 4.826, 5.184;
epoch 28 time used: 41  seconds  train loss: 17.7 val loss: 6.446491 test loss: 6.58038
Epoch 29: 
| 3  Horizon | RMSE: 30.620, 30.449; MAE: 19.036, 19.046; MAPE: 11.044, 11.224; Q10: 4.574, 4.515; Q50: 9.661, 9.649; Q90: 4.284, 4.395;
| 6  Horizon | RMSE: 31.885, 32.100; MAE: 19.763, 20.039; MAPE: 11.457, 11.733; Q10: 4.774, 4.785; Q50: 10.034, 10.154; Q90: 4.474, 4.678;
| 12 Horizon | RMSE: 33.838, 34.713; MAE: 21.183, 21.920; MAPE: 12.251, 12.957; Q10: 5.162, 5.303; Q50: 10.739, 11.089; Q90: 4.781, 5.124;
epoch 29 time used: 41  seconds  train loss: 17.691 val loss: 6.427245 test loss: 6.553623
Epoch 30: 
| 3  Horizon | RMSE: 30.589, 30.438; MAE: 19.060, 19.085; MAPE: 11.053, 11.218; Q10: 4.575, 4.514; Q50: 9.676, 9.670; Q90: 4.289, 4.403;
| 6  Horizon | RMSE: 31.874, 32.064; MAE: 19.709, 19.986; MAPE: 11.417, 11.751; Q10: 4.781, 4.793; Q50: 10.001, 10.122; Q90: 4.434, 4.628;
| 12 Horizon | RMSE: 33.880, 34.707; MAE: 21.223, 21.909; MAPE: 12.352, 12.968; Q10: 5.188, 5.322; Q50: 10.764, 11.087; Q90: 4.777, 5.093;
epoch 30 time used: 41  seconds  train loss: 17.645 val loss: 6.428317 test loss: 6.547919
Epoch 31: 
| 3  Horizon | RMSE: 30.570, 30.444; MAE: 19.023, 19.069; MAPE: 10.939, 11.182; Q10: 4.569, 4.517; Q50: 9.649, 9.656; Q90: 4.295, 4.419;
| 6  Horizon | RMSE: 31.813, 32.066; MAE: 19.716, 20.023; MAPE: 11.295, 11.665; Q10: 4.774, 4.783; Q50: 10.004, 10.141; Q90: 4.454, 4.666;
| 12 Horizon | RMSE: 33.778, 34.648; MAE: 21.139, 21.850; MAPE: 12.200, 12.855; Q10: 5.152, 5.269; Q50: 10.720, 11.057; Q90: 4.777, 5.128;
epoch 31 time used: 41  seconds  train loss: 17.638 val loss: 6.419722 test loss: 6.548632
Epoch 32: 
| 3  Horizon | RMSE: 30.573, 30.440; MAE: 19.001, 19.050; MAPE: 10.963, 11.213; Q10: 4.575, 4.524; Q50: 9.636, 9.644; Q90: 4.277, 4.396;
| 6  Horizon | RMSE: 31.837, 32.089; MAE: 19.717, 20.050; MAPE: 11.382, 11.821; Q10: 4.781, 4.806; Q50: 9.997, 10.146; Q90: 4.434, 4.639;
| 12 Horizon | RMSE: 33.818, 34.721; MAE: 21.238, 21.960; MAPE: 12.270, 12.921; Q10: 5.173, 5.309; Q50: 10.771, 11.113; Q90: 4.804, 5.164;
epoch 32 time used: 41  seconds  train loss: 17.629 val loss: 6.424177 test loss: 6.561588
Epoch 33: 
| 3  Horizon | RMSE: 30.616, 30.548; MAE: 19.084, 19.153; MAPE: 10.948, 11.183; Q10: 4.572, 4.525; Q50: 9.682, 9.699; Q90: 4.302, 4.431;
| 6  Horizon | RMSE: 31.831, 32.130; MAE: 19.740, 20.088; MAPE: 11.289, 11.721; Q10: 4.778, 4.803; Q50: 10.011, 10.167; Q90: 4.461, 4.684;
| 12 Horizon | RMSE: 33.844, 34.751; MAE: 21.224, 21.955; MAPE: 12.224, 12.898; Q10: 5.176, 5.305; Q50: 10.762, 11.109; Q90: 4.792, 5.150;
epoch 33 time used: 41  seconds  train loss: 17.621 val loss: 6.43336 test loss: 6.574301
Epoch 34: 
| 3  Horizon | RMSE: 30.582, 30.436; MAE: 19.001, 19.024; MAPE: 10.984, 11.211; Q10: 4.574, 4.523; Q50: 9.636, 9.631; Q90: 4.272, 4.381;
| 6  Horizon | RMSE: 31.893, 32.119; MAE: 19.728, 20.023; MAPE: 11.415, 11.831; Q10: 4.789, 4.819; Q50: 10.001, 10.131; Q90: 4.431, 4.624;
| 12 Horizon | RMSE: 33.913, 34.787; MAE: 21.256, 21.991; MAPE: 12.478, 13.240; Q10: 5.199, 5.353; Q50: 10.766, 11.116; Q90: 4.779, 5.110;
epoch 34 time used: 41  seconds  train loss: 17.611 val loss: 6.423914 test loss: 6.553352
Epoch 35: 
| 3  Horizon | RMSE: 30.572, 30.429; MAE: 18.992, 19.015; MAPE: 10.985, 11.216; Q10: 4.570, 4.516; Q50: 9.632, 9.626; Q90: 4.267, 4.381;
| 6  Horizon | RMSE: 31.802, 32.042; MAE: 19.683, 19.976; MAPE: 11.326, 11.709; Q10: 4.772, 4.788; Q50: 9.984, 10.113; Q90: 4.432, 4.636;
| 12 Horizon | RMSE: 33.822, 34.668; MAE: 21.234, 21.885; MAPE: 12.206, 12.757; Q10: 5.156, 5.258; Q50: 10.774, 11.080; Q90: 4.812, 5.161;
epoch 35 time used: 41  seconds  train loss: 17.58 val loss: 6.416485 test loss: 6.538771
Epoch 36: 
| 3  Horizon | RMSE: 30.588, 30.461; MAE: 19.009, 19.056; MAPE: 10.976, 11.227; Q10: 4.569, 4.520; Q50: 9.640, 9.646; Q90: 4.270, 4.390;
| 6  Horizon | RMSE: 31.852, 32.083; MAE: 19.705, 20.018; MAPE: 11.352, 11.792; Q10: 4.775, 4.798; Q50: 9.991, 10.130; Q90: 4.430, 4.639;
| 12 Horizon | RMSE: 33.840, 34.656; MAE: 21.206, 21.875; MAPE: 12.206, 12.851; Q10: 5.162, 5.278; Q50: 10.754, 11.068; Q90: 4.801, 5.151;
epoch 36 time used: 41  seconds  train loss: 17.577 val loss: 6.416866 test loss: 6.545886
Epoch 37: 
| 3  Horizon | RMSE: 30.587, 30.452; MAE: 18.978, 19.016; MAPE: 10.955, 11.185; Q10: 4.572, 4.520; Q50: 9.626, 9.628; Q90: 4.265, 4.379;
| 6  Horizon | RMSE: 31.842, 32.100; MAE: 19.696, 20.009; MAPE: 11.290, 11.666; Q10: 4.777, 4.794; Q50: 9.992, 10.131; Q90: 4.437, 4.647;
| 12 Horizon | RMSE: 33.872, 34.720; MAE: 21.185, 21.865; MAPE: 12.198, 12.786; Q10: 5.172, 5.285; Q50: 10.745, 11.066; Q90: 4.784, 5.129;
epoch 37 time used: 41  seconds  train loss: 17.569 val loss: 6.414918 test loss: 6.54083
Epoch 38: 
| 3  Horizon | RMSE: 30.590, 30.453; MAE: 18.972, 19.001; MAPE: 10.950, 11.173; Q10: 4.572, 4.519; Q50: 9.624, 9.622; Q90: 4.264, 4.375;
| 6  Horizon | RMSE: 31.845, 32.098; MAE: 19.673, 19.969; MAPE: 11.321, 11.680; Q10: 4.778, 4.795; Q50: 9.983, 10.113; Q90: 4.426, 4.626;
| 12 Horizon | RMSE: 33.814, 34.718; MAE: 21.163, 21.878; MAPE: 12.208, 12.851; Q10: 5.165, 5.291; Q50: 10.734, 11.073; Q90: 4.786, 5.144;
epoch 38 time used: 41  seconds  train loss: 17.562 val loss: 6.411355 test loss: 6.540751
Epoch 39: 
| 3  Horizon | RMSE: 30.578, 30.471; MAE: 18.985, 19.019; MAPE: 10.978, 11.171; Q10: 4.572, 4.524; Q50: 9.634, 9.633; Q90: 4.269, 4.384;
| 6  Horizon | RMSE: 31.836, 32.109; MAE: 19.684, 19.981; MAPE: 11.309, 11.663; Q10: 4.778, 4.799; Q50: 9.988, 10.118; Q90: 4.433, 4.639;
| 12 Horizon | RMSE: 33.823, 34.708; MAE: 21.152, 21.825; MAPE: 12.198, 12.779; Q10: 5.164, 5.289; Q50: 10.730, 11.047; Q90: 4.779, 5.121;
epoch 39 time used: 41  seconds  train loss: 17.557 val loss: 6.414206 test loss: 6.541744
Epoch 40: 
| 3  Horizon | RMSE: 30.541, 30.450; MAE: 18.974, 19.033; MAPE: 10.936, 11.171; Q10: 4.567, 4.520; Q50: 9.624, 9.637; Q90: 4.263, 4.385;
| 6  Horizon | RMSE: 31.806, 32.115; MAE: 19.719, 20.044; MAPE: 11.360, 11.680; Q10: 4.774, 4.794; Q50: 10.009, 10.153; Q90: 4.443, 4.665;
| 12 Horizon | RMSE: 33.802, 34.721; MAE: 21.190, 21.918; MAPE: 12.233, 12.860; Q10: 5.169, 5.294; Q50: 10.746, 11.091; Q90: 4.786, 5.152;
epoch 40 time used: 41  seconds  train loss: 17.536 val loss: 6.411804 test loss: 6.549794
Epoch 41: 
| 3  Horizon | RMSE: 30.568, 30.481; MAE: 18.973, 19.013; MAPE: 10.980, 11.180; Q10: 4.569, 4.525; Q50: 9.628, 9.630; Q90: 4.259, 4.369;
| 6  Horizon | RMSE: 31.829, 32.149; MAE: 19.660, 19.986; MAPE: 11.313, 11.684; Q10: 4.771, 4.804; Q50: 9.975, 10.120; Q90: 4.419, 4.623;
| 12 Horizon | RMSE: 33.796, 34.794; MAE: 21.136, 21.901; MAPE: 12.157, 12.804; Q10: 5.160, 5.300; Q50: 10.719, 11.083; Q90: 4.770, 5.131;
epoch 41 time used: 41  seconds  train loss: 17.531 val loss: 6.403991 test loss: 6.542623
Epoch 42: 
| 3  Horizon | RMSE: 30.565, 30.486; MAE: 18.981, 19.037; MAPE: 10.963, 11.183; Q10: 4.567, 4.525; Q50: 9.629, 9.641; Q90: 4.269, 4.387;
| 6  Horizon | RMSE: 31.810, 32.130; MAE: 19.667, 20.003; MAPE: 11.311, 11.688; Q10: 4.772, 4.799; Q50: 9.978, 10.129; Q90: 4.430, 4.644;
| 12 Horizon | RMSE: 33.807, 34.752; MAE: 21.143, 21.881; MAPE: 12.203, 12.845; Q10: 5.163, 5.295; Q50: 10.723, 11.074; Q90: 4.778, 5.140;
epoch 42 time used: 41  seconds  train loss: 17.527 val loss: 6.408944 test loss: 6.549346
Epoch 43: 
| 3  Horizon | RMSE: 30.554, 30.458; MAE: 18.967, 19.007; MAPE: 10.963, 11.167; Q10: 4.569, 4.522; Q50: 9.623, 9.626; Q90: 4.270, 4.382;
| 6  Horizon | RMSE: 31.822, 32.117; MAE: 19.657, 19.970; MAPE: 11.331, 11.700; Q10: 4.774, 4.803; Q50: 9.972, 10.111; Q90: 4.426, 4.627;
| 12 Horizon | RMSE: 33.789, 34.755; MAE: 21.151, 21.881; MAPE: 12.204, 12.787; Q10: 5.159, 5.290; Q50: 10.731, 11.077; Q90: 4.783, 5.142;
epoch 43 time used: 41  seconds  train loss: 17.525 val loss: 6.408053 test loss: 6.542594
Epoch 44: 
| 3  Horizon | RMSE: 30.567, 30.483; MAE: 19.007, 19.049; MAPE: 11.071, 11.244; Q10: 4.573, 4.529; Q50: 9.649, 9.654; Q90: 4.272, 4.391;
| 6  Horizon | RMSE: 31.818, 32.111; MAE: 19.677, 19.980; MAPE: 11.395, 11.714; Q10: 4.778, 4.802; Q50: 9.988, 10.122; Q90: 4.432, 4.645;
| 12 Horizon | RMSE: 33.795, 34.696; MAE: 21.160, 21.850; MAPE: 12.218, 12.787; Q10: 5.167, 5.285; Q50: 10.735, 11.062; Q90: 4.771, 5.121;
epoch 44 time used: 41  seconds  train loss: 17.52 val loss: 6.413209 test loss: 6.544935
Epoch 45: 
| 3  Horizon | RMSE: 30.570, 30.453; MAE: 18.951, 18.982; MAPE: 10.957, 11.169; Q10: 4.564, 4.518; Q50: 9.613, 9.612; Q90: 4.258, 4.369;
| 6  Horizon | RMSE: 31.785, 32.065; MAE: 19.648, 19.952; MAPE: 11.279, 11.640; Q10: 4.767, 4.789; Q50: 9.969, 10.103; Q90: 4.425, 4.634;
| 12 Horizon | RMSE: 33.797, 34.649; MAE: 21.135, 21.796; MAPE: 12.168, 12.746; Q10: 5.158, 5.274; Q50: 10.721, 11.032; Q90: 4.775, 5.114;
epoch 45 time used: 41  seconds  train loss: 17.505 val loss: 6.401199 test loss: 6.526057
Epoch 46: 
| 3  Horizon | RMSE: 30.539, 30.479; MAE: 18.980, 19.051; MAPE: 10.956, 11.182; Q10: 4.567, 4.526; Q50: 9.629, 9.647; Q90: 4.270, 4.395;
| 6  Horizon | RMSE: 31.784, 32.111; MAE: 19.659, 20.005; MAPE: 11.312, 11.710; Q10: 4.774, 4.810; Q50: 9.972, 10.127; Q90: 4.429, 4.648;
| 12 Horizon | RMSE: 33.778, 34.728; MAE: 21.158, 21.895; MAPE: 12.207, 12.852; Q10: 5.164, 5.298; Q50: 10.730, 11.080; Q90: 4.784, 5.146;
epoch 46 time used: 41  seconds  train loss: 17.501 val loss: 6.40913 test loss: 6.553048
Epoch 47: 
| 3  Horizon | RMSE: 30.551, 30.488; MAE: 18.962, 19.027; MAPE: 10.946, 11.175; Q10: 4.567, 4.527; Q50: 9.619, 9.635; Q90: 4.265, 4.390;
| 6  Horizon | RMSE: 31.802, 32.126; MAE: 19.645, 19.985; MAPE: 11.298, 11.690; Q10: 4.774, 4.806; Q50: 9.965, 10.117; Q90: 4.424, 4.643;
| 12 Horizon | RMSE: 33.816, 34.741; MAE: 21.139, 21.864; MAPE: 12.221, 12.869; Q10: 5.177, 5.315; Q50: 10.719, 11.063; Q90: 4.772, 5.127;
epoch 47 time used: 41  seconds  train loss: 17.499 val loss: 6.405748 test loss: 6.547652
Epoch 48: 
| 3  Horizon | RMSE: 30.524, 30.435; MAE: 18.952, 19.003; MAPE: 10.918, 11.137; Q10: 4.562, 4.517; Q50: 9.614, 9.623; Q90: 4.260, 4.379;
| 6  Horizon | RMSE: 31.769, 32.057; MAE: 19.634, 19.949; MAPE: 11.262, 11.636; Q10: 4.767, 4.790; Q50: 9.961, 10.100; Q90: 4.416, 4.625;
| 12 Horizon | RMSE: 33.779, 34.643; MAE: 21.126, 21.806; MAPE: 12.172, 12.786; Q10: 5.163, 5.287; Q50: 10.714, 11.035; Q90: 4.769, 5.110;
epoch 48 time used: 41  seconds  train loss: 17.495 val loss: 6.398981 test loss: 6.528705
Epoch 49: 
| 3  Horizon | RMSE: 30.581, 30.479; MAE: 18.963, 18.994; MAPE: 10.987, 11.189; Q10: 4.570, 4.526; Q50: 9.621, 9.619; Q90: 4.260, 4.371;
| 6  Horizon | RMSE: 31.789, 32.101; MAE: 19.633, 19.954; MAPE: 11.308, 11.666; Q10: 4.770, 4.799; Q50: 9.962, 10.105; Q90: 4.417, 4.626;
| 12 Horizon | RMSE: 33.733, 34.700; MAE: 21.068, 21.830; MAPE: 12.162, 12.832; Q10: 5.154, 5.292; Q50: 10.684, 11.047; Q90: 4.755, 5.120;
epoch 49 time used: 41  seconds  train loss: 17.493 val loss: 6.396558 test loss: 6.534221
Epoch 50: 
| 3  Horizon | RMSE: 30.528, 30.477; MAE: 18.965, 19.034; MAPE: 10.935, 11.152; Q10: 4.564, 4.523; Q50: 9.622, 9.639; Q90: 4.265, 4.389;
| 6  Horizon | RMSE: 31.774, 32.116; MAE: 19.643, 19.990; MAPE: 11.288, 11.678; Q10: 4.770, 4.805; Q50: 9.964, 10.120; Q90: 4.420, 4.635;
| 12 Horizon | RMSE: 33.759, 34.739; MAE: 21.131, 21.873; MAPE: 12.189, 12.802; Q10: 5.165, 5.302; Q50: 10.718, 11.071; Q90: 4.779, 5.143;
epoch 50 time used: 41  seconds  train loss: 17.484 val loss: 6.402944 test loss: 6.546075
Epoch 51: 
| 3  Horizon | RMSE: 30.550, 30.473; MAE: 18.957, 19.010; MAPE: 10.952, 11.164; Q10: 4.567, 4.526; Q50: 9.619, 9.628; Q90: 4.260, 4.375;
| 6  Horizon | RMSE: 31.787, 32.116; MAE: 19.658, 19.993; MAPE: 11.286, 11.653; Q10: 4.771, 4.801; Q50: 9.975, 10.125; Q90: 4.427, 4.641;
| 12 Horizon | RMSE: 33.801, 34.739; MAE: 21.172, 21.888; MAPE: 12.195, 12.803; Q10: 5.173, 5.305; Q50: 10.740, 11.079; Q90: 4.787, 5.146;
epoch 51 time used: 41  seconds  train loss: 17.482 val loss: 6.406698 test loss: 6.545311
Epoch 52: 
| 3  Horizon | RMSE: 30.522, 30.462; MAE: 18.949, 19.013; MAPE: 10.931, 11.152; Q10: 4.561, 4.521; Q50: 9.614, 9.629; Q90: 4.260, 4.382;
| 6  Horizon | RMSE: 31.759, 32.084; MAE: 19.623, 19.963; MAPE: 11.262, 11.659; Q10: 4.763, 4.795; Q50: 9.954, 10.106; Q90: 4.417, 4.634;
| 12 Horizon | RMSE: 33.759, 34.674; MAE: 21.089, 21.803; MAPE: 12.170, 12.790; Q10: 5.156, 5.286; Q50: 10.696, 11.035; Q90: 4.761, 5.113;
epoch 52 time used: 41  seconds  train loss: 17.479 val loss: 6.394423 test loss: 6.53448
Epoch 53: 
| 3  Horizon | RMSE: 30.518, 30.460; MAE: 18.945, 19.019; MAPE: 10.913, 11.148; Q10: 4.561, 4.522; Q50: 9.610, 9.630; Q90: 4.257, 4.379;
| 6  Horizon | RMSE: 31.752, 32.086; MAE: 19.621, 19.965; MAPE: 11.257, 11.639; Q10: 4.762, 4.795; Q50: 9.955, 10.109; Q90: 4.418, 4.637;
| 12 Horizon | RMSE: 33.717, 34.676; MAE: 21.071, 21.818; MAPE: 12.136, 12.778; Q10: 5.149, 5.279; Q50: 10.687, 11.042; Q90: 4.758, 5.123;
epoch 53 time used: 41  seconds  train loss: 17.478 val loss: 6.394316 test loss: 6.537865
Epoch 54: 
| 3  Horizon | RMSE: 30.541, 30.472; MAE: 18.950, 19.005; MAPE: 10.947, 11.152; Q10: 4.563, 4.522; Q50: 9.616, 9.627; Q90: 4.258, 4.376;
| 6  Horizon | RMSE: 31.788, 32.110; MAE: 19.636, 19.964; MAPE: 11.298, 11.656; Q10: 4.768, 4.801; Q50: 9.965, 10.111; Q90: 4.421, 4.634;
| 12 Horizon | RMSE: 33.786, 34.726; MAE: 21.138, 21.853; MAPE: 12.201, 12.780; Q10: 5.162, 5.295; Q50: 10.725, 11.064; Q90: 4.786, 5.143;
epoch 54 time used: 41  seconds  train loss: 17.477 val loss: 6.402542 test loss: 6.540723
Epoch 55: 
| 3  Horizon | RMSE: 30.526, 30.464; MAE: 18.954, 19.012; MAPE: 10.939, 11.158; Q10: 4.565, 4.524; Q50: 9.616, 9.628; Q90: 4.264, 4.383;
| 6  Horizon | RMSE: 31.773, 32.102; MAE: 19.631, 19.970; MAPE: 11.281, 11.680; Q10: 4.772, 4.808; Q50: 9.957, 10.108; Q90: 4.417, 4.630;
| 12 Horizon | RMSE: 33.753, 34.707; MAE: 21.108, 21.839; MAPE: 12.171, 12.806; Q10: 5.165, 5.303; Q50: 10.705, 11.052; Q90: 4.767, 5.123;
epoch 55 time used: 41  seconds  train loss: 17.468 val loss: 6.399207 test loss: 6.539839
Epoch 56: 
| 3  Horizon | RMSE: 30.531, 30.477; MAE: 18.946, 19.014; MAPE: 10.933, 11.161; Q10: 4.562, 4.524; Q50: 9.611, 9.628; Q90: 4.260, 4.385;
| 6  Horizon | RMSE: 31.765, 32.121; MAE: 19.633, 19.990; MAPE: 11.261, 11.655; Q10: 4.767, 4.802; Q50: 9.960, 10.120; Q90: 4.425, 4.652;
| 12 Horizon | RMSE: 33.755, 34.720; MAE: 21.096, 21.843; MAPE: 12.151, 12.802; Q10: 5.163, 5.301; Q50: 10.699, 11.054; Q90: 4.765, 5.133;
epoch 56 time used: 41  seconds  train loss: 17.467 val loss: 6.397878 test loss: 6.544721
Epoch 57: 
| 3  Horizon | RMSE: 30.531, 30.457; MAE: 18.952, 19.004; MAPE: 10.931, 11.141; Q10: 4.562, 4.519; Q50: 9.616, 9.625; Q90: 4.263, 4.384;
| 6  Horizon | RMSE: 31.773, 32.082; MAE: 19.618, 19.944; MAPE: 11.268, 11.646; Q10: 4.766, 4.795; Q50: 9.952, 10.098; Q90: 4.416, 4.629;
| 12 Horizon | RMSE: 33.744, 34.687; MAE: 21.105, 21.828; MAPE: 12.126, 12.722; Q10: 5.147, 5.268; Q50: 10.707, 11.050; Q90: 4.786, 5.157;
epoch 57 time used: 41  seconds  train loss: 17.466 val loss: 6.397192 test loss: 6.535621
Epoch 58: 
| 3  Horizon | RMSE: 30.522, 30.456; MAE: 18.950, 19.005; MAPE: 10.922, 11.148; Q10: 4.561, 4.521; Q50: 9.613, 9.624; Q90: 4.261, 4.379;
| 6  Horizon | RMSE: 31.760, 32.072; MAE: 19.633, 19.953; MAPE: 11.261, 11.644; Q10: 4.767, 4.795; Q50: 9.959, 10.102; Q90: 4.419, 4.629;
| 12 Horizon | RMSE: 33.763, 34.652; MAE: 21.131, 21.809; MAPE: 12.150, 12.737; Q10: 5.158, 5.276; Q50: 10.719, 11.039; Q90: 4.782, 5.133;
epoch 58 time used: 41  seconds  train loss: 17.463 val loss: 6.400827 test loss: 6.533801
Epoch 59: 
| 3  Horizon | RMSE: 30.515, 30.459; MAE: 18.954, 19.024; MAPE: 10.904, 11.145; Q10: 4.560, 4.521; Q50: 9.614, 9.632; Q90: 4.264, 4.388;
| 6  Horizon | RMSE: 31.757, 32.080; MAE: 19.629, 19.967; MAPE: 11.255, 11.657; Q10: 4.765, 4.796; Q50: 9.956, 10.107; Q90: 4.421, 4.641;
| 12 Horizon | RMSE: 33.753, 34.666; MAE: 21.100, 21.822; MAPE: 12.158, 12.822; Q10: 5.161, 5.289; Q50: 10.699, 11.041; Q90: 4.768, 5.127;
epoch 59 time used: 41  seconds  train loss: 17.462 val loss: 6.398334 test loss: 6.53933
Epoch 60: 
| 3  Horizon | RMSE: 30.523, 30.463; MAE: 18.946, 19.008; MAPE: 10.924, 11.141; Q10: 4.561, 4.521; Q50: 9.612, 9.626; Q90: 4.260, 4.382;
| 6  Horizon | RMSE: 31.763, 32.095; MAE: 19.629, 19.968; MAPE: 11.257, 11.651; Q10: 4.767, 4.800; Q50: 9.957, 10.108; Q90: 4.421, 4.639;
| 12 Horizon | RMSE: 33.755, 34.690; MAE: 21.109, 21.836; MAPE: 12.164, 12.807; Q10: 5.163, 5.296; Q50: 10.705, 11.049; Q90: 4.772, 5.131;
epoch 60 time used: 41  seconds  train loss: 17.456 val loss: 6.397368 test loss: 6.538233
Epoch 61: 
| 3  Horizon | RMSE: 30.525, 30.460; MAE: 18.950, 19.005; MAPE: 10.939, 11.155; Q10: 4.564, 4.523; Q50: 9.614, 9.624; Q90: 4.261, 4.380;
| 6  Horizon | RMSE: 31.775, 32.093; MAE: 19.632, 19.956; MAPE: 11.288, 11.669; Q10: 4.772, 4.803; Q50: 9.960, 10.103; Q90: 4.418, 4.630;
| 12 Horizon | RMSE: 33.763, 34.698; MAE: 21.108, 21.833; MAPE: 12.182, 12.820; Q10: 5.173, 5.309; Q50: 10.706, 11.049; Q90: 4.764, 5.120;
epoch 61 time used: 41  seconds  train loss: 17.456 val loss: 6.399528 test loss: 6.53781
Epoch 62: 
| 3  Horizon | RMSE: 30.526, 30.463; MAE: 18.939, 18.999; MAPE: 10.914, 11.137; Q10: 4.560, 4.520; Q50: 9.608, 9.621; Q90: 4.256, 4.375;
| 6  Horizon | RMSE: 31.769, 32.111; MAE: 19.626, 19.969; MAPE: 11.255, 11.632; Q10: 4.765, 4.797; Q50: 9.957, 10.111; Q90: 4.422, 4.643;
| 12 Horizon | RMSE: 33.776, 34.729; MAE: 21.112, 21.840; MAPE: 12.145, 12.753; Q10: 5.156, 5.286; Q50: 10.709, 11.055; Q90: 4.780, 5.146;
epoch 62 time used: 41  seconds  train loss: 17.455 val loss: 6.396343 test loss: 6.53785
Epoch 63: 
| 3  Horizon | RMSE: 30.521, 30.463; MAE: 18.946, 19.014; MAPE: 10.922, 11.156; Q10: 4.562, 4.522; Q50: 9.610, 9.627; Q90: 4.259, 4.381;
| 6  Horizon | RMSE: 31.756, 32.102; MAE: 19.639, 19.980; MAPE: 11.267, 11.638; Q10: 4.766, 4.795; Q50: 9.964, 10.117; Q90: 4.421, 4.642;
| 12 Horizon | RMSE: 33.755, 34.700; MAE: 21.118, 21.839; MAPE: 12.158, 12.777; Q10: 5.160, 5.285; Q50: 10.712, 11.053; Q90: 4.774, 5.136;
Early stopping at epoch: 63
Model  stgcn17  Best Results:
Epoch 53: 
=        =        Horizon  3        =        =        =        =        Horizon  6        =        =        =        =        Horizon  12       =        =       
RMSE     MAE      MAPE     Q10      Q50      Q90      RMSE     MAE      MAPE     Q10      Q50      Q90      RMSE     MAE      MAPE     Q10      Q50      Q90     
30.460   19.019   11.148   4.522    9.630    4.379    32.086   19.965   11.639   4.795    10.109   4.637    34.676   21.818   12.778   5.279    11.042   5.123   
Model Training Ended ... Sun Oct 15 18:20:19 2023
