nohup: ignoring input
pdate shape is:  (16992,)
./save/pems04_stgcn17_in12_out12_addtimeFalse_adjTrue_lr0.001_hc32_train0.7_val0.1_test0.2_seed233_lossquantile_versionstq18_s300slen20q2000_note: training started Sun Oct 15 17:35:58 2023
pdate shape is:  (16992,)
data load........
initial data shape is:  (16992, 307, 3)
train_mean shape : (307,)
train  :  (11873, 24, 307, 3)
val  :  (1697, 24, 307, 3)
test  :  (3388, 24, 307, 3)
Model Training Started ... Sun Oct 15 17:36:00 2023
TIMESTEP_IN, TIMESTEP_OUT 12 12
LOSS is : quantile
qcl init quantile loss is [0.010000000000000009, 0.5, 0.99]
Spatial CL target length = 1
Spatial CL target length = 2
Epoch 0: 
| 3  Horizon | RMSE: 38.262, 37.050; MAE: 25.927, 25.105; MAPE: 16.910, 16.531; Q10: 6.162, 5.949; Q50: 13.096, 12.669; Q90: 5.983, 5.789;
| 6  Horizon | RMSE: 41.414, 40.038; MAE: 27.748, 26.851; MAPE: 17.036, 16.596; Q10: 6.312, 6.109; Q50: 14.028, 13.562; Q90: 6.813, 6.629;
| 12 Horizon | RMSE: 52.195, 49.751; MAE: 35.933, 34.391; MAPE: 22.220, 21.478; Q10: 7.672, 7.400; Q50: 18.166, 17.371; Q90: 9.654, 9.052;
epoch 0 time used: 42  seconds  train loss: 26.093 val loss: 9.566763 test loss: 9.21021
Spatial CL target length = 3
Spatial CL target length = 4
Spatial CL target length = 5
Spatial CL target length = 6
Spatial CL target length = 7
Epoch 1: 
| 3  Horizon | RMSE: 32.561, 31.791; MAE: 21.053, 20.661; MAPE: 12.374, 12.585; Q10: 4.894, 4.752; Q50: 10.683, 10.471; Q90: 4.924, 4.889;
| 6  Horizon | RMSE: 34.978, 34.341; MAE: 22.827, 22.551; MAPE: 13.446, 13.772; Q10: 5.241, 5.134; Q50: 11.581, 11.426; Q90: 5.340, 5.364;
| 12 Horizon | RMSE: 39.559, 39.316; MAE: 26.297, 26.302; MAPE: 15.362, 15.912; Q10: 6.051, 5.990; Q50: 13.333, 13.318; Q90: 6.124, 6.197;
epoch 1 time used: 39  seconds  train loss: 23.219 val loss: 7.459785 test loss: 7.385414
Spatial CL target length = 8
Spatial CL target length = 9
Spatial CL target length = 10
Spatial CL target length = 11
Spatial CL target length = 12
Epoch 2: 
| 3  Horizon | RMSE: 33.725, 33.113; MAE: 21.872, 21.587; MAPE: 13.094, 13.271; Q10: 4.923, 4.818; Q50: 11.097, 10.937; Q90: 5.120, 5.067;
| 6  Horizon | RMSE: 35.435, 35.171; MAE: 23.016, 22.971; MAPE: 13.845, 14.160; Q10: 5.193, 5.187; Q50: 11.678, 11.636; Q90: 5.526, 5.509;
| 12 Horizon | RMSE: 37.880, 38.695; MAE: 24.781, 25.408; MAPE: 14.911, 15.663; Q10: 5.735, 5.905; Q50: 12.568, 12.864; Q90: 5.844, 5.959;
epoch 2 time used: 39  seconds  train loss: 20.795 val loss: 7.437526 test loss: 7.440707
Spatial CL target length = 13
Spatial CL target length = 14
Spatial CL target length = 15
Spatial CL target length = 16
Spatial CL target length = 17
Epoch 3: 
| 3  Horizon | RMSE: 31.452, 30.892; MAE: 20.130, 19.891; MAPE: 11.757, 11.984; Q10: 4.759, 4.644; Q50: 10.223, 10.089; Q90: 4.562, 4.556;
| 6  Horizon | RMSE: 33.213, 32.852; MAE: 21.308, 21.203; MAPE: 12.496, 12.730; Q10: 5.046, 4.965; Q50: 10.822, 10.753; Q90: 4.953, 4.996;
| 12 Horizon | RMSE: 36.766, 36.826; MAE: 23.867, 23.986; MAPE: 13.584, 13.915; Q10: 5.641, 5.622; Q50: 12.114, 12.153; Q90: 5.433, 5.526;
epoch 3 time used: 39  seconds  train loss: 20.039 val loss: 6.946535 test loss: 6.914417
Spatial CL target length = 18
Spatial CL target length = 19
Spatial CL target length = 20
Epoch 4: 
| 3  Horizon | RMSE: 31.137, 30.610; MAE: 19.933, 19.675; MAPE: 11.632, 11.765; Q10: 4.705, 4.580; Q50: 10.095, 9.952; Q90: 4.513, 4.522;
| 6  Horizon | RMSE: 32.648, 32.416; MAE: 20.898, 20.850; MAPE: 12.094, 12.381; Q10: 4.939, 4.858; Q50: 10.593, 10.552; Q90: 4.782, 4.854;
| 12 Horizon | RMSE: 35.409, 35.938; MAE: 22.948, 23.375; MAPE: 13.281, 13.953; Q10: 5.443, 5.470; Q50: 11.634, 11.827; Q90: 5.263, 5.460;
epoch 4 time used: 39  seconds  train loss: 19.643 val loss: 6.806674 test loss: 6.810105
Quantile cl loss is [0.009999999999999995, 0.5, 0.99]
Epoch 5: 
| 3  Horizon | RMSE: 31.158, 30.711; MAE: 19.900, 19.666; MAPE: 11.272, 11.439; Q10: 6.861, 6.730; Q50: 10.093, 9.962; Q90: 5.889, 5.828;
| 6  Horizon | RMSE: 32.778, 32.495; MAE: 21.026, 20.880; MAPE: 12.026, 12.226; Q10: 7.256, 7.102; Q50: 10.675, 10.582; Q90: 6.052, 6.044;
| 12 Horizon | RMSE: 35.604, 35.687; MAE: 23.118, 23.194; MAPE: 13.086, 13.478; Q10: 8.070, 7.868; Q50: 11.734, 11.746; Q90: 6.978, 7.051;
epoch 5 time used: 39  seconds  train loss: 18.09 val loss: 8.077006 test loss: 7.999916
Epoch 6: 
| 3  Horizon | RMSE: 30.832, 30.333; MAE: 19.613, 19.344; MAPE: 11.657, 11.741; Q10: 6.877, 6.778; Q50: 9.923, 9.777; Q90: 6.063, 5.967;
| 6  Horizon | RMSE: 32.313, 32.112; MAE: 20.542, 20.455; MAPE: 11.770, 11.971; Q10: 7.040, 6.940; Q50: 10.416, 10.356; Q90: 6.454, 6.380;
| 12 Horizon | RMSE: 35.479, 35.586; MAE: 22.935, 23.002; MAPE: 13.328, 13.510; Q10: 7.786, 7.664; Q50: 11.648, 11.657; Q90: 7.474, 7.432;
epoch 6 time used: 39  seconds  train loss: 11.489 val loss: 8.077674 test loss: 7.996544
Quantile cl loss is [0.020000000000000004, 0.5, 0.98]
Epoch 7: 
| 3  Horizon | RMSE: 31.153, 30.899; MAE: 19.960, 19.874; MAPE: 11.264, 11.441; Q10: 6.170, 6.111; Q50: 10.120, 10.065; Q90: 5.139, 5.091;
| 6  Horizon | RMSE: 32.397, 32.362; MAE: 20.666, 20.744; MAPE: 11.707, 12.003; Q10: 6.181, 6.120; Q50: 10.474, 10.498; Q90: 5.636, 5.619;
| 12 Horizon | RMSE: 34.876, 35.269; MAE: 22.476, 22.803; MAPE: 12.952, 13.555; Q10: 6.636, 6.564; Q50: 11.389, 11.531; Q90: 6.243, 6.304;
epoch 7 time used: 39  seconds  train loss: 12.371 val loss: 7.473134 test loss: 7.459404
Quantile cl loss is [0.03, 0.5, 0.97]
Epoch 8: 
| 3  Horizon | RMSE: 30.572, 30.133; MAE: 19.374, 19.165; MAPE: 11.306, 11.470; Q10: 5.315, 5.222; Q50: 9.818, 9.699; Q90: 5.075, 5.035;
| 6  Horizon | RMSE: 32.178, 31.978; MAE: 20.521, 20.461; MAPE: 12.254, 12.610; Q10: 5.535, 5.445; Q50: 10.385, 10.338; Q90: 5.525, 5.522;
| 12 Horizon | RMSE: 35.227, 35.498; MAE: 22.822, 23.078; MAPE: 13.747, 14.580; Q10: 5.854, 5.790; Q50: 11.547, 11.652; Q90: 6.106, 6.173;
epoch 8 time used: 39  seconds  train loss: 12.99 val loss: 7.14776 test loss: 7.108125
Quantile cl loss is [0.04, 0.5, 0.96]
Epoch 9: 
| 3  Horizon | RMSE: 31.062, 30.466; MAE: 19.603, 19.284; MAPE: 11.280, 11.385; Q10: 5.167, 5.104; Q50: 9.942, 9.766; Q90: 4.905, 4.849;
| 6  Horizon | RMSE: 32.495, 32.204; MAE: 20.585, 20.480; MAPE: 11.906, 12.193; Q10: 5.318, 5.263; Q50: 10.428, 10.357; Q90: 5.215, 5.194;
| 12 Horizon | RMSE: 35.323, 35.411; MAE: 22.616, 22.776; MAPE: 12.969, 13.498; Q10: 5.805, 5.768; Q50: 11.467, 11.523; Q90: 5.457, 5.528;
epoch 9 time used: 39  seconds  train loss: 13.538 val loss: 6.998589 test loss: 6.95314
Epoch 10: 
| 3  Horizon | RMSE: 30.711, 30.494; MAE: 19.562, 19.486; MAPE: 11.084, 11.305; Q10: 5.181, 5.113; Q50: 9.918, 9.864; Q90: 4.637, 4.667;
| 6  Horizon | RMSE: 31.832, 31.887; MAE: 20.241, 20.333; MAPE: 11.494, 11.845; Q10: 5.392, 5.344; Q50: 10.260, 10.288; Q90: 4.759, 4.833;
| 12 Horizon | RMSE: 34.195, 34.729; MAE: 22.138, 22.553; MAPE: 12.928, 13.691; Q10: 5.937, 5.901; Q50: 11.203, 11.390; Q90: 5.248, 5.406;
epoch 10 time used: 39  seconds  train loss: 14.173 val loss: 6.863432 test loss: 6.891254
Quantile cl loss is [0.05, 0.5, 0.95]
Epoch 11: 
| 3  Horizon | RMSE: 30.461, 30.142; MAE: 19.251, 19.139; MAPE: 11.041, 11.241; Q10: 4.842, 4.785; Q50: 9.764, 9.696; Q90: 4.490, 4.479;
| 6  Horizon | RMSE: 31.759, 31.720; MAE: 20.056, 20.101; MAPE: 11.529, 11.851; Q10: 4.977, 4.954; Q50: 10.168, 10.175; Q90: 4.751, 4.786;
| 12 Horizon | RMSE: 34.269, 34.758; MAE: 21.994, 22.324; MAPE: 12.665, 13.195; Q10: 5.546, 5.563; Q50: 11.158, 11.302; Q90: 5.180, 5.279;
epoch 11 time used: 40  seconds  train loss: 14.74 val loss: 6.682419 test loss: 6.69842
Quantile cl loss is [0.06000000000000001, 0.5, 0.94]
Epoch 12: 
| 3  Horizon | RMSE: 30.470, 30.175; MAE: 19.150, 19.050; MAPE: 11.098, 11.294; Q10: 4.686, 4.643; Q50: 9.710, 9.647; Q90: 4.490, 4.490;
| 6  Horizon | RMSE: 31.826, 31.906; MAE: 20.001, 20.127; MAPE: 11.587, 11.938; Q10: 4.871, 4.880; Q50: 10.135, 10.183; Q90: 4.761, 4.809;
| 12 Horizon | RMSE: 34.040, 34.894; MAE: 21.644, 22.209; MAPE: 12.448, 13.091; Q10: 5.472, 5.540; Q50: 10.979, 11.243; Q90: 5.117, 5.272;
epoch 12 time used: 41  seconds  train loss: 15.204 val loss: 6.618932 test loss: 6.663182
Quantile cl loss is [0.07, 0.5, 0.9299999999999999]
Epoch 13: 
| 3  Horizon | RMSE: 30.405, 30.064; MAE: 19.149, 19.020; MAPE: 11.093, 11.259; Q10: 4.633, 4.578; Q50: 9.706, 9.628; Q90: 4.387, 4.400;
| 6  Horizon | RMSE: 31.671, 31.755; MAE: 20.066, 20.211; MAPE: 11.588, 11.927; Q10: 4.941, 4.931; Q50: 10.190, 10.246; Q90: 4.524, 4.621;
| 12 Horizon | RMSE: 33.939, 34.470; MAE: 21.705, 22.082; MAPE: 12.396, 12.884; Q10: 5.342, 5.372; Q50: 11.013, 11.181; Q90: 4.941, 5.108;
epoch 13 time used: 41  seconds  train loss: 15.65 val loss: 6.555891 test loss: 6.594779
Epoch 14: 
| 3  Horizon | RMSE: 30.480, 30.217; MAE: 19.230, 19.144; MAPE: 11.065, 11.264; Q10: 4.701, 4.646; Q50: 9.757, 9.700; Q90: 4.348, 4.381;
| 6  Horizon | RMSE: 31.800, 31.879; MAE: 20.083, 20.204; MAPE: 11.445, 11.779; Q10: 4.937, 4.920; Q50: 10.187, 10.233; Q90: 4.566, 4.658;
| 12 Horizon | RMSE: 34.319, 34.841; MAE: 21.967, 22.291; MAPE: 12.580, 13.041; Q10: 5.340, 5.384; Q50: 11.146, 11.286; Q90: 5.035, 5.176;
epoch 14 time used: 41  seconds  train loss: 16.272 val loss: 6.583844 test loss: 6.621431
Quantile cl loss is [0.08, 0.5, 0.92]
Epoch 15: 
| 3  Horizon | RMSE: 30.448, 30.213; MAE: 19.166, 19.117; MAPE: 11.126, 11.365; Q10: 4.648, 4.607; Q50: 9.728, 9.689; Q90: 4.302, 4.352;
| 6  Horizon | RMSE: 31.651, 31.820; MAE: 19.906, 20.102; MAPE: 11.398, 11.774; Q10: 4.804, 4.810; Q50: 10.100, 10.183; Q90: 4.474, 4.611;
| 12 Horizon | RMSE: 33.896, 34.595; MAE: 21.491, 21.941; MAPE: 12.309, 12.887; Q10: 5.197, 5.282; Q50: 10.895, 11.100; Q90: 4.879, 5.085;
epoch 15 time used: 42  seconds  train loss: 16.628 val loss: 6.481287 test loss: 6.549103
Quantile cl loss is [0.09, 0.5, 0.91]
Epoch 16: 
| 3  Horizon | RMSE: 30.372, 30.156; MAE: 19.083, 19.040; MAPE: 11.048, 11.287; Q10: 4.571, 4.524; Q50: 9.677, 9.643; Q90: 4.295, 4.362;
| 6  Horizon | RMSE: 31.599, 31.781; MAE: 19.864, 20.088; MAPE: 11.493, 11.916; Q10: 4.777, 4.789; Q50: 10.065, 10.164; Q90: 4.486, 4.635;
| 12 Horizon | RMSE: 33.743, 34.709; MAE: 21.506, 22.180; MAPE: 12.341, 13.086; Q10: 5.210, 5.312; Q50: 10.905, 11.225; Q90: 4.851, 5.138;
epoch 16 time used: 42  seconds  train loss: 17.032 val loss: 6.46501 test loss: 6.560284
Quantile cl loss is [0.1, 0.5, 0.9]
Epoch 17: 
| 3  Horizon | RMSE: 30.489, 30.258; MAE: 19.149, 19.093; MAPE: 11.088, 11.296; Q10: 4.593, 4.553; Q50: 9.717, 9.674; Q90: 4.306, 4.359;
| 6  Horizon | RMSE: 31.726, 31.897; MAE: 19.938, 20.138; MAPE: 11.495, 11.886; Q10: 4.809, 4.824; Q50: 10.101, 10.185; Q90: 4.479, 4.627;
| 12 Horizon | RMSE: 33.912, 34.780; MAE: 21.576, 22.168; MAPE: 12.441, 13.146; Q10: 5.236, 5.340; Q50: 10.929, 11.207; Q90: 4.860, 5.130;
epoch 17 time used: 42  seconds  train loss: 17.407 val loss: 6.487067 test loss: 6.576999
Epoch 18: 
| 3  Horizon | RMSE: 30.470, 30.311; MAE: 19.127, 19.131; MAPE: 10.966, 11.237; Q10: 4.580, 4.557; Q50: 9.696, 9.684; Q90: 4.298, 4.360;
| 6  Horizon | RMSE: 31.670, 31.904; MAE: 19.824, 20.087; MAPE: 11.414, 11.872; Q10: 4.774, 4.821; Q50: 10.042, 10.158; Q90: 4.469, 4.626;
| 12 Horizon | RMSE: 33.729, 34.774; MAE: 21.361, 22.107; MAPE: 12.171, 12.981; Q10: 5.194, 5.333; Q50: 10.827, 11.182; Q90: 4.816, 5.107;
epoch 18 time used: 41  seconds  train loss: 17.969 val loss: 6.446998 test loss: 6.563398
Epoch 19: 
| 3  Horizon | RMSE: 30.414, 30.285; MAE: 19.061, 19.106; MAPE: 10.945, 11.193; Q10: 4.564, 4.538; Q50: 9.664, 9.674; Q90: 4.302, 4.400;
| 6  Horizon | RMSE: 31.629, 31.884; MAE: 19.782, 20.079; MAPE: 11.483, 11.877; Q10: 4.769, 4.805; Q50: 10.019, 10.155; Q90: 4.455, 4.635;
| 12 Horizon | RMSE: 33.889, 34.807; MAE: 21.493, 22.107; MAPE: 12.375, 12.913; Q10: 5.170, 5.298; Q50: 10.911, 11.199; Q90: 4.869, 5.171;
epoch 19 time used: 42  seconds  train loss: 17.938 val loss: 6.45689 test loss: 6.585705
Epoch 20: 
| 3  Horizon | RMSE: 30.458, 30.322; MAE: 19.173, 19.193; MAPE: 11.095, 11.361; Q10: 4.593, 4.568; Q50: 9.726, 9.722; Q90: 4.315, 4.385;
| 6  Horizon | RMSE: 31.639, 31.882; MAE: 19.915, 20.161; MAPE: 11.540, 11.940; Q10: 4.806, 4.832; Q50: 10.105, 10.212; Q90: 4.482, 4.643;
| 12 Horizon | RMSE: 33.819, 34.642; MAE: 21.608, 22.135; MAPE: 12.548, 13.117; Q10: 5.231, 5.340; Q50: 10.966, 11.208; Q90: 4.875, 5.123;
epoch 20 time used: 42  seconds  train loss: 17.846 val loss: 6.492365 test loss: 6.591963
Epoch 21: 
| 3  Horizon | RMSE: 30.476, 30.224; MAE: 19.092, 19.012; MAPE: 11.179, 11.383; Q10: 4.586, 4.547; Q50: 9.691, 9.635; Q90: 4.286, 4.333;
| 6  Horizon | RMSE: 31.574, 31.738; MAE: 19.772, 19.953; MAPE: 11.438, 11.804; Q10: 4.783, 4.797; Q50: 10.034, 10.108; Q90: 4.450, 4.600;
| 12 Horizon | RMSE: 33.733, 34.466; MAE: 21.409, 21.872; MAPE: 12.428, 12.966; Q10: 5.199, 5.298; Q50: 10.867, 11.077; Q90: 4.819, 5.059;
epoch 21 time used: 42  seconds  train loss: 17.83 val loss: 6.447138 test loss: 6.529122
Epoch 22: 
| 3  Horizon | RMSE: 30.379, 30.159; MAE: 19.025, 18.974; MAPE: 10.947, 11.180; Q10: 4.560, 4.521; Q50: 9.646, 9.606; Q90: 4.277, 4.333;
| 6  Horizon | RMSE: 31.574, 31.743; MAE: 19.764, 19.954; MAPE: 11.363, 11.743; Q10: 4.761, 4.774; Q50: 10.016, 10.095; Q90: 4.451, 4.598;
| 12 Horizon | RMSE: 33.731, 34.485; MAE: 21.439, 21.949; MAPE: 12.572, 13.234; Q10: 5.173, 5.280; Q50: 10.854, 11.091; Q90: 4.839, 5.078;
epoch 22 time used: 42  seconds  train loss: 17.807 val loss: 6.437942 test loss: 6.520045
Epoch 23: 
| 3  Horizon | RMSE: 30.392, 30.215; MAE: 19.030, 19.021; MAPE: 11.058, 11.288; Q10: 4.564, 4.537; Q50: 9.645, 9.628; Q90: 4.276, 4.335;
| 6  Horizon | RMSE: 31.568, 31.793; MAE: 19.718, 19.969; MAPE: 11.354, 11.761; Q10: 4.758, 4.788; Q50: 9.998, 10.109; Q90: 4.437, 4.599;
| 12 Horizon | RMSE: 33.727, 34.549; MAE: 21.370, 21.912; MAPE: 12.380, 12.924; Q10: 5.170, 5.278; Q50: 10.850, 11.101; Q90: 4.820, 5.097;
epoch 23 time used: 42  seconds  train loss: 17.795 val loss: 6.427509 test loss: 6.532188
Epoch 24: 
| 3  Horizon | RMSE: 30.380, 30.167; MAE: 18.983, 18.962; MAPE: 10.944, 11.196; Q10: 4.566, 4.527; Q50: 9.628, 9.602; Q90: 4.267, 4.334;
| 6  Horizon | RMSE: 31.561, 31.790; MAE: 19.743, 20.000; MAPE: 11.323, 11.707; Q10: 4.768, 4.781; Q50: 10.020, 10.131; Q90: 4.444, 4.622;
| 12 Horizon | RMSE: 33.679, 34.469; MAE: 21.275, 21.834; MAPE: 12.182, 12.821; Q10: 5.153, 5.254; Q50: 10.792, 11.051; Q90: 4.799, 5.078;
epoch 24 time used: 42  seconds  train loss: 17.772 val loss: 6.421705 test loss: 6.520536
Epoch 25: 
| 3  Horizon | RMSE: 30.356, 30.173; MAE: 18.984, 18.973; MAPE: 11.005, 11.249; Q10: 4.557, 4.525; Q50: 9.629, 9.609; Q90: 4.268, 4.338;
| 6  Horizon | RMSE: 31.491, 31.720; MAE: 19.692, 19.946; MAPE: 11.319, 11.731; Q10: 4.758, 4.779; Q50: 9.989, 10.100; Q90: 4.432, 4.602;
| 12 Horizon | RMSE: 33.517, 34.385; MAE: 21.232, 21.844; MAPE: 12.158, 12.822; Q10: 5.142, 5.254; Q50: 10.769, 11.056; Q90: 4.792, 5.096;
epoch 25 time used: 42  seconds  train loss: 17.712 val loss: 6.412903 test loss: 6.521392
Epoch 26: 
| 3  Horizon | RMSE: 30.489, 30.275; MAE: 19.067, 19.024; MAPE: 11.097, 11.335; Q10: 4.590, 4.555; Q50: 9.666, 9.629; Q90: 4.284, 4.339;
| 6  Horizon | RMSE: 31.582, 31.817; MAE: 19.756, 19.996; MAPE: 11.389, 11.786; Q10: 4.773, 4.799; Q50: 10.018, 10.121; Q90: 4.447, 4.607;
| 12 Horizon | RMSE: 33.933, 34.723; MAE: 21.613, 22.177; MAPE: 12.862, 13.582; Q10: 5.237, 5.364; Q50: 10.942, 11.206; Q90: 4.831, 5.085;
epoch 26 time used: 42  seconds  train loss: 17.697 val loss: 6.444845 test loss: 6.544204
Epoch 27: 
| 3  Horizon | RMSE: 30.370, 30.230; MAE: 19.009, 19.027; MAPE: 10.993, 11.262; Q10: 4.561, 4.539; Q50: 9.648, 9.642; Q90: 4.282, 4.364;
| 6  Horizon | RMSE: 31.533, 31.809; MAE: 19.770, 20.048; MAPE: 11.313, 11.727; Q10: 4.761, 4.792; Q50: 10.034, 10.157; Q90: 4.453, 4.640;
| 12 Horizon | RMSE: 33.562, 34.327; MAE: 21.286, 21.811; MAPE: 12.107, 12.709; Q10: 5.138, 5.239; Q50: 10.797, 11.040; Q90: 4.817, 5.098;
epoch 27 time used: 42  seconds  train loss: 17.688 val loss: 6.420593 test loss: 6.529072
Epoch 28: 
| 3  Horizon | RMSE: 30.339, 30.254; MAE: 19.020, 19.080; MAPE: 10.912, 11.195; Q10: 4.559, 4.544; Q50: 9.647, 9.663; Q90: 4.288, 4.385;
| 6  Horizon | RMSE: 31.456, 31.773; MAE: 19.694, 20.018; MAPE: 11.264, 11.715; Q10: 4.752, 4.792; Q50: 9.983, 10.130; Q90: 4.444, 4.648;
| 12 Horizon | RMSE: 33.446, 34.355; MAE: 21.194, 21.839; MAPE: 12.136, 12.815; Q10: 5.130, 5.255; Q50: 10.745, 11.049; Q90: 4.783, 5.098;
epoch 28 time used: 42  seconds  train loss: 17.676 val loss: 6.409299 test loss: 6.539656
Epoch 29: 
| 3  Horizon | RMSE: 30.344, 30.135; MAE: 18.957, 18.937; MAPE: 10.996, 11.252; Q10: 4.553, 4.523; Q50: 9.620, 9.595; Q90: 4.265, 4.335;
| 6  Horizon | RMSE: 31.476, 31.693; MAE: 19.689, 19.934; MAPE: 11.398, 11.788; Q10: 4.753, 4.777; Q50: 9.996, 10.101; Q90: 4.445, 4.629;
| 12 Horizon | RMSE: 33.446, 34.293; MAE: 21.144, 21.755; MAPE: 12.147, 12.868; Q10: 5.131, 5.255; Q50: 10.722, 11.009; Q90: 4.768, 5.069;
epoch 29 time used: 41  seconds  train loss: 17.659 val loss: 6.401352 test loss: 6.511937
Epoch 30: 
| 3  Horizon | RMSE: 30.315, 30.189; MAE: 18.998, 19.034; MAPE: 10.925, 11.195; Q10: 4.548, 4.525; Q50: 9.639, 9.642; Q90: 4.278, 4.365;
| 6  Horizon | RMSE: 31.443, 31.657; MAE: 19.634, 19.886; MAPE: 11.293, 11.718; Q10: 4.749, 4.777; Q50: 9.957, 10.066; Q90: 4.420, 4.596;
| 12 Horizon | RMSE: 33.541, 34.294; MAE: 21.229, 21.780; MAPE: 12.261, 12.946; Q10: 5.167, 5.280; Q50: 10.763, 11.019; Q90: 4.776, 5.042;
epoch 30 time used: 41  seconds  train loss: 17.621 val loss: 6.40532 test loss: 6.514141
Epoch 31: 
| 3  Horizon | RMSE: 30.290, 30.120; MAE: 18.935, 18.957; MAPE: 10.946, 11.230; Q10: 4.543, 4.519; Q50: 9.601, 9.597; Q90: 4.261, 4.342;
| 6  Horizon | RMSE: 31.408, 31.659; MAE: 19.636, 19.919; MAPE: 11.246, 11.686; Q10: 4.743, 4.771; Q50: 9.960, 10.086; Q90: 4.427, 4.615;
| 12 Horizon | RMSE: 33.422, 34.241; MAE: 21.172, 21.774; MAPE: 12.187, 12.886; Q10: 5.127, 5.238; Q50: 10.736, 11.018; Q90: 4.773, 5.081;
epoch 31 time used: 41  seconds  train loss: 17.611 val loss: 6.392764 test loss: 6.508735
Epoch 32: 
| 3  Horizon | RMSE: 30.289, 30.149; MAE: 18.951, 18.979; MAPE: 10.886, 11.157; Q10: 4.543, 4.521; Q50: 9.611, 9.610; Q90: 4.271, 4.358;
| 6  Horizon | RMSE: 31.408, 31.662; MAE: 19.637, 19.914; MAPE: 11.284, 11.720; Q10: 4.743, 4.775; Q50: 9.955, 10.077; Q90: 4.422, 4.603;
| 12 Horizon | RMSE: 33.405, 34.280; MAE: 21.155, 21.781; MAPE: 12.118, 12.807; Q10: 5.119, 5.242; Q50: 10.729, 11.022; Q90: 4.788, 5.108;
epoch 32 time used: 42  seconds  train loss: 17.604 val loss: 6.398417 test loss: 6.520912
Epoch 33: 
| 3  Horizon | RMSE: 30.296, 30.193; MAE: 18.982, 19.025; MAPE: 10.864, 11.151; Q10: 4.545, 4.525; Q50: 9.630, 9.636; Q90: 4.282, 4.373;
| 6  Horizon | RMSE: 31.384, 31.678; MAE: 19.644, 19.942; MAPE: 11.178, 11.636; Q10: 4.740, 4.774; Q50: 9.961, 10.095; Q90: 4.440, 4.639;
| 12 Horizon | RMSE: 33.376, 34.248; MAE: 21.159, 21.781; MAPE: 12.064, 12.769; Q10: 5.119, 5.232; Q50: 10.730, 11.021; Q90: 4.781, 5.100;
epoch 33 time used: 42  seconds  train loss: 17.598 val loss: 6.399823 test loss: 6.52503
Epoch 34: 
| 3  Horizon | RMSE: 30.270, 30.116; MAE: 18.941, 18.959; MAPE: 10.949, 11.218; Q10: 4.545, 4.522; Q50: 9.602, 9.596; Q90: 4.259, 4.341;
| 6  Horizon | RMSE: 31.433, 31.676; MAE: 19.666, 19.935; MAPE: 11.378, 11.814; Q10: 4.762, 4.799; Q50: 9.964, 10.083; Q90: 4.420, 4.600;
| 12 Horizon | RMSE: 33.442, 34.287; MAE: 21.220, 21.834; MAPE: 12.381, 13.103; Q10: 5.149, 5.279; Q50: 10.747, 11.036; Q90: 4.777, 5.075;
epoch 34 time used: 42  seconds  train loss: 17.587 val loss: 6.39846 test loss: 6.516951
Epoch 35: 
| 3  Horizon | RMSE: 30.295, 30.119; MAE: 18.932, 18.935; MAPE: 10.967, 11.242; Q10: 4.549, 4.526; Q50: 9.597, 9.583; Q90: 4.249, 4.322;
| 6  Horizon | RMSE: 31.403, 31.629; MAE: 19.617, 19.874; MAPE: 11.293, 11.725; Q10: 4.743, 4.775; Q50: 9.946, 10.057; Q90: 4.413, 4.589;
| 12 Horizon | RMSE: 33.368, 34.200; MAE: 21.146, 21.729; MAPE: 12.096, 12.728; Q10: 5.113, 5.221; Q50: 10.728, 10.999; Q90: 4.779, 5.088;
epoch 35 time used: 42  seconds  train loss: 17.558 val loss: 6.385494 test loss: 6.496858
Epoch 36: 
| 3  Horizon | RMSE: 30.341, 30.144; MAE: 18.952, 18.944; MAPE: 10.961, 11.236; Q10: 4.551, 4.525; Q50: 9.610, 9.590; Q90: 4.259, 4.325;
| 6  Horizon | RMSE: 31.503, 31.665; MAE: 19.676, 19.895; MAPE: 11.354, 11.784; Q10: 4.761, 4.788; Q50: 9.974, 10.066; Q90: 4.424, 4.583;
| 12 Horizon | RMSE: 33.481, 34.180; MAE: 21.191, 21.705; MAPE: 12.187, 12.835; Q10: 5.145, 5.246; Q50: 10.745, 10.982; Q90: 4.776, 5.056;
epoch 36 time used: 42  seconds  train loss: 17.555 val loss: 6.400798 test loss: 6.498356
Epoch 37: 
| 3  Horizon | RMSE: 30.352, 30.184; MAE: 18.948, 18.963; MAPE: 10.987, 11.281; Q10: 4.558, 4.537; Q50: 9.603, 9.595; Q90: 4.250, 4.322;
| 6  Horizon | RMSE: 31.431, 31.695; MAE: 19.624, 19.919; MAPE: 11.266, 11.728; Q10: 4.758, 4.793; Q50: 9.947, 10.078; Q90: 4.415, 4.603;
| 12 Horizon | RMSE: 33.458, 34.285; MAE: 21.153, 21.766; MAPE: 12.171, 12.884; Q10: 5.142, 5.257; Q50: 10.723, 11.010; Q90: 4.761, 5.060;
epoch 37 time used: 41  seconds  train loss: 17.547 val loss: 6.395397 test loss: 6.510048
Epoch 38: 
| 3  Horizon | RMSE: 30.290, 30.126; MAE: 18.922, 18.934; MAPE: 10.925, 11.201; Q10: 4.547, 4.521; Q50: 9.594, 9.585; Q90: 4.252, 4.330;
| 6  Horizon | RMSE: 31.415, 31.672; MAE: 19.623, 19.898; MAPE: 11.256, 11.692; Q10: 4.743, 4.772; Q50: 9.951, 10.072; Q90: 4.419, 4.596;
| 12 Horizon | RMSE: 33.413, 34.288; MAE: 21.157, 21.784; MAPE: 12.126, 12.837; Q10: 5.128, 5.246; Q50: 10.729, 11.023; Q90: 4.781, 5.105;
epoch 38 time used: 42  seconds  train loss: 17.541 val loss: 6.390262 test loss: 6.510185
Epoch 39: 
| 3  Horizon | RMSE: 30.276, 30.123; MAE: 18.899, 18.922; MAPE: 10.895, 11.178; Q10: 4.543, 4.522; Q50: 9.586, 9.582; Q90: 4.250, 4.330;
| 6  Horizon | RMSE: 31.385, 31.663; MAE: 19.595, 19.891; MAPE: 11.208, 11.663; Q10: 4.739, 4.775; Q50: 9.939, 10.070; Q90: 4.417, 4.607;
| 12 Horizon | RMSE: 33.341, 34.222; MAE: 21.082, 21.711; MAPE: 12.063, 12.762; Q10: 5.109, 5.233; Q50: 10.693, 10.988; Q90: 4.764, 5.084;
epoch 39 time used: 42  seconds  train loss: 17.536 val loss: 6.380616 test loss: 6.504995
Epoch 40: 
| 3  Horizon | RMSE: 30.283, 30.133; MAE: 18.911, 18.938; MAPE: 10.897, 11.186; Q10: 4.546, 4.524; Q50: 9.589, 9.587; Q90: 4.250, 4.329;
| 6  Horizon | RMSE: 31.406, 31.703; MAE: 19.645, 19.952; MAPE: 11.250, 11.674; Q10: 4.747, 4.779; Q50: 9.969, 10.105; Q90: 4.426, 4.624;
| 12 Horizon | RMSE: 33.420, 34.272; MAE: 21.181, 21.799; MAPE: 12.134, 12.805; Q10: 5.142, 5.254; Q50: 10.742, 11.031; Q90: 4.779, 5.100;
epoch 40 time used: 42  seconds  train loss: 17.516 val loss: 6.390965 test loss: 6.51212
Epoch 41: 
| 3  Horizon | RMSE: 30.282, 30.145; MAE: 18.897, 18.914; MAPE: 10.902, 11.177; Q10: 4.540, 4.522; Q50: 9.586, 9.578; Q90: 4.245, 4.315;
| 6  Horizon | RMSE: 31.406, 31.693; MAE: 19.600, 19.880; MAPE: 11.232, 11.664; Q10: 4.738, 4.779; Q50: 9.941, 10.065; Q90: 4.410, 4.590;
| 12 Horizon | RMSE: 33.377, 34.271; MAE: 21.119, 21.752; MAPE: 12.067, 12.752; Q10: 5.115, 5.236; Q50: 10.710, 11.007; Q90: 4.770, 5.082;
epoch 41 time used: 42  seconds  train loss: 17.51 val loss: 6.379807 test loss: 6.499442
Epoch 42: 
| 3  Horizon | RMSE: 30.278, 30.138; MAE: 18.912, 18.934; MAPE: 10.901, 11.186; Q10: 4.542, 4.524; Q50: 9.591, 9.587; Q90: 4.251, 4.327;
| 6  Horizon | RMSE: 31.396, 31.673; MAE: 19.614, 19.896; MAPE: 11.244, 11.690; Q10: 4.744, 4.780; Q50: 9.948, 10.073; Q90: 4.418, 4.604;
| 12 Horizon | RMSE: 33.395, 34.240; MAE: 21.146, 21.751; MAPE: 12.157, 12.860; Q10: 5.132, 5.252; Q50: 10.724, 11.007; Q90: 4.772, 5.082;
epoch 42 time used: 41  seconds  train loss: 17.508 val loss: 6.387322 test loss: 6.506743
Epoch 43: 
| 3  Horizon | RMSE: 30.254, 30.122; MAE: 18.897, 18.919; MAPE: 10.896, 11.173; Q10: 4.541, 4.521; Q50: 9.586, 9.582; Q90: 4.253, 4.333;
| 6  Horizon | RMSE: 31.388, 31.661; MAE: 19.598, 19.871; MAPE: 11.253, 11.696; Q10: 4.747, 4.783; Q50: 9.940, 10.060; Q90: 4.411, 4.594;
| 12 Horizon | RMSE: 33.342, 34.243; MAE: 21.112, 21.742; MAPE: 12.087, 12.769; Q10: 5.113, 5.236; Q50: 10.711, 11.006; Q90: 4.771, 5.089;
epoch 43 time used: 41  seconds  train loss: 17.505 val loss: 6.381387 test loss: 6.502992
Epoch 44: 
| 3  Horizon | RMSE: 30.254, 30.120; MAE: 18.907, 18.941; MAPE: 10.887, 11.164; Q10: 4.538, 4.516; Q50: 9.593, 9.596; Q90: 4.254, 4.340;
| 6  Horizon | RMSE: 31.375, 31.638; MAE: 19.590, 19.868; MAPE: 11.222, 11.646; Q10: 4.737, 4.768; Q50: 9.939, 10.062; Q90: 4.418, 4.614;
| 12 Horizon | RMSE: 33.371, 34.171; MAE: 21.131, 21.701; MAPE: 12.084, 12.730; Q10: 5.119, 5.223; Q50: 10.718, 10.984; Q90: 4.769, 5.076;
epoch 44 time used: 41  seconds  train loss: 17.501 val loss: 6.382181 test loss: 6.499515
Epoch 45: 
| 3  Horizon | RMSE: 30.287, 30.108; MAE: 18.892, 18.892; MAPE: 10.896, 11.173; Q10: 4.539, 4.517; Q50: 9.581, 9.565; Q90: 4.245, 4.313;
| 6  Horizon | RMSE: 31.374, 31.614; MAE: 19.594, 19.856; MAPE: 11.203, 11.643; Q10: 4.742, 4.773; Q50: 9.936, 10.050; Q90: 4.413, 4.592;
| 12 Horizon | RMSE: 33.399, 34.135; MAE: 21.135, 21.668; MAPE: 12.095, 12.744; Q10: 5.130, 5.230; Q50: 10.718, 10.964; Q90: 4.766, 5.053;
epoch 45 time used: 42  seconds  train loss: 17.486 val loss: 6.380832 test loss: 6.485141
Epoch 46: 
| 3  Horizon | RMSE: 30.244, 30.115; MAE: 18.888, 18.922; MAPE: 10.888, 11.171; Q10: 4.536, 4.519; Q50: 9.582, 9.583; Q90: 4.250, 4.334;
| 6  Horizon | RMSE: 31.361, 31.636; MAE: 19.576, 19.861; MAPE: 11.221, 11.663; Q10: 4.738, 4.776; Q50: 9.930, 10.056; Q90: 4.413, 4.605;
| 12 Horizon | RMSE: 33.342, 34.188; MAE: 21.098, 21.699; MAPE: 12.072, 12.731; Q10: 5.112, 5.228; Q50: 10.703, 10.983; Q90: 4.771, 5.086;
epoch 46 time used: 42  seconds  train loss: 17.482 val loss: 6.376641 test loss: 6.497985
Epoch 47: 
| 3  Horizon | RMSE: 30.259, 30.133; MAE: 18.887, 18.925; MAPE: 10.896, 11.189; Q10: 4.540, 4.524; Q50: 9.579, 9.582; Q90: 4.248, 4.333;
| 6  Horizon | RMSE: 31.371, 31.660; MAE: 19.582, 19.881; MAPE: 11.219, 11.678; Q10: 4.741, 4.780; Q50: 9.931, 10.063; Q90: 4.413, 4.610;
| 12 Horizon | RMSE: 33.379, 34.212; MAE: 21.115, 21.718; MAPE: 12.106, 12.802; Q10: 5.127, 5.247; Q50: 10.708, 10.989; Q90: 4.768, 5.088;
epoch 47 time used: 41  seconds  train loss: 17.481 val loss: 6.379975 test loss: 6.504661
Epoch 48: 
| 3  Horizon | RMSE: 30.240, 30.096; MAE: 18.880, 18.907; MAPE: 10.874, 11.158; Q10: 4.536, 4.516; Q50: 9.575, 9.572; Q90: 4.246, 4.328;
| 6  Horizon | RMSE: 31.350, 31.614; MAE: 19.571, 19.853; MAPE: 11.212, 11.667; Q10: 4.737, 4.771; Q50: 9.923, 10.047; Q90: 4.406, 4.592;
| 12 Horizon | RMSE: 33.347, 34.146; MAE: 21.094, 21.681; MAPE: 12.115, 12.820; Q10: 5.131, 5.247; Q50: 10.694, 10.967; Q90: 4.755, 5.052;
epoch 48 time used: 41  seconds  train loss: 17.476 val loss: 6.374503 test loss: 6.489848
Epoch 49: 
| 3  Horizon | RMSE: 30.294, 30.131; MAE: 18.894, 18.907; MAPE: 10.916, 11.201; Q10: 4.546, 4.525; Q50: 9.584, 9.575; Q90: 4.245, 4.321;
| 6  Horizon | RMSE: 31.375, 31.648; MAE: 19.578, 19.872; MAPE: 11.231, 11.686; Q10: 4.742, 4.779; Q50: 9.931, 10.061; Q90: 4.407, 4.594;
| 12 Horizon | RMSE: 33.321, 34.206; MAE: 21.077, 21.745; MAPE: 12.104, 12.875; Q10: 5.122, 5.250; Q50: 10.686, 11.002; Q90: 4.750, 5.079;
epoch 49 time used: 42  seconds  train loss: 17.474 val loss: 6.376266 test loss: 6.50046
Epoch 50: 
| 3  Horizon | RMSE: 30.232, 30.119; MAE: 18.894, 18.935; MAPE: 10.878, 11.171; Q10: 4.537, 4.520; Q50: 9.583, 9.588; Q90: 4.251, 4.336;
| 6  Horizon | RMSE: 31.350, 31.653; MAE: 19.595, 19.893; MAPE: 11.227, 11.682; Q10: 4.740, 4.780; Q50: 9.937, 10.069; Q90: 4.411, 4.601;
| 12 Horizon | RMSE: 33.332, 34.208; MAE: 21.121, 21.733; MAPE: 12.096, 12.768; Q10: 5.125, 5.244; Q50: 10.714, 10.999; Q90: 4.773, 5.092;
epoch 50 time used: 41  seconds  train loss: 17.465 val loss: 6.380897 test loss: 6.50443
Epoch 51: 
| 3  Horizon | RMSE: 30.249, 30.127; MAE: 18.896, 18.930; MAPE: 10.900, 11.189; Q10: 4.541, 4.526; Q50: 9.584, 9.585; Q90: 4.247, 4.327;
| 6  Horizon | RMSE: 31.346, 31.665; MAE: 19.604, 19.913; MAPE: 11.211, 11.667; Q10: 4.740, 4.780; Q50: 9.943, 10.081; Q90: 4.416, 4.611;
| 12 Horizon | RMSE: 33.358, 34.209; MAE: 21.156, 21.751; MAPE: 12.110, 12.780; Q10: 5.132, 5.245; Q50: 10.730, 11.008; Q90: 4.781, 5.095;
epoch 51 time used: 42  seconds  train loss: 17.463 val loss: 6.384255 test loss: 6.507625
Epoch 52: 
| 3  Horizon | RMSE: 30.237, 30.134; MAE: 18.878, 18.932; MAPE: 10.866, 11.168; Q10: 4.535, 4.522; Q50: 9.574, 9.586; Q90: 4.247, 4.335;
| 6  Horizon | RMSE: 31.340, 31.665; MAE: 19.565, 19.891; MAPE: 11.205, 11.680; Q10: 4.731, 4.777; Q50: 9.921, 10.067; Q90: 4.408, 4.608;
| 12 Horizon | RMSE: 33.317, 34.204; MAE: 21.064, 21.702; MAPE: 12.069, 12.780; Q10: 5.113, 5.241; Q50: 10.682, 10.981; Q90: 4.754, 5.074;
epoch 52 time used: 41  seconds  train loss: 17.46 val loss: 6.370991 test loss: 6.502996
Epoch 53: 
| 3  Horizon | RMSE: 30.241, 30.118; MAE: 18.891, 18.934; MAPE: 10.888, 11.197; Q10: 4.538, 4.523; Q50: 9.578, 9.584; Q90: 4.248, 4.330;
| 6  Horizon | RMSE: 31.349, 31.638; MAE: 19.579, 19.878; MAPE: 11.214, 11.684; Q10: 4.739, 4.779; Q50: 9.928, 10.060; Q90: 4.410, 4.602;
| 12 Horizon | RMSE: 33.331, 34.166; MAE: 21.095, 21.701; MAPE: 12.121, 12.840; Q10: 5.125, 5.244; Q50: 10.695, 10.978; Q90: 4.757, 5.065;
epoch 53 time used: 42  seconds  train loss: 17.459 val loss: 6.375607 test loss: 6.499678
Epoch 54: 
| 3  Horizon | RMSE: 30.256, 30.126; MAE: 18.881, 18.907; MAPE: 10.878, 11.161; Q10: 4.537, 4.523; Q50: 9.578, 9.575; Q90: 4.245, 4.323;
| 6  Horizon | RMSE: 31.374, 31.653; MAE: 19.581, 19.857; MAPE: 11.221, 11.664; Q10: 4.740, 4.781; Q50: 9.932, 10.053; Q90: 4.406, 4.587;
| 12 Horizon | RMSE: 33.352, 34.202; MAE: 21.111, 21.705; MAPE: 12.086, 12.752; Q10: 5.123, 5.244; Q50: 10.709, 10.986; Q90: 4.769, 5.079;
epoch 54 time used: 42  seconds  train loss: 17.458 val loss: 6.377405 test loss: 6.496777
Epoch 55: 
| 3  Horizon | RMSE: 30.245, 30.128; MAE: 18.883, 18.921; MAPE: 10.883, 11.182; Q10: 4.540, 4.525; Q50: 9.577, 9.580; Q90: 4.247, 4.329;
| 6  Horizon | RMSE: 31.360, 31.665; MAE: 19.587, 19.888; MAPE: 11.237, 11.711; Q10: 4.747, 4.791; Q50: 9.931, 10.064; Q90: 4.407, 4.597;
| 12 Horizon | RMSE: 33.335, 34.223; MAE: 21.106, 21.726; MAPE: 12.087, 12.788; Q10: 5.126, 5.251; Q50: 10.704, 10.994; Q90: 4.763, 5.081;
epoch 55 time used: 42  seconds  train loss: 17.449 val loss: 6.377833 test loss: 6.503964
Epoch 56: 
| 3  Horizon | RMSE: 30.240, 30.108; MAE: 18.874, 18.906; MAPE: 10.881, 11.173; Q10: 4.534, 4.517; Q50: 9.572, 9.572; Q90: 4.245, 4.327;
| 6  Horizon | RMSE: 31.334, 31.643; MAE: 19.569, 19.876; MAPE: 11.195, 11.660; Q10: 4.734, 4.775; Q50: 9.924, 10.061; Q90: 4.412, 4.609;
| 12 Horizon | RMSE: 33.323, 34.177; MAE: 21.081, 21.695; MAPE: 12.066, 12.774; Q10: 5.122, 5.243; Q50: 10.690, 10.978; Q90: 4.761, 5.076;
epoch 56 time used: 42  seconds  train loss: 17.449 val loss: 6.373512 test loss: 6.498357
Epoch 57: 
| 3  Horizon | RMSE: 30.236, 30.104; MAE: 18.875, 18.907; MAPE: 10.862, 11.152; Q10: 4.534, 4.517; Q50: 9.574, 9.574; Q90: 4.243, 4.323;
| 6  Horizon | RMSE: 31.348, 31.632; MAE: 19.564, 19.858; MAPE: 11.203, 11.669; Q10: 4.735, 4.775; Q50: 9.922, 10.051; Q90: 4.404, 4.593;
| 12 Horizon | RMSE: 33.298, 34.206; MAE: 21.086, 21.732; MAPE: 12.022, 12.718; Q10: 5.104, 5.223; Q50: 10.697, 11.000; Q90: 4.773, 5.112;
epoch 57 time used: 42  seconds  train loss: 17.448 val loss: 6.372158 test loss: 6.498977
Epoch 58: 
| 3  Horizon | RMSE: 30.244, 30.115; MAE: 18.882, 18.916; MAPE: 10.877, 11.168; Q10: 4.537, 4.520; Q50: 9.577, 9.578; Q90: 4.244, 4.325;
| 6  Horizon | RMSE: 31.353, 31.631; MAE: 19.579, 19.867; MAPE: 11.206, 11.656; Q10: 4.740, 4.776; Q50: 9.930, 10.057; Q90: 4.407, 4.593;
| 12 Horizon | RMSE: 33.347, 34.155; MAE: 21.118, 21.693; MAPE: 12.066, 12.726; Q10: 5.122, 5.229; Q50: 10.711, 10.978; Q90: 4.773, 5.081;
epoch 58 time used: 42  seconds  train loss: 17.445 val loss: 6.377977 test loss: 6.495895
Epoch 59: 
| 3  Horizon | RMSE: 30.235, 30.110; MAE: 18.871, 18.909; MAPE: 10.863, 11.159; Q10: 4.535, 4.519; Q50: 9.571, 9.574; Q90: 4.242, 4.324;
| 6  Horizon | RMSE: 31.350, 31.637; MAE: 19.563, 19.857; MAPE: 11.196, 11.659; Q10: 4.738, 4.777; Q50: 9.921, 10.051; Q90: 4.405, 4.598;
| 12 Horizon | RMSE: 33.337, 34.172; MAE: 21.082, 21.688; MAPE: 12.071, 12.782; Q10: 5.123, 5.240; Q50: 10.691, 10.974; Q90: 4.757, 5.072;
epoch 59 time used: 41  seconds  train loss: 17.444 val loss: 6.37227 test loss: 6.495096
Epoch 60: 
| 3  Horizon | RMSE: 30.244, 30.109; MAE: 18.874, 18.903; MAPE: 10.871, 11.158; Q10: 4.535, 4.518; Q50: 9.574, 9.572; Q90: 4.244, 4.325;
| 6  Horizon | RMSE: 31.349, 31.636; MAE: 19.573, 19.866; MAPE: 11.200, 11.658; Q10: 4.739, 4.778; Q50: 9.926, 10.055; Q90: 4.410, 4.604;
| 12 Horizon | RMSE: 33.333, 34.171; MAE: 21.102, 21.702; MAPE: 12.081, 12.777; Q10: 5.122, 5.239; Q50: 10.700, 10.980; Q90: 4.766, 5.078;
epoch 60 time used: 42  seconds  train loss: 17.439 val loss: 6.374519 test loss: 6.496054
Epoch 61: 
| 3  Horizon | RMSE: 30.235, 30.106; MAE: 18.886, 18.914; MAPE: 10.879, 11.170; Q10: 4.538, 4.520; Q50: 9.580, 9.578; Q90: 4.248, 4.329;
| 6  Horizon | RMSE: 31.348, 31.619; MAE: 19.581, 19.854; MAPE: 11.226, 11.683; Q10: 4.742, 4.778; Q50: 9.931, 10.050; Q90: 4.409, 4.596;
| 12 Horizon | RMSE: 33.322, 34.147; MAE: 21.103, 21.691; MAPE: 12.096, 12.803; Q10: 5.132, 5.248; Q50: 10.703, 10.976; Q90: 4.759, 5.066;
epoch 61 time used: 42  seconds  train loss: 17.438 val loss: 6.378498 test loss: 6.496304
Epoch 62: 
| 3  Horizon | RMSE: 30.238, 30.106; MAE: 18.865, 18.898; MAPE: 10.861, 11.155; Q10: 4.533, 4.517; Q50: 9.568, 9.569; Q90: 4.240, 4.319;
| 6  Horizon | RMSE: 31.338, 31.642; MAE: 19.559, 19.865; MAPE: 11.181, 11.640; Q10: 4.732, 4.774; Q50: 9.920, 10.055; Q90: 4.408, 4.604;
| 12 Horizon | RMSE: 33.318, 34.182; MAE: 21.077, 21.694; MAPE: 12.041, 12.728; Q10: 5.109, 5.228; Q50: 10.690, 10.979; Q90: 4.766, 5.088;
epoch 62 time used: 42  seconds  train loss: 17.438 val loss: 6.369272 test loss: 6.494075
Epoch 63: 
| 3  Horizon | RMSE: 30.234, 30.113; MAE: 18.879, 18.920; MAPE: 10.882, 11.186; Q10: 4.535, 4.521; Q50: 9.573, 9.578; Q90: 4.244, 4.326;
| 6  Horizon | RMSE: 31.331, 31.648; MAE: 19.576, 19.883; MAPE: 11.192, 11.652; Q10: 4.733, 4.773; Q50: 9.929, 10.065; Q90: 4.409, 4.602;
| 12 Horizon | RMSE: 33.319, 34.174; MAE: 21.097, 21.697; MAPE: 12.068, 12.751; Q10: 5.116, 5.230; Q50: 10.700, 10.979; Q90: 4.765, 5.078;
epoch 63 time used: 42  seconds  train loss: 17.437 val loss: 6.374126 test loss: 6.497485
Epoch 64: 
| 3  Horizon | RMSE: 30.233, 30.105; MAE: 18.882, 18.913; MAPE: 10.878, 11.164; Q10: 4.537, 4.521; Q50: 9.578, 9.578; Q90: 4.244, 4.325;
| 6  Horizon | RMSE: 31.339, 31.627; MAE: 19.576, 19.864; MAPE: 11.207, 11.651; Q10: 4.740, 4.778; Q50: 9.930, 10.057; Q90: 4.408, 4.598;
| 12 Horizon | RMSE: 33.322, 34.160; MAE: 21.106, 21.694; MAPE: 12.067, 12.726; Q10: 5.121, 5.232; Q50: 10.707, 10.980; Q90: 4.769, 5.085;
epoch 64 time used: 41  seconds  train loss: 17.436 val loss: 6.377193 test loss: 6.497387
Epoch 65: 
| 3  Horizon | RMSE: 30.241, 30.123; MAE: 18.878, 18.915; MAPE: 10.871, 11.155; Q10: 4.536, 4.521; Q50: 9.577, 9.579; Q90: 4.246, 4.329;
| 6  Horizon | RMSE: 31.360, 31.654; MAE: 19.574, 19.865; MAPE: 11.210, 11.662; Q10: 4.739, 4.781; Q50: 9.927, 10.055; Q90: 4.408, 4.598;
| 12 Horizon | RMSE: 33.355, 34.201; MAE: 21.107, 21.702; MAPE: 12.071, 12.741; Q10: 5.124, 5.241; Q50: 10.706, 10.983; Q90: 4.771, 5.086;
epoch 65 time used: 42  seconds  train loss: 17.432 val loss: 6.376371 test loss: 6.498859
Epoch 66: 
| 3  Horizon | RMSE: 30.241, 30.104; MAE: 18.870, 18.894; MAPE: 10.875, 11.156; Q10: 4.536, 4.519; Q50: 9.573, 9.569; Q90: 4.242, 4.320;
| 6  Horizon | RMSE: 31.345, 31.624; MAE: 19.562, 19.846; MAPE: 11.201, 11.650; Q10: 4.737, 4.775; Q50: 9.922, 10.047; Q90: 4.406, 4.595;
| 12 Horizon | RMSE: 33.317, 34.162; MAE: 21.083, 21.681; MAPE: 12.057, 12.736; Q10: 5.122, 5.239; Q50: 10.694, 10.973; Q90: 4.760, 5.074;
epoch 66 time used: 42  seconds  train loss: 17.432 val loss: 6.372441 test loss: 6.492664
Epoch 67: 
| 3  Horizon | RMSE: 30.235, 30.120; MAE: 18.870, 18.911; MAPE: 10.877, 11.173; Q10: 4.535, 4.522; Q50: 9.572, 9.576; Q90: 4.243, 4.325;
| 6  Horizon | RMSE: 31.349, 31.650; MAE: 19.567, 19.869; MAPE: 11.226, 11.697; Q10: 4.742, 4.786; Q50: 9.923, 10.056; Q90: 4.405, 4.598;
| 12 Horizon | RMSE: 33.313, 34.189; MAE: 21.085, 21.714; MAPE: 12.085, 12.810; Q10: 5.125, 5.250; Q50: 10.692, 10.986; Q90: 4.756, 5.075;
epoch 67 time used: 41  seconds  train loss: 17.431 val loss: 6.372539 test loss: 6.499192
Epoch 68: 
| 3  Horizon | RMSE: 30.244, 30.110; MAE: 18.878, 18.904; MAPE: 10.881, 11.164; Q10: 4.536, 4.520; Q50: 9.576, 9.573; Q90: 4.244, 4.323;
| 6  Horizon | RMSE: 31.346, 31.638; MAE: 19.579, 19.867; MAPE: 11.209, 11.654; Q10: 4.739, 4.777; Q50: 9.931, 10.058; Q90: 4.411, 4.603;
| 12 Horizon | RMSE: 33.337, 34.183; MAE: 21.118, 21.707; MAPE: 12.077, 12.724; Q10: 5.120, 5.232; Q50: 10.714, 10.988; Q90: 4.776, 5.094;
epoch 68 time used: 42  seconds  train loss: 17.43 val loss: 6.377866 test loss: 6.498033
Epoch 69: 
| 3  Horizon | RMSE: 30.239, 30.125; MAE: 18.873, 18.918; MAPE: 10.877, 11.176; Q10: 4.535, 4.523; Q50: 9.573, 9.579; Q90: 4.244, 4.327;
| 6  Horizon | RMSE: 31.337, 31.661; MAE: 19.564, 19.885; MAPE: 11.201, 11.674; Q10: 4.733, 4.779; Q50: 9.923, 10.066; Q90: 4.409, 4.608;
| 12 Horizon | RMSE: 33.320, 34.208; MAE: 21.082, 21.728; MAPE: 12.107, 12.849; Q10: 5.121, 5.251; Q50: 10.689, 10.992; Q90: 4.754, 5.078;
epoch 69 time used: 42  seconds  train loss: 17.429 val loss: 6.372617 test loss: 6.503786
Epoch 70: 
| 3  Horizon | RMSE: 30.241, 30.114; MAE: 18.868, 18.902; MAPE: 10.872, 11.165; Q10: 4.535, 4.520; Q50: 9.570, 9.571; Q90: 4.241, 4.321;
| 6  Horizon | RMSE: 31.340, 31.640; MAE: 19.561, 19.863; MAPE: 11.196, 11.655; Q10: 4.735, 4.778; Q50: 9.921, 10.055; Q90: 4.406, 4.599;
| 12 Horizon | RMSE: 33.318, 34.174; MAE: 21.083, 21.703; MAPE: 12.076, 12.789; Q10: 5.117, 5.238; Q50: 10.691, 10.981; Q90: 4.759, 5.079;
epoch 70 time used: 42  seconds  train loss: 17.427 val loss: 6.371051 test loss: 6.495817
Epoch 71: 
| 3  Horizon | RMSE: 30.230, 30.115; MAE: 18.875, 18.915; MAPE: 10.862, 11.154; Q10: 4.534, 4.520; Q50: 9.574, 9.578; Q90: 4.244, 4.327;
| 6  Horizon | RMSE: 31.337, 31.632; MAE: 19.566, 19.860; MAPE: 11.201, 11.662; Q10: 4.735, 4.777; Q50: 9.923, 10.053; Q90: 4.408, 4.600;
| 12 Horizon | RMSE: 33.305, 34.160; MAE: 21.083, 21.691; MAPE: 12.060, 12.755; Q10: 5.114, 5.234; Q50: 10.693, 10.976; Q90: 4.763, 5.080;
epoch 71 time used: 42  seconds  train loss: 17.428 val loss: 6.372033 test loss: 6.496429
Epoch 72: 
| 3  Horizon | RMSE: 30.235, 30.108; MAE: 18.866, 18.898; MAPE: 10.875, 11.168; Q10: 4.535, 4.520; Q50: 9.569, 9.569; Q90: 4.241, 4.320;
| 6  Horizon | RMSE: 31.328, 31.634; MAE: 19.560, 19.863; MAPE: 11.193, 11.657; Q10: 4.734, 4.777; Q50: 9.920, 10.054; Q90: 4.406, 4.600;
| 12 Horizon | RMSE: 33.302, 34.168; MAE: 21.074, 21.689; MAPE: 12.042, 12.730; Q10: 5.110, 5.229; Q50: 10.689, 10.976; Q90: 4.764, 5.085;
Early stopping at epoch: 72
Model  stgcn17  Best Results:
Epoch 62: 
=        =        Horizon  3        =        =        =        =        Horizon  6        =        =        =        =        Horizon  12       =        =       
RMSE     MAE      MAPE     Q10      Q50      Q90      RMSE     MAE      MAPE     Q10      Q50      Q90      RMSE     MAE      MAPE     Q10      Q50      Q90     
30.106   18.898   11.155   4.517    9.569    4.319    31.642   19.865   11.640   4.774    10.055   4.604    34.182   21.694   12.728   5.228    10.979   5.088   
Model Training Ended ... Sun Oct 15 18:26:49 2023
